[G][05-31 09:10:32][gfbjk3] timer launch .....
[G][05-31 09:20:32][gfbjk3] timer launch .....
[G][05-31 09:30:25][gfbjk3] init session[25760ms]
[G][05-31 09:31:12][gfbjk3] timer launch .....
[G][05-31 09:40:32][gfbjk3] timer launch .....
[G][05-31 09:50:32][gfbjk3] timer launch .....
[G][05-31 10:00:05][gfbjk3] init session[5009ms]
[G][05-31 10:00:32][gfbjk3] timer launch .....
[G][05-31 10:10:32][gfbjk3] timer launch .....
[G][05-31 10:20:32][gfbjk3] timer launch .....
[G][05-31 14:00:01][gfbjk3] init session[974ms]
[G][05-31 14:00:32][gfbjk3] timer launch .....
[G][05-31 16:00:32][gfbjk3] timer launch .....
[G][05-31 16:00:44][gfbjk3] fetching ..... [110833],openTime=2018-05-31 16:00:00[1/80]
[G][05-31 16:00:44][gfbjk3] RESULTS  _____ [110833]=>1,5,6
[G][05-31 16:00:48][gfbjk3] update trade detail status...110814
[G][05-31 16:00:50][gfbjk3] update trade detail status...110815
[G][05-31 16:00:51][gfbjk3] update trade detail status...110816
[G][05-31 16:00:52][gfbjk3] update trade detail status...110817
[G][05-31 16:00:54][gfbjk3] update trade detail status...110818
[G][05-31 16:00:55][gfbjk3] update trade detail status...110819
[G][05-31 16:00:57][gfbjk3] update trade detail status...110820
[G][05-31 16:01:02][gfbjk3] update trade detail status...110821
[G][05-31 16:01:03][gfbjk3] update trade detail status...110822
[G][05-31 16:01:05][gfbjk3] update trade detail status...110823
[G][05-31 16:01:06][gfbjk3] update trade detail status...110824
[G][05-31 16:01:08][gfbjk3] update trade detail status...110825
[G][05-31 16:01:10][gfbjk3] update trade detail status...110826
[G][05-31 16:01:12][gfbjk3] update trade detail status...110827
[G][05-31 16:01:14][gfbjk3] update trade detail status...110828
[G][05-31 16:01:15][gfbjk3] update trade detail status...110829
[G][05-31 16:01:17][gfbjk3] update trade detail status...110830
[G][05-31 16:01:19][gfbjk3] update trade detail status...110831
[G][05-31 16:01:21][gfbjk3] update trade detail status...110832
[G][05-31 16:01:23][gfbjk3] update trade detail status...110833
[G][05-31 16:01:26][gfbjk3] SUCCESS  _^_^_ [110833][41599ms]
[G][05-31 16:11:15][gfbjk3] timer launch .....
[G][05-31 16:11:28][gfbjk3] fetching ..... [110834],openTime=2018-05-31 16:10:00[1/80]
[G][05-31 16:11:28][gfbjk3] RESULTS  _____ [110834]=>1,6,6
[G][05-31 16:11:32][gfbjk3] update trade detail status...110815
[G][05-31 16:11:34][gfbjk3] update trade detail status...110816
[G][05-31 16:11:43][gfbjk3] update trade detail status...110817
[G][05-31 16:11:45][gfbjk3] update trade detail status...110818
[G][05-31 16:11:48][gfbjk3] update trade detail status...110819
[G][05-31 16:11:51][gfbjk3] update trade detail status...110820
[G][05-31 16:11:53][gfbjk3] update trade detail status...110821
[G][05-31 16:11:57][gfbjk3] update trade detail status...110822
[G][05-31 16:11:58][gfbjk3] update trade detail status...110823
[G][05-31 16:12:00][gfbjk3] update trade detail status...110824
[G][05-31 16:12:02][gfbjk3] update trade detail status...110825
[G][05-31 16:12:04][gfbjk3] update trade detail status...110826
[G][05-31 16:12:06][gfbjk3] update trade detail status...110827
[G][05-31 16:12:08][gfbjk3] update trade detail status...110828
[G][05-31 16:12:12][gfbjk3] update trade detail status...110829
[G][05-31 16:12:16][gfbjk3] update trade detail status...110830
[G][05-31 16:12:21][gfbjk3] update trade detail status...110831
[G][05-31 16:12:23][gfbjk3] update trade detail status...110832
[G][05-31 16:12:25][gfbjk3] update trade detail status...110833
[G][05-31 16:12:26][gfbjk3] update trade detail status...110834
[G][05-31 16:12:28][gfbjk3] SUCCESS  _^_^_ [110834][59706ms]
[G][05-31 16:20:32][gfbjk3] timer launch .....
[G][05-31 16:20:37][gfbjk3] fetching ..... [110835],openTime=2018-05-31 16:20:00[1/80]
[G][05-31 16:20:37][gfbjk3] RESULTS  _____ [110835]=>3,5,5
[G][05-31 16:20:39][gfbjk3] update trade detail status...110816
[G][05-31 16:20:41][gfbjk3] update trade detail status...110817
[G][05-31 16:20:42][gfbjk3] update trade detail status...110818
[G][05-31 16:20:46][gfbjk3] update trade detail status...110819
[G][05-31 16:20:48][gfbjk3] update trade detail status...110820
[G][05-31 16:20:50][gfbjk3] update trade detail status...110821
[G][05-31 16:20:52][gfbjk3] update trade detail status...110822
[G][05-31 16:20:53][gfbjk3] update trade detail status...110823
[G][05-31 16:20:54][gfbjk3] update trade detail status...110824
[G][05-31 16:20:56][gfbjk3] update trade detail status...110825
[G][05-31 16:20:58][gfbjk3] update trade detail status...110826
[G][05-31 16:21:00][gfbjk3] update trade detail status...110827
[G][05-31 16:21:02][gfbjk3] update trade detail status...110828
[G][05-31 16:21:05][gfbjk3] update trade detail status...110829
[G][05-31 16:21:07][gfbjk3] update trade detail status...110830
[G][05-31 16:21:08][gfbjk3] update trade detail status...110831
[G][05-31 16:21:09][gfbjk3] update trade detail status...110832
[G][05-31 16:21:11][gfbjk3] update trade detail status...110833
[G][05-31 16:21:12][gfbjk3] update trade detail status...110834
[G][05-31 16:21:13][gfbjk3] update trade detail status...110835
[G][05-31 16:21:15][gfbjk3] SUCCESS  _^_^_ [110835][38670ms]
[G][05-31 16:30:24][gfbjk3] init session[23970ms]
[G][05-31 16:30:32][gfbjk3] timer launch .....
[G][05-31 16:30:43][gfbjk3] fetching ..... [110836],openTime=2018-05-31 16:30:00[1/80]
[G][05-31 16:30:43][gfbjk3] RESULTS  _____ [110836]=>1,4,5
[G][05-31 16:30:54][gfbjk3] update trade detail status...110817
[G][05-31 16:31:03][gfbjk3] update trade detail status...110818
[G][05-31 16:31:07][gfbjk3] update trade detail status...110819
[G][05-31 16:31:13][gfbjk3] update trade detail status...110820
[G][05-31 16:31:23][gfbjk3] update trade detail status...110821
[G][05-31 16:31:28][gfbjk3] update trade detail status...110822
[G][05-31 16:31:32][gfbjk3] update trade detail status...110823
[G][05-31 16:40:32][gfbjk3] timer launch .....
[G][05-31 16:40:33][gfbjk3] fetching ..... [110837],openTime=2018-05-31 16:40:00[1/80]
[G][05-31 16:40:34][gfbjk3] RESULTS  _____ [110837]=>1,1,3
[G][05-31 16:40:39][gfbjk3] update trade detail status...110818
[G][05-31 16:40:41][gfbjk3] update trade detail status...110819
[G][05-31 16:40:43][gfbjk3] update trade detail status...110820
[G][05-31 16:40:44][gfbjk3] update trade detail status...110821
[G][05-31 16:40:46][gfbjk3] update trade detail status...110822
[G][05-31 16:40:47][gfbjk3] update trade detail status...110823
[G][05-31 16:40:50][gfbjk3] update trade detail status...110824
[G][05-31 16:40:52][gfbjk3] update trade detail status...110825
[G][05-31 16:40:54][gfbjk3] update trade detail status...110826
[G][05-31 16:40:55][gfbjk3] update trade detail status...110827
[G][05-31 16:40:56][gfbjk3] update trade detail status...110828
[G][05-31 16:40:58][gfbjk3] update trade detail status...110829
[G][05-31 16:40:59][gfbjk3] update trade detail status...110830
[G][05-31 16:41:02][gfbjk3] update trade detail status...110831
[G][05-31 16:41:05][gfbjk3] update trade detail status...110832
[G][05-31 16:41:07][gfbjk3] update trade detail status...110833
[G][05-31 16:41:08][gfbjk3] update trade detail status...110834
[G][05-31 16:41:10][gfbjk3] update trade detail status...110835
[G][05-31 16:41:11][gfbjk3] update trade detail status...110836
[G][05-31 16:41:13][gfbjk3] update trade detail status...110837
[G][05-31 16:41:15][gfbjk3] SUCCESS  _^_^_ [110837][41558ms]
[G][05-31 16:50:32][gfbjk3] timer launch .....
[G][05-31 16:50:33][gfbjk3] fetching ..... [110838],openTime=2018-05-31 16:50:00[1/80]
[G][05-31 16:50:33][gfbjk3] RESULTS  _____ [110838]=>1,3,4
[G][05-31 16:50:36][gfbjk3] update trade detail status...110819
[G][05-31 16:50:39][gfbjk3] update trade detail status...110820
[G][05-31 16:50:42][gfbjk3] update trade detail status...110821
[G][05-31 16:50:43][gfbjk3] update trade detail status...110822
[G][05-31 16:50:45][gfbjk3] update trade detail status...110823
[G][05-31 16:50:46][gfbjk3] update trade detail status...110824
[G][05-31 16:50:48][gfbjk3] update trade detail status...110825
[G][05-31 16:50:51][gfbjk3] update trade detail status...110826
[G][05-31 16:50:52][gfbjk3] update trade detail status...110827
[G][05-31 16:50:54][gfbjk3] update trade detail status...110828
[G][05-31 16:50:55][gfbjk3] update trade detail status...110829
[G][05-31 16:50:57][gfbjk3] update trade detail status...110830
[G][05-31 16:50:58][gfbjk3] update trade detail status...110831
[G][05-31 16:50:59][gfbjk3] update trade detail status...110832
[G][05-31 16:51:02][gfbjk3] update trade detail status...110833
[G][05-31 16:51:05][gfbjk3] update trade detail status...110834
[G][05-31 16:51:06][gfbjk3] update trade detail status...110835
[G][05-31 16:51:09][gfbjk3] update trade detail status...110836
[G][05-31 16:51:11][gfbjk3] update trade detail status...110837
[G][05-31 16:51:13][gfbjk3] update trade detail status...110838
[G][05-31 16:51:15][gfbjk3] SUCCESS  _^_^_ [110838][42341ms]
[G][05-31 17:00:02][gfbjk3] init session[2085ms]
[G][05-31 17:00:32][gfbjk3] timer launch .....
[G][05-31 17:00:34][gfbjk3] fetching ..... [110839],openTime=2018-05-31 17:00:00[1/80]
[G][05-31 17:00:34][gfbjk3] RESULTS  _____ [110839]=>2,3,6
[G][05-31 17:00:39][gfbjk3] update trade detail status...110820
[G][05-31 17:00:40][gfbjk3] update trade detail status...110821
[G][05-31 17:00:43][gfbjk3] update trade detail status...110822
[G][05-31 17:00:45][gfbjk3] update trade detail status...110823
[G][05-31 17:00:47][gfbjk3] update trade detail status...110824
[G][05-31 17:00:48][gfbjk3] update trade detail status...110825
[G][05-31 17:00:50][gfbjk3] update trade detail status...110826
[G][05-31 17:00:52][gfbjk3] update trade detail status...110827
[G][05-31 17:00:54][gfbjk3] update trade detail status...110828
[G][05-31 17:00:55][gfbjk3] update trade detail status...110829
[G][05-31 17:00:57][gfbjk3] update trade detail status...110830
[G][05-31 17:00:58][gfbjk3] update trade detail status...110831
[G][05-31 17:00:59][gfbjk3] update trade detail status...110832
[G][05-31 17:01:02][gfbjk3] update trade detail status...110833
[G][05-31 17:01:03][gfbjk3] update trade detail status...110834
[G][05-31 17:01:05][gfbjk3] update trade detail status...110835
[G][05-31 17:01:06][gfbjk3] update trade detail status...110836
[G][05-31 17:01:08][gfbjk3] update trade detail status...110837
[G][05-31 17:01:09][gfbjk3] update trade detail status...110838
[G][05-31 17:01:11][gfbjk3] update trade detail status...110839
[G][05-31 17:01:13][gfbjk3] SUCCESS  _^_^_ [110839][38966ms]
[G][05-31 18:30:02][gfbjk3] init session[2728ms]
[G][05-31 18:30:32][gfbjk3] timer launch .....
[G][05-31 18:30:33][gfbjk3] fetching ..... [110848],openTime=2018-05-31 18:30:00[1/80]
[G][05-31 18:30:33][gfbjk3] RESULTS  _____ [110848]=>1,1,3
[G][05-31 18:30:36][gfbjk3] update trade detail status...110829
[G][05-31 18:30:37][gfbjk3] update trade detail status...110830
[G][05-31 18:30:38][gfbjk3] update trade detail status...110831
[G][05-31 18:30:39][gfbjk3] update trade detail status...110832
[G][05-31 18:30:41][gfbjk3] update trade detail status...110833
[G][05-31 18:30:42][gfbjk3] update trade detail status...110834
[G][05-31 18:30:43][gfbjk3] update trade detail status...110835
[G][05-31 18:30:44][gfbjk3] update trade detail status...110836
[G][05-31 18:30:45][gfbjk3] update trade detail status...110837
[G][05-31 18:30:46][gfbjk3] update trade detail status...110838
[G][05-31 18:30:48][gfbjk3] update trade detail status...110839
[G][05-31 18:30:49][gfbjk3] update trade detail status...110840
[G][05-31 18:30:50][gfbjk3] update trade detail status...110841
[G][05-31 18:30:51][gfbjk3] update trade detail status...110842
[G][05-31 18:30:53][gfbjk3] update trade detail status...110843
[G][05-31 18:30:54][gfbjk3] update trade detail status...110844
[G][05-31 18:30:56][gfbjk3] update trade detail status...110845
[G][05-31 18:30:57][gfbjk3] update trade detail status...110846
[G][05-31 18:30:58][gfbjk3] update trade detail status...110847
[G][05-31 18:31:01][gfbjk3] update trade detail status...110848
[G][05-31 18:31:02][gfbjk3] SUCCESS  _^_^_ [110848][28841ms]
[G][05-31 18:40:32][gfbjk3] timer launch .....
[G][05-31 18:40:58][gfbjk3] fetching ..... [110849],openTime=2018-05-31 18:40:00[1/80]
[G][05-31 18:40:58][gfbjk3] RESULTS  _____ [110849]=>4,4,5
[G][05-31 18:41:01][gfbjk3] update trade detail status...110830
[G][05-31 18:41:02][gfbjk3] update trade detail status...110831
[G][05-31 18:41:03][gfbjk3] update trade detail status...110832
[G][05-31 18:41:05][gfbjk3] update trade detail status...110833
[G][05-31 18:41:06][gfbjk3] update trade detail status...110834
[G][05-31 18:41:07][gfbjk3] update trade detail status...110835
[G][05-31 18:41:08][gfbjk3] update trade detail status...110836
[G][05-31 18:41:09][gfbjk3] update trade detail status...110837
[G][05-31 18:41:10][gfbjk3] update trade detail status...110838
[G][05-31 18:41:12][gfbjk3] update trade detail status...110839
[G][05-31 18:41:13][gfbjk3] update trade detail status...110840
[G][05-31 18:41:15][gfbjk3] update trade detail status...110841
[G][05-31 18:41:16][gfbjk3] update trade detail status...110842
[G][05-31 18:41:17][gfbjk3] update trade detail status...110843
[G][05-31 18:41:18][gfbjk3] update trade detail status...110844
[G][05-31 18:41:20][gfbjk3] update trade detail status...110845
[G][05-31 18:41:21][gfbjk3] update trade detail status...110846
[G][05-31 18:41:22][gfbjk3] update trade detail status...110847
[G][05-31 18:41:24][gfbjk3] update trade detail status...110848
[G][05-31 18:41:25][gfbjk3] update trade detail status...110849
[G][05-31 18:41:26][gfbjk3] SUCCESS  _^_^_ [110849][27849ms]
[G][05-31 18:50:32][gfbjk3] timer launch .....
[G][05-31 18:50:32][gfbjk3] fetching ..... [110850],openTime=2018-05-31 18:50:00[1/80]
[G][05-31 18:50:32][gfbjk3] RESULTS  _____ [110850]=>2,3,6
[G][05-31 18:50:36][gfbjk3] update trade detail status...110831
[G][05-31 18:50:37][gfbjk3] update trade detail status...110832
[G][05-31 18:50:38][gfbjk3] update trade detail status...110833
[G][05-31 18:50:40][gfbjk3] update trade detail status...110834
[G][05-31 18:50:41][gfbjk3] update trade detail status...110835
[G][05-31 18:50:42][gfbjk3] update trade detail status...110836
[G][05-31 18:50:43][gfbjk3] update trade detail status...110837
[G][05-31 18:50:45][gfbjk3] update trade detail status...110838
[G][05-31 18:50:46][gfbjk3] update trade detail status...110839
[G][05-31 18:50:47][gfbjk3] update trade detail status...110840
[G][05-31 18:50:48][gfbjk3] update trade detail status...110841
[G][05-31 18:50:50][gfbjk3] update trade detail status...110842
[G][05-31 18:50:51][gfbjk3] update trade detail status...110843
[G][05-31 18:50:53][gfbjk3] update trade detail status...110844
[G][05-31 18:50:54][gfbjk3] update trade detail status...110845
[G][05-31 18:50:56][gfbjk3] update trade detail status...110846
[G][05-31 18:50:57][gfbjk3] update trade detail status...110847
[G][05-31 18:50:59][gfbjk3] update trade detail status...110848
[G][05-31 18:51:01][gfbjk3] update trade detail status...110849
[G][05-31 18:51:02][gfbjk3] update trade detail status...110850
[G][05-31 18:51:04][gfbjk3] SUCCESS  _^_^_ [110850][32076ms]
[G][05-31 19:00:01][gfbjk3] init session[1554ms]
[G][05-31 19:00:32][gfbjk3] timer launch .....
[G][05-31 19:00:33][gfbjk3] fetching ..... [110851],openTime=2018-05-31 19:00:00[1/80]
[G][05-31 19:00:33][gfbjk3] RESULTS  _____ [110851]=>2,5,5
[G][05-31 19:00:36][gfbjk3] update trade detail status...110832
[G][05-31 19:00:38][gfbjk3] update trade detail status...110833
[G][05-31 19:00:39][gfbjk3] update trade detail status...110834
[G][05-31 19:00:40][gfbjk3] update trade detail status...110835
[G][05-31 19:00:41][gfbjk3] update trade detail status...110836
[G][05-31 19:00:43][gfbjk3] update trade detail status...110837
[G][05-31 19:00:44][gfbjk3] update trade detail status...110838
[G][05-31 19:00:45][gfbjk3] update trade detail status...110839
[G][05-31 19:00:46][gfbjk3] update trade detail status...110840
[G][05-31 19:00:47][gfbjk3] update trade detail status...110841
[G][05-31 19:00:48][gfbjk3] update trade detail status...110842
[G][05-31 19:00:49][gfbjk3] update trade detail status...110843
[G][05-31 19:00:50][gfbjk3] update trade detail status...110844
[G][05-31 19:00:51][gfbjk3] update trade detail status...110845
[G][05-31 19:00:52][gfbjk3] update trade detail status...110846
[G][05-31 19:00:53][gfbjk3] update trade detail status...110847
[G][05-31 19:00:54][gfbjk3] update trade detail status...110848
[G][05-31 19:00:55][gfbjk3] update trade detail status...110849
[G][05-31 19:00:56][gfbjk3] update trade detail status...110850
[G][05-31 19:00:57][gfbjk3] update trade detail status...110851
[G][05-31 19:00:59][gfbjk3] SUCCESS  _^_^_ [110851][26052ms]
