[G][05-31 09:07:00][gfgxk3] timer not range .....
[G][05-31 09:17:00][gfgxk3] timer not range .....
[G][05-31 09:27:00][gfgxk3] timer not range .....
[G][05-31 09:37:00][gfgxk3] timer launch .....
[G][05-31 09:47:00][gfgxk3] timer launch .....
[G][05-31 09:57:00][gfgxk3] timer launch .....
[G][05-31 10:07:00][gfgxk3] timer launch .....
[G][05-31 10:17:00][gfgxk3] timer launch .....
[G][05-31 10:27:00][gfgxk3] timer launch .....
[G][05-31 15:47:00][gfgxk3] timer launch .....
[G][05-31 15:47:18][gfgxk3] fetching ..... [180531038],openTime=2018-05-31 15:47:00[1/80]
[G][05-31 15:47:20][gfgxk3] fetching ..... [180531038],openTime=2018-05-31 15:47:00[2/80]
[G][05-31 15:47:24][gfgxk3] fetching ..... [180531038],openTime=2018-05-31 15:47:00[3/80]
[G][05-31 15:47:30][gfgxk3] fetching ..... [180531038],openTime=2018-05-31 15:47:00[4/80]
[G][05-31 15:47:35][gfgxk3] fetch ERROR [null]
[G][05-31 15:47:35][gfgxk3] fetching ..... [180531038],openTime=2018-05-31 15:47:00[5/80]
[G][05-31 15:47:40][gfgxk3] fetching ..... [180531038],openTime=2018-05-31 15:47:00[6/80]
[G][05-31 15:47:45][gfgxk3] fetching ..... [180531038],openTime=2018-05-31 15:47:00[7/80]
[G][05-31 15:47:50][gfgxk3] fetching ..... [180531038],openTime=2018-05-31 15:47:00[8/80]
[G][05-31 15:47:55][gfgxk3] fetching ..... [180531038],openTime=2018-05-31 15:47:00[9/80]
[G][05-31 15:48:26][gfgxk3] fetching ..... [180531038],openTime=2018-05-31 15:47:00[10/80]
[G][05-31 15:48:30][gfgxk3] fetching ..... [180531038],openTime=2018-05-31 15:47:00[11/80]
[G][05-31 15:48:32][gfgxk3] fetching ..... [180531038],openTime=2018-05-31 15:47:00[12/80]
[G][05-31 15:48:37][gfgxk3] fetching ..... [180531038],openTime=2018-05-31 15:47:00[13/80]
[G][05-31 15:57:00][gfgxk3] timer launch .....
[G][05-31 15:57:04][gfgxk3] fetching ..... [180531039],openTime=2018-05-31 15:57:00[1/80]
[G][05-31 15:57:05][gfgxk3] fetching ..... [180531039],openTime=2018-05-31 15:57:00[2/80]
[G][05-31 16:07:00][gfgxk3] timer launch .....
[G][05-31 16:07:09][gfgxk3] fetching ..... [180531040],openTime=2018-05-31 16:07:00[1/80]
[G][05-31 16:07:10][gfgxk3] fetching ..... [180531040],openTime=2018-05-31 16:07:00[2/80]
[G][05-31 16:07:15][gfgxk3] fetching ..... [180531040],openTime=2018-05-31 16:07:00[3/80]
[G][05-31 16:07:20][gfgxk3] fetching ..... [180531040],openTime=2018-05-31 16:07:00[4/80]
[G][05-31 16:07:25][gfgxk3] fetching ..... [180531040],openTime=2018-05-31 16:07:00[5/80]
[G][05-31 16:07:30][gfgxk3] fetching ..... [180531040],openTime=2018-05-31 16:07:00[6/80]
[G][05-31 16:07:35][gfgxk3] fetching ..... [180531040],openTime=2018-05-31 16:07:00[7/80]
[G][05-31 16:07:40][gfgxk3] fetching ..... [180531040],openTime=2018-05-31 16:07:00[8/80]
[G][05-31 16:07:47][gfgxk3] fetching ..... [180531040],openTime=2018-05-31 16:07:00[9/80]
[G][05-31 16:07:50][gfgxk3] fetching ..... [180531040],openTime=2018-05-31 16:07:00[10/80]
[G][05-31 16:07:55][gfgxk3] fetching ..... [180531040],openTime=2018-05-31 16:07:00[11/80]
[G][05-31 16:08:09][gfgxk3] fetching ..... [180531040],openTime=2018-05-31 16:07:00[12/80]
[G][05-31 16:08:10][gfgxk3] fetching ..... [180531040],openTime=2018-05-31 16:07:00[13/80]
[G][05-31 16:08:15][gfgxk3] fetching ..... [180531040],openTime=2018-05-31 16:07:00[14/80]
[G][05-31 16:08:20][gfgxk3] fetching ..... [180531040],openTime=2018-05-31 16:07:00[15/80]
[G][05-31 16:08:25][gfgxk3] fetching ..... [180531040],openTime=2018-05-31 16:07:00[16/80]
[G][05-31 16:11:25][gfgxk3] fetching ..... [180531040],openTime=2018-05-31 16:07:00[17/80]
[G][05-31 16:11:25][gfgxk3] fetching ..... [180531040],openTime=2018-05-31 16:07:00[18/80]
[G][05-31 16:11:31][gfgxk3] fetching ..... [180531040],openTime=2018-05-31 16:07:00[19/80]
[G][05-31 16:11:36][gfgxk3] fetching ..... [180531040],openTime=2018-05-31 16:07:00[20/80]
[G][05-31 16:11:41][gfgxk3] fetching ..... [180531040],openTime=2018-05-31 16:07:00[21/80]
[G][05-31 16:11:45][gfgxk3] fetching ..... [180531040],openTime=2018-05-31 16:07:00[22/80]
[G][05-31 16:11:53][gfgxk3] fetching ..... [180531040],openTime=2018-05-31 16:07:00[23/80]
[G][05-31 16:11:57][gfgxk3] fetching ..... [180531040],openTime=2018-05-31 16:07:00[24/80]
[G][05-31 16:12:03][gfgxk3] fetching ..... [180531040],openTime=2018-05-31 16:07:00[25/80]
[G][05-31 16:12:33][gfgxk3] fetching ..... [180531040],openTime=2018-05-31 16:07:00[26/80]
[G][05-31 16:12:33][gfgxk3] RESULTS  _____ [180531040]=>1,3,6
[G][05-31 16:12:38][gfgxk3] update trade detail status...180531021
[G][05-31 16:12:39][gfgxk3] update trade detail status...180531022
[G][05-31 16:12:40][gfgxk3] update trade detail status...180531023
[G][05-31 16:12:42][gfgxk3] update trade detail status...180531024
[G][05-31 16:12:46][gfgxk3] update trade detail status...180531025
[G][05-31 16:12:47][gfgxk3] update trade detail status...180531026
[G][05-31 16:12:49][gfgxk3] update trade detail status...180531027
[G][05-31 16:12:51][gfgxk3] update trade detail status...180531028
[G][05-31 16:12:52][gfgxk3] update trade detail status...180531029
[G][05-31 16:12:53][gfgxk3] update trade detail status...180531030
[G][05-31 16:12:54][gfgxk3] update trade detail status...180531031
[G][05-31 16:12:56][gfgxk3] update trade detail status...180531032
[G][05-31 16:12:57][gfgxk3] update trade detail status...180531033
[G][05-31 16:12:58][gfgxk3] update trade detail status...180531034
[G][05-31 16:13:01][gfgxk3] update trade detail status...180531035
[G][05-31 16:13:03][gfgxk3] update trade detail status...180531036
[G][05-31 16:13:04][gfgxk3] update trade detail status...180531037
[G][05-31 16:13:06][gfgxk3] update trade detail status...180531038
[G][05-31 16:13:07][gfgxk3] update trade detail status...180531039
[G][05-31 16:13:09][gfgxk3] update trade detail status...180531040
[G][05-31 16:13:11][gfgxk3] SUCCESS  _^_^_ [180531040][38056ms]
[G][05-31 16:17:00][gfgxk3] timer launch .....
[G][05-31 16:17:05][gfgxk3] fetching ..... [180531041],openTime=2018-05-31 16:17:00[1/80]
[G][05-31 16:17:06][gfgxk3] fetching ..... [180531041],openTime=2018-05-31 16:17:00[2/80]
[G][05-31 16:17:11][gfgxk3] fetching ..... [180531041],openTime=2018-05-31 16:17:00[3/80]
[G][05-31 16:17:16][gfgxk3] fetching ..... [180531041],openTime=2018-05-31 16:17:00[4/80]
[G][05-31 16:17:21][gfgxk3] fetching ..... [180531041],openTime=2018-05-31 16:17:00[5/80]
[G][05-31 16:17:26][gfgxk3] fetching ..... [180531041],openTime=2018-05-31 16:17:00[6/80]
[G][05-31 16:17:31][gfgxk3] fetching ..... [180531041],openTime=2018-05-31 16:17:00[7/80]
[G][05-31 16:17:36][gfgxk3] fetching ..... [180531041],openTime=2018-05-31 16:17:00[8/80]
[G][05-31 16:17:41][gfgxk3] fetching ..... [180531041],openTime=2018-05-31 16:17:00[9/80]
[G][05-31 16:17:46][gfgxk3] fetching ..... [180531041],openTime=2018-05-31 16:17:00[10/80]
[G][05-31 16:17:56][gfgxk3] fetching ..... [180531041],openTime=2018-05-31 16:17:00[11/80]
[G][05-31 16:17:57][gfgxk3] fetching ..... [180531041],openTime=2018-05-31 16:17:00[12/80]
[G][05-31 16:18:02][gfgxk3] fetching ..... [180531041],openTime=2018-05-31 16:17:00[13/80]
[G][05-31 16:18:07][gfgxk3] fetching ..... [180531041],openTime=2018-05-31 16:17:00[14/80]
[G][05-31 16:18:13][gfgxk3] fetching ..... [180531041],openTime=2018-05-31 16:17:00[15/80]
[G][05-31 16:18:22][gfgxk3] fetching ..... [180531041],openTime=2018-05-31 16:17:00[16/80]
[G][05-31 16:18:24][gfgxk3] fetching ..... [180531041],openTime=2018-05-31 16:17:00[17/80]
[G][05-31 16:18:28][gfgxk3] fetching ..... [180531041],openTime=2018-05-31 16:17:00[18/80]
[G][05-31 16:18:33][gfgxk3] fetching ..... [180531041],openTime=2018-05-31 16:17:00[19/80]
[G][05-31 16:18:39][gfgxk3] fetching ..... [180531041],openTime=2018-05-31 16:17:00[20/80]
[G][05-31 16:18:43][gfgxk3] fetching ..... [180531041],openTime=2018-05-31 16:17:00[21/80]
[G][05-31 16:18:48][gfgxk3] fetching ..... [180531041],openTime=2018-05-31 16:17:00[22/80]
[G][05-31 16:18:53][gfgxk3] fetching ..... [180531041],openTime=2018-05-31 16:17:00[23/80]
[G][05-31 16:18:58][gfgxk3] fetching ..... [180531041],openTime=2018-05-31 16:17:00[24/80]
[G][05-31 16:19:10][gfgxk3] fetching ..... [180531041],openTime=2018-05-31 16:17:00[25/80]
[G][05-31 16:19:11][gfgxk3] fetching ..... [180531041],openTime=2018-05-31 16:17:00[26/80]
[G][05-31 16:19:17][gfgxk3] fetching ..... [180531041],openTime=2018-05-31 16:17:00[27/80]
[G][05-31 16:19:23][gfgxk3] fetching ..... [180531041],openTime=2018-05-31 16:17:00[28/80]
[G][05-31 16:19:30][gfgxk3] fetching ..... [180531041],openTime=2018-05-31 16:17:00[29/80]
[G][05-31 16:19:33][gfgxk3] fetching ..... [180531041],openTime=2018-05-31 16:17:00[30/80]
[G][05-31 16:19:36][gfgxk3] fetching ..... [180531041],openTime=2018-05-31 16:17:00[31/80]
[G][05-31 16:19:43][gfgxk3] fetching ..... [180531041],openTime=2018-05-31 16:17:00[32/80]
[G][05-31 16:19:46][gfgxk3] fetching ..... [180531041],openTime=2018-05-31 16:17:00[33/80]
[G][05-31 16:19:51][gfgxk3] fetching ..... [180531041],openTime=2018-05-31 16:17:00[34/80]
[G][05-31 16:19:56][gfgxk3] fetching ..... [180531041],openTime=2018-05-31 16:17:00[35/80]
[G][05-31 16:20:02][gfgxk3] fetching ..... [180531041],openTime=2018-05-31 16:17:00[36/80]
[G][05-31 16:20:06][gfgxk3] fetching ..... [180531041],openTime=2018-05-31 16:17:00[37/80]
[G][05-31 16:20:11][gfgxk3] fetching ..... [180531041],openTime=2018-05-31 16:17:00[38/80]
[G][05-31 16:20:16][gfgxk3] fetching ..... [180531041],openTime=2018-05-31 16:17:00[39/80]
[G][05-31 16:20:22][gfgxk3] fetching ..... [180531041],openTime=2018-05-31 16:17:00[40/80]
[G][05-31 16:20:27][gfgxk3] fetching ..... [180531041],openTime=2018-05-31 16:17:00[41/80]
[G][05-31 16:20:31][gfgxk3] fetching ..... [180531041],openTime=2018-05-31 16:17:00[42/80]
[G][05-31 16:20:36][gfgxk3] fetching ..... [180531041],openTime=2018-05-31 16:17:00[43/80]
[G][05-31 16:20:41][gfgxk3] fetching ..... [180531041],openTime=2018-05-31 16:17:00[44/80]
[G][05-31 16:20:46][gfgxk3] fetching ..... [180531041],openTime=2018-05-31 16:17:00[45/80]
[G][05-31 16:20:51][gfgxk3] fetching ..... [180531041],openTime=2018-05-31 16:17:00[46/80]
[G][05-31 16:20:56][gfgxk3] fetching ..... [180531041],openTime=2018-05-31 16:17:00[47/80]
[G][05-31 16:21:01][gfgxk3] fetching ..... [180531041],openTime=2018-05-31 16:17:00[48/80]
[G][05-31 16:21:27][gfgxk3] fetching ..... [180531041],openTime=2018-05-31 16:17:00[49/80]
[G][05-31 16:21:28][gfgxk3] fetching ..... [180531041],openTime=2018-05-31 16:17:00[50/80]
[G][05-31 16:21:33][gfgxk3] fetching ..... [180531041],openTime=2018-05-31 16:17:00[51/80]
[G][05-31 16:21:38][gfgxk3] fetching ..... [180531041],openTime=2018-05-31 16:17:00[52/80]
[G][05-31 16:21:42][gfgxk3] fetching ..... [180531041],openTime=2018-05-31 16:17:00[53/80]
[G][05-31 16:21:47][gfgxk3] fetching ..... [180531041],openTime=2018-05-31 16:17:00[54/80]
[G][05-31 16:21:53][gfgxk3] fetching ..... [180531041],openTime=2018-05-31 16:17:00[55/80]
[G][05-31 16:21:57][gfgxk3] fetching ..... [180531041],openTime=2018-05-31 16:17:00[56/80]
[G][05-31 16:22:03][gfgxk3] fetching ..... [180531041],openTime=2018-05-31 16:17:00[57/80]
[G][05-31 16:22:08][gfgxk3] fetching ..... [180531041],openTime=2018-05-31 16:17:00[58/80]
[G][05-31 16:22:13][gfgxk3] fetching ..... [180531041],openTime=2018-05-31 16:17:00[59/80]
[G][05-31 16:22:18][gfgxk3] fetching ..... [180531041],openTime=2018-05-31 16:17:00[60/80]
[G][05-31 16:22:18][gfgxk3] RESULTS  _____ [180531041]=>2,5,5
[G][05-31 16:22:21][gfgxk3] update trade detail status...180531022
[G][05-31 16:22:23][gfgxk3] update trade detail status...180531023
[G][05-31 16:22:25][gfgxk3] update trade detail status...180531024
[G][05-31 16:22:27][gfgxk3] update trade detail status...180531025
[G][05-31 16:22:29][gfgxk3] update trade detail status...180531026
[G][05-31 16:22:30][gfgxk3] update trade detail status...180531027
[G][05-31 16:22:33][gfgxk3] update trade detail status...180531028
[G][05-31 16:22:34][gfgxk3] update trade detail status...180531029
[G][05-31 16:22:36][gfgxk3] update trade detail status...180531030
[G][05-31 16:22:39][gfgxk3] update trade detail status...180531031
[G][05-31 16:22:40][gfgxk3] update trade detail status...180531032
[G][05-31 16:22:42][gfgxk3] update trade detail status...180531033
[G][05-31 16:22:44][gfgxk3] update trade detail status...180531034
[G][05-31 16:22:46][gfgxk3] update trade detail status...180531035
[G][05-31 16:22:47][gfgxk3] update trade detail status...180531036
[G][05-31 16:22:48][gfgxk3] update trade detail status...180531037
[G][05-31 16:22:50][gfgxk3] update trade detail status...180531038
[G][05-31 16:22:51][gfgxk3] update trade detail status...180531039
[G][05-31 16:22:53][gfgxk3] update trade detail status...180531040
[G][05-31 16:22:55][gfgxk3] update trade detail status...180531041
[G][05-31 16:22:56][gfgxk3] SUCCESS  _^_^_ [180531041][38469ms]
[G][05-31 16:27:00][gfgxk3] timer launch .....
[G][05-31 16:28:17][gfgxk3] fetching ..... [180531042],openTime=2018-05-31 16:27:00[1/80]
[G][05-31 16:28:19][gfgxk3] fetching ..... [180531042],openTime=2018-05-31 16:27:00[2/80]
[G][05-31 16:28:24][gfgxk3] fetching ..... [180531042],openTime=2018-05-31 16:27:00[3/80]
[G][05-31 16:28:29][gfgxk3] fetching ..... [180531042],openTime=2018-05-31 16:27:00[4/80]
[G][05-31 16:28:34][gfgxk3] fetching ..... [180531042],openTime=2018-05-31 16:27:00[5/80]
[G][05-31 16:28:40][gfgxk3] fetching ..... [180531042],openTime=2018-05-31 16:27:00[6/80]
[G][05-31 16:28:44][gfgxk3] fetching ..... [180531042],openTime=2018-05-31 16:27:00[7/80]
[G][05-31 16:29:49][gfgxk3] fetching ..... [180531042],openTime=2018-05-31 16:27:00[8/80]
[G][05-31 16:29:52][gfgxk3] fetching ..... [180531042],openTime=2018-05-31 16:27:00[9/80]
[G][05-31 16:30:22][gfgxk3] init session[12392ms]
[G][05-31 16:30:40][gfgxk3] fetching ..... [180531042],openTime=2018-05-31 16:27:00[10/80]
[G][05-31 16:30:44][gfgxk3] fetching ..... [180531042],openTime=2018-05-31 16:27:00[11/80]
[G][05-31 16:30:51][gfgxk3] fetching ..... [180531042],openTime=2018-05-31 16:27:00[12/80]
[G][05-31 16:30:58][gfgxk3] fetching ..... [180531042],openTime=2018-05-31 16:27:00[13/80]
[G][05-31 16:31:04][gfgxk3] fetching ..... [180531042],openTime=2018-05-31 16:27:00[14/80]
[G][05-31 16:31:06][gfgxk3] fetching ..... [180531042],openTime=2018-05-31 16:27:00[15/80]
[G][05-31 16:31:11][gfgxk3] fetching ..... [180531042],openTime=2018-05-31 16:27:00[16/80]
[G][05-31 16:31:16][gfgxk3] fetching ..... [180531042],openTime=2018-05-31 16:27:00[17/80]
[G][05-31 16:31:26][gfgxk3] fetching ..... [180531042],openTime=2018-05-31 16:27:00[18/80]
[G][05-31 16:31:29][gfgxk3] fetching ..... [180531042],openTime=2018-05-31 16:27:00[19/80]
[G][05-31 16:37:00][gfgxk3] timer launch .....
[G][05-31 16:37:52][gfgxk3] fetching ..... [180531043],openTime=2018-05-31 16:37:00[1/80]
[G][05-31 16:37:53][gfgxk3] fetching ..... [180531043],openTime=2018-05-31 16:37:00[2/80]
[G][05-31 16:37:58][gfgxk3] fetching ..... [180531043],openTime=2018-05-31 16:37:00[3/80]
[G][05-31 16:38:10][gfgxk3] fetching ..... [180531043],openTime=2018-05-31 16:37:00[4/80]
[G][05-31 16:38:11][gfgxk3] fetching ..... [180531043],openTime=2018-05-31 16:37:00[5/80]
[G][05-31 16:38:16][gfgxk3] fetching ..... [180531043],openTime=2018-05-31 16:37:00[6/80]
[G][05-31 16:38:21][gfgxk3] fetching ..... [180531043],openTime=2018-05-31 16:37:00[7/80]
[G][05-31 16:38:26][gfgxk3] fetching ..... [180531043],openTime=2018-05-31 16:37:00[8/80]
[G][05-31 16:38:31][gfgxk3] fetching ..... [180531043],openTime=2018-05-31 16:37:00[9/80]
[G][05-31 16:38:37][gfgxk3] fetching ..... [180531043],openTime=2018-05-31 16:37:00[10/80]
[G][05-31 16:38:41][gfgxk3] fetching ..... [180531043],openTime=2018-05-31 16:37:00[11/80]
[G][05-31 16:38:47][gfgxk3] fetching ..... [180531043],openTime=2018-05-31 16:37:00[12/80]
[G][05-31 16:38:52][gfgxk3] fetching ..... [180531043],openTime=2018-05-31 16:37:00[13/80]
[G][05-31 16:38:56][gfgxk3] fetching ..... [180531043],openTime=2018-05-31 16:37:00[14/80]
[G][05-31 16:39:03][gfgxk3] fetching ..... [180531043],openTime=2018-05-31 16:37:00[15/80]
[G][05-31 16:39:06][gfgxk3] fetching ..... [180531043],openTime=2018-05-31 16:37:00[16/80]
[G][05-31 16:39:11][gfgxk3] fetching ..... [180531043],openTime=2018-05-31 16:37:00[17/80]
[G][05-31 16:39:27][gfgxk3] fetching ..... [180531043],openTime=2018-05-31 16:37:00[18/80]
[G][05-31 16:39:28][gfgxk3] fetching ..... [180531043],openTime=2018-05-31 16:37:00[19/80]
[G][05-31 16:39:32][gfgxk3] fetching ..... [180531043],openTime=2018-05-31 16:37:00[20/80]
[G][05-31 16:39:37][gfgxk3] fetching ..... [180531043],openTime=2018-05-31 16:37:00[21/80]
[G][05-31 16:39:42][gfgxk3] fetching ..... [180531043],openTime=2018-05-31 16:37:00[22/80]
[G][05-31 16:39:49][gfgxk3] fetching ..... [180531043],openTime=2018-05-31 16:37:00[23/80]
[G][05-31 16:39:54][gfgxk3] fetching ..... [180531043],openTime=2018-05-31 16:37:00[24/80]
[G][05-31 16:39:57][gfgxk3] fetching ..... [180531043],openTime=2018-05-31 16:37:00[25/80]
[G][05-31 16:40:03][gfgxk3] fetching ..... [180531043],openTime=2018-05-31 16:37:00[26/80]
[G][05-31 16:40:08][gfgxk3] fetching ..... [180531043],openTime=2018-05-31 16:37:00[27/80]
[G][05-31 16:40:12][gfgxk3] fetching ..... [180531043],openTime=2018-05-31 16:37:00[28/80]
[G][05-31 16:40:31][gfgxk3] fetching ..... [180531043],openTime=2018-05-31 16:37:00[29/80]
[G][05-31 16:40:34][gfgxk3] fetching ..... [180531043],openTime=2018-05-31 16:37:00[30/80]
[G][05-31 16:40:40][gfgxk3] fetching ..... [180531043],openTime=2018-05-31 16:37:00[31/80]
[G][05-31 16:40:42][gfgxk3] fetching ..... [180531043],openTime=2018-05-31 16:37:00[32/80]
[G][05-31 16:41:08][gfgxk3] fetching ..... [180531043],openTime=2018-05-31 16:37:00[33/80]
[G][05-31 16:41:09][gfgxk3] fetching ..... [180531043],openTime=2018-05-31 16:37:00[34/80]
[G][05-31 16:41:14][gfgxk3] fetching ..... [180531043],openTime=2018-05-31 16:37:00[35/80]
[G][05-31 16:41:19][gfgxk3] fetching ..... [180531043],openTime=2018-05-31 16:37:00[36/80]
[G][05-31 16:41:46][gfgxk3] fetching ..... [180531043],openTime=2018-05-31 16:37:00[37/80]
[G][05-31 16:41:47][gfgxk3] fetching ..... [180531043],openTime=2018-05-31 16:37:00[38/80]
[G][05-31 16:41:55][gfgxk3] fetching ..... [180531043],openTime=2018-05-31 16:37:00[39/80]
[G][05-31 16:41:57][gfgxk3] fetching ..... [180531043],openTime=2018-05-31 16:37:00[40/80]
[G][05-31 16:42:34][gfgxk3] fetching ..... [180531043],openTime=2018-05-31 16:37:00[41/80]
[G][05-31 16:42:34][gfgxk3] RESULTS  _____ [180531043]=>4,6,6
[G][05-31 16:42:40][gfgxk3] update trade detail status...180531024
[G][05-31 16:42:41][gfgxk3] update trade detail status...180531025
[G][05-31 16:42:43][gfgxk3] update trade detail status...180531026
[G][05-31 16:42:44][gfgxk3] update trade detail status...180531027
[G][05-31 16:42:45][gfgxk3] update trade detail status...180531028
[G][05-31 16:42:47][gfgxk3] update trade detail status...180531029
[G][05-31 16:42:49][gfgxk3] update trade detail status...180531030
[G][05-31 16:42:50][gfgxk3] update trade detail status...180531031
[G][05-31 16:42:52][gfgxk3] update trade detail status...180531032
[G][05-31 16:42:53][gfgxk3] update trade detail status...180531033
[G][05-31 16:42:54][gfgxk3] update trade detail status...180531034
[G][05-31 16:42:55][gfgxk3] update trade detail status...180531035
[G][05-31 16:42:56][gfgxk3] update trade detail status...180531036
[G][05-31 16:42:58][gfgxk3] update trade detail status...180531037
[G][05-31 16:42:59][gfgxk3] update trade detail status...180531038
[G][05-31 16:43:01][gfgxk3] update trade detail status...180531039
[G][05-31 16:43:03][gfgxk3] update trade detail status...180531040
[G][05-31 16:43:04][gfgxk3] update trade detail status...180531041
[G][05-31 16:43:06][gfgxk3] update trade detail status...180531042
[G][05-31 16:43:07][gfgxk3] update trade detail status...180531043
[G][05-31 16:43:08][gfgxk3] SUCCESS  _^_^_ [180531043][33659ms]
[G][05-31 16:47:00][gfgxk3] timer launch .....
[G][05-31 16:47:05][gfgxk3] fetching ..... [180531044],openTime=2018-05-31 16:47:00[1/80]
[G][05-31 16:47:06][gfgxk3] fetching ..... [180531044],openTime=2018-05-31 16:47:00[2/80]
[G][05-31 16:47:11][gfgxk3] fetching ..... [180531044],openTime=2018-05-31 16:47:00[3/80]
[G][05-31 16:47:16][gfgxk3] fetching ..... [180531044],openTime=2018-05-31 16:47:00[4/80]
[G][05-31 16:47:23][gfgxk3] fetching ..... [180531044],openTime=2018-05-31 16:47:00[5/80]
[G][05-31 16:47:26][gfgxk3] fetching ..... [180531044],openTime=2018-05-31 16:47:00[6/80]
[G][05-31 16:47:32][gfgxk3] fetching ..... [180531044],openTime=2018-05-31 16:47:00[7/80]
[G][05-31 16:47:38][gfgxk3] fetching ..... [180531044],openTime=2018-05-31 16:47:00[8/80]
[G][05-31 16:47:41][gfgxk3] fetching ..... [180531044],openTime=2018-05-31 16:47:00[9/80]
[G][05-31 16:47:48][gfgxk3] fetching ..... [180531044],openTime=2018-05-31 16:47:00[10/80]
[G][05-31 16:47:51][gfgxk3] fetching ..... [180531044],openTime=2018-05-31 16:47:00[11/80]
[G][05-31 16:47:56][gfgxk3] fetching ..... [180531044],openTime=2018-05-31 16:47:00[12/80]
[G][05-31 16:48:01][gfgxk3] fetching ..... [180531044],openTime=2018-05-31 16:47:00[13/80]
[G][05-31 16:48:06][gfgxk3] fetching ..... [180531044],openTime=2018-05-31 16:47:00[14/80]
[G][05-31 16:48:11][gfgxk3] fetching ..... [180531044],openTime=2018-05-31 16:47:00[15/80]
[G][05-31 16:48:16][gfgxk3] fetching ..... [180531044],openTime=2018-05-31 16:47:00[16/80]
[G][05-31 16:48:23][gfgxk3] fetching ..... [180531044],openTime=2018-05-31 16:47:00[17/80]
[G][05-31 16:48:26][gfgxk3] fetching ..... [180531044],openTime=2018-05-31 16:47:00[18/80]
[G][05-31 16:48:35][gfgxk3] fetching ..... [180531044],openTime=2018-05-31 16:47:00[19/80]
[G][05-31 16:48:36][gfgxk3] fetching ..... [180531044],openTime=2018-05-31 16:47:00[20/80]
[G][05-31 16:48:41][gfgxk3] fetching ..... [180531044],openTime=2018-05-31 16:47:00[21/80]
[G][05-31 16:48:46][gfgxk3] fetching ..... [180531044],openTime=2018-05-31 16:47:00[22/80]
[G][05-31 16:48:51][gfgxk3] fetching ..... [180531044],openTime=2018-05-31 16:47:00[23/80]
[G][05-31 16:48:56][gfgxk3] fetching ..... [180531044],openTime=2018-05-31 16:47:00[24/80]
[G][05-31 16:49:01][gfgxk3] fetching ..... [180531044],openTime=2018-05-31 16:47:00[25/80]
[G][05-31 16:49:06][gfgxk3] fetching ..... [180531044],openTime=2018-05-31 16:47:00[26/80]
[G][05-31 16:49:11][gfgxk3] fetching ..... [180531044],openTime=2018-05-31 16:47:00[27/80]
[G][05-31 16:49:16][gfgxk3] fetching ..... [180531044],openTime=2018-05-31 16:47:00[28/80]
[G][05-31 16:49:21][gfgxk3] fetching ..... [180531044],openTime=2018-05-31 16:47:00[29/80]
[G][05-31 16:49:31][gfgxk3] fetching ..... [180531044],openTime=2018-05-31 16:47:00[30/80]
[G][05-31 16:49:32][gfgxk3] fetching ..... [180531044],openTime=2018-05-31 16:47:00[31/80]
[G][05-31 16:49:37][gfgxk3] fetching ..... [180531044],openTime=2018-05-31 16:47:00[32/80]
[G][05-31 16:49:42][gfgxk3] fetching ..... [180531044],openTime=2018-05-31 16:47:00[33/80]
[G][05-31 16:49:46][gfgxk3] fetching ..... [180531044],openTime=2018-05-31 16:47:00[34/80]
[G][05-31 16:49:59][gfgxk3] fetching ..... [180531044],openTime=2018-05-31 16:47:00[35/80]
[G][05-31 16:49:59][gfgxk3] fetching ..... [180531044],openTime=2018-05-31 16:47:00[36/80]
[G][05-31 16:50:05][gfgxk3] fetching ..... [180531044],openTime=2018-05-31 16:47:00[37/80]
[G][05-31 16:50:09][gfgxk3] fetching ..... [180531044],openTime=2018-05-31 16:47:00[38/80]
[G][05-31 16:50:15][gfgxk3] fetching ..... [180531044],openTime=2018-05-31 16:47:00[39/80]
[G][05-31 16:50:20][gfgxk3] fetching ..... [180531044],openTime=2018-05-31 16:47:00[40/80]
[G][05-31 16:50:24][gfgxk3] fetching ..... [180531044],openTime=2018-05-31 16:47:00[41/80]
[G][05-31 16:50:30][gfgxk3] fetching ..... [180531044],openTime=2018-05-31 16:47:00[42/80]
[G][05-31 16:50:34][gfgxk3] fetching ..... [180531044],openTime=2018-05-31 16:47:00[43/80]
[G][05-31 16:50:41][gfgxk3] fetching ..... [180531044],openTime=2018-05-31 16:47:00[44/80]
[G][05-31 16:50:44][gfgxk3] fetching ..... [180531044],openTime=2018-05-31 16:47:00[45/80]
[G][05-31 16:50:50][gfgxk3] fetching ..... [180531044],openTime=2018-05-31 16:47:00[46/80]
[G][05-31 16:50:54][gfgxk3] fetching ..... [180531044],openTime=2018-05-31 16:47:00[47/80]
[G][05-31 16:51:21][gfgxk3] fetching ..... [180531044],openTime=2018-05-31 16:47:00[48/80]
[G][05-31 16:51:25][gfgxk3] fetching ..... [180531044],openTime=2018-05-31 16:47:00[49/80]
[G][05-31 16:51:27][gfgxk3] fetching ..... [180531044],openTime=2018-05-31 16:47:00[50/80]
[G][05-31 16:51:32][gfgxk3] fetching ..... [180531044],openTime=2018-05-31 16:47:00[51/80]
[G][05-31 16:51:37][gfgxk3] fetching ..... [180531044],openTime=2018-05-31 16:47:00[52/80]
[G][05-31 16:51:51][gfgxk3] fetching ..... [180531044],openTime=2018-05-31 16:47:00[53/80]
[G][05-31 16:51:52][gfgxk3] fetching ..... [180531044],openTime=2018-05-31 16:47:00[54/80]
[G][05-31 16:51:59][gfgxk3] fetching ..... [180531044],openTime=2018-05-31 16:47:00[55/80]
[G][05-31 16:52:04][gfgxk3] fetching ..... [180531044],openTime=2018-05-31 16:47:00[56/80]
[G][05-31 16:52:25][gfgxk3] fetching ..... [180531044],openTime=2018-05-31 16:47:00[57/80]
[G][05-31 16:52:27][gfgxk3] fetching ..... [180531044],openTime=2018-05-31 16:47:00[58/80]
[G][05-31 16:52:27][gfgxk3] RESULTS  _____ [180531044]=>1,1,6
[G][05-31 16:52:30][gfgxk3] update trade detail status...180531025
[G][05-31 16:52:32][gfgxk3] update trade detail status...180531026
[G][05-31 16:52:33][gfgxk3] update trade detail status...180531027
[G][05-31 16:52:35][gfgxk3] update trade detail status...180531028
[G][05-31 16:52:37][gfgxk3] update trade detail status...180531029
[G][05-31 16:52:38][gfgxk3] update trade detail status...180531030
[G][05-31 16:52:40][gfgxk3] update trade detail status...180531031
[G][05-31 16:52:42][gfgxk3] update trade detail status...180531032
[G][05-31 16:52:43][gfgxk3] update trade detail status...180531033
[G][05-31 16:52:44][gfgxk3] update trade detail status...180531034
[G][05-31 16:52:46][gfgxk3] update trade detail status...180531035
[G][05-31 16:52:47][gfgxk3] update trade detail status...180531036
[G][05-31 16:52:49][gfgxk3] update trade detail status...180531037
[G][05-31 16:52:51][gfgxk3] update trade detail status...180531038
[G][05-31 16:52:52][gfgxk3] update trade detail status...180531039
[G][05-31 16:52:53][gfgxk3] update trade detail status...180531040
[G][05-31 16:52:54][gfgxk3] update trade detail status...180531041
[G][05-31 16:52:56][gfgxk3] update trade detail status...180531042
[G][05-31 16:52:58][gfgxk3] update trade detail status...180531043
[G][05-31 16:52:59][gfgxk3] update trade detail status...180531044
[G][05-31 16:53:01][gfgxk3] SUCCESS  _^_^_ [180531044][34665ms]
[G][05-31 16:57:00][gfgxk3] timer launch .....
[G][05-31 16:57:04][gfgxk3] fetching ..... [180531045],openTime=2018-05-31 16:57:00[1/80]
[G][05-31 16:57:06][gfgxk3] fetching ..... [180531045],openTime=2018-05-31 16:57:00[2/80]
[G][05-31 16:57:15][gfgxk3] fetching ..... [180531045],openTime=2018-05-31 16:57:00[3/80]
[G][05-31 16:57:16][gfgxk3] fetching ..... [180531045],openTime=2018-05-31 16:57:00[4/80]
[G][05-31 16:57:29][gfgxk3] fetching ..... [180531045],openTime=2018-05-31 16:57:00[5/80]
[G][05-31 16:57:30][gfgxk3] fetching ..... [180531045],openTime=2018-05-31 16:57:00[6/80]
[G][05-31 16:57:35][gfgxk3] fetching ..... [180531045],openTime=2018-05-31 16:57:00[7/80]
[G][05-31 16:57:44][gfgxk3] fetching ..... [180531045],openTime=2018-05-31 16:57:00[8/80]
[G][05-31 16:57:45][gfgxk3] fetching ..... [180531045],openTime=2018-05-31 16:57:00[9/80]
[G][05-31 16:57:50][gfgxk3] fetching ..... [180531045],openTime=2018-05-31 16:57:00[10/80]
[G][05-31 16:57:59][gfgxk3] fetching ..... [180531045],openTime=2018-05-31 16:57:00[11/80]
[G][05-31 16:58:00][gfgxk3] fetching ..... [180531045],openTime=2018-05-31 16:57:00[12/80]
[G][05-31 16:58:05][gfgxk3] fetching ..... [180531045],openTime=2018-05-31 16:57:00[13/80]
[G][05-31 16:58:10][gfgxk3] fetching ..... [180531045],openTime=2018-05-31 16:57:00[14/80]
[G][05-31 16:58:15][gfgxk3] fetching ..... [180531045],openTime=2018-05-31 16:57:00[15/80]
[G][05-31 16:58:20][gfgxk3] fetching ..... [180531045],openTime=2018-05-31 16:57:00[16/80]
[G][05-31 16:58:25][gfgxk3] fetching ..... [180531045],openTime=2018-05-31 16:57:00[17/80]
[G][05-31 16:58:31][gfgxk3] fetching ..... [180531045],openTime=2018-05-31 16:57:00[18/80]
[G][05-31 16:58:45][gfgxk3] fetching ..... [180531045],openTime=2018-05-31 16:57:00[19/80]
[G][05-31 16:58:46][gfgxk3] fetching ..... [180531045],openTime=2018-05-31 16:57:00[20/80]
[G][05-31 16:58:51][gfgxk3] fetching ..... [180531045],openTime=2018-05-31 16:57:00[21/80]
[G][05-31 16:58:57][gfgxk3] fetching ..... [180531045],openTime=2018-05-31 16:57:00[22/80]
[G][05-31 16:59:04][gfgxk3] fetching ..... [180531045],openTime=2018-05-31 16:57:00[23/80]
[G][05-31 16:59:11][gfgxk3] fetching ..... [180531045],openTime=2018-05-31 16:57:00[24/80]
[G][05-31 16:59:11][gfgxk3] fetching ..... [180531045],openTime=2018-05-31 16:57:00[25/80]
[G][05-31 16:59:18][gfgxk3] fetching ..... [180531045],openTime=2018-05-31 16:57:00[26/80]
[G][05-31 16:59:22][gfgxk3] fetching ..... [180531045],openTime=2018-05-31 16:57:00[27/80]
[G][05-31 16:59:26][gfgxk3] fetching ..... [180531045],openTime=2018-05-31 16:57:00[28/80]
[G][05-31 16:59:32][gfgxk3] fetching ..... [180531045],openTime=2018-05-31 16:57:00[29/80]
[G][05-31 16:59:36][gfgxk3] fetching ..... [180531045],openTime=2018-05-31 16:57:00[30/80]
[G][05-31 16:59:42][gfgxk3] fetching ..... [180531045],openTime=2018-05-31 16:57:00[31/80]
[G][05-31 16:59:47][gfgxk3] fetching ..... [180531045],openTime=2018-05-31 16:57:00[32/80]
[G][05-31 16:59:52][gfgxk3] fetching ..... [180531045],openTime=2018-05-31 16:57:00[33/80]
[G][05-31 16:59:58][gfgxk3] fetching ..... [180531045],openTime=2018-05-31 16:57:00[34/80]
[G][05-31 17:00:03][gfgxk3] fetching ..... [180531045],openTime=2018-05-31 16:57:00[35/80]
[G][05-31 17:00:08][gfgxk3] fetching ..... [180531045],openTime=2018-05-31 16:57:00[36/80]
[G][05-31 17:00:10][gfgxk3] init session[4912ms]
[G][05-31 17:00:12][gfgxk3] fetching ..... [180531045],openTime=2018-05-31 16:57:00[37/80]
[G][05-31 17:00:17][gfgxk3] fetching ..... [180531045],openTime=2018-05-31 16:57:00[38/80]
[G][05-31 17:00:38][gfgxk3] fetching ..... [180531045],openTime=2018-05-31 16:57:00[39/80]
[G][05-31 17:00:40][gfgxk3] fetching ..... [180531045],openTime=2018-05-31 16:57:00[40/80]
[G][05-31 17:00:44][gfgxk3] fetching ..... [180531045],openTime=2018-05-31 16:57:00[41/80]
[G][05-31 17:00:49][gfgxk3] fetching ..... [180531045],openTime=2018-05-31 16:57:00[42/80]
[G][05-31 17:01:04][gfgxk3] fetching ..... [180531045],openTime=2018-05-31 16:57:00[43/80]
[G][05-31 17:01:04][gfgxk3] fetching ..... [180531045],openTime=2018-05-31 16:57:00[44/80]
[G][05-31 17:01:09][gfgxk3] fetching ..... [180531045],openTime=2018-05-31 16:57:00[45/80]
[G][05-31 17:01:14][gfgxk3] fetching ..... [180531045],openTime=2018-05-31 16:57:00[46/80]
[G][05-31 17:01:19][gfgxk3] fetching ..... [180531045],openTime=2018-05-31 16:57:00[47/80]
[G][05-31 17:01:24][gfgxk3] fetching ..... [180531045],openTime=2018-05-31 16:57:00[48/80]
[G][05-31 17:01:29][gfgxk3] fetching ..... [180531045],openTime=2018-05-31 16:57:00[49/80]
[G][05-31 17:01:34][gfgxk3] fetching ..... [180531045],openTime=2018-05-31 16:57:00[50/80]
[G][05-31 17:01:40][gfgxk3] fetching ..... [180531045],openTime=2018-05-31 16:57:00[51/80]
[G][05-31 17:01:45][gfgxk3] fetching ..... [180531045],openTime=2018-05-31 16:57:00[52/80]
[G][05-31 17:02:05][gfgxk3] fetching ..... [180531045],openTime=2018-05-31 16:57:00[53/80]
[G][05-31 17:02:06][gfgxk3] fetching ..... [180531045],openTime=2018-05-31 16:57:00[54/80]
[G][05-31 17:02:13][gfgxk3] fetching ..... [180531045],openTime=2018-05-31 16:57:00[55/80]
[G][05-31 17:02:16][gfgxk3] fetching ..... [180531045],openTime=2018-05-31 16:57:00[56/80]
[G][05-31 17:02:16][gfgxk3] RESULTS  _____ [180531045]=>1,2,6
[G][05-31 17:02:19][gfgxk3] update trade detail status...180531026
[G][05-31 17:02:21][gfgxk3] update trade detail status...180531027
[G][05-31 17:02:22][gfgxk3] update trade detail status...180531028
[G][05-31 17:02:23][gfgxk3] update trade detail status...180531029
[G][05-31 17:02:24][gfgxk3] update trade detail status...180531030
[G][05-31 17:02:25][gfgxk3] update trade detail status...180531031
[G][05-31 17:02:27][gfgxk3] update trade detail status...180531032
[G][05-31 17:02:28][gfgxk3] update trade detail status...180531033
[G][05-31 17:02:32][gfgxk3] update trade detail status...180531034
[G][05-31 17:02:33][gfgxk3] update trade detail status...180531035
[G][05-31 17:02:35][gfgxk3] update trade detail status...180531036
[G][05-31 18:27:00][gfgxk3] timer launch .....
[G][05-31 18:27:06][gfgxk3] fetching ..... [180531054],openTime=2018-05-31 18:27:00[1/80]
[G][05-31 18:27:06][gfgxk3] fetching ..... [180531054],openTime=2018-05-31 18:27:00[2/80]
[G][05-31 18:27:11][gfgxk3] fetching ..... [180531054],openTime=2018-05-31 18:27:00[3/80]
[G][05-31 18:27:20][gfgxk3] fetching ..... [180531054],openTime=2018-05-31 18:27:00[4/80]
[G][05-31 18:27:24][gfgxk3] fetching ..... [180531054],openTime=2018-05-31 18:27:00[5/80]
[G][05-31 18:27:26][gfgxk3] fetching ..... [180531054],openTime=2018-05-31 18:27:00[6/80]
[G][05-31 18:27:35][gfgxk3] fetching ..... [180531054],openTime=2018-05-31 18:27:00[7/80]
[G][05-31 18:27:36][gfgxk3] fetching ..... [180531054],openTime=2018-05-31 18:27:00[8/80]
[G][05-31 18:27:41][gfgxk3] fetching ..... [180531054],openTime=2018-05-31 18:27:00[9/80]
[G][05-31 18:27:46][gfgxk3] fetching ..... [180531054],openTime=2018-05-31 18:27:00[10/80]
[G][05-31 18:27:51][gfgxk3] fetching ..... [180531054],openTime=2018-05-31 18:27:00[11/80]
[G][05-31 18:27:56][gfgxk3] fetching ..... [180531054],openTime=2018-05-31 18:27:00[12/80]
[G][05-31 18:28:01][gfgxk3] fetching ..... [180531054],openTime=2018-05-31 18:27:00[13/80]
[G][05-31 18:28:06][gfgxk3] fetching ..... [180531054],openTime=2018-05-31 18:27:00[14/80]
[G][05-31 18:28:11][gfgxk3] fetching ..... [180531054],openTime=2018-05-31 18:27:00[15/80]
[G][05-31 18:28:16][gfgxk3] fetching ..... [180531054],openTime=2018-05-31 18:27:00[16/80]
[G][05-31 18:28:21][gfgxk3] fetching ..... [180531054],openTime=2018-05-31 18:27:00[17/80]
[G][05-31 18:28:26][gfgxk3] fetching ..... [180531054],openTime=2018-05-31 18:27:00[18/80]
[G][05-31 18:28:32][gfgxk3] fetching ..... [180531054],openTime=2018-05-31 18:27:00[19/80]
[G][05-31 18:28:36][gfgxk3] fetching ..... [180531054],openTime=2018-05-31 18:27:00[20/80]
[G][05-31 18:28:41][gfgxk3] fetching ..... [180531054],openTime=2018-05-31 18:27:00[21/80]
[G][05-31 18:28:46][gfgxk3] fetching ..... [180531054],openTime=2018-05-31 18:27:00[22/80]
[G][05-31 18:28:51][gfgxk3] fetching ..... [180531054],openTime=2018-05-31 18:27:00[23/80]
[G][05-31 18:28:56][gfgxk3] fetching ..... [180531054],openTime=2018-05-31 18:27:00[24/80]
[G][05-31 18:29:06][gfgxk3] fetching ..... [180531054],openTime=2018-05-31 18:27:00[25/80]
[G][05-31 18:29:06][gfgxk3] fetching ..... [180531054],openTime=2018-05-31 18:27:00[26/80]
[G][05-31 18:29:11][gfgxk3] fetching ..... [180531054],openTime=2018-05-31 18:27:00[27/80]
[G][05-31 18:29:17][gfgxk3] fetching ..... [180531054],openTime=2018-05-31 18:27:00[28/80]
[G][05-31 18:29:21][gfgxk3] fetching ..... [180531054],openTime=2018-05-31 18:27:00[29/80]
[G][05-31 18:29:27][gfgxk3] fetching ..... [180531054],openTime=2018-05-31 18:27:00[30/80]
[G][05-31 18:29:31][gfgxk3] fetching ..... [180531054],openTime=2018-05-31 18:27:00[31/80]
[G][05-31 18:29:36][gfgxk3] fetching ..... [180531054],openTime=2018-05-31 18:27:00[32/80]
[G][05-31 18:29:42][gfgxk3] fetching ..... [180531054],openTime=2018-05-31 18:27:00[33/80]
[G][05-31 18:29:46][gfgxk3] fetching ..... [180531054],openTime=2018-05-31 18:27:00[34/80]
[G][05-31 18:29:51][gfgxk3] fetching ..... [180531054],openTime=2018-05-31 18:27:00[35/80]
[G][05-31 18:29:56][gfgxk3] fetching ..... [180531054],openTime=2018-05-31 18:27:00[36/80]
[G][05-31 18:30:02][gfgxk3] fetching ..... [180531054],openTime=2018-05-31 18:27:00[37/80]
[G][05-31 18:30:03][gfgxk3] init session[1364ms]
[G][05-31 18:30:06][gfgxk3] fetching ..... [180531054],openTime=2018-05-31 18:27:00[38/80]
[G][05-31 18:30:20][gfgxk3] fetching ..... [180531054],openTime=2018-05-31 18:27:00[39/80]
[G][05-31 18:30:20][gfgxk3] fetching ..... [180531054],openTime=2018-05-31 18:27:00[40/80]
[G][05-31 18:30:25][gfgxk3] fetching ..... [180531054],openTime=2018-05-31 18:27:00[41/80]
[G][05-31 18:30:32][gfgxk3] fetching ..... [180531054],openTime=2018-05-31 18:27:00[42/80]
[G][05-31 18:30:36][gfgxk3] fetching ..... [180531054],openTime=2018-05-31 18:27:00[43/80]
[G][05-31 18:30:50][gfgxk3] fetching ..... [180531054],openTime=2018-05-31 18:27:00[44/80]
[G][05-31 18:31:01][gfgxk3] fetching ..... [180531054],openTime=2018-05-31 18:27:00[45/80]
[G][05-31 18:31:01][gfgxk3] fetching ..... [180531054],openTime=2018-05-31 18:27:00[46/80]
[G][05-31 18:31:57][gfgxk3] fetching ..... [180531054],openTime=2018-05-31 18:27:00[47/80]
[G][05-31 18:31:58][gfgxk3] fetching ..... [180531054],openTime=2018-05-31 18:27:00[48/80]
[G][05-31 18:32:03][gfgxk3] fetching ..... [180531054],openTime=2018-05-31 18:27:00[49/80]
[G][05-31 18:32:08][gfgxk3] fetching ..... [180531054],openTime=2018-05-31 18:27:00[50/80]
[G][05-31 18:32:13][gfgxk3] fetching ..... [180531054],openTime=2018-05-31 18:27:00[51/80]
[G][05-31 18:32:18][gfgxk3] fetching ..... [180531054],openTime=2018-05-31 18:27:00[52/80]
[G][05-31 18:32:23][gfgxk3] fetching ..... [180531054],openTime=2018-05-31 18:27:00[53/80]
[G][05-31 18:32:23][gfgxk3] RESULTS  _____ [180531054]=>4,5,6
[G][05-31 18:32:26][gfgxk3] update trade detail status...180531035
[G][05-31 18:32:27][gfgxk3] update trade detail status...180531036
[G][05-31 18:32:29][gfgxk3] update trade detail status...180531037
[G][05-31 18:32:30][gfgxk3] update trade detail status...180531038
[G][05-31 18:32:32][gfgxk3] update trade detail status...180531039
[G][05-31 18:32:33][gfgxk3] update trade detail status...180531040
[G][05-31 18:32:34][gfgxk3] update trade detail status...180531041
[G][05-31 18:32:35][gfgxk3] update trade detail status...180531042
[G][05-31 18:32:36][gfgxk3] update trade detail status...180531043
[G][05-31 18:32:37][gfgxk3] update trade detail status...180531044
[G][05-31 18:32:38][gfgxk3] update trade detail status...180531045
[G][05-31 18:32:40][gfgxk3] update trade detail status...180531046
[G][05-31 18:32:41][gfgxk3] update trade detail status...180531047
[G][05-31 18:32:42][gfgxk3] update trade detail status...180531048
[G][05-31 18:32:44][gfgxk3] update trade detail status...180531049
[G][05-31 18:32:45][gfgxk3] update trade detail status...180531050
[G][05-31 18:32:46][gfgxk3] update trade detail status...180531051
[G][05-31 18:32:48][gfgxk3] update trade detail status...180531052
[G][05-31 18:32:49][gfgxk3] update trade detail status...180531053
[G][05-31 18:32:51][gfgxk3] update trade detail status...180531054
[G][05-31 18:32:55][gfgxk3] SUCCESS  _^_^_ [180531054][31510ms]
[G][05-31 18:37:00][gfgxk3] timer launch .....
[G][05-31 18:37:03][gfgxk3] fetching ..... [180531055],openTime=2018-05-31 18:37:00[1/80]
[G][05-31 18:37:05][gfgxk3] fetching ..... [180531055],openTime=2018-05-31 18:37:00[2/80]
[G][05-31 18:37:10][gfgxk3] fetching ..... [180531055],openTime=2018-05-31 18:37:00[3/80]
[G][05-31 18:37:15][gfgxk3] fetching ..... [180531055],openTime=2018-05-31 18:37:00[4/80]
[G][05-31 18:37:20][gfgxk3] fetching ..... [180531055],openTime=2018-05-31 18:37:00[5/80]
[G][05-31 18:37:25][gfgxk3] fetching ..... [180531055],openTime=2018-05-31 18:37:00[6/80]
[G][05-31 18:37:30][gfgxk3] fetching ..... [180531055],openTime=2018-05-31 18:37:00[7/80]
[G][05-31 18:37:35][gfgxk3] fetching ..... [180531055],openTime=2018-05-31 18:37:00[8/80]
[G][05-31 18:37:40][gfgxk3] fetching ..... [180531055],openTime=2018-05-31 18:37:00[9/80]
[G][05-31 18:37:45][gfgxk3] fetching ..... [180531055],openTime=2018-05-31 18:37:00[10/80]
[G][05-31 18:37:51][gfgxk3] fetching ..... [180531055],openTime=2018-05-31 18:37:00[11/80]
[G][05-31 18:37:55][gfgxk3] fetching ..... [180531055],openTime=2018-05-31 18:37:00[12/80]
[G][05-31 18:38:01][gfgxk3] fetching ..... [180531055],openTime=2018-05-31 18:37:00[13/80]
[G][05-31 18:38:05][gfgxk3] fetching ..... [180531055],openTime=2018-05-31 18:37:00[14/80]
[G][05-31 18:38:11][gfgxk3] fetching ..... [180531055],openTime=2018-05-31 18:37:00[15/80]
[G][05-31 18:38:15][gfgxk3] fetching ..... [180531055],openTime=2018-05-31 18:37:00[16/80]
[G][05-31 18:38:20][gfgxk3] fetching ..... [180531055],openTime=2018-05-31 18:37:00[17/80]
[G][05-31 18:38:25][gfgxk3] fetching ..... [180531055],openTime=2018-05-31 18:37:00[18/80]
[G][05-31 18:38:34][gfgxk3] fetching ..... [180531055],openTime=2018-05-31 18:37:00[19/80]
[G][05-31 18:38:35][gfgxk3] fetching ..... [180531055],openTime=2018-05-31 18:37:00[20/80]
[G][05-31 18:38:40][gfgxk3] fetching ..... [180531055],openTime=2018-05-31 18:37:00[21/80]
[G][05-31 18:38:45][gfgxk3] fetching ..... [180531055],openTime=2018-05-31 18:37:00[22/80]
[G][05-31 18:38:50][gfgxk3] fetching ..... [180531055],openTime=2018-05-31 18:37:00[23/80]
[G][05-31 18:38:55][gfgxk3] fetching ..... [180531055],openTime=2018-05-31 18:37:00[24/80]
[G][05-31 18:39:05][gfgxk3] fetching ..... [180531055],openTime=2018-05-31 18:37:00[25/80]
[G][05-31 18:39:06][gfgxk3] fetching ..... [180531055],openTime=2018-05-31 18:37:00[26/80]
[G][05-31 18:39:10][gfgxk3] fetching ..... [180531055],openTime=2018-05-31 18:37:00[27/80]
[G][05-31 18:39:17][gfgxk3] fetching ..... [180531055],openTime=2018-05-31 18:37:00[28/80]
[G][05-31 18:39:20][gfgxk3] fetching ..... [180531055],openTime=2018-05-31 18:37:00[29/80]
[G][05-31 18:39:25][gfgxk3] fetching ..... [180531055],openTime=2018-05-31 18:37:00[30/80]
[G][05-31 18:39:32][gfgxk3] fetching ..... [180531055],openTime=2018-05-31 18:37:00[31/80]
[G][05-31 18:39:35][gfgxk3] fetching ..... [180531055],openTime=2018-05-31 18:37:00[32/80]
[G][05-31 18:39:40][gfgxk3] fetching ..... [180531055],openTime=2018-05-31 18:37:00[33/80]
[G][05-31 18:39:45][gfgxk3] fetching ..... [180531055],openTime=2018-05-31 18:37:00[34/80]
[G][05-31 18:39:50][gfgxk3] fetching ..... [180531055],openTime=2018-05-31 18:37:00[35/80]
[G][05-31 18:39:55][gfgxk3] fetching ..... [180531055],openTime=2018-05-31 18:37:00[36/80]
[G][05-31 18:40:02][gfgxk3] fetching ..... [180531055],openTime=2018-05-31 18:37:00[37/80]
[G][05-31 18:40:11][gfgxk3] fetching ..... [180531055],openTime=2018-05-31 18:37:00[38/80]
[G][05-31 18:40:11][gfgxk3] fetching ..... [180531055],openTime=2018-05-31 18:37:00[39/80]
[G][05-31 18:40:17][gfgxk3] fetching ..... [180531055],openTime=2018-05-31 18:37:00[40/80]
[G][05-31 18:40:21][gfgxk3] fetching ..... [180531055],openTime=2018-05-31 18:37:00[41/80]
[G][05-31 18:40:26][gfgxk3] fetching ..... [180531055],openTime=2018-05-31 18:37:00[42/80]
[G][05-31 18:40:33][gfgxk3] fetching ..... [180531055],openTime=2018-05-31 18:37:00[43/80]
[G][05-31 18:40:57][gfgxk3] fetching ..... [180531055],openTime=2018-05-31 18:37:00[44/80]
[G][05-31 18:40:59][gfgxk3] fetching ..... [180531055],openTime=2018-05-31 18:37:00[45/80]
[G][05-31 18:41:03][gfgxk3] fetching ..... [180531055],openTime=2018-05-31 18:37:00[46/80]
[G][05-31 18:41:08][gfgxk3] fetching ..... [180531055],openTime=2018-05-31 18:37:00[47/80]
[G][05-31 18:41:13][gfgxk3] fetching ..... [180531055],openTime=2018-05-31 18:37:00[48/80]
[G][05-31 18:41:18][gfgxk3] fetching ..... [180531055],openTime=2018-05-31 18:37:00[49/80]
[G][05-31 18:41:23][gfgxk3] fetching ..... [180531055],openTime=2018-05-31 18:37:00[50/80]
[G][05-31 18:41:28][gfgxk3] fetching ..... [180531055],openTime=2018-05-31 18:37:00[51/80]
[G][05-31 18:41:33][gfgxk3] fetching ..... [180531055],openTime=2018-05-31 18:37:00[52/80]
[G][05-31 18:41:41][gfgxk3] fetching ..... [180531055],openTime=2018-05-31 18:37:00[53/80]
[G][05-31 18:41:43][gfgxk3] fetching ..... [180531055],openTime=2018-05-31 18:37:00[54/80]
[G][05-31 18:41:48][gfgxk3] fetching ..... [180531055],openTime=2018-05-31 18:37:00[55/80]
[G][05-31 18:41:53][gfgxk3] fetching ..... [180531055],openTime=2018-05-31 18:37:00[56/80]
[G][05-31 18:41:58][gfgxk3] fetching ..... [180531055],openTime=2018-05-31 18:37:00[57/80]
[G][05-31 18:42:03][gfgxk3] fetching ..... [180531055],openTime=2018-05-31 18:37:00[58/80]
[G][05-31 18:42:08][gfgxk3] fetching ..... [180531055],openTime=2018-05-31 18:37:00[59/80]
[G][05-31 18:42:13][gfgxk3] fetching ..... [180531055],openTime=2018-05-31 18:37:00[60/80]
[G][05-31 18:42:18][gfgxk3] fetching ..... [180531055],openTime=2018-05-31 18:37:00[61/80]
[G][05-31 18:42:23][gfgxk3] fetching ..... [180531055],openTime=2018-05-31 18:37:00[62/80]
[G][05-31 18:42:23][gfgxk3] RESULTS  _____ [180531055]=>5,6,6
[G][05-31 18:42:26][gfgxk3] update trade detail status...180531036
[G][05-31 18:42:27][gfgxk3] update trade detail status...180531037
[G][05-31 18:42:29][gfgxk3] update trade detail status...180531038
[G][05-31 18:42:30][gfgxk3] update trade detail status...180531039
[G][05-31 18:42:31][gfgxk3] update trade detail status...180531040
[G][05-31 18:42:33][gfgxk3] update trade detail status...180531041
[G][05-31 18:42:34][gfgxk3] update trade detail status...180531042
[G][05-31 18:42:35][gfgxk3] update trade detail status...180531043
[G][05-31 18:42:36][gfgxk3] update trade detail status...180531044
[G][05-31 18:42:37][gfgxk3] update trade detail status...180531045
[G][05-31 18:42:38][gfgxk3] update trade detail status...180531046
[G][05-31 18:42:39][gfgxk3] update trade detail status...180531047
[G][05-31 18:42:41][gfgxk3] update trade detail status...180531048
[G][05-31 18:42:42][gfgxk3] update trade detail status...180531049
[G][05-31 18:42:43][gfgxk3] update trade detail status...180531050
[G][05-31 18:42:44][gfgxk3] update trade detail status...180531051
[G][05-31 18:42:45][gfgxk3] update trade detail status...180531052
[G][05-31 18:42:46][gfgxk3] update trade detail status...180531053
[G][05-31 18:42:47][gfgxk3] update trade detail status...180531054
[G][05-31 18:42:49][gfgxk3] update trade detail status...180531055
[G][05-31 18:42:50][gfgxk3] SUCCESS  _^_^_ [180531055][26675ms]
[G][05-31 18:47:00][gfgxk3] timer launch .....
[G][05-31 18:47:05][gfgxk3] fetching ..... [180531056],openTime=2018-05-31 18:47:00[1/80]
[G][05-31 18:47:06][gfgxk3] fetching ..... [180531056],openTime=2018-05-31 18:47:00[2/80]
[G][05-31 18:47:11][gfgxk3] fetching ..... [180531056],openTime=2018-05-31 18:47:00[3/80]
[G][05-31 18:47:16][gfgxk3] fetching ..... [180531056],openTime=2018-05-31 18:47:00[4/80]
[G][05-31 18:47:21][gfgxk3] fetching ..... [180531056],openTime=2018-05-31 18:47:00[5/80]
[G][05-31 18:47:27][gfgxk3] fetching ..... [180531056],openTime=2018-05-31 18:47:00[6/80]
[G][05-31 18:47:32][gfgxk3] fetching ..... [180531056],openTime=2018-05-31 18:47:00[7/80]
[G][05-31 18:47:36][gfgxk3] fetching ..... [180531056],openTime=2018-05-31 18:47:00[8/80]
[G][05-31 18:47:41][gfgxk3] fetching ..... [180531056],openTime=2018-05-31 18:47:00[9/80]
[G][05-31 18:47:46][gfgxk3] fetching ..... [180531056],openTime=2018-05-31 18:47:00[10/80]
[G][05-31 18:47:51][gfgxk3] fetching ..... [180531056],openTime=2018-05-31 18:47:00[11/80]
[G][05-31 18:47:59][gfgxk3] fetching ..... [180531056],openTime=2018-05-31 18:47:00[12/80]
[G][05-31 18:48:01][gfgxk3] fetching ..... [180531056],openTime=2018-05-31 18:47:00[13/80]
[G][05-31 18:48:10][gfgxk3] fetching ..... [180531056],openTime=2018-05-31 18:47:00[14/80]
[G][05-31 18:48:11][gfgxk3] fetching ..... [180531056],openTime=2018-05-31 18:47:00[15/80]
[G][05-31 18:48:16][gfgxk3] fetching ..... [180531056],openTime=2018-05-31 18:47:00[16/80]
[G][05-31 18:48:22][gfgxk3] fetching ..... [180531056],openTime=2018-05-31 18:47:00[17/80]
[G][05-31 18:48:26][gfgxk3] fetching ..... [180531056],openTime=2018-05-31 18:47:00[18/80]
[G][05-31 18:48:31][gfgxk3] fetching ..... [180531056],openTime=2018-05-31 18:47:00[19/80]
[G][05-31 18:48:36][gfgxk3] fetching ..... [180531056],openTime=2018-05-31 18:47:00[20/80]
[G][05-31 18:48:41][gfgxk3] fetching ..... [180531056],openTime=2018-05-31 18:47:00[21/80]
[G][05-31 18:48:46][gfgxk3] fetching ..... [180531056],openTime=2018-05-31 18:47:00[22/80]
[G][05-31 18:48:51][gfgxk3] fetching ..... [180531056],openTime=2018-05-31 18:47:00[23/80]
[G][05-31 18:48:56][gfgxk3] fetching ..... [180531056],openTime=2018-05-31 18:47:00[24/80]
[G][05-31 18:49:02][gfgxk3] fetching ..... [180531056],openTime=2018-05-31 18:47:00[25/80]
[G][05-31 18:49:07][gfgxk3] fetching ..... [180531056],openTime=2018-05-31 18:47:00[26/80]
[G][05-31 18:49:11][gfgxk3] fetching ..... [180531056],openTime=2018-05-31 18:47:00[27/80]
[G][05-31 18:49:16][gfgxk3] fetching ..... [180531056],openTime=2018-05-31 18:47:00[28/80]
[G][05-31 18:49:21][gfgxk3] fetching ..... [180531056],openTime=2018-05-31 18:47:00[29/80]
[G][05-31 18:49:26][gfgxk3] fetching ..... [180531056],openTime=2018-05-31 18:47:00[30/80]
[G][05-31 18:49:32][gfgxk3] fetching ..... [180531056],openTime=2018-05-31 18:47:00[31/80]
[G][05-31 18:49:36][gfgxk3] fetching ..... [180531056],openTime=2018-05-31 18:47:00[32/80]
[G][05-31 18:49:41][gfgxk3] fetching ..... [180531056],openTime=2018-05-31 18:47:00[33/80]
[G][05-31 18:49:48][gfgxk3] fetching ..... [180531056],openTime=2018-05-31 18:47:00[34/80]
[G][05-31 18:49:51][gfgxk3] fetching ..... [180531056],openTime=2018-05-31 18:47:00[35/80]
[G][05-31 18:49:56][gfgxk3] fetching ..... [180531056],openTime=2018-05-31 18:47:00[36/80]
[G][05-31 18:50:01][gfgxk3] fetching ..... [180531056],openTime=2018-05-31 18:47:00[37/80]
[G][05-31 18:50:06][gfgxk3] fetching ..... [180531056],openTime=2018-05-31 18:47:00[38/80]
[G][05-31 18:50:11][gfgxk3] fetching ..... [180531056],openTime=2018-05-31 18:47:00[39/80]
[G][05-31 18:50:16][gfgxk3] fetching ..... [180531056],openTime=2018-05-31 18:47:00[40/80]
[G][05-31 18:50:21][gfgxk3] fetching ..... [180531056],openTime=2018-05-31 18:47:00[41/80]
[G][05-31 18:50:26][gfgxk3] fetching ..... [180531056],openTime=2018-05-31 18:47:00[42/80]
[G][05-31 18:50:31][gfgxk3] fetching ..... [180531056],openTime=2018-05-31 18:47:00[43/80]
[G][05-31 18:50:36][gfgxk3] fetching ..... [180531056],openTime=2018-05-31 18:47:00[44/80]
[G][05-31 18:50:46][gfgxk3] fetching ..... [180531056],openTime=2018-05-31 18:47:00[45/80]
[G][05-31 18:50:47][gfgxk3] fetching ..... [180531056],openTime=2018-05-31 18:47:00[46/80]
[G][05-31 18:50:58][gfgxk3] fetching ..... [180531056],openTime=2018-05-31 18:47:00[47/80]
[G][05-31 18:50:59][gfgxk3] fetching ..... [180531056],openTime=2018-05-31 18:47:00[48/80]
[G][05-31 18:51:03][gfgxk3] fetching ..... [180531056],openTime=2018-05-31 18:47:00[49/80]
[G][05-31 18:51:09][gfgxk3] fetching ..... [180531056],openTime=2018-05-31 18:47:00[50/80]
[G][05-31 18:51:13][gfgxk3] fetching ..... [180531056],openTime=2018-05-31 18:47:00[51/80]
[G][05-31 18:51:19][gfgxk3] fetching ..... [180531056],openTime=2018-05-31 18:47:00[52/80]
[G][05-31 18:51:23][gfgxk3] fetching ..... [180531056],openTime=2018-05-31 18:47:00[53/80]
[G][05-31 18:51:29][gfgxk3] fetching ..... [180531056],openTime=2018-05-31 18:47:00[54/80]
[G][05-31 18:51:33][gfgxk3] fetching ..... [180531056],openTime=2018-05-31 18:47:00[55/80]
[G][05-31 18:51:38][gfgxk3] fetching ..... [180531056],openTime=2018-05-31 18:47:00[56/80]
[G][05-31 18:51:43][gfgxk3] fetching ..... [180531056],openTime=2018-05-31 18:47:00[57/80]
[G][05-31 18:51:48][gfgxk3] fetching ..... [180531056],openTime=2018-05-31 18:47:00[58/80]
[G][05-31 18:51:53][gfgxk3] fetching ..... [180531056],openTime=2018-05-31 18:47:00[59/80]
[G][05-31 18:51:58][gfgxk3] fetching ..... [180531056],openTime=2018-05-31 18:47:00[60/80]
[G][05-31 18:52:03][gfgxk3] fetching ..... [180531056],openTime=2018-05-31 18:47:00[61/80]
[G][05-31 18:52:08][gfgxk3] fetching ..... [180531056],openTime=2018-05-31 18:47:00[62/80]
[G][05-31 18:52:13][gfgxk3] fetching ..... [180531056],openTime=2018-05-31 18:47:00[63/80]
[G][05-31 18:52:18][gfgxk3] fetching ..... [180531056],openTime=2018-05-31 18:47:00[64/80]
[G][05-31 18:52:23][gfgxk3] fetching ..... [180531056],openTime=2018-05-31 18:47:00[65/80]
[G][05-31 18:52:23][gfgxk3] RESULTS  _____ [180531056]=>1,3,5
[G][05-31 18:52:26][gfgxk3] update trade detail status...180531037
[G][05-31 18:52:29][gfgxk3] update trade detail status...180531038
[G][05-31 18:52:30][gfgxk3] update trade detail status...180531039
[G][05-31 18:52:31][gfgxk3] update trade detail status...180531040
[G][05-31 18:52:33][gfgxk3] update trade detail status...180531041
[G][05-31 18:52:34][gfgxk3] update trade detail status...180531042
[G][05-31 18:52:35][gfgxk3] update trade detail status...180531043
[G][05-31 18:52:36][gfgxk3] update trade detail status...180531044
[G][05-31 18:52:37][gfgxk3] update trade detail status...180531045
[G][05-31 18:52:39][gfgxk3] update trade detail status...180531046
[G][05-31 18:52:40][gfgxk3] update trade detail status...180531047
[G][05-31 18:52:41][gfgxk3] update trade detail status...180531048
[G][05-31 18:52:42][gfgxk3] update trade detail status...180531049
[G][05-31 18:52:43][gfgxk3] update trade detail status...180531050
[G][05-31 18:52:44][gfgxk3] update trade detail status...180531051
[G][05-31 18:52:45][gfgxk3] update trade detail status...180531052
[G][05-31 18:52:47][gfgxk3] update trade detail status...180531053
[G][05-31 18:52:48][gfgxk3] update trade detail status...180531054
[G][05-31 18:52:49][gfgxk3] update trade detail status...180531055
[G][05-31 18:52:50][gfgxk3] update trade detail status...180531056
[G][05-31 18:52:52][gfgxk3] SUCCESS  _^_^_ [180531056][28661ms]
[G][05-31 18:57:00][gfgxk3] timer launch .....
[G][05-31 18:57:06][gfgxk3] fetching ..... [180531057],openTime=2018-05-31 18:57:00[1/80]
[G][05-31 18:57:07][gfgxk3] fetching ..... [180531057],openTime=2018-05-31 18:57:00[2/80]
[G][05-31 18:57:11][gfgxk3] fetching ..... [180531057],openTime=2018-05-31 18:57:00[3/80]
[G][05-31 18:57:17][gfgxk3] fetching ..... [180531057],openTime=2018-05-31 18:57:00[4/80]
[G][05-31 18:57:22][gfgxk3] fetching ..... [180531057],openTime=2018-05-31 18:57:00[5/80]
[G][05-31 18:57:27][gfgxk3] fetching ..... [180531057],openTime=2018-05-31 18:57:00[6/80]
[G][05-31 18:57:35][gfgxk3] fetching ..... [180531057],openTime=2018-05-31 18:57:00[7/80]
[G][05-31 18:57:37][gfgxk3] fetching ..... [180531057],openTime=2018-05-31 18:57:00[8/80]
[G][05-31 18:57:42][gfgxk3] fetching ..... [180531057],openTime=2018-05-31 18:57:00[9/80]
[G][05-31 18:57:47][gfgxk3] fetching ..... [180531057],openTime=2018-05-31 18:57:00[10/80]
[G][05-31 18:57:51][gfgxk3] fetching ..... [180531057],openTime=2018-05-31 18:57:00[11/80]
[G][05-31 18:57:57][gfgxk3] fetching ..... [180531057],openTime=2018-05-31 18:57:00[12/80]
[G][05-31 18:58:02][gfgxk3] fetching ..... [180531057],openTime=2018-05-31 18:57:00[13/80]
[G][05-31 18:58:06][gfgxk3] fetching ..... [180531057],openTime=2018-05-31 18:57:00[14/80]
[G][05-31 18:58:12][gfgxk3] fetching ..... [180531057],openTime=2018-05-31 18:57:00[15/80]
[G][05-31 18:58:17][gfgxk3] fetching ..... [180531057],openTime=2018-05-31 18:57:00[16/80]
[G][05-31 18:58:22][gfgxk3] fetching ..... [180531057],openTime=2018-05-31 18:57:00[17/80]
[G][05-31 18:58:27][gfgxk3] fetching ..... [180531057],openTime=2018-05-31 18:57:00[18/80]
[G][05-31 18:58:31][gfgxk3] fetching ..... [180531057],openTime=2018-05-31 18:57:00[19/80]
[G][05-31 18:58:36][gfgxk3] fetching ..... [180531057],openTime=2018-05-31 18:57:00[20/80]
[G][05-31 18:58:41][gfgxk3] fetching ..... [180531057],openTime=2018-05-31 18:57:00[21/80]
[G][05-31 18:58:47][gfgxk3] fetching ..... [180531057],openTime=2018-05-31 18:57:00[22/80]
[G][05-31 18:58:53][gfgxk3] fetching ..... [180531057],openTime=2018-05-31 18:57:00[23/80]
[G][05-31 18:58:57][gfgxk3] fetching ..... [180531057],openTime=2018-05-31 18:57:00[24/80]
[G][05-31 18:59:05][gfgxk3] fetching ..... [180531057],openTime=2018-05-31 18:57:00[25/80]
[G][05-31 18:59:07][gfgxk3] fetching ..... [180531057],openTime=2018-05-31 18:57:00[26/80]
[G][05-31 18:59:12][gfgxk3] fetching ..... [180531057],openTime=2018-05-31 18:57:00[27/80]
[G][05-31 18:59:16][gfgxk3] fetching ..... [180531057],openTime=2018-05-31 18:57:00[28/80]
[G][05-31 18:59:22][gfgxk3] fetching ..... [180531057],openTime=2018-05-31 18:57:00[29/80]
[G][05-31 18:59:27][gfgxk3] fetching ..... [180531057],openTime=2018-05-31 18:57:00[30/80]
[G][05-31 18:59:31][gfgxk3] fetching ..... [180531057],openTime=2018-05-31 18:57:00[31/80]
[G][05-31 18:59:36][gfgxk3] fetching ..... [180531057],openTime=2018-05-31 18:57:00[32/80]
[G][05-31 18:59:42][gfgxk3] fetching ..... [180531057],openTime=2018-05-31 18:57:00[33/80]
[G][05-31 18:59:47][gfgxk3] fetching ..... [180531057],openTime=2018-05-31 18:57:00[34/80]
[G][05-31 18:59:52][gfgxk3] fetching ..... [180531057],openTime=2018-05-31 18:57:00[35/80]
[G][05-31 18:59:57][gfgxk3] fetching ..... [180531057],openTime=2018-05-31 18:57:00[36/80]
[G][05-31 19:00:02][gfgxk3] fetching ..... [180531057],openTime=2018-05-31 18:57:00[37/80]
[G][05-31 19:00:03][gfgxk3] init session[980ms]
[G][05-31 19:00:07][gfgxk3] fetching ..... [180531057],openTime=2018-05-31 18:57:00[38/80]
[G][05-31 19:00:12][gfgxk3] fetching ..... [180531057],openTime=2018-05-31 18:57:00[39/80]
[G][05-31 19:00:22][gfgxk3] fetching ..... [180531057],openTime=2018-05-31 18:57:00[40/80]
[G][05-31 19:00:22][gfgxk3] fetching ..... [180531057],openTime=2018-05-31 18:57:00[41/80]
[G][05-31 19:00:29][gfgxk3] fetching ..... [180531057],openTime=2018-05-31 18:57:00[42/80]
[G][05-31 19:00:32][gfgxk3] fetching ..... [180531057],openTime=2018-05-31 18:57:00[43/80]
[G][05-31 19:00:37][gfgxk3] fetching ..... [180531057],openTime=2018-05-31 18:57:00[44/80]
[G][05-31 19:00:47][gfgxk3] fetching ..... [180531057],openTime=2018-05-31 18:57:00[45/80]
[G][05-31 19:00:48][gfgxk3] fetching ..... [180531057],openTime=2018-05-31 18:57:00[46/80]
[G][05-31 19:00:54][gfgxk3] fetching ..... [180531057],openTime=2018-05-31 18:57:00[47/80]
[G][05-31 19:00:58][gfgxk3] fetching ..... [180531057],openTime=2018-05-31 18:57:00[48/80]
[G][05-31 19:01:03][gfgxk3] fetching ..... [180531057],openTime=2018-05-31 18:57:00[49/80]
[G][05-31 19:01:08][gfgxk3] fetching ..... [180531057],openTime=2018-05-31 18:57:00[50/80]
[G][05-31 19:01:14][gfgxk3] fetching ..... [180531057],openTime=2018-05-31 18:57:00[51/80]
[G][05-31 19:01:18][gfgxk3] fetching ..... [180531057],openTime=2018-05-31 18:57:00[52/80]
[G][05-31 19:01:24][gfgxk3] fetching ..... [180531057],openTime=2018-05-31 18:57:00[53/80]
[G][05-31 19:01:28][gfgxk3] fetching ..... [180531057],openTime=2018-05-31 18:57:00[54/80]
[G][05-31 19:01:33][gfgxk3] fetching ..... [180531057],openTime=2018-05-31 18:57:00[55/80]
[G][05-31 19:01:38][gfgxk3] fetching ..... [180531057],openTime=2018-05-31 18:57:00[56/80]
[G][05-31 19:01:43][gfgxk3] fetching ..... [180531057],openTime=2018-05-31 18:57:00[57/80]
[G][05-31 19:01:48][gfgxk3] fetching ..... [180531057],openTime=2018-05-31 18:57:00[58/80]
[G][05-31 19:01:54][gfgxk3] fetching ..... [180531057],openTime=2018-05-31 18:57:00[59/80]
[G][05-31 19:01:58][gfgxk3] fetching ..... [180531057],openTime=2018-05-31 18:57:00[60/80]
[G][05-31 19:02:05][gfgxk3] fetching ..... [180531057],openTime=2018-05-31 18:57:00[61/80]
[G][05-31 19:02:08][gfgxk3] fetching ..... [180531057],openTime=2018-05-31 18:57:00[62/80]
[G][05-31 19:02:13][gfgxk3] fetching ..... [180531057],openTime=2018-05-31 18:57:00[63/80]
[G][05-31 19:02:18][gfgxk3] fetching ..... [180531057],openTime=2018-05-31 18:57:00[64/80]
[G][05-31 19:02:23][gfgxk3] fetching ..... [180531057],openTime=2018-05-31 18:57:00[65/80]
[G][05-31 19:02:23][gfgxk3] RESULTS  _____ [180531057]=>1,3,6
[G][05-31 19:02:26][gfgxk3] update trade detail status...180531038
[G][05-31 19:02:27][gfgxk3] update trade detail status...180531039
[G][05-31 19:02:29][gfgxk3] update trade detail status...180531040
[G][05-31 19:02:30][gfgxk3] update trade detail status...180531041
[G][05-31 19:02:31][gfgxk3] update trade detail status...180531042
[G][05-31 19:02:32][gfgxk3] update trade detail status...180531043
[G][05-31 19:02:33][gfgxk3] update trade detail status...180531044
[G][05-31 19:02:35][gfgxk3] update trade detail status...180531045
[G][05-31 19:02:36][gfgxk3] update trade detail status...180531046
[G][05-31 19:02:37][gfgxk3] update trade detail status...180531047
[G][05-31 19:02:38][gfgxk3] update trade detail status...180531048
[G][05-31 19:02:39][gfgxk3] update trade detail status...180531049
[G][05-31 19:02:40][gfgxk3] update trade detail status...180531050
[G][05-31 19:02:41][gfgxk3] update trade detail status...180531051
[G][05-31 19:02:43][gfgxk3] update trade detail status...180531052
[G][05-31 19:02:44][gfgxk3] update trade detail status...180531053
[G][05-31 19:02:45][gfgxk3] update trade detail status...180531054
[G][05-31 19:02:46][gfgxk3] update trade detail status...180531055
[G][05-31 19:02:47][gfgxk3] update trade detail status...180531056
[G][05-31 19:02:49][gfgxk3] update trade detail status...180531057
[G][05-31 19:02:50][gfgxk3] SUCCESS  _^_^_ [180531057][27281ms]
[G][05-31 19:07:00][gfgxk3] timer launch .....
[G][05-31 19:07:01][gfgxk3] fetching ..... [180531058],openTime=2018-05-31 19:07:00[1/80]
[G][05-31 19:07:05][gfgxk3] fetching ..... [180531058],openTime=2018-05-31 19:07:00[2/80]
[G][05-31 19:07:10][gfgxk3] fetching ..... [180531058],openTime=2018-05-31 19:07:00[3/80]
[G][05-31 19:07:15][gfgxk3] fetching ..... [180531058],openTime=2018-05-31 19:07:00[4/80]
[G][05-31 19:07:20][gfgxk3] fetching ..... [180531058],openTime=2018-05-31 19:07:00[5/80]
[G][05-31 19:07:25][gfgxk3] fetching ..... [180531058],openTime=2018-05-31 19:07:00[6/80]
[G][05-31 19:07:34][gfgxk3] fetching ..... [180531058],openTime=2018-05-31 19:07:00[7/80]
[G][05-31 19:07:38][gfgxk3] fetching ..... [180531058],openTime=2018-05-31 19:07:00[8/80]
[G][05-31 19:07:44][gfgxk3] fetching ..... [180531058],openTime=2018-05-31 19:07:00[9/80]
[G][05-31 19:07:48][gfgxk3] fetching ..... [180531058],openTime=2018-05-31 19:07:00[10/80]
[G][05-31 19:07:50][gfgxk3] fetching ..... [180531058],openTime=2018-05-31 19:07:00[11/80]
[G][05-31 19:07:55][gfgxk3] fetching ..... [180531058],openTime=2018-05-31 19:07:00[12/80]
[G][05-31 19:08:02][gfgxk3] fetching ..... [180531058],openTime=2018-05-31 19:07:00[13/80]
[G][05-31 19:08:05][gfgxk3] fetching ..... [180531058],openTime=2018-05-31 19:07:00[14/80]
[G][05-31 19:08:11][gfgxk3] fetching ..... [180531058],openTime=2018-05-31 19:07:00[15/80]
[G][05-31 19:08:15][gfgxk3] fetching ..... [180531058],openTime=2018-05-31 19:07:00[16/80]
[G][05-31 19:08:20][gfgxk3] fetching ..... [180531058],openTime=2018-05-31 19:07:00[17/80]
[G][05-31 19:08:25][gfgxk3] fetching ..... [180531058],openTime=2018-05-31 19:07:00[18/80]
[G][05-31 19:08:32][gfgxk3] fetching ..... [180531058],openTime=2018-05-31 19:07:00[19/80]
[G][05-31 19:08:35][gfgxk3] fetching ..... [180531058],openTime=2018-05-31 19:07:00[20/80]
[G][05-31 19:08:40][gfgxk3] fetching ..... [180531058],openTime=2018-05-31 19:07:00[21/80]
[G][05-31 19:08:45][gfgxk3] fetching ..... [180531058],openTime=2018-05-31 19:07:00[22/80]
[G][05-31 19:08:50][gfgxk3] fetching ..... [180531058],openTime=2018-05-31 19:07:00[23/80]
[G][05-31 19:08:55][gfgxk3] fetching ..... [180531058],openTime=2018-05-31 19:07:00[24/80]
[G][05-31 19:09:02][gfgxk3] fetching ..... [180531058],openTime=2018-05-31 19:07:00[25/80]
[G][05-31 19:09:07][gfgxk3] fetching ..... [180531058],openTime=2018-05-31 19:07:00[26/80]
[G][05-31 19:09:11][gfgxk3] fetching ..... [180531058],openTime=2018-05-31 19:07:00[27/80]
[G][05-31 19:09:16][gfgxk3] fetching ..... [180531058],openTime=2018-05-31 19:07:00[28/80]
[G][05-31 19:09:22][gfgxk3] fetching ..... [180531058],openTime=2018-05-31 19:07:00[29/80]
[G][05-31 19:09:26][gfgxk3] fetching ..... [180531058],openTime=2018-05-31 19:07:00[30/80]
[G][05-31 19:09:31][gfgxk3] fetching ..... [180531058],openTime=2018-05-31 19:07:00[31/80]
[G][05-31 19:09:35][gfgxk3] fetching ..... [180531058],openTime=2018-05-31 19:07:00[32/80]
[G][05-31 19:09:40][gfgxk3] fetching ..... [180531058],openTime=2018-05-31 19:07:00[33/80]
[G][05-31 19:09:45][gfgxk3] fetching ..... [180531058],openTime=2018-05-31 19:07:00[34/80]
[G][05-31 19:09:50][gfgxk3] fetching ..... [180531058],openTime=2018-05-31 19:07:00[35/80]
[G][05-31 19:09:55][gfgxk3] fetching ..... [180531058],openTime=2018-05-31 19:07:00[36/80]
[G][05-31 19:10:02][gfgxk3] fetching ..... [180531058],openTime=2018-05-31 19:07:00[37/80]
[G][05-31 19:10:08][gfgxk3] fetching ..... [180531058],openTime=2018-05-31 19:07:00[38/80]
