[G][05-31 09:10:30][gfhubk3] timer launch .....
[G][05-31 09:20:30][gfhubk3] timer launch .....
[G][05-31 09:31:12][gfhubk3] timer launch .....
[G][05-31 09:40:30][gfhubk3] timer launch .....
[G][05-31 09:50:30][gfhubk3] timer launch .....
[G][05-31 10:00:30][gfhubk3] timer launch .....
[G][05-31 10:10:30][gfhubk3] timer launch .....
[G][05-31 10:20:30][gfhubk3] timer launch .....
[G][05-31 14:00:30][gfhubk3] timer launch .....
[G][05-31 16:00:30][gfhubk3] timer launch .....
[G][05-31 16:00:55][gfhubk3] fetching ..... [180531042],openTime=2018-05-31 16:00:00[1/80]
[G][05-31 16:00:55][gfhubk3] RESULTS  _____ [180531042]=>1,4,6
[G][05-31 16:00:59][gfhubk3] update trade detail status...180531023
[G][05-31 16:01:01][gfhubk3] update trade detail status...180531024
[G][05-31 16:01:03][gfhubk3] update trade detail status...180531025
[G][05-31 16:01:04][gfhubk3] update trade detail status...180531026
[G][05-31 16:01:06][gfhubk3] update trade detail status...180531027
[G][05-31 16:01:08][gfhubk3] update trade detail status...180531028
[G][05-31 16:01:11][gfhubk3] update trade detail status...180531029
[G][05-31 16:01:13][gfhubk3] update trade detail status...180531030
[G][05-31 16:01:14][gfhubk3] update trade detail status...180531031
[G][05-31 16:01:15][gfhubk3] update trade detail status...180531032
[G][05-31 16:01:16][gfhubk3] update trade detail status...180531033
[G][05-31 16:01:18][gfhubk3] update trade detail status...180531034
[G][05-31 16:01:20][gfhubk3] update trade detail status...180531035
[G][05-31 16:01:22][gfhubk3] update trade detail status...180531036
[G][05-31 16:01:24][gfhubk3] update trade detail status...180531037
[G][05-31 16:01:25][gfhubk3] update trade detail status...180531038
[G][05-31 16:01:27][gfhubk3] update trade detail status...180531039
[G][05-31 16:01:30][gfhubk3] update trade detail status...180531040
[G][05-31 16:01:32][gfhubk3] update trade detail status...180531041
[G][05-31 16:01:33][gfhubk3] update trade detail status...180531042
[G][05-31 16:01:35][gfhubk3] SUCCESS  _^_^_ [180531042][39985ms]
[G][05-31 16:11:15][gfhubk3] timer launch .....
[G][05-31 16:11:28][gfhubk3] fetching ..... [180531043],openTime=2018-05-31 16:10:00[1/80]
[G][05-31 16:11:29][gfhubk3] RESULTS  _____ [180531043]=>2,3,6
[G][05-31 16:11:35][gfhubk3] update trade detail status...180531024
[G][05-31 16:11:39][gfhubk3] update trade detail status...180531025
[G][05-31 16:11:42][gfhubk3] update trade detail status...180531026
[G][05-31 16:11:44][gfhubk3] update trade detail status...180531027
[G][05-31 16:11:46][gfhubk3] update trade detail status...180531028
[G][05-31 16:11:50][gfhubk3] update trade detail status...180531029
[G][05-31 16:11:51][gfhubk3] update trade detail status...180531030
[G][05-31 16:11:53][gfhubk3] update trade detail status...180531031
[G][05-31 16:11:55][gfhubk3] update trade detail status...180531032
[G][05-31 16:11:57][gfhubk3] update trade detail status...180531033
[G][05-31 16:11:58][gfhubk3] update trade detail status...180531034
[G][05-31 16:11:59][gfhubk3] update trade detail status...180531035
[G][05-31 16:12:01][gfhubk3] update trade detail status...180531036
[G][05-31 16:12:03][gfhubk3] update trade detail status...180531037
[G][05-31 16:12:05][gfhubk3] update trade detail status...180531038
[G][05-31 16:12:06][gfhubk3] update trade detail status...180531039
[G][05-31 16:12:08][gfhubk3] update trade detail status...180531040
[G][05-31 16:12:12][gfhubk3] update trade detail status...180531041
[G][05-31 16:12:16][gfhubk3] update trade detail status...180531042
[G][05-31 16:12:18][gfhubk3] update trade detail status...180531043
[G][05-31 16:12:21][gfhubk3] SUCCESS  _^_^_ [180531043][52379ms]
[G][05-31 16:20:30][gfhubk3] timer launch .....
[G][05-31 16:20:37][gfhubk3] fetching ..... [180531044],openTime=2018-05-31 16:20:00[1/80]
[G][05-31 16:20:38][gfhubk3] fetching ..... [180531044],openTime=2018-05-31 16:20:00[2/80]
[G][05-31 16:20:43][gfhubk3] fetching ..... [180531044],openTime=2018-05-31 16:20:00[3/80]
[G][05-31 16:20:48][gfhubk3] fetching ..... [180531044],openTime=2018-05-31 16:20:00[4/80]
[G][05-31 16:20:54][gfhubk3] fetch ERROR [null]
[G][05-31 16:20:54][gfhubk3] fetching ..... [180531044],openTime=2018-05-31 16:20:00[5/80]
[G][05-31 16:20:54][gfhubk3] RESULTS  _____ [180531044]=>1,4,5
[G][05-31 16:21:02][gfhubk3] update trade detail status...180531025
[G][05-31 16:21:05][gfhubk3] update trade detail status...180531026
[G][05-31 16:21:07][gfhubk3] update trade detail status...180531027
[G][05-31 16:21:08][gfhubk3] update trade detail status...180531028
[G][05-31 16:21:10][gfhubk3] update trade detail status...180531029
[G][05-31 16:21:12][gfhubk3] update trade detail status...180531030
[G][05-31 16:21:13][gfhubk3] update trade detail status...180531031
[G][05-31 16:21:15][gfhubk3] update trade detail status...180531032
[G][05-31 16:21:17][gfhubk3] update trade detail status...180531033
[G][05-31 16:21:18][gfhubk3] update trade detail status...180531034
[G][05-31 16:21:21][gfhubk3] update trade detail status...180531035
[G][05-31 16:21:22][gfhubk3] update trade detail status...180531036
[G][05-31 16:21:24][gfhubk3] update trade detail status...180531037
[G][05-31 16:21:26][gfhubk3] update trade detail status...180531038
[G][05-31 16:21:28][gfhubk3] update trade detail status...180531039
[G][05-31 16:21:29][gfhubk3] update trade detail status...180531040
[G][05-31 16:21:30][gfhubk3] update trade detail status...180531041
[G][05-31 16:21:32][gfhubk3] update trade detail status...180531042
[G][05-31 16:21:35][gfhubk3] update trade detail status...180531043
[G][05-31 16:21:38][gfhubk3] update trade detail status...180531044
[G][05-31 16:21:39][gfhubk3] SUCCESS  _^_^_ [180531044][44632ms]
[G][05-31 16:30:31][gfhubk3] timer launch .....
[G][05-31 16:30:32][gfhubk3] init session[21117ms]
[G][05-31 16:30:45][gfhubk3] fetching ..... [180531045],openTime=2018-05-31 16:30:00[1/80]
[G][05-31 16:30:47][gfhubk3] fetching ..... [180531045],openTime=2018-05-31 16:30:00[2/80]
[G][05-31 16:30:56][gfhubk3] fetching ..... [180531045],openTime=2018-05-31 16:30:00[3/80]
[G][05-31 16:30:57][gfhubk3] RESULTS  _____ [180531045]=>5,5,5
[G][05-31 16:31:07][gfhubk3] update trade detail status...180531026
[G][05-31 16:31:10][gfhubk3] update trade detail status...180531027
[G][05-31 16:31:16][gfhubk3] update trade detail status...180531028
[G][05-31 16:31:20][gfhubk3] update trade detail status...180531029
[G][05-31 16:31:24][gfhubk3] update trade detail status...180531030
[G][05-31 16:31:29][gfhubk3] update trade detail status...180531031
[G][05-31 16:31:34][gfhubk3] update trade detail status...180531032
[G][05-31 16:40:30][gfhubk3] timer launch .....
[G][05-31 16:40:50][gfhubk3] fetching ..... [180531046],openTime=2018-05-31 16:40:00[1/80]
[G][05-31 16:40:51][gfhubk3] fetching ..... [180531046],openTime=2018-05-31 16:40:00[2/80]
[G][05-31 16:40:57][gfhubk3] fetching ..... [180531046],openTime=2018-05-31 16:40:00[3/80]
[G][05-31 16:40:57][gfhubk3] RESULTS  _____ [180531046]=>1,6,6
[G][05-31 16:41:00][gfhubk3] update trade detail status...180531027
[G][05-31 16:41:01][gfhubk3] update trade detail status...180531028
[G][05-31 16:41:03][gfhubk3] update trade detail status...180531029
[G][05-31 16:41:04][gfhubk3] update trade detail status...180531030
[G][05-31 16:41:06][gfhubk3] update trade detail status...180531031
[G][05-31 16:41:10][gfhubk3] update trade detail status...180531032
[G][05-31 16:41:11][gfhubk3] update trade detail status...180531033
[G][05-31 16:41:13][gfhubk3] update trade detail status...180531034
[G][05-31 16:41:15][gfhubk3] update trade detail status...180531035
[G][05-31 16:41:19][gfhubk3] update trade detail status...180531036
[G][05-31 16:41:21][gfhubk3] update trade detail status...180531037
[G][05-31 16:41:22][gfhubk3] update trade detail status...180531038
[G][05-31 16:41:23][gfhubk3] update trade detail status...180531039
[G][05-31 16:41:24][gfhubk3] update trade detail status...180531040
[G][05-31 16:41:27][gfhubk3] update trade detail status...180531041
[G][05-31 16:41:29][gfhubk3] update trade detail status...180531042
[G][05-31 16:41:31][gfhubk3] update trade detail status...180531043
[G][05-31 16:41:32][gfhubk3] update trade detail status...180531044
[G][05-31 16:41:35][gfhubk3] update trade detail status...180531045
[G][05-31 16:41:39][gfhubk3] update trade detail status...180531046
[G][05-31 16:41:40][gfhubk3] SUCCESS  _^_^_ [180531046][43271ms]
[G][05-31 16:50:30][gfhubk3] timer launch .....
[G][05-31 16:50:49][gfhubk3] fetching ..... [180531047],openTime=2018-05-31 16:50:00[1/80]
[G][05-31 16:50:55][gfhubk3] fetching ..... [180531047],openTime=2018-05-31 16:50:00[2/80]
[G][05-31 16:50:56][gfhubk3] fetching ..... [180531047],openTime=2018-05-31 16:50:00[3/80]
[G][05-31 16:51:02][gfhubk3] fetching ..... [180531047],openTime=2018-05-31 16:50:00[4/80]
[G][05-31 16:51:06][gfhubk3] fetching ..... [180531047],openTime=2018-05-31 16:50:00[5/80]
[G][05-31 16:51:06][gfhubk3] RESULTS  _____ [180531047]=>1,6,6
[G][05-31 16:51:09][gfhubk3] update trade detail status...180531028
[G][05-31 16:51:12][gfhubk3] update trade detail status...180531029
[G][05-31 16:51:13][gfhubk3] update trade detail status...180531030
[G][05-31 16:51:45][gfhubk3] update trade detail status...180531031
[G][05-31 16:51:47][gfhubk3] update trade detail status...180531032
[G][05-31 16:51:48][gfhubk3] update trade detail status...180531033
[G][05-31 16:51:50][gfhubk3] update trade detail status...180531034
[G][05-31 16:51:52][gfhubk3] update trade detail status...180531035
[G][05-31 16:51:54][gfhubk3] update trade detail status...180531036
[G][05-31 16:51:55][gfhubk3] update trade detail status...180531037
[G][05-31 16:51:56][gfhubk3] update trade detail status...180531038
[G][05-31 16:51:58][gfhubk3] update trade detail status...180531039
[G][05-31 16:51:59][gfhubk3] update trade detail status...180531040
[G][05-31 16:52:02][gfhubk3] update trade detail status...180531041
[G][05-31 16:52:04][gfhubk3] update trade detail status...180531042
[G][05-31 16:52:06][gfhubk3] update trade detail status...180531043
[G][05-31 16:52:07][gfhubk3] update trade detail status...180531044
[G][05-31 16:52:09][gfhubk3] update trade detail status...180531045
[G][05-31 16:52:10][gfhubk3] update trade detail status...180531046
[G][05-31 16:52:12][gfhubk3] update trade detail status...180531047
[G][05-31 16:52:17][gfhubk3] SUCCESS  _^_^_ [180531047][71459ms]
[G][05-31 17:00:08][gfhubk3] init session[1043ms]
[G][05-31 17:00:30][gfhubk3] timer launch .....
[G][05-31 17:00:36][gfhubk3] fetching ..... [180531048],openTime=2018-05-31 17:00:00[1/80]
[G][05-31 17:00:38][gfhubk3] fetching ..... [180531048],openTime=2018-05-31 17:00:00[2/80]
[G][05-31 17:00:49][gfhubk3] fetching ..... [180531048],openTime=2018-05-31 17:00:00[3/80]
[G][05-31 17:00:50][gfhubk3] fetching ..... [180531048],openTime=2018-05-31 17:00:00[4/80]
[G][05-31 17:00:55][gfhubk3] fetching ..... [180531048],openTime=2018-05-31 17:00:00[5/80]
[G][05-31 17:01:02][gfhubk3] fetching ..... [180531048],openTime=2018-05-31 17:00:00[6/80]
[G][05-31 17:01:02][gfhubk3] RESULTS  _____ [180531048]=>1,1,3
[G][05-31 17:01:06][gfhubk3] update trade detail status...180531029
[G][05-31 17:01:08][gfhubk3] update trade detail status...180531030
[G][05-31 17:01:10][gfhubk3] update trade detail status...180531031
[G][05-31 17:01:12][gfhubk3] update trade detail status...180531032
[G][05-31 17:01:13][gfhubk3] update trade detail status...180531033
[G][05-31 17:01:15][gfhubk3] update trade detail status...180531034
[G][05-31 17:01:17][gfhubk3] update trade detail status...180531035
[G][05-31 17:01:19][gfhubk3] update trade detail status...180531036
[G][05-31 17:01:20][gfhubk3] update trade detail status...180531037
[G][05-31 17:01:21][gfhubk3] update trade detail status...180531038
[G][05-31 17:01:24][gfhubk3] update trade detail status...180531039
[G][05-31 17:01:27][gfhubk3] update trade detail status...180531040
[G][05-31 17:01:28][gfhubk3] update trade detail status...180531041
[G][05-31 17:01:29][gfhubk3] update trade detail status...180531042
[G][05-31 17:01:31][gfhubk3] update trade detail status...180531043
[G][05-31 17:01:33][gfhubk3] update trade detail status...180531044
[G][05-31 17:01:35][gfhubk3] update trade detail status...180531045
[G][05-31 17:01:38][gfhubk3] update trade detail status...180531046
[G][05-31 17:01:40][gfhubk3] update trade detail status...180531047
[G][05-31 17:01:42][gfhubk3] update trade detail status...180531048
[G][05-31 17:01:47][gfhubk3] SUCCESS  _^_^_ [180531048][44799ms]
[G][05-31 18:30:03][gfhubk3] init session[1226ms]
[G][05-31 18:30:30][gfhubk3] timer launch .....
[G][05-31 18:30:34][gfhubk3] fetching ..... [180531057],openTime=2018-05-31 18:30:00[1/80]
[G][05-31 18:30:44][gfhubk3] fetching ..... [180531057],openTime=2018-05-31 18:30:00[2/80]
[G][05-31 18:30:44][gfhubk3] fetching ..... [180531057],openTime=2018-05-31 18:30:00[3/80]
[G][05-31 18:30:49][gfhubk3] fetching ..... [180531057],openTime=2018-05-31 18:30:00[4/80]
[G][05-31 18:30:49][gfhubk3] RESULTS  _____ [180531057]=>3,4,5
[G][05-31 18:30:53][gfhubk3] update trade detail status...180531038
[G][05-31 18:30:54][gfhubk3] update trade detail status...180531039
[G][05-31 18:30:56][gfhubk3] update trade detail status...180531040
[G][05-31 18:30:57][gfhubk3] update trade detail status...180531041
[G][05-31 18:30:58][gfhubk3] update trade detail status...180531042
[G][05-31 18:30:59][gfhubk3] update trade detail status...180531043
[G][05-31 18:31:01][gfhubk3] update trade detail status...180531044
[G][05-31 18:31:02][gfhubk3] update trade detail status...180531045
[G][05-31 18:31:03][gfhubk3] update trade detail status...180531046
[G][05-31 18:31:04][gfhubk3] update trade detail status...180531047
[G][05-31 18:31:05][gfhubk3] update trade detail status...180531048
[G][05-31 18:31:06][gfhubk3] update trade detail status...180531049
[G][05-31 18:31:13][gfhubk3] update trade detail status...180531050
[G][05-31 18:31:18][gfhubk3] update trade detail status...180531051
[G][05-31 18:31:35][gfhubk3] update trade detail status...180531052
[G][05-31 18:31:48][gfhubk3] update trade detail status...180531053
[G][05-31 18:31:53][gfhubk3] update trade detail status...180531054
[G][05-31 18:31:55][gfhubk3] update trade detail status...180531055
[G][05-31 18:31:56][gfhubk3] update trade detail status...180531056
[G][05-31 18:31:57][gfhubk3] update trade detail status...180531057
[G][05-31 18:31:59][gfhubk3] SUCCESS  _^_^_ [180531057][69761ms]
[G][05-31 18:40:30][gfhubk3] timer launch .....
[G][05-31 18:40:43][gfhubk3] fetching ..... [180531058],openTime=2018-05-31 18:40:00[1/80]
[G][05-31 18:40:44][gfhubk3] fetching ..... [180531058],openTime=2018-05-31 18:40:00[2/80]
[G][05-31 18:40:49][gfhubk3] fetching ..... [180531058],openTime=2018-05-31 18:40:00[3/80]
[G][05-31 18:41:03][gfhubk3] fetching ..... [180531058],openTime=2018-05-31 18:40:00[4/80]
[G][05-31 18:41:03][gfhubk3] RESULTS  _____ [180531058]=>1,4,6
[G][05-31 18:41:05][gfhubk3] update trade detail status...180531039
[G][05-31 18:41:06][gfhubk3] update trade detail status...180531040
[G][05-31 18:41:07][gfhubk3] update trade detail status...180531041
[G][05-31 18:41:08][gfhubk3] update trade detail status...180531042
[G][05-31 18:41:10][gfhubk3] update trade detail status...180531043
[G][05-31 18:41:11][gfhubk3] update trade detail status...180531044
[G][05-31 18:41:12][gfhubk3] update trade detail status...180531045
[G][05-31 18:41:13][gfhubk3] update trade detail status...180531046
[G][05-31 18:41:15][gfhubk3] update trade detail status...180531047
[G][05-31 18:41:16][gfhubk3] update trade detail status...180531048
[G][05-31 18:41:17][gfhubk3] update trade detail status...180531049
[G][05-31 18:41:18][gfhubk3] update trade detail status...180531050
[G][05-31 18:41:20][gfhubk3] update trade detail status...180531051
[G][05-31 18:41:21][gfhubk3] update trade detail status...180531052
[G][05-31 18:41:23][gfhubk3] update trade detail status...180531053
[G][05-31 18:41:24][gfhubk3] update trade detail status...180531054
[G][05-31 18:41:26][gfhubk3] update trade detail status...180531055
[G][05-31 18:41:27][gfhubk3] update trade detail status...180531056
[G][05-31 18:41:28][gfhubk3] update trade detail status...180531057
[G][05-31 18:41:29][gfhubk3] update trade detail status...180531058
[G][05-31 18:41:31][gfhubk3] SUCCESS  _^_^_ [180531058][28138ms]
[G][05-31 18:50:30][gfhubk3] timer launch .....
[G][05-31 18:50:34][gfhubk3] fetching ..... [180531059],openTime=2018-05-31 18:50:00[1/80]
[G][05-31 18:50:52][gfhubk3] fetching ..... [180531059],openTime=2018-05-31 18:50:00[2/80]
[G][05-31 18:50:52][gfhubk3] RESULTS  _____ [180531059]=>2,2,6
[G][05-31 18:50:55][gfhubk3] update trade detail status...180531040
[G][05-31 18:50:56][gfhubk3] update trade detail status...180531041
[G][05-31 18:50:58][gfhubk3] update trade detail status...180531042
[G][05-31 18:51:00][gfhubk3] update trade detail status...180531043
[G][05-31 18:51:02][gfhubk3] update trade detail status...180531044
[G][05-31 18:51:03][gfhubk3] update trade detail status...180531045
[G][05-31 18:51:05][gfhubk3] update trade detail status...180531046
[G][05-31 18:51:07][gfhubk3] update trade detail status...180531047
[G][05-31 18:51:08][gfhubk3] update trade detail status...180531048
[G][05-31 18:51:10][gfhubk3] update trade detail status...180531049
[G][05-31 18:51:12][gfhubk3] update trade detail status...180531050
[G][05-31 18:51:14][gfhubk3] update trade detail status...180531051
[G][05-31 18:51:16][gfhubk3] update trade detail status...180531052
[G][05-31 18:51:18][gfhubk3] update trade detail status...180531053
[G][05-31 18:51:20][gfhubk3] update trade detail status...180531054
[G][05-31 18:51:21][gfhubk3] update trade detail status...180531055
[G][05-31 18:51:23][gfhubk3] update trade detail status...180531056
[G][05-31 18:51:24][gfhubk3] update trade detail status...180531057
[G][05-31 18:51:26][gfhubk3] update trade detail status...180531058
[G][05-31 18:51:28][gfhubk3] update trade detail status...180531059
[G][05-31 18:51:30][gfhubk3] SUCCESS  _^_^_ [180531059][38458ms]
[G][05-31 19:00:03][gfhubk3] init session[773ms]
[G][05-31 19:00:30][gfhubk3] timer launch .....
[G][05-31 19:00:40][gfhubk3] fetching ..... [180531060],openTime=2018-05-31 19:00:00[1/80]
[G][05-31 19:00:41][gfhubk3] fetching ..... [180531060],openTime=2018-05-31 19:00:00[2/80]
[G][05-31 19:00:46][gfhubk3] fetching ..... [180531060],openTime=2018-05-31 19:00:00[3/80]
[G][05-31 19:00:51][gfhubk3] fetching ..... [180531060],openTime=2018-05-31 19:00:00[4/80]
[G][05-31 19:00:51][gfhubk3] RESULTS  _____ [180531060]=>2,2,4
[G][05-31 19:00:53][gfhubk3] update trade detail status...180531041
[G][05-31 19:00:55][gfhubk3] update trade detail status...180531042
[G][05-31 19:00:56][gfhubk3] update trade detail status...180531043
[G][05-31 19:00:57][gfhubk3] update trade detail status...180531044
[G][05-31 19:00:58][gfhubk3] update trade detail status...180531045
[G][05-31 19:01:00][gfhubk3] update trade detail status...180531046
[G][05-31 19:01:01][gfhubk3] update trade detail status...180531047
[G][05-31 19:01:02][gfhubk3] update trade detail status...180531048
[G][05-31 19:01:03][gfhubk3] update trade detail status...180531049
[G][05-31 19:01:04][gfhubk3] update trade detail status...180531050
[G][05-31 19:01:05][gfhubk3] update trade detail status...180531051
[G][05-31 19:01:06][gfhubk3] update trade detail status...180531052
[G][05-31 19:01:07][gfhubk3] update trade detail status...180531053
[G][05-31 19:01:08][gfhubk3] update trade detail status...180531054
[G][05-31 19:01:09][gfhubk3] update trade detail status...180531055
[G][05-31 19:01:10][gfhubk3] update trade detail status...180531056
[G][05-31 19:01:12][gfhubk3] update trade detail status...180531057
[G][05-31 19:01:13][gfhubk3] update trade detail status...180531058
[G][05-31 19:01:14][gfhubk3] update trade detail status...180531059
[G][05-31 19:01:15][gfhubk3] update trade detail status...180531060
[G][05-31 19:01:16][gfhubk3] SUCCESS  _^_^_ [180531060][25175ms]
