[G][05-31 09:04:30][gfjsft] timer launch .....
[G][05-31 09:05:00][gfjsft] timer launch .....
[G][05-31 09:05:30][gfjsft] timer launch .....
[G][05-31 09:06:00][gfjsft] timer launch .....
[G][05-31 09:06:30][gfjsft] timer launch .....
[G][05-31 09:07:00][gfjsft] timer launch .....
[G][05-31 09:07:30][gfjsft] timer launch .....
[G][05-31 09:08:00][gfjsft] timer launch .....
[G][05-31 09:08:25][gfjsft] trend count[639ms]
[G][05-31 09:08:30][gfjsft] timer launch .....
[G][05-31 09:09:00][gfjsft] timer launch .....
[G][05-31 09:09:30][gfjsft] timer launch .....
[G][05-31 09:10:00][gfjsft] timer launch .....
[G][05-31 09:10:30][gfjsft] timer launch .....
[G][05-31 09:11:00][gfjsft] timer launch .....
[G][05-31 09:11:30][gfjsft] timer launch .....
[G][05-31 09:12:00][gfjsft] timer launch .....
[G][05-31 09:12:30][gfjsft] timer launch .....
[G][05-31 09:13:00][gfjsft] timer launch .....
[G][05-31 09:13:25][gfjsft] trend count[404ms]
[G][05-31 09:13:30][gfjsft] timer launch .....
[G][05-31 09:14:00][gfjsft] timer launch .....
[G][05-31 09:14:30][gfjsft] timer launch .....
[G][05-31 09:15:00][gfjsft] timer launch .....
[G][05-31 09:15:30][gfjsft] timer launch .....
[G][05-31 09:16:00][gfjsft] timer launch .....
[G][05-31 09:16:30][gfjsft] timer launch .....
[G][05-31 09:17:00][gfjsft] timer launch .....
[G][05-31 09:17:30][gfjsft] timer launch .....
[G][05-31 09:18:00][gfjsft] timer launch .....
[G][05-31 09:18:26][gfjsft] trend count[1248ms]
[G][05-31 09:18:30][gfjsft] timer launch .....
[G][05-31 09:19:00][gfjsft] timer launch .....
[G][05-31 09:19:30][gfjsft] timer launch .....
[G][05-31 09:20:00][gfjsft] timer launch .....
[G][05-31 09:20:30][gfjsft] timer launch .....
[G][05-31 09:21:00][gfjsft] timer launch .....
[G][05-31 09:21:30][gfjsft] timer launch .....
[G][05-31 09:22:00][gfjsft] timer launch .....
[G][05-31 09:22:30][gfjsft] timer launch .....
[G][05-31 09:23:00][gfjsft] timer launch .....
[G][05-31 09:23:25][gfjsft] trend count[710ms]
[G][05-31 09:23:30][gfjsft] timer launch .....
[G][05-31 09:24:00][gfjsft] timer launch .....
[G][05-31 09:24:30][gfjsft] timer launch .....
[G][05-31 09:25:00][gfjsft] timer launch .....
[G][05-31 09:25:30][gfjsft] timer launch .....
[G][05-31 09:26:00][gfjsft] timer launch .....
[G][05-31 09:26:30][gfjsft] timer launch .....
[G][05-31 09:27:00][gfjsft] timer launch .....
[G][05-31 09:27:30][gfjsft] timer launch .....
[G][05-31 09:28:00][gfjsft] timer launch .....
[G][05-31 09:28:26][gfjsft] trend count[1046ms]
[G][05-31 09:28:30][gfjsft] timer launch .....
[G][05-31 09:29:00][gfjsft] timer launch .....
[G][05-31 09:29:30][gfjsft] timer launch .....
[G][05-31 09:30:00][gfjsft] timer launch .....
[G][05-31 09:31:12][gfjsft] timer launch .....
[G][05-31 09:31:12][gfjsft] timer launch .....
[G][05-31 09:31:45][gfjsft] timer launch .....
[G][05-31 09:32:00][gfjsft] timer launch .....
[G][05-31 09:32:30][gfjsft] timer launch .....
[G][05-31 09:33:00][gfjsft] timer launch .....
[G][05-31 09:33:26][gfjsft] trend count[1580ms]
[G][05-31 09:33:30][gfjsft] timer launch .....
[G][05-31 09:34:00][gfjsft] timer launch .....
[G][05-31 09:34:30][gfjsft] timer launch .....
[G][05-31 09:35:00][gfjsft] timer launch .....
[G][05-31 09:35:20][gfjsft] init session[313524ms]
[G][05-31 09:35:30][gfjsft] timer launch .....
[G][05-31 09:36:00][gfjsft] timer launch .....
[G][05-31 09:36:30][gfjsft] timer launch .....
[G][05-31 09:37:00][gfjsft] timer launch .....
[G][05-31 09:37:30][gfjsft] timer launch .....
[G][05-31 09:38:00][gfjsft] timer launch .....
[G][05-31 09:38:25][gfjsft] trend count[811ms]
[G][05-31 09:38:30][gfjsft] timer launch .....
[G][05-31 09:39:00][gfjsft] timer launch .....
[G][05-31 09:39:30][gfjsft] timer launch .....
[G][05-31 09:40:00][gfjsft] timer launch .....
[G][05-31 09:40:30][gfjsft] timer launch .....
[G][05-31 09:41:00][gfjsft] timer launch .....
[G][05-31 09:41:30][gfjsft] timer launch .....
[G][05-31 09:42:00][gfjsft] timer launch .....
[G][05-31 09:42:30][gfjsft] timer launch .....
[G][05-31 09:43:00][gfjsft] timer launch .....
[G][05-31 09:43:25][gfjsft] trend count[847ms]
[G][05-31 09:43:30][gfjsft] timer launch .....
[G][05-31 09:44:00][gfjsft] timer launch .....
[G][05-31 09:44:30][gfjsft] timer launch .....
[G][05-31 09:45:00][gfjsft] timer launch .....
[G][05-31 09:45:30][gfjsft] timer launch .....
[G][05-31 09:46:00][gfjsft] timer launch .....
[G][05-31 09:46:30][gfjsft] timer launch .....
[G][05-31 09:47:00][gfjsft] timer launch .....
[G][05-31 09:47:30][gfjsft] timer launch .....
[G][05-31 09:48:00][gfjsft] timer launch .....
[G][05-31 09:48:25][gfjsft] trend count[451ms]
[G][05-31 09:48:30][gfjsft] timer launch .....
[G][05-31 09:49:00][gfjsft] timer launch .....
[G][05-31 09:49:30][gfjsft] timer launch .....
[G][05-31 09:50:00][gfjsft] timer launch .....
[G][05-31 09:50:30][gfjsft] timer launch .....
[G][05-31 09:51:00][gfjsft] timer launch .....
[G][05-31 09:51:30][gfjsft] timer launch .....
[G][05-31 09:52:00][gfjsft] timer launch .....
[G][05-31 09:52:30][gfjsft] timer launch .....
[G][05-31 09:53:00][gfjsft] timer launch .....
[G][05-31 09:53:25][gfjsft] trend count[466ms]
[G][05-31 09:53:30][gfjsft] timer launch .....
[G][05-31 09:54:00][gfjsft] timer launch .....
[G][05-31 09:54:30][gfjsft] timer launch .....
[G][05-31 09:55:00][gfjsft] timer launch .....
[G][05-31 09:55:30][gfjsft] timer launch .....
[G][05-31 09:56:00][gfjsft] timer launch .....
[G][05-31 09:56:30][gfjsft] timer launch .....
[G][05-31 09:57:00][gfjsft] timer launch .....
[G][05-31 09:57:30][gfjsft] timer launch .....
[G][05-31 09:58:00][gfjsft] timer launch .....
[G][05-31 09:58:25][gfjsft] trend count[593ms]
[G][05-31 09:58:30][gfjsft] timer launch .....
[G][05-31 09:59:00][gfjsft] timer launch .....
[G][05-31 09:59:30][gfjsft] timer launch .....
[G][05-31 10:00:00][gfjsft] timer launch .....
[G][05-31 10:00:09][gfjsft] init session[2501ms]
[G][05-31 10:00:30][gfjsft] timer launch .....
[G][05-31 10:01:00][gfjsft] timer launch .....
[G][05-31 10:01:30][gfjsft] timer launch .....
[G][05-31 10:02:00][gfjsft] timer launch .....
[G][05-31 10:02:30][gfjsft] timer launch .....
[G][05-31 10:03:00][gfjsft] timer launch .....
[G][05-31 10:03:25][gfjsft] trend count[541ms]
[G][05-31 10:03:30][gfjsft] timer launch .....
[G][05-31 10:04:00][gfjsft] timer launch .....
[G][05-31 10:04:30][gfjsft] timer launch .....
[G][05-31 10:05:00][gfjsft] timer launch .....
[G][05-31 10:05:30][gfjsft] timer launch .....
[G][05-31 10:06:00][gfjsft] timer launch .....
[G][05-31 10:06:30][gfjsft] timer launch .....
[G][05-31 10:07:00][gfjsft] timer launch .....
[G][05-31 10:07:30][gfjsft] timer launch .....
[G][05-31 10:08:00][gfjsft] timer launch .....
[G][05-31 10:08:25][gfjsft] trend count[510ms]
[G][05-31 10:08:30][gfjsft] timer launch .....
[G][05-31 10:09:00][gfjsft] timer launch .....
[G][05-31 10:09:30][gfjsft] timer launch .....
[G][05-31 10:10:00][gfjsft] timer launch .....
[G][05-31 10:10:30][gfjsft] timer launch .....
[G][05-31 10:11:00][gfjsft] timer launch .....
[G][05-31 10:11:30][gfjsft] timer launch .....
[G][05-31 10:12:00][gfjsft] timer launch .....
[G][05-31 10:12:30][gfjsft] timer launch .....
[G][05-31 10:13:00][gfjsft] timer launch .....
[G][05-31 10:13:25][gfjsft] trend count[482ms]
[G][05-31 10:13:30][gfjsft] timer launch .....
[G][05-31 10:14:00][gfjsft] timer launch .....
[G][05-31 10:14:30][gfjsft] timer launch .....
[G][05-31 10:15:00][gfjsft] timer launch .....
[G][05-31 10:15:30][gfjsft] timer launch .....
[G][05-31 10:16:00][gfjsft] timer launch .....
[G][05-31 10:16:30][gfjsft] timer launch .....
[G][05-31 10:17:00][gfjsft] timer launch .....
[G][05-31 10:17:30][gfjsft] timer launch .....
[G][05-31 10:18:00][gfjsft] timer launch .....
[G][05-31 10:18:25][gfjsft] trend count[611ms]
[G][05-31 10:18:30][gfjsft] timer launch .....
[G][05-31 10:19:00][gfjsft] timer launch .....
[G][05-31 10:19:30][gfjsft] timer launch .....
[G][05-31 10:20:00][gfjsft] timer launch .....
[G][05-31 10:20:30][gfjsft] timer launch .....
[G][05-31 10:21:00][gfjsft] timer launch .....
[G][05-31 10:21:30][gfjsft] timer launch .....
[G][05-31 10:22:00][gfjsft] timer launch .....
[G][05-31 10:22:30][gfjsft] timer launch .....
[G][05-31 10:23:00][gfjsft] timer launch .....
[G][05-31 10:23:25][gfjsft] trend count[781ms]
[G][05-31 10:23:30][gfjsft] timer launch .....
[G][05-31 10:24:00][gfjsft] timer launch .....
[G][05-31 10:24:30][gfjsft] timer launch .....
[G][05-31 10:25:00][gfjsft] timer launch .....
[G][05-31 10:25:30][gfjsft] timer launch .....
[G][05-31 10:26:00][gfjsft] timer launch .....
[G][05-31 10:26:30][gfjsft] timer launch .....
[G][05-31 10:27:00][gfjsft] timer launch .....
[G][05-31 10:27:30][gfjsft] timer launch .....
[G][05-31 13:58:26][gfjsft] trend count[1565ms]
[G][05-31 13:58:30][gfjsft] timer launch .....
[G][05-31 13:59:00][gfjsft] timer launch .....
[G][05-31 13:59:30][gfjsft] timer launch .....
[G][05-31 14:00:00][gfjsft] timer launch .....
[G][05-31 14:00:03][gfjsft] init session[868ms]
[G][05-31 14:00:30][gfjsft] timer launch .....
[G][05-31 15:42:30][gfjsft] timer launch .....
[G][05-31 15:42:34][gfjsft] fetching ..... [20180531628],openTime=2018-05-31 15:42:00[1/80]
[G][05-31 15:42:34][gfjsft] RESULTS  _____ [20180531628]=>06,09,04,10,01,05,02,03,07,08
[G][05-31 15:42:40][gfjsft] update trade detail status...20180531613
[G][05-31 15:42:42][gfjsft] update trade detail status...20180531614
[G][05-31 15:42:44][gfjsft] update trade detail status...20180531615
[G][05-31 15:42:46][gfjsft] update trade detail status...20180531616
[G][05-31 15:42:47][gfjsft] update trade detail status...20180531617
[G][05-31 15:42:50][gfjsft] update trade detail status...20180531618
[G][05-31 15:42:52][gfjsft] update trade detail status...20180531619
[G][05-31 15:42:54][gfjsft] update trade detail status...20180531620
[G][05-31 15:42:55][gfjsft] update trade detail status...20180531621
[G][05-31 15:42:57][gfjsft] update trade detail status...20180531622
[G][05-31 15:42:59][gfjsft] update trade detail status...20180531623
[G][05-31 15:43:00][gfjsft] timer launch .....
[G][05-31 15:43:02][gfjsft] Opened   ..... [20180531628],openTime=2018-05-31 15:42:17
[G][05-31 15:43:02][gfjsft] update trade detail status...20180531624
[G][05-31 15:43:04][gfjsft] update trade detail status...20180531625
[G][05-31 15:43:06][gfjsft] update trade detail status...20180531626
[G][05-31 15:43:08][gfjsft] update trade detail status...20180531627
[G][05-31 15:43:10][gfjsft] update trade detail status...20180531628
[G][05-31 15:43:12][gfjsft] SUCCESS  _^_^_ [20180531628][38086ms]
[G][05-31 15:43:25][gfjsft] trend count[553ms]
[G][05-31 15:43:30][gfjsft] timer launch .....
[G][05-31 15:43:30][gfjsft] fetching ..... [20180531629],openTime=2018-05-31 15:43:30[1/80]
[G][05-31 15:43:36][gfjsft] fetching ..... [20180531629],openTime=2018-05-31 15:43:30[2/80]
[G][05-31 15:43:41][gfjsft] fetching ..... [20180531629],openTime=2018-05-31 15:43:30[3/80]
[G][05-31 15:43:45][gfjsft] fetching ..... [20180531629],openTime=2018-05-31 15:43:30[4/80]
[G][05-31 15:43:46][gfjsft] RESULTS  _____ [20180531629]=>08,10,09,07,01,02,03,06,05,04
[G][05-31 15:43:50][gfjsft] update trade detail status...20180531629
[G][05-31 15:43:56][gfjsft] SUCCESS  _^_^_ [20180531629][10565ms]
[G][05-31 15:44:00][gfjsft] timer launch .....
[G][05-31 15:44:01][gfjsft] Opened   ..... [20180531629],openTime=2018-05-31 15:43:41
[G][05-31 15:44:30][gfjsft] timer launch .....
[G][05-31 15:44:33][gfjsft] Opened   ..... [20180531629],openTime=2018-05-31 15:43:41
[G][05-31 15:45:00][gfjsft] timer launch .....
[G][05-31 15:45:13][gfjsft] fetching ..... [20180531630],openTime=2018-05-31 15:45:00[1/80]
[G][05-31 15:45:14][gfjsft] fetching ..... [20180531630],openTime=2018-05-31 15:45:00[2/80]
[G][05-31 15:45:20][gfjsft] fetching ..... [20180531630],openTime=2018-05-31 15:45:00[3/80]
[G][05-31 15:45:20][gfjsft] RESULTS  _____ [20180531630]=>03,10,02,05,06,07,08,01,04,09
[G][05-31 15:45:30][gfjsft] timer launch .....
[G][05-31 15:45:33][gfjsft] update trade detail status...20180531630
[G][05-31 15:45:40][gfjsft] SUCCESS  _^_^_ [20180531630][20191ms]
[G][05-31 15:45:44][gfjsft] Opened   ..... [20180531630],openTime=2018-05-31 15:45:17
[G][05-31 15:46:00][gfjsft] timer launch .....
[G][05-31 15:46:05][gfjsft] Opened   ..... [20180531630],openTime=2018-05-31 15:45:17
[G][05-31 15:46:30][gfjsft] timer launch .....
[G][05-31 15:46:37][gfjsft] fetching ..... [20180531631],openTime=2018-05-31 15:46:30[1/80]
[G][05-31 15:46:38][gfjsft] fetching ..... [20180531631],openTime=2018-05-31 15:46:30[2/80]
[G][05-31 15:46:42][gfjsft] fetching ..... [20180531631],openTime=2018-05-31 15:46:30[3/80]
[G][05-31 15:46:55][gfjsft] fetching ..... [20180531631],openTime=2018-05-31 15:46:30[4/80]
[G][05-31 15:46:55][gfjsft] RESULTS  _____ [20180531631]=>01,05,04,02,06,08,07,03,10,09
[G][05-31 15:47:00][gfjsft] timer launch .....
[G][05-31 15:47:00][gfjsft] update trade detail status...20180531631
[G][05-31 15:47:02][gfjsft] SUCCESS  _^_^_ [20180531631][6865ms]
[G][05-31 15:47:11][gfjsft] Opened   ..... [20180531631],openTime=2018-05-31 15:46:50
[G][05-31 15:47:30][gfjsft] timer launch .....
[G][05-31 15:48:00][gfjsft] timer launch .....
[G][05-31 15:48:25][gfjsft] trend count[378ms]
[G][05-31 15:48:30][gfjsft] timer launch .....
[G][05-31 15:48:30][gfjsft] fetching ..... [20180531632],openTime=2018-05-31 15:48:00[1/80]
[G][05-31 15:48:30][gfjsft] RESULTS  _____ [20180531632]=>09,02,03,07,06,01,04,08,05,10
[G][05-31 15:48:35][gfjsft] update trade detail status...20180531632
[G][05-31 15:48:36][gfjsft] SUCCESS  _^_^_ [20180531632][6136ms]
[G][05-31 15:48:43][gfjsft] Opened   ..... [20180531632],openTime=2018-05-31 15:48:15
[G][05-31 15:49:00][gfjsft] timer launch .....
[G][05-31 15:49:04][gfjsft] Opened   ..... [20180531632],openTime=2018-05-31 15:48:15
[G][05-31 15:49:30][gfjsft] timer launch .....
[G][05-31 15:49:33][gfjsft] fetching ..... [20180531633],openTime=2018-05-31 15:49:30[1/80]
[G][05-31 15:49:37][gfjsft] fetching ..... [20180531633],openTime=2018-05-31 15:49:30[2/80]
[G][05-31 15:49:42][gfjsft] fetching ..... [20180531633],openTime=2018-05-31 15:49:30[3/80]
[G][05-31 15:49:49][gfjsft] fetching ..... [20180531633],openTime=2018-05-31 15:49:30[4/80]
[G][05-31 15:49:49][gfjsft] RESULTS  _____ [20180531633]=>01,08,07,06,04,02,03,10,09,05
[G][05-31 15:49:53][gfjsft] update trade detail status...20180531633
[G][05-31 15:49:54][gfjsft] SUCCESS  _^_^_ [20180531633][4879ms]
[G][05-31 15:50:00][gfjsft] timer launch .....
[G][05-31 15:50:02][gfjsft] Opened   ..... [20180531633],openTime=2018-05-31 15:49:46
[G][05-31 15:51:30][gfjsft] timer launch .....
[G][05-31 15:51:31][gfjsft] fetching ..... [20180531634],openTime=2018-05-31 15:51:00[1/80]
[G][05-31 15:51:31][gfjsft] RESULTS  _____ [20180531634]=>09,05,02,03,10,01,06,07,04,08
[G][05-31 15:51:37][gfjsft] update trade detail status...20180531634
[G][05-31 15:51:39][gfjsft] SUCCESS  _^_^_ [20180531634][7896ms]
[G][05-31 15:52:00][gfjsft] timer launch .....
[G][05-31 15:52:01][gfjsft] Opened   ..... [20180531634],openTime=2018-05-31 15:51:18
[G][05-31 15:52:30][gfjsft] timer launch .....
[G][05-31 15:52:31][gfjsft] fetching ..... [20180531635],openTime=2018-05-31 15:52:30[1/80]
[G][05-31 15:52:38][gfjsft] fetching ..... [20180531635],openTime=2018-05-31 15:52:30[2/80]
[G][05-31 15:52:41][gfjsft] fetching ..... [20180531635],openTime=2018-05-31 15:52:30[3/80]
[G][05-31 15:52:45][gfjsft] fetching ..... [20180531635],openTime=2018-05-31 15:52:30[4/80]
[G][05-31 15:52:45][gfjsft] RESULTS  _____ [20180531635]=>09,03,02,10,01,08,04,07,05,06
[G][05-31 15:52:49][gfjsft] update trade detail status...20180531635
[G][05-31 15:52:51][gfjsft] SUCCESS  _^_^_ [20180531635][6160ms]
[G][05-31 15:53:00][gfjsft] timer launch .....
[G][05-31 15:53:04][gfjsft] Opened   ..... [20180531635],openTime=2018-05-31 15:52:44
[G][05-31 15:53:25][gfjsft] trend count[695ms]
[G][05-31 15:53:30][gfjsft] timer launch .....
[G][05-31 15:53:34][gfjsft] Opened   ..... [20180531635],openTime=2018-05-31 15:52:44
[G][05-31 15:54:00][gfjsft] timer launch .....
[G][05-31 15:54:14][gfjsft] fetching ..... [20180531636],openTime=2018-05-31 15:54:00[1/80]
[G][05-31 15:54:15][gfjsft] fetching ..... [20180531636],openTime=2018-05-31 15:54:00[2/80]
[G][05-31 15:54:25][gfjsft] fetching ..... [20180531636],openTime=2018-05-31 15:54:00[3/80]
[G][05-31 15:54:25][gfjsft] RESULTS  _____ [20180531636]=>08,09,07,06,02,05,01,10,03,04
[G][05-31 15:54:29][gfjsft] update trade detail status...20180531636
[G][05-31 15:54:30][gfjsft] timer launch .....
[G][05-31 15:54:30][gfjsft] Opened   ..... [20180531636],openTime=2018-05-31 15:54:19
[G][05-31 15:54:32][gfjsft] SUCCESS  _^_^_ [20180531636][6709ms]
[G][05-31 15:55:30][gfjsft] timer launch .....
[G][05-31 15:55:43][gfjsft] fetching ..... [20180531637],openTime=2018-05-31 15:55:30[1/80]
[G][05-31 15:55:43][gfjsft] RESULTS  _____ [20180531637]=>09,08,07,01,04,06,10,03,02,05
[G][05-31 15:55:50][gfjsft] update trade detail status...20180531637
[G][05-31 15:55:52][gfjsft] SUCCESS  _^_^_ [20180531637][8138ms]
[G][05-31 15:57:00][gfjsft] timer launch .....
[G][05-31 15:57:10][gfjsft] fetching ..... [20180531638],openTime=2018-05-31 15:57:00[1/80]
[G][05-31 15:59:00][gfjsft] timer launch .....
[G][05-31 15:59:02][gfjsft] fetching ..... [20180531639],openTime=2018-05-31 15:58:30[1/80]
[G][05-31 15:59:02][gfjsft] RESULTS  _____ [20180531639]=>08,02,04,10,07,03,09,06,01,05
[G][05-31 15:59:07][gfjsft] update trade detail status...20180531638
[G][05-31 15:59:09][gfjsft] update trade detail status...20180531639
[G][05-31 15:59:10][gfjsft] SUCCESS  _^_^_ [20180531639][7782ms]
[G][05-31 15:59:30][gfjsft] timer launch .....
[G][05-31 15:59:30][gfjsft] Opened   ..... [20180531639],openTime=2018-05-31 15:58:43
[G][05-31 16:00:00][gfjsft] timer launch .....
[G][05-31 16:00:00][gfjsft] fetching ..... [20180531640],openTime=2018-05-31 16:00:00[1/80]
[G][05-31 16:00:30][gfjsft] timer launch .....
[G][05-31 16:00:42][gfjsft] fetching ..... [20180531640],openTime=2018-05-31 16:00:00[1/80]
[G][05-31 16:00:42][gfjsft] RESULTS  _____ [20180531640]=>02,10,03,08,04,05,01,09,06,07
[G][05-31 16:00:47][gfjsft] update trade detail status...20180531640
[G][05-31 16:00:49][gfjsft] SUCCESS  _^_^_ [20180531640][6250ms]
[G][05-31 16:01:00][gfjsft] timer launch .....
[G][05-31 16:01:06][gfjsft] Opened   ..... [20180531640],openTime=2018-05-31 16:00:15
[G][05-31 16:01:30][gfjsft] timer launch .....
[G][05-31 16:01:33][gfjsft] fetching ..... [20180531641],openTime=2018-05-31 16:01:30[1/80]
[G][05-31 16:01:41][gfjsft] fetching ..... [20180531641],openTime=2018-05-31 16:01:30[2/80]
[G][05-31 16:01:42][gfjsft] fetching ..... [20180531641],openTime=2018-05-31 16:01:30[3/80]
[G][05-31 16:01:43][gfjsft] RESULTS  _____ [20180531641]=>03,01,04,02,05,09,10,07,08,06
[G][05-31 16:01:49][gfjsft] update trade detail status...20180531641
[G][05-31 16:01:50][gfjsft] SUCCESS  _^_^_ [20180531641][7702ms]
[G][05-31 16:04:00][gfjsft] timer launch .....
[G][05-31 16:04:12][gfjsft] fetching ..... [20180531642],openTime=2018-05-31 16:03:00[1/80]
[G][05-31 16:04:12][gfjsft] RESULTS  _____ [20180531642]=>06,09,03,02,01,04,08,10,05,07
[G][05-31 16:04:16][gfjsft] update trade detail status...20180531642
[G][05-31 16:04:19][gfjsft] SUCCESS  _^_^_ [20180531642][7188ms]
[G][05-31 16:04:30][gfjsft] timer launch .....
[G][05-31 16:04:35][gfjsft] fetching ..... [20180531643],openTime=2018-05-31 16:04:30[1/80]
[G][05-31 16:04:37][gfjsft] fetching ..... [20180531643],openTime=2018-05-31 16:04:30[2/80]
[G][05-31 16:05:00][gfjsft] timer launch .....
[G][05-31 16:05:11][gfjsft] fetching ..... [20180531643],openTime=2018-05-31 16:04:30[1/80]
[G][05-31 16:05:11][gfjsft] RESULTS  _____ [20180531643]=>07,10,08,02,09,05,01,03,06,04
[G][05-31 16:05:15][gfjsft] update trade detail status...20180531643
[G][05-31 16:05:17][gfjsft] SUCCESS  _^_^_ [20180531643][6022ms]
[G][05-31 16:07:00][gfjsft] timer launch .....
[G][05-31 16:07:03][gfjsft] fetching ..... [20180531644],openTime=2018-05-31 16:06:00[1/80]
[G][05-31 16:07:03][gfjsft] RESULTS  _____ [20180531644]=>05,09,02,10,01,04,08,03,06,07
[G][05-31 16:07:07][gfjsft] update trade detail status...20180531644
[G][05-31 16:07:10][gfjsft] SUCCESS  _^_^_ [20180531644][6754ms]
[G][05-31 16:07:30][gfjsft] timer launch .....
[G][05-31 16:07:32][gfjsft] fetching ..... [20180531645],openTime=2018-05-31 16:07:30[1/80]
[G][05-31 16:07:35][gfjsft] fetching ..... [20180531645],openTime=2018-05-31 16:07:30[2/80]
[G][05-31 16:07:40][gfjsft] fetching ..... [20180531645],openTime=2018-05-31 16:07:30[3/80]
[G][05-31 16:07:46][gfjsft] fetching ..... [20180531645],openTime=2018-05-31 16:07:30[4/80]
[G][05-31 16:07:53][gfjsft] fetching ..... [20180531645],openTime=2018-05-31 16:07:30[5/80]
[G][05-31 16:07:53][gfjsft] RESULTS  _____ [20180531645]=>05,09,02,07,10,03,04,06,08,01
[G][05-31 16:07:57][gfjsft] update trade detail status...20180531645
[G][05-31 16:07:59][gfjsft] SUCCESS  _^_^_ [20180531645][6569ms]
[G][05-31 16:08:00][gfjsft] timer launch .....
[G][05-31 16:08:03][gfjsft] Opened   ..... [20180531645],openTime=2018-05-31 16:07:46
[G][05-31 16:09:00][gfjsft] timer launch .....
[G][05-31 16:08:30][gfjsft] timer launch .....
[G][05-31 16:08:28][gfjsft] trend count[3182ms]
[G][05-31 16:11:15][gfjsft] timer launch .....
[G][05-31 16:11:16][gfjsft] fetching ..... [20180531647],openTime=2018-05-31 16:10:30[1/80]
[G][05-31 16:11:16][gfjsft] RESULTS  _____ [20180531647]=>03,09,04,07,05,01,08,06,02,10
[G][05-31 16:11:23][gfjsft] Opened   ..... [20180531647],openTime=2018-05-31 16:10:45
[G][05-31 16:11:23][gfjsft] update trade detail status...20180531646
[G][05-31 16:11:25][gfjsft] update trade detail status...20180531647
[G][05-31 16:11:28][gfjsft] SUCCESS  _^_^_ [20180531647][12321ms]
[G][05-31 16:11:30][gfjsft] timer launch .....
[G][05-31 16:11:33][gfjsft] Opened   ..... [20180531647],openTime=2018-05-31 16:10:45
[G][05-31 16:11:41][gfjsft] Opened   ..... [20180531647],openTime=2018-05-31 16:10:45
[G][05-31 16:12:00][gfjsft] timer launch .....
[G][05-31 16:12:17][gfjsft] fetching ..... [20180531648],openTime=2018-05-31 16:12:00[1/80]
[G][05-31 16:12:17][gfjsft] RESULTS  _____ [20180531648]=>09,01,04,07,02,06,05,08,03,10
[G][05-31 16:12:23][gfjsft] update trade detail status...20180531648
[G][05-31 16:12:26][gfjsft] SUCCESS  _^_^_ [20180531648][8389ms]
[G][05-31 16:12:30][gfjsft] timer launch .....
[G][05-31 16:12:40][gfjsft] Opened   ..... [20180531648],openTime=2018-05-31 16:12:14
[G][05-31 16:13:00][gfjsft] timer launch .....
[G][05-31 16:13:02][gfjsft] Opened   ..... [20180531648],openTime=2018-05-31 16:12:14
[G][05-31 16:13:26][gfjsft] trend count[1932ms]
[G][05-31 16:13:30][gfjsft] timer launch .....
[G][05-31 16:13:32][gfjsft] fetching ..... [20180531649],openTime=2018-05-31 16:13:30[1/80]
[G][05-31 16:13:42][gfjsft] fetching ..... [20180531649],openTime=2018-05-31 16:13:30[2/80]
[G][05-31 16:13:43][gfjsft] fetching ..... [20180531649],openTime=2018-05-31 16:13:30[3/80]
[G][05-31 16:13:49][gfjsft] fetching ..... [20180531649],openTime=2018-05-31 16:13:30[4/80]
[G][05-31 16:13:59][gfjsft] fetching ..... [20180531649],openTime=2018-05-31 16:13:30[5/80]
[G][05-31 16:13:59][gfjsft] RESULTS  _____ [20180531649]=>08,02,07,06,10,09,04,05,01,03
[G][05-31 16:14:00][gfjsft] timer launch .....
[G][05-31 16:14:01][gfjsft] fetching ..... [20180531649],openTime=2018-05-31 16:13:30[1/80]
[G][05-31 16:14:01][gfjsft] opening NOW ..... [20180531649]
[G][05-31 16:14:03][gfjsft] update trade detail status...20180531649
[G][05-31 16:14:05][gfjsft] Opened   ..... [20180531649],openTime=2018-05-31 16:13:50
[G][05-31 16:14:05][gfjsft] SUCCESS  _^_^_ [20180531649][6464ms]
[G][05-31 16:14:30][gfjsft] timer launch .....
[G][05-31 16:14:31][gfjsft] Opened   ..... [20180531649],openTime=2018-05-31 16:13:50
[G][05-31 16:15:30][gfjsft] timer launch .....
[G][05-31 16:15:31][gfjsft] fetching ..... [20180531650],openTime=2018-05-31 16:15:00[1/80]
[G][05-31 16:15:31][gfjsft] RESULTS  _____ [20180531650]=>08,09,03,06,05,07,04,01,10,02
[G][05-31 16:15:35][gfjsft] update trade detail status...20180531650
[G][05-31 16:15:37][gfjsft] SUCCESS  _^_^_ [20180531650][5982ms]
[G][05-31 16:16:00][gfjsft] timer launch .....
[G][05-31 16:16:07][gfjsft] Opened   ..... [20180531650],openTime=2018-05-31 16:15:11
[G][05-31 16:16:30][gfjsft] timer launch .....
[G][05-31 16:16:30][gfjsft] fetching ..... [20180531651],openTime=2018-05-31 16:16:30[1/80]
[G][05-31 16:16:36][gfjsft] fetching ..... [20180531651],openTime=2018-05-31 16:16:30[2/80]
[G][05-31 16:16:41][gfjsft] fetching ..... [20180531651],openTime=2018-05-31 16:16:30[3/80]
[G][05-31 16:16:47][gfjsft] fetching ..... [20180531651],openTime=2018-05-31 16:16:30[4/80]
[G][05-31 16:16:50][gfjsft] fetching ..... [20180531651],openTime=2018-05-31 16:16:30[5/80]
[G][05-31 16:16:50][gfjsft] RESULTS  _____ [20180531651]=>06,10,05,09,04,08,07,01,03,02
[G][05-31 16:16:55][gfjsft] update trade detail status...20180531651
[G][05-31 16:16:57][gfjsft] SUCCESS  _^_^_ [20180531651][6091ms]
[G][05-31 16:17:00][gfjsft] timer launch .....
[G][05-31 16:17:01][gfjsft] Opened   ..... [20180531651],openTime=2018-05-31 16:16:46
[G][05-31 16:17:30][gfjsft] timer launch .....
[G][05-31 16:17:35][gfjsft] Opened   ..... [20180531651],openTime=2018-05-31 16:16:46
[G][05-31 16:18:00][gfjsft] timer launch .....
[G][05-31 16:18:00][gfjsft] fetching ..... [20180531652],openTime=2018-05-31 16:18:00[1/80]
[G][05-31 16:18:05][gfjsft] fetching ..... [20180531652],openTime=2018-05-31 16:18:00[2/80]
[G][05-31 16:18:14][gfjsft] fetching ..... [20180531652],openTime=2018-05-31 16:18:00[3/80]
[G][05-31 16:18:15][gfjsft] fetching ..... [20180531652],openTime=2018-05-31 16:18:00[4/80]
[G][05-31 16:18:20][gfjsft] fetching ..... [20180531652],openTime=2018-05-31 16:18:00[5/80]
[G][05-31 16:18:20][gfjsft] RESULTS  _____ [20180531652]=>09,05,03,04,07,01,08,02,06,10
[G][05-31 16:18:24][gfjsft] update trade detail status...20180531652
[G][05-31 16:18:25][gfjsft] SUCCESS  _^_^_ [20180531652][5068ms]
[G][05-31 16:18:30][gfjsft] timer launch .....
[G][05-31 16:18:31][gfjsft] trend count[5978ms]
[G][05-31 16:18:34][gfjsft] Opened   ..... [20180531652],openTime=2018-05-31 16:18:16
[G][05-31 16:19:00][gfjsft] timer launch .....
[G][05-31 16:19:05][gfjsft] Opened   ..... [20180531652],openTime=2018-05-31 16:18:16
[G][05-31 16:19:30][gfjsft] timer launch .....
[G][05-31 16:19:32][gfjsft] fetching ..... [20180531653],openTime=2018-05-31 16:19:30[1/80]
[G][05-31 16:19:35][gfjsft] fetching ..... [20180531653],openTime=2018-05-31 16:19:30[2/80]
[G][05-31 16:19:40][gfjsft] fetching ..... [20180531653],openTime=2018-05-31 16:19:30[3/80]
[G][05-31 16:19:51][gfjsft] fetching ..... [20180531653],openTime=2018-05-31 16:19:30[4/80]
[G][05-31 16:19:51][gfjsft] RESULTS  _____ [20180531653]=>03,10,09,01,08,07,06,04,05,02
[G][05-31 16:19:54][gfjsft] update trade detail status...20180531653
[G][05-31 16:19:56][gfjsft] SUCCESS  _^_^_ [20180531653][5381ms]
[G][05-31 16:20:00][gfjsft] timer launch .....
[G][05-31 16:20:01][gfjsft] Opened   ..... [20180531653],openTime=2018-05-31 16:19:42
[G][05-31 16:20:30][gfjsft] timer launch .....
[G][05-31 16:20:46][gfjsft] Opened   ..... [20180531653],openTime=2018-05-31 16:19:42
[G][05-31 16:21:00][gfjsft] timer launch .....
[G][05-31 16:21:01][gfjsft] fetching ..... [20180531654],openTime=2018-05-31 16:21:00[1/80]
[G][05-31 16:21:05][gfjsft] fetching ..... [20180531654],openTime=2018-05-31 16:21:00[2/80]
[G][05-31 16:21:24][gfjsft] fetching ..... [20180531654],openTime=2018-05-31 16:21:00[3/80]
[G][05-31 16:21:24][gfjsft] RESULTS  _____ [20180531654]=>08,09,03,10,02,07,04,06,05,01
[G][05-31 16:21:30][gfjsft] timer launch .....
[G][05-31 16:21:30][gfjsft] fetching ..... [20180531654],openTime=2018-05-31 16:21:00[1/80]
[G][05-31 16:21:30][gfjsft] opening NOW ..... [20180531654]
[G][05-31 16:21:32][gfjsft] update trade detail status...20180531654
[G][05-31 16:21:34][gfjsft] SUCCESS  _^_^_ [20180531654][9894ms]
[G][05-31 16:21:35][gfjsft] Opened   ..... [20180531654],openTime=2018-05-31 16:21:14
[G][05-31 16:22:00][gfjsft] timer launch .....
[G][05-31 16:22:01][gfjsft] Opened   ..... [20180531654],openTime=2018-05-31 16:21:14
[G][05-31 16:22:30][gfjsft] timer launch .....
[G][05-31 16:22:31][gfjsft] fetching ..... [20180531655],openTime=2018-05-31 16:22:30[1/80]
[G][05-31 16:22:35][gfjsft] fetching ..... [20180531655],openTime=2018-05-31 16:22:30[2/80]
[G][05-31 16:22:41][gfjsft] fetching ..... [20180531655],openTime=2018-05-31 16:22:30[3/80]
[G][05-31 16:22:45][gfjsft] fetching ..... [20180531655],openTime=2018-05-31 16:22:30[4/80]
[G][05-31 16:22:46][gfjsft] RESULTS  _____ [20180531655]=>08,03,01,05,07,10,02,04,06,09
[G][05-31 16:22:49][gfjsft] update trade detail status...20180531655
[G][05-31 16:22:51][gfjsft] SUCCESS  _^_^_ [20180531655][5335ms]
[G][05-31 16:23:00][gfjsft] timer launch .....
[G][05-31 16:23:05][gfjsft] Opened   ..... [20180531655],openTime=2018-05-31 16:22:44
[G][05-31 16:23:25][gfjsft] trend count[389ms]
[G][05-31 16:23:30][gfjsft] timer launch .....
[G][05-31 16:23:31][gfjsft] Opened   ..... [20180531655],openTime=2018-05-31 16:22:44
[G][05-31 16:24:00][gfjsft] timer launch .....
[G][05-31 16:24:02][gfjsft] fetching ..... [20180531656],openTime=2018-05-31 16:24:00[1/80]
[G][05-31 16:24:06][gfjsft] fetching ..... [20180531656],openTime=2018-05-31 16:24:00[2/80]
[G][05-31 16:24:17][gfjsft] fetching ..... [20180531656],openTime=2018-05-31 16:24:00[3/80]
[G][05-31 16:24:19][gfjsft] fetching ..... [20180531656],openTime=2018-05-31 16:24:00[4/80]
[G][05-31 16:24:29][gfjsft] fetching ..... [20180531656],openTime=2018-05-31 16:24:00[5/80]
[G][05-31 16:24:29][gfjsft] RESULTS  _____ [20180531656]=>03,02,01,09,06,07,04,05,08,10
[G][05-31 16:24:30][gfjsft] timer launch .....
[G][05-31 16:24:34][gfjsft] update trade detail status...20180531656
[G][05-31 16:24:36][gfjsft] SUCCESS  _^_^_ [20180531656][7106ms]
[G][05-31 16:24:37][gfjsft] Opened   ..... [20180531656],openTime=2018-05-31 16:24:19
[G][05-31 16:25:00][gfjsft] timer launch .....
[G][05-31 16:25:01][gfjsft] Opened   ..... [20180531656],openTime=2018-05-31 16:24:19
[G][05-31 16:25:30][gfjsft] timer launch .....
[G][05-31 16:25:30][gfjsft] fetching ..... [20180531657],openTime=2018-05-31 16:25:30[1/80]
[G][05-31 16:25:39][gfjsft] fetching ..... [20180531657],openTime=2018-05-31 16:25:30[2/80]
[G][05-31 16:25:40][gfjsft] fetching ..... [20180531657],openTime=2018-05-31 16:25:30[3/80]
[G][05-31 16:25:45][gfjsft] fetching ..... [20180531657],openTime=2018-05-31 16:25:30[4/80]
[G][05-31 16:25:45][gfjsft] RESULTS  _____ [20180531657]=>10,06,02,09,05,03,01,08,04,07
[G][05-31 16:25:49][gfjsft] update trade detail status...20180531657
[G][05-31 16:25:51][gfjsft] SUCCESS  _^_^_ [20180531657][5813ms]
[G][05-31 16:26:00][gfjsft] timer launch .....
[G][05-31 16:26:13][gfjsft] Opened   ..... [20180531657],openTime=2018-05-31 16:25:44
[G][05-31 16:26:30][gfjsft] timer launch .....
[G][05-31 16:27:00][gfjsft] timer launch .....
[G][05-31 16:27:30][gfjsft] timer launch .....
[G][05-31 16:27:36][gfjsft] waiting ***** [20180531658],endTime=2018-05-31 16:27:00
[G][05-31 16:27:52][gfjsft] fetching ..... [20180531658],openTime=2018-05-31 16:27:00[1/80]
[G][05-31 16:27:52][gfjsft] RESULTS  _____ [20180531658]=>01,09,10,02,06,08,03,05,07,04
[G][05-31 16:28:00][gfjsft] timer launch .....
[G][05-31 16:28:03][gfjsft] update trade detail status...20180531658
[G][05-31 16:28:04][gfjsft] Opened   ..... [20180531658],openTime=2018-05-31 16:27:10
[G][05-31 16:28:11][gfjsft] SUCCESS  _^_^_ [20180531658][18547ms]
[G][05-31 16:28:19][gfjsft] Opened   ..... [20180531658],openTime=2018-05-31 16:27:10
[G][05-31 16:28:30][gfjsft] timer launch .....
[G][05-31 16:28:32][gfjsft] fetching ..... [20180531659],openTime=2018-05-31 16:28:30[1/80]
[G][05-31 16:28:38][gfjsft] fetching ..... [20180531659],openTime=2018-05-31 16:28:30[2/80]
[G][05-31 16:28:42][gfjsft] fetching ..... [20180531659],openTime=2018-05-31 16:28:30[3/80]
[G][05-31 16:28:48][gfjsft] fetching ..... [20180531659],openTime=2018-05-31 16:28:30[4/80]
[G][05-31 16:28:48][gfjsft] RESULTS  _____ [20180531659]=>03,08,04,01,07,09,05,02,10,06
[G][05-31 16:28:59][gfjsft] update trade detail status...20180531659
[G][05-31 16:29:00][gfjsft] timer launch .....
[G][05-31 16:29:02][gfjsft] Opened   ..... [20180531659],openTime=2018-05-31 16:28:48
[G][05-31 16:29:04][gfjsft] trend count[39240ms]
[G][05-31 16:29:08][gfjsft] SUCCESS  _^_^_ [20180531659][19782ms]
[G][05-31 16:29:30][gfjsft] timer launch .....
[G][05-31 16:30:00][gfjsft] timer launch .....
[G][05-31 16:30:15][gfjsft] init session[3441ms]
[G][05-31 16:30:24][gfjsft] fetching ..... [20180531660],openTime=2018-05-31 16:30:00[1/80]
[G][05-31 16:30:25][gfjsft] RESULTS  _____ [20180531660]=>09,03,05,04,02,07,08,10,06,01
[G][05-31 16:30:31][gfjsft] timer launch .....
[G][05-31 16:30:52][gfjsft] Opened   ..... [20180531660],openTime=2018-05-31 16:30:10
[G][05-31 16:30:53][gfjsft] update trade detail status...20180531660
[G][05-31 16:31:00][gfjsft] timer launch .....
[G][05-31 16:31:04][gfjsft] Opened   ..... [20180531660],openTime=2018-05-31 16:30:10
[G][05-31 16:31:05][gfjsft] Opened   ..... [20180531660],openTime=2018-05-31 16:30:10
[G][05-31 16:31:07][gfjsft] SUCCESS  _^_^_ [20180531660][41978ms]
[G][05-31 16:31:30][gfjsft] timer launch .....
[G][05-31 16:32:00][gfjsft] timer launch .....
[G][05-31 16:32:27][gfjsft] fetching ..... [20180531661],openTime=2018-05-31 16:31:30[1/80]
[G][05-31 16:32:27][gfjsft] RESULTS  _____ [20180531661]=>05,02,01,06,09,08,03,10,04,07
[G][05-31 16:32:30][gfjsft] timer launch .....
[G][05-31 16:32:32][gfjsft] fetching ..... [20180531661],openTime=2018-05-31 16:31:30[1/80]
[G][05-31 16:32:32][gfjsft] opening NOW ..... [20180531661]
[G][05-31 16:32:37][gfjsft] update trade detail status...20180531661
[G][05-31 16:32:43][gfjsft] SUCCESS  _^_^_ [20180531661][16149ms]
[G][05-31 16:32:53][gfjsft] Opened   ..... [20180531661],openTime=2018-05-31 16:31:44
[G][05-31 16:33:00][gfjsft] timer launch .....
[G][05-31 16:33:02][gfjsft] fetching ..... [20180531662],openTime=2018-05-31 16:33:00[1/80]
[G][05-31 16:33:06][gfjsft] fetching ..... [20180531662],openTime=2018-05-31 16:33:00[2/80]
[G][05-31 16:33:30][gfjsft] timer launch .....
[G][05-31 16:33:42][gfjsft] fetching ..... [20180531662],openTime=2018-05-31 16:33:00[3/80]
[G][05-31 16:33:42][gfjsft] RESULTS  _____ [20180531662]=>02,08,09,03,10,01,06,07,05,04
[G][05-31 16:33:54][gfjsft] update trade detail status...20180531662
[G][05-31 16:33:57][gfjsft] Opened   ..... [20180531662],openTime=2018-05-31 16:33:17
[G][05-31 16:33:58][gfjsft] SUCCESS  _^_^_ [20180531662][16116ms]
[G][05-31 16:34:00][gfjsft] timer launch .....
[G][05-31 16:34:22][gfjsft] trend count[57538ms]
[G][05-31 16:34:30][gfjsft] timer launch .....
[G][05-31 16:34:53][gfjsft] waiting ***** [20180531663],endTime=2018-05-31 16:34:30
[G][05-31 16:35:00][gfjsft] timer launch .....
[G][05-31 16:35:17][gfjsft] fetching ..... [20180531663],openTime=2018-05-31 16:34:30[1/80]
[G][05-31 16:35:17][gfjsft] RESULTS  _____ [20180531663]=>08,03,04,02,01,07,05,10,06,09
[G][05-31 16:35:29][gfjsft] update trade detail status...20180531663
[G][05-31 16:35:30][gfjsft] timer launch .....
[G][05-31 16:35:34][gfjsft] SUCCESS  _^_^_ [20180531663][17534ms]
[G][05-31 16:35:49][gfjsft] Opened   ..... [20180531663],openTime=2018-05-31 16:34:44
[G][05-31 16:36:00][gfjsft] timer launch .....
[G][05-31 16:36:01][gfjsft] waiting ***** [20180531664],endTime=2018-05-31 16:36:00
[G][05-31 16:36:20][gfjsft] fetching ..... [20180531664],openTime=2018-05-31 16:36:00[1/80]
[G][05-31 16:36:22][gfjsft] fetching ..... [20180531664],openTime=2018-05-31 16:36:00[2/80]
[G][05-31 16:36:22][gfjsft] RESULTS  _____ [20180531664]=>09,10,06,08,01,05,03,07,04,02
[G][05-31 16:36:30][gfjsft] timer launch .....
[G][05-31 16:36:32][gfjsft] update trade detail status...20180531664
[G][05-31 16:36:37][gfjsft] SUCCESS  _^_^_ [20180531664][14872ms]
[G][05-31 16:36:53][gfjsft] Opened   ..... [20180531664],openTime=2018-05-31 16:36:20
[G][05-31 16:37:00][gfjsft] timer launch .....
[G][05-31 16:37:30][gfjsft] timer launch .....
[G][05-31 16:37:42][gfjsft] fetching ..... [20180531665],openTime=2018-05-31 16:37:30[1/80]
[G][05-31 16:37:42][gfjsft] RESULTS  _____ [20180531665]=>02,05,08,06,04,10,07,09,01,03
[G][05-31 16:37:46][gfjsft] update trade detail status...20180531665
[G][05-31 16:37:48][gfjsft] SUCCESS  _^_^_ [20180531665][5524ms]
[G][05-31 16:37:50][gfjsft] Opened   ..... [20180531665],openTime=2018-05-31 16:37:40
[G][05-31 16:38:00][gfjsft] timer launch .....
[G][05-31 16:38:01][gfjsft] Opened   ..... [20180531665],openTime=2018-05-31 16:37:40
[G][05-31 16:38:25][gfjsft] trend count[422ms]
[G][05-31 16:38:30][gfjsft] timer launch .....
[G][05-31 16:38:43][gfjsft] Opened   ..... [20180531665],openTime=2018-05-31 16:37:40
[G][05-31 16:39:00][gfjsft] timer launch .....
[G][05-31 16:39:01][gfjsft] fetching ..... [20180531666],openTime=2018-05-31 16:39:00[1/80]
[G][05-31 16:39:06][gfjsft] fetching ..... [20180531666],openTime=2018-05-31 16:39:00[2/80]
[G][05-31 16:39:10][gfjsft] fetching ..... [20180531666],openTime=2018-05-31 16:39:00[3/80]
[G][05-31 16:39:16][gfjsft] fetching ..... [20180531666],openTime=2018-05-31 16:39:00[4/80]
[G][05-31 16:39:16][gfjsft] RESULTS  _____ [20180531666]=>03,05,08,02,04,06,09,10,01,07
[G][05-31 16:39:27][gfjsft] update trade detail status...20180531666
[G][05-31 16:39:29][gfjsft] SUCCESS  _^_^_ [20180531666][13568ms]
[G][05-31 16:39:30][gfjsft] timer launch .....
[G][05-31 16:39:30][gfjsft] Opened   ..... [20180531666],openTime=2018-05-31 16:39:13
[G][05-31 16:40:00][gfjsft] timer launch .....
[G][05-31 16:40:06][gfjsft] Opened   ..... [20180531666],openTime=2018-05-31 16:39:13
[G][05-31 16:40:30][gfjsft] timer launch .....
[G][05-31 16:40:51][gfjsft] fetching ..... [20180531667],openTime=2018-05-31 16:40:30[1/80]
[G][05-31 16:40:51][gfjsft] RESULTS  _____ [20180531667]=>09,07,08,02,05,06,04,01,10,03
[G][05-31 16:40:56][gfjsft] update trade detail status...20180531667
[G][05-31 16:40:58][gfjsft] SUCCESS  _^_^_ [20180531667][6494ms]
[G][05-31 16:41:00][gfjsft] timer launch .....
[G][05-31 16:41:01][gfjsft] Opened   ..... [20180531667],openTime=2018-05-31 16:40:46
[G][05-31 16:41:30][gfjsft] timer launch .....
[G][05-31 16:41:31][gfjsft] Opened   ..... [20180531667],openTime=2018-05-31 16:40:46
[G][05-31 16:42:00][gfjsft] timer launch .....
[G][05-31 16:42:02][gfjsft] fetching ..... [20180531668],openTime=2018-05-31 16:42:00[1/80]
[G][05-31 16:42:07][gfjsft] fetching ..... [20180531668],openTime=2018-05-31 16:42:00[2/80]
[G][05-31 16:42:30][gfjsft] timer launch .....
[G][05-31 16:42:31][gfjsft] fetching ..... [20180531668],openTime=2018-05-31 16:42:00[3/80]
[G][05-31 16:42:31][gfjsft] RESULTS  _____ [20180531668]=>06,05,03,08,10,01,09,07,04,02
[G][05-31 16:42:35][gfjsft] update trade detail status...20180531668
[G][05-31 16:42:37][gfjsft] SUCCESS  _^_^_ [20180531668][5242ms]
[G][05-31 16:42:42][gfjsft] Opened   ..... [20180531668],openTime=2018-05-31 16:42:18
[G][05-31 16:43:00][gfjsft] timer launch .....
[G][05-31 16:43:04][gfjsft] Opened   ..... [20180531668],openTime=2018-05-31 16:42:18
[G][05-31 16:43:26][gfjsft] trend count[1525ms]
[G][05-31 16:43:30][gfjsft] timer launch .....
[G][05-31 16:43:30][gfjsft] fetching ..... [20180531669],openTime=2018-05-31 16:43:30[1/80]
[G][05-31 16:43:36][gfjsft] fetching ..... [20180531669],openTime=2018-05-31 16:43:30[2/80]
[G][05-31 16:43:41][gfjsft] fetching ..... [20180531669],openTime=2018-05-31 16:43:30[3/80]
[G][05-31 16:43:45][gfjsft] fetching ..... [20180531669],openTime=2018-05-31 16:43:30[4/80]
[G][05-31 16:43:45][gfjsft] RESULTS  _____ [20180531669]=>09,05,04,10,02,01,08,06,07,03
[G][05-31 16:43:48][gfjsft] update trade detail status...20180531669
[G][05-31 16:43:50][gfjsft] SUCCESS  _^_^_ [20180531669][4807ms]
[G][05-31 16:44:00][gfjsft] timer launch .....
[G][05-31 16:44:02][gfjsft] Opened   ..... [20180531669],openTime=2018-05-31 16:43:44
[G][05-31 16:44:30][gfjsft] timer launch .....
[G][05-31 16:44:32][gfjsft] Opened   ..... [20180531669],openTime=2018-05-31 16:43:44
[G][05-31 16:45:00][gfjsft] timer launch .....
[G][05-31 16:45:08][gfjsft] fetching ..... [20180531670],openTime=2018-05-31 16:45:00[1/80]
[G][05-31 16:45:09][gfjsft] fetching ..... [20180531670],openTime=2018-05-31 16:45:00[2/80]
[G][05-31 16:45:14][gfjsft] fetching ..... [20180531670],openTime=2018-05-31 16:45:00[3/80]
[G][05-31 16:45:30][gfjsft] timer launch .....
[G][05-31 16:45:30][gfjsft] fetching ..... [20180531670],openTime=2018-05-31 16:45:00[4/80]
[G][05-31 16:45:30][gfjsft] RESULTS  _____ [20180531670]=>10,05,06,02,01,07,04,09,03,08
[G][05-31 16:45:31][gfjsft] fetching ..... [20180531670],openTime=2018-05-31 16:45:00[1/80]
[G][05-31 16:45:31][gfjsft] opening NOW ..... [20180531670]
[G][05-31 16:45:35][gfjsft] fetching ..... [20180531670],openTime=2018-05-31 16:45:00[2/80]
[G][05-31 16:45:35][gfjsft] opening NOW ..... [20180531670]
[G][05-31 16:45:37][gfjsft] update trade detail status...20180531670
[G][05-31 16:45:39][gfjsft] SUCCESS  _^_^_ [20180531670][8935ms]
[G][05-31 16:45:40][gfjsft] Opened   ..... [20180531670],openTime=2018-05-31 16:45:14
[G][05-31 16:46:00][gfjsft] timer launch .....
[G][05-31 16:46:09][gfjsft] Opened   ..... [20180531670],openTime=2018-05-31 16:45:14
[G][05-31 16:46:30][gfjsft] timer launch .....
[G][05-31 16:46:32][gfjsft] fetching ..... [20180531671],openTime=2018-05-31 16:46:30[1/80]
[G][05-31 16:46:38][gfjsft] fetching ..... [20180531671],openTime=2018-05-31 16:46:30[2/80]
[G][05-31 16:46:41][gfjsft] fetching ..... [20180531671],openTime=2018-05-31 16:46:30[3/80]
[G][05-31 16:46:47][gfjsft] fetching ..... [20180531671],openTime=2018-05-31 16:46:30[4/80]
[G][05-31 16:46:47][gfjsft] RESULTS  _____ [20180531671]=>02,07,03,10,09,04,01,08,06,05
[G][05-31 16:47:00][gfjsft] timer launch .....
[G][05-31 16:47:00][gfjsft] update trade detail status...20180531671
[G][05-31 16:47:02][gfjsft] SUCCESS  _^_^_ [20180531671][15535ms]
[G][05-31 16:47:05][gfjsft] Opened   ..... [20180531671],openTime=2018-05-31 16:46:41
[G][05-31 16:47:30][gfjsft] timer launch .....
[G][05-31 16:47:30][gfjsft] Opened   ..... [20180531671],openTime=2018-05-31 16:46:41
[G][05-31 16:48:00][gfjsft] timer launch .....
[G][05-31 16:48:05][gfjsft] fetching ..... [20180531672],openTime=2018-05-31 16:48:00[1/80]
[G][05-31 16:48:06][gfjsft] fetching ..... [20180531672],openTime=2018-05-31 16:48:00[2/80]
[G][05-31 16:48:11][gfjsft] fetching ..... [20180531672],openTime=2018-05-31 16:48:00[3/80]
[G][05-31 16:48:18][gfjsft] fetching ..... [20180531672],openTime=2018-05-31 16:48:00[4/80]
[G][05-31 16:48:21][gfjsft] fetching ..... [20180531672],openTime=2018-05-31 16:48:00[5/80]
[G][05-31 16:48:21][gfjsft] RESULTS  _____ [20180531672]=>10,09,06,07,02,03,05,04,08,01
[G][05-31 16:48:25][gfjsft] update trade detail status...20180531672
[G][05-31 16:48:25][gfjsft] trend count[468ms]
[G][05-31 16:48:27][gfjsft] SUCCESS  _^_^_ [20180531672][5894ms]
[G][05-31 16:48:30][gfjsft] timer launch .....
[G][05-31 16:48:31][gfjsft] Opened   ..... [20180531672],openTime=2018-05-31 16:48:19
[G][05-31 16:49:00][gfjsft] timer launch .....
[G][05-31 16:49:09][gfjsft] Opened   ..... [20180531672],openTime=2018-05-31 16:48:19
[G][05-31 16:49:30][gfjsft] timer launch .....
[G][05-31 16:49:31][gfjsft] fetching ..... [20180531673],openTime=2018-05-31 16:49:30[1/80]
[G][05-31 16:49:35][gfjsft] fetching ..... [20180531673],openTime=2018-05-31 16:49:30[2/80]
[G][05-31 16:49:40][gfjsft] fetching ..... [20180531673],openTime=2018-05-31 16:49:30[3/80]
[G][05-31 16:49:46][gfjsft] fetching ..... [20180531673],openTime=2018-05-31 16:49:30[4/80]
[G][05-31 16:49:51][gfjsft] fetching ..... [20180531673],openTime=2018-05-31 16:49:30[5/80]
[G][05-31 16:49:52][gfjsft] RESULTS  _____ [20180531673]=>01,02,07,03,04,05,06,09,10,08
[G][05-31 16:50:00][gfjsft] timer launch .....
[G][05-31 16:50:04][gfjsft] update trade detail status...20180531673
[G][05-31 16:50:06][gfjsft] SUCCESS  _^_^_ [20180531673][13761ms]
[G][05-31 16:50:11][gfjsft] Opened   ..... [20180531673],openTime=2018-05-31 16:49:46
[G][05-31 16:50:30][gfjsft] timer launch .....
[G][05-31 16:50:46][gfjsft] Opened   ..... [20180531673],openTime=2018-05-31 16:49:46
[G][05-31 16:51:00][gfjsft] timer launch .....
[G][05-31 16:51:19][gfjsft] fetching ..... [20180531674],openTime=2018-05-31 16:51:00[1/80]
[G][05-31 16:51:19][gfjsft] RESULTS  _____ [20180531674]=>06,10,05,04,09,02,07,01,03,08
[G][05-31 16:51:25][gfjsft] update trade detail status...20180531674
[G][05-31 16:51:27][gfjsft] SUCCESS  _^_^_ [20180531674][7447ms]
[G][05-31 16:51:30][gfjsft] timer launch .....
[G][05-31 16:51:35][gfjsft] Opened   ..... [20180531674],openTime=2018-05-31 16:51:12
[G][05-31 16:52:00][gfjsft] timer launch .....
[G][05-31 16:52:17][gfjsft] Opened   ..... [20180531674],openTime=2018-05-31 16:51:12
[G][05-31 16:52:30][gfjsft] timer launch .....
[G][05-31 16:52:43][gfjsft] fetching ..... [20180531675],openTime=2018-05-31 16:52:30[1/80]
[G][05-31 16:52:43][gfjsft] fetching ..... [20180531675],openTime=2018-05-31 16:52:30[2/80]
[G][05-31 16:52:48][gfjsft] fetching ..... [20180531675],openTime=2018-05-31 16:52:30[3/80]
[G][05-31 16:52:48][gfjsft] RESULTS  _____ [20180531675]=>08,06,07,05,01,02,03,04,10,09
[G][05-31 16:52:54][gfjsft] update trade detail status...20180531675
[G][05-31 16:52:56][gfjsft] SUCCESS  _^_^_ [20180531675][7244ms]
[G][05-31 16:53:00][gfjsft] timer launch .....
[G][05-31 16:53:23][gfjsft] Opened   ..... [20180531675],openTime=2018-05-31 16:52:43
[G][05-31 16:53:30][gfjsft] timer launch .....
[G][05-31 16:53:43][gfjsft] Opened   ..... [20180531675],openTime=2018-05-31 16:52:43
[G][05-31 16:53:49][gfjsft] trend count[24954ms]
[G][05-31 16:54:00][gfjsft] timer launch .....
[G][05-31 16:54:09][gfjsft] fetching ..... [20180531676],openTime=2018-05-31 16:54:00[1/80]
[G][05-31 16:54:10][gfjsft] fetching ..... [20180531676],openTime=2018-05-31 16:54:00[2/80]
[G][05-31 16:54:15][gfjsft] fetching ..... [20180531676],openTime=2018-05-31 16:54:00[3/80]
[G][05-31 16:54:15][gfjsft] RESULTS  _____ [20180531676]=>04,02,01,10,08,09,03,06,05,07
[G][05-31 16:54:20][gfjsft] update trade detail status...20180531676
[G][05-31 16:54:21][gfjsft] SUCCESS  _^_^_ [20180531676][5817ms]
[G][05-31 16:54:30][gfjsft] timer launch .....
[G][05-31 16:54:30][gfjsft] Opened   ..... [20180531676],openTime=2018-05-31 16:54:13
[G][05-31 16:55:00][gfjsft] timer launch .....
[G][05-31 16:55:30][gfjsft] timer launch .....
[G][05-31 16:56:00][gfjsft] timer launch .....
[G][05-31 16:56:03][gfjsft] fetching ..... [20180531677],openTime=2018-05-31 16:55:30[1/80]
[G][05-31 16:56:03][gfjsft] RESULTS  _____ [20180531677]=>10,06,05,03,09,04,08,07,01,02
[G][05-31 16:56:06][gfjsft] waiting ***** [20180531677],endTime=2018-05-31 16:55:30
[G][05-31 16:56:09][gfjsft] update trade detail status...20180531677
[G][05-31 16:56:11][gfjsft] SUCCESS  _^_^_ [20180531677][7885ms]
[G][05-31 16:56:17][gfjsft] Opened   ..... [20180531677],openTime=2018-05-31 16:55:45
[G][05-31 16:56:30][gfjsft] timer launch .....
[G][05-31 16:56:30][gfjsft] Opened   ..... [20180531677],openTime=2018-05-31 16:55:45
[G][05-31 16:57:00][gfjsft] timer launch .....
[G][05-31 16:57:10][gfjsft] fetching ..... [20180531678],openTime=2018-05-31 16:57:00[1/80]
[G][05-31 16:57:12][gfjsft] fetching ..... [20180531678],openTime=2018-05-31 16:57:00[2/80]
[G][05-31 16:57:20][gfjsft] fetching ..... [20180531678],openTime=2018-05-31 16:57:00[3/80]
[G][05-31 16:57:20][gfjsft] RESULTS  _____ [20180531678]=>02,03,04,09,06,01,07,08,05,10
[G][05-31 16:57:24][gfjsft] update trade detail status...20180531678
[G][05-31 16:57:30][gfjsft] timer launch .....
[G][05-31 16:57:30][gfjsft] SUCCESS  _^_^_ [20180531678][10459ms]
[G][05-31 16:57:39][gfjsft] Opened   ..... [20180531678],openTime=2018-05-31 16:57:14
[G][05-31 16:58:00][gfjsft] timer launch .....
[G][05-31 16:58:01][gfjsft] Opened   ..... [20180531678],openTime=2018-05-31 16:57:14
[G][05-31 16:58:25][gfjsft] trend count[463ms]
[G][05-31 16:58:30][gfjsft] timer launch .....
[G][05-31 16:58:33][gfjsft] fetching ..... [20180531679],openTime=2018-05-31 16:58:30[1/80]
[G][05-31 16:58:43][gfjsft] fetching ..... [20180531679],openTime=2018-05-31 16:58:30[2/80]
[G][05-31 16:58:44][gfjsft] fetching ..... [20180531679],openTime=2018-05-31 16:58:30[3/80]
[G][05-31 16:58:52][gfjsft] fetching ..... [20180531679],openTime=2018-05-31 16:58:30[4/80]
[G][05-31 16:58:52][gfjsft] RESULTS  _____ [20180531679]=>01,08,04,03,02,09,06,10,05,07
[G][05-31 16:58:58][gfjsft] update trade detail status...20180531679
[G][05-31 16:59:00][gfjsft] timer launch .....
[G][05-31 16:59:01][gfjsft] SUCCESS  _^_^_ [20180531679][9006ms]
[G][05-31 16:59:02][gfjsft] Opened   ..... [20180531679],openTime=2018-05-31 16:58:44
[G][05-31 16:59:30][gfjsft] timer launch .....
[G][05-31 16:59:31][gfjsft] Opened   ..... [20180531679],openTime=2018-05-31 16:58:44
[G][05-31 17:00:00][gfjsft] timer launch .....
[G][05-31 17:00:10][gfjsft] init session[1112ms]
[G][05-31 17:00:30][gfjsft] timer launch .....
[G][05-31 17:00:32][gfjsft] fetching ..... [20180531680],openTime=2018-05-31 17:00:00[1/80]
[G][05-31 17:00:32][gfjsft] RESULTS  _____ [20180531680]=>01,10,07,09,04,08,03,05,06,02
[G][05-31 17:00:32][gfjsft] fetching ..... [20180531680],openTime=2018-05-31 17:00:00[1/80]
[G][05-31 17:00:32][gfjsft] opening NOW ..... [20180531680]
[G][05-31 17:00:35][gfjsft] fetching ..... [20180531680],openTime=2018-05-31 17:00:00[2/80]
[G][05-31 17:00:35][gfjsft] opening NOW ..... [20180531680]
[G][05-31 17:00:45][gfjsft] update trade detail status...20180531680
[G][05-31 17:00:47][gfjsft] SUCCESS  _^_^_ [20180531680][15066ms]
[G][05-31 17:00:55][gfjsft] Opened   ..... [20180531680],openTime=2018-05-31 17:00:17
[G][05-31 17:01:00][gfjsft] timer launch .....
[G][05-31 17:01:01][gfjsft] Opened   ..... [20180531680],openTime=2018-05-31 17:00:17
[G][05-31 17:01:30][gfjsft] timer launch .....
[G][05-31 17:01:31][gfjsft] fetching ..... [20180531681],openTime=2018-05-31 17:01:30[1/80]
[G][05-31 17:01:37][gfjsft] fetching ..... [20180531681],openTime=2018-05-31 17:01:30[2/80]
[G][05-31 17:01:40][gfjsft] fetching ..... [20180531681],openTime=2018-05-31 17:01:30[3/80]
[G][05-31 17:01:51][gfjsft] fetching ..... [20180531681],openTime=2018-05-31 17:01:30[4/80]
[G][05-31 17:01:51][gfjsft] RESULTS  _____ [20180531681]=>04,08,07,05,03,10,06,09,02,01
[G][05-31 17:01:58][gfjsft] update trade detail status...20180531681
[G][05-31 17:02:00][gfjsft] timer launch .....
[G][05-31 17:02:00][gfjsft] SUCCESS  _^_^_ [20180531681][9176ms]
[G][05-31 17:02:12][gfjsft] Opened   ..... [20180531681],openTime=2018-05-31 17:01:40
[G][05-31 17:02:30][gfjsft] timer launch .....
[G][05-31 17:02:32][gfjsft] Opened   ..... [20180531681],openTime=2018-05-31 17:01:40
[G][05-31 18:21:00][gfjsft] timer launch .....
[G][05-31 18:21:05][gfjsft] fetching ..... [20180531734],openTime=2018-05-31 18:21:00[1/80]
[G][05-31 18:21:06][gfjsft] fetching ..... [20180531734],openTime=2018-05-31 18:21:00[2/80]
[G][05-31 18:21:11][gfjsft] fetching ..... [20180531734],openTime=2018-05-31 18:21:00[3/80]
[G][05-31 18:21:16][gfjsft] fetching ..... [20180531734],openTime=2018-05-31 18:21:00[4/80]
[G][05-31 18:21:21][gfjsft] fetching ..... [20180531734],openTime=2018-05-31 18:21:00[5/80]
[G][05-31 18:21:21][gfjsft] RESULTS  _____ [20180531734]=>05,01,10,02,09,03,08,06,07,04
[G][05-31 18:21:26][gfjsft] update trade detail status...20180531715
[G][05-31 18:21:27][gfjsft] update trade detail status...20180531716
[G][05-31 18:21:29][gfjsft] update trade detail status...20180531717
[G][05-31 18:21:30][gfjsft] timer launch .....
[G][05-31 18:21:31][gfjsft] update trade detail status...20180531718
[G][05-31 18:21:32][gfjsft] update trade detail status...20180531719
[G][05-31 18:21:34][gfjsft] Opened   ..... [20180531734],openTime=2018-05-31 18:21:19
[G][05-31 18:21:34][gfjsft] update trade detail status...20180531720
[G][05-31 18:21:36][gfjsft] update trade detail status...20180531721
[G][05-31 18:21:37][gfjsft] update trade detail status...20180531722
[G][05-31 18:21:39][gfjsft] update trade detail status...20180531723
[G][05-31 18:21:40][gfjsft] update trade detail status...20180531724
[G][05-31 18:21:42][gfjsft] update trade detail status...20180531725
[G][05-31 18:21:44][gfjsft] update trade detail status...20180531726
[G][05-31 18:21:46][gfjsft] update trade detail status...20180531727
[G][05-31 18:21:47][gfjsft] update trade detail status...20180531728
[G][05-31 18:21:49][gfjsft] update trade detail status...20180531729
[G][05-31 18:21:51][gfjsft] update trade detail status...20180531730
[G][05-31 18:21:52][gfjsft] update trade detail status...20180531731
[G][05-31 18:21:54][gfjsft] update trade detail status...20180531732
[G][05-31 18:21:55][gfjsft] update trade detail status...20180531733
[G][05-31 18:21:57][gfjsft] update trade detail status...20180531734
[G][05-31 18:21:58][gfjsft] SUCCESS  _^_^_ [20180531734][36274ms]
[G][05-31 18:22:00][gfjsft] timer launch .....
[G][05-31 18:22:00][gfjsft] Opened   ..... [20180531734],openTime=2018-05-31 18:21:19
[G][05-31 18:22:30][gfjsft] timer launch .....
[G][05-31 18:22:34][gfjsft] fetching ..... [20180531735],openTime=2018-05-31 18:22:30[1/80]
[G][05-31 18:22:36][gfjsft] fetching ..... [20180531735],openTime=2018-05-31 18:22:30[2/80]
[G][05-31 18:22:40][gfjsft] fetching ..... [20180531735],openTime=2018-05-31 18:22:30[3/80]
[G][05-31 18:22:45][gfjsft] fetching ..... [20180531735],openTime=2018-05-31 18:22:30[4/80]
[G][05-31 18:22:45][gfjsft] RESULTS  _____ [20180531735]=>01,09,07,05,10,02,04,08,06,03
[G][05-31 18:22:48][gfjsft] update trade detail status...20180531735
[G][05-31 18:22:49][gfjsft] SUCCESS  _^_^_ [20180531735][4246ms]
[G][05-31 18:23:00][gfjsft] timer launch .....
[G][05-31 18:23:02][gfjsft] Opened   ..... [20180531735],openTime=2018-05-31 18:22:42
[G][05-31 18:23:25][gfjsft] trend count[398ms]
[G][05-31 18:23:30][gfjsft] timer launch .....
[G][05-31 18:23:30][gfjsft] Opened   ..... [20180531735],openTime=2018-05-31 18:22:42
[G][05-31 18:24:00][gfjsft] timer launch .....
[G][05-31 18:24:00][gfjsft] fetching ..... [20180531736],openTime=2018-05-31 18:24:00[1/80]
[G][05-31 18:24:09][gfjsft] fetching ..... [20180531736],openTime=2018-05-31 18:24:00[2/80]
[G][05-31 18:24:15][gfjsft] fetching ..... [20180531736],openTime=2018-05-31 18:24:00[3/80]
[G][05-31 18:24:16][gfjsft] fetching ..... [20180531736],openTime=2018-05-31 18:24:00[4/80]
[G][05-31 18:25:00][gfjsft] timer launch .....
[G][05-31 18:25:06][gfjsft] fetching ..... [20180531736],openTime=2018-05-31 18:24:00[1/80]
[G][05-31 18:25:06][gfjsft] RESULTS  _____ [20180531736]=>09,03,10,05,01,08,02,04,07,06
[G][05-31 18:25:10][gfjsft] update trade detail status...20180531736
[G][05-31 18:25:12][gfjsft] SUCCESS  _^_^_ [20180531736][5033ms]
[G][05-31 18:25:30][gfjsft] timer launch .....
[G][05-31 18:25:30][gfjsft] fetching ..... [20180531737],openTime=2018-05-31 18:25:30[1/80]
[G][05-31 18:25:35][gfjsft] fetching ..... [20180531737],openTime=2018-05-31 18:25:30[2/80]
[G][05-31 18:25:41][gfjsft] fetching ..... [20180531737],openTime=2018-05-31 18:25:30[3/80]
[G][05-31 18:25:45][gfjsft] fetching ..... [20180531737],openTime=2018-05-31 18:25:30[4/80]
[G][05-31 18:25:45][gfjsft] RESULTS  _____ [20180531737]=>02,09,08,01,05,06,04,07,03,10
[G][05-31 18:25:49][gfjsft] update trade detail status...20180531737
[G][05-31 18:25:50][gfjsft] SUCCESS  _^_^_ [20180531737][4660ms]
[G][05-31 18:26:00][gfjsft] timer launch .....
[G][05-31 18:26:01][gfjsft] Opened   ..... [20180531737],openTime=2018-05-31 18:25:44
[G][05-31 18:26:30][gfjsft] timer launch .....
[G][05-31 18:26:31][gfjsft] Opened   ..... [20180531737],openTime=2018-05-31 18:25:44
[G][05-31 18:27:00][gfjsft] timer launch .....
[G][05-31 18:27:00][gfjsft] fetching ..... [20180531738],openTime=2018-05-31 18:27:00[1/80]
[G][05-31 18:27:05][gfjsft] fetching ..... [20180531738],openTime=2018-05-31 18:27:00[2/80]
[G][05-31 18:27:10][gfjsft] fetching ..... [20180531738],openTime=2018-05-31 18:27:00[3/80]
[G][05-31 18:27:15][gfjsft] fetching ..... [20180531738],openTime=2018-05-31 18:27:00[4/80]
[G][05-31 18:27:15][gfjsft] RESULTS  _____ [20180531738]=>07,04,03,01,02,08,05,10,06,09
[G][05-31 18:27:20][gfjsft] update trade detail status...20180531738
[G][05-31 18:27:21][gfjsft] SUCCESS  _^_^_ [20180531738][6113ms]
[G][05-31 18:27:30][gfjsft] timer launch .....
[G][05-31 18:27:31][gfjsft] Opened   ..... [20180531738],openTime=2018-05-31 18:27:13
[G][05-31 18:28:00][gfjsft] timer launch .....
[G][05-31 18:28:01][gfjsft] Opened   ..... [20180531738],openTime=2018-05-31 18:27:13
[G][05-31 18:28:25][gfjsft] trend count[371ms]
[G][05-31 18:28:30][gfjsft] timer launch .....
[G][05-31 18:28:35][gfjsft] fetching ..... [20180531739],openTime=2018-05-31 18:28:30[1/80]
[G][05-31 18:28:35][gfjsft] fetching ..... [20180531739],openTime=2018-05-31 18:28:30[2/80]
[G][05-31 18:28:42][gfjsft] fetching ..... [20180531739],openTime=2018-05-31 18:28:30[3/80]
[G][05-31 18:28:47][gfjsft] fetching ..... [20180531739],openTime=2018-05-31 18:28:30[4/80]
[G][05-31 18:28:52][gfjsft] fetching ..... [20180531739],openTime=2018-05-31 18:28:30[5/80]
[G][05-31 18:28:52][gfjsft] RESULTS  _____ [20180531739]=>02,09,06,07,08,01,05,10,03,04
[G][05-31 18:28:56][gfjsft] update trade detail status...20180531739
[G][05-31 18:28:57][gfjsft] SUCCESS  _^_^_ [20180531739][4843ms]
[G][05-31 18:29:00][gfjsft] timer launch .....
[G][05-31 18:29:05][gfjsft] Opened   ..... [20180531739],openTime=2018-05-31 18:28:46
[G][05-31 18:29:30][gfjsft] timer launch .....
[G][05-31 18:29:33][gfjsft] Opened   ..... [20180531739],openTime=2018-05-31 18:28:46
[G][05-31 18:30:00][gfjsft] timer launch .....
[G][05-31 18:30:00][gfjsft] fetching ..... [20180531740],openTime=2018-05-31 18:30:00[1/80]
[G][05-31 18:30:03][gfjsft] init session[916ms]
[G][05-31 18:30:26][gfjsft] fetching ..... [20180531740],openTime=2018-05-31 18:30:00[2/80]
[G][05-31 18:30:26][gfjsft] RESULTS  _____ [20180531740]=>03,09,01,02,04,08,07,06,05,10
[G][05-31 18:30:30][gfjsft] timer launch .....
[G][05-31 18:30:30][gfjsft] update trade detail status...20180531740
[G][05-31 18:30:31][gfjsft] Opened   ..... [20180531740],openTime=2018-05-31 18:30:19
[G][05-31 18:30:33][gfjsft] SUCCESS  _^_^_ [20180531740][7308ms]
[G][05-31 18:31:00][gfjsft] timer launch .....
[G][05-31 18:31:03][gfjsft] Opened   ..... [20180531740],openTime=2018-05-31 18:30:19
[G][05-31 18:31:30][gfjsft] timer launch .....
[G][05-31 18:31:33][gfjsft] fetching ..... [20180531741],openTime=2018-05-31 18:31:30[1/80]
[G][05-31 18:31:39][gfjsft] fetching ..... [20180531741],openTime=2018-05-31 18:31:30[2/80]
[G][05-31 18:31:49][gfjsft] fetching ..... [20180531741],openTime=2018-05-31 18:31:30[3/80]
[G][05-31 18:31:49][gfjsft] RESULTS  _____ [20180531741]=>08,03,10,06,05,04,01,07,09,02
[G][05-31 18:31:53][gfjsft] update trade detail status...20180531741
[G][05-31 18:31:55][gfjsft] SUCCESS  _^_^_ [20180531741][6328ms]
[G][05-31 18:32:00][gfjsft] timer launch .....
[G][05-31 18:32:06][gfjsft] Opened   ..... [20180531741],openTime=2018-05-31 18:31:46
[G][05-31 18:32:30][gfjsft] timer launch .....
[G][05-31 18:32:34][gfjsft] Opened   ..... [20180531741],openTime=2018-05-31 18:31:46
[G][05-31 18:33:00][gfjsft] timer launch .....
[G][05-31 18:33:02][gfjsft] fetching ..... [20180531742],openTime=2018-05-31 18:33:00[1/80]
[G][05-31 18:33:06][gfjsft] fetching ..... [20180531742],openTime=2018-05-31 18:33:00[2/80]
[G][05-31 18:33:15][gfjsft] fetching ..... [20180531742],openTime=2018-05-31 18:33:00[3/80]
[G][05-31 18:33:18][gfjsft] fetching ..... [20180531742],openTime=2018-05-31 18:33:00[4/80]
[G][05-31 18:33:18][gfjsft] RESULTS  _____ [20180531742]=>08,04,06,07,03,01,02,05,10,09
[G][05-31 18:33:26][gfjsft] trend count[1472ms]
[G][05-31 18:33:28][gfjsft] update trade detail status...20180531742
[G][05-31 18:33:30][gfjsft] timer launch .....
[G][05-31 18:33:31][gfjsft] Opened   ..... [20180531742],openTime=2018-05-31 18:33:16
[G][05-31 18:33:35][gfjsft] SUCCESS  _^_^_ [20180531742][16986ms]
[G][05-31 18:34:00][gfjsft] timer launch .....
[G][05-31 18:34:13][gfjsft] Opened   ..... [20180531742],openTime=2018-05-31 18:33:16
[G][05-31 18:34:30][gfjsft] timer launch .....
[G][05-31 18:34:30][gfjsft] fetching ..... [20180531743],openTime=2018-05-31 18:34:30[1/80]
[G][05-31 18:34:35][gfjsft] fetching ..... [20180531743],openTime=2018-05-31 18:34:30[2/80]
[G][05-31 18:34:40][gfjsft] fetching ..... [20180531743],openTime=2018-05-31 18:34:30[3/80]
[G][05-31 18:34:46][gfjsft] fetching ..... [20180531743],openTime=2018-05-31 18:34:30[4/80]
[G][05-31 18:34:50][gfjsft] fetching ..... [20180531743],openTime=2018-05-31 18:34:30[5/80]
[G][05-31 18:34:50][gfjsft] RESULTS  _____ [20180531743]=>03,04,02,08,01,10,05,09,07,06
[G][05-31 18:34:53][gfjsft] update trade detail status...20180531743
[G][05-31 18:34:55][gfjsft] SUCCESS  _^_^_ [20180531743][4533ms]
[G][05-31 18:35:00][gfjsft] timer launch .....
[G][05-31 18:35:02][gfjsft] Opened   ..... [20180531743],openTime=2018-05-31 18:34:48
[G][05-31 18:35:30][gfjsft] timer launch .....
[G][05-31 18:35:33][gfjsft] Opened   ..... [20180531743],openTime=2018-05-31 18:34:48
[G][05-31 18:36:00][gfjsft] timer launch .....
[G][05-31 18:36:04][gfjsft] fetching ..... [20180531744],openTime=2018-05-31 18:36:00[1/80]
[G][05-31 18:36:05][gfjsft] fetching ..... [20180531744],openTime=2018-05-31 18:36:00[2/80]
[G][05-31 18:36:13][gfjsft] fetching ..... [20180531744],openTime=2018-05-31 18:36:00[3/80]
[G][05-31 18:36:16][gfjsft] fetching ..... [20180531744],openTime=2018-05-31 18:36:00[4/80]
[G][05-31 18:36:21][gfjsft] fetching ..... [20180531744],openTime=2018-05-31 18:36:00[5/80]
[G][05-31 18:36:21][gfjsft] RESULTS  _____ [20180531744]=>04,03,01,09,07,05,08,10,06,02
[G][05-31 18:36:25][gfjsft] update trade detail status...20180531744
[G][05-31 18:36:27][gfjsft] SUCCESS  _^_^_ [20180531744][5115ms]
[G][05-31 18:36:30][gfjsft] timer launch .....
[G][05-31 18:36:30][gfjsft] Opened   ..... [20180531744],openTime=2018-05-31 18:36:19
[G][05-31 18:37:00][gfjsft] timer launch .....
[G][05-31 18:37:04][gfjsft] Opened   ..... [20180531744],openTime=2018-05-31 18:36:19
[G][05-31 18:37:30][gfjsft] timer launch .....
[G][05-31 18:37:35][gfjsft] fetching ..... [20180531745],openTime=2018-05-31 18:37:30[1/80]
[G][05-31 18:37:36][gfjsft] fetching ..... [20180531745],openTime=2018-05-31 18:37:30[2/80]
[G][05-31 18:37:41][gfjsft] fetching ..... [20180531745],openTime=2018-05-31 18:37:30[3/80]
[G][05-31 18:37:48][gfjsft] fetching ..... [20180531745],openTime=2018-05-31 18:37:30[4/80]
[G][05-31 18:37:48][gfjsft] RESULTS  _____ [20180531745]=>05,10,01,02,07,09,08,04,03,06
[G][05-31 18:37:51][gfjsft] update trade detail status...20180531745
[G][05-31 18:37:53][gfjsft] SUCCESS  _^_^_ [20180531745][4848ms]
[G][05-31 18:38:00][gfjsft] timer launch .....
[G][05-31 18:38:03][gfjsft] Opened   ..... [20180531745],openTime=2018-05-31 18:37:47
[G][05-31 18:38:25][gfjsft] trend count[337ms]
[G][05-31 18:38:30][gfjsft] timer launch .....
[G][05-31 18:38:30][gfjsft] Opened   ..... [20180531745],openTime=2018-05-31 18:37:47
[G][05-31 18:39:00][gfjsft] timer launch .....
[G][05-31 18:39:00][gfjsft] fetching ..... [20180531746],openTime=2018-05-31 18:39:00[1/80]
[G][05-31 18:39:05][gfjsft] fetching ..... [20180531746],openTime=2018-05-31 18:39:00[2/80]
[G][05-31 18:39:15][gfjsft] fetching ..... [20180531746],openTime=2018-05-31 18:39:00[3/80]
[G][05-31 18:39:15][gfjsft] RESULTS  _____ [20180531746]=>10,02,07,09,08,03,01,05,06,04
[G][05-31 18:39:19][gfjsft] update trade detail status...20180531746
[G][05-31 18:39:21][gfjsft] SUCCESS  _^_^_ [20180531746][5199ms]
[G][05-31 18:39:30][gfjsft] timer launch .....
[G][05-31 18:39:31][gfjsft] Opened   ..... [20180531746],openTime=2018-05-31 18:39:14
[G][05-31 18:40:00][gfjsft] timer launch .....
[G][05-31 18:40:00][gfjsft] Opened   ..... [20180531746],openTime=2018-05-31 18:39:14
[G][05-31 18:40:30][gfjsft] timer launch .....
[G][05-31 18:40:44][gfjsft] fetching ..... [20180531747],openTime=2018-05-31 18:40:30[1/80]
[G][05-31 18:40:45][gfjsft] fetching ..... [20180531747],openTime=2018-05-31 18:40:30[2/80]
[G][05-31 18:40:50][gfjsft] fetching ..... [20180531747],openTime=2018-05-31 18:40:30[3/80]
[G][05-31 18:40:50][gfjsft] RESULTS  _____ [20180531747]=>06,03,05,07,01,09,10,02,04,08
[G][05-31 18:40:53][gfjsft] update trade detail status...20180531747
[G][05-31 18:40:54][gfjsft] SUCCESS  _^_^_ [20180531747][4474ms]
[G][05-31 18:41:00][gfjsft] timer launch .....
[G][05-31 18:41:14][gfjsft] Opened   ..... [20180531747],openTime=2018-05-31 18:40:47
[G][05-31 18:41:30][gfjsft] timer launch .....
[G][05-31 18:41:32][gfjsft] Opened   ..... [20180531747],openTime=2018-05-31 18:40:47
[G][05-31 18:42:00][gfjsft] timer launch .....
[G][05-31 18:42:01][gfjsft] fetching ..... [20180531748],openTime=2018-05-31 18:42:00[1/80]
[G][05-31 18:42:09][gfjsft] fetching ..... [20180531748],openTime=2018-05-31 18:42:00[2/80]
[G][05-31 18:42:16][gfjsft] fetching ..... [20180531748],openTime=2018-05-31 18:42:00[3/80]
[G][05-31 18:42:17][gfjsft] fetching ..... [20180531748],openTime=2018-05-31 18:42:00[4/80]
[G][05-31 18:42:22][gfjsft] fetching ..... [20180531748],openTime=2018-05-31 18:42:00[5/80]
[G][05-31 18:42:22][gfjsft] RESULTS  _____ [20180531748]=>03,07,08,10,09,04,05,01,02,06
[G][05-31 18:42:26][gfjsft] update trade detail status...20180531748
[G][05-31 18:42:28][gfjsft] SUCCESS  _^_^_ [20180531748][5614ms]
[G][05-31 18:42:30][gfjsft] timer launch .....
[G][05-31 18:42:34][gfjsft] Opened   ..... [20180531748],openTime=2018-05-31 18:42:18
[G][05-31 18:43:00][gfjsft] timer launch .....
[G][05-31 18:43:00][gfjsft] Opened   ..... [20180531748],openTime=2018-05-31 18:42:18
[G][05-31 18:43:25][gfjsft] trend count[367ms]
[G][05-31 18:43:30][gfjsft] timer launch .....
[G][05-31 18:43:31][gfjsft] fetching ..... [20180531749],openTime=2018-05-31 18:43:30[1/80]
[G][05-31 18:43:36][gfjsft] fetching ..... [20180531749],openTime=2018-05-31 18:43:30[2/80]
[G][05-31 18:43:40][gfjsft] fetching ..... [20180531749],openTime=2018-05-31 18:43:30[3/80]
[G][05-31 18:43:46][gfjsft] fetching ..... [20180531749],openTime=2018-05-31 18:43:30[4/80]
[G][05-31 18:43:46][gfjsft] RESULTS  _____ [20180531749]=>05,07,06,08,04,01,10,02,09,03
[G][05-31 18:43:50][gfjsft] update trade detail status...20180531749
[G][05-31 18:43:52][gfjsft] SUCCESS  _^_^_ [20180531749][5768ms]
[G][05-31 18:44:00][gfjsft] timer launch .....
[G][05-31 18:44:05][gfjsft] Opened   ..... [20180531749],openTime=2018-05-31 18:43:41
[G][05-31 18:44:30][gfjsft] timer launch .....
[G][05-31 18:44:33][gfjsft] Opened   ..... [20180531749],openTime=2018-05-31 18:43:41
[G][05-31 18:45:00][gfjsft] timer launch .....
[G][05-31 18:45:04][gfjsft] fetching ..... [20180531750],openTime=2018-05-31 18:45:00[1/80]
[G][05-31 18:45:09][gfjsft] fetching ..... [20180531750],openTime=2018-05-31 18:45:00[2/80]
[G][05-31 18:45:15][gfjsft] fetching ..... [20180531750],openTime=2018-05-31 18:45:00[3/80]
[G][05-31 18:45:15][gfjsft] RESULTS  _____ [20180531750]=>05,08,07,04,02,01,06,09,10,03
[G][05-31 18:45:19][gfjsft] update trade detail status...20180531750
[G][05-31 18:45:20][gfjsft] SUCCESS  _^_^_ [20180531750][4778ms]
[G][05-31 18:45:30][gfjsft] timer launch .....
[G][05-31 18:45:31][gfjsft] Opened   ..... [20180531750],openTime=2018-05-31 18:45:15
[G][05-31 18:46:00][gfjsft] timer launch .....
[G][05-31 18:46:00][gfjsft] Opened   ..... [20180531750],openTime=2018-05-31 18:45:15
[G][05-31 18:46:30][gfjsft] timer launch .....
[G][05-31 18:46:36][gfjsft] fetching ..... [20180531751],openTime=2018-05-31 18:46:30[1/80]
[G][05-31 18:46:36][gfjsft] fetching ..... [20180531751],openTime=2018-05-31 18:46:30[2/80]
[G][05-31 18:46:41][gfjsft] fetching ..... [20180531751],openTime=2018-05-31 18:46:30[3/80]
[G][05-31 18:46:46][gfjsft] fetching ..... [20180531751],openTime=2018-05-31 18:46:30[4/80]
[G][05-31 18:46:46][gfjsft] RESULTS  _____ [20180531751]=>10,03,06,08,01,07,09,04,05,02
[G][05-31 18:46:50][gfjsft] update trade detail status...20180531751
[G][05-31 18:46:51][gfjsft] SUCCESS  _^_^_ [20180531751][5134ms]
[G][05-31 18:47:00][gfjsft] timer launch .....
[G][05-31 18:47:00][gfjsft] Opened   ..... [20180531751],openTime=2018-05-31 18:46:42
[G][05-31 18:47:30][gfjsft] timer launch .....
[G][05-31 18:47:35][gfjsft] Opened   ..... [20180531751],openTime=2018-05-31 18:46:42
[G][05-31 18:48:00][gfjsft] timer launch .....
[G][05-31 18:48:01][gfjsft] fetching ..... [20180531752],openTime=2018-05-31 18:48:00[1/80]
[G][05-31 18:48:08][gfjsft] fetching ..... [20180531752],openTime=2018-05-31 18:48:00[2/80]
[G][05-31 18:48:14][gfjsft] fetching ..... [20180531752],openTime=2018-05-31 18:48:00[3/80]
[G][05-31 18:48:19][gfjsft] fetching ..... [20180531752],openTime=2018-05-31 18:48:00[4/80]
[G][05-31 18:48:20][gfjsft] RESULTS  _____ [20180531752]=>10,06,08,07,02,09,05,01,03,04
[G][05-31 18:48:23][gfjsft] update trade detail status...20180531752
[G][05-31 18:48:25][gfjsft] SUCCESS  _^_^_ [20180531752][5051ms]
[G][05-31 18:48:29][gfjsft] trend count[4751ms]
[G][05-31 18:48:30][gfjsft] timer launch .....
[G][05-31 18:48:30][gfjsft] Opened   ..... [20180531752],openTime=2018-05-31 18:48:15
[G][05-31 18:49:00][gfjsft] timer launch .....
[G][05-31 18:49:05][gfjsft] Opened   ..... [20180531752],openTime=2018-05-31 18:48:15
[G][05-31 18:49:30][gfjsft] timer launch .....
[G][05-31 18:49:35][gfjsft] fetching ..... [20180531753],openTime=2018-05-31 18:49:30[1/80]
[G][05-31 18:49:36][gfjsft] fetching ..... [20180531753],openTime=2018-05-31 18:49:30[2/80]
[G][05-31 18:49:43][gfjsft] fetching ..... [20180531753],openTime=2018-05-31 18:49:30[3/80]
[G][05-31 18:49:43][gfjsft] RESULTS  _____ [20180531753]=>05,02,03,01,10,09,06,07,04,08
[G][05-31 18:49:46][gfjsft] update trade detail status...20180531753
[G][05-31 18:49:48][gfjsft] SUCCESS  _^_^_ [20180531753][4844ms]
[G][05-31 18:50:00][gfjsft] timer launch .....
[G][05-31 18:50:00][gfjsft] Opened   ..... [20180531753],openTime=2018-05-31 18:49:41
[G][05-31 18:50:30][gfjsft] timer launch .....
[G][05-31 18:50:30][gfjsft] Opened   ..... [20180531753],openTime=2018-05-31 18:49:41
[G][05-31 18:51:00][gfjsft] timer launch .....
[G][05-31 18:51:06][gfjsft] fetching ..... [20180531754],openTime=2018-05-31 18:51:00[1/80]
[G][05-31 18:51:07][gfjsft] fetching ..... [20180531754],openTime=2018-05-31 18:51:00[2/80]
[G][05-31 18:51:12][gfjsft] fetching ..... [20180531754],openTime=2018-05-31 18:51:00[3/80]
[G][05-31 18:51:12][gfjsft] RESULTS  _____ [20180531754]=>08,06,03,01,09,04,05,02,10,07
[G][05-31 18:51:18][gfjsft] update trade detail status...20180531754
[G][05-31 18:51:20][gfjsft] SUCCESS  _^_^_ [20180531754][7843ms]
[G][05-31 18:51:30][gfjsft] timer launch .....
[G][05-31 18:51:36][gfjsft] Opened   ..... [20180531754],openTime=2018-05-31 18:51:12
[G][05-31 18:52:00][gfjsft] timer launch .....
[G][05-31 18:52:00][gfjsft] Opened   ..... [20180531754],openTime=2018-05-31 18:51:12
[G][05-31 18:52:30][gfjsft] timer launch .....
[G][05-31 18:52:33][gfjsft] fetching ..... [20180531755],openTime=2018-05-31 18:52:30[1/80]
[G][05-31 18:52:38][gfjsft] fetching ..... [20180531755],openTime=2018-05-31 18:52:30[2/80]
[G][05-31 18:52:41][gfjsft] fetching ..... [20180531755],openTime=2018-05-31 18:52:30[3/80]
[G][05-31 18:52:48][gfjsft] fetching ..... [20180531755],openTime=2018-05-31 18:52:30[4/80]
[G][05-31 18:52:48][gfjsft] RESULTS  _____ [20180531755]=>07,08,02,03,01,05,09,06,04,10
[G][05-31 18:52:51][gfjsft] update trade detail status...20180531755
[G][05-31 18:52:53][gfjsft] SUCCESS  _^_^_ [20180531755][4294ms]
[G][05-31 18:53:00][gfjsft] timer launch .....
[G][05-31 18:53:03][gfjsft] Opened   ..... [20180531755],openTime=2018-05-31 18:52:44
[G][05-31 18:53:25][gfjsft] trend count[358ms]
[G][05-31 18:53:30][gfjsft] timer launch .....
[G][05-31 18:53:30][gfjsft] Opened   ..... [20180531755],openTime=2018-05-31 18:52:44
[G][05-31 18:54:00][gfjsft] timer launch .....
[G][05-31 18:54:00][gfjsft] fetching ..... [20180531756],openTime=2018-05-31 18:54:00[1/80]
[G][05-31 18:54:05][gfjsft] fetching ..... [20180531756],openTime=2018-05-31 18:54:00[2/80]
[G][05-31 18:54:10][gfjsft] fetching ..... [20180531756],openTime=2018-05-31 18:54:00[3/80]
[G][05-31 18:54:15][gfjsft] fetching ..... [20180531756],openTime=2018-05-31 18:54:00[4/80]
[G][05-31 18:54:15][gfjsft] RESULTS  _____ [20180531756]=>07,05,01,04,10,08,09,06,03,02
[G][05-31 18:54:19][gfjsft] update trade detail status...20180531756
[G][05-31 18:54:20][gfjsft] SUCCESS  _^_^_ [20180531756][5031ms]
[G][05-31 18:54:30][gfjsft] timer launch .....
[G][05-31 18:54:30][gfjsft] Opened   ..... [20180531756],openTime=2018-05-31 18:54:14
[G][05-31 18:55:00][gfjsft] timer launch .....
[G][05-31 18:55:03][gfjsft] Opened   ..... [20180531756],openTime=2018-05-31 18:54:14
[G][05-31 18:55:30][gfjsft] timer launch .....
[G][05-31 18:55:30][gfjsft] fetching ..... [20180531757],openTime=2018-05-31 18:55:30[1/80]
[G][05-31 18:55:35][gfjsft] fetching ..... [20180531757],openTime=2018-05-31 18:55:30[2/80]
[G][05-31 18:55:40][gfjsft] fetching ..... [20180531757],openTime=2018-05-31 18:55:30[3/80]
[G][05-31 18:55:45][gfjsft] fetching ..... [20180531757],openTime=2018-05-31 18:55:30[4/80]
[G][05-31 18:55:45][gfjsft] RESULTS  _____ [20180531757]=>09,02,05,03,08,01,07,04,10,06
[G][05-31 18:55:48][gfjsft] update trade detail status...20180531757
[G][05-31 18:55:49][gfjsft] SUCCESS  _^_^_ [20180531757][4334ms]
[G][05-31 18:56:00][gfjsft] timer launch .....
[G][05-31 18:56:00][gfjsft] Opened   ..... [20180531757],openTime=2018-05-31 18:55:41
[G][05-31 18:56:30][gfjsft] timer launch .....
[G][05-31 18:56:30][gfjsft] Opened   ..... [20180531757],openTime=2018-05-31 18:55:41
[G][05-31 18:57:00][gfjsft] timer launch .....
[G][05-31 18:57:01][gfjsft] fetching ..... [20180531758],openTime=2018-05-31 18:57:00[1/80]
[G][05-31 18:57:05][gfjsft] fetching ..... [20180531758],openTime=2018-05-31 18:57:00[2/80]
[G][05-31 18:57:14][gfjsft] fetching ..... [20180531758],openTime=2018-05-31 18:57:00[3/80]
[G][05-31 18:57:15][gfjsft] fetching ..... [20180531758],openTime=2018-05-31 18:57:00[4/80]
[G][05-31 18:57:20][gfjsft] fetching ..... [20180531758],openTime=2018-05-31 18:57:00[5/80]
[G][05-31 18:57:26][gfjsft] fetching ..... [20180531758],openTime=2018-05-31 18:57:00[6/80]
[G][05-31 18:57:26][gfjsft] RESULTS  _____ [20180531758]=>07,03,06,05,01,10,08,02,04,09
[G][05-31 18:57:29][gfjsft] update trade detail status...20180531758
[G][05-31 18:57:30][gfjsft] timer launch .....
[G][05-31 18:57:30][gfjsft] Opened   ..... [20180531758],openTime=2018-05-31 18:57:19
[G][05-31 18:57:30][gfjsft] SUCCESS  _^_^_ [20180531758][4691ms]
[G][05-31 18:58:00][gfjsft] timer launch .....
[G][05-31 18:58:01][gfjsft] Opened   ..... [20180531758],openTime=2018-05-31 18:57:19
[G][05-31 18:58:25][gfjsft] trend count[383ms]
[G][05-31 18:58:30][gfjsft] timer launch .....
[G][05-31 18:58:31][gfjsft] fetching ..... [20180531759],openTime=2018-05-31 18:58:30[1/80]
[G][05-31 18:58:36][gfjsft] fetching ..... [20180531759],openTime=2018-05-31 18:58:30[2/80]
[G][05-31 18:58:41][gfjsft] fetching ..... [20180531759],openTime=2018-05-31 18:58:30[3/80]
[G][05-31 18:58:46][gfjsft] fetching ..... [20180531759],openTime=2018-05-31 18:58:30[4/80]
[G][05-31 18:58:51][gfjsft] fetching ..... [20180531759],openTime=2018-05-31 18:58:30[5/80]
[G][05-31 18:58:51][gfjsft] RESULTS  _____ [20180531759]=>10,09,06,02,01,08,05,07,03,04
[G][05-31 18:58:54][gfjsft] update trade detail status...20180531759
[G][05-31 18:58:56][gfjsft] SUCCESS  _^_^_ [20180531759][4859ms]
[G][05-31 18:59:00][gfjsft] timer launch .....
[G][05-31 18:59:03][gfjsft] Opened   ..... [20180531759],openTime=2018-05-31 18:58:49
[G][05-31 18:59:30][gfjsft] timer launch .....
[G][05-31 18:59:31][gfjsft] Opened   ..... [20180531759],openTime=2018-05-31 18:58:49
[G][05-31 19:00:00][gfjsft] timer launch .....
[G][05-31 19:00:01][gfjsft] fetching ..... [20180531760],openTime=2018-05-31 19:00:00[1/80]
[G][05-31 19:00:04][gfjsft] init session[718ms]
[G][05-31 19:00:06][gfjsft] fetching ..... [20180531760],openTime=2018-05-31 19:00:00[2/80]
[G][05-31 19:00:16][gfjsft] fetching ..... [20180531760],openTime=2018-05-31 19:00:00[3/80]
[G][05-31 19:00:16][gfjsft] fetching ..... [20180531760],openTime=2018-05-31 19:00:00[4/80]
[G][05-31 19:00:21][gfjsft] fetching ..... [20180531760],openTime=2018-05-31 19:00:00[5/80]
[G][05-31 19:00:21][gfjsft] RESULTS  _____ [20180531760]=>06,02,09,08,10,04,03,01,05,07
[G][05-31 19:00:24][gfjsft] update trade detail status...20180531760
[G][05-31 19:00:26][gfjsft] SUCCESS  _^_^_ [20180531760][4300ms]
[G][05-31 19:00:30][gfjsft] timer launch .....
[G][05-31 19:00:30][gfjsft] Opened   ..... [20180531760],openTime=2018-05-31 19:00:20
[G][05-31 19:01:00][gfjsft] timer launch .....
[G][05-31 19:01:06][gfjsft] Opened   ..... [20180531760],openTime=2018-05-31 19:00:20
[G][05-31 19:01:30][gfjsft] timer launch .....
[G][05-31 19:01:31][gfjsft] fetching ..... [20180531761],openTime=2018-05-31 19:01:30[1/80]
[G][05-31 19:01:42][gfjsft] fetching ..... [20180531761],openTime=2018-05-31 19:01:30[2/80]
[G][05-31 19:01:43][gfjsft] fetching ..... [20180531761],openTime=2018-05-31 19:01:30[3/80]
[G][05-31 19:01:48][gfjsft] fetching ..... [20180531761],openTime=2018-05-31 19:01:30[4/80]
[G][05-31 19:01:53][gfjsft] fetching ..... [20180531761],openTime=2018-05-31 19:01:30[5/80]
[G][05-31 19:01:53][gfjsft] RESULTS  _____ [20180531761]=>01,07,03,08,09,05,02,10,04,06
[G][05-31 19:01:57][gfjsft] update trade detail status...20180531761
[G][05-31 19:01:58][gfjsft] SUCCESS  _^_^_ [20180531761][5674ms]
[G][05-31 19:02:00][gfjsft] timer launch .....
[G][05-31 19:02:05][gfjsft] Opened   ..... [20180531761],openTime=2018-05-31 19:01:49
[G][05-31 19:02:30][gfjsft] timer launch .....
[G][05-31 19:02:35][gfjsft] Opened   ..... [20180531761],openTime=2018-05-31 19:01:49
[G][05-31 19:03:00][gfjsft] timer launch .....
[G][05-31 19:03:02][gfjsft] fetching ..... [20180531762],openTime=2018-05-31 19:03:00[1/80]
[G][05-31 19:03:05][gfjsft] fetching ..... [20180531762],openTime=2018-05-31 19:03:00[2/80]
[G][05-31 19:03:14][gfjsft] fetching ..... [20180531762],openTime=2018-05-31 19:03:00[3/80]
[G][05-31 19:03:14][gfjsft] RESULTS  _____ [20180531762]=>04,06,09,10,02,07,05,03,08,01
[G][05-31 19:03:18][gfjsft] update trade detail status...20180531762
[G][05-31 19:03:19][gfjsft] SUCCESS  _^_^_ [20180531762][4704ms]
[G][05-31 19:03:25][gfjsft] trend count[369ms]
[G][05-31 19:03:30][gfjsft] timer launch .....
[G][05-31 19:03:36][gfjsft] Opened   ..... [20180531762],openTime=2018-05-31 19:03:10
[G][05-31 19:04:00][gfjsft] timer launch .....
[G][05-31 19:04:04][gfjsft] Opened   ..... [20180531762],openTime=2018-05-31 19:03:10
[G][05-31 19:04:30][gfjsft] timer launch .....
[G][05-31 19:04:30][gfjsft] fetching ..... [20180531763],openTime=2018-05-31 19:04:30[1/80]
[G][05-31 19:04:35][gfjsft] fetching ..... [20180531763],openTime=2018-05-31 19:04:30[2/80]
[G][05-31 19:04:40][gfjsft] fetching ..... [20180531763],openTime=2018-05-31 19:04:30[3/80]
[G][05-31 19:04:45][gfjsft] fetching ..... [20180531763],openTime=2018-05-31 19:04:30[4/80]
[G][05-31 19:04:50][gfjsft] fetching ..... [20180531763],openTime=2018-05-31 19:04:30[5/80]
[G][05-31 19:04:55][gfjsft] fetching ..... [20180531763],openTime=2018-05-31 19:04:30[6/80]
[G][05-31 19:04:55][gfjsft] RESULTS  _____ [20180531763]=>08,06,09,07,04,10,03,01,05,02
[G][05-31 19:04:59][gfjsft] update trade detail status...20180531763
[G][05-31 19:05:00][gfjsft] timer launch .....
[G][05-31 19:05:00][gfjsft] SUCCESS  _^_^_ [20180531763][5311ms]
[G][05-31 19:05:03][gfjsft] Opened   ..... [20180531763],openTime=2018-05-31 19:04:50
[G][05-31 19:05:30][gfjsft] timer launch .....
[G][05-31 19:05:31][gfjsft] Opened   ..... [20180531763],openTime=2018-05-31 19:04:50
[G][05-31 19:06:00][gfjsft] timer launch .....
[G][05-31 19:06:00][gfjsft] fetching ..... [20180531764],openTime=2018-05-31 19:06:00[1/80]
[G][05-31 19:06:05][gfjsft] fetching ..... [20180531764],openTime=2018-05-31 19:06:00[2/80]
[G][05-31 19:06:10][gfjsft] fetching ..... [20180531764],openTime=2018-05-31 19:06:00[3/80]
[G][05-31 19:06:15][gfjsft] fetching ..... [20180531764],openTime=2018-05-31 19:06:00[4/80]
[G][05-31 19:06:20][gfjsft] fetching ..... [20180531764],openTime=2018-05-31 19:06:00[5/80]
[G][05-31 19:06:25][gfjsft] fetching ..... [20180531764],openTime=2018-05-31 19:06:00[6/80]
[G][05-31 19:06:25][gfjsft] RESULTS  _____ [20180531764]=>05,02,08,03,07,06,10,09,01,04
[G][05-31 19:06:30][gfjsft] timer launch .....
[G][05-31 19:06:35][gfjsft] Opened   ..... [20180531764],openTime=2018-05-31 19:06:19
[G][05-31 19:06:36][gfjsft] update trade detail status...20180531764
[G][05-31 19:06:37][gfjsft] SUCCESS  _^_^_ [20180531764][11877ms]
[G][05-31 19:07:00][gfjsft] timer launch .....
[G][05-31 19:07:04][gfjsft] Opened   ..... [20180531764],openTime=2018-05-31 19:06:19
[G][05-31 19:07:30][gfjsft] timer launch .....
[G][05-31 19:07:31][gfjsft] fetching ..... [20180531765],openTime=2018-05-31 19:07:30[1/80]
[G][05-31 19:07:39][gfjsft] fetching ..... [20180531765],openTime=2018-05-31 19:07:30[2/80]
[G][05-31 19:07:45][gfjsft] fetching ..... [20180531765],openTime=2018-05-31 19:07:30[3/80]
[G][05-31 19:07:45][gfjsft] fetching ..... [20180531765],openTime=2018-05-31 19:07:30[4/80]
[G][05-31 19:07:52][gfjsft] fetching ..... [20180531765],openTime=2018-05-31 19:07:30[5/80]
[G][05-31 19:07:52][gfjsft] RESULTS  _____ [20180531765]=>01,09,05,07,08,04,10,02,06,03
[G][05-31 19:07:55][gfjsft] update trade detail status...20180531765
[G][05-31 19:07:56][gfjsft] SUCCESS  _^_^_ [20180531765][4287ms]
[G][05-31 19:08:00][gfjsft] timer launch .....
[G][05-31 19:08:05][gfjsft] Opened   ..... [20180531765],openTime=2018-05-31 19:07:47
[G][05-31 19:08:25][gfjsft] trend count[379ms]
[G][05-31 19:08:30][gfjsft] timer launch .....
[G][05-31 19:08:31][gfjsft] Opened   ..... [20180531765],openTime=2018-05-31 19:07:47
[G][05-31 19:09:00][gfjsft] timer launch .....
[G][05-31 19:09:00][gfjsft] fetching ..... [20180531766],openTime=2018-05-31 19:09:00[1/80]
[G][05-31 19:09:05][gfjsft] fetching ..... [20180531766],openTime=2018-05-31 19:09:00[2/80]
[G][05-31 19:09:15][gfjsft] fetching ..... [20180531766],openTime=2018-05-31 19:09:00[3/80]
[G][05-31 19:09:15][gfjsft] RESULTS  _____ [20180531766]=>07,09,08,05,04,01,02,10,03,06
[G][05-31 19:09:18][gfjsft] update trade detail status...20180531766
[G][05-31 19:09:19][gfjsft] SUCCESS  _^_^_ [20180531766][4647ms]
[G][05-31 19:09:30][gfjsft] timer launch .....
[G][05-31 19:09:30][gfjsft] Opened   ..... [20180531766],openTime=2018-05-31 19:09:11
[G][05-31 19:10:00][gfjsft] timer launch .....
[G][05-31 19:10:00][gfjsft] Opened   ..... [20180531766],openTime=2018-05-31 19:09:11
