[G][05-31 09:10:32][gfjsk3] timer launch .....
[G][05-31 09:20:32][gfjsk3] timer launch .....
[G][05-31 09:31:12][gfjsk3] timer launch .....
[G][05-31 09:40:32][gfjsk3] timer launch .....
[G][05-31 09:50:32][gfjsk3] timer launch .....
[G][05-31 10:00:32][gfjsk3] timer launch .....
[G][05-31 10:10:32][gfjsk3] timer launch .....
[G][05-31 10:20:32][gfjsk3] timer launch .....
[G][05-31 14:00:32][gfjsk3] timer launch .....
[G][05-31 16:00:32][gfjsk3] timer launch .....
[G][05-31 16:00:42][gfjsk3] fetching ..... [180531045],openTime=2018-05-31 16:00:00[1/80]
[G][05-31 16:00:42][gfjsk3] RESULTS  _____ [180531045]=>3,3,4
[G][05-31 16:00:46][gfjsk3] update trade detail status...180531026
[G][05-31 16:00:48][gfjsk3] update trade detail status...180531027
[G][05-31 16:00:50][gfjsk3] update trade detail status...180531028
[G][05-31 16:00:52][gfjsk3] update trade detail status...180531029
[G][05-31 16:00:53][gfjsk3] update trade detail status...180531030
[G][05-31 16:00:55][gfjsk3] update trade detail status...180531031
[G][05-31 16:00:57][gfjsk3] update trade detail status...180531032
[G][05-31 16:00:58][gfjsk3] update trade detail status...180531033
[G][05-31 16:00:59][gfjsk3] update trade detail status...180531034
[G][05-31 16:01:01][gfjsk3] update trade detail status...180531035
[G][05-31 16:01:02][gfjsk3] update trade detail status...180531036
[G][05-31 16:01:04][gfjsk3] update trade detail status...180531037
[G][05-31 16:01:06][gfjsk3] update trade detail status...180531038
[G][05-31 16:01:08][gfjsk3] update trade detail status...180531039
[G][05-31 16:01:11][gfjsk3] update trade detail status...180531040
[G][05-31 16:01:12][gfjsk3] update trade detail status...180531041
[G][05-31 16:01:15][gfjsk3] update trade detail status...180531042
[G][05-31 16:01:17][gfjsk3] update trade detail status...180531043
[G][05-31 16:01:19][gfjsk3] update trade detail status...180531044
[G][05-31 16:01:21][gfjsk3] update trade detail status...180531045
[G][05-31 16:01:24][gfjsk3] SUCCESS  _^_^_ [180531045][41966ms]
[G][05-31 16:11:15][gfjsk3] timer launch .....
[G][05-31 16:11:21][gfjsk3] fetching ..... [180531046],openTime=2018-05-31 16:10:00[1/80]
[G][05-31 16:11:22][gfjsk3] RESULTS  _____ [180531046]=>3,4,5
[G][05-31 16:11:25][gfjsk3] update trade detail status...180531027
[G][05-31 16:11:27][gfjsk3] update trade detail status...180531028
[G][05-31 16:11:35][gfjsk3] update trade detail status...180531029
[G][05-31 16:11:37][gfjsk3] update trade detail status...180531030
[G][05-31 16:11:40][gfjsk3] update trade detail status...180531031
[G][05-31 16:11:44][gfjsk3] update trade detail status...180531032
[G][05-31 16:11:46][gfjsk3] update trade detail status...180531033
[G][05-31 16:11:47][gfjsk3] update trade detail status...180531034
[G][05-31 16:11:49][gfjsk3] update trade detail status...180531035
[G][05-31 16:11:50][gfjsk3] update trade detail status...180531036
[G][05-31 16:11:52][gfjsk3] update trade detail status...180531037
[G][05-31 16:11:54][gfjsk3] update trade detail status...180531038
[G][05-31 16:11:55][gfjsk3] update trade detail status...180531039
[G][05-31 16:11:56][gfjsk3] update trade detail status...180531040
[G][05-31 16:11:58][gfjsk3] update trade detail status...180531041
[G][05-31 16:11:59][gfjsk3] update trade detail status...180531042
[G][05-31 16:12:01][gfjsk3] update trade detail status...180531043
[G][05-31 16:12:02][gfjsk3] update trade detail status...180531044
[G][05-31 16:12:04][gfjsk3] update trade detail status...180531045
[G][05-31 16:12:06][gfjsk3] update trade detail status...180531046
[G][05-31 16:12:10][gfjsk3] SUCCESS  _^_^_ [180531046][48945ms]
[G][05-31 16:20:32][gfjsk3] timer launch .....
[G][05-31 16:20:36][gfjsk3] fetching ..... [180531047],openTime=2018-05-31 16:20:00[1/80]
[G][05-31 16:20:37][gfjsk3] RESULTS  _____ [180531047]=>4,5,6
[G][05-31 16:20:55][gfjsk3] update trade detail status...180531028
[G][05-31 16:20:56][gfjsk3] update trade detail status...180531029
[G][05-31 16:20:57][gfjsk3] update trade detail status...180531030
[G][05-31 16:20:58][gfjsk3] update trade detail status...180531031
[G][05-31 16:21:00][gfjsk3] update trade detail status...180531032
[G][05-31 16:21:02][gfjsk3] update trade detail status...180531033
[G][05-31 16:21:04][gfjsk3] update trade detail status...180531034
[G][05-31 16:21:07][gfjsk3] update trade detail status...180531035
[G][05-31 16:21:09][gfjsk3] update trade detail status...180531036
[G][05-31 16:21:11][gfjsk3] update trade detail status...180531037
[G][05-31 16:21:13][gfjsk3] update trade detail status...180531038
[G][05-31 16:21:14][gfjsk3] update trade detail status...180531039
[G][05-31 16:21:16][gfjsk3] update trade detail status...180531040
[G][05-31 16:21:18][gfjsk3] update trade detail status...180531041
[G][05-31 16:21:21][gfjsk3] update trade detail status...180531042
[G][05-31 16:21:22][gfjsk3] update trade detail status...180531043
[G][05-31 16:21:23][gfjsk3] update trade detail status...180531044
[G][05-31 16:21:24][gfjsk3] update trade detail status...180531045
[G][05-31 16:21:26][gfjsk3] update trade detail status...180531046
[G][05-31 16:21:27][gfjsk3] update trade detail status...180531047
[G][05-31 16:21:29][gfjsk3] SUCCESS  _^_^_ [180531047][52414ms]
[G][05-31 16:30:18][gfjsk3] init session[4971ms]
[G][05-31 16:30:32][gfjsk3] timer launch .....
[G][05-31 16:30:36][gfjsk3] fetching ..... [180531048],openTime=2018-05-31 16:30:00[1/80]
[G][05-31 16:30:36][gfjsk3] RESULTS  _____ [180531048]=>1,1,6
[G][05-31 16:30:52][gfjsk3] update trade detail status...180531029
[G][05-31 16:31:06][gfjsk3] update trade detail status...180531030
[G][05-31 16:31:12][gfjsk3] update trade detail status...180531031
[G][05-31 16:31:15][gfjsk3] update trade detail status...180531032
[G][05-31 16:31:19][gfjsk3] update trade detail status...180531033
[G][05-31 16:31:25][gfjsk3] update trade detail status...180531034
[G][05-31 16:31:28][gfjsk3] update trade detail status...180531035
[G][05-31 16:31:33][gfjsk3] update trade detail status...180531036
[G][05-31 16:40:32][gfjsk3] timer launch .....
[G][05-31 16:40:33][gfjsk3] fetching ..... [180531049],openTime=2018-05-31 16:40:00[1/80]
[G][05-31 16:40:34][gfjsk3] RESULTS  _____ [180531049]=>2,3,6
[G][05-31 16:40:38][gfjsk3] update trade detail status...180531030
[G][05-31 16:40:39][gfjsk3] update trade detail status...180531031
[G][05-31 16:40:41][gfjsk3] update trade detail status...180531032
[G][05-31 16:40:43][gfjsk3] update trade detail status...180531033
[G][05-31 16:40:45][gfjsk3] update trade detail status...180531034
[G][05-31 16:40:47][gfjsk3] update trade detail status...180531035
[G][05-31 16:40:50][gfjsk3] update trade detail status...180531036
[G][05-31 16:40:52][gfjsk3] update trade detail status...180531037
[G][05-31 16:40:54][gfjsk3] update trade detail status...180531038
[G][05-31 16:40:55][gfjsk3] update trade detail status...180531039
[G][05-31 16:40:57][gfjsk3] update trade detail status...180531040
[G][05-31 16:40:58][gfjsk3] update trade detail status...180531041
[G][05-31 16:41:00][gfjsk3] update trade detail status...180531042
[G][05-31 16:41:02][gfjsk3] update trade detail status...180531043
[G][05-31 16:41:05][gfjsk3] update trade detail status...180531044
[G][05-31 16:41:07][gfjsk3] update trade detail status...180531045
[G][05-31 16:41:09][gfjsk3] update trade detail status...180531046
[G][05-31 16:41:10][gfjsk3] update trade detail status...180531047
[G][05-31 16:41:11][gfjsk3] update trade detail status...180531048
[G][05-31 16:41:14][gfjsk3] update trade detail status...180531049
[G][05-31 16:41:16][gfjsk3] SUCCESS  _^_^_ [180531049][42192ms]
[G][05-31 16:50:32][gfjsk3] timer launch .....
[G][05-31 16:50:33][gfjsk3] fetching ..... [180531050],openTime=2018-05-31 16:50:00[1/80]
[G][05-31 16:50:38][gfjsk3] fetching ..... [180531050],openTime=2018-05-31 16:50:00[2/80]
[G][05-31 16:50:38][gfjsk3] RESULTS  _____ [180531050]=>5,5,6
[G][05-31 16:50:41][gfjsk3] update trade detail status...180531031
[G][05-31 16:50:42][gfjsk3] update trade detail status...180531032
[G][05-31 16:50:44][gfjsk3] update trade detail status...180531033
[G][05-31 16:50:46][gfjsk3] update trade detail status...180531034
[G][05-31 16:50:48][gfjsk3] update trade detail status...180531035
[G][05-31 16:50:49][gfjsk3] update trade detail status...180531036
[G][05-31 16:50:51][gfjsk3] update trade detail status...180531037
[G][05-31 16:50:52][gfjsk3] update trade detail status...180531038
[G][05-31 16:50:54][gfjsk3] update trade detail status...180531039
[G][05-31 16:50:57][gfjsk3] update trade detail status...180531040
[G][05-31 16:50:58][gfjsk3] update trade detail status...180531041
[G][05-31 16:51:00][gfjsk3] update trade detail status...180531042
[G][05-31 16:51:03][gfjsk3] update trade detail status...180531043
[G][05-31 16:51:05][gfjsk3] update trade detail status...180531044
[G][05-31 16:51:07][gfjsk3] update trade detail status...180531045
[G][05-31 16:51:09][gfjsk3] update trade detail status...180531046
[G][05-31 16:51:10][gfjsk3] update trade detail status...180531047
[G][05-31 16:51:14][gfjsk3] update trade detail status...180531048
[G][05-31 16:51:17][gfjsk3] update trade detail status...180531049
[G][05-31 16:51:19][gfjsk3] update trade detail status...180531050
[G][05-31 16:51:20][gfjsk3] SUCCESS  _^_^_ [180531050][42335ms]
[G][05-31 17:00:11][gfjsk3] init session[1755ms]
[G][05-31 17:00:32][gfjsk3] timer launch .....
[G][05-31 17:00:33][gfjsk3] fetching ..... [180531051],openTime=2018-05-31 17:00:00[1/80]
[G][05-31 17:00:33][gfjsk3] RESULTS  _____ [180531051]=>3,4,4
[G][05-31 17:00:38][gfjsk3] update trade detail status...180531032
[G][05-31 17:00:40][gfjsk3] update trade detail status...180531033
[G][05-31 17:00:42][gfjsk3] update trade detail status...180531034
[G][05-31 17:00:45][gfjsk3] update trade detail status...180531035
[G][05-31 17:00:47][gfjsk3] update trade detail status...180531036
[G][05-31 17:00:48][gfjsk3] update trade detail status...180531037
[G][05-31 17:00:50][gfjsk3] update trade detail status...180531038
[G][05-31 17:00:52][gfjsk3] update trade detail status...180531039
[G][05-31 17:00:53][gfjsk3] update trade detail status...180531040
[G][05-31 17:00:55][gfjsk3] update trade detail status...180531041
[G][05-31 17:00:56][gfjsk3] update trade detail status...180531042
[G][05-31 17:00:57][gfjsk3] update trade detail status...180531043
[G][05-31 17:00:59][gfjsk3] update trade detail status...180531044
[G][05-31 17:01:02][gfjsk3] update trade detail status...180531045
[G][05-31 17:01:04][gfjsk3] update trade detail status...180531046
[G][05-31 17:01:05][gfjsk3] update trade detail status...180531047
[G][05-31 17:01:06][gfjsk3] update trade detail status...180531048
[G][05-31 17:01:08][gfjsk3] update trade detail status...180531049
[G][05-31 17:01:12][gfjsk3] update trade detail status...180531050
[G][05-31 17:01:13][gfjsk3] update trade detail status...180531051
[G][05-31 17:01:16][gfjsk3] SUCCESS  _^_^_ [180531051][42683ms]
[G][05-31 18:30:04][gfjsk3] init session[1001ms]
[G][05-31 18:30:32][gfjsk3] timer launch .....
[G][05-31 18:30:32][gfjsk3] fetching ..... [180531060],openTime=2018-05-31 18:30:00[1/80]
[G][05-31 18:30:32][gfjsk3] RESULTS  _____ [180531060]=>2,4,6
[G][05-31 18:30:36][gfjsk3] update trade detail status...180531041
[G][05-31 18:30:37][gfjsk3] update trade detail status...180531042
[G][05-31 18:30:38][gfjsk3] update trade detail status...180531043
[G][05-31 18:30:39][gfjsk3] update trade detail status...180531044
[G][05-31 18:30:40][gfjsk3] update trade detail status...180531045
[G][05-31 18:30:41][gfjsk3] update trade detail status...180531046
[G][05-31 18:30:43][gfjsk3] update trade detail status...180531047
[G][05-31 18:30:44][gfjsk3] update trade detail status...180531048
[G][05-31 18:30:45][gfjsk3] update trade detail status...180531049
[G][05-31 18:30:46][gfjsk3] update trade detail status...180531050
[G][05-31 18:30:47][gfjsk3] update trade detail status...180531051
[G][05-31 18:30:48][gfjsk3] update trade detail status...180531052
[G][05-31 18:30:50][gfjsk3] update trade detail status...180531053
[G][05-31 18:30:51][gfjsk3] update trade detail status...180531054
[G][05-31 18:30:53][gfjsk3] update trade detail status...180531055
[G][05-31 18:30:54][gfjsk3] update trade detail status...180531056
[G][05-31 18:30:55][gfjsk3] update trade detail status...180531057
[G][05-31 18:30:56][gfjsk3] update trade detail status...180531058
[G][05-31 18:30:58][gfjsk3] update trade detail status...180531059
[G][05-31 18:31:00][gfjsk3] update trade detail status...180531060
[G][05-31 18:31:01][gfjsk3] SUCCESS  _^_^_ [180531060][29094ms]
[G][05-31 18:40:32][gfjsk3] timer launch .....
[G][05-31 18:40:35][gfjsk3] fetching ..... [180531061],openTime=2018-05-31 18:40:00[1/80]
[G][05-31 18:40:35][gfjsk3] RESULTS  _____ [180531061]=>3,5,6
[G][05-31 18:40:37][gfjsk3] update trade detail status...180531042
[G][05-31 18:40:39][gfjsk3] update trade detail status...180531043
[G][05-31 18:40:41][gfjsk3] update trade detail status...180531044
[G][05-31 18:40:43][gfjsk3] update trade detail status...180531045
[G][05-31 18:40:44][gfjsk3] update trade detail status...180531046
[G][05-31 18:40:45][gfjsk3] update trade detail status...180531047
[G][05-31 18:40:46][gfjsk3] update trade detail status...180531048
[G][05-31 18:40:47][gfjsk3] update trade detail status...180531049
[G][05-31 18:40:48][gfjsk3] update trade detail status...180531050
[G][05-31 18:40:50][gfjsk3] update trade detail status...180531051
[G][05-31 18:40:51][gfjsk3] update trade detail status...180531052
[G][05-31 18:40:52][gfjsk3] update trade detail status...180531053
[G][05-31 18:40:54][gfjsk3] update trade detail status...180531054
[G][05-31 18:40:55][gfjsk3] update trade detail status...180531055
[G][05-31 18:40:56][gfjsk3] update trade detail status...180531056
[G][05-31 18:40:57][gfjsk3] update trade detail status...180531057
[G][05-31 18:40:59][gfjsk3] update trade detail status...180531058
[G][05-31 18:41:00][gfjsk3] update trade detail status...180531059
[G][05-31 18:41:01][gfjsk3] update trade detail status...180531060
[G][05-31 18:41:02][gfjsk3] update trade detail status...180531061
[G][05-31 18:41:04][gfjsk3] SUCCESS  _^_^_ [180531061][29269ms]
[G][05-31 18:50:32][gfjsk3] timer launch .....
[G][05-31 18:50:33][gfjsk3] fetching ..... [180531062],openTime=2018-05-31 18:50:00[1/80]
[G][05-31 18:50:33][gfjsk3] RESULTS  _____ [180531062]=>1,5,6
[G][05-31 18:50:36][gfjsk3] update trade detail status...180531043
[G][05-31 18:50:37][gfjsk3] update trade detail status...180531044
[G][05-31 18:50:38][gfjsk3] update trade detail status...180531045
[G][05-31 18:50:39][gfjsk3] update trade detail status...180531046
[G][05-31 18:50:41][gfjsk3] update trade detail status...180531047
[G][05-31 18:50:42][gfjsk3] update trade detail status...180531048
[G][05-31 18:50:43][gfjsk3] update trade detail status...180531049
[G][05-31 18:50:44][gfjsk3] update trade detail status...180531050
[G][05-31 18:50:46][gfjsk3] update trade detail status...180531051
[G][05-31 18:50:47][gfjsk3] update trade detail status...180531052
[G][05-31 18:50:48][gfjsk3] update trade detail status...180531053
[G][05-31 18:50:49][gfjsk3] update trade detail status...180531054
[G][05-31 18:50:51][gfjsk3] update trade detail status...180531055
[G][05-31 18:50:53][gfjsk3] update trade detail status...180531056
[G][05-31 18:50:54][gfjsk3] update trade detail status...180531057
[G][05-31 18:50:55][gfjsk3] update trade detail status...180531058
[G][05-31 18:50:57][gfjsk3] update trade detail status...180531059
[G][05-31 18:50:58][gfjsk3] update trade detail status...180531060
[G][05-31 18:51:00][gfjsk3] update trade detail status...180531061
[G][05-31 18:51:01][gfjsk3] update trade detail status...180531062
[G][05-31 18:51:02][gfjsk3] SUCCESS  _^_^_ [180531062][29557ms]
[G][05-31 19:00:04][gfjsk3] init session[761ms]
[G][05-31 19:00:32][gfjsk3] timer launch .....
[G][05-31 19:00:33][gfjsk3] fetching ..... [180531063],openTime=2018-05-31 19:00:00[1/80]
[G][05-31 19:00:33][gfjsk3] RESULTS  _____ [180531063]=>3,4,5
[G][05-31 19:00:36][gfjsk3] update trade detail status...180531044
[G][05-31 19:00:37][gfjsk3] update trade detail status...180531045
[G][05-31 19:00:38][gfjsk3] update trade detail status...180531046
[G][05-31 19:00:39][gfjsk3] update trade detail status...180531047
[G][05-31 19:00:40][gfjsk3] update trade detail status...180531048
[G][05-31 19:00:42][gfjsk3] update trade detail status...180531049
[G][05-31 19:00:43][gfjsk3] update trade detail status...180531050
[G][05-31 19:00:44][gfjsk3] update trade detail status...180531051
[G][05-31 19:00:45][gfjsk3] update trade detail status...180531052
[G][05-31 19:00:46][gfjsk3] update trade detail status...180531053
[G][05-31 19:00:47][gfjsk3] update trade detail status...180531054
[G][05-31 19:00:48][gfjsk3] update trade detail status...180531055
[G][05-31 19:00:49][gfjsk3] update trade detail status...180531056
[G][05-31 19:00:50][gfjsk3] update trade detail status...180531057
[G][05-31 19:00:51][gfjsk3] update trade detail status...180531058
[G][05-31 19:00:53][gfjsk3] update trade detail status...180531059
[G][05-31 19:00:54][gfjsk3] update trade detail status...180531060
[G][05-31 19:00:55][gfjsk3] update trade detail status...180531061
[G][05-31 19:00:56][gfjsk3] update trade detail status...180531062
[G][05-31 19:00:57][gfjsk3] update trade detail status...180531063
[G][05-31 19:00:58][gfjsk3] SUCCESS  _^_^_ [180531063][25112ms]
