[G][05-31 09:10:32][gfjxpick11] timer launch .....
[G][05-31 09:20:32][gfjxpick11] timer launch .....
[G][05-31 09:31:12][gfjxpick11] timer launch .....
[G][05-31 09:40:32][gfjxpick11] timer launch .....
[G][05-31 09:50:32][gfjxpick11] timer launch .....
[G][05-31 10:00:32][gfjxpick11] timer launch .....
[G][05-31 10:10:32][gfjxpick11] timer launch .....
[G][05-31 10:20:32][gfjxpick11] timer launch .....
[G][05-31 14:00:32][gfjxpick11] timer launch .....
[G][05-31 16:00:32][gfjxpick11] timer launch .....
[G][05-31 16:00:34][gfjxpick11] fetching ..... [18053142],openTime=2018-05-31 16:00:00[1/80]
[G][05-31 16:00:38][gfjxpick11] fetching ..... [18053142],openTime=2018-05-31 16:00:00[2/80]
[G][05-31 16:00:42][gfjxpick11] fetching ..... [18053142],openTime=2018-05-31 16:00:00[3/80]
[G][05-31 16:00:48][gfjxpick11] fetching ..... [18053142],openTime=2018-05-31 16:00:00[4/80]
[G][05-31 16:00:53][gfjxpick11] fetching ..... [18053142],openTime=2018-05-31 16:00:00[5/80]
[G][05-31 16:00:58][gfjxpick11] fetching ..... [18053142],openTime=2018-05-31 16:00:00[6/80]
[G][05-31 16:01:03][gfjxpick11] fetching ..... [18053142],openTime=2018-05-31 16:00:00[7/80]
[G][05-31 16:01:08][gfjxpick11] fetching ..... [18053142],openTime=2018-05-31 16:00:00[8/80]
[G][05-31 16:01:28][gfjxpick11] fetching ..... [18053142],openTime=2018-05-31 16:00:00[9/80]
[G][05-31 16:01:28][gfjxpick11] RESULTS  _____ [18053142]=>09,04,05,10,11
[G][05-31 16:01:36][gfjxpick11] update trade detail status...18053138
[G][05-31 16:01:37][gfjxpick11] update trade detail status...18053139
[G][05-31 16:01:41][gfjxpick11] update trade detail status...18053140
[G][05-31 16:01:42][gfjxpick11] update trade detail status...18053141
[G][05-31 16:01:45][gfjxpick11] update trade detail status...18053142
[G][05-31 16:01:47][gfjxpick11] SUCCESS  _^_^_ [18053142][18980ms]
[G][05-31 16:11:15][gfjxpick11] timer launch .....
[G][05-31 16:11:21][gfjxpick11] fetching ..... [18053143],openTime=2018-05-31 16:10:00[1/80]
[G][05-31 16:11:22][gfjxpick11] RESULTS  _____ [18053143]=>05,08,04,01,06
[G][05-31 16:11:28][gfjxpick11] update trade detail status...18053143
[G][05-31 16:11:31][gfjxpick11] SUCCESS  _^_^_ [18053143][9078ms]
[G][05-31 16:20:32][gfjxpick11] timer launch .....
[G][05-31 16:20:33][gfjxpick11] fetching ..... [18053144],openTime=2018-05-31 16:20:00[1/80]
[G][05-31 16:20:54][gfjxpick11] fetching ..... [18053144],openTime=2018-05-31 16:20:00[2/80]
[G][05-31 16:20:55][gfjxpick11] fetching ..... [18053144],openTime=2018-05-31 16:20:00[3/80]
[G][05-31 16:21:00][gfjxpick11] fetching ..... [18053144],openTime=2018-05-31 16:20:00[4/80]
[G][05-31 16:21:28][gfjxpick11] fetching ..... [18053144],openTime=2018-05-31 16:20:00[5/80]
[G][05-31 16:21:28][gfjxpick11] RESULTS  _____ [18053144]=>02,10,03,05,04
[G][05-31 16:21:33][gfjxpick11] update trade detail status...18053144
[G][05-31 16:21:37][gfjxpick11] SUCCESS  _^_^_ [18053144][9147ms]
[G][05-31 16:30:25][gfjxpick11] init session[9633ms]
[G][05-31 16:30:32][gfjxpick11] timer launch .....
[G][05-31 16:30:35][gfjxpick11] fetching ..... [18053145],openTime=2018-05-31 16:30:00[1/80]
[G][05-31 16:30:42][gfjxpick11] fetching ..... [18053145],openTime=2018-05-31 16:30:00[2/80]
[G][05-31 16:30:45][gfjxpick11] fetching ..... [18053145],openTime=2018-05-31 16:30:00[3/80]
[G][05-31 16:30:50][gfjxpick11] fetching ..... [18053145],openTime=2018-05-31 16:30:00[4/80]
[G][05-31 16:30:55][gfjxpick11] fetching ..... [18053145],openTime=2018-05-31 16:30:00[5/80]
[G][05-31 16:30:59][gfjxpick11] fetching ..... [18053145],openTime=2018-05-31 16:30:00[6/80]
[G][05-31 16:31:06][gfjxpick11] fetching ..... [18053145],openTime=2018-05-31 16:30:00[7/80]
[G][05-31 16:31:14][gfjxpick11] fetching ..... [18053145],openTime=2018-05-31 16:30:00[8/80]
[G][05-31 16:31:14][gfjxpick11] RESULTS  _____ [18053145]=>04,10,09,11,01
[G][05-31 16:31:29][gfjxpick11] update trade detail status...18053145
[G][05-31 16:31:34][gfjxpick11] SUCCESS  _^_^_ [18053145][20123ms]
[G][05-31 16:40:32][gfjxpick11] timer launch .....
[G][05-31 16:40:37][gfjxpick11] fetching ..... [18053146],openTime=2018-05-31 16:40:00[1/80]
[G][05-31 16:40:38][gfjxpick11] fetching ..... [18053146],openTime=2018-05-31 16:40:00[2/80]
[G][05-31 16:40:43][gfjxpick11] fetching ..... [18053146],openTime=2018-05-31 16:40:00[3/80]
[G][05-31 16:40:50][gfjxpick11] fetching ..... [18053146],openTime=2018-05-31 16:40:00[4/80]
[G][05-31 16:40:53][gfjxpick11] fetching ..... [18053146],openTime=2018-05-31 16:40:00[5/80]
[G][05-31 16:40:59][gfjxpick11] fetching ..... [18053146],openTime=2018-05-31 16:40:00[6/80]
[G][05-31 16:41:03][gfjxpick11] fetching ..... [18053146],openTime=2018-05-31 16:40:00[7/80]
[G][05-31 16:41:08][gfjxpick11] fetching ..... [18053146],openTime=2018-05-31 16:40:00[8/80]
[G][05-31 16:41:13][gfjxpick11] fetching ..... [18053146],openTime=2018-05-31 16:40:00[9/80]
[G][05-31 16:41:14][gfjxpick11] RESULTS  _____ [18053146]=>03,10,01,07,02
[G][05-31 16:41:19][gfjxpick11] update trade detail status...18053146
[G][05-31 16:41:21][gfjxpick11] SUCCESS  _^_^_ [18053146][6777ms]
[G][05-31 16:50:32][gfjxpick11] timer launch .....
[G][05-31 16:50:33][gfjxpick11] fetching ..... [18053147],openTime=2018-05-31 16:50:00[1/80]
[G][05-31 16:51:04][gfjxpick11] fetching ..... [18053147],openTime=2018-05-31 16:50:00[2/80]
[G][05-31 16:51:05][gfjxpick11] fetching ..... [18053147],openTime=2018-05-31 16:50:00[3/80]
[G][05-31 16:51:48][gfjxpick11] fetching ..... [18053147],openTime=2018-05-31 16:50:00[4/80]
[G][05-31 16:51:48][gfjxpick11] RESULTS  _____ [18053147]=>09,01,07,03,05
[G][05-31 16:51:53][gfjxpick11] update trade detail status...18053147
[G][05-31 16:51:55][gfjxpick11] SUCCESS  _^_^_ [18053147][6925ms]
[G][05-31 17:00:11][gfjxpick11] init session[1356ms]
[G][05-31 17:00:32][gfjxpick11] timer launch .....
[G][05-31 17:00:36][gfjxpick11] fetching ..... [18053148],openTime=2018-05-31 17:00:00[1/80]
[G][05-31 17:00:39][gfjxpick11] fetching ..... [18053148],openTime=2018-05-31 17:00:00[2/80]
[G][05-31 17:00:43][gfjxpick11] fetching ..... [18053148],openTime=2018-05-31 17:00:00[3/80]
[G][05-31 17:00:47][gfjxpick11] fetching ..... [18053148],openTime=2018-05-31 17:00:00[4/80]
[G][05-31 17:01:06][gfjxpick11] fetching ..... [18053148],openTime=2018-05-31 17:00:00[5/80]
[G][05-31 17:01:07][gfjxpick11] fetching ..... [18053148],openTime=2018-05-31 17:00:00[6/80]
[G][05-31 17:01:24][gfjxpick11] fetching ..... [18053148],openTime=2018-05-31 17:00:00[7/80]
[G][05-31 17:01:25][gfjxpick11] RESULTS  _____ [18053148]=>09,04,03,06,02
[G][05-31 17:01:29][gfjxpick11] update trade detail status...18053148
[G][05-31 17:01:32][gfjxpick11] SUCCESS  _^_^_ [18053148][7387ms]
[G][05-31 18:30:04][gfjxpick11] init session[934ms]
[G][05-31 18:30:32][gfjxpick11] timer launch .....
[G][05-31 18:30:34][gfjxpick11] fetching ..... [18053157],openTime=2018-05-31 18:30:00[1/80]
[G][05-31 18:30:39][gfjxpick11] fetching ..... [18053157],openTime=2018-05-31 18:30:00[2/80]
[G][05-31 18:30:46][gfjxpick11] fetching ..... [18053157],openTime=2018-05-31 18:30:00[3/80]
[G][05-31 18:30:54][gfjxpick11] fetching ..... [18053157],openTime=2018-05-31 18:30:00[4/80]
[G][05-31 18:30:55][gfjxpick11] fetching ..... [18053157],openTime=2018-05-31 18:30:00[5/80]
[G][05-31 18:31:00][gfjxpick11] fetching ..... [18053157],openTime=2018-05-31 18:30:00[6/80]
[G][05-31 18:31:05][gfjxpick11] fetching ..... [18053157],openTime=2018-05-31 18:30:00[7/80]
[G][05-31 18:31:55][gfjxpick11] fetching ..... [18053157],openTime=2018-05-31 18:30:00[8/80]
[G][05-31 18:31:55][gfjxpick11] RESULTS  _____ [18053157]=>11,07,08,02,05
[G][05-31 18:32:02][gfjxpick11] update trade detail status...18053149
[G][05-31 18:32:04][gfjxpick11] update trade detail status...18053150
[G][05-31 18:32:05][gfjxpick11] update trade detail status...18053151
[G][05-31 18:32:07][gfjxpick11] update trade detail status...18053152
[G][05-31 18:32:08][gfjxpick11] update trade detail status...18053153
[G][05-31 18:32:11][gfjxpick11] update trade detail status...18053154
[G][05-31 18:32:12][gfjxpick11] update trade detail status...18053155
[G][05-31 18:32:14][gfjxpick11] update trade detail status...18053156
[G][05-31 18:32:15][gfjxpick11] update trade detail status...18053157
[G][05-31 18:32:17][gfjxpick11] SUCCESS  _^_^_ [18053157][21745ms]
[G][05-31 18:40:32][gfjxpick11] timer launch .....
[G][05-31 18:40:33][gfjxpick11] fetching ..... [18053158],openTime=2018-05-31 18:40:00[1/80]
[G][05-31 18:40:37][gfjxpick11] fetching ..... [18053158],openTime=2018-05-31 18:40:00[2/80]
[G][05-31 18:40:42][gfjxpick11] fetching ..... [18053158],openTime=2018-05-31 18:40:00[3/80]
[G][05-31 18:40:49][gfjxpick11] fetching ..... [18053158],openTime=2018-05-31 18:40:00[4/80]
[G][05-31 18:41:06][gfjxpick11] fetching ..... [18053158],openTime=2018-05-31 18:40:00[5/80]
[G][05-31 18:41:06][gfjxpick11] fetching ..... [18053158],openTime=2018-05-31 18:40:00[6/80]
[G][05-31 18:41:17][gfjxpick11] fetching ..... [18053158],openTime=2018-05-31 18:40:00[7/80]
[G][05-31 18:41:17][gfjxpick11] RESULTS  _____ [18053158]=>04,01,08,02,07
[G][05-31 18:41:21][gfjxpick11] update trade detail status...18053158
[G][05-31 18:41:23][gfjxpick11] SUCCESS  _^_^_ [18053158][6086ms]
[G][05-31 18:50:32][gfjxpick11] timer launch .....
[G][05-31 18:50:33][gfjxpick11] fetching ..... [18053159],openTime=2018-05-31 18:50:00[1/80]
[G][05-31 18:50:49][gfjxpick11] fetching ..... [18053159],openTime=2018-05-31 18:50:00[2/80]
[G][05-31 18:50:50][gfjxpick11] fetching ..... [18053159],openTime=2018-05-31 18:50:00[3/80]
[G][05-31 18:50:55][gfjxpick11] fetching ..... [18053159],openTime=2018-05-31 18:50:00[4/80]
[G][05-31 18:51:07][gfjxpick11] fetching ..... [18053159],openTime=2018-05-31 18:50:00[5/80]
[G][05-31 18:51:08][gfjxpick11] fetching ..... [18053159],openTime=2018-05-31 18:50:00[6/80]
[G][05-31 18:51:13][gfjxpick11] fetching ..... [18053159],openTime=2018-05-31 18:50:00[7/80]
[G][05-31 18:51:13][gfjxpick11] RESULTS  _____ [18053159]=>01,06,03,02,11
[G][05-31 18:51:20][gfjxpick11] update trade detail status...18053159
[G][05-31 18:51:21][gfjxpick11] SUCCESS  _^_^_ [18053159][8588ms]
[G][05-31 19:00:04][gfjxpick11] init session[752ms]
[G][05-31 19:00:32][gfjxpick11] timer launch .....
[G][05-31 19:00:33][gfjxpick11] fetching ..... [18053160],openTime=2018-05-31 19:00:00[1/80]
[G][05-31 19:00:43][gfjxpick11] fetching ..... [18053160],openTime=2018-05-31 19:00:00[2/80]
[G][05-31 19:00:43][gfjxpick11] fetching ..... [18053160],openTime=2018-05-31 19:00:00[3/80]
[G][05-31 19:00:48][gfjxpick11] fetching ..... [18053160],openTime=2018-05-31 19:00:00[4/80]
[G][05-31 19:00:53][gfjxpick11] fetching ..... [18053160],openTime=2018-05-31 19:00:00[5/80]
[G][05-31 19:00:59][gfjxpick11] fetching ..... [18053160],openTime=2018-05-31 19:00:00[6/80]
[G][05-31 19:01:03][gfjxpick11] fetching ..... [18053160],openTime=2018-05-31 19:00:00[7/80]
[G][05-31 19:01:08][gfjxpick11] fetching ..... [18053160],openTime=2018-05-31 19:00:00[8/80]
[G][05-31 19:01:13][gfjxpick11] fetching ..... [18053160],openTime=2018-05-31 19:00:00[9/80]
[G][05-31 19:01:13][gfjxpick11] RESULTS  _____ [18053160]=>08,10,06,02,09
[G][05-31 19:01:17][gfjxpick11] update trade detail status...18053160
[G][05-31 19:01:18][gfjxpick11] SUCCESS  _^_^_ [18053160][5229ms]
