[G][05-31 09:05:32][gfsdpick11] timer launch .....
[G][05-31 09:15:32][gfsdpick11] timer launch .....
[G][05-31 09:25:32][gfsdpick11] timer launch .....
[G][05-31 09:35:32][gfsdpick11] timer launch .....
[G][05-31 09:45:32][gfsdpick11] timer launch .....
[G][05-31 09:55:32][gfsdpick11] timer launch .....
[G][05-31 10:05:32][gfsdpick11] timer launch .....
[G][05-31 10:15:32][gfsdpick11] timer launch .....
[G][05-31 10:25:32][gfsdpick11] timer launch .....
[G][05-31 15:45:32][gfsdpick11] timer launch .....
[G][05-31 15:45:35][gfsdpick11] fetching ..... [18053144],openTime=2018-05-31 15:45:00[1/80]
[G][05-31 15:45:39][gfsdpick11] fetching ..... [18053144],openTime=2018-05-31 15:45:00[2/80]
[G][05-31 15:45:42][gfsdpick11] fetching ..... [18053144],openTime=2018-05-31 15:45:00[3/80]
[G][05-31 15:45:48][gfsdpick11] fetching ..... [18053144],openTime=2018-05-31 15:45:00[4/80]
[G][05-31 15:45:52][gfsdpick11] fetching ..... [18053144],openTime=2018-05-31 15:45:00[5/80]
[G][05-31 15:45:57][gfsdpick11] fetching ..... [18053144],openTime=2018-05-31 15:45:00[6/80]
[G][05-31 15:46:02][gfsdpick11] fetching ..... [18053144],openTime=2018-05-31 15:45:00[7/80]
[G][05-31 15:46:07][gfsdpick11] fetching ..... [18053144],openTime=2018-05-31 15:45:00[8/80]
[G][05-31 15:46:13][gfsdpick11] fetching ..... [18053144],openTime=2018-05-31 15:45:00[9/80]
[G][05-31 15:46:18][gfsdpick11] fetching ..... [18053144],openTime=2018-05-31 15:45:00[10/80]
[G][05-31 15:46:22][gfsdpick11] fetching ..... [18053144],openTime=2018-05-31 15:45:00[11/80]
[G][05-31 15:46:27][gfsdpick11] fetching ..... [18053144],openTime=2018-05-31 15:45:00[12/80]
[G][05-31 15:46:32][gfsdpick11] fetching ..... [18053144],openTime=2018-05-31 15:45:00[13/80]
[G][05-31 15:46:37][gfsdpick11] fetching ..... [18053144],openTime=2018-05-31 15:45:00[14/80]
[G][05-31 15:46:42][gfsdpick11] fetching ..... [18053144],openTime=2018-05-31 15:45:00[15/80]
[G][05-31 15:46:47][gfsdpick11] fetching ..... [18053144],openTime=2018-05-31 15:45:00[16/80]
[G][05-31 15:46:52][gfsdpick11] fetching ..... [18053144],openTime=2018-05-31 15:45:00[17/80]
[G][05-31 15:47:01][gfsdpick11] fetching ..... [18053144],openTime=2018-05-31 15:45:00[18/80]
[G][05-31 15:47:03][gfsdpick11] fetching ..... [18053144],openTime=2018-05-31 15:45:00[19/80]
[G][05-31 15:47:03][gfsdpick11] RESULTS  _____ [18053144]=>05,04,02,11,03
[G][05-31 15:47:11][gfsdpick11] update trade detail status...18053142
[G][05-31 15:47:12][gfsdpick11] update trade detail status...18053143
[G][05-31 15:47:15][gfsdpick11] update trade detail status...18053144
[G][05-31 15:47:18][gfsdpick11] SUCCESS  _^_^_ [18053144][15432ms]
[G][05-31 15:55:32][gfsdpick11] timer launch .....
[G][05-31 15:55:35][gfsdpick11] fetching ..... [18053145],openTime=2018-05-31 15:55:00[1/80]
[G][05-31 15:55:38][gfsdpick11] fetching ..... [18053145],openTime=2018-05-31 15:55:00[2/80]
[G][05-31 15:55:42][gfsdpick11] fetching ..... [18053145],openTime=2018-05-31 15:55:00[3/80]
[G][05-31 15:55:48][gfsdpick11] fetching ..... [18053145],openTime=2018-05-31 15:55:00[4/80]
[G][05-31 15:55:52][gfsdpick11] fetching ..... [18053145],openTime=2018-05-31 15:55:00[5/80]
[G][05-31 16:15:32][gfsdpick11] timer launch .....
[G][05-31 16:15:32][gfsdpick11] fetching ..... [18053147],openTime=2018-05-31 16:15:00[1/80]
[G][05-31 16:15:37][gfsdpick11] fetching ..... [18053147],openTime=2018-05-31 16:15:00[2/80]
[G][05-31 16:15:42][gfsdpick11] fetching ..... [18053147],openTime=2018-05-31 16:15:00[3/80]
[G][05-31 16:15:47][gfsdpick11] fetching ..... [18053147],openTime=2018-05-31 16:15:00[4/80]
[G][05-31 16:15:52][gfsdpick11] fetching ..... [18053147],openTime=2018-05-31 16:15:00[5/80]
[G][05-31 16:15:58][gfsdpick11] fetching ..... [18053147],openTime=2018-05-31 16:15:00[6/80]
[G][05-31 16:16:02][gfsdpick11] fetching ..... [18053147],openTime=2018-05-31 16:15:00[7/80]
[G][05-31 16:16:08][gfsdpick11] fetching ..... [18053147],openTime=2018-05-31 16:15:00[8/80]
[G][05-31 16:16:12][gfsdpick11] fetching ..... [18053147],openTime=2018-05-31 16:15:00[9/80]
[G][05-31 16:16:17][gfsdpick11] fetching ..... [18053147],openTime=2018-05-31 16:15:00[10/80]
[G][05-31 16:16:22][gfsdpick11] fetching ..... [18053147],openTime=2018-05-31 16:15:00[11/80]
[G][05-31 16:16:27][gfsdpick11] fetching ..... [18053147],openTime=2018-05-31 16:15:00[12/80]
[G][05-31 16:16:32][gfsdpick11] fetching ..... [18053147],openTime=2018-05-31 16:15:00[13/80]
[G][05-31 16:16:38][gfsdpick11] fetching ..... [18053147],openTime=2018-05-31 16:15:00[14/80]
[G][05-31 16:16:42][gfsdpick11] fetching ..... [18053147],openTime=2018-05-31 16:15:00[15/80]
[G][05-31 16:16:47][gfsdpick11] fetching ..... [18053147],openTime=2018-05-31 16:15:00[16/80]
[G][05-31 16:16:57][gfsdpick11] fetching ..... [18053147],openTime=2018-05-31 16:15:00[17/80]
[G][05-31 16:16:57][gfsdpick11] RESULTS  _____ [18053147]=>09,04,11,08,07
[G][05-31 16:17:02][gfsdpick11] update trade detail status...18053145
[G][05-31 16:17:04][gfsdpick11] update trade detail status...18053146
[G][05-31 16:17:06][gfsdpick11] update trade detail status...18053147
[G][05-31 16:17:07][gfsdpick11] SUCCESS  _^_^_ [18053147][10417ms]
[G][05-31 16:25:32][gfsdpick11] timer launch .....
[G][05-31 16:25:33][gfsdpick11] fetching ..... [18053148],openTime=2018-05-31 16:25:00[1/80]
[G][05-31 16:25:38][gfsdpick11] fetching ..... [18053148],openTime=2018-05-31 16:25:00[2/80]
[G][05-31 16:25:48][gfsdpick11] fetching ..... [18053148],openTime=2018-05-31 16:25:00[3/80]
[G][05-31 16:25:49][gfsdpick11] fetching ..... [18053148],openTime=2018-05-31 16:25:00[4/80]
[G][05-31 16:25:55][gfsdpick11] fetching ..... [18053148],openTime=2018-05-31 16:25:00[5/80]
[G][05-31 16:25:59][gfsdpick11] fetching ..... [18053148],openTime=2018-05-31 16:25:00[6/80]
[G][05-31 16:26:18][gfsdpick11] fetching ..... [18053148],openTime=2018-05-31 16:25:00[7/80]
[G][05-31 16:27:06][gfsdpick11] fetching ..... [18053148],openTime=2018-05-31 16:25:00[8/80]
[G][05-31 16:27:06][gfsdpick11] RESULTS  _____ [18053148]=>02,11,04,09,01
[G][05-31 16:27:21][gfsdpick11] update trade detail status...18053148
[G][05-31 16:27:25][gfsdpick11] SUCCESS  _^_^_ [18053148][18786ms]
[G][05-31 16:30:25][gfsdpick11] init session[6750ms]
[G][05-31 16:35:32][gfsdpick11] timer launch .....
[G][05-31 16:35:34][gfsdpick11] fetching ..... [18053149],openTime=2018-05-31 16:35:00[1/80]
[G][05-31 16:35:40][gfsdpick11] fetching ..... [18053149],openTime=2018-05-31 16:35:00[2/80]
[G][05-31 16:35:43][gfsdpick11] fetching ..... [18053149],openTime=2018-05-31 16:35:00[3/80]
[G][05-31 16:35:48][gfsdpick11] fetching ..... [18053149],openTime=2018-05-31 16:35:00[4/80]
[G][05-31 16:35:53][gfsdpick11] fetching ..... [18053149],openTime=2018-05-31 16:35:00[5/80]
[G][05-31 16:35:58][gfsdpick11] fetching ..... [18053149],openTime=2018-05-31 16:35:00[6/80]
[G][05-31 16:36:04][gfsdpick11] fetching ..... [18053149],openTime=2018-05-31 16:35:00[7/80]
[G][05-31 16:36:09][gfsdpick11] fetching ..... [18053149],openTime=2018-05-31 16:35:00[8/80]
[G][05-31 16:36:15][gfsdpick11] fetching ..... [18053149],openTime=2018-05-31 16:35:00[9/80]
[G][05-31 16:37:05][gfsdpick11] fetching ..... [18053149],openTime=2018-05-31 16:35:00[10/80]
[G][05-31 16:37:05][gfsdpick11] RESULTS  _____ [18053149]=>07,06,01,02,09
[G][05-31 16:37:30][gfsdpick11] update trade detail status...18053149
[G][05-31 16:37:37][gfsdpick11] SUCCESS  _^_^_ [18053149][32238ms]
[G][05-31 16:45:32][gfsdpick11] timer launch .....
[G][05-31 16:45:32][gfsdpick11] fetching ..... [18053150],openTime=2018-05-31 16:45:00[1/80]
[G][05-31 16:45:50][gfsdpick11] fetching ..... [18053150],openTime=2018-05-31 16:45:00[2/80]
[G][05-31 16:45:50][gfsdpick11] fetching ..... [18053150],openTime=2018-05-31 16:45:00[3/80]
[G][05-31 16:45:56][gfsdpick11] fetching ..... [18053150],openTime=2018-05-31 16:45:00[4/80]
[G][05-31 16:46:06][gfsdpick11] fetching ..... [18053150],openTime=2018-05-31 16:45:00[5/80]
[G][05-31 16:46:07][gfsdpick11] fetching ..... [18053150],openTime=2018-05-31 16:45:00[6/80]
[G][05-31 16:46:12][gfsdpick11] fetching ..... [18053150],openTime=2018-05-31 16:45:00[7/80]
[G][05-31 16:46:17][gfsdpick11] fetching ..... [18053150],openTime=2018-05-31 16:45:00[8/80]
[G][05-31 16:46:22][gfsdpick11] fetching ..... [18053150],openTime=2018-05-31 16:45:00[9/80]
[G][05-31 16:46:27][gfsdpick11] fetching ..... [18053150],openTime=2018-05-31 16:45:00[10/80]
[G][05-31 16:46:33][gfsdpick11] fetching ..... [18053150],openTime=2018-05-31 16:45:00[11/80]
[G][05-31 16:46:37][gfsdpick11] fetching ..... [18053150],openTime=2018-05-31 16:45:00[12/80]
[G][05-31 16:46:42][gfsdpick11] fetching ..... [18053150],openTime=2018-05-31 16:45:00[13/80]
[G][05-31 16:46:57][gfsdpick11] fetching ..... [18053150],openTime=2018-05-31 16:45:00[14/80]
[G][05-31 16:46:58][gfsdpick11] fetching ..... [18053150],openTime=2018-05-31 16:45:00[15/80]
[G][05-31 16:47:03][gfsdpick11] fetching ..... [18053150],openTime=2018-05-31 16:45:00[16/80]
[G][05-31 16:47:04][gfsdpick11] RESULTS  _____ [18053150]=>06,02,09,04,10
[G][05-31 16:47:09][gfsdpick11] update trade detail status...18053150
[G][05-31 16:47:10][gfsdpick11] SUCCESS  _^_^_ [18053150][6351ms]
[G][05-31 16:55:32][gfsdpick11] timer launch .....
[G][05-31 16:55:45][gfsdpick11] fetching ..... [18053151],openTime=2018-05-31 16:55:00[1/80]
[G][05-31 16:56:05][gfsdpick11] fetching ..... [18053151],openTime=2018-05-31 16:55:00[2/80]
[G][05-31 16:56:06][gfsdpick11] fetching ..... [18053151],openTime=2018-05-31 16:55:00[3/80]
[G][05-31 16:56:12][gfsdpick11] fetching ..... [18053151],openTime=2018-05-31 16:55:00[4/80]
[G][05-31 16:56:16][gfsdpick11] fetching ..... [18053151],openTime=2018-05-31 16:55:00[5/80]
[G][05-31 16:56:22][gfsdpick11] fetching ..... [18053151],openTime=2018-05-31 16:55:00[6/80]
[G][05-31 16:56:26][gfsdpick11] fetching ..... [18053151],openTime=2018-05-31 16:55:00[7/80]
[G][05-31 16:56:31][gfsdpick11] fetching ..... [18053151],openTime=2018-05-31 16:55:00[8/80]
[G][05-31 16:56:36][gfsdpick11] fetching ..... [18053151],openTime=2018-05-31 16:55:00[9/80]
[G][05-31 16:56:41][gfsdpick11] fetching ..... [18053151],openTime=2018-05-31 16:55:00[10/80]
[G][05-31 16:56:48][gfsdpick11] fetching ..... [18053151],openTime=2018-05-31 16:55:00[11/80]
[G][05-31 16:56:52][gfsdpick11] fetching ..... [18053151],openTime=2018-05-31 16:55:00[12/80]
[G][05-31 16:56:56][gfsdpick11] fetching ..... [18053151],openTime=2018-05-31 16:55:00[13/80]
[G][05-31 16:56:56][gfsdpick11] RESULTS  _____ [18053151]=>01,03,08,09,07
[G][05-31 16:57:04][gfsdpick11] update trade detail status...18053151
[G][05-31 16:57:07][gfsdpick11] SUCCESS  _^_^_ [18053151][10502ms]
[G][05-31 17:00:11][gfsdpick11] init session[1145ms]
[G][05-31 18:25:32][gfsdpick11] timer launch .....
[G][05-31 18:25:32][gfsdpick11] fetching ..... [18053160],openTime=2018-05-31 18:25:00[1/80]
[G][05-31 18:25:37][gfsdpick11] fetching ..... [18053160],openTime=2018-05-31 18:25:00[2/80]
[G][05-31 18:25:42][gfsdpick11] fetching ..... [18053160],openTime=2018-05-31 18:25:00[3/80]
[G][05-31 18:25:48][gfsdpick11] fetching ..... [18053160],openTime=2018-05-31 18:25:00[4/80]
[G][05-31 18:25:52][gfsdpick11] fetching ..... [18053160],openTime=2018-05-31 18:25:00[5/80]
[G][05-31 18:25:57][gfsdpick11] fetching ..... [18053160],openTime=2018-05-31 18:25:00[6/80]
[G][05-31 18:26:02][gfsdpick11] fetching ..... [18053160],openTime=2018-05-31 18:25:00[7/80]
[G][05-31 18:26:07][gfsdpick11] fetching ..... [18053160],openTime=2018-05-31 18:25:00[8/80]
[G][05-31 18:26:12][gfsdpick11] fetching ..... [18053160],openTime=2018-05-31 18:25:00[9/80]
[G][05-31 18:26:17][gfsdpick11] fetching ..... [18053160],openTime=2018-05-31 18:25:00[10/80]
[G][05-31 18:26:23][gfsdpick11] fetching ..... [18053160],openTime=2018-05-31 18:25:00[11/80]
[G][05-31 18:26:27][gfsdpick11] fetching ..... [18053160],openTime=2018-05-31 18:25:00[12/80]
[G][05-31 18:26:32][gfsdpick11] fetching ..... [18053160],openTime=2018-05-31 18:25:00[13/80]
[G][05-31 18:26:37][gfsdpick11] fetching ..... [18053160],openTime=2018-05-31 18:25:00[14/80]
[G][05-31 18:26:42][gfsdpick11] fetching ..... [18053160],openTime=2018-05-31 18:25:00[15/80]
[G][05-31 18:26:47][gfsdpick11] fetching ..... [18053160],openTime=2018-05-31 18:25:00[16/80]
[G][05-31 18:26:52][gfsdpick11] fetching ..... [18053160],openTime=2018-05-31 18:25:00[17/80]
[G][05-31 18:26:57][gfsdpick11] fetching ..... [18053160],openTime=2018-05-31 18:25:00[18/80]
[G][05-31 18:26:57][gfsdpick11] RESULTS  _____ [18053160]=>02,01,05,07,04
[G][05-31 18:27:04][gfsdpick11] update trade detail status...18053152
[G][05-31 18:27:06][gfsdpick11] update trade detail status...18053153
[G][05-31 18:27:07][gfsdpick11] update trade detail status...18053154
[G][05-31 18:27:09][gfsdpick11] update trade detail status...18053155
[G][05-31 18:27:10][gfsdpick11] update trade detail status...18053156
[G][05-31 18:27:12][gfsdpick11] update trade detail status...18053157
[G][05-31 18:27:13][gfsdpick11] update trade detail status...18053158
[G][05-31 18:27:14][gfsdpick11] update trade detail status...18053159
[G][05-31 18:27:16][gfsdpick11] update trade detail status...18053160
[G][05-31 18:27:17][gfsdpick11] SUCCESS  _^_^_ [18053160][19940ms]
[G][05-31 18:30:04][gfsdpick11] init session[847ms]
[G][05-31 18:35:32][gfsdpick11] timer launch .....
[G][05-31 18:35:32][gfsdpick11] fetching ..... [18053161],openTime=2018-05-31 18:35:00[1/80]
[G][05-31 18:35:37][gfsdpick11] fetching ..... [18053161],openTime=2018-05-31 18:35:00[2/80]
[G][05-31 18:35:42][gfsdpick11] fetching ..... [18053161],openTime=2018-05-31 18:35:00[3/80]
[G][05-31 18:35:47][gfsdpick11] fetching ..... [18053161],openTime=2018-05-31 18:35:00[4/80]
[G][05-31 18:35:52][gfsdpick11] fetching ..... [18053161],openTime=2018-05-31 18:35:00[5/80]
[G][05-31 18:35:57][gfsdpick11] fetching ..... [18053161],openTime=2018-05-31 18:35:00[6/80]
[G][05-31 18:36:02][gfsdpick11] fetching ..... [18053161],openTime=2018-05-31 18:35:00[7/80]
[G][05-31 18:36:07][gfsdpick11] fetching ..... [18053161],openTime=2018-05-31 18:35:00[8/80]
[G][05-31 18:36:12][gfsdpick11] fetching ..... [18053161],openTime=2018-05-31 18:35:00[9/80]
[G][05-31 18:36:17][gfsdpick11] fetching ..... [18053161],openTime=2018-05-31 18:35:00[10/80]
[G][05-31 18:36:22][gfsdpick11] fetching ..... [18053161],openTime=2018-05-31 18:35:00[11/80]
[G][05-31 18:36:27][gfsdpick11] fetching ..... [18053161],openTime=2018-05-31 18:35:00[12/80]
[G][05-31 18:36:32][gfsdpick11] fetching ..... [18053161],openTime=2018-05-31 18:35:00[13/80]
[G][05-31 18:36:37][gfsdpick11] fetching ..... [18053161],openTime=2018-05-31 18:35:00[14/80]
[G][05-31 18:36:42][gfsdpick11] fetching ..... [18053161],openTime=2018-05-31 18:35:00[15/80]
[G][05-31 18:36:47][gfsdpick11] fetching ..... [18053161],openTime=2018-05-31 18:35:00[16/80]
[G][05-31 18:36:52][gfsdpick11] fetching ..... [18053161],openTime=2018-05-31 18:35:00[17/80]
[G][05-31 18:36:57][gfsdpick11] fetching ..... [18053161],openTime=2018-05-31 18:35:00[18/80]
[G][05-31 18:36:57][gfsdpick11] RESULTS  _____ [18053161]=>11,01,08,09,07
[G][05-31 18:37:02][gfsdpick11] update trade detail status...18053161
[G][05-31 18:37:03][gfsdpick11] SUCCESS  _^_^_ [18053161][5905ms]
[G][05-31 18:45:32][gfsdpick11] timer launch .....
[G][05-31 18:45:32][gfsdpick11] fetching ..... [18053162],openTime=2018-05-31 18:45:00[1/80]
[G][05-31 18:45:37][gfsdpick11] fetching ..... [18053162],openTime=2018-05-31 18:45:00[2/80]
[G][05-31 18:45:42][gfsdpick11] fetching ..... [18053162],openTime=2018-05-31 18:45:00[3/80]
[G][05-31 18:45:47][gfsdpick11] fetching ..... [18053162],openTime=2018-05-31 18:45:00[4/80]
[G][05-31 18:45:54][gfsdpick11] fetching ..... [18053162],openTime=2018-05-31 18:45:00[5/80]
[G][05-31 18:45:57][gfsdpick11] fetching ..... [18053162],openTime=2018-05-31 18:45:00[6/80]
[G][05-31 18:46:02][gfsdpick11] fetching ..... [18053162],openTime=2018-05-31 18:45:00[7/80]
[G][05-31 18:46:07][gfsdpick11] fetching ..... [18053162],openTime=2018-05-31 18:45:00[8/80]
[G][05-31 18:46:12][gfsdpick11] fetching ..... [18053162],openTime=2018-05-31 18:45:00[9/80]
[G][05-31 18:46:17][gfsdpick11] fetching ..... [18053162],openTime=2018-05-31 18:45:00[10/80]
[G][05-31 18:46:22][gfsdpick11] fetching ..... [18053162],openTime=2018-05-31 18:45:00[11/80]
[G][05-31 18:46:27][gfsdpick11] fetching ..... [18053162],openTime=2018-05-31 18:45:00[12/80]
[G][05-31 18:46:42][gfsdpick11] fetching ..... [18053162],openTime=2018-05-31 18:45:00[13/80]
[G][05-31 18:46:43][gfsdpick11] fetching ..... [18053162],openTime=2018-05-31 18:45:00[14/80]
[G][05-31 18:46:48][gfsdpick11] fetching ..... [18053162],openTime=2018-05-31 18:45:00[15/80]
[G][05-31 18:46:53][gfsdpick11] fetching ..... [18053162],openTime=2018-05-31 18:45:00[16/80]
[G][05-31 18:46:58][gfsdpick11] fetching ..... [18053162],openTime=2018-05-31 18:45:00[17/80]
[G][05-31 18:46:58][gfsdpick11] RESULTS  _____ [18053162]=>08,06,03,05,11
[G][05-31 18:47:02][gfsdpick11] update trade detail status...18053162
[G][05-31 18:47:04][gfsdpick11] SUCCESS  _^_^_ [18053162][5373ms]
[G][05-31 18:55:32][gfsdpick11] timer launch .....
[G][05-31 18:55:32][gfsdpick11] fetching ..... [18053163],openTime=2018-05-31 18:55:00[1/80]
[G][05-31 18:55:37][gfsdpick11] fetching ..... [18053163],openTime=2018-05-31 18:55:00[2/80]
[G][05-31 18:55:42][gfsdpick11] fetching ..... [18053163],openTime=2018-05-31 18:55:00[3/80]
[G][05-31 18:55:50][gfsdpick11] fetching ..... [18053163],openTime=2018-05-31 18:55:00[4/80]
[G][05-31 18:55:52][gfsdpick11] fetching ..... [18053163],openTime=2018-05-31 18:55:00[5/80]
[G][05-31 18:55:57][gfsdpick11] fetching ..... [18053163],openTime=2018-05-31 18:55:00[6/80]
[G][05-31 18:56:02][gfsdpick11] fetching ..... [18053163],openTime=2018-05-31 18:55:00[7/80]
[G][05-31 18:56:07][gfsdpick11] fetching ..... [18053163],openTime=2018-05-31 18:55:00[8/80]
[G][05-31 18:56:12][gfsdpick11] fetching ..... [18053163],openTime=2018-05-31 18:55:00[9/80]
[G][05-31 18:56:17][gfsdpick11] fetching ..... [18053163],openTime=2018-05-31 18:55:00[10/80]
[G][05-31 18:56:22][gfsdpick11] fetching ..... [18053163],openTime=2018-05-31 18:55:00[11/80]
[G][05-31 18:56:27][gfsdpick11] fetching ..... [18053163],openTime=2018-05-31 18:55:00[12/80]
[G][05-31 18:56:32][gfsdpick11] fetching ..... [18053163],openTime=2018-05-31 18:55:00[13/80]
[G][05-31 18:56:37][gfsdpick11] fetching ..... [18053163],openTime=2018-05-31 18:55:00[14/80]
[G][05-31 18:56:42][gfsdpick11] fetching ..... [18053163],openTime=2018-05-31 18:55:00[15/80]
[G][05-31 18:56:47][gfsdpick11] fetching ..... [18053163],openTime=2018-05-31 18:55:00[16/80]
[G][05-31 18:56:52][gfsdpick11] fetching ..... [18053163],openTime=2018-05-31 18:55:00[17/80]
[G][05-31 18:56:57][gfsdpick11] fetching ..... [18053163],openTime=2018-05-31 18:55:00[18/80]
[G][05-31 18:56:57][gfsdpick11] RESULTS  _____ [18053163]=>06,09,10,08,02
[G][05-31 18:57:01][gfsdpick11] update trade detail status...18053163
[G][05-31 18:57:02][gfsdpick11] SUCCESS  _^_^_ [18053163][5419ms]
[G][05-31 19:00:05][gfsdpick11] init session[715ms]
[G][05-31 19:05:32][gfsdpick11] timer launch .....
[G][05-31 19:05:32][gfsdpick11] fetching ..... [18053164],openTime=2018-05-31 19:05:00[1/80]
[G][05-31 19:05:37][gfsdpick11] fetching ..... [18053164],openTime=2018-05-31 19:05:00[2/80]
[G][05-31 19:05:42][gfsdpick11] fetching ..... [18053164],openTime=2018-05-31 19:05:00[3/80]
[G][05-31 19:05:47][gfsdpick11] fetching ..... [18053164],openTime=2018-05-31 19:05:00[4/80]
[G][05-31 19:05:52][gfsdpick11] fetching ..... [18053164],openTime=2018-05-31 19:05:00[5/80]
[G][05-31 19:05:57][gfsdpick11] fetching ..... [18053164],openTime=2018-05-31 19:05:00[6/80]
[G][05-31 19:06:02][gfsdpick11] fetching ..... [18053164],openTime=2018-05-31 19:05:00[7/80]
[G][05-31 19:06:07][gfsdpick11] fetching ..... [18053164],openTime=2018-05-31 19:05:00[8/80]
[G][05-31 19:06:12][gfsdpick11] fetching ..... [18053164],openTime=2018-05-31 19:05:00[9/80]
[G][05-31 19:06:17][gfsdpick11] fetching ..... [18053164],openTime=2018-05-31 19:05:00[10/80]
[G][05-31 19:06:22][gfsdpick11] fetching ..... [18053164],openTime=2018-05-31 19:05:00[11/80]
[G][05-31 19:06:27][gfsdpick11] fetching ..... [18053164],openTime=2018-05-31 19:05:00[12/80]
[G][05-31 19:06:32][gfsdpick11] fetching ..... [18053164],openTime=2018-05-31 19:05:00[13/80]
[G][05-31 19:06:37][gfsdpick11] fetching ..... [18053164],openTime=2018-05-31 19:05:00[14/80]
[G][05-31 19:06:42][gfsdpick11] fetching ..... [18053164],openTime=2018-05-31 19:05:00[15/80]
[G][05-31 19:06:47][gfsdpick11] fetching ..... [18053164],openTime=2018-05-31 19:05:00[16/80]
[G][05-31 19:06:52][gfsdpick11] fetching ..... [18053164],openTime=2018-05-31 19:05:00[17/80]
[G][05-31 19:06:57][gfsdpick11] fetching ..... [18053164],openTime=2018-05-31 19:05:00[18/80]
[G][05-31 19:06:57][gfsdpick11] RESULTS  _____ [18053164]=>04,06,01,02,09
[G][05-31 19:07:01][gfsdpick11] update trade detail status...18053164
[G][05-31 19:07:02][gfsdpick11] SUCCESS  _^_^_ [18053164][5208ms]
