[G][05-31 09:04:30][gfsfpk10] timer launch .....
[G][05-31 09:05:00][gfsfpk10] timer launch .....
[G][05-31 09:05:30][gfsfpk10] timer launch .....
[G][05-31 09:06:00][gfsfpk10] timer launch .....
[G][05-31 09:06:30][gfsfpk10] timer launch .....
[G][05-31 09:07:00][gfsfpk10] timer launch .....
[G][05-31 09:07:30][gfsfpk10] timer launch .....
[G][05-31 09:08:00][gfsfpk10] timer launch .....
[G][05-31 09:08:26][gfsfpk10] trend count[1163ms]
[G][05-31 09:08:30][gfsfpk10] timer launch .....
[G][05-31 09:09:00][gfsfpk10] timer launch .....
[G][05-31 09:09:30][gfsfpk10] timer launch .....
[G][05-31 09:10:00][gfsfpk10] timer launch .....
[G][05-31 09:10:30][gfsfpk10] timer launch .....
[G][05-31 09:11:00][gfsfpk10] timer launch .....
[G][05-31 09:11:30][gfsfpk10] timer launch .....
[G][05-31 09:12:00][gfsfpk10] timer launch .....
[G][05-31 09:12:30][gfsfpk10] timer launch .....
[G][05-31 09:13:00][gfsfpk10] timer launch .....
[G][05-31 09:13:26][gfsfpk10] trend count[1182ms]
[G][05-31 09:13:30][gfsfpk10] timer launch .....
[G][05-31 09:14:00][gfsfpk10] timer launch .....
[G][05-31 09:14:30][gfsfpk10] timer launch .....
[G][05-31 09:15:00][gfsfpk10] timer launch .....
[G][05-31 09:15:30][gfsfpk10] timer launch .....
[G][05-31 09:16:00][gfsfpk10] timer launch .....
[G][05-31 09:16:30][gfsfpk10] timer launch .....
[G][05-31 09:17:00][gfsfpk10] timer launch .....
[G][05-31 09:17:30][gfsfpk10] timer launch .....
[G][05-31 09:18:00][gfsfpk10] timer launch .....
[G][05-31 09:18:28][gfsfpk10] trend count[3384ms]
[G][05-31 09:18:30][gfsfpk10] timer launch .....
[G][05-31 09:19:00][gfsfpk10] timer launch .....
[G][05-31 09:19:30][gfsfpk10] timer launch .....
[G][05-31 09:20:00][gfsfpk10] timer launch .....
[G][05-31 09:20:30][gfsfpk10] timer launch .....
[G][05-31 09:21:00][gfsfpk10] timer launch .....
[G][05-31 09:21:30][gfsfpk10] timer launch .....
[G][05-31 09:22:00][gfsfpk10] timer launch .....
[G][05-31 09:22:30][gfsfpk10] timer launch .....
[G][05-31 09:23:00][gfsfpk10] timer launch .....
[G][05-31 09:23:25][gfsfpk10] trend count[765ms]
[G][05-31 09:23:30][gfsfpk10] timer launch .....
[G][05-31 09:24:00][gfsfpk10] timer launch .....
[G][05-31 09:24:30][gfsfpk10] timer launch .....
[G][05-31 09:25:00][gfsfpk10] timer launch .....
[G][05-31 09:25:30][gfsfpk10] timer launch .....
[G][05-31 09:26:00][gfsfpk10] timer launch .....
[G][05-31 09:26:30][gfsfpk10] timer launch .....
[G][05-31 09:27:00][gfsfpk10] timer launch .....
[G][05-31 09:27:30][gfsfpk10] timer launch .....
[G][05-31 09:28:00][gfsfpk10] timer launch .....
[G][05-31 09:28:27][gfsfpk10] trend count[2750ms]
[G][05-31 09:28:30][gfsfpk10] timer launch .....
[G][05-31 09:29:00][gfsfpk10] timer launch .....
[G][05-31 09:29:30][gfsfpk10] timer launch .....
[G][05-31 09:30:00][gfsfpk10] timer launch .....
[G][05-31 09:31:12][gfsfpk10] timer launch .....
[G][05-31 09:31:12][gfsfpk10] timer launch .....
[G][05-31 09:31:45][gfsfpk10] timer launch .....
[G][05-31 09:32:00][gfsfpk10] timer launch .....
[G][05-31 09:32:30][gfsfpk10] timer launch .....
[G][05-31 09:33:00][gfsfpk10] timer launch .....
[G][05-31 09:33:26][gfsfpk10] trend count[1580ms]
[G][05-31 09:33:30][gfsfpk10] timer launch .....
[G][05-31 09:34:00][gfsfpk10] timer launch .....
[G][05-31 09:34:30][gfsfpk10] timer launch .....
[G][05-31 09:35:00][gfsfpk10] timer launch .....
[G][05-31 09:35:27][gfsfpk10] init session[301637ms]
[G][05-31 09:35:30][gfsfpk10] timer launch .....
[G][05-31 09:36:00][gfsfpk10] timer launch .....
[G][05-31 09:36:30][gfsfpk10] timer launch .....
[G][05-31 09:37:00][gfsfpk10] timer launch .....
[G][05-31 09:37:30][gfsfpk10] timer launch .....
[G][05-31 09:38:00][gfsfpk10] timer launch .....
[G][05-31 09:38:27][gfsfpk10] trend count[2369ms]
[G][05-31 09:38:30][gfsfpk10] timer launch .....
[G][05-31 09:39:00][gfsfpk10] timer launch .....
[G][05-31 09:39:30][gfsfpk10] timer launch .....
[G][05-31 09:40:00][gfsfpk10] timer launch .....
[G][05-31 09:40:30][gfsfpk10] timer launch .....
[G][05-31 09:41:00][gfsfpk10] timer launch .....
[G][05-31 09:41:30][gfsfpk10] timer launch .....
[G][05-31 09:42:00][gfsfpk10] timer launch .....
[G][05-31 09:42:30][gfsfpk10] timer launch .....
[G][05-31 09:43:00][gfsfpk10] timer launch .....
[G][05-31 09:43:27][gfsfpk10] trend count[2443ms]
[G][05-31 09:43:30][gfsfpk10] timer launch .....
[G][05-31 09:44:00][gfsfpk10] timer launch .....
[G][05-31 09:44:30][gfsfpk10] timer launch .....
[G][05-31 09:45:00][gfsfpk10] timer launch .....
[G][05-31 09:45:30][gfsfpk10] timer launch .....
[G][05-31 09:46:00][gfsfpk10] timer launch .....
[G][05-31 09:46:30][gfsfpk10] timer launch .....
[G][05-31 09:47:00][gfsfpk10] timer launch .....
[G][05-31 09:47:30][gfsfpk10] timer launch .....
[G][05-31 09:48:00][gfsfpk10] timer launch .....
[G][05-31 09:48:25][gfsfpk10] trend count[457ms]
[G][05-31 09:48:30][gfsfpk10] timer launch .....
[G][05-31 09:49:00][gfsfpk10] timer launch .....
[G][05-31 09:49:30][gfsfpk10] timer launch .....
[G][05-31 09:50:00][gfsfpk10] timer launch .....
[G][05-31 09:50:30][gfsfpk10] timer launch .....
[G][05-31 09:51:00][gfsfpk10] timer launch .....
[G][05-31 09:51:30][gfsfpk10] timer launch .....
[G][05-31 09:52:00][gfsfpk10] timer launch .....
[G][05-31 09:52:30][gfsfpk10] timer launch .....
[G][05-31 09:53:00][gfsfpk10] timer launch .....
[G][05-31 09:53:26][gfsfpk10] trend count[1731ms]
[G][05-31 09:53:30][gfsfpk10] timer launch .....
[G][05-31 09:54:00][gfsfpk10] timer launch .....
[G][05-31 09:54:30][gfsfpk10] timer launch .....
[G][05-31 09:55:00][gfsfpk10] timer launch .....
[G][05-31 09:55:30][gfsfpk10] timer launch .....
[G][05-31 09:56:00][gfsfpk10] timer launch .....
[G][05-31 09:56:30][gfsfpk10] timer launch .....
[G][05-31 09:57:00][gfsfpk10] timer launch .....
[G][05-31 09:57:30][gfsfpk10] timer launch .....
[G][05-31 09:58:00][gfsfpk10] timer launch .....
[G][05-31 09:58:26][gfsfpk10] trend count[1778ms]
[G][05-31 09:58:30][gfsfpk10] timer launch .....
[G][05-31 09:59:00][gfsfpk10] timer launch .....
[G][05-31 09:59:30][gfsfpk10] timer launch .....
[G][05-31 10:00:00][gfsfpk10] timer launch .....
[G][05-31 10:00:12][gfsfpk10] init session[2604ms]
[G][05-31 10:00:30][gfsfpk10] timer launch .....
[G][05-31 10:01:00][gfsfpk10] timer launch .....
[G][05-31 10:01:30][gfsfpk10] timer launch .....
[G][05-31 10:02:00][gfsfpk10] timer launch .....
[G][05-31 10:02:30][gfsfpk10] timer launch .....
[G][05-31 10:03:00][gfsfpk10] timer launch .....
[G][05-31 10:03:26][gfsfpk10] trend count[1644ms]
[G][05-31 10:03:30][gfsfpk10] timer launch .....
[G][05-31 10:04:00][gfsfpk10] timer launch .....
[G][05-31 10:04:30][gfsfpk10] timer launch .....
[G][05-31 10:05:00][gfsfpk10] timer launch .....
[G][05-31 10:05:30][gfsfpk10] timer launch .....
[G][05-31 10:06:00][gfsfpk10] timer launch .....
[G][05-31 10:06:30][gfsfpk10] timer launch .....
[G][05-31 10:07:00][gfsfpk10] timer launch .....
[G][05-31 10:07:30][gfsfpk10] timer launch .....
[G][05-31 10:08:00][gfsfpk10] timer launch .....
[G][05-31 10:08:26][gfsfpk10] trend count[1779ms]
[G][05-31 10:08:30][gfsfpk10] timer launch .....
[G][05-31 10:09:00][gfsfpk10] timer launch .....
[G][05-31 10:09:30][gfsfpk10] timer launch .....
[G][05-31 10:10:00][gfsfpk10] timer launch .....
[G][05-31 10:10:30][gfsfpk10] timer launch .....
[G][05-31 10:11:00][gfsfpk10] timer launch .....
[G][05-31 10:11:30][gfsfpk10] timer launch .....
[G][05-31 10:12:00][gfsfpk10] timer launch .....
[G][05-31 10:12:30][gfsfpk10] timer launch .....
[G][05-31 10:13:00][gfsfpk10] timer launch .....
[G][05-31 10:13:30][gfsfpk10] timer launch .....
[G][05-31 10:13:31][gfsfpk10] trend count[6342ms]
[G][05-31 10:14:00][gfsfpk10] timer launch .....
[G][05-31 10:14:30][gfsfpk10] timer launch .....
[G][05-31 10:15:00][gfsfpk10] timer launch .....
[G][05-31 10:15:30][gfsfpk10] timer launch .....
[G][05-31 10:16:00][gfsfpk10] timer launch .....
[G][05-31 10:16:30][gfsfpk10] timer launch .....
[G][05-31 10:17:00][gfsfpk10] timer launch .....
[G][05-31 10:17:30][gfsfpk10] timer launch .....
[G][05-31 10:18:00][gfsfpk10] timer launch .....
[G][05-31 10:18:30][gfsfpk10] timer launch .....
[G][05-31 10:18:31][gfsfpk10] trend count[6901ms]
[G][05-31 10:19:00][gfsfpk10] timer launch .....
[G][05-31 10:19:30][gfsfpk10] timer launch .....
[G][05-31 10:20:00][gfsfpk10] timer launch .....
[G][05-31 10:20:30][gfsfpk10] timer launch .....
[G][05-31 10:21:00][gfsfpk10] timer launch .....
[G][05-31 10:21:30][gfsfpk10] timer launch .....
[G][05-31 10:22:00][gfsfpk10] timer launch .....
[G][05-31 10:22:30][gfsfpk10] timer launch .....
[G][05-31 10:23:00][gfsfpk10] timer launch .....
[G][05-31 10:23:27][gfsfpk10] trend count[2141ms]
[G][05-31 10:23:30][gfsfpk10] timer launch .....
[G][05-31 10:24:00][gfsfpk10] timer launch .....
[G][05-31 10:24:30][gfsfpk10] timer launch .....
[G][05-31 10:25:00][gfsfpk10] timer launch .....
[G][05-31 10:25:30][gfsfpk10] timer launch .....
[G][05-31 10:26:00][gfsfpk10] timer launch .....
[G][05-31 10:26:30][gfsfpk10] timer launch .....
[G][05-31 10:27:00][gfsfpk10] timer launch .....
[G][05-31 10:27:30][gfsfpk10] timer launch .....
[G][05-31 13:58:29][gfsfpk10] trend count[4186ms]
[G][05-31 13:58:30][gfsfpk10] timer launch .....
[G][05-31 13:59:00][gfsfpk10] timer launch .....
[G][05-31 13:59:30][gfsfpk10] timer launch .....
[G][05-31 14:00:00][gfsfpk10] timer launch .....
[G][05-31 14:00:03][gfsfpk10] init session[842ms]
[G][05-31 14:00:30][gfsfpk10] timer launch .....
[G][05-31 15:42:30][gfsfpk10] timer launch .....
[G][05-31 15:42:38][gfsfpk10] fetching ..... [20180531628],openTime=2018-05-31 15:42:00[1/80]
[G][05-31 15:42:38][gfsfpk10] RESULTS  _____ [20180531628]=>08,05,10,07,03,02,01,06,09,04
[G][05-31 15:42:45][gfsfpk10] update trade detail status...20180531613
[G][05-31 15:42:52][gfsfpk10] update trade detail status...20180531614
[G][05-31 15:42:54][gfsfpk10] update trade detail status...20180531615
[G][05-31 15:42:56][gfsfpk10] update trade detail status...20180531616
[G][05-31 15:42:58][gfsfpk10] update trade detail status...20180531617
[G][05-31 15:43:00][gfsfpk10] timer launch .....
[G][05-31 15:43:02][gfsfpk10] update trade detail status...20180531618
[G][05-31 15:43:03][gfsfpk10] Opened   ..... [20180531628],openTime=2018-05-31 15:42:15
[G][05-31 15:43:04][gfsfpk10] update trade detail status...20180531619
[G][05-31 15:43:05][gfsfpk10] update trade detail status...20180531620
[G][05-31 15:43:11][gfsfpk10] update trade detail status...20180531621
[G][05-31 15:43:12][gfsfpk10] update trade detail status...20180531622
[G][05-31 15:43:14][gfsfpk10] update trade detail status...20180531623
[G][05-31 15:43:17][gfsfpk10] update trade detail status...20180531624
[G][05-31 15:43:18][gfsfpk10] update trade detail status...20180531625
[G][05-31 15:43:20][gfsfpk10] update trade detail status...20180531626
[G][05-31 15:43:21][gfsfpk10] update trade detail status...20180531627
[G][05-31 15:43:24][gfsfpk10] update trade detail status...20180531628
[G][05-31 15:43:25][gfsfpk10] SUCCESS  _^_^_ [20180531628][46939ms]
[G][05-31 15:43:29][gfsfpk10] trend count[4303ms]
[G][05-31 15:43:30][gfsfpk10] timer launch .....
[G][05-31 15:43:31][gfsfpk10] fetching ..... [20180531629],openTime=2018-05-31 15:43:30[1/80]
[G][05-31 15:43:37][gfsfpk10] fetching ..... [20180531629],openTime=2018-05-31 15:43:30[2/80]
[G][05-31 15:43:42][gfsfpk10] fetching ..... [20180531629],openTime=2018-05-31 15:43:30[3/80]
[G][05-31 15:43:45][gfsfpk10] fetching ..... [20180531629],openTime=2018-05-31 15:43:30[4/80]
[G][05-31 15:43:50][gfsfpk10] fetching ..... [20180531629],openTime=2018-05-31 15:43:30[5/80]
[G][05-31 15:43:51][gfsfpk10] RESULTS  _____ [20180531629]=>04,05,09,08,01,06,10,07,02,03
[G][05-31 15:44:00][gfsfpk10] timer launch .....
[G][05-31 15:44:02][gfsfpk10] update trade detail status...20180531629
[G][05-31 15:44:04][gfsfpk10] SUCCESS  _^_^_ [20180531629][13872ms]
[G][05-31 15:44:09][gfsfpk10] Opened   ..... [20180531629],openTime=2018-05-31 15:43:48
[G][05-31 15:44:30][gfsfpk10] timer launch .....
[G][05-31 15:44:35][gfsfpk10] Opened   ..... [20180531629],openTime=2018-05-31 15:43:48
[G][05-31 15:45:00][gfsfpk10] timer launch .....
[G][05-31 15:45:07][gfsfpk10] fetching ..... [20180531630],openTime=2018-05-31 15:45:00[1/80]
[G][05-31 15:45:08][gfsfpk10] fetching ..... [20180531630],openTime=2018-05-31 15:45:00[2/80]
[G][05-31 15:45:15][gfsfpk10] fetching ..... [20180531630],openTime=2018-05-31 15:45:00[3/80]
[G][05-31 15:45:15][gfsfpk10] RESULTS  _____ [20180531630]=>05,03,04,07,08,09,06,10,01,02
[G][05-31 15:45:21][gfsfpk10] update trade detail status...20180531630
[G][05-31 15:45:24][gfsfpk10] SUCCESS  _^_^_ [20180531630][8816ms]
[G][05-31 15:45:30][gfsfpk10] timer launch .....
[G][05-31 15:45:43][gfsfpk10] Opened   ..... [20180531630],openTime=2018-05-31 15:45:14
[G][05-31 15:46:00][gfsfpk10] timer launch .....
[G][05-31 15:46:04][gfsfpk10] Opened   ..... [20180531630],openTime=2018-05-31 15:45:14
[G][05-31 15:46:30][gfsfpk10] timer launch .....
[G][05-31 15:46:31][gfsfpk10] fetching ..... [20180531631],openTime=2018-05-31 15:46:30[1/80]
[G][05-31 15:46:35][gfsfpk10] fetching ..... [20180531631],openTime=2018-05-31 15:46:30[2/80]
[G][05-31 15:46:41][gfsfpk10] fetching ..... [20180531631],openTime=2018-05-31 15:46:30[3/80]
[G][05-31 15:46:46][gfsfpk10] fetching ..... [20180531631],openTime=2018-05-31 15:46:30[4/80]
[G][05-31 15:46:50][gfsfpk10] fetching ..... [20180531631],openTime=2018-05-31 15:46:30[5/80]
[G][05-31 15:47:00][gfsfpk10] timer launch .....
[G][05-31 15:47:03][gfsfpk10] fetching ..... [20180531631],openTime=2018-05-31 15:46:30[6/80]
[G][05-31 15:47:03][gfsfpk10] RESULTS  _____ [20180531631]=>08,09,01,07,04,02,05,10,03,06
[G][05-31 15:47:11][gfsfpk10] fetching ..... [20180531631],openTime=2018-05-31 15:46:30[1/80]
[G][05-31 15:47:11][gfsfpk10] opening NOW ..... [20180531631]
[G][05-31 15:47:11][gfsfpk10] fetching ..... [20180531631],openTime=2018-05-31 15:46:30[2/80]
[G][05-31 15:47:11][gfsfpk10] opening NOW ..... [20180531631]
[G][05-31 15:47:17][gfsfpk10] fetching ..... [20180531631],openTime=2018-05-31 15:46:30[3/80]
[G][05-31 15:47:17][gfsfpk10] opening NOW ..... [20180531631]
[G][05-31 15:47:22][gfsfpk10] fetching ..... [20180531631],openTime=2018-05-31 15:46:30[4/80]
[G][05-31 15:47:22][gfsfpk10] opening NOW ..... [20180531631]
[G][05-31 15:47:26][gfsfpk10] fetching ..... [20180531631],openTime=2018-05-31 15:46:30[5/80]
[G][05-31 15:47:26][gfsfpk10] opening NOW ..... [20180531631]
[G][05-31 15:47:30][gfsfpk10] timer launch .....
[G][05-31 15:47:32][gfsfpk10] fetching ..... [20180531631],openTime=2018-05-31 15:46:30[6/80]
[G][05-31 15:47:32][gfsfpk10] opening NOW ..... [20180531631]
[G][05-31 15:47:36][gfsfpk10] fetching ..... [20180531631],openTime=2018-05-31 15:46:30[7/80]
[G][05-31 15:47:36][gfsfpk10] opening NOW ..... [20180531631]
[G][05-31 15:47:42][gfsfpk10] fetching ..... [20180531631],openTime=2018-05-31 15:46:30[8/80]
[G][05-31 15:47:42][gfsfpk10] opening NOW ..... [20180531631]
[G][05-31 15:47:47][gfsfpk10] fetching ..... [20180531631],openTime=2018-05-31 15:46:30[9/80]
[G][05-31 15:47:47][gfsfpk10] opening NOW ..... [20180531631]
[G][05-31 15:47:51][gfsfpk10] fetching ..... [20180531631],openTime=2018-05-31 15:46:30[10/80]
[G][05-31 15:47:51][gfsfpk10] opening NOW ..... [20180531631]
[G][05-31 15:47:58][gfsfpk10] fetching ..... [20180531631],openTime=2018-05-31 15:46:30[11/80]
[G][05-31 15:47:58][gfsfpk10] opening NOW ..... [20180531631]
[G][05-31 15:48:00][gfsfpk10] timer launch .....
[G][05-31 15:48:01][gfsfpk10] fetching ..... [20180531632],openTime=2018-05-31 15:48:00[12/80]
[G][05-31 15:48:21][gfsfpk10] update trade detail status...20180531631
[G][05-31 15:48:23][gfsfpk10] SUCCESS  _^_^_ [20180531631][79949ms]
[G][05-31 15:48:25][gfsfpk10] fetching ..... [20180531632],openTime=2018-05-31 15:48:00[13/80]
[G][05-31 15:48:25][gfsfpk10] RESULTS  _____ [20180531632]=>03,01,06,07,04,10,02,08,09,05
[G][05-31 15:48:28][gfsfpk10] fetching ..... [20180531632],openTime=2018-05-31 15:48:00[1/80]
[G][05-31 15:48:28][gfsfpk10] opening NOW ..... [20180531632]
[G][05-31 15:48:29][gfsfpk10] update trade detail status...20180531632
[G][05-31 15:48:30][gfsfpk10] timer launch .....
[G][05-31 15:48:30][gfsfpk10] Opened   ..... [20180531632],openTime=2018-05-31 15:48:17
[G][05-31 15:48:31][gfsfpk10] Opened   ..... [20180531632],openTime=2018-05-31 15:48:17
[G][05-31 15:48:32][gfsfpk10] SUCCESS  _^_^_ [20180531632][7373ms]
[G][05-31 15:48:39][gfsfpk10] Opened   ..... [20180531632],openTime=2018-05-31 15:48:17
[G][05-31 15:49:00][gfsfpk10] timer launch .....
[G][05-31 15:49:10][gfsfpk10] Opened   ..... [20180531632],openTime=2018-05-31 15:48:17
[G][05-31 15:49:30][gfsfpk10] timer launch .....
[G][05-31 15:49:34][gfsfpk10] fetching ..... [20180531633],openTime=2018-05-31 15:49:30[1/80]
[G][05-31 15:49:38][gfsfpk10] fetching ..... [20180531633],openTime=2018-05-31 15:49:30[2/80]
[G][05-31 15:49:48][gfsfpk10] fetching ..... [20180531633],openTime=2018-05-31 15:49:30[3/80]
[G][05-31 15:49:48][gfsfpk10] RESULTS  _____ [20180531633]=>06,01,02,05,04,03,08,07,10,09
[G][05-31 15:49:52][gfsfpk10] update trade detail status...20180531633
[G][05-31 15:49:54][gfsfpk10] SUCCESS  _^_^_ [20180531633][5177ms]
[G][05-31 15:50:00][gfsfpk10] timer launch .....
[G][05-31 15:51:30][gfsfpk10] timer launch .....
[G][05-31 15:51:32][gfsfpk10] fetching ..... [20180531634],openTime=2018-05-31 15:51:00[1/80]
[G][05-31 15:51:33][gfsfpk10] RESULTS  _____ [20180531634]=>01,09,10,03,05,02,04,07,08,06
[G][05-31 15:51:39][gfsfpk10] update trade detail status...20180531634
[G][05-31 15:51:40][gfsfpk10] SUCCESS  _^_^_ [20180531634][7555ms]
[G][05-31 15:52:00][gfsfpk10] timer launch .....
[G][05-31 15:52:03][gfsfpk10] Opened   ..... [20180531634],openTime=2018-05-31 15:51:13
[G][05-31 15:52:30][gfsfpk10] timer launch .....
[G][05-31 15:52:33][gfsfpk10] fetching ..... [20180531635],openTime=2018-05-31 15:52:30[1/80]
[G][05-31 15:52:40][gfsfpk10] fetching ..... [20180531635],openTime=2018-05-31 15:52:30[2/80]
[G][05-31 15:52:40][gfsfpk10] fetching ..... [20180531635],openTime=2018-05-31 15:52:30[3/80]
[G][05-31 15:52:49][gfsfpk10] fetching ..... [20180531635],openTime=2018-05-31 15:52:30[4/80]
[G][05-31 15:52:49][gfsfpk10] RESULTS  _____ [20180531635]=>04,10,09,01,05,07,03,06,02,08
[G][05-31 15:52:53][gfsfpk10] update trade detail status...20180531635
[G][05-31 15:52:55][gfsfpk10] SUCCESS  _^_^_ [20180531635][5839ms]
[G][05-31 15:53:00][gfsfpk10] timer launch .....
[G][05-31 15:53:00][gfsfpk10] Opened   ..... [20180531635],openTime=2018-05-31 15:52:48
[G][05-31 15:53:26][gfsfpk10] trend count[1089ms]
[G][05-31 15:53:30][gfsfpk10] timer launch .....
[G][05-31 15:53:32][gfsfpk10] Opened   ..... [20180531635],openTime=2018-05-31 15:52:48
[G][05-31 15:54:00][gfsfpk10] timer launch .....
[G][05-31 15:54:09][gfsfpk10] fetching ..... [20180531636],openTime=2018-05-31 15:54:00[1/80]
[G][05-31 15:54:10][gfsfpk10] fetching ..... [20180531636],openTime=2018-05-31 15:54:00[2/80]
[G][05-31 15:54:15][gfsfpk10] fetching ..... [20180531636],openTime=2018-05-31 15:54:00[3/80]
[G][05-31 15:54:15][gfsfpk10] RESULTS  _____ [20180531636]=>08,10,04,09,06,01,05,03,02,07
[G][05-31 15:54:20][gfsfpk10] update trade detail status...20180531636
[G][05-31 15:54:23][gfsfpk10] SUCCESS  _^_^_ [20180531636][8123ms]
[G][05-31 15:54:30][gfsfpk10] timer launch .....
[G][05-31 15:54:36][gfsfpk10] Opened   ..... [20180531636],openTime=2018-05-31 15:54:14
[G][05-31 15:55:30][gfsfpk10] timer launch .....
[G][05-31 15:55:33][gfsfpk10] fetching ..... [20180531637],openTime=2018-05-31 15:55:30[1/80]
[G][05-31 15:55:36][gfsfpk10] fetching ..... [20180531637],openTime=2018-05-31 15:55:30[2/80]
[G][05-31 15:55:41][gfsfpk10] fetching ..... [20180531637],openTime=2018-05-31 15:55:30[3/80]
[G][05-31 15:55:46][gfsfpk10] fetching ..... [20180531637],openTime=2018-05-31 15:55:30[4/80]
[G][05-31 15:55:50][gfsfpk10] fetching ..... [20180531637],openTime=2018-05-31 15:55:30[5/80]
[G][05-31 15:55:51][gfsfpk10] RESULTS  _____ [20180531637]=>08,04,02,10,05,03,06,01,07,09
[G][05-31 15:55:54][gfsfpk10] update trade detail status...20180531637
[G][05-31 15:55:56][gfsfpk10] SUCCESS  _^_^_ [20180531637][5469ms]
[G][05-31 15:57:00][gfsfpk10] timer launch .....
[G][05-31 15:57:08][gfsfpk10] fetching ..... [20180531638],openTime=2018-05-31 15:57:00[1/80]
[G][05-31 15:57:09][gfsfpk10] fetching ..... [20180531638],openTime=2018-05-31 15:57:00[2/80]
[G][05-31 15:59:00][gfsfpk10] timer launch .....
[G][05-31 15:59:09][gfsfpk10] fetching ..... [20180531639],openTime=2018-05-31 15:58:30[1/80]
[G][05-31 15:59:09][gfsfpk10] RESULTS  _____ [20180531639]=>03,04,08,07,09,10,06,02,05,01
[G][05-31 15:59:14][gfsfpk10] update trade detail status...20180531638
[G][05-31 15:59:15][gfsfpk10] update trade detail status...20180531639
[G][05-31 15:59:17][gfsfpk10] SUCCESS  _^_^_ [20180531639][8277ms]
[G][05-31 15:59:30][gfsfpk10] timer launch .....
[G][05-31 15:59:33][gfsfpk10] Opened   ..... [20180531639],openTime=2018-05-31 15:58:44
[G][05-31 16:00:00][gfsfpk10] timer launch .....
[G][05-31 16:00:30][gfsfpk10] timer launch .....
[G][05-31 16:00:47][gfsfpk10] fetching ..... [20180531640],openTime=2018-05-31 16:00:00[1/80]
[G][05-31 16:00:47][gfsfpk10] RESULTS  _____ [20180531640]=>08,06,09,03,02,07,04,10,05,01
[G][05-31 16:00:51][gfsfpk10] update trade detail status...20180531640
[G][05-31 16:00:54][gfsfpk10] SUCCESS  _^_^_ [20180531640][7207ms]
[G][05-31 16:01:00][gfsfpk10] timer launch .....
[G][05-31 16:01:08][gfsfpk10] Opened   ..... [20180531640],openTime=2018-05-31 16:00:18
[G][05-31 16:01:30][gfsfpk10] timer launch .....
[G][05-31 16:01:35][gfsfpk10] fetching ..... [20180531641],openTime=2018-05-31 16:01:30[1/80]
[G][05-31 16:01:35][gfsfpk10] fetching ..... [20180531641],openTime=2018-05-31 16:01:30[2/80]
[G][05-31 16:01:44][gfsfpk10] fetching ..... [20180531641],openTime=2018-05-31 16:01:30[3/80]
[G][05-31 16:01:47][gfsfpk10] fetching ..... [20180531641],openTime=2018-05-31 16:01:30[4/80]
[G][05-31 16:04:00][gfsfpk10] timer launch .....
[G][05-31 16:04:07][gfsfpk10] fetching ..... [20180531642],openTime=2018-05-31 16:03:00[1/80]
[G][05-31 16:04:07][gfsfpk10] RESULTS  _____ [20180531642]=>04,02,09,03,01,06,07,08,10,05
[G][05-31 16:04:11][gfsfpk10] update trade detail status...20180531641
[G][05-31 16:04:13][gfsfpk10] update trade detail status...20180531642
[G][05-31 16:04:15][gfsfpk10] SUCCESS  _^_^_ [20180531642][8349ms]
[G][05-31 16:04:30][gfsfpk10] timer launch .....
[G][05-31 16:04:33][gfsfpk10] fetching ..... [20180531643],openTime=2018-05-31 16:04:30[1/80]
[G][05-31 16:04:36][gfsfpk10] fetching ..... [20180531643],openTime=2018-05-31 16:04:30[2/80]
[G][05-31 16:05:00][gfsfpk10] timer launch .....
[G][05-31 16:05:04][gfsfpk10] fetching ..... [20180531643],openTime=2018-05-31 16:04:30[1/80]
[G][05-31 16:05:04][gfsfpk10] RESULTS  _____ [20180531643]=>06,08,10,03,05,07,02,04,01,09
[G][05-31 16:05:08][gfsfpk10] update trade detail status...20180531643
[G][05-31 16:05:10][gfsfpk10] SUCCESS  _^_^_ [20180531643][6202ms]
[G][05-31 16:07:00][gfsfpk10] timer launch .....
[G][05-31 16:07:07][gfsfpk10] fetching ..... [20180531644],openTime=2018-05-31 16:06:00[1/80]
[G][05-31 16:07:07][gfsfpk10] RESULTS  _____ [20180531644]=>10,08,09,05,01,03,07,02,04,06
[G][05-31 16:07:13][gfsfpk10] update trade detail status...20180531644
[G][05-31 16:07:16][gfsfpk10] SUCCESS  _^_^_ [20180531644][9155ms]
[G][05-31 16:07:30][gfsfpk10] timer launch .....
[G][05-31 16:07:36][gfsfpk10] fetching ..... [20180531645],openTime=2018-05-31 16:07:30[1/80]
[G][05-31 16:07:38][gfsfpk10] fetching ..... [20180531645],openTime=2018-05-31 16:07:30[2/80]
[G][05-31 16:07:43][gfsfpk10] fetching ..... [20180531645],openTime=2018-05-31 16:07:30[3/80]
[G][05-31 16:07:43][gfsfpk10] RESULTS  _____ [20180531645]=>01,03,07,10,05,09,02,06,04,08
[G][05-31 16:07:47][gfsfpk10] update trade detail status...20180531645
[G][05-31 16:07:49][gfsfpk10] SUCCESS  _^_^_ [20180531645][5628ms]
[G][05-31 16:08:00][gfsfpk10] timer launch .....
[G][05-31 16:08:01][gfsfpk10] Opened   ..... [20180531645],openTime=2018-05-31 16:07:42
[G][05-31 16:08:30][gfsfpk10] timer launch .....
[G][05-31 16:11:15][gfsfpk10] timer launch .....
[G][05-31 16:08:25][gfsfpk10] trend count[363ms]
[G][05-31 16:11:15][gfsfpk10] timer launch .....
[G][05-31 16:11:30][gfsfpk10] timer launch .....
[G][05-31 16:11:31][gfsfpk10] fetching ..... [20180531647],openTime=2018-05-31 16:10:30[1/80]
[G][05-31 16:11:32][gfsfpk10] RESULTS  _____ [20180531647]=>06,08,04,03,07,10,02,01,09,05
[G][05-31 16:11:33][gfsfpk10] fetching ..... [20180531647],openTime=2018-05-31 16:10:30[1/80]
[G][05-31 16:11:33][gfsfpk10] opening NOW ..... [20180531647]
[G][05-31 16:11:34][gfsfpk10] fetching ..... [20180531647],openTime=2018-05-31 16:10:30[1/80]
[G][05-31 16:11:34][gfsfpk10] opening NOW ..... [20180531647]
[G][05-31 16:11:35][gfsfpk10] fetching ..... [20180531647],openTime=2018-05-31 16:10:30[2/80]
[G][05-31 16:11:35][gfsfpk10] opening NOW ..... [20180531647]
[G][05-31 16:11:37][gfsfpk10] fetching ..... [20180531647],openTime=2018-05-31 16:10:30[2/80]
[G][05-31 16:11:37][gfsfpk10] opening NOW ..... [20180531647]
[G][05-31 16:11:40][gfsfpk10] Opened   ..... [20180531647],openTime=2018-05-31 16:10:50
[G][05-31 16:11:42][gfsfpk10] Opened   ..... [20180531647],openTime=2018-05-31 16:10:50
[G][05-31 16:11:42][gfsfpk10] update trade detail status...20180531646
[G][05-31 16:11:44][gfsfpk10] Opened   ..... [20180531647],openTime=2018-05-31 16:10:50
[G][05-31 16:11:46][gfsfpk10] update trade detail status...20180531647
[G][05-31 16:11:49][gfsfpk10] SUCCESS  _^_^_ [20180531647][16938ms]
[G][05-31 16:12:00][gfsfpk10] timer launch .....
[G][05-31 16:12:07][gfsfpk10] fetching ..... [20180531648],openTime=2018-05-31 16:12:00[1/80]
[G][05-31 16:12:08][gfsfpk10] fetching ..... [20180531648],openTime=2018-05-31 16:12:00[2/80]
[G][05-31 16:12:16][gfsfpk10] fetching ..... [20180531648],openTime=2018-05-31 16:12:00[3/80]
[G][05-31 16:12:17][gfsfpk10] RESULTS  _____ [20180531648]=>09,02,08,03,10,01,04,05,07,06
[G][05-31 16:12:23][gfsfpk10] update trade detail status...20180531648
[G][05-31 16:12:25][gfsfpk10] SUCCESS  _^_^_ [20180531648][8206ms]
[G][05-31 16:12:30][gfsfpk10] timer launch .....
[G][05-31 16:12:39][gfsfpk10] Opened   ..... [20180531648],openTime=2018-05-31 16:12:13
[G][05-31 16:13:00][gfsfpk10] timer launch .....
[G][05-31 16:13:06][gfsfpk10] Opened   ..... [20180531648],openTime=2018-05-31 16:12:13
[G][05-31 16:13:25][gfsfpk10] trend count[378ms]
[G][05-31 16:13:30][gfsfpk10] timer launch .....
[G][05-31 16:13:30][gfsfpk10] fetching ..... [20180531649],openTime=2018-05-31 16:13:30[1/80]
[G][05-31 16:13:35][gfsfpk10] fetching ..... [20180531649],openTime=2018-05-31 16:13:30[2/80]
[G][05-31 16:13:40][gfsfpk10] fetching ..... [20180531649],openTime=2018-05-31 16:13:30[3/80]
[G][05-31 16:13:45][gfsfpk10] fetching ..... [20180531649],openTime=2018-05-31 16:13:30[4/80]
[G][05-31 16:13:50][gfsfpk10] fetching ..... [20180531649],openTime=2018-05-31 16:13:30[5/80]
[G][05-31 16:13:57][gfsfpk10] fetching ..... [20180531649],openTime=2018-05-31 16:13:30[6/80]
[G][05-31 16:13:57][gfsfpk10] RESULTS  _____ [20180531649]=>10,05,09,04,08,06,02,01,07,03
[G][05-31 16:14:00][gfsfpk10] timer launch .....
[G][05-31 16:14:00][gfsfpk10] update trade detail status...20180531649
[G][05-31 16:14:03][gfsfpk10] SUCCESS  _^_^_ [20180531649][6401ms]
[G][05-31 16:14:13][gfsfpk10] Opened   ..... [20180531649],openTime=2018-05-31 16:13:50
[G][05-31 16:14:30][gfsfpk10] timer launch .....
[G][05-31 16:14:32][gfsfpk10] Opened   ..... [20180531649],openTime=2018-05-31 16:13:50
[G][05-31 16:15:30][gfsfpk10] timer launch .....
[G][05-31 16:15:36][gfsfpk10] fetching ..... [20180531650],openTime=2018-05-31 16:15:00[1/80]
[G][05-31 16:15:36][gfsfpk10] RESULTS  _____ [20180531650]=>07,02,03,04,06,10,09,01,05,08
[G][05-31 16:15:39][gfsfpk10] update trade detail status...20180531650
[G][05-31 16:15:40][gfsfpk10] SUCCESS  _^_^_ [20180531650][4539ms]
[G][05-31 16:16:00][gfsfpk10] timer launch .....
[G][05-31 16:16:01][gfsfpk10] Opened   ..... [20180531650],openTime=2018-05-31 16:15:20
[G][05-31 16:16:30][gfsfpk10] timer launch .....
[G][05-31 16:16:34][gfsfpk10] fetching ..... [20180531651],openTime=2018-05-31 16:16:30[1/80]
[G][05-31 16:16:38][gfsfpk10] fetching ..... [20180531651],openTime=2018-05-31 16:16:30[2/80]
[G][05-31 16:16:40][gfsfpk10] fetching ..... [20180531651],openTime=2018-05-31 16:16:30[3/80]
[G][05-31 16:16:48][gfsfpk10] fetching ..... [20180531651],openTime=2018-05-31 16:16:30[4/80]
[G][05-31 16:16:48][gfsfpk10] RESULTS  _____ [20180531651]=>07,09,10,08,01,06,02,03,04,05
[G][05-31 16:16:52][gfsfpk10] update trade detail status...20180531651
[G][05-31 16:16:55][gfsfpk10] SUCCESS  _^_^_ [20180531651][6315ms]
[G][05-31 16:17:00][gfsfpk10] timer launch .....
[G][05-31 16:17:03][gfsfpk10] Opened   ..... [20180531651],openTime=2018-05-31 16:16:45
[G][05-31 16:17:30][gfsfpk10] timer launch .....
[G][05-31 16:17:30][gfsfpk10] Opened   ..... [20180531651],openTime=2018-05-31 16:16:45
[G][05-31 16:18:00][gfsfpk10] timer launch .....
[G][05-31 16:18:04][gfsfpk10] fetching ..... [20180531652],openTime=2018-05-31 16:18:00[1/80]
[G][05-31 16:18:11][gfsfpk10] fetching ..... [20180531652],openTime=2018-05-31 16:18:00[2/80]
[G][05-31 16:18:12][gfsfpk10] fetching ..... [20180531652],openTime=2018-05-31 16:18:00[3/80]
[G][05-31 16:18:24][gfsfpk10] fetching ..... [20180531652],openTime=2018-05-31 16:18:00[4/80]
[G][05-31 16:18:24][gfsfpk10] RESULTS  _____ [20180531652]=>07,10,06,08,03,05,02,09,04,01
[G][05-31 16:18:28][gfsfpk10] trend count[3153ms]
[G][05-31 16:18:28][gfsfpk10] update trade detail status...20180531652
[G][05-31 16:18:29][gfsfpk10] SUCCESS  _^_^_ [20180531652][4990ms]
[G][05-31 16:18:30][gfsfpk10] timer launch .....
[G][05-31 16:18:31][gfsfpk10] Opened   ..... [20180531652],openTime=2018-05-31 16:18:20
[G][05-31 16:19:00][gfsfpk10] timer launch .....
[G][05-31 16:19:04][gfsfpk10] Opened   ..... [20180531652],openTime=2018-05-31 16:18:20
[G][05-31 16:19:30][gfsfpk10] timer launch .....
[G][05-31 16:19:42][gfsfpk10] fetching ..... [20180531653],openTime=2018-05-31 16:19:30[1/80]
[G][05-31 16:19:43][gfsfpk10] RESULTS  _____ [20180531653]=>01,03,09,08,06,02,07,05,04,10
[G][05-31 16:19:47][gfsfpk10] update trade detail status...20180531653
[G][05-31 16:19:49][gfsfpk10] SUCCESS  _^_^_ [20180531653][6840ms]
[G][05-31 16:20:00][gfsfpk10] timer launch .....
[G][05-31 16:20:05][gfsfpk10] Opened   ..... [20180531653],openTime=2018-05-31 16:19:41
[G][05-31 16:20:30][gfsfpk10] timer launch .....
[G][05-31 16:20:31][gfsfpk10] Opened   ..... [20180531653],openTime=2018-05-31 16:19:41
[G][05-31 16:21:00][gfsfpk10] timer launch .....
[G][05-31 16:21:08][gfsfpk10] fetching ..... [20180531654],openTime=2018-05-31 16:21:00[1/80]
[G][05-31 16:21:09][gfsfpk10] fetching ..... [20180531654],openTime=2018-05-31 16:21:00[2/80]
[G][05-31 16:21:15][gfsfpk10] fetching ..... [20180531654],openTime=2018-05-31 16:21:00[3/80]
[G][05-31 16:21:19][gfsfpk10] fetching ..... [20180531654],openTime=2018-05-31 16:21:00[4/80]
[G][05-31 16:21:24][gfsfpk10] fetching ..... [20180531654],openTime=2018-05-31 16:21:00[5/80]
[G][05-31 16:21:25][gfsfpk10] RESULTS  _____ [20180531654]=>09,08,05,02,07,10,01,04,06,03
[G][05-31 16:21:28][gfsfpk10] update trade detail status...20180531654
[G][05-31 16:21:29][gfsfpk10] SUCCESS  _^_^_ [20180531654][4760ms]
[G][05-31 16:21:30][gfsfpk10] timer launch .....
[G][05-31 16:21:30][gfsfpk10] Opened   ..... [20180531654],openTime=2018-05-31 16:21:20
[G][05-31 16:22:00][gfsfpk10] timer launch .....
[G][05-31 16:22:12][gfsfpk10] Opened   ..... [20180531654],openTime=2018-05-31 16:21:20
[G][05-31 16:22:30][gfsfpk10] timer launch .....
[G][05-31 16:22:34][gfsfpk10] fetching ..... [20180531655],openTime=2018-05-31 16:22:30[1/80]
[G][05-31 16:22:36][gfsfpk10] fetching ..... [20180531655],openTime=2018-05-31 16:22:30[2/80]
[G][05-31 16:22:46][gfsfpk10] fetching ..... [20180531655],openTime=2018-05-31 16:22:30[3/80]
[G][05-31 16:22:46][gfsfpk10] RESULTS  _____ [20180531655]=>02,03,05,04,08,07,09,10,01,06
[G][05-31 16:22:50][gfsfpk10] update trade detail status...20180531655
[G][05-31 16:22:52][gfsfpk10] SUCCESS  _^_^_ [20180531655][5953ms]
[G][05-31 16:23:00][gfsfpk10] timer launch .....
[G][05-31 16:23:03][gfsfpk10] Opened   ..... [20180531655],openTime=2018-05-31 16:22:44
[G][05-31 16:23:25][gfsfpk10] trend count[364ms]
[G][05-31 16:23:30][gfsfpk10] timer launch .....
[G][05-31 16:23:34][gfsfpk10] Opened   ..... [20180531655],openTime=2018-05-31 16:22:44
[G][05-31 16:24:00][gfsfpk10] timer launch .....
[G][05-31 16:24:00][gfsfpk10] fetching ..... [20180531656],openTime=2018-05-31 16:24:00[1/80]
[G][05-31 16:24:06][gfsfpk10] fetching ..... [20180531656],openTime=2018-05-31 16:24:00[2/80]
[G][05-31 16:24:17][gfsfpk10] fetching ..... [20180531656],openTime=2018-05-31 16:24:00[3/80]
[G][05-31 16:24:18][gfsfpk10] fetching ..... [20180531656],openTime=2018-05-31 16:24:00[4/80]
[G][05-31 16:24:29][gfsfpk10] fetching ..... [20180531656],openTime=2018-05-31 16:24:00[5/80]
[G][05-31 16:24:29][gfsfpk10] RESULTS  _____ [20180531656]=>06,10,09,04,05,07,03,08,02,01
[G][05-31 16:24:30][gfsfpk10] timer launch .....
[G][05-31 16:24:34][gfsfpk10] update trade detail status...20180531656
[G][05-31 16:24:37][gfsfpk10] SUCCESS  _^_^_ [20180531656][7328ms]
[G][05-31 16:24:37][gfsfpk10] Opened   ..... [20180531656],openTime=2018-05-31 16:24:16
[G][05-31 16:25:00][gfsfpk10] timer launch .....
[G][05-31 16:25:07][gfsfpk10] Opened   ..... [20180531656],openTime=2018-05-31 16:24:16
[G][05-31 16:25:30][gfsfpk10] timer launch .....
[G][05-31 16:25:32][gfsfpk10] fetching ..... [20180531657],openTime=2018-05-31 16:25:30[1/80]
[G][05-31 16:25:38][gfsfpk10] fetching ..... [20180531657],openTime=2018-05-31 16:25:30[2/80]
[G][05-31 16:25:50][gfsfpk10] fetching ..... [20180531657],openTime=2018-05-31 16:25:30[3/80]
[G][05-31 16:25:50][gfsfpk10] RESULTS  _____ [20180531657]=>03,04,05,10,08,01,07,06,02,09
[G][05-31 16:25:55][gfsfpk10] update trade detail status...20180531657
[G][05-31 16:25:57][gfsfpk10] SUCCESS  _^_^_ [20180531657][6927ms]
[G][05-31 16:26:00][gfsfpk10] timer launch .....
[G][05-31 16:26:14][gfsfpk10] Opened   ..... [20180531657],openTime=2018-05-31 16:25:45
[G][05-31 16:26:30][gfsfpk10] timer launch .....
[G][05-31 16:27:00][gfsfpk10] timer launch .....
[G][05-31 16:27:28][gfsfpk10] waiting ***** [20180531658],endTime=2018-05-31 16:27:00
[G][05-31 16:27:30][gfsfpk10] timer launch .....
[G][05-31 16:27:49][gfsfpk10] fetching ..... [20180531658],openTime=2018-05-31 16:27:00[1/80]
[G][05-31 16:27:49][gfsfpk10] RESULTS  _____ [20180531658]=>01,02,04,03,06,10,08,05,09,07
[G][05-31 16:27:59][gfsfpk10] update trade detail status...20180531658
[G][05-31 16:28:00][gfsfpk10] timer launch .....
[G][05-31 16:28:08][gfsfpk10] Opened   ..... [20180531658],openTime=2018-05-31 16:27:17
[G][05-31 16:28:09][gfsfpk10] SUCCESS  _^_^_ [20180531658][19776ms]
[G][05-31 16:28:10][gfsfpk10] Opened   ..... [20180531658],openTime=2018-05-31 16:27:17
[G][05-31 16:28:30][gfsfpk10] timer launch .....
[G][05-31 16:28:32][gfsfpk10] fetching ..... [20180531659],openTime=2018-05-31 16:28:30[1/80]
[G][05-31 16:28:36][gfsfpk10] fetching ..... [20180531659],openTime=2018-05-31 16:28:30[2/80]
[G][05-31 16:28:53][gfsfpk10] trend count[28849ms]
[G][05-31 16:29:00][gfsfpk10] timer launch .....
[G][05-31 16:29:30][gfsfpk10] timer launch .....
[G][05-31 16:29:37][gfsfpk10] fetching ..... [20180531659],openTime=2018-05-31 16:28:30[1/80]
[G][05-31 16:29:37][gfsfpk10] RESULTS  _____ [20180531659]=>05,07,08,10,06,01,09,03,02,04
[G][05-31 16:29:49][gfsfpk10] update trade detail status...20180531659
[G][05-31 16:29:58][gfsfpk10] SUCCESS  _^_^_ [20180531659][21276ms]
[G][05-31 16:30:00][gfsfpk10] timer launch .....
[G][05-31 16:30:05][gfsfpk10] waiting ***** [20180531660],endTime=2018-05-31 16:30:00
[G][05-31 16:30:22][gfsfpk10] init session[3426ms]
[G][05-31 16:30:31][gfsfpk10] timer launch .....
[G][05-31 16:30:32][gfsfpk10] fetching ..... [20180531660],openTime=2018-05-31 16:30:00[1/80]
[G][05-31 16:30:32][gfsfpk10] RESULTS  _____ [20180531660]=>08,03,09,01,10,07,04,06,02,05
[G][05-31 16:30:51][gfsfpk10] Opened   ..... [20180531660],openTime=2018-05-31 16:30:15
[G][05-31 16:30:52][gfsfpk10] Opened   ..... [20180531660],openTime=2018-05-31 16:30:15
[G][05-31 16:30:54][gfsfpk10] update trade detail status...20180531660
[G][05-31 16:31:00][gfsfpk10] timer launch .....
[G][05-31 16:31:02][gfsfpk10] Opened   ..... [20180531660],openTime=2018-05-31 16:30:15
[G][05-31 16:31:06][gfsfpk10] SUCCESS  _^_^_ [20180531660][33977ms]
[G][05-31 16:31:30][gfsfpk10] timer launch .....
[G][05-31 16:32:00][gfsfpk10] timer launch .....
[G][05-31 16:32:28][gfsfpk10] fetching ..... [20180531661],openTime=2018-05-31 16:31:30[1/80]
[G][05-31 16:32:28][gfsfpk10] RESULTS  _____ [20180531661]=>07,01,04,02,03,08,09,06,05,10
[G][05-31 16:32:30][gfsfpk10] timer launch .....
[G][05-31 16:32:39][gfsfpk10] update trade detail status...20180531661
[G][05-31 16:32:45][gfsfpk10] SUCCESS  _^_^_ [20180531661][17066ms]
[G][05-31 16:32:47][gfsfpk10] Opened   ..... [20180531661],openTime=2018-05-31 16:31:43
[G][05-31 16:33:00][gfsfpk10] timer launch .....
[G][05-31 16:33:18][gfsfpk10] fetching ..... [20180531662],openTime=2018-05-31 16:33:00[1/80]
[G][05-31 16:33:21][gfsfpk10] fetching ..... [20180531662],openTime=2018-05-31 16:33:00[2/80]
[G][05-31 16:33:21][gfsfpk10] RESULTS  _____ [20180531662]=>07,04,10,01,08,02,03,05,09,06
[G][05-31 16:33:30][gfsfpk10] timer launch .....
[G][05-31 16:33:30][gfsfpk10] update trade detail status...20180531662
[G][05-31 16:33:32][gfsfpk10] Opened   ..... [20180531662],openTime=2018-05-31 16:33:19
[G][05-31 16:33:36][gfsfpk10] SUCCESS  _^_^_ [20180531662][15000ms]
[G][05-31 16:34:00][gfsfpk10] timer launch .....
[G][05-31 16:34:18][gfsfpk10] trend count[53583ms]
[G][05-31 16:34:30][gfsfpk10] timer launch .....
[G][05-31 16:34:40][gfsfpk10] waiting ***** [20180531663],endTime=2018-05-31 16:34:30
[G][05-31 16:35:00][gfsfpk10] timer launch .....
[G][05-31 16:35:11][gfsfpk10] fetching ..... [20180531663],openTime=2018-05-31 16:34:30[1/80]
[G][05-31 16:35:12][gfsfpk10] RESULTS  _____ [20180531663]=>10,09,01,08,05,04,02,06,07,03
[G][05-31 16:35:24][gfsfpk10] update trade detail status...20180531663
[G][05-31 16:35:29][gfsfpk10] SUCCESS  _^_^_ [20180531663][17720ms]
[G][05-31 16:35:30][gfsfpk10] timer launch .....
[G][05-31 16:35:39][gfsfpk10] Opened   ..... [20180531663],openTime=2018-05-31 16:34:46
[G][05-31 16:36:00][gfsfpk10] timer launch .....
[G][05-31 16:36:00][gfsfpk10] Opened   ..... [20180531663],openTime=2018-05-31 16:34:46
[G][05-31 16:36:12][gfsfpk10] fetching ..... [20180531664],openTime=2018-05-31 16:36:00[1/80]
[G][05-31 16:36:16][gfsfpk10] fetching ..... [20180531664],openTime=2018-05-31 16:36:00[2/80]
[G][05-31 16:36:16][gfsfpk10] RESULTS  _____ [20180531664]=>09,10,01,03,05,08,04,07,06,02
[G][05-31 16:36:30][gfsfpk10] timer launch .....
[G][05-31 16:36:42][gfsfpk10] fetching ..... [20180531664],openTime=2018-05-31 16:36:00[1/80]
[G][05-31 16:36:42][gfsfpk10] opening NOW ..... [20180531664]
[G][05-31 16:36:44][gfsfpk10] fetching ..... [20180531664],openTime=2018-05-31 16:36:00[2/80]
[G][05-31 16:36:44][gfsfpk10] opening NOW ..... [20180531664]
[G][05-31 16:36:49][gfsfpk10] fetching ..... [20180531664],openTime=2018-05-31 16:36:00[3/80]
[G][05-31 16:36:49][gfsfpk10] opening NOW ..... [20180531664]
[G][05-31 16:36:55][gfsfpk10] fetching ..... [20180531664],openTime=2018-05-31 16:36:00[4/80]
[G][05-31 16:36:55][gfsfpk10] opening NOW ..... [20180531664]
[G][05-31 16:36:59][gfsfpk10] fetching ..... [20180531664],openTime=2018-05-31 16:36:00[5/80]
[G][05-31 16:36:59][gfsfpk10] opening NOW ..... [20180531664]
[G][05-31 16:37:00][gfsfpk10] timer launch .....
[G][05-31 16:37:04][gfsfpk10] fetching ..... [20180531664],openTime=2018-05-31 16:36:00[6/80]
[G][05-31 16:37:04][gfsfpk10] opening NOW ..... [20180531664]
[G][05-31 16:37:22][gfsfpk10] update trade detail status...20180531664
[G][05-31 16:37:29][gfsfpk10] SUCCESS  _^_^_ [20180531664][72478ms]
[G][05-31 16:37:30][gfsfpk10] timer launch .....
[G][05-31 16:37:40][gfsfpk10] fetching ..... [20180531665],openTime=2018-05-31 16:37:30[1/80]
[G][05-31 16:37:41][gfsfpk10] fetching ..... [20180531665],openTime=2018-05-31 16:37:30[2/80]
[G][05-31 16:37:50][gfsfpk10] waiting ***** [20180531665],endTime=2018-05-31 16:37:30
[G][05-31 16:37:53][gfsfpk10] waiting ***** [20180531665],endTime=2018-05-31 16:37:30
[G][05-31 16:38:00][gfsfpk10] timer launch .....
[G][05-31 16:38:00][gfsfpk10] fetching ..... [20180531665],openTime=2018-05-31 16:37:30[3/80]
[G][05-31 16:38:00][gfsfpk10] RESULTS  _____ [20180531665]=>01,10,05,04,06,02,03,08,07,09
[G][05-31 16:38:03][gfsfpk10] fetching ..... [20180531665],openTime=2018-05-31 16:37:30[1/80]
[G][05-31 16:38:03][gfsfpk10] opening NOW ..... [20180531665]
[G][05-31 16:38:05][gfsfpk10] update trade detail status...20180531665
[G][05-31 16:38:06][gfsfpk10] SUCCESS  _^_^_ [20180531665][6284ms]
[G][05-31 16:38:06][gfsfpk10] Opened   ..... [20180531665],openTime=2018-05-31 16:37:46
[G][05-31 16:38:26][gfsfpk10] trend count[1615ms]
[G][05-31 16:38:30][gfsfpk10] timer launch .....
[G][05-31 16:38:30][gfsfpk10] Opened   ..... [20180531665],openTime=2018-05-31 16:37:46
[G][05-31 16:39:00][gfsfpk10] timer launch .....
[G][05-31 16:39:01][gfsfpk10] fetching ..... [20180531666],openTime=2018-05-31 16:39:00[1/80]
[G][05-31 16:39:22][gfsfpk10] fetching ..... [20180531666],openTime=2018-05-31 16:39:00[2/80]
[G][05-31 16:39:23][gfsfpk10] RESULTS  _____ [20180531666]=>04,10,01,02,09,03,08,06,07,05
[G][05-31 16:39:26][gfsfpk10] update trade detail status...20180531666
[G][05-31 16:39:28][gfsfpk10] SUCCESS  _^_^_ [20180531666][5280ms]
[G][05-31 16:39:30][gfsfpk10] timer launch .....
[G][05-31 16:39:31][gfsfpk10] Opened   ..... [20180531666],openTime=2018-05-31 16:39:16
[G][05-31 16:40:00][gfsfpk10] timer launch .....
[G][05-31 16:40:09][gfsfpk10] Opened   ..... [20180531666],openTime=2018-05-31 16:39:16
[G][05-31 16:40:30][gfsfpk10] timer launch .....
[G][05-31 16:40:47][gfsfpk10] fetching ..... [20180531667],openTime=2018-05-31 16:40:30[1/80]
[G][05-31 16:40:47][gfsfpk10] RESULTS  _____ [20180531667]=>04,02,03,07,05,06,09,10,01,08
[G][05-31 16:40:52][gfsfpk10] update trade detail status...20180531667
[G][05-31 16:40:54][gfsfpk10] SUCCESS  _^_^_ [20180531667][6558ms]
[G][05-31 16:41:00][gfsfpk10] timer launch .....
[G][05-31 16:41:01][gfsfpk10] Opened   ..... [20180531667],openTime=2018-05-31 16:40:41
[G][05-31 16:41:30][gfsfpk10] timer launch .....
[G][05-31 16:41:38][gfsfpk10] Opened   ..... [20180531667],openTime=2018-05-31 16:40:41
[G][05-31 16:42:00][gfsfpk10] timer launch .....
[G][05-31 16:42:13][gfsfpk10] fetching ..... [20180531668],openTime=2018-05-31 16:42:00[1/80]
[G][05-31 16:42:14][gfsfpk10] fetching ..... [20180531668],openTime=2018-05-31 16:42:00[2/80]
[G][05-31 16:42:30][gfsfpk10] timer launch .....
[G][05-31 16:42:41][gfsfpk10] fetching ..... [20180531668],openTime=2018-05-31 16:42:00[1/80]
[G][05-31 16:42:41][gfsfpk10] RESULTS  _____ [20180531668]=>02,07,05,01,03,09,08,06,10,04
[G][05-31 16:42:44][gfsfpk10] update trade detail status...20180531668
[G][05-31 16:42:46][gfsfpk10] Opened   ..... [20180531668],openTime=2018-05-31 16:42:18
[G][05-31 16:42:46][gfsfpk10] SUCCESS  _^_^_ [20180531668][5699ms]
[G][05-31 16:43:00][gfsfpk10] timer launch .....
[G][05-31 16:43:02][gfsfpk10] Opened   ..... [20180531668],openTime=2018-05-31 16:42:18
[G][05-31 16:43:28][gfsfpk10] trend count[3204ms]
[G][05-31 16:43:30][gfsfpk10] timer launch .....
[G][05-31 16:43:35][gfsfpk10] fetching ..... [20180531669],openTime=2018-05-31 16:43:30[1/80]
[G][05-31 16:43:36][gfsfpk10] fetching ..... [20180531669],openTime=2018-05-31 16:43:30[2/80]
[G][05-31 16:43:41][gfsfpk10] fetching ..... [20180531669],openTime=2018-05-31 16:43:30[3/80]
[G][05-31 16:43:46][gfsfpk10] fetching ..... [20180531669],openTime=2018-05-31 16:43:30[4/80]
[G][05-31 16:43:51][gfsfpk10] fetching ..... [20180531669],openTime=2018-05-31 16:43:30[5/80]
[G][05-31 16:43:51][gfsfpk10] RESULTS  _____ [20180531669]=>09,07,06,02,01,08,05,04,10,03
[G][05-31 16:43:55][gfsfpk10] update trade detail status...20180531669
[G][05-31 16:43:59][gfsfpk10] SUCCESS  _^_^_ [20180531669][7269ms]
[G][05-31 16:44:00][gfsfpk10] timer launch .....
[G][05-31 16:44:05][gfsfpk10] Opened   ..... [20180531669],openTime=2018-05-31 16:43:46
[G][05-31 16:44:30][gfsfpk10] timer launch .....
[G][05-31 16:44:34][gfsfpk10] Opened   ..... [20180531669],openTime=2018-05-31 16:43:46
[G][05-31 16:45:00][gfsfpk10] timer launch .....
[G][05-31 16:45:06][gfsfpk10] fetching ..... [20180531670],openTime=2018-05-31 16:45:00[1/80]
[G][05-31 16:45:08][gfsfpk10] fetching ..... [20180531670],openTime=2018-05-31 16:45:00[2/80]
[G][05-31 16:45:12][gfsfpk10] fetching ..... [20180531670],openTime=2018-05-31 16:45:00[3/80]
[G][05-31 16:45:17][gfsfpk10] fetching ..... [20180531670],openTime=2018-05-31 16:45:00[4/80]
[G][05-31 16:45:17][gfsfpk10] RESULTS  _____ [20180531670]=>06,05,07,01,04,02,10,03,08,09
[G][05-31 16:45:21][gfsfpk10] update trade detail status...20180531670
[G][05-31 16:45:23][gfsfpk10] SUCCESS  _^_^_ [20180531670][5807ms]
[G][05-31 16:45:30][gfsfpk10] timer launch .....
[G][05-31 16:45:31][gfsfpk10] Opened   ..... [20180531670],openTime=2018-05-31 16:45:13
[G][05-31 16:46:00][gfsfpk10] timer launch .....
[G][05-31 16:46:08][gfsfpk10] Opened   ..... [20180531670],openTime=2018-05-31 16:45:13
[G][05-31 16:46:30][gfsfpk10] timer launch .....
[G][05-31 16:46:36][gfsfpk10] fetching ..... [20180531671],openTime=2018-05-31 16:46:30[1/80]
[G][05-31 16:46:37][gfsfpk10] fetching ..... [20180531671],openTime=2018-05-31 16:46:30[2/80]
[G][05-31 16:46:43][gfsfpk10] fetching ..... [20180531671],openTime=2018-05-31 16:46:30[3/80]
[G][05-31 16:46:43][gfsfpk10] RESULTS  _____ [20180531671]=>10,09,07,01,08,06,02,04,03,05
[G][05-31 16:46:46][gfsfpk10] update trade detail status...20180531671
[G][05-31 16:46:47][gfsfpk10] SUCCESS  _^_^_ [20180531671][4202ms]
[G][05-31 16:47:00][gfsfpk10] timer launch .....
[G][05-31 16:47:03][gfsfpk10] Opened   ..... [20180531671],openTime=2018-05-31 16:46:41
[G][05-31 16:47:30][gfsfpk10] timer launch .....
[G][05-31 16:47:35][gfsfpk10] Opened   ..... [20180531671],openTime=2018-05-31 16:46:41
[G][05-31 16:48:00][gfsfpk10] timer launch .....
[G][05-31 16:48:02][gfsfpk10] fetching ..... [20180531672],openTime=2018-05-31 16:48:00[1/80]
[G][05-31 16:48:05][gfsfpk10] fetching ..... [20180531672],openTime=2018-05-31 16:48:00[2/80]
[G][05-31 16:48:15][gfsfpk10] fetching ..... [20180531672],openTime=2018-05-31 16:48:00[3/80]
[G][05-31 16:48:16][gfsfpk10] fetching ..... [20180531672],openTime=2018-05-31 16:48:00[4/80]
[G][05-31 16:48:21][gfsfpk10] fetching ..... [20180531672],openTime=2018-05-31 16:48:00[5/80]
[G][05-31 16:48:21][gfsfpk10] RESULTS  _____ [20180531672]=>06,10,09,05,01,02,08,07,03,04
[G][05-31 16:48:28][gfsfpk10] update trade detail status...20180531672
[G][05-31 16:48:28][gfsfpk10] trend count[3823ms]
[G][05-31 16:48:30][gfsfpk10] timer launch .....
[G][05-31 16:48:31][gfsfpk10] Opened   ..... [20180531672],openTime=2018-05-31 16:48:19
[G][05-31 16:48:32][gfsfpk10] SUCCESS  _^_^_ [20180531672][10331ms]
[G][05-31 16:49:00][gfsfpk10] timer launch .....
[G][05-31 16:49:09][gfsfpk10] Opened   ..... [20180531672],openTime=2018-05-31 16:48:19
[G][05-31 16:49:30][gfsfpk10] timer launch .....
[G][05-31 16:49:40][gfsfpk10] fetching ..... [20180531673],openTime=2018-05-31 16:49:30[1/80]
[G][05-31 16:49:41][gfsfpk10] fetching ..... [20180531673],openTime=2018-05-31 16:49:30[2/80]
[G][05-31 16:49:46][gfsfpk10] fetching ..... [20180531673],openTime=2018-05-31 16:49:30[3/80]
[G][05-31 16:49:52][gfsfpk10] fetching ..... [20180531673],openTime=2018-05-31 16:49:30[4/80]
[G][05-31 16:49:52][gfsfpk10] RESULTS  _____ [20180531673]=>04,06,01,03,07,05,10,02,08,09
[G][05-31 16:49:56][gfsfpk10] update trade detail status...20180531673
[G][05-31 16:49:58][gfsfpk10] SUCCESS  _^_^_ [20180531673][5526ms]
[G][05-31 16:50:00][gfsfpk10] timer launch .....
[G][05-31 16:50:10][gfsfpk10] Opened   ..... [20180531673],openTime=2018-05-31 16:49:46
[G][05-31 16:50:30][gfsfpk10] timer launch .....
[G][05-31 16:50:47][gfsfpk10] Opened   ..... [20180531673],openTime=2018-05-31 16:49:46
[G][05-31 16:51:00][gfsfpk10] timer launch .....
[G][05-31 16:51:03][gfsfpk10] fetching ..... [20180531674],openTime=2018-05-31 16:51:00[1/80]
[G][05-31 16:51:06][gfsfpk10] fetching ..... [20180531674],openTime=2018-05-31 16:51:00[2/80]
[G][05-31 16:51:11][gfsfpk10] fetching ..... [20180531674],openTime=2018-05-31 16:51:00[3/80]
[G][05-31 16:51:16][gfsfpk10] fetching ..... [20180531674],openTime=2018-05-31 16:51:00[4/80]
[G][05-31 16:51:20][gfsfpk10] fetching ..... [20180531674],openTime=2018-05-31 16:51:00[5/80]
[G][05-31 16:51:25][gfsfpk10] fetching ..... [20180531674],openTime=2018-05-31 16:51:00[6/80]
[G][05-31 16:51:25][gfsfpk10] RESULTS  _____ [20180531674]=>01,06,03,08,09,05,02,10,04,07
[G][05-31 16:51:30][gfsfpk10] timer launch .....
[G][05-31 16:51:31][gfsfpk10] update trade detail status...20180531674
[G][05-31 16:51:31][gfsfpk10] Opened   ..... [20180531674],openTime=2018-05-31 16:51:19
[G][05-31 16:51:33][gfsfpk10] SUCCESS  _^_^_ [20180531674][7403ms]
[G][05-31 16:52:00][gfsfpk10] timer launch .....
[G][05-31 16:52:05][gfsfpk10] Opened   ..... [20180531674],openTime=2018-05-31 16:51:19
[G][05-31 16:52:30][gfsfpk10] timer launch .....
[G][05-31 16:52:42][gfsfpk10] fetching ..... [20180531675],openTime=2018-05-31 16:52:30[1/80]
[G][05-31 16:52:42][gfsfpk10] RESULTS  _____ [20180531675]=>10,07,04,09,08,01,02,06,05,03
[G][05-31 16:52:46][gfsfpk10] update trade detail status...20180531675
[G][05-31 16:52:48][gfsfpk10] SUCCESS  _^_^_ [20180531675][6001ms]
[G][05-31 16:53:00][gfsfpk10] timer launch .....
[G][05-31 16:53:20][gfsfpk10] Opened   ..... [20180531675],openTime=2018-05-31 16:52:42
[G][05-31 16:53:30][gfsfpk10] timer launch .....
[G][05-31 16:53:35][gfsfpk10] Opened   ..... [20180531675],openTime=2018-05-31 16:52:42
[G][05-31 16:53:51][gfsfpk10] trend count[26713ms]
[G][05-31 16:54:00][gfsfpk10] timer launch .....
[G][05-31 16:54:07][gfsfpk10] fetching ..... [20180531676],openTime=2018-05-31 16:54:00[1/80]
[G][05-31 16:54:10][gfsfpk10] fetching ..... [20180531676],openTime=2018-05-31 16:54:00[2/80]
[G][05-31 16:54:12][gfsfpk10] fetching ..... [20180531676],openTime=2018-05-31 16:54:00[3/80]
[G][05-31 16:54:18][gfsfpk10] fetching ..... [20180531676],openTime=2018-05-31 16:54:00[4/80]
[G][05-31 16:54:24][gfsfpk10] fetching ..... [20180531676],openTime=2018-05-31 16:54:00[5/80]
[G][05-31 16:54:24][gfsfpk10] RESULTS  _____ [20180531676]=>04,06,08,05,03,02,01,10,07,09
[G][05-31 16:54:28][gfsfpk10] update trade detail status...20180531676
[G][05-31 16:54:30][gfsfpk10] timer launch .....
[G][05-31 16:54:31][gfsfpk10] SUCCESS  _^_^_ [20180531676][6362ms]
[G][05-31 16:54:31][gfsfpk10] Opened   ..... [20180531676],openTime=2018-05-31 16:54:19
[G][05-31 16:55:00][gfsfpk10] timer launch .....
[G][05-31 16:55:19][gfsfpk10] Opened   ..... [20180531676],openTime=2018-05-31 16:54:19
[G][05-31 16:55:30][gfsfpk10] timer launch .....
[G][05-31 16:56:00][gfsfpk10] timer launch .....
[G][05-31 16:56:01][gfsfpk10] fetching ..... [20180531677],openTime=2018-05-31 16:55:30[1/80]
[G][05-31 16:56:01][gfsfpk10] RESULTS  _____ [20180531677]=>05,06,08,09,07,10,01,03,04,02
[G][05-31 16:56:07][gfsfpk10] update trade detail status...20180531677
[G][05-31 16:56:10][gfsfpk10] SUCCESS  _^_^_ [20180531677][8596ms]
[G][05-31 16:56:16][gfsfpk10] Opened   ..... [20180531677],openTime=2018-05-31 16:55:42
[G][05-31 16:56:30][gfsfpk10] timer launch .....
[G][05-31 16:56:30][gfsfpk10] Opened   ..... [20180531677],openTime=2018-05-31 16:55:42
[G][05-31 16:57:00][gfsfpk10] timer launch .....
[G][05-31 16:57:06][gfsfpk10] fetching ..... [20180531678],openTime=2018-05-31 16:57:00[1/80]
[G][05-31 16:57:08][gfsfpk10] fetching ..... [20180531678],openTime=2018-05-31 16:57:00[2/80]
[G][05-31 16:57:13][gfsfpk10] fetching ..... [20180531678],openTime=2018-05-31 16:57:00[3/80]
[G][05-31 16:57:20][gfsfpk10] fetching ..... [20180531678],openTime=2018-05-31 16:57:00[4/80]
[G][05-31 16:57:24][gfsfpk10] fetching ..... [20180531678],openTime=2018-05-31 16:57:00[5/80]
[G][05-31 16:57:24][gfsfpk10] RESULTS  _____ [20180531678]=>07,01,03,02,06,10,05,09,08,04
[G][05-31 16:57:28][gfsfpk10] update trade detail status...20180531678
[G][05-31 16:57:30][gfsfpk10] timer launch .....
[G][05-31 16:57:31][gfsfpk10] SUCCESS  _^_^_ [20180531678][6984ms]
[G][05-31 16:57:41][gfsfpk10] Opened   ..... [20180531678],openTime=2018-05-31 16:57:20
[G][05-31 16:58:00][gfsfpk10] timer launch .....
[G][05-31 16:58:04][gfsfpk10] Opened   ..... [20180531678],openTime=2018-05-31 16:57:20
[G][05-31 16:58:28][gfsfpk10] trend count[3789ms]
[G][05-31 16:58:30][gfsfpk10] timer launch .....
[G][05-31 16:58:39][gfsfpk10] fetching ..... [20180531679],openTime=2018-05-31 16:58:30[1/80]
[G][05-31 16:58:40][gfsfpk10] fetching ..... [20180531679],openTime=2018-05-31 16:58:30[2/80]
[G][05-31 16:58:45][gfsfpk10] fetching ..... [20180531679],openTime=2018-05-31 16:58:30[3/80]
[G][05-31 16:58:54][gfsfpk10] fetching ..... [20180531679],openTime=2018-05-31 16:58:30[4/80]
[G][05-31 16:58:54][gfsfpk10] RESULTS  _____ [20180531679]=>02,06,10,03,05,07,01,04,09,08
[G][05-31 16:58:58][gfsfpk10] update trade detail status...20180531679
[G][05-31 16:59:00][gfsfpk10] timer launch .....
[G][05-31 16:59:00][gfsfpk10] SUCCESS  _^_^_ [20180531679][6151ms]
[G][05-31 16:59:07][gfsfpk10] Opened   ..... [20180531679],openTime=2018-05-31 16:58:46
[G][05-31 16:59:30][gfsfpk10] timer launch .....
[G][05-31 16:59:30][gfsfpk10] Opened   ..... [20180531679],openTime=2018-05-31 16:58:46
[G][05-31 17:00:00][gfsfpk10] timer launch .....
[G][05-31 17:00:03][gfsfpk10] fetching ..... [20180531680],openTime=2018-05-31 17:00:00[1/80]
[G][05-31 17:00:07][gfsfpk10] fetching ..... [20180531680],openTime=2018-05-31 17:00:00[2/80]
[G][05-31 17:00:11][gfsfpk10] fetching ..... [20180531680],openTime=2018-05-31 17:00:00[3/80]
[G][05-31 17:00:12][gfsfpk10] init session[1207ms]
[G][05-31 17:00:16][gfsfpk10] fetching ..... [20180531680],openTime=2018-05-31 17:00:00[4/80]
[G][05-31 17:00:20][gfsfpk10] fetching ..... [20180531680],openTime=2018-05-31 17:00:00[5/80]
[G][05-31 17:00:20][gfsfpk10] RESULTS  _____ [20180531680]=>07,10,09,06,08,01,02,05,03,04
[G][05-31 17:00:26][gfsfpk10] update trade detail status...20180531680
[G][05-31 17:00:29][gfsfpk10] SUCCESS  _^_^_ [20180531680][8587ms]
[G][05-31 17:00:30][gfsfpk10] timer launch .....
[G][05-31 17:00:31][gfsfpk10] Opened   ..... [20180531680],openTime=2018-05-31 17:00:16
[G][05-31 17:01:00][gfsfpk10] timer launch .....
[G][05-31 17:01:03][gfsfpk10] Opened   ..... [20180531680],openTime=2018-05-31 17:00:16
[G][05-31 17:01:30][gfsfpk10] timer launch .....
[G][05-31 17:01:48][gfsfpk10] fetching ..... [20180531681],openTime=2018-05-31 17:01:30[1/80]
[G][05-31 17:01:48][gfsfpk10] RESULTS  _____ [20180531681]=>06,04,08,01,05,09,10,03,02,07
[G][05-31 17:01:53][gfsfpk10] update trade detail status...20180531681
[G][05-31 17:01:56][gfsfpk10] SUCCESS  _^_^_ [20180531681][8492ms]
[G][05-31 17:02:00][gfsfpk10] timer launch .....
[G][05-31 17:02:07][gfsfpk10] Opened   ..... [20180531681],openTime=2018-05-31 17:01:40
[G][05-31 17:02:30][gfsfpk10] timer launch .....
[G][05-31 17:02:33][gfsfpk10] Opened   ..... [20180531681],openTime=2018-05-31 17:01:40
[G][05-31 18:21:00][gfsfpk10] timer launch .....
[G][05-31 18:21:04][gfsfpk10] fetching ..... [20180531734],openTime=2018-05-31 18:21:00[1/80]
[G][05-31 18:21:06][gfsfpk10] fetching ..... [20180531734],openTime=2018-05-31 18:21:00[2/80]
[G][05-31 18:21:13][gfsfpk10] fetching ..... [20180531734],openTime=2018-05-31 18:21:00[3/80]
[G][05-31 18:21:16][gfsfpk10] fetching ..... [20180531734],openTime=2018-05-31 18:21:00[4/80]
[G][05-31 18:21:21][gfsfpk10] fetching ..... [20180531734],openTime=2018-05-31 18:21:00[5/80]
[G][05-31 18:21:21][gfsfpk10] RESULTS  _____ [20180531734]=>05,01,07,09,02,08,10,06,03,04
[G][05-31 18:21:26][gfsfpk10] update trade detail status...20180531715
[G][05-31 18:21:27][gfsfpk10] update trade detail status...20180531716
[G][05-31 18:21:29][gfsfpk10] update trade detail status...20180531717
[G][05-31 18:21:30][gfsfpk10] timer launch .....
[G][05-31 18:21:30][gfsfpk10] update trade detail status...20180531718
[G][05-31 18:21:31][gfsfpk10] Opened   ..... [20180531734],openTime=2018-05-31 18:21:19
[G][05-31 18:21:32][gfsfpk10] update trade detail status...20180531719
[G][05-31 18:21:34][gfsfpk10] update trade detail status...20180531720
[G][05-31 18:21:35][gfsfpk10] update trade detail status...20180531721
[G][05-31 18:21:36][gfsfpk10] update trade detail status...20180531722
[G][05-31 18:21:38][gfsfpk10] update trade detail status...20180531723
[G][05-31 18:21:39][gfsfpk10] update trade detail status...20180531724
[G][05-31 18:21:41][gfsfpk10] update trade detail status...20180531725
[G][05-31 18:21:43][gfsfpk10] update trade detail status...20180531726
[G][05-31 18:21:45][gfsfpk10] update trade detail status...20180531727
[G][05-31 18:21:46][gfsfpk10] update trade detail status...20180531728
[G][05-31 18:21:47][gfsfpk10] update trade detail status...20180531729
[G][05-31 18:21:49][gfsfpk10] update trade detail status...20180531730
[G][05-31 18:21:50][gfsfpk10] update trade detail status...20180531731
[G][05-31 18:21:51][gfsfpk10] update trade detail status...20180531732
[G][05-31 18:21:53][gfsfpk10] update trade detail status...20180531733
[G][05-31 18:21:54][gfsfpk10] update trade detail status...20180531734
[G][05-31 18:21:55][gfsfpk10] SUCCESS  _^_^_ [20180531734][34371ms]
[G][05-31 18:22:00][gfsfpk10] timer launch .....
[G][05-31 18:22:00][gfsfpk10] Opened   ..... [20180531734],openTime=2018-05-31 18:21:19
[G][05-31 18:22:30][gfsfpk10] timer launch .....
[G][05-31 18:22:31][gfsfpk10] fetching ..... [20180531735],openTime=2018-05-31 18:22:30[1/80]
[G][05-31 18:22:38][gfsfpk10] fetching ..... [20180531735],openTime=2018-05-31 18:22:30[2/80]
[G][05-31 18:22:41][gfsfpk10] fetching ..... [20180531735],openTime=2018-05-31 18:22:30[3/80]
[G][05-31 18:22:46][gfsfpk10] fetching ..... [20180531735],openTime=2018-05-31 18:22:30[4/80]
[G][05-31 18:22:50][gfsfpk10] fetching ..... [20180531735],openTime=2018-05-31 18:22:30[5/80]
[G][05-31 18:22:50][gfsfpk10] RESULTS  _____ [20180531735]=>09,08,07,03,01,05,02,10,06,04
[G][05-31 18:22:53][gfsfpk10] update trade detail status...20180531735
[G][05-31 18:22:55][gfsfpk10] SUCCESS  _^_^_ [20180531735][4407ms]
[G][05-31 18:23:00][gfsfpk10] timer launch .....
[G][05-31 18:23:01][gfsfpk10] Opened   ..... [20180531735],openTime=2018-05-31 18:22:47
[G][05-31 18:23:26][gfsfpk10] trend count[1288ms]
[G][05-31 18:23:30][gfsfpk10] timer launch .....
[G][05-31 18:23:33][gfsfpk10] Opened   ..... [20180531735],openTime=2018-05-31 18:22:47
[G][05-31 18:24:00][gfsfpk10] timer launch .....
[G][05-31 18:24:02][gfsfpk10] fetching ..... [20180531736],openTime=2018-05-31 18:24:00[1/80]
[G][05-31 18:24:05][gfsfpk10] fetching ..... [20180531736],openTime=2018-05-31 18:24:00[2/80]
[G][05-31 18:24:15][gfsfpk10] fetching ..... [20180531736],openTime=2018-05-31 18:24:00[3/80]
[G][05-31 18:24:15][gfsfpk10] RESULTS  _____ [20180531736]=>04,03,07,06,08,01,09,02,10,05
[G][05-31 18:25:00][gfsfpk10] timer launch .....
[G][05-31 18:25:06][gfsfpk10] Opened   ..... [20180531736],openTime=2018-05-31 18:24:14
[G][05-31 18:25:30][gfsfpk10] timer launch .....
[G][05-31 18:25:31][gfsfpk10] fetching ..... [20180531737],openTime=2018-05-31 18:25:30[1/80]
[G][05-31 18:25:38][gfsfpk10] fetching ..... [20180531737],openTime=2018-05-31 18:25:30[2/80]
[G][05-31 18:25:45][gfsfpk10] fetching ..... [20180531737],openTime=2018-05-31 18:25:30[3/80]
[G][05-31 18:25:45][gfsfpk10] RESULTS  _____ [20180531737]=>08,01,05,03,06,09,07,04,10,02
[G][05-31 18:25:49][gfsfpk10] update trade detail status...20180531737
[G][05-31 18:25:50][gfsfpk10] SUCCESS  _^_^_ [20180531737][5255ms]
[G][05-31 18:26:00][gfsfpk10] timer launch .....
[G][05-31 18:26:00][gfsfpk10] Opened   ..... [20180531737],openTime=2018-05-31 18:25:41
[G][05-31 18:26:30][gfsfpk10] timer launch .....
[G][05-31 18:26:34][gfsfpk10] Opened   ..... [20180531737],openTime=2018-05-31 18:25:41
[G][05-31 18:27:00][gfsfpk10] timer launch .....
[G][05-31 18:27:02][gfsfpk10] fetching ..... [20180531738],openTime=2018-05-31 18:27:00[1/80]
[G][05-31 18:27:05][gfsfpk10] fetching ..... [20180531738],openTime=2018-05-31 18:27:00[2/80]
[G][05-31 18:27:13][gfsfpk10] fetching ..... [20180531738],openTime=2018-05-31 18:27:00[3/80]
[G][05-31 18:27:13][gfsfpk10] RESULTS  _____ [20180531738]=>06,02,05,07,04,10,03,08,09,01
[G][05-31 18:27:17][gfsfpk10] update trade detail status...20180531738
[G][05-31 18:27:19][gfsfpk10] SUCCESS  _^_^_ [20180531738][5935ms]
[G][05-31 18:27:30][gfsfpk10] timer launch .....
[G][05-31 18:27:34][gfsfpk10] Opened   ..... [20180531738],openTime=2018-05-31 18:27:11
[G][05-31 18:28:00][gfsfpk10] timer launch .....
[G][05-31 18:28:00][gfsfpk10] Opened   ..... [20180531738],openTime=2018-05-31 18:27:11
[G][05-31 18:28:26][gfsfpk10] trend count[1151ms]
[G][05-31 18:28:30][gfsfpk10] timer launch .....
[G][05-31 18:28:34][gfsfpk10] fetching ..... [20180531739],openTime=2018-05-31 18:28:30[1/80]
[G][05-31 18:28:35][gfsfpk10] fetching ..... [20180531739],openTime=2018-05-31 18:28:30[2/80]
[G][05-31 18:28:40][gfsfpk10] fetching ..... [20180531739],openTime=2018-05-31 18:28:30[3/80]
[G][05-31 18:28:45][gfsfpk10] fetching ..... [20180531739],openTime=2018-05-31 18:28:30[4/80]
[G][05-31 18:28:45][gfsfpk10] RESULTS  _____ [20180531739]=>08,02,01,10,05,09,04,06,07,03
[G][05-31 18:28:49][gfsfpk10] update trade detail status...20180531739
[G][05-31 18:28:50][gfsfpk10] SUCCESS  _^_^_ [20180531739][5080ms]
[G][05-31 18:29:00][gfsfpk10] timer launch .....
[G][05-31 18:29:01][gfsfpk10] Opened   ..... [20180531739],openTime=2018-05-31 18:28:42
[G][05-31 18:29:30][gfsfpk10] timer launch .....
[G][05-31 18:29:30][gfsfpk10] Opened   ..... [20180531739],openTime=2018-05-31 18:28:42
[G][05-31 18:30:00][gfsfpk10] timer launch .....
[G][05-31 18:30:04][gfsfpk10] init session[692ms]
[G][05-31 18:30:06][gfsfpk10] fetching ..... [20180531740],openTime=2018-05-31 18:30:00[1/80]
[G][05-31 18:30:07][gfsfpk10] fetching ..... [20180531740],openTime=2018-05-31 18:30:00[2/80]
[G][05-31 18:30:12][gfsfpk10] fetching ..... [20180531740],openTime=2018-05-31 18:30:00[3/80]
[G][05-31 18:30:17][gfsfpk10] fetching ..... [20180531740],openTime=2018-05-31 18:30:00[4/80]
[G][05-31 18:30:27][gfsfpk10] fetching ..... [20180531740],openTime=2018-05-31 18:30:00[5/80]
[G][05-31 18:30:27][gfsfpk10] RESULTS  _____ [20180531740]=>09,06,07,01,05,04,10,08,02,03
[G][05-31 18:30:30][gfsfpk10] timer launch .....
[G][05-31 18:30:31][gfsfpk10] update trade detail status...20180531740
[G][05-31 18:30:31][gfsfpk10] Opened   ..... [20180531740],openTime=2018-05-31 18:30:16
[G][05-31 18:30:33][gfsfpk10] SUCCESS  _^_^_ [20180531740][5841ms]
[G][05-31 18:31:00][gfsfpk10] timer launch .....
[G][05-31 18:31:01][gfsfpk10] Opened   ..... [20180531740],openTime=2018-05-31 18:30:16
[G][05-31 18:31:30][gfsfpk10] timer launch .....
[G][05-31 18:32:00][gfsfpk10] timer launch .....
[G][05-31 18:32:02][gfsfpk10] fetching ..... [20180531741],openTime=2018-05-31 18:31:30[1/80]
[G][05-31 18:32:02][gfsfpk10] RESULTS  _____ [20180531741]=>07,04,08,10,01,06,02,05,03,09
[G][05-31 18:32:06][gfsfpk10] update trade detail status...20180531741
[G][05-31 18:32:06][gfsfpk10] Opened   ..... [20180531741],openTime=2018-05-31 18:31:48
[G][05-31 18:32:08][gfsfpk10] SUCCESS  _^_^_ [20180531741][5864ms]
[G][05-31 18:32:30][gfsfpk10] timer launch .....
[G][05-31 18:32:33][gfsfpk10] Opened   ..... [20180531741],openTime=2018-05-31 18:31:48
[G][05-31 18:33:00][gfsfpk10] timer launch .....
[G][05-31 18:33:30][gfsfpk10] timer launch .....
[G][05-31 18:33:52][gfsfpk10] fetching ..... [20180531742],openTime=2018-05-31 18:33:00[1/80]
[G][05-31 18:33:52][gfsfpk10] RESULTS  _____ [20180531742]=>07,02,03,10,04,01,08,05,06,09
[G][05-31 18:33:56][gfsfpk10] update trade detail status...20180531742
[G][05-31 18:33:57][gfsfpk10] SUCCESS  _^_^_ [20180531742][5159ms]
[G][05-31 18:34:00][gfsfpk10] timer launch .....
[G][05-31 18:34:02][gfsfpk10] Opened   ..... [20180531742],openTime=2018-05-31 18:33:17
[G][05-31 18:34:04][gfsfpk10] trend count[39890ms]
[G][05-31 18:34:11][gfsfpk10] Opened   ..... [20180531742],openTime=2018-05-31 18:33:17
[G][05-31 18:34:30][gfsfpk10] timer launch .....
[G][05-31 18:34:33][gfsfpk10] fetching ..... [20180531743],openTime=2018-05-31 18:34:30[1/80]
[G][05-31 18:34:37][gfsfpk10] fetching ..... [20180531743],openTime=2018-05-31 18:34:30[2/80]
[G][05-31 18:34:43][gfsfpk10] fetching ..... [20180531743],openTime=2018-05-31 18:34:30[3/80]
[G][05-31 18:34:47][gfsfpk10] fetching ..... [20180531743],openTime=2018-05-31 18:34:30[4/80]
[G][05-31 18:34:54][gfsfpk10] fetching ..... [20180531743],openTime=2018-05-31 18:34:30[5/80]
[G][05-31 18:34:54][gfsfpk10] RESULTS  _____ [20180531743]=>01,04,06,08,03,02,07,10,05,09
[G][05-31 18:34:58][gfsfpk10] update trade detail status...20180531743
[G][05-31 18:34:59][gfsfpk10] SUCCESS  _^_^_ [20180531743][5201ms]
[G][05-31 18:35:00][gfsfpk10] timer launch .....
[G][05-31 18:35:01][gfsfpk10] Opened   ..... [20180531743],openTime=2018-05-31 18:34:50
[G][05-31 18:35:30][gfsfpk10] timer launch .....
[G][05-31 18:35:30][gfsfpk10] Opened   ..... [20180531743],openTime=2018-05-31 18:34:50
[G][05-31 18:36:00][gfsfpk10] timer launch .....
[G][05-31 18:36:05][gfsfpk10] fetching ..... [20180531744],openTime=2018-05-31 18:36:00[1/80]
[G][05-31 18:36:06][gfsfpk10] fetching ..... [20180531744],openTime=2018-05-31 18:36:00[2/80]
[G][05-31 18:36:11][gfsfpk10] fetching ..... [20180531744],openTime=2018-05-31 18:36:00[3/80]
[G][05-31 18:36:16][gfsfpk10] fetching ..... [20180531744],openTime=2018-05-31 18:36:00[4/80]
[G][05-31 18:36:16][gfsfpk10] RESULTS  _____ [20180531744]=>06,08,04,05,01,07,03,02,09,10
[G][05-31 18:36:19][gfsfpk10] update trade detail status...20180531744
[G][05-31 18:36:20][gfsfpk10] SUCCESS  _^_^_ [20180531744][4353ms]
[G][05-31 18:36:30][gfsfpk10] timer launch .....
[G][05-31 18:36:31][gfsfpk10] Opened   ..... [20180531744],openTime=2018-05-31 18:36:11
[G][05-31 18:37:00][gfsfpk10] timer launch .....
[G][05-31 18:37:03][gfsfpk10] Opened   ..... [20180531744],openTime=2018-05-31 18:36:11
[G][05-31 18:37:30][gfsfpk10] timer launch .....
[G][05-31 18:37:33][gfsfpk10] fetching ..... [20180531745],openTime=2018-05-31 18:37:30[1/80]
[G][05-31 18:37:38][gfsfpk10] fetching ..... [20180531745],openTime=2018-05-31 18:37:30[2/80]
[G][05-31 18:37:45][gfsfpk10] fetching ..... [20180531745],openTime=2018-05-31 18:37:30[3/80]
[G][05-31 18:37:45][gfsfpk10] RESULTS  _____ [20180531745]=>04,09,06,01,02,10,08,03,07,05
[G][05-31 18:37:49][gfsfpk10] update trade detail status...20180531745
[G][05-31 18:37:50][gfsfpk10] SUCCESS  _^_^_ [20180531745][4859ms]
[G][05-31 18:38:00][gfsfpk10] timer launch .....
[G][05-31 18:38:00][gfsfpk10] Opened   ..... [20180531745],openTime=2018-05-31 18:37:40
[G][05-31 18:38:26][gfsfpk10] trend count[1090ms]
[G][05-31 18:38:30][gfsfpk10] timer launch .....
[G][05-31 18:38:33][gfsfpk10] Opened   ..... [20180531745],openTime=2018-05-31 18:37:40
[G][05-31 18:39:00][gfsfpk10] timer launch .....
[G][05-31 18:39:03][gfsfpk10] fetching ..... [20180531746],openTime=2018-05-31 18:39:00[1/80]
[G][05-31 18:39:08][gfsfpk10] fetching ..... [20180531746],openTime=2018-05-31 18:39:00[2/80]
[G][05-31 18:39:13][gfsfpk10] fetching ..... [20180531746],openTime=2018-05-31 18:39:00[3/80]
[G][05-31 18:39:13][gfsfpk10] RESULTS  _____ [20180531746]=>01,06,05,04,10,07,02,09,08,03
[G][05-31 18:39:17][gfsfpk10] update trade detail status...20180531746
[G][05-31 18:39:18][gfsfpk10] SUCCESS  _^_^_ [20180531746][5027ms]
[G][05-31 18:39:30][gfsfpk10] timer launch .....
[G][05-31 18:39:36][gfsfpk10] Opened   ..... [20180531746],openTime=2018-05-31 18:39:12
[G][05-31 18:40:00][gfsfpk10] timer launch .....
[G][05-31 18:40:00][gfsfpk10] Opened   ..... [20180531746],openTime=2018-05-31 18:39:12
[G][05-31 18:40:30][gfsfpk10] timer launch .....
[G][05-31 18:40:42][gfsfpk10] fetching ..... [20180531747],openTime=2018-05-31 18:40:30[1/80]
[G][05-31 18:40:43][gfsfpk10] fetching ..... [20180531747],openTime=2018-05-31 18:40:30[2/80]
[G][05-31 18:40:48][gfsfpk10] fetching ..... [20180531747],openTime=2018-05-31 18:40:30[3/80]
[G][05-31 18:40:54][gfsfpk10] fetching ..... [20180531747],openTime=2018-05-31 18:40:30[4/80]
[G][05-31 18:40:54][gfsfpk10] RESULTS  _____ [20180531747]=>01,09,10,02,03,04,05,08,06,07
[G][05-31 18:40:57][gfsfpk10] update trade detail status...20180531747
[G][05-31 18:40:59][gfsfpk10] SUCCESS  _^_^_ [20180531747][5505ms]
[G][05-31 18:41:00][gfsfpk10] timer launch .....
[G][05-31 18:41:13][gfsfpk10] Opened   ..... [20180531747],openTime=2018-05-31 18:40:50
[G][05-31 18:41:30][gfsfpk10] timer launch .....
[G][05-31 18:41:33][gfsfpk10] Opened   ..... [20180531747],openTime=2018-05-31 18:40:50
[G][05-31 18:42:00][gfsfpk10] timer launch .....
[G][05-31 18:42:00][gfsfpk10] fetching ..... [20180531748],openTime=2018-05-31 18:42:00[1/80]
[G][05-31 18:42:10][gfsfpk10] fetching ..... [20180531748],openTime=2018-05-31 18:42:00[2/80]
[G][05-31 18:42:10][gfsfpk10] fetching ..... [20180531748],openTime=2018-05-31 18:42:00[3/80]
[G][05-31 18:42:17][gfsfpk10] fetching ..... [20180531748],openTime=2018-05-31 18:42:00[4/80]
[G][05-31 18:42:23][gfsfpk10] fetching ..... [20180531748],openTime=2018-05-31 18:42:00[5/80]
[G][05-31 18:42:23][gfsfpk10] RESULTS  _____ [20180531748]=>06,03,02,08,10,01,07,09,05,04
[G][05-31 18:42:28][gfsfpk10] update trade detail status...20180531748
[G][05-31 18:42:30][gfsfpk10] timer launch .....
[G][05-31 18:42:30][gfsfpk10] SUCCESS  _^_^_ [20180531748][6654ms]
[G][05-31 18:42:33][gfsfpk10] Opened   ..... [20180531748],openTime=2018-05-31 18:42:16
[G][05-31 18:43:00][gfsfpk10] timer launch .....
[G][05-31 18:43:02][gfsfpk10] Opened   ..... [20180531748],openTime=2018-05-31 18:42:16
[G][05-31 18:43:26][gfsfpk10] trend count[1197ms]
[G][05-31 18:43:30][gfsfpk10] timer launch .....
[G][05-31 18:43:30][gfsfpk10] fetching ..... [20180531749],openTime=2018-05-31 18:43:30[1/80]
[G][05-31 18:43:37][gfsfpk10] fetching ..... [20180531749],openTime=2018-05-31 18:43:30[2/80]
[G][05-31 18:43:41][gfsfpk10] fetching ..... [20180531749],openTime=2018-05-31 18:43:30[3/80]
[G][05-31 18:43:45][gfsfpk10] fetching ..... [20180531749],openTime=2018-05-31 18:43:30[4/80]
[G][05-31 18:43:45][gfsfpk10] RESULTS  _____ [20180531749]=>07,04,10,03,06,09,01,05,08,02
[G][05-31 18:43:48][gfsfpk10] update trade detail status...20180531749
[G][05-31 18:43:49][gfsfpk10] SUCCESS  _^_^_ [20180531749][4335ms]
[G][05-31 18:44:00][gfsfpk10] timer launch .....
[G][05-31 18:44:06][gfsfpk10] Opened   ..... [20180531749],openTime=2018-05-31 18:43:44
[G][05-31 18:44:30][gfsfpk10] timer launch .....
[G][05-31 18:44:32][gfsfpk10] Opened   ..... [20180531749],openTime=2018-05-31 18:43:44
[G][05-31 18:45:00][gfsfpk10] timer launch .....
[G][05-31 18:45:03][gfsfpk10] fetching ..... [20180531750],openTime=2018-05-31 18:45:00[1/80]
[G][05-31 18:45:08][gfsfpk10] fetching ..... [20180531750],openTime=2018-05-31 18:45:00[2/80]
[G][05-31 18:45:14][gfsfpk10] fetching ..... [20180531750],openTime=2018-05-31 18:45:00[3/80]
[G][05-31 18:45:19][gfsfpk10] fetching ..... [20180531750],openTime=2018-05-31 18:45:00[4/80]
[G][05-31 18:45:26][gfsfpk10] fetching ..... [20180531750],openTime=2018-05-31 18:45:00[5/80]
[G][05-31 18:45:26][gfsfpk10] RESULTS  _____ [20180531750]=>09,01,08,04,10,03,02,06,07,05
[G][05-31 18:45:30][gfsfpk10] timer launch .....
[G][05-31 18:45:30][gfsfpk10] update trade detail status...20180531750
[G][05-31 18:45:32][gfsfpk10] SUCCESS  _^_^_ [20180531750][5315ms]
[G][05-31 18:45:33][gfsfpk10] Opened   ..... [20180531750],openTime=2018-05-31 18:45:20
[G][05-31 18:46:00][gfsfpk10] timer launch .....
[G][05-31 18:46:03][gfsfpk10] Opened   ..... [20180531750],openTime=2018-05-31 18:45:20
[G][05-31 18:46:30][gfsfpk10] timer launch .....
[G][05-31 18:46:32][gfsfpk10] fetching ..... [20180531751],openTime=2018-05-31 18:46:30[1/80]
[G][05-31 18:46:38][gfsfpk10] fetching ..... [20180531751],openTime=2018-05-31 18:46:30[2/80]
[G][05-31 18:46:45][gfsfpk10] fetching ..... [20180531751],openTime=2018-05-31 18:46:30[3/80]
[G][05-31 18:46:45][gfsfpk10] RESULTS  _____ [20180531751]=>04,03,07,09,05,01,10,08,06,02
[G][05-31 18:46:49][gfsfpk10] update trade detail status...20180531751
[G][05-31 18:46:50][gfsfpk10] SUCCESS  _^_^_ [20180531751][5512ms]
[G][05-31 18:47:00][gfsfpk10] timer launch .....
[G][05-31 18:47:01][gfsfpk10] Opened   ..... [20180531751],openTime=2018-05-31 18:46:40
[G][05-31 18:47:30][gfsfpk10] timer launch .....
[G][05-31 18:47:31][gfsfpk10] Opened   ..... [20180531751],openTime=2018-05-31 18:46:40
[G][05-31 18:48:00][gfsfpk10] timer launch .....
[G][05-31 18:48:03][gfsfpk10] fetching ..... [20180531752],openTime=2018-05-31 18:48:00[1/80]
[G][05-31 18:48:07][gfsfpk10] fetching ..... [20180531752],openTime=2018-05-31 18:48:00[2/80]
[G][05-31 18:48:13][gfsfpk10] fetching ..... [20180531752],openTime=2018-05-31 18:48:00[3/80]
[G][05-31 18:48:13][gfsfpk10] RESULTS  _____ [20180531752]=>07,06,10,03,04,09,01,08,02,05
[G][05-31 18:48:16][gfsfpk10] update trade detail status...20180531752
[G][05-31 18:48:17][gfsfpk10] SUCCESS  _^_^_ [20180531752][4555ms]
[G][05-31 18:48:28][gfsfpk10] trend count[3930ms]
[G][05-31 18:48:30][gfsfpk10] timer launch .....
[G][05-31 18:48:32][gfsfpk10] Opened   ..... [20180531752],openTime=2018-05-31 18:48:11
[G][05-31 18:49:00][gfsfpk10] timer launch .....
[G][05-31 18:49:02][gfsfpk10] Opened   ..... [20180531752],openTime=2018-05-31 18:48:11
[G][05-31 18:49:30][gfsfpk10] timer launch .....
[G][05-31 18:49:31][gfsfpk10] fetching ..... [20180531753],openTime=2018-05-31 18:49:30[1/80]
[G][05-31 18:49:38][gfsfpk10] fetching ..... [20180531753],openTime=2018-05-31 18:49:30[2/80]
[G][05-31 18:49:40][gfsfpk10] fetching ..... [20180531753],openTime=2018-05-31 18:49:30[3/80]
[G][05-31 18:49:45][gfsfpk10] fetching ..... [20180531753],openTime=2018-05-31 18:49:30[4/80]
[G][05-31 18:49:45][gfsfpk10] RESULTS  _____ [20180531753]=>07,06,09,04,10,05,03,01,02,08
[G][05-31 18:49:49][gfsfpk10] update trade detail status...20180531753
[G][05-31 18:49:51][gfsfpk10] SUCCESS  _^_^_ [20180531753][5522ms]
[G][05-31 18:50:00][gfsfpk10] timer launch .....
[G][05-31 18:50:01][gfsfpk10] Opened   ..... [20180531753],openTime=2018-05-31 18:49:41
[G][05-31 18:50:30][gfsfpk10] timer launch .....
[G][05-31 18:50:44][gfsfpk10] Opened   ..... [20180531753],openTime=2018-05-31 18:49:41
[G][05-31 18:51:00][gfsfpk10] timer launch .....
[G][05-31 18:51:08][gfsfpk10] fetching ..... [20180531754],openTime=2018-05-31 18:51:00[1/80]
[G][05-31 18:51:09][gfsfpk10] fetching ..... [20180531754],openTime=2018-05-31 18:51:00[2/80]
[G][05-31 18:51:14][gfsfpk10] fetching ..... [20180531754],openTime=2018-05-31 18:51:00[3/80]
[G][05-31 18:51:29][gfsfpk10] fetching ..... [20180531754],openTime=2018-05-31 18:51:00[4/80]
[G][05-31 18:51:29][gfsfpk10] RESULTS  _____ [20180531754]=>04,07,08,05,01,02,09,06,03,10
[G][05-31 18:51:30][gfsfpk10] timer launch .....
[G][05-31 18:51:30][gfsfpk10] fetching ..... [20180531754],openTime=2018-05-31 18:51:00[1/80]
[G][05-31 18:51:30][gfsfpk10] opening NOW ..... [20180531754]
[G][05-31 18:51:33][gfsfpk10] update trade detail status...20180531754
[G][05-31 18:51:35][gfsfpk10] SUCCESS  _^_^_ [20180531754][6003ms]
[G][05-31 18:51:35][gfsfpk10] Opened   ..... [20180531754],openTime=2018-05-31 18:51:13
[G][05-31 18:52:00][gfsfpk10] timer launch .....
[G][05-31 18:52:00][gfsfpk10] Opened   ..... [20180531754],openTime=2018-05-31 18:51:13
[G][05-31 18:52:30][gfsfpk10] timer launch .....
[G][05-31 18:52:30][gfsfpk10] fetching ..... [20180531755],openTime=2018-05-31 18:52:30[1/80]
[G][05-31 18:52:36][gfsfpk10] fetching ..... [20180531755],openTime=2018-05-31 18:52:30[2/80]
[G][05-31 18:52:44][gfsfpk10] fetching ..... [20180531755],openTime=2018-05-31 18:52:30[3/80]
[G][05-31 18:52:45][gfsfpk10] RESULTS  _____ [20180531755]=>06,02,08,01,09,07,03,04,05,10
[G][05-31 18:52:48][gfsfpk10] update trade detail status...20180531755
[G][05-31 18:52:49][gfsfpk10] SUCCESS  _^_^_ [20180531755][4475ms]
[G][05-31 18:53:00][gfsfpk10] timer launch .....
[G][05-31 18:53:02][gfsfpk10] Opened   ..... [20180531755],openTime=2018-05-31 18:52:44
[G][05-31 18:53:27][gfsfpk10] trend count[2372ms]
[G][05-31 18:53:30][gfsfpk10] timer launch .....
[G][05-31 18:53:32][gfsfpk10] Opened   ..... [20180531755],openTime=2018-05-31 18:52:44
[G][05-31 18:54:00][gfsfpk10] timer launch .....
[G][05-31 18:54:04][gfsfpk10] fetching ..... [20180531756],openTime=2018-05-31 18:54:00[1/80]
[G][05-31 18:54:07][gfsfpk10] fetching ..... [20180531756],openTime=2018-05-31 18:54:00[2/80]
[G][05-31 18:54:15][gfsfpk10] fetching ..... [20180531756],openTime=2018-05-31 18:54:00[3/80]
[G][05-31 18:54:15][gfsfpk10] RESULTS  _____ [20180531756]=>10,04,03,07,05,09,01,08,02,06
[G][05-31 18:54:18][gfsfpk10] update trade detail status...20180531756
[G][05-31 18:54:19][gfsfpk10] SUCCESS  _^_^_ [20180531756][4422ms]
[G][05-31 18:54:30][gfsfpk10] timer launch .....
[G][05-31 18:54:31][gfsfpk10] Opened   ..... [20180531756],openTime=2018-05-31 18:54:15
[G][05-31 18:55:00][gfsfpk10] timer launch .....
[G][05-31 18:55:02][gfsfpk10] Opened   ..... [20180531756],openTime=2018-05-31 18:54:15
[G][05-31 18:55:30][gfsfpk10] timer launch .....
[G][05-31 18:55:36][gfsfpk10] fetching ..... [20180531757],openTime=2018-05-31 18:55:30[1/80]
[G][05-31 18:55:37][gfsfpk10] fetching ..... [20180531757],openTime=2018-05-31 18:55:30[2/80]
[G][05-31 18:55:42][gfsfpk10] fetching ..... [20180531757],openTime=2018-05-31 18:55:30[3/80]
[G][05-31 18:55:47][gfsfpk10] fetching ..... [20180531757],openTime=2018-05-31 18:55:30[4/80]
[G][05-31 18:55:52][gfsfpk10] fetching ..... [20180531757],openTime=2018-05-31 18:55:30[5/80]
[G][05-31 18:55:52][gfsfpk10] RESULTS  _____ [20180531757]=>08,09,10,02,04,01,03,06,05,07
[G][05-31 18:55:55][gfsfpk10] update trade detail status...20180531757
[G][05-31 18:55:56][gfsfpk10] SUCCESS  _^_^_ [20180531757][4259ms]
[G][05-31 18:56:00][gfsfpk10] timer launch .....
[G][05-31 18:56:02][gfsfpk10] Opened   ..... [20180531757],openTime=2018-05-31 18:55:46
[G][05-31 18:56:30][gfsfpk10] timer launch .....
[G][05-31 18:56:32][gfsfpk10] Opened   ..... [20180531757],openTime=2018-05-31 18:55:46
[G][05-31 18:57:00][gfsfpk10] timer launch .....
[G][05-31 18:57:01][gfsfpk10] fetching ..... [20180531758],openTime=2018-05-31 18:57:00[1/80]
[G][05-31 18:57:05][gfsfpk10] fetching ..... [20180531758],openTime=2018-05-31 18:57:00[2/80]
[G][05-31 18:57:14][gfsfpk10] fetching ..... [20180531758],openTime=2018-05-31 18:57:00[3/80]
[G][05-31 18:57:14][gfsfpk10] RESULTS  _____ [20180531758]=>09,07,04,08,06,02,01,10,05,03
[G][05-31 18:57:17][gfsfpk10] update trade detail status...20180531758
[G][05-31 18:57:18][gfsfpk10] SUCCESS  _^_^_ [20180531758][4759ms]
[G][05-31 18:57:30][gfsfpk10] timer launch .....
[G][05-31 18:57:31][gfsfpk10] Opened   ..... [20180531758],openTime=2018-05-31 18:57:10
[G][05-31 18:58:00][gfsfpk10] timer launch .....
[G][05-31 18:58:03][gfsfpk10] Opened   ..... [20180531758],openTime=2018-05-31 18:57:10
[G][05-31 18:58:26][gfsfpk10] trend count[1135ms]
[G][05-31 18:58:30][gfsfpk10] timer launch .....
[G][05-31 18:58:30][gfsfpk10] fetching ..... [20180531759],openTime=2018-05-31 18:58:30[1/80]
[G][05-31 18:58:35][gfsfpk10] fetching ..... [20180531759],openTime=2018-05-31 18:58:30[2/80]
[G][05-31 18:58:40][gfsfpk10] fetching ..... [20180531759],openTime=2018-05-31 18:58:30[3/80]
[G][05-31 18:58:45][gfsfpk10] fetching ..... [20180531759],openTime=2018-05-31 18:58:30[4/80]
[G][05-31 18:58:45][gfsfpk10] RESULTS  _____ [20180531759]=>09,06,01,04,03,10,05,02,08,07
[G][05-31 18:58:49][gfsfpk10] update trade detail status...20180531759
[G][05-31 18:58:50][gfsfpk10] SUCCESS  _^_^_ [20180531759][4616ms]
[G][05-31 18:59:00][gfsfpk10] timer launch .....
[G][05-31 18:59:01][gfsfpk10] Opened   ..... [20180531759],openTime=2018-05-31 18:58:42
[G][05-31 18:59:30][gfsfpk10] timer launch .....
[G][05-31 18:59:30][gfsfpk10] Opened   ..... [20180531759],openTime=2018-05-31 18:58:42
[G][05-31 19:00:00][gfsfpk10] timer launch .....
[G][05-31 19:00:05][gfsfpk10] init session[605ms]
[G][05-31 19:00:09][gfsfpk10] fetching ..... [20180531760],openTime=2018-05-31 19:00:00[1/80]
[G][05-31 19:00:09][gfsfpk10] fetching ..... [20180531760],openTime=2018-05-31 19:00:00[2/80]
[G][05-31 19:00:14][gfsfpk10] fetching ..... [20180531760],openTime=2018-05-31 19:00:00[3/80]
[G][05-31 19:00:28][gfsfpk10] fetching ..... [20180531760],openTime=2018-05-31 19:00:00[4/80]
[G][05-31 19:00:28][gfsfpk10] RESULTS  _____ [20180531760]=>04,02,06,08,01,07,05,10,03,09
[G][05-31 19:00:30][gfsfpk10] timer launch .....
[G][05-31 19:00:32][gfsfpk10] update trade detail status...20180531760
[G][05-31 19:00:33][gfsfpk10] SUCCESS  _^_^_ [20180531760][4542ms]
[G][05-31 19:00:34][gfsfpk10] Opened   ..... [20180531760],openTime=2018-05-31 19:00:20
[G][05-31 19:01:00][gfsfpk10] timer launch .....
[G][05-31 19:01:05][gfsfpk10] Opened   ..... [20180531760],openTime=2018-05-31 19:00:20
[G][05-31 19:01:30][gfsfpk10] timer launch .....
[G][05-31 19:01:37][gfsfpk10] fetching ..... [20180531761],openTime=2018-05-31 19:01:30[1/80]
[G][05-31 19:01:38][gfsfpk10] fetching ..... [20180531761],openTime=2018-05-31 19:01:30[2/80]
[G][05-31 19:01:43][gfsfpk10] fetching ..... [20180531761],openTime=2018-05-31 19:01:30[3/80]
[G][05-31 19:01:49][gfsfpk10] fetching ..... [20180531761],openTime=2018-05-31 19:01:30[4/80]
[G][05-31 19:01:49][gfsfpk10] RESULTS  _____ [20180531761]=>04,08,07,09,01,03,05,06,10,02
[G][05-31 19:01:53][gfsfpk10] update trade detail status...20180531761
[G][05-31 19:01:55][gfsfpk10] SUCCESS  _^_^_ [20180531761][6227ms]
[G][05-31 19:02:00][gfsfpk10] timer launch .....
[G][05-31 19:02:07][gfsfpk10] Opened   ..... [20180531761],openTime=2018-05-31 19:01:47
[G][05-31 19:02:30][gfsfpk10] timer launch .....
[G][05-31 19:02:36][gfsfpk10] Opened   ..... [20180531761],openTime=2018-05-31 19:01:47
[G][05-31 19:03:00][gfsfpk10] timer launch .....
[G][05-31 19:03:04][gfsfpk10] fetching ..... [20180531762],openTime=2018-05-31 19:03:00[1/80]
[G][05-31 19:03:08][gfsfpk10] fetching ..... [20180531762],openTime=2018-05-31 19:03:00[2/80]
[G][05-31 19:03:14][gfsfpk10] fetching ..... [20180531762],openTime=2018-05-31 19:03:00[3/80]
[G][05-31 19:03:17][gfsfpk10] fetching ..... [20180531762],openTime=2018-05-31 19:03:00[4/80]
[G][05-31 19:03:17][gfsfpk10] RESULTS  _____ [20180531762]=>01,08,02,05,06,10,03,04,07,09
[G][05-31 19:03:20][gfsfpk10] update trade detail status...20180531762
[G][05-31 19:03:21][gfsfpk10] SUCCESS  _^_^_ [20180531762][4589ms]
[G][05-31 19:03:26][gfsfpk10] trend count[1145ms]
[G][05-31 19:03:30][gfsfpk10] timer launch .....
[G][05-31 19:03:30][gfsfpk10] Opened   ..... [20180531762],openTime=2018-05-31 19:03:15
[G][05-31 19:04:00][gfsfpk10] timer launch .....
[G][05-31 19:04:00][gfsfpk10] Opened   ..... [20180531762],openTime=2018-05-31 19:03:15
[G][05-31 19:04:30][gfsfpk10] timer launch .....
[G][05-31 19:04:31][gfsfpk10] fetching ..... [20180531763],openTime=2018-05-31 19:04:30[1/80]
[G][05-31 19:04:38][gfsfpk10] fetching ..... [20180531763],openTime=2018-05-31 19:04:30[2/80]
[G][05-31 19:04:41][gfsfpk10] fetching ..... [20180531763],openTime=2018-05-31 19:04:30[3/80]
[G][05-31 19:04:46][gfsfpk10] fetching ..... [20180531763],openTime=2018-05-31 19:04:30[4/80]
[G][05-31 19:04:46][gfsfpk10] RESULTS  _____ [20180531763]=>02,10,08,07,03,06,01,09,04,05
[G][05-31 19:04:50][gfsfpk10] update trade detail status...20180531763
[G][05-31 19:04:51][gfsfpk10] SUCCESS  _^_^_ [20180531763][4424ms]
[G][05-31 19:05:00][gfsfpk10] timer launch .....
[G][05-31 19:05:04][gfsfpk10] Opened   ..... [20180531763],openTime=2018-05-31 19:04:45
[G][05-31 19:05:30][gfsfpk10] timer launch .....
[G][05-31 19:05:30][gfsfpk10] Opened   ..... [20180531763],openTime=2018-05-31 19:04:45
[G][05-31 19:06:00][gfsfpk10] timer launch .....
[G][05-31 19:06:00][gfsfpk10] fetching ..... [20180531764],openTime=2018-05-31 19:06:00[1/80]
[G][05-31 19:06:10][gfsfpk10] fetching ..... [20180531764],openTime=2018-05-31 19:06:00[2/80]
[G][05-31 19:06:11][gfsfpk10] fetching ..... [20180531764],openTime=2018-05-31 19:06:00[3/80]
[G][05-31 19:06:16][gfsfpk10] fetching ..... [20180531764],openTime=2018-05-31 19:06:00[4/80]
[G][05-31 19:06:21][gfsfpk10] fetching ..... [20180531764],openTime=2018-05-31 19:06:00[5/80]
[G][05-31 19:06:21][gfsfpk10] RESULTS  _____ [20180531764]=>05,03,04,09,01,07,02,08,10,06
[G][05-31 19:06:24][gfsfpk10] update trade detail status...20180531764
[G][05-31 19:06:26][gfsfpk10] SUCCESS  _^_^_ [20180531764][4979ms]
[G][05-31 19:06:30][gfsfpk10] timer launch .....
[G][05-31 19:06:30][gfsfpk10] Opened   ..... [20180531764],openTime=2018-05-31 19:06:16
[G][05-31 19:07:00][gfsfpk10] timer launch .....
[G][05-31 19:07:02][gfsfpk10] Opened   ..... [20180531764],openTime=2018-05-31 19:06:16
[G][05-31 19:07:30][gfsfpk10] timer launch .....
[G][05-31 19:07:35][gfsfpk10] fetching ..... [20180531765],openTime=2018-05-31 19:07:30[1/80]
[G][05-31 19:07:36][gfsfpk10] fetching ..... [20180531765],openTime=2018-05-31 19:07:30[2/80]
[G][05-31 19:07:41][gfsfpk10] fetching ..... [20180531765],openTime=2018-05-31 19:07:30[3/80]
[G][05-31 19:07:46][gfsfpk10] fetching ..... [20180531765],openTime=2018-05-31 19:07:30[4/80]
[G][05-31 19:07:51][gfsfpk10] fetching ..... [20180531765],openTime=2018-05-31 19:07:30[5/80]
[G][05-31 19:07:51][gfsfpk10] RESULTS  _____ [20180531765]=>05,04,01,02,08,03,09,10,06,07
[G][05-31 19:07:54][gfsfpk10] update trade detail status...20180531765
[G][05-31 19:07:55][gfsfpk10] SUCCESS  _^_^_ [20180531765][4155ms]
[G][05-31 19:08:00][gfsfpk10] timer launch .....
[G][05-31 19:08:01][gfsfpk10] Opened   ..... [20180531765],openTime=2018-05-31 19:07:50
[G][05-31 19:08:28][gfsfpk10] trend count[3723ms]
[G][05-31 19:08:30][gfsfpk10] timer launch .....
[G][05-31 19:08:33][gfsfpk10] Opened   ..... [20180531765],openTime=2018-05-31 19:07:50
[G][05-31 19:09:00][gfsfpk10] timer launch .....
[G][05-31 19:09:01][gfsfpk10] fetching ..... [20180531766],openTime=2018-05-31 19:09:00[1/80]
[G][05-31 19:09:05][gfsfpk10] fetching ..... [20180531766],openTime=2018-05-31 19:09:00[2/80]
[G][05-31 19:09:14][gfsfpk10] fetching ..... [20180531766],openTime=2018-05-31 19:09:00[3/80]
[G][05-31 19:09:17][gfsfpk10] fetching ..... [20180531766],openTime=2018-05-31 19:09:00[4/80]
[G][05-31 19:09:21][gfsfpk10] fetching ..... [20180531766],openTime=2018-05-31 19:09:00[5/80]
[G][05-31 19:09:21][gfsfpk10] RESULTS  _____ [20180531766]=>01,03,10,06,09,04,05,02,08,07
[G][05-31 19:09:24][gfsfpk10] update trade detail status...20180531766
[G][05-31 19:09:25][gfsfpk10] SUCCESS  _^_^_ [20180531766][4186ms]
[G][05-31 19:09:30][gfsfpk10] timer launch .....
[G][05-31 19:09:32][gfsfpk10] Opened   ..... [20180531766],openTime=2018-05-31 19:09:20
[G][05-31 19:10:00][gfsfpk10] timer launch .....
[G][05-31 19:10:07][gfsfpk10] Opened   ..... [20180531766],openTime=2018-05-31 19:09:20
