[G][05-31 09:08:30][gfshk3] timer launch .....
[G][05-31 09:18:30][gfshk3] timer launch .....
[G][05-31 09:28:30][gfshk3] timer launch .....
[G][05-31 09:38:30][gfshk3] timer launch .....
[G][05-31 09:48:30][gfshk3] timer launch .....
[G][05-31 09:58:30][gfshk3] timer launch .....
[G][05-31 10:08:30][gfshk3] timer launch .....
[G][05-31 10:18:30][gfshk3] timer launch .....
[G][05-31 13:58:30][gfshk3] timer launch .....
[G][05-31 15:48:30][gfshk3] timer launch .....
[G][05-31 15:48:30][gfshk3] fetching ..... [180531042],openTime=2018-05-31 15:48:00[1/80]
[G][05-31 15:48:36][gfshk3] fetching ..... [180531042],openTime=2018-05-31 15:48:00[2/80]
[G][05-31 15:48:40][gfshk3] fetching ..... [180531042],openTime=2018-05-31 15:48:00[3/80]
[G][05-31 16:08:30][gfshk3] timer launch .....
[G][05-31 16:11:15][gfshk3] fetching ..... [180531044],openTime=2018-05-31 16:08:00[1/80]
[G][05-31 16:11:15][gfshk3] RESULTS  _____ [180531044]=>1,2,5
[G][05-31 16:11:27][gfshk3] update trade detail status...180531025
[G][05-31 16:11:37][gfshk3] update trade detail status...180531026
[G][05-31 16:11:44][gfshk3] update trade detail status...180531027
[G][05-31 16:11:47][gfshk3] update trade detail status...180531028
[G][05-31 16:11:50][gfshk3] update trade detail status...180531029
[G][05-31 16:11:53][gfshk3] update trade detail status...180531030
[G][05-31 16:11:55][gfshk3] update trade detail status...180531031
[G][05-31 16:11:56][gfshk3] update trade detail status...180531032
[G][05-31 16:11:58][gfshk3] update trade detail status...180531033
[G][05-31 16:12:00][gfshk3] update trade detail status...180531034
[G][05-31 16:12:02][gfshk3] update trade detail status...180531035
[G][05-31 16:12:04][gfshk3] update trade detail status...180531036
[G][05-31 16:12:07][gfshk3] update trade detail status...180531037
[G][05-31 16:12:10][gfshk3] update trade detail status...180531038
[G][05-31 16:12:15][gfshk3] update trade detail status...180531039
[G][05-31 16:12:18][gfshk3] update trade detail status...180531040
[G][05-31 16:12:21][gfshk3] update trade detail status...180531041
[G][05-31 16:12:23][gfshk3] update trade detail status...180531042
[G][05-31 16:12:26][gfshk3] update trade detail status...180531043
[G][05-31 16:12:28][gfshk3] update trade detail status...180531044
[G][05-31 16:12:29][gfshk3] SUCCESS  _^_^_ [180531044][73585ms]
[G][05-31 16:18:30][gfshk3] timer launch .....
[G][05-31 16:18:34][gfshk3] fetching ..... [180531045],openTime=2018-05-31 16:18:00[1/80]
[G][05-31 16:18:36][gfshk3] fetching ..... [180531045],openTime=2018-05-31 16:18:00[2/80]
[G][05-31 16:18:41][gfshk3] fetching ..... [180531045],openTime=2018-05-31 16:18:00[3/80]
[G][05-31 16:18:45][gfshk3] fetching ..... [180531045],openTime=2018-05-31 16:18:00[4/80]
[G][05-31 16:18:50][gfshk3] fetching ..... [180531045],openTime=2018-05-31 16:18:00[5/80]
[G][05-31 16:18:51][gfshk3] RESULTS  _____ [180531045]=>1,4,5
[G][05-31 16:18:54][gfshk3] update trade detail status...180531026
[G][05-31 16:18:56][gfshk3] update trade detail status...180531027
[G][05-31 16:18:58][gfshk3] update trade detail status...180531028
[G][05-31 16:18:59][gfshk3] update trade detail status...180531029
[G][05-31 16:19:00][gfshk3] update trade detail status...180531030
[G][05-31 16:19:02][gfshk3] update trade detail status...180531031
[G][05-31 16:19:04][gfshk3] update trade detail status...180531032
[G][05-31 16:19:06][gfshk3] update trade detail status...180531033
[G][05-31 16:19:07][gfshk3] update trade detail status...180531034
[G][05-31 16:19:09][gfshk3] update trade detail status...180531035
[G][05-31 16:19:10][gfshk3] update trade detail status...180531036
[G][05-31 16:19:12][gfshk3] update trade detail status...180531037
[G][05-31 16:19:15][gfshk3] update trade detail status...180531038
[G][05-31 16:19:17][gfshk3] update trade detail status...180531039
[G][05-31 16:19:18][gfshk3] update trade detail status...180531040
[G][05-31 16:19:20][gfshk3] update trade detail status...180531041
[G][05-31 16:19:22][gfshk3] update trade detail status...180531042
[G][05-31 16:19:24][gfshk3] update trade detail status...180531043
[G][05-31 16:19:27][gfshk3] update trade detail status...180531044
[G][05-31 16:19:32][gfshk3] update trade detail status...180531045
[G][05-31 16:19:35][gfshk3] SUCCESS  _^_^_ [180531045][44322ms]
[G][05-31 16:28:30][gfshk3] timer launch .....
[G][05-31 16:28:42][gfshk3] fetching ..... [180531046],openTime=2018-05-31 16:28:00[1/80]
[G][05-31 16:28:44][gfshk3] fetching ..... [180531046],openTime=2018-05-31 16:28:00[2/80]
[G][05-31 16:29:46][gfshk3] fetching ..... [180531046],openTime=2018-05-31 16:28:00[3/80]
[G][05-31 16:29:46][gfshk3] RESULTS  _____ [180531046]=>1,2,6
[G][05-31 16:30:20][gfshk3] update trade detail status...180531027
[G][05-31 16:30:27][gfshk3] init session[7554ms]
[G][05-31 16:30:34][gfshk3] update trade detail status...180531028
[G][05-31 16:31:02][gfshk3] update trade detail status...180531029
[G][05-31 16:31:06][gfshk3] update trade detail status...180531030
[G][05-31 16:31:10][gfshk3] update trade detail status...180531031
[G][05-31 16:31:14][gfshk3] update trade detail status...180531032
[G][05-31 16:31:19][gfshk3] update trade detail status...180531033
[G][05-31 16:31:23][gfshk3] update trade detail status...180531034
[G][05-31 16:31:28][gfshk3] update trade detail status...180531035
[G][05-31 16:31:32][gfshk3] update trade detail status...180531036
[G][05-31 16:31:37][gfshk3] update trade detail status...180531037
[G][05-31 16:38:30][gfshk3] timer launch .....
[G][05-31 16:38:36][gfshk3] fetching ..... [180531047],openTime=2018-05-31 16:38:00[1/80]
[G][05-31 16:38:37][gfshk3] fetching ..... [180531047],openTime=2018-05-31 16:38:00[2/80]
[G][05-31 16:38:42][gfshk3] fetching ..... [180531047],openTime=2018-05-31 16:38:00[3/80]
[G][05-31 16:38:47][gfshk3] fetching ..... [180531047],openTime=2018-05-31 16:38:00[4/80]
[G][05-31 16:38:47][gfshk3] RESULTS  _____ [180531047]=>1,3,6
[G][05-31 16:38:50][gfshk3] update trade detail status...180531028
[G][05-31 16:38:52][gfshk3] update trade detail status...180531029
[G][05-31 16:38:55][gfshk3] update trade detail status...180531030
[G][05-31 16:38:57][gfshk3] update trade detail status...180531031
[G][05-31 16:38:58][gfshk3] update trade detail status...180531032
[G][05-31 16:39:00][gfshk3] update trade detail status...180531033
[G][05-31 16:39:02][gfshk3] update trade detail status...180531034
[G][05-31 16:39:03][gfshk3] update trade detail status...180531035
[G][05-31 16:39:05][gfshk3] update trade detail status...180531036
[G][05-31 16:39:07][gfshk3] update trade detail status...180531037
[G][05-31 16:39:09][gfshk3] update trade detail status...180531038
[G][05-31 16:39:10][gfshk3] update trade detail status...180531039
[G][05-31 16:39:13][gfshk3] update trade detail status...180531040
[G][05-31 16:39:14][gfshk3] update trade detail status...180531041
[G][05-31 16:39:16][gfshk3] update trade detail status...180531042
[G][05-31 16:39:18][gfshk3] update trade detail status...180531043
[G][05-31 16:39:19][gfshk3] update trade detail status...180531044
[G][05-31 16:39:21][gfshk3] update trade detail status...180531045
[G][05-31 16:39:22][gfshk3] update trade detail status...180531046
[G][05-31 16:39:23][gfshk3] update trade detail status...180531047
[G][05-31 16:39:26][gfshk3] SUCCESS  _^_^_ [180531047][38525ms]
[G][05-31 16:48:30][gfshk3] timer launch .....
[G][05-31 16:48:36][gfshk3] fetching ..... [180531048],openTime=2018-05-31 16:48:00[1/80]
[G][05-31 16:48:37][gfshk3] fetching ..... [180531048],openTime=2018-05-31 16:48:00[2/80]
[G][05-31 16:48:42][gfshk3] fetching ..... [180531048],openTime=2018-05-31 16:48:00[3/80]
[G][05-31 16:48:47][gfshk3] fetching ..... [180531048],openTime=2018-05-31 16:48:00[4/80]
[G][05-31 16:48:47][gfshk3] RESULTS  _____ [180531048]=>3,4,4
[G][05-31 16:48:50][gfshk3] update trade detail status...180531029
[G][05-31 16:48:53][gfshk3] update trade detail status...180531030
[G][05-31 16:48:55][gfshk3] update trade detail status...180531031
[G][05-31 16:48:57][gfshk3] update trade detail status...180531032
[G][05-31 16:48:59][gfshk3] update trade detail status...180531033
[G][05-31 16:49:01][gfshk3] update trade detail status...180531034
[G][05-31 16:49:04][gfshk3] update trade detail status...180531035
[G][05-31 16:49:06][gfshk3] update trade detail status...180531036
[G][05-31 16:49:09][gfshk3] update trade detail status...180531037
[G][05-31 16:49:11][gfshk3] update trade detail status...180531038
[G][05-31 16:49:12][gfshk3] update trade detail status...180531039
[G][05-31 16:49:15][gfshk3] update trade detail status...180531040
[G][05-31 16:49:16][gfshk3] update trade detail status...180531041
[G][05-31 16:49:17][gfshk3] update trade detail status...180531042
[G][05-31 16:49:19][gfshk3] update trade detail status...180531043
[G][05-31 16:49:20][gfshk3] update trade detail status...180531044
[G][05-31 16:49:23][gfshk3] update trade detail status...180531045
[G][05-31 16:49:25][gfshk3] update trade detail status...180531046
[G][05-31 16:49:28][gfshk3] update trade detail status...180531047
[G][05-31 16:49:30][gfshk3] update trade detail status...180531048
[G][05-31 16:49:34][gfshk3] SUCCESS  _^_^_ [180531048][46715ms]
[G][05-31 16:58:30][gfshk3] timer launch .....
[G][05-31 16:58:38][gfshk3] fetching ..... [180531049],openTime=2018-05-31 16:58:00[1/80]
[G][05-31 16:58:39][gfshk3] fetching ..... [180531049],openTime=2018-05-31 16:58:00[2/80]
[G][05-31 16:58:44][gfshk3] fetching ..... [180531049],openTime=2018-05-31 16:58:00[3/80]
[G][05-31 16:58:44][gfshk3] RESULTS  _____ [180531049]=>1,2,3
[G][05-31 16:58:47][gfshk3] update trade detail status...180531030
[G][05-31 16:58:49][gfshk3] update trade detail status...180531031
[G][05-31 16:58:51][gfshk3] update trade detail status...180531032
[G][05-31 16:58:53][gfshk3] update trade detail status...180531033
[G][05-31 16:58:57][gfshk3] update trade detail status...180531034
[G][05-31 16:58:58][gfshk3] update trade detail status...180531035
[G][05-31 16:58:59][gfshk3] update trade detail status...180531036
[G][05-31 16:59:02][gfshk3] update trade detail status...180531037
[G][05-31 16:59:04][gfshk3] update trade detail status...180531038
[G][05-31 16:59:05][gfshk3] update trade detail status...180531039
[G][05-31 16:59:07][gfshk3] update trade detail status...180531040
[G][05-31 16:59:09][gfshk3] update trade detail status...180531041
[G][05-31 16:59:11][gfshk3] update trade detail status...180531042
[G][05-31 16:59:12][gfshk3] update trade detail status...180531043
[G][05-31 16:59:14][gfshk3] update trade detail status...180531044
[G][05-31 16:59:16][gfshk3] update trade detail status...180531045
[G][05-31 16:59:19][gfshk3] update trade detail status...180531046
[G][05-31 16:59:21][gfshk3] update trade detail status...180531047
[G][05-31 16:59:23][gfshk3] update trade detail status...180531048
[G][05-31 16:59:25][gfshk3] update trade detail status...180531049
[G][05-31 16:59:26][gfshk3] SUCCESS  _^_^_ [180531049][42671ms]
[G][05-31 17:00:13][gfshk3] init session[2045ms]
[G][05-31 18:28:30][gfshk3] timer launch .....
[G][05-31 18:28:32][gfshk3] fetching ..... [180531058],openTime=2018-05-31 18:28:00[1/80]
[G][05-31 18:28:38][gfshk3] fetching ..... [180531058],openTime=2018-05-31 18:28:00[2/80]
[G][05-31 18:28:44][gfshk3] fetching ..... [180531058],openTime=2018-05-31 18:28:00[3/80]
[G][05-31 18:28:49][gfshk3] fetching ..... [180531058],openTime=2018-05-31 18:28:00[4/80]
[G][05-31 18:28:49][gfshk3] RESULTS  _____ [180531058]=>1,2,6
[G][05-31 18:28:52][gfshk3] update trade detail status...180531039
[G][05-31 18:28:54][gfshk3] update trade detail status...180531040
[G][05-31 18:28:55][gfshk3] update trade detail status...180531041
[G][05-31 18:28:56][gfshk3] update trade detail status...180531042
[G][05-31 18:28:57][gfshk3] update trade detail status...180531043
[G][05-31 18:28:59][gfshk3] update trade detail status...180531044
[G][05-31 18:29:01][gfshk3] update trade detail status...180531045
[G][05-31 18:29:02][gfshk3] update trade detail status...180531046
[G][05-31 18:29:03][gfshk3] update trade detail status...180531047
[G][05-31 18:29:04][gfshk3] update trade detail status...180531048
[G][05-31 18:29:06][gfshk3] update trade detail status...180531049
[G][05-31 18:29:07][gfshk3] update trade detail status...180531050
[G][05-31 18:29:08][gfshk3] update trade detail status...180531051
[G][05-31 18:29:09][gfshk3] update trade detail status...180531052
[G][05-31 18:29:11][gfshk3] update trade detail status...180531053
[G][05-31 18:29:12][gfshk3] update trade detail status...180531054
[G][05-31 18:29:14][gfshk3] update trade detail status...180531055
[G][05-31 18:29:15][gfshk3] update trade detail status...180531056
[G][05-31 18:29:17][gfshk3] update trade detail status...180531057
[G][05-31 18:29:19][gfshk3] update trade detail status...180531058
[G][05-31 18:29:20][gfshk3] SUCCESS  _^_^_ [180531058][31378ms]
[G][05-31 18:30:05][gfshk3] init session[845ms]
[G][05-31 18:38:30][gfshk3] timer launch .....
[G][05-31 18:38:32][gfshk3] fetching ..... [180531059],openTime=2018-05-31 18:38:00[1/80]
[G][05-31 18:38:35][gfshk3] fetching ..... [180531059],openTime=2018-05-31 18:38:00[2/80]
[G][05-31 18:38:40][gfshk3] fetching ..... [180531059],openTime=2018-05-31 18:38:00[3/80]
[G][05-31 18:38:45][gfshk3] fetching ..... [180531059],openTime=2018-05-31 18:38:00[4/80]
[G][05-31 18:38:50][gfshk3] fetching ..... [180531059],openTime=2018-05-31 18:38:00[5/80]
[G][05-31 18:38:50][gfshk3] RESULTS  _____ [180531059]=>4,5,5
[G][05-31 18:38:53][gfshk3] update trade detail status...180531040
[G][05-31 18:38:54][gfshk3] update trade detail status...180531041
[G][05-31 18:38:55][gfshk3] update trade detail status...180531042
[G][05-31 18:38:56][gfshk3] update trade detail status...180531043
[G][05-31 18:38:57][gfshk3] update trade detail status...180531044
[G][05-31 18:38:59][gfshk3] update trade detail status...180531045
[G][05-31 18:39:00][gfshk3] update trade detail status...180531046
[G][05-31 18:39:02][gfshk3] update trade detail status...180531047
[G][05-31 18:39:03][gfshk3] update trade detail status...180531048
[G][05-31 18:39:04][gfshk3] update trade detail status...180531049
[G][05-31 18:39:06][gfshk3] update trade detail status...180531050
[G][05-31 18:39:07][gfshk3] update trade detail status...180531051
[G][05-31 18:39:08][gfshk3] update trade detail status...180531052
[G][05-31 18:39:10][gfshk3] update trade detail status...180531053
[G][05-31 18:39:11][gfshk3] update trade detail status...180531054
[G][05-31 18:39:12][gfshk3] update trade detail status...180531055
[G][05-31 18:39:13][gfshk3] update trade detail status...180531056
[G][05-31 18:39:14][gfshk3] update trade detail status...180531057
[G][05-31 18:39:15][gfshk3] update trade detail status...180531058
[G][05-31 18:39:17][gfshk3] update trade detail status...180531059
[G][05-31 18:39:18][gfshk3] SUCCESS  _^_^_ [180531059][27813ms]
[G][05-31 18:48:30][gfshk3] timer launch .....
[G][05-31 18:48:31][gfshk3] fetching ..... [180531060],openTime=2018-05-31 18:48:00[1/80]
[G][05-31 18:48:35][gfshk3] fetching ..... [180531060],openTime=2018-05-31 18:48:00[2/80]
[G][05-31 18:48:40][gfshk3] fetching ..... [180531060],openTime=2018-05-31 18:48:00[3/80]
[G][05-31 18:48:45][gfshk3] fetching ..... [180531060],openTime=2018-05-31 18:48:00[4/80]
[G][05-31 18:48:50][gfshk3] fetching ..... [180531060],openTime=2018-05-31 18:48:00[5/80]
[G][05-31 18:48:50][gfshk3] RESULTS  _____ [180531060]=>2,4,4
[G][05-31 18:48:53][gfshk3] update trade detail status...180531041
[G][05-31 18:48:54][gfshk3] update trade detail status...180531042
[G][05-31 18:48:55][gfshk3] update trade detail status...180531043
[G][05-31 18:48:56][gfshk3] update trade detail status...180531044
[G][05-31 18:48:58][gfshk3] update trade detail status...180531045
[G][05-31 18:49:00][gfshk3] update trade detail status...180531046
[G][05-31 18:49:01][gfshk3] update trade detail status...180531047
[G][05-31 18:49:02][gfshk3] update trade detail status...180531048
[G][05-31 18:49:03][gfshk3] update trade detail status...180531049
[G][05-31 18:49:04][gfshk3] update trade detail status...180531050
[G][05-31 18:49:05][gfshk3] update trade detail status...180531051
[G][05-31 18:49:06][gfshk3] update trade detail status...180531052
[G][05-31 18:49:07][gfshk3] update trade detail status...180531053
[G][05-31 18:49:09][gfshk3] update trade detail status...180531054
[G][05-31 18:49:10][gfshk3] update trade detail status...180531055
[G][05-31 18:49:11][gfshk3] update trade detail status...180531056
[G][05-31 18:49:12][gfshk3] update trade detail status...180531057
[G][05-31 18:49:13][gfshk3] update trade detail status...180531058
[G][05-31 18:49:14][gfshk3] update trade detail status...180531059
[G][05-31 18:49:15][gfshk3] update trade detail status...180531060
[G][05-31 18:49:17][gfshk3] SUCCESS  _^_^_ [180531060][26461ms]
[G][05-31 18:58:30][gfshk3] timer launch .....
[G][05-31 18:58:34][gfshk3] fetching ..... [180531061],openTime=2018-05-31 18:58:00[1/80]
[G][05-31 18:58:38][gfshk3] fetching ..... [180531061],openTime=2018-05-31 18:58:00[2/80]
[G][05-31 18:58:44][gfshk3] fetching ..... [180531061],openTime=2018-05-31 18:58:00[3/80]
[G][05-31 18:58:48][gfshk3] fetching ..... [180531061],openTime=2018-05-31 18:58:00[4/80]
[G][05-31 18:58:48][gfshk3] RESULTS  _____ [180531061]=>3,5,6
[G][05-31 18:58:51][gfshk3] update trade detail status...180531042
[G][05-31 18:58:52][gfshk3] update trade detail status...180531043
[G][05-31 18:58:53][gfshk3] update trade detail status...180531044
[G][05-31 18:58:54][gfshk3] update trade detail status...180531045
[G][05-31 18:58:56][gfshk3] update trade detail status...180531046
[G][05-31 18:58:57][gfshk3] update trade detail status...180531047
[G][05-31 18:58:58][gfshk3] update trade detail status...180531048
[G][05-31 18:59:00][gfshk3] update trade detail status...180531049
[G][05-31 18:59:01][gfshk3] update trade detail status...180531050
[G][05-31 18:59:02][gfshk3] update trade detail status...180531051
[G][05-31 18:59:03][gfshk3] update trade detail status...180531052
[G][05-31 18:59:04][gfshk3] update trade detail status...180531053
[G][05-31 18:59:05][gfshk3] update trade detail status...180531054
[G][05-31 18:59:06][gfshk3] update trade detail status...180531055
[G][05-31 18:59:07][gfshk3] update trade detail status...180531056
[G][05-31 18:59:08][gfshk3] update trade detail status...180531057
[G][05-31 18:59:10][gfshk3] update trade detail status...180531058
[G][05-31 18:59:11][gfshk3] update trade detail status...180531059
[G][05-31 18:59:12][gfshk3] update trade detail status...180531060
[G][05-31 18:59:13][gfshk3] update trade detail status...180531061
[G][05-31 18:59:14][gfshk3] SUCCESS  _^_^_ [180531061][26132ms]
[G][05-31 19:00:05][gfshk3] init session[739ms]
[G][05-31 19:08:30][gfshk3] timer launch .....
[G][05-31 19:08:33][gfshk3] fetching ..... [180531062],openTime=2018-05-31 19:08:00[1/80]
[G][05-31 19:08:35][gfshk3] fetching ..... [180531062],openTime=2018-05-31 19:08:00[2/80]
[G][05-31 19:08:40][gfshk3] fetching ..... [180531062],openTime=2018-05-31 19:08:00[3/80]
[G][05-31 19:08:45][gfshk3] fetching ..... [180531062],openTime=2018-05-31 19:08:00[4/80]
[G][05-31 19:08:50][gfshk3] fetching ..... [180531062],openTime=2018-05-31 19:08:00[5/80]
[G][05-31 19:08:55][gfshk3] fetching ..... [180531062],openTime=2018-05-31 19:08:00[6/80]
[G][05-31 19:08:55][gfshk3] RESULTS  _____ [180531062]=>1,1,6
[G][05-31 19:08:57][gfshk3] update trade detail status...180531043
[G][05-31 19:08:59][gfshk3] update trade detail status...180531044
[G][05-31 19:09:01][gfshk3] update trade detail status...180531045
[G][05-31 19:09:02][gfshk3] update trade detail status...180531046
[G][05-31 19:09:03][gfshk3] update trade detail status...180531047
[G][05-31 19:09:04][gfshk3] update trade detail status...180531048
[G][05-31 19:09:06][gfshk3] update trade detail status...180531049
[G][05-31 19:09:07][gfshk3] update trade detail status...180531050
[G][05-31 19:09:08][gfshk3] update trade detail status...180531051
[G][05-31 19:09:09][gfshk3] update trade detail status...180531052
[G][05-31 19:09:10][gfshk3] update trade detail status...180531053
[G][05-31 19:09:11][gfshk3] update trade detail status...180531054
[G][05-31 19:09:13][gfshk3] update trade detail status...180531055
[G][05-31 19:09:15][gfshk3] update trade detail status...180531056
[G][05-31 19:09:16][gfshk3] update trade detail status...180531057
[G][05-31 19:09:17][gfshk3] update trade detail status...180531058
[G][05-31 19:09:18][gfshk3] update trade detail status...180531059
[G][05-31 19:09:19][gfshk3] update trade detail status...180531060
[G][05-31 19:09:20][gfshk3] update trade detail status...180531061
[G][05-31 19:09:21][gfshk3] update trade detail status...180531062
[G][05-31 19:09:23][gfshk3] SUCCESS  _^_^_ [180531062][27437ms]
