[G][05-31 10:00:21][gfxjssc] timer not range .....
[G][05-31 10:10:12][gfxjssc] timer launch .....
[G][05-31 10:20:12][gfxjssc] timer launch .....
[G][05-31 14:00:12][gfxjssc] timer launch .....
[G][05-31 16:11:15][gfxjssc] timer launch .....
[G][05-31 16:11:16][gfxjssc] fetching ..... [180531037],openTime=2018-05-31 16:10:00[1/100]
[G][05-31 16:11:16][gfxjssc] RESULTS  _____ [180531037]=>4,9,2,4,4
[G][05-31 16:11:28][gfxjssc] update trade detail status...180531032
[G][05-31 16:11:36][gfxjssc] update trade detail status...180531033
[G][05-31 16:11:41][gfxjssc] update trade detail status...180531034
[G][05-31 16:11:44][gfxjssc] update trade detail status...180531035
[G][05-31 16:11:47][gfxjssc] update trade detail status...180531036
[G][05-31 16:11:50][gfxjssc] update trade detail status...180531037
[G][05-31 16:11:54][gfxjssc] SUCCESS  _^_^_ [180531037][38268ms]
[G][05-31 16:20:12][gfxjssc] timer launch .....
[G][05-31 16:20:20][gfxjssc] fetching ..... [180531038],openTime=2018-05-31 16:20:00[1/100]
[G][05-31 16:20:21][gfxjssc] fetching ..... [180531038],openTime=2018-05-31 16:20:00[2/100]
[G][05-31 16:20:26][gfxjssc] fetching ..... [180531038],openTime=2018-05-31 16:20:00[3/100]
[G][05-31 16:20:31][gfxjssc] fetching ..... [180531038],openTime=2018-05-31 16:20:00[4/100]
[G][05-31 16:20:31][gfxjssc] RESULTS  _____ [180531038]=>9,2,2,3,0
[G][05-31 16:20:34][gfxjssc] update trade detail status...180531038
[G][05-31 16:20:37][gfxjssc] SUCCESS  _^_^_ [180531038][5833ms]
[G][05-31 16:30:31][gfxjssc] timer launch .....
[G][05-31 16:30:35][gfxjssc] fetching ..... [180531039],openTime=2018-05-31 16:30:00[1/100]
[G][05-31 16:30:35][gfxjssc] RESULTS  _____ [180531039]=>6,1,3,6,7
[G][05-31 16:30:55][gfxjssc] update trade detail status...180531039
[G][05-31 16:31:04][gfxjssc] SUCCESS  _^_^_ [180531039][29343ms]
[G][05-31 16:40:12][gfxjssc] timer launch .....
[G][05-31 16:40:34][gfxjssc] fetching ..... [180531040],openTime=2018-05-31 16:40:00[1/100]
[G][05-31 16:40:34][gfxjssc] RESULTS  _____ [180531040]=>0,0,6,0,6
[G][05-31 16:40:42][gfxjssc] update trade detail status...180531040
[G][05-31 16:40:45][gfxjssc] SUCCESS  _^_^_ [180531040][11238ms]
[G][05-31 16:50:12][gfxjssc] timer launch .....
[G][05-31 16:50:17][gfxjssc] fetching ..... [180531041],openTime=2018-05-31 16:50:00[1/100]
[G][05-31 16:50:18][gfxjssc] fetching ..... [180531041],openTime=2018-05-31 16:50:00[2/100]
[G][05-31 16:50:23][gfxjssc] fetching ..... [180531041],openTime=2018-05-31 16:50:00[3/100]
[G][05-31 16:50:28][gfxjssc] fetching ..... [180531041],openTime=2018-05-31 16:50:00[4/100]
[G][05-31 16:50:28][gfxjssc] RESULTS  _____ [180531041]=>3,9,7,0,0
[G][05-31 16:50:56][gfxjssc] update trade detail status...180531041
[G][05-31 16:50:58][gfxjssc] SUCCESS  _^_^_ [180531041][29866ms]
[G][05-31 17:00:14][gfxjssc] timer launch .....
[G][05-31 17:00:15][gfxjssc] fetching ..... [180531042],openTime=2018-05-31 17:00:00[1/100]
[G][05-31 17:00:20][gfxjssc] fetching ..... [180531042],openTime=2018-05-31 17:00:00[2/100]
[G][05-31 17:00:25][gfxjssc] fetching ..... [180531042],openTime=2018-05-31 17:00:00[3/100]
[G][05-31 17:00:25][gfxjssc] RESULTS  _____ [180531042]=>1,1,6,2,0
[G][05-31 17:00:29][gfxjssc] update trade detail status...180531042
[G][05-31 17:00:36][gfxjssc] SUCCESS  _^_^_ [180531042][11229ms]
[G][05-31 18:30:12][gfxjssc] timer launch .....
[G][05-31 18:30:18][gfxjssc] fetching ..... [180531051],openTime=2018-05-31 18:30:00[1/100]
[G][05-31 18:30:18][gfxjssc] fetching ..... [180531051],openTime=2018-05-31 18:30:00[2/100]
[G][05-31 18:30:24][gfxjssc] fetching ..... [180531051],openTime=2018-05-31 18:30:00[3/100]
[G][05-31 18:30:24][gfxjssc] RESULTS  _____ [180531051]=>4,6,9,2,1
[G][05-31 18:30:27][gfxjssc] update trade detail status...180531043
[G][05-31 18:30:29][gfxjssc] update trade detail status...180531044
[G][05-31 18:30:32][gfxjssc] update trade detail status...180531045
[G][05-31 18:30:33][gfxjssc] update trade detail status...180531046
[G][05-31 18:30:35][gfxjssc] update trade detail status...180531047
[G][05-31 18:30:37][gfxjssc] update trade detail status...180531048
[G][05-31 18:30:38][gfxjssc] update trade detail status...180531049
[G][05-31 18:30:40][gfxjssc] update trade detail status...180531050
[G][05-31 18:30:42][gfxjssc] update trade detail status...180531051
[G][05-31 18:30:44][gfxjssc] SUCCESS  _^_^_ [180531051][20448ms]
[G][05-31 18:40:12][gfxjssc] timer launch .....
[G][05-31 18:40:12][gfxjssc] fetching ..... [180531052],openTime=2018-05-31 18:40:00[1/100]
[G][05-31 18:40:17][gfxjssc] fetching ..... [180531052],openTime=2018-05-31 18:40:00[2/100]
[G][05-31 18:40:22][gfxjssc] fetching ..... [180531052],openTime=2018-05-31 18:40:00[3/100]
[G][05-31 18:40:27][gfxjssc] fetching ..... [180531052],openTime=2018-05-31 18:40:00[4/100]
[G][05-31 18:40:27][gfxjssc] RESULTS  _____ [180531052]=>9,5,5,2,3
[G][05-31 18:40:31][gfxjssc] update trade detail status...180531052
[G][05-31 18:40:33][gfxjssc] SUCCESS  _^_^_ [180531052][5943ms]
[G][05-31 18:50:12][gfxjssc] timer launch .....
[G][05-31 18:50:14][gfxjssc] fetching ..... [180531053],openTime=2018-05-31 18:50:00[1/100]
[G][05-31 18:50:17][gfxjssc] fetching ..... [180531053],openTime=2018-05-31 18:50:00[2/100]
[G][05-31 18:50:23][gfxjssc] fetching ..... [180531053],openTime=2018-05-31 18:50:00[3/100]
[G][05-31 18:50:27][gfxjssc] fetching ..... [180531053],openTime=2018-05-31 18:50:00[4/100]
[G][05-31 18:50:27][gfxjssc] RESULTS  _____ [180531053]=>9,3,4,2,7
[G][05-31 18:50:30][gfxjssc] update trade detail status...180531053
[G][05-31 18:50:33][gfxjssc] SUCCESS  _^_^_ [180531053][6210ms]
[G][05-31 19:00:12][gfxjssc] timer launch .....
[G][05-31 19:00:12][gfxjssc] fetching ..... [180531054],openTime=2018-05-31 19:00:00[1/100]
[G][05-31 19:00:17][gfxjssc] fetching ..... [180531054],openTime=2018-05-31 19:00:00[2/100]
[G][05-31 19:00:25][gfxjssc] fetching ..... [180531054],openTime=2018-05-31 19:00:00[3/100]
[G][05-31 19:00:27][gfxjssc] fetching ..... [180531054],openTime=2018-05-31 19:00:00[4/100]
[G][05-31 19:00:32][gfxjssc] fetching ..... [180531054],openTime=2018-05-31 19:00:00[5/100]
[G][05-31 19:00:32][gfxjssc] RESULTS  _____ [180531054]=>3,5,4,3,6
[G][05-31 19:00:35][gfxjssc] update trade detail status...180531054
[G][05-31 19:00:36][gfxjssc] SUCCESS  _^_^_ [180531054][4000ms]
