[G][05-31 09:08:27][gfxyft] trend count[2225ms]
[G][05-31 09:13:26][gfxyft] trend count[1641ms]
[G][05-31 09:18:30][gfxyft] trend count[5131ms]
[G][05-31 09:23:28][gfxyft] trend count[3412ms]
[G][05-31 09:28:29][gfxyft] trend count[4370ms]
[G][05-31 09:33:29][gfxyft] trend count[4813ms]
[G][05-31 09:38:29][gfxyft] trend count[4074ms]
[G][05-31 09:43:28][gfxyft] trend count[3553ms]
[G][05-31 09:48:26][gfxyft] trend count[1956ms]
[G][05-31 09:53:27][gfxyft] trend count[2281ms]
[G][05-31 09:58:27][gfxyft] trend count[2931ms]
[G][05-31 10:01:11][gfxyft] init session[58794ms]
[G][05-31 10:03:31][gfxyft] trend count[6392ms]
[G][05-31 10:08:27][gfxyft] trend count[2870ms]
[G][05-31 10:13:36][gfxyft] trend count[11137ms]
[G][05-31 10:18:30][gfxyft] trend count[5854ms]
[G][05-31 10:23:28][gfxyft] trend count[3304ms]
[G][05-31 13:58:26][gfxyft] trend count[1915ms]
[G][05-31 13:59:02][gfxyft] timer launch .....
[G][05-31 15:43:28][gfxyft] trend count[2975ms]
[G][05-31 15:44:02][gfxyft] timer launch .....
[G][05-31 15:44:04][gfxyft] fetching ..... [20180531032],openTime=2018-05-31 15:44:00[1/80]
[G][05-31 15:44:07][gfxyft] fetching ..... [20180531032],openTime=2018-05-31 15:44:00[2/80]
[G][05-31 15:44:12][gfxyft] fetching ..... [20180531032],openTime=2018-05-31 15:44:00[3/80]
[G][05-31 15:44:18][gfxyft] fetching ..... [20180531032],openTime=2018-05-31 15:44:00[4/80]
[G][05-31 15:44:22][gfxyft] fetching ..... [20180531032],openTime=2018-05-31 15:44:00[5/80]
[G][05-31 15:44:28][gfxyft] fetching ..... [20180531032],openTime=2018-05-31 15:44:00[6/80]
[G][05-31 15:44:33][gfxyft] fetching ..... [20180531032],openTime=2018-05-31 15:44:00[7/80]
[G][05-31 15:44:38][gfxyft] fetching ..... [20180531032],openTime=2018-05-31 15:44:00[8/80]
[G][05-31 15:44:38][gfxyft] RESULTS  _____ [20180531032]=>05,07,08,01,10,09,04,03,02,06
[G][05-31 15:44:44][gfxyft] update trade detail status...20180531027
[G][05-31 15:44:47][gfxyft] update trade detail status...20180531028
[G][05-31 15:44:49][gfxyft] update trade detail status...20180531029
[G][05-31 15:44:50][gfxyft] update trade detail status...20180531030
[G][05-31 15:44:52][gfxyft] update trade detail status...20180531031
[G][05-31 15:44:54][gfxyft] update trade detail status...20180531032
[G][05-31 15:44:58][gfxyft] SUCCESS  _^_^_ [20180531032][20237ms]
[G][05-31 15:48:25][gfxyft] trend count[760ms]
[G][05-31 15:49:02][gfxyft] timer launch .....
[G][05-31 15:49:03][gfxyft] fetching ..... [20180531033],openTime=2018-05-31 15:49:00[1/80]
[G][05-31 15:49:07][gfxyft] fetching ..... [20180531033],openTime=2018-05-31 15:49:00[2/80]
[G][05-31 15:49:12][gfxyft] fetching ..... [20180531033],openTime=2018-05-31 15:49:00[3/80]
[G][05-31 15:49:17][gfxyft] fetching ..... [20180531033],openTime=2018-05-31 15:49:00[4/80]
[G][05-31 15:49:22][gfxyft] fetching ..... [20180531033],openTime=2018-05-31 15:49:00[5/80]
[G][05-31 15:49:27][gfxyft] fetching ..... [20180531033],openTime=2018-05-31 15:49:00[6/80]
[G][05-31 15:49:33][gfxyft] fetching ..... [20180531033],openTime=2018-05-31 15:49:00[7/80]
[G][05-31 15:49:37][gfxyft] fetching ..... [20180531033],openTime=2018-05-31 15:49:00[8/80]
[G][05-31 15:49:43][gfxyft] fetching ..... [20180531033],openTime=2018-05-31 15:49:00[9/80]
[G][05-31 15:49:44][gfxyft] RESULTS  _____ [20180531033]=>10,07,05,02,04,06,01,08,03,09
[G][05-31 15:49:48][gfxyft] update trade detail status...20180531033
[G][05-31 15:49:49][gfxyft] SUCCESS  _^_^_ [20180531033][5558ms]
[G][05-31 15:53:26][gfxyft] trend count[1806ms]
[G][05-31 15:54:02][gfxyft] timer launch .....
[G][05-31 15:54:02][gfxyft] fetching ..... [20180531034],openTime=2018-05-31 15:54:00[1/80]
[G][05-31 15:54:11][gfxyft] fetching ..... [20180531034],openTime=2018-05-31 15:54:00[2/80]
[G][05-31 15:54:12][gfxyft] fetching ..... [20180531034],openTime=2018-05-31 15:54:00[3/80]
[G][05-31 15:54:24][gfxyft] fetching ..... [20180531034],openTime=2018-05-31 15:54:00[4/80]
[G][05-31 15:54:25][gfxyft] fetching ..... [20180531034],openTime=2018-05-31 15:54:00[5/80]
[G][05-31 15:54:30][gfxyft] fetching ..... [20180531034],openTime=2018-05-31 15:54:00[6/80]
[G][05-31 15:54:35][gfxyft] fetching ..... [20180531034],openTime=2018-05-31 15:54:00[7/80]
[G][05-31 15:54:42][gfxyft] fetching ..... [20180531034],openTime=2018-05-31 15:54:00[8/80]
[G][05-31 15:54:42][gfxyft] RESULTS  _____ [20180531034]=>02,03,07,08,04,05,06,01,09,10
[G][05-31 15:54:48][gfxyft] update trade detail status...20180531034
[G][05-31 15:54:49][gfxyft] SUCCESS  _^_^_ [20180531034][7071ms]
[G][05-31 15:59:02][gfxyft] timer launch .....
[G][05-31 15:59:02][gfxyft] fetching ..... [20180531035],openTime=2018-05-31 15:59:00[1/80]
[G][05-31 15:59:08][gfxyft] fetching ..... [20180531035],openTime=2018-05-31 15:59:00[2/80]
[G][05-31 15:59:12][gfxyft] fetching ..... [20180531035],openTime=2018-05-31 15:59:00[3/80]
[G][05-31 15:59:21][gfxyft] fetching ..... [20180531035],openTime=2018-05-31 15:59:00[4/80]
[G][05-31 15:59:22][gfxyft] fetching ..... [20180531035],openTime=2018-05-31 15:59:00[5/80]
[G][05-31 15:59:27][gfxyft] fetching ..... [20180531035],openTime=2018-05-31 15:59:00[6/80]
[G][05-31 15:59:32][gfxyft] fetching ..... [20180531035],openTime=2018-05-31 15:59:00[7/80]
[G][05-31 15:59:37][gfxyft] fetching ..... [20180531035],openTime=2018-05-31 15:59:00[8/80]
[G][05-31 15:59:42][gfxyft] fetching ..... [20180531035],openTime=2018-05-31 15:59:00[9/80]
[G][05-31 15:59:42][gfxyft] RESULTS  _____ [20180531035]=>01,08,04,02,05,06,10,09,03,07
[G][05-31 15:59:47][gfxyft] update trade detail status...20180531035
[G][05-31 15:59:54][gfxyft] SUCCESS  _^_^_ [20180531035][11523ms]
[G][05-31 16:04:02][gfxyft] timer launch .....
[G][05-31 16:04:02][gfxyft] fetching ..... [20180531036],openTime=2018-05-31 16:04:00[1/80]
[G][05-31 16:04:07][gfxyft] fetching ..... [20180531036],openTime=2018-05-31 16:04:00[2/80]
[G][05-31 16:04:12][gfxyft] fetching ..... [20180531036],openTime=2018-05-31 16:04:00[3/80]
[G][05-31 16:04:17][gfxyft] fetching ..... [20180531036],openTime=2018-05-31 16:04:00[4/80]
[G][05-31 16:04:23][gfxyft] fetching ..... [20180531036],openTime=2018-05-31 16:04:00[5/80]
[G][05-31 16:04:27][gfxyft] fetching ..... [20180531036],openTime=2018-05-31 16:04:00[6/80]
[G][05-31 16:04:33][gfxyft] fetching ..... [20180531036],openTime=2018-05-31 16:04:00[7/80]
[G][05-31 16:08:27][gfxyft] trend count[2517ms]
[G][05-31 16:11:15][gfxyft] timer launch .....
[G][05-31 16:11:39][gfxyft] fetching ..... [20180531037],openTime=2018-05-31 16:09:00[1/80]
[G][05-31 16:11:40][gfxyft] RESULTS  _____ [20180531037]=>01,02,04,10,09,06,05,03,07,08
[G][05-31 16:11:44][gfxyft] update trade detail status...20180531036
[G][05-31 16:11:48][gfxyft] update trade detail status...20180531037
[G][05-31 16:11:51][gfxyft] SUCCESS  _^_^_ [20180531037][11276ms]
[G][05-31 16:13:28][gfxyft] trend count[3141ms]
[G][05-31 16:14:02][gfxyft] timer launch .....
[G][05-31 16:14:03][gfxyft] fetching ..... [20180531038],openTime=2018-05-31 16:14:00[1/80]
[G][05-31 16:14:07][gfxyft] fetching ..... [20180531038],openTime=2018-05-31 16:14:00[2/80]
[G][05-31 16:14:12][gfxyft] fetching ..... [20180531038],openTime=2018-05-31 16:14:00[3/80]
[G][05-31 16:14:17][gfxyft] fetching ..... [20180531038],openTime=2018-05-31 16:14:00[4/80]
[G][05-31 16:14:24][gfxyft] fetching ..... [20180531038],openTime=2018-05-31 16:14:00[5/80]
[G][05-31 16:14:27][gfxyft] fetching ..... [20180531038],openTime=2018-05-31 16:14:00[6/80]
[G][05-31 16:14:32][gfxyft] fetching ..... [20180531038],openTime=2018-05-31 16:14:00[7/80]
[G][05-31 16:14:37][gfxyft] fetching ..... [20180531038],openTime=2018-05-31 16:14:00[8/80]
[G][05-31 16:14:37][gfxyft] RESULTS  _____ [20180531038]=>02,07,03,08,04,05,09,06,01,10
[G][05-31 16:14:41][gfxyft] update trade detail status...20180531038
[G][05-31 16:14:44][gfxyft] SUCCESS  _^_^_ [20180531038][6284ms]
[G][05-31 16:18:27][gfxyft] trend count[1989ms]
[G][05-31 16:19:02][gfxyft] timer launch .....
[G][05-31 16:19:02][gfxyft] fetching ..... [20180531039],openTime=2018-05-31 16:19:00[1/80]
[G][05-31 16:19:07][gfxyft] fetching ..... [20180531039],openTime=2018-05-31 16:19:00[2/80]
[G][05-31 16:19:13][gfxyft] fetching ..... [20180531039],openTime=2018-05-31 16:19:00[3/80]
[G][05-31 16:19:17][gfxyft] fetching ..... [20180531039],openTime=2018-05-31 16:19:00[4/80]
[G][05-31 16:19:22][gfxyft] fetching ..... [20180531039],openTime=2018-05-31 16:19:00[5/80]
[G][05-31 16:19:28][gfxyft] fetching ..... [20180531039],openTime=2018-05-31 16:19:00[6/80]
[G][05-31 16:19:35][gfxyft] fetching ..... [20180531039],openTime=2018-05-31 16:19:00[7/80]
[G][05-31 16:19:37][gfxyft] fetching ..... [20180531039],openTime=2018-05-31 16:19:00[8/80]
[G][05-31 16:19:42][gfxyft] fetching ..... [20180531039],openTime=2018-05-31 16:19:00[9/80]
[G][05-31 16:19:42][gfxyft] RESULTS  _____ [20180531039]=>02,01,03,05,06,09,10,04,08,07
[G][05-31 16:19:47][gfxyft] update trade detail status...20180531039
[G][05-31 16:19:48][gfxyft] SUCCESS  _^_^_ [20180531039][6205ms]
[G][05-31 16:23:33][gfxyft] trend count[8089ms]
[G][05-31 16:24:02][gfxyft] timer launch .....
[G][05-31 16:24:19][gfxyft] fetching ..... [20180531040],openTime=2018-05-31 16:24:00[1/80]
[G][05-31 16:24:20][gfxyft] fetching ..... [20180531040],openTime=2018-05-31 16:24:00[2/80]
[G][05-31 16:24:25][gfxyft] fetching ..... [20180531040],openTime=2018-05-31 16:24:00[3/80]
[G][05-31 16:24:30][gfxyft] fetching ..... [20180531040],openTime=2018-05-31 16:24:00[4/80]
[G][05-31 16:24:35][gfxyft] fetching ..... [20180531040],openTime=2018-05-31 16:24:00[5/80]
[G][05-31 16:24:35][gfxyft] RESULTS  _____ [20180531040]=>08,04,07,09,06,02,03,10,05,01
[G][05-31 16:24:39][gfxyft] update trade detail status...20180531040
[G][05-31 16:24:40][gfxyft] SUCCESS  _^_^_ [20180531040][4982ms]
[G][05-31 16:28:56][gfxyft] trend count[31566ms]
[G][05-31 16:29:02][gfxyft] timer launch .....
[G][05-31 16:29:05][gfxyft] fetching ..... [20180531041],openTime=2018-05-31 16:29:00[1/80]
[G][05-31 16:29:29][gfxyft] fetching ..... [20180531041],openTime=2018-05-31 16:29:00[2/80]
[G][05-31 16:29:31][gfxyft] fetching ..... [20180531041],openTime=2018-05-31 16:29:00[3/80]
[G][05-31 16:29:35][gfxyft] fetching ..... [20180531041],openTime=2018-05-31 16:29:00[4/80]
[G][05-31 16:29:36][gfxyft] RESULTS  _____ [20180531041]=>10,05,08,04,03,06,01,09,07,02
[G][05-31 16:29:45][gfxyft] update trade detail status...20180531041
[G][05-31 16:29:51][gfxyft] SUCCESS  _^_^_ [20180531041][15462ms]
[G][05-31 16:34:02][gfxyft] timer launch .....
[G][05-31 16:34:04][gfxyft] fetching ..... [20180531042],openTime=2018-05-31 16:34:00[1/80]
[G][05-31 16:34:08][gfxyft] fetching ..... [20180531042],openTime=2018-05-31 16:34:00[2/80]
[G][05-31 16:34:13][gfxyft] trend count[48598ms]
[G][05-31 16:34:15][gfxyft] fetching ..... [20180531042],openTime=2018-05-31 16:34:00[3/80]
[G][05-31 16:34:18][gfxyft] fetching ..... [20180531042],openTime=2018-05-31 16:34:00[4/80]
[G][05-31 16:34:24][gfxyft] fetching ..... [20180531042],openTime=2018-05-31 16:34:00[5/80]
[G][05-31 16:34:29][gfxyft] fetching ..... [20180531042],openTime=2018-05-31 16:34:00[6/80]
[G][05-31 16:34:33][gfxyft] fetching ..... [20180531042],openTime=2018-05-31 16:34:00[7/80]
[G][05-31 16:34:39][gfxyft] fetching ..... [20180531042],openTime=2018-05-31 16:34:00[8/80]
[G][05-31 16:34:43][gfxyft] fetching ..... [20180531042],openTime=2018-05-31 16:34:00[9/80]
[G][05-31 16:34:43][gfxyft] RESULTS  _____ [20180531042]=>03,06,01,08,10,05,04,09,07,02
[G][05-31 16:34:52][gfxyft] update trade detail status...20180531042
[G][05-31 16:34:58][gfxyft] SUCCESS  _^_^_ [20180531042][14958ms]
[G][05-31 16:38:30][gfxyft] trend count[5655ms]
[G][05-31 16:39:02][gfxyft] timer launch .....
[G][05-31 16:39:03][gfxyft] fetching ..... [20180531043],openTime=2018-05-31 16:39:00[1/80]
[G][05-31 16:39:07][gfxyft] fetching ..... [20180531043],openTime=2018-05-31 16:39:00[2/80]
[G][05-31 16:39:12][gfxyft] fetching ..... [20180531043],openTime=2018-05-31 16:39:00[3/80]
[G][05-31 16:39:17][gfxyft] fetching ..... [20180531043],openTime=2018-05-31 16:39:00[4/80]
[G][05-31 16:39:23][gfxyft] fetching ..... [20180531043],openTime=2018-05-31 16:39:00[5/80]
[G][05-31 16:39:27][gfxyft] fetching ..... [20180531043],openTime=2018-05-31 16:39:00[6/80]
[G][05-31 16:39:32][gfxyft] fetching ..... [20180531043],openTime=2018-05-31 16:39:00[7/80]
[G][05-31 16:39:38][gfxyft] fetching ..... [20180531043],openTime=2018-05-31 16:39:00[8/80]
[G][05-31 16:39:42][gfxyft] fetching ..... [20180531043],openTime=2018-05-31 16:39:00[9/80]
[G][05-31 16:39:42][gfxyft] RESULTS  _____ [20180531043]=>10,05,03,09,06,04,02,01,07,08
[G][05-31 16:39:45][gfxyft] update trade detail status...20180531043
[G][05-31 16:39:47][gfxyft] SUCCESS  _^_^_ [20180531043][4606ms]
[G][05-31 16:43:25][gfxyft] trend count[348ms]
[G][05-31 16:44:02][gfxyft] timer launch .....
[G][05-31 16:44:02][gfxyft] fetching ..... [20180531044],openTime=2018-05-31 16:44:00[1/80]
[G][05-31 16:44:07][gfxyft] fetching ..... [20180531044],openTime=2018-05-31 16:44:00[2/80]
[G][05-31 16:44:12][gfxyft] fetching ..... [20180531044],openTime=2018-05-31 16:44:00[3/80]
[G][05-31 16:44:17][gfxyft] fetching ..... [20180531044],openTime=2018-05-31 16:44:00[4/80]
[G][05-31 16:44:22][gfxyft] fetching ..... [20180531044],openTime=2018-05-31 16:44:00[5/80]
[G][05-31 16:44:27][gfxyft] fetching ..... [20180531044],openTime=2018-05-31 16:44:00[6/80]
[G][05-31 16:44:33][gfxyft] fetching ..... [20180531044],openTime=2018-05-31 16:44:00[7/80]
[G][05-31 16:44:37][gfxyft] fetching ..... [20180531044],openTime=2018-05-31 16:44:00[8/80]
[G][05-31 16:44:42][gfxyft] fetching ..... [20180531044],openTime=2018-05-31 16:44:00[9/80]
[G][05-31 16:44:42][gfxyft] RESULTS  _____ [20180531044]=>06,02,10,03,07,01,04,05,08,09
[G][05-31 16:44:45][gfxyft] update trade detail status...20180531044
[G][05-31 16:44:47][gfxyft] SUCCESS  _^_^_ [20180531044][4884ms]
[G][05-31 16:48:27][gfxyft] trend count[2848ms]
[G][05-31 16:49:02][gfxyft] timer launch .....
[G][05-31 16:49:03][gfxyft] fetching ..... [20180531045],openTime=2018-05-31 16:49:00[1/80]
[G][05-31 16:49:11][gfxyft] fetching ..... [20180531045],openTime=2018-05-31 16:49:00[2/80]
[G][05-31 16:49:12][gfxyft] fetching ..... [20180531045],openTime=2018-05-31 16:49:00[3/80]
[G][05-31 16:49:17][gfxyft] fetching ..... [20180531045],openTime=2018-05-31 16:49:00[4/80]
[G][05-31 16:49:22][gfxyft] fetching ..... [20180531045],openTime=2018-05-31 16:49:00[5/80]
[G][05-31 16:49:29][gfxyft] fetching ..... [20180531045],openTime=2018-05-31 16:49:00[6/80]
[G][05-31 16:49:33][gfxyft] fetching ..... [20180531045],openTime=2018-05-31 16:49:00[7/80]
[G][05-31 16:49:38][gfxyft] fetching ..... [20180531045],openTime=2018-05-31 16:49:00[8/80]
[G][05-31 16:49:42][gfxyft] fetching ..... [20180531045],openTime=2018-05-31 16:49:00[9/80]
[G][05-31 16:49:48][gfxyft] fetching ..... [20180531045],openTime=2018-05-31 16:49:00[10/80]
[G][05-31 16:49:48][gfxyft] RESULTS  _____ [20180531045]=>08,09,01,04,07,05,02,06,10,03
[G][05-31 16:49:53][gfxyft] update trade detail status...20180531045
[G][05-31 16:49:55][gfxyft] SUCCESS  _^_^_ [20180531045][6803ms]
[G][05-31 16:53:50][gfxyft] trend count[25888ms]
[G][05-31 16:54:02][gfxyft] timer launch .....
[G][05-31 16:54:02][gfxyft] fetching ..... [20180531046],openTime=2018-05-31 16:54:00[1/80]
[G][05-31 16:54:07][gfxyft] fetching ..... [20180531046],openTime=2018-05-31 16:54:00[2/80]
[G][05-31 16:54:12][gfxyft] fetching ..... [20180531046],openTime=2018-05-31 16:54:00[3/80]
[G][05-31 16:54:17][gfxyft] fetching ..... [20180531046],openTime=2018-05-31 16:54:00[4/80]
[G][05-31 16:54:22][gfxyft] fetching ..... [20180531046],openTime=2018-05-31 16:54:00[5/80]
[G][05-31 16:54:28][gfxyft] fetching ..... [20180531046],openTime=2018-05-31 16:54:00[6/80]
[G][05-31 16:54:32][gfxyft] fetching ..... [20180531046],openTime=2018-05-31 16:54:00[7/80]
[G][05-31 16:54:37][gfxyft] fetching ..... [20180531046],openTime=2018-05-31 16:54:00[8/80]
[G][05-31 16:54:42][gfxyft] fetching ..... [20180531046],openTime=2018-05-31 16:54:00[9/80]
[G][05-31 16:54:42][gfxyft] RESULTS  _____ [20180531046]=>03,02,09,05,04,08,01,07,10,06
[G][05-31 16:54:45][gfxyft] update trade detail status...20180531046
[G][05-31 16:54:47][gfxyft] SUCCESS  _^_^_ [20180531046][4975ms]
[G][05-31 16:58:27][gfxyft] trend count[2702ms]
[G][05-31 16:59:02][gfxyft] timer launch .....
[G][05-31 16:59:02][gfxyft] fetching ..... [20180531047],openTime=2018-05-31 16:59:00[1/80]
[G][05-31 16:59:08][gfxyft] fetching ..... [20180531047],openTime=2018-05-31 16:59:00[2/80]
[G][05-31 16:59:12][gfxyft] fetching ..... [20180531047],openTime=2018-05-31 16:59:00[3/80]
[G][05-31 16:59:19][gfxyft] fetching ..... [20180531047],openTime=2018-05-31 16:59:00[4/80]
[G][05-31 16:59:23][gfxyft] fetching ..... [20180531047],openTime=2018-05-31 16:59:00[5/80]
[G][05-31 16:59:28][gfxyft] fetching ..... [20180531047],openTime=2018-05-31 16:59:00[6/80]
[G][05-31 16:59:32][gfxyft] fetching ..... [20180531047],openTime=2018-05-31 16:59:00[7/80]
[G][05-31 16:59:37][gfxyft] fetching ..... [20180531047],openTime=2018-05-31 16:59:00[8/80]
[G][05-31 16:59:37][gfxyft] RESULTS  _____ [20180531047]=>03,04,06,09,08,05,01,07,02,10
[G][05-31 16:59:41][gfxyft] update trade detail status...20180531047
[G][05-31 16:59:44][gfxyft] SUCCESS  _^_^_ [20180531047][6728ms]
[G][05-31 18:23:27][gfxyft] trend count[2825ms]
[G][05-31 18:24:02][gfxyft] timer launch .....
[G][05-31 18:24:10][gfxyft] fetching ..... [20180531064],openTime=2018-05-31 18:24:00[1/80]
[G][05-31 18:24:11][gfxyft] fetching ..... [20180531064],openTime=2018-05-31 18:24:00[2/80]
[G][05-31 18:28:30][gfxyft] trend count[5927ms]
[G][05-31 18:29:02][gfxyft] timer launch .....
[G][05-31 18:29:02][gfxyft] fetching ..... [20180531065],openTime=2018-05-31 18:29:00[1/80]
[G][05-31 18:29:07][gfxyft] fetching ..... [20180531065],openTime=2018-05-31 18:29:00[2/80]
[G][05-31 18:29:12][gfxyft] fetching ..... [20180531065],openTime=2018-05-31 18:29:00[3/80]
[G][05-31 18:29:17][gfxyft] fetching ..... [20180531065],openTime=2018-05-31 18:29:00[4/80]
[G][05-31 18:29:22][gfxyft] fetching ..... [20180531065],openTime=2018-05-31 18:29:00[5/80]
[G][05-31 18:29:27][gfxyft] fetching ..... [20180531065],openTime=2018-05-31 18:29:00[6/80]
[G][05-31 18:29:32][gfxyft] fetching ..... [20180531065],openTime=2018-05-31 18:29:00[7/80]
[G][05-31 18:29:37][gfxyft] fetching ..... [20180531065],openTime=2018-05-31 18:29:00[8/80]
[G][05-31 18:29:43][gfxyft] fetching ..... [20180531065],openTime=2018-05-31 18:29:00[9/80]
[G][05-31 18:29:43][gfxyft] RESULTS  _____ [20180531065]=>10,07,09,06,01,02,04,03,05,08
[G][05-31 18:29:47][gfxyft] update trade detail status...20180531048
[G][05-31 18:29:49][gfxyft] update trade detail status...20180531049
[G][05-31 18:29:51][gfxyft] update trade detail status...20180531050
[G][05-31 18:29:52][gfxyft] update trade detail status...20180531051
[G][05-31 18:29:54][gfxyft] update trade detail status...20180531052
[G][05-31 18:29:55][gfxyft] update trade detail status...20180531053
[G][05-31 18:29:56][gfxyft] update trade detail status...20180531054
[G][05-31 18:29:57][gfxyft] update trade detail status...20180531055
[G][05-31 18:29:59][gfxyft] update trade detail status...20180531056
[G][05-31 18:30:01][gfxyft] update trade detail status...20180531057
[G][05-31 18:30:04][gfxyft] update trade detail status...20180531058
[G][05-31 18:30:06][gfxyft] update trade detail status...20180531059
[G][05-31 18:30:07][gfxyft] update trade detail status...20180531060
[G][05-31 18:30:08][gfxyft] update trade detail status...20180531061
[G][05-31 18:30:10][gfxyft] update trade detail status...20180531062
[G][05-31 18:30:11][gfxyft] update trade detail status...20180531063
[G][05-31 18:30:12][gfxyft] update trade detail status...20180531064
[G][05-31 18:30:14][gfxyft] update trade detail status...20180531065
[G][05-31 18:30:15][gfxyft] SUCCESS  _^_^_ [20180531065][31734ms]
[G][05-31 18:34:02][gfxyft] timer launch .....
[G][05-31 18:34:02][gfxyft] fetching ..... [20180531066],openTime=2018-05-31 18:34:00[1/80]
[G][05-31 18:34:05][gfxyft] trend count[40507ms]
[G][05-31 18:34:07][gfxyft] fetching ..... [20180531066],openTime=2018-05-31 18:34:00[2/80]
[G][05-31 18:34:12][gfxyft] fetching ..... [20180531066],openTime=2018-05-31 18:34:00[3/80]
[G][05-31 18:34:17][gfxyft] fetching ..... [20180531066],openTime=2018-05-31 18:34:00[4/80]
[G][05-31 18:34:22][gfxyft] fetching ..... [20180531066],openTime=2018-05-31 18:34:00[5/80]
[G][05-31 18:34:27][gfxyft] fetching ..... [20180531066],openTime=2018-05-31 18:34:00[6/80]
[G][05-31 18:34:32][gfxyft] fetching ..... [20180531066],openTime=2018-05-31 18:34:00[7/80]
[G][05-31 18:34:37][gfxyft] fetching ..... [20180531066],openTime=2018-05-31 18:34:00[8/80]
[G][05-31 18:34:42][gfxyft] fetching ..... [20180531066],openTime=2018-05-31 18:34:00[9/80]
[G][05-31 18:34:42][gfxyft] RESULTS  _____ [20180531066]=>10,05,08,06,09,07,02,03,04,01
[G][05-31 18:34:45][gfxyft] update trade detail status...20180531066
[G][05-31 18:34:46][gfxyft] SUCCESS  _^_^_ [20180531066][4269ms]
[G][05-31 18:38:26][gfxyft] trend count[1726ms]
[G][05-31 18:39:02][gfxyft] timer launch .....
[G][05-31 18:39:02][gfxyft] fetching ..... [20180531067],openTime=2018-05-31 18:39:00[1/80]
[G][05-31 18:39:07][gfxyft] fetching ..... [20180531067],openTime=2018-05-31 18:39:00[2/80]
[G][05-31 18:39:12][gfxyft] fetching ..... [20180531067],openTime=2018-05-31 18:39:00[3/80]
[G][05-31 18:39:17][gfxyft] fetching ..... [20180531067],openTime=2018-05-31 18:39:00[4/80]
[G][05-31 18:39:22][gfxyft] fetching ..... [20180531067],openTime=2018-05-31 18:39:00[5/80]
[G][05-31 18:39:27][gfxyft] fetching ..... [20180531067],openTime=2018-05-31 18:39:00[6/80]
[G][05-31 18:39:32][gfxyft] fetching ..... [20180531067],openTime=2018-05-31 18:39:00[7/80]
[G][05-31 18:39:37][gfxyft] fetching ..... [20180531067],openTime=2018-05-31 18:39:00[8/80]
[G][05-31 18:39:42][gfxyft] fetching ..... [20180531067],openTime=2018-05-31 18:39:00[9/80]
[G][05-31 18:39:42][gfxyft] RESULTS  _____ [20180531067]=>10,08,06,01,09,07,05,02,04,03
[G][05-31 18:39:45][gfxyft] update trade detail status...20180531067
[G][05-31 18:39:46][gfxyft] SUCCESS  _^_^_ [20180531067][3325ms]
[G][05-31 18:43:27][gfxyft] trend count[2599ms]
[G][05-31 18:44:02][gfxyft] timer launch .....
[G][05-31 18:44:02][gfxyft] fetching ..... [20180531068],openTime=2018-05-31 18:44:00[1/80]
[G][05-31 18:44:07][gfxyft] fetching ..... [20180531068],openTime=2018-05-31 18:44:00[2/80]
[G][05-31 18:44:12][gfxyft] fetching ..... [20180531068],openTime=2018-05-31 18:44:00[3/80]
[G][05-31 18:44:17][gfxyft] fetching ..... [20180531068],openTime=2018-05-31 18:44:00[4/80]
[G][05-31 18:44:22][gfxyft] fetching ..... [20180531068],openTime=2018-05-31 18:44:00[5/80]
[G][05-31 18:44:27][gfxyft] fetching ..... [20180531068],openTime=2018-05-31 18:44:00[6/80]
[G][05-31 18:44:32][gfxyft] fetching ..... [20180531068],openTime=2018-05-31 18:44:00[7/80]
[G][05-31 18:44:37][gfxyft] fetching ..... [20180531068],openTime=2018-05-31 18:44:00[8/80]
[G][05-31 18:44:42][gfxyft] fetching ..... [20180531068],openTime=2018-05-31 18:44:00[9/80]
[G][05-31 18:44:42][gfxyft] RESULTS  _____ [20180531068]=>10,03,02,07,06,05,04,01,09,08
[G][05-31 18:44:44][gfxyft] update trade detail status...20180531068
[G][05-31 18:44:46][gfxyft] SUCCESS  _^_^_ [20180531068][3681ms]
[G][05-31 18:48:27][gfxyft] trend count[2538ms]
[G][05-31 18:49:02][gfxyft] timer launch .....
[G][05-31 18:49:05][gfxyft] fetching ..... [20180531069],openTime=2018-05-31 18:49:00[1/80]
[G][05-31 18:49:07][gfxyft] fetching ..... [20180531069],openTime=2018-05-31 18:49:00[2/80]
[G][05-31 18:49:12][gfxyft] fetching ..... [20180531069],openTime=2018-05-31 18:49:00[3/80]
[G][05-31 18:49:17][gfxyft] fetching ..... [20180531069],openTime=2018-05-31 18:49:00[4/80]
[G][05-31 18:49:22][gfxyft] fetching ..... [20180531069],openTime=2018-05-31 18:49:00[5/80]
[G][05-31 18:49:27][gfxyft] fetching ..... [20180531069],openTime=2018-05-31 18:49:00[6/80]
[G][05-31 18:49:32][gfxyft] fetching ..... [20180531069],openTime=2018-05-31 18:49:00[7/80]
[G][05-31 18:49:37][gfxyft] fetching ..... [20180531069],openTime=2018-05-31 18:49:00[8/80]
[G][05-31 18:49:37][gfxyft] RESULTS  _____ [20180531069]=>06,05,10,04,08,07,02,09,03,01
[G][05-31 18:49:41][gfxyft] update trade detail status...20180531069
[G][05-31 18:49:43][gfxyft] SUCCESS  _^_^_ [20180531069][5408ms]
[G][05-31 18:53:26][gfxyft] trend count[1667ms]
[G][05-31 18:54:02][gfxyft] timer launch .....
[G][05-31 18:54:02][gfxyft] fetching ..... [20180531070],openTime=2018-05-31 18:54:00[1/80]
[G][05-31 18:54:07][gfxyft] fetching ..... [20180531070],openTime=2018-05-31 18:54:00[2/80]
[G][05-31 18:54:12][gfxyft] fetching ..... [20180531070],openTime=2018-05-31 18:54:00[3/80]
[G][05-31 18:54:23][gfxyft] fetching ..... [20180531070],openTime=2018-05-31 18:54:00[4/80]
[G][05-31 18:54:24][gfxyft] fetching ..... [20180531070],openTime=2018-05-31 18:54:00[5/80]
[G][05-31 18:54:29][gfxyft] fetching ..... [20180531070],openTime=2018-05-31 18:54:00[6/80]
[G][05-31 18:54:33][gfxyft] fetching ..... [20180531070],openTime=2018-05-31 18:54:00[7/80]
[G][05-31 18:54:38][gfxyft] fetching ..... [20180531070],openTime=2018-05-31 18:54:00[8/80]
[G][05-31 18:54:39][gfxyft] RESULTS  _____ [20180531070]=>04,07,03,02,08,01,09,10,05,06
[G][05-31 18:54:41][gfxyft] update trade detail status...20180531070
[G][05-31 18:54:42][gfxyft] SUCCESS  _^_^_ [20180531070][3299ms]
[G][05-31 18:58:28][gfxyft] trend count[3154ms]
[G][05-31 18:59:02][gfxyft] timer launch .....
[G][05-31 18:59:02][gfxyft] fetching ..... [20180531071],openTime=2018-05-31 18:59:00[1/80]
[G][05-31 18:59:07][gfxyft] fetching ..... [20180531071],openTime=2018-05-31 18:59:00[2/80]
[G][05-31 18:59:12][gfxyft] fetching ..... [20180531071],openTime=2018-05-31 18:59:00[3/80]
[G][05-31 18:59:17][gfxyft] fetching ..... [20180531071],openTime=2018-05-31 18:59:00[4/80]
[G][05-31 18:59:22][gfxyft] fetching ..... [20180531071],openTime=2018-05-31 18:59:00[5/80]
[G][05-31 18:59:27][gfxyft] fetching ..... [20180531071],openTime=2018-05-31 18:59:00[6/80]
[G][05-31 18:59:32][gfxyft] fetching ..... [20180531071],openTime=2018-05-31 18:59:00[7/80]
[G][05-31 18:59:37][gfxyft] fetching ..... [20180531071],openTime=2018-05-31 18:59:00[8/80]
[G][05-31 18:59:37][gfxyft] RESULTS  _____ [20180531071]=>04,09,05,08,02,01,07,03,06,10
[G][05-31 18:59:40][gfxyft] update trade detail status...20180531071
[G][05-31 18:59:42][gfxyft] SUCCESS  _^_^_ [20180531071][4848ms]
[G][05-31 19:03:29][gfxyft] trend count[4508ms]
[G][05-31 19:04:02][gfxyft] timer launch .....
[G][05-31 19:04:02][gfxyft] fetching ..... [20180531072],openTime=2018-05-31 19:04:00[1/80]
[G][05-31 19:04:07][gfxyft] fetching ..... [20180531072],openTime=2018-05-31 19:04:00[2/80]
[G][05-31 19:04:12][gfxyft] fetching ..... [20180531072],openTime=2018-05-31 19:04:00[3/80]
[G][05-31 19:04:17][gfxyft] fetching ..... [20180531072],openTime=2018-05-31 19:04:00[4/80]
[G][05-31 19:04:22][gfxyft] fetching ..... [20180531072],openTime=2018-05-31 19:04:00[5/80]
[G][05-31 19:04:27][gfxyft] fetching ..... [20180531072],openTime=2018-05-31 19:04:00[6/80]
[G][05-31 19:04:32][gfxyft] fetching ..... [20180531072],openTime=2018-05-31 19:04:00[7/80]
[G][05-31 19:04:37][gfxyft] fetching ..... [20180531072],openTime=2018-05-31 19:04:00[8/80]
[G][05-31 19:04:37][gfxyft] RESULTS  _____ [20180531072]=>02,08,04,01,06,03,07,05,10,09
[G][05-31 19:04:41][gfxyft] update trade detail status...20180531072
[G][05-31 19:04:42][gfxyft] SUCCESS  _^_^_ [20180531072][5047ms]
[G][05-31 19:08:27][gfxyft] trend count[2600ms]
[G][05-31 19:09:02][gfxyft] timer launch .....
[G][05-31 19:09:02][gfxyft] fetching ..... [20180531073],openTime=2018-05-31 19:09:00[1/80]
[G][05-31 19:09:07][gfxyft] fetching ..... [20180531073],openTime=2018-05-31 19:09:00[2/80]
[G][05-31 19:09:13][gfxyft] fetching ..... [20180531073],openTime=2018-05-31 19:09:00[3/80]
[G][05-31 19:09:17][gfxyft] fetching ..... [20180531073],openTime=2018-05-31 19:09:00[4/80]
[G][05-31 19:09:23][gfxyft] fetching ..... [20180531073],openTime=2018-05-31 19:09:00[5/80]
[G][05-31 19:09:27][gfxyft] fetching ..... [20180531073],openTime=2018-05-31 19:09:00[6/80]
[G][05-31 19:09:32][gfxyft] fetching ..... [20180531073],openTime=2018-05-31 19:09:00[7/80]
[G][05-31 19:09:37][gfxyft] fetching ..... [20180531073],openTime=2018-05-31 19:09:00[8/80]
[G][05-31 19:09:42][gfxyft] fetching ..... [20180531073],openTime=2018-05-31 19:09:00[9/80]
[G][05-31 19:09:42][gfxyft] RESULTS  _____ [20180531073]=>05,08,04,07,06,09,02,10,01,03
[G][05-31 19:09:44][gfxyft] update trade detail status...20180531073
[G][05-31 19:09:46][gfxyft] SUCCESS  _^_^_ [20180531073][3666ms]
