[G][05-31 09:07:30][xybjpk10] timer launch .....
[G][05-31 09:12:30][xybjpk10] timer launch .....
[G][05-31 09:17:30][xybjpk10] timer launch .....
[G][05-31 09:22:30][xybjpk10] timer launch .....
[G][05-31 09:27:30][xybjpk10] timer launch .....
[G][05-31 09:31:00][xybjpk10] init session[60522ms]
[G][05-31 09:32:30][xybjpk10] timer launch .....
[G][05-31 09:37:30][xybjpk10] timer launch .....
[G][05-31 09:42:30][xybjpk10] timer launch .....
[G][05-31 09:47:30][xybjpk10] timer launch .....
[G][05-31 09:52:30][xybjpk10] timer launch .....
[G][05-31 09:57:30][xybjpk10] timer launch .....
[G][05-31 10:00:29][xybjpk10] init session[29367ms]
[G][05-31 10:02:30][xybjpk10] timer launch .....
[G][05-31 10:07:30][xybjpk10] timer launch .....
[G][05-31 10:12:30][xybjpk10] timer launch .....
[G][05-31 10:17:30][xybjpk10] timer launch .....
[G][05-31 10:22:30][xybjpk10] timer launch .....
[G][05-31 10:27:30][xybjpk10] timer launch .....
[G][05-31 14:00:25][xybjpk10] init session[25455ms]
[G][05-31 15:42:30][xybjpk10] timer launch .....
[G][05-31 15:42:36][xybjpk10] fetching ..... [684900][ing=false],openTime=2018-05-31 15:42:00[1/80]
[G][05-31 15:42:36][xybjpk10] fetching ..... [684900][ing=false],openTime=2018-05-31 15:42:00[2/80]
[G][05-31 15:42:43][xybjpk10] fetching ..... [684900][ing=false],openTime=2018-05-31 15:42:00[3/80]
[G][05-31 15:42:43][xybjpk10] RESULTS  _____ [684900]=>07,02,09,04,10,06,05,03,01,08
[G][05-31 15:42:43][xybjpk10] timer clear .....
[G][05-31 15:42:43][xybjpk10] -------- OPENing --------
[G][05-31 15:42:44][xybjpk10] Start ... [684899],status=0,result=02,05,01,08,09,03,04,06,07,10
[G][05-31 15:42:44][xybjpk10] BETS ... [0][684899][61ms]
[G][05-31 15:42:44][xybjpk10] End ... [684899][122ms],status=2,result=02,05,01,08,09,03,04,06,07,10
[G][05-31 15:42:44][xybjpk10] Start ... [684898],status=0,result=03,04,08,05,07,06,10,09,02,01
[G][05-31 15:42:44][xybjpk10] BETS ... [0][684898][61ms]
[G][05-31 15:42:44][xybjpk10] End ... [684898][121ms],status=2,result=03,04,08,05,07,06,10,09,02,01
[G][05-31 15:42:44][xybjpk10] Start ... [684897],status=0,result=01,04,05,10,02,03,08,06,09,07
[G][05-31 15:42:44][xybjpk10] BETS ... [0][684897][60ms]
[G][05-31 15:42:44][xybjpk10] End ... [684897][120ms],status=2,result=01,04,05,10,02,03,08,06,09,07
[G][05-31 15:42:45][xybjpk10] Start ... [684896],status=0,result=08,03,06,02,09,04,10,01,07,05
[G][05-31 15:42:45][xybjpk10] BETS ... [0][684896][155ms]
[G][05-31 15:42:45][xybjpk10] End ... [684896][216ms],status=2,result=08,03,06,02,09,04,10,01,07,05
[G][05-31 15:42:46][xybjpk10] Start ... [684900],status=0,result=07,02,09,04,10,06,05,03,01,08
[G][05-31 15:42:46][xybjpk10] BETS ... [0][684900][78ms]
[G][05-31 15:42:46][xybjpk10] End ... [684900][221ms],status=2,result=07,02,09,04,10,06,05,03,01,08
[G][05-31 15:42:47][xybjpk10] gsi last ... [283ms]684900,07,02,09,04,10,06,05,03,01,08
[G][05-31 15:43:39][xybjpk10] open err::=>Could not execute JDBC batch update
[G][05-31 15:43:56][xybjpk10] err::throw exception...
[G][05-31 15:47:30][xybjpk10] timer launch .....
[G][05-31 15:48:38][xybjpk10] fetching ..... [684901][ing=false],openTime=2018-05-31 15:47:00[1/80]
[G][05-31 15:48:38][xybjpk10] RESULTS  _____ [684901]=>09,01,07,04,02,05,08,06,03,10
[G][05-31 15:48:38][xybjpk10] timer clear .....
[G][05-31 15:48:38][xybjpk10] -------- OPENing --------
[G][05-31 15:48:40][xybjpk10] Start ... [684901],status=0,result=09,01,07,04,02,05,08,06,03,10
[G][05-31 15:48:40][xybjpk10] BETS ... [0][684901][56ms]
[G][05-31 15:48:40][xybjpk10] End ... [684901][124ms],status=2,result=09,01,07,04,02,05,08,06,03,10
[G][05-31 15:48:41][xybjpk10] gsi last ... [758ms]684901,09,01,07,04,02,05,08,06,03,10
[G][05-31 15:48:41][xybjpk10] trend ... [1][56ms]
[G][05-31 15:48:43][xybjpk10] removing opening flag ..... [684901]
[G][05-31 15:48:43][xybjpk10] SUCCESS  _^_^_ [684901][5677ms]
[G][05-31 15:52:30][xybjpk10] timer launch .....
[G][05-31 15:52:30][xybjpk10] fetching ..... [684902][ing=false],openTime=2018-05-31 15:52:00[1/80]
[G][05-31 15:52:35][xybjpk10] fetching ..... [684902][ing=false],openTime=2018-05-31 15:52:00[2/80]
[G][05-31 15:52:40][xybjpk10] fetching ..... [684902][ing=false],openTime=2018-05-31 15:52:00[3/80]
[G][05-31 15:52:46][xybjpk10] fetching ..... [684902][ing=false],openTime=2018-05-31 15:52:00[4/80]
[G][05-31 15:52:46][xybjpk10] RESULTS  _____ [684902]=>06,08,03,01,10,02,05,07,09,04
[G][05-31 15:52:46][xybjpk10] timer clear .....
[G][05-31 15:52:53][xybjpk10] -------- OPENing --------
[G][05-31 15:52:54][xybjpk10] Start ... [684902],status=0,result=06,08,03,01,10,02,05,07,09,04
[G][05-31 15:52:54][xybjpk10] BETS ... [0][684902][60ms]
[G][05-31 15:52:55][xybjpk10] End ... [684902][144ms],status=2,result=06,08,03,01,10,02,05,07,09,04
[G][05-31 15:52:56][xybjpk10] gsi last ... [824ms]684902,06,08,03,01,10,02,05,07,09,04
[G][05-31 15:52:56][xybjpk10] trend ... [1][70ms]
[G][05-31 15:52:58][xybjpk10] removing opening flag ..... [684902]
[G][05-31 15:52:58][xybjpk10] SUCCESS  _^_^_ [684902][12256ms]
[G][05-31 16:07:30][xybjpk10] timer launch .....
[G][05-31 16:07:36][xybjpk10] fetching ..... [684905][ing=false],openTime=2018-05-31 16:07:00[1/80]
[G][05-31 16:07:37][xybjpk10] fetching ..... [684905][ing=false],openTime=2018-05-31 16:07:00[2/80]
[G][05-31 16:07:42][xybjpk10] fetching ..... [684905][ing=false],openTime=2018-05-31 16:07:00[3/80]
[G][05-31 16:07:47][xybjpk10] fetching ..... [684905][ing=false],openTime=2018-05-31 16:07:00[4/80]
[G][05-31 16:07:47][xybjpk10] RESULTS  _____ [684905]=>07,03,01,06,02,10,04,08,09,05
[G][05-31 16:07:47][xybjpk10] timer clear .....
[G][05-31 16:07:47][xybjpk10] -------- OPENing --------
[G][05-31 16:07:48][xybjpk10] Start ... [684905],status=0,result=07,03,01,06,02,10,04,08,09,05
[G][05-31 16:07:49][xybjpk10] BETS ... [0][684905][466ms]
[G][05-31 16:07:49][xybjpk10] End ... [684905][523ms],status=2,result=07,03,01,06,02,10,04,08,09,05
[G][05-31 16:07:49][xybjpk10] Start ... [684904],status=0,result=06,01,04,09,10,07,02,08,03,05
[G][05-31 16:07:49][xybjpk10] BETS ... [0][684904][67ms]
[G][05-31 16:07:49][xybjpk10] End ... [684904][127ms],status=2,result=06,01,04,09,10,07,02,08,03,05
[G][05-31 16:07:49][xybjpk10] Start ... [684903],status=0,result=10,04,09,06,02,03,01,08,07,05
[G][05-31 16:07:50][xybjpk10] BETS ... [0][684903][63ms]
[G][05-31 16:07:50][xybjpk10] End ... [684903][121ms],status=2,result=10,04,09,06,02,03,01,08,07,05
[G][05-31 16:07:50][xybjpk10] gsi last ... [244ms]684905,07,03,01,06,02,10,04,08,09,05
[G][05-31 16:07:57][xybjpk10] trend ... [3][7214ms]
[G][05-31 16:08:02][xybjpk10] removing opening flag ..... [684905]
[G][05-31 16:08:02][xybjpk10] SUCCESS  _^_^_ [684905][15606ms]
[G][05-31 16:12:30][xybjpk10] timer launch .....
[G][05-31 16:12:30][xybjpk10] fetching ..... [684906][ing=false],openTime=2018-05-31 16:12:00[1/80]
[G][05-31 16:12:35][xybjpk10] fetching ..... [684906][ing=false],openTime=2018-05-31 16:12:00[2/80]
[G][05-31 16:12:40][xybjpk10] fetching ..... [684906][ing=false],openTime=2018-05-31 16:12:00[3/80]
[G][05-31 16:12:45][xybjpk10] fetching ..... [684906][ing=false],openTime=2018-05-31 16:12:00[4/80]
[G][05-31 16:12:50][xybjpk10] fetching ..... [684906][ing=false],openTime=2018-05-31 16:12:00[5/80]
[G][05-31 16:12:50][xybjpk10] RESULTS  _____ [684906]=>09,06,05,10,02,04,07,08,03,01
[G][05-31 16:12:50][xybjpk10] timer clear .....
[G][05-31 16:12:50][xybjpk10] -------- OPENing --------
[G][05-31 16:12:52][xybjpk10] Start ... [684906],status=0,result=09,06,05,10,02,04,07,08,03,01
[G][05-31 16:12:52][xybjpk10] BETS ... [0][684906][434ms]
[G][05-31 16:12:52][xybjpk10] End ... [684906][505ms],status=2,result=09,06,05,10,02,04,07,08,03,01
[G][05-31 16:12:53][xybjpk10] gsi last ... [513ms]684906,09,06,05,10,02,04,07,08,03,01
[G][05-31 16:12:53][xybjpk10] trend ... [1][64ms]
[G][05-31 16:12:55][xybjpk10] removing opening flag ..... [684906]
[G][05-31 16:12:55][xybjpk10] SUCCESS  _^_^_ [684906][5031ms]
[G][05-31 16:17:30][xybjpk10] timer launch .....
[G][05-31 16:17:35][xybjpk10] fetching ..... [684907][ing=false],openTime=2018-05-31 16:17:00[1/80]
[G][05-31 16:17:36][xybjpk10] fetching ..... [684907][ing=false],openTime=2018-05-31 16:17:00[2/80]
[G][05-31 16:17:41][xybjpk10] fetching ..... [684907][ing=false],openTime=2018-05-31 16:17:00[3/80]
[G][05-31 16:17:46][xybjpk10] fetching ..... [684907][ing=false],openTime=2018-05-31 16:17:00[4/80]
[G][05-31 16:17:46][xybjpk10] RESULTS  _____ [684907]=>02,03,01,04,09,07,05,06,10,08
[G][05-31 16:17:46][xybjpk10] timer clear .....
[G][05-31 16:17:46][xybjpk10] -------- OPENing --------
[G][05-31 16:17:47][xybjpk10] Start ... [684907],status=0,result=02,03,01,04,09,07,05,06,10,08
[G][05-31 16:17:47][xybjpk10] BETS ... [0][684907][61ms]
[G][05-31 16:17:47][xybjpk10] End ... [684907][122ms],status=2,result=02,03,01,04,09,07,05,06,10,08
[G][05-31 16:17:49][xybjpk10] gsi last ... [823ms]684907,02,03,01,04,09,07,05,06,10,08
[G][05-31 16:17:49][xybjpk10] trend ... [1][69ms]
[G][05-31 16:17:52][xybjpk10] removing opening flag ..... [684907]
[G][05-31 16:17:52][xybjpk10] SUCCESS  _^_^_ [684907][5662ms]
[G][05-31 16:22:30][xybjpk10] timer launch .....
[G][05-31 16:22:33][xybjpk10] fetching ..... [684908][ing=false],openTime=2018-05-31 16:22:00[1/80]
[G][05-31 16:22:40][xybjpk10] fetching ..... [684908][ing=false],openTime=2018-05-31 16:22:00[2/80]
[G][05-31 16:22:42][xybjpk10] fetching ..... [684908][ing=false],openTime=2018-05-31 16:22:00[3/80]
[G][05-31 16:22:51][xybjpk10] fetching ..... [684908][ing=false],openTime=2018-05-31 16:22:00[4/80]
[G][05-31 16:22:51][xybjpk10] RESULTS  _____ [684908]=>03,07,04,05,02,08,09,10,01,06
[G][05-31 16:22:51][xybjpk10] timer clear .....
[G][05-31 16:22:52][xybjpk10] -------- OPENing --------
[G][05-31 16:22:52][xybjpk10] Start ... [684908],status=0,result=03,07,04,05,02,08,09,10,01,06
[G][05-31 16:22:53][xybjpk10] BETS ... [0][684908][369ms]
[G][05-31 16:22:53][xybjpk10] End ... [684908][426ms],status=2,result=03,07,04,05,02,08,09,10,01,06
[G][05-31 16:22:54][xybjpk10] gsi last ... [218ms]684908,03,07,04,05,02,08,09,10,01,06
[G][05-31 16:22:54][xybjpk10] trend ... [1][70ms]
[G][05-31 16:22:56][xybjpk10] removing opening flag ..... [684908]
[G][05-31 16:22:56][xybjpk10] SUCCESS  _^_^_ [684908][5081ms]
[G][05-31 16:27:30][xybjpk10] timer launch .....
[G][05-31 16:27:45][xybjpk10] fetching ..... [684909][ing=false],openTime=2018-05-31 16:27:00[1/80]
[G][05-31 16:27:47][xybjpk10] fetching ..... [684909][ing=false],openTime=2018-05-31 16:27:00[2/80]
[G][05-31 16:27:47][xybjpk10] RESULTS  _____ [684909]=>05,02,04,10,01,08,06,07,03,09
[G][05-31 16:27:47][xybjpk10] timer clear .....
[G][05-31 16:29:20][xybjpk10] -------- OPENing --------
[G][05-31 16:29:20][xybjpk10] Start ... [684909],status=0,result=05,02,04,10,01,08,06,07,03,09
[G][05-31 16:29:20][xybjpk10] BETS ... [0][684909][203ms]
[G][05-31 16:29:21][xybjpk10] End ... [684909][404ms],status=2,result=05,02,04,10,01,08,06,07,03,09
[G][05-31 16:29:27][xybjpk10] gsi last ... [845ms]684909,05,02,04,10,01,08,06,07,03,09
[G][05-31 16:29:27][xybjpk10] trend ... [1][205ms]
[G][05-31 16:29:36][xybjpk10] removing opening flag ..... [684909]
[G][05-31 16:29:36][xybjpk10] SUCCESS  _^_^_ [684909][108684ms]
[G][05-31 16:30:11][xybjpk10] init session[11430ms]
[G][05-31 16:32:30][xybjpk10] timer launch .....
[G][05-31 16:32:51][xybjpk10] fetching ..... [684910][ing=false],openTime=2018-05-31 16:32:00[1/80]
[G][05-31 16:32:51][xybjpk10] RESULTS  _____ [684910]=>03,09,04,05,08,10,01,06,07,02
[G][05-31 16:32:51][xybjpk10] timer clear .....
[G][05-31 16:32:52][xybjpk10] -------- OPENing --------
[G][05-31 16:32:55][xybjpk10] Start ... [684910],status=0,result=03,09,04,05,08,10,01,06,07,02
[G][05-31 16:32:55][xybjpk10] BETS ... [0][684910][201ms]
[G][05-31 16:32:55][xybjpk10] End ... [684910][404ms],status=2,result=03,09,04,05,08,10,01,06,07,02
[G][05-31 16:32:59][xybjpk10] gsi last ... [1399ms]684910,03,09,04,05,08,10,01,06,07,02
[G][05-31 16:32:59][xybjpk10] trend ... [1][206ms]
[G][05-31 16:33:09][xybjpk10] removing opening flag ..... [684910]
[G][05-31 16:33:09][xybjpk10] SUCCESS  _^_^_ [684910][18218ms]
[G][05-31 16:37:30][xybjpk10] timer launch .....
[G][05-31 16:37:39][xybjpk10] fetching ..... [684911][ing=false],openTime=2018-05-31 16:37:00[1/80]
[G][05-31 16:37:40][xybjpk10] fetching ..... [684911][ing=false],openTime=2018-05-31 16:37:00[2/80]
[G][05-31 16:37:45][xybjpk10] fetching ..... [684911][ing=false],openTime=2018-05-31 16:37:00[3/80]
[G][05-31 16:37:45][xybjpk10] RESULTS  _____ [684911]=>06,07,02,05,08,09,10,03,01,04
[G][05-31 16:37:45][xybjpk10] timer clear .....
[G][05-31 16:37:45][xybjpk10] -------- OPENing --------
[G][05-31 16:37:46][xybjpk10] Start ... [684911],status=0,result=06,07,02,05,08,09,10,03,01,04
[G][05-31 16:37:46][xybjpk10] BETS ... [0][684911][54ms]
[G][05-31 16:37:46][xybjpk10] End ... [684911][110ms],status=2,result=06,07,02,05,08,09,10,03,01,04
[G][05-31 16:37:47][xybjpk10] gsi last ... [174ms]684911,06,07,02,05,08,09,10,03,01,04
[G][05-31 16:37:47][xybjpk10] trend ... [1][55ms]
[G][05-31 16:37:50][xybjpk10] removing opening flag ..... [684911]
[G][05-31 16:37:50][xybjpk10] SUCCESS  _^_^_ [684911][5004ms]
[G][05-31 16:42:30][xybjpk10] timer launch .....
[G][05-31 16:42:31][xybjpk10] fetching ..... [684912][ing=false],openTime=2018-05-31 16:42:00[1/80]
[G][05-31 16:42:35][xybjpk10] fetching ..... [684912][ing=false],openTime=2018-05-31 16:42:00[2/80]
[G][05-31 16:42:40][xybjpk10] fetching ..... [684912][ing=false],openTime=2018-05-31 16:42:00[3/80]
[G][05-31 16:42:45][xybjpk10] fetching ..... [684912][ing=false],openTime=2018-05-31 16:42:00[4/80]
[G][05-31 16:42:50][xybjpk10] fetching ..... [684912][ing=false],openTime=2018-05-31 16:42:00[5/80]
[G][05-31 16:42:50][xybjpk10] RESULTS  _____ [684912]=>05,06,07,01,09,04,03,10,08,02
[G][05-31 16:42:50][xybjpk10] timer clear .....
[G][05-31 16:42:50][xybjpk10] -------- OPENing --------
[G][05-31 16:42:51][xybjpk10] Start ... [684912],status=0,result=05,06,07,01,09,04,03,10,08,02
[G][05-31 16:42:51][xybjpk10] BETS ... [0][684912][72ms]
[G][05-31 16:42:51][xybjpk10] End ... [684912][129ms],status=2,result=05,06,07,01,09,04,03,10,08,02
[G][05-31 16:42:52][xybjpk10] gsi last ... [244ms]684912,05,06,07,01,09,04,03,10,08,02
[G][05-31 16:42:52][xybjpk10] trend ... [1][63ms]
[G][05-31 16:42:56][xybjpk10] removing opening flag ..... [684912]
[G][05-31 16:42:56][xybjpk10] SUCCESS  _^_^_ [684912][5577ms]
[G][05-31 16:47:30][xybjpk10] timer launch .....
[G][05-31 16:47:33][xybjpk10] fetching ..... [684913][ing=false],openTime=2018-05-31 16:47:00[1/80]
[G][05-31 16:47:36][xybjpk10] fetching ..... [684913][ing=false],openTime=2018-05-31 16:47:00[2/80]
[G][05-31 16:47:41][xybjpk10] fetching ..... [684913][ing=false],openTime=2018-05-31 16:47:00[3/80]
[G][05-31 16:47:48][xybjpk10] fetching ..... [684913][ing=false],openTime=2018-05-31 16:47:00[4/80]
[G][05-31 16:47:48][xybjpk10] RESULTS  _____ [684913]=>04,10,07,03,05,09,08,06,01,02
[G][05-31 16:47:48][xybjpk10] timer clear .....
[G][05-31 16:47:48][xybjpk10] -------- OPENing --------
[G][05-31 16:47:49][xybjpk10] Start ... [684913],status=0,result=04,10,07,03,05,09,08,06,01,02
[G][05-31 16:47:49][xybjpk10] BETS ... [0][684913][63ms]
[G][05-31 16:47:49][xybjpk10] End ... [684913][123ms],status=2,result=04,10,07,03,05,09,08,06,01,02
[G][05-31 16:47:49][xybjpk10] gsi last ... [180ms]684913,04,10,07,03,05,09,08,06,01,02
[G][05-31 16:47:49][xybjpk10] trend ... [1][60ms]
[G][05-31 16:47:52][xybjpk10] removing opening flag ..... [684913]
[G][05-31 16:47:52][xybjpk10] SUCCESS  _^_^_ [684913][4654ms]
[G][05-31 16:52:30][xybjpk10] timer launch .....
[G][05-31 16:52:45][xybjpk10] fetching ..... [684914][ing=false],openTime=2018-05-31 16:52:00[1/80]
[G][05-31 16:52:46][xybjpk10] fetching ..... [684914][ing=false],openTime=2018-05-31 16:52:00[2/80]
[G][05-31 16:52:51][xybjpk10] fetching ..... [684914][ing=false],openTime=2018-05-31 16:52:00[3/80]
[G][05-31 16:52:51][xybjpk10] RESULTS  _____ [684914]=>05,04,09,07,01,08,10,02,03,06
[G][05-31 16:52:51][xybjpk10] timer clear .....
[G][05-31 16:52:51][xybjpk10] -------- OPENing --------
[G][05-31 16:52:53][xybjpk10] Start ... [684914],status=0,result=05,04,09,07,01,08,10,02,03,06
[G][05-31 16:52:53][xybjpk10] BETS ... [0][684914][439ms]
[G][05-31 16:52:53][xybjpk10] End ... [684914][535ms],status=2,result=05,04,09,07,01,08,10,02,03,06
[G][05-31 16:52:54][xybjpk10] gsi last ... [1132ms]684914,05,04,09,07,01,08,10,02,03,06
[G][05-31 16:52:54][xybjpk10] trend ... [1][69ms]
[G][05-31 16:52:57][xybjpk10] removing opening flag ..... [684914]
[G][05-31 16:52:57][xybjpk10] SUCCESS  _^_^_ [684914][5665ms]
[G][05-31 16:57:30][xybjpk10] timer launch .....
[G][05-31 16:57:31][xybjpk10] fetching ..... [684915][ing=false],openTime=2018-05-31 16:57:00[1/80]
[G][05-31 16:57:35][xybjpk10] fetching ..... [684915][ing=false],openTime=2018-05-31 16:57:00[2/80]
[G][05-31 16:57:40][xybjpk10] fetching ..... [684915][ing=false],openTime=2018-05-31 16:57:00[3/80]
[G][05-31 16:57:40][xybjpk10] RESULTS  _____ [684915]=>10,08,02,04,03,06,05,09,01,07
[G][05-31 16:57:40][xybjpk10] timer clear .....
[G][05-31 16:57:40][xybjpk10] -------- OPENing --------
[G][05-31 16:57:42][xybjpk10] Start ... [684915],status=0,result=10,08,02,04,03,06,05,09,01,07
[G][05-31 16:57:42][xybjpk10] BETS ... [0][684915][79ms]
[G][05-31 16:57:42][xybjpk10] End ... [684915][156ms],status=2,result=10,08,02,04,03,06,05,09,01,07
[G][05-31 16:57:43][xybjpk10] gsi last ... [562ms]684915,10,08,02,04,03,06,05,09,01,07
[G][05-31 16:57:43][xybjpk10] trend ... [1][82ms]
[G][05-31 16:57:47][xybjpk10] removing opening flag ..... [684915]
[G][05-31 16:57:47][xybjpk10] SUCCESS  _^_^_ [684915][7099ms]
[G][05-31 17:00:16][xybjpk10] init session[16493ms]
[G][05-31 17:02:30][xybjpk10] timer launch .....
[G][05-31 18:22:30][xybjpk10] timer launch .....
[G][05-31 18:22:30][xybjpk10] fetching ..... [684932][ing=false],openTime=2018-05-31 18:22:00[1/80]
[G][05-31 18:22:35][xybjpk10] fetching ..... [684932][ing=false],openTime=2018-05-31 18:22:00[2/80]
[G][05-31 18:22:40][xybjpk10] fetching ..... [684932][ing=false],openTime=2018-05-31 18:22:00[3/80]
[G][05-31 18:22:45][xybjpk10] fetching ..... [684932][ing=false],openTime=2018-05-31 18:22:00[4/80]
[G][05-31 18:22:50][xybjpk10] fetching ..... [684932][ing=false],openTime=2018-05-31 18:22:00[5/80]
[G][05-31 18:22:50][xybjpk10] RESULTS  _____ [684932]=>06,09,01,02,04,08,10,03,05,07
[G][05-31 18:22:50][xybjpk10] timer clear .....
[G][05-31 18:22:50][xybjpk10] -------- OPENing --------
[G][05-31 18:22:50][xybjpk10] Start ... [684931],status=0,result=07,10,08,04,05,01,03,02,09,06
[G][05-31 18:22:50][xybjpk10] BETS ... [0][684931][54ms]
[G][05-31 18:22:50][xybjpk10] End ... [684931][109ms],status=2,result=07,10,08,04,05,01,03,02,09,06
[G][05-31 18:22:50][xybjpk10] Start ... [684922],status=0,result=09,08,03,01,07,05,10,06,02,04
[G][05-31 18:22:51][xybjpk10] BETS ... [0][684922][69ms]
[G][05-31 18:22:51][xybjpk10] End ... [684922][122ms],status=2,result=09,08,03,01,07,05,10,06,02,04
[G][05-31 18:22:51][xybjpk10] Start ... [684930],status=0,result=05,06,07,08,04,03,01,02,09,10
[G][05-31 18:22:51][xybjpk10] BETS ... [0][684930][89ms]
[G][05-31 18:22:51][xybjpk10] End ... [684930][147ms],status=2,result=05,06,07,08,04,03,01,02,09,10
[G][05-31 18:22:51][xybjpk10] Start ... [684921],status=0,result=05,09,02,10,01,07,06,08,03,04
[G][05-31 18:22:51][xybjpk10] BETS ... [0][684921][56ms]
[G][05-31 18:22:51][xybjpk10] End ... [684921][109ms],status=2,result=05,09,02,10,01,07,06,08,03,04
[G][05-31 18:22:51][xybjpk10] Start ... [684920],status=0,result=08,03,01,06,02,05,07,04,10,09
[G][05-31 18:22:51][xybjpk10] BETS ... [0][684920][54ms]
[G][05-31 18:22:51][xybjpk10] End ... [684920][106ms],status=2,result=08,03,01,06,02,05,07,04,10,09
[G][05-31 18:22:51][xybjpk10] Start ... [684932],status=0,result=06,09,01,02,04,08,10,03,05,07
[G][05-31 18:22:52][xybjpk10] BETS ... [0][684932][68ms]
[G][05-31 18:22:52][xybjpk10] End ... [684932][125ms],status=2,result=06,09,01,02,04,08,10,03,05,07
[G][05-31 18:22:52][xybjpk10] Start ... [684917],status=0,result=04,05,02,06,01,08,07,10,03,09
[G][05-31 18:22:52][xybjpk10] BETS ... [0][684917][54ms]
[G][05-31 18:22:52][xybjpk10] End ... [684917][119ms],status=2,result=04,05,02,06,01,08,07,10,03,09
[G][05-31 18:22:52][xybjpk10] Start ... [684926],status=0,result=09,07,03,06,10,02,04,01,08,05
[G][05-31 18:22:52][xybjpk10] BETS ... [0][684926][64ms]
[G][05-31 18:22:52][xybjpk10] End ... [684926][118ms],status=2,result=09,07,03,06,10,02,04,01,08,05
[G][05-31 18:22:52][xybjpk10] Start ... [684916],status=0,result=08,04,10,06,01,07,03,05,09,02
[G][05-31 18:22:52][xybjpk10] BETS ... [0][684916][55ms]
[G][05-31 18:22:52][xybjpk10] End ... [684916][106ms],status=2,result=08,04,10,06,01,07,03,05,09,02
[G][05-31 18:22:52][xybjpk10] Start ... [684925],status=0,result=10,08,09,06,03,01,05,04,02,07
[G][05-31 18:22:52][xybjpk10] BETS ... [0][684925][55ms]
[G][05-31 18:22:53][xybjpk10] End ... [684925][107ms],status=2,result=10,08,09,06,03,01,05,04,02,07
[G][05-31 18:22:53][xybjpk10] Start ... [684919],status=0,result=04,10,05,08,03,06,01,07,02,09
[G][05-31 18:22:53][xybjpk10] BETS ... [0][684919][58ms]
[G][05-31 18:22:53][xybjpk10] End ... [684919][110ms],status=2,result=04,10,05,08,03,06,01,07,02,09
[G][05-31 18:22:53][xybjpk10] Start ... [684924],status=0,result=02,05,09,07,08,06,04,01,03,10
[G][05-31 18:22:53][xybjpk10] BETS ... [0][684924][58ms]
[G][05-31 18:22:53][xybjpk10] End ... [684924][113ms],status=2,result=02,05,09,07,08,06,04,01,03,10
[G][05-31 18:22:53][xybjpk10] Start ... [684918],status=0,result=04,05,07,02,08,01,06,03,10,09
[G][05-31 18:22:53][xybjpk10] BETS ... [0][684918][56ms]
[G][05-31 18:22:53][xybjpk10] End ... [684918][115ms],status=2,result=04,05,07,02,08,01,06,03,10,09
[G][05-31 18:22:53][xybjpk10] Start ... [684923],status=0,result=05,03,09,04,10,07,06,08,01,02
[G][05-31 18:22:53][xybjpk10] BETS ... [0][684923][53ms]
[G][05-31 18:22:53][xybjpk10] End ... [684923][109ms],status=2,result=05,03,09,04,10,07,06,08,01,02
[G][05-31 18:22:54][xybjpk10] Start ... [684929],status=0,result=08,05,02,09,10,07,04,01,06,03
[G][05-31 18:22:54][xybjpk10] BETS ... [0][684929][70ms]
[G][05-31 18:22:54][xybjpk10] End ... [684929][124ms],status=2,result=08,05,02,09,10,07,04,01,06,03
[G][05-31 18:22:54][xybjpk10] Start ... [684928],status=0,result=04,09,03,08,05,06,07,02,10,01
[G][05-31 18:22:54][xybjpk10] BETS ... [0][684928][141ms]
[G][05-31 18:22:54][xybjpk10] End ... [684928][195ms],status=2,result=04,09,03,08,05,06,07,02,10,01
[G][05-31 18:22:55][xybjpk10] Start ... [684927],status=0,result=05,01,08,07,03,09,06,02,04,10
[G][05-31 18:22:55][xybjpk10] BETS ... [0][684927][66ms]
[G][05-31 18:22:55][xybjpk10] End ... [684927][121ms],status=2,result=05,01,08,07,03,09,06,02,04,10
[G][05-31 18:22:55][xybjpk10] gsi last ... [613ms]684932,06,09,01,02,04,08,10,03,05,07
[G][05-31 18:23:29][xybjpk10] trend ... [17][33599ms]
[G][05-31 18:23:31][xybjpk10] removing opening flag ..... [684932]
[G][05-31 18:23:31][xybjpk10] SUCCESS  _^_^_ [684932][41231ms]
[G][05-31 18:27:30][xybjpk10] timer launch .....
[G][05-31 18:27:33][xybjpk10] fetching ..... [684933][ing=false],openTime=2018-05-31 18:27:00[1/80]
[G][05-31 18:27:35][xybjpk10] fetching ..... [684933][ing=false],openTime=2018-05-31 18:27:00[2/80]
[G][05-31 18:27:40][xybjpk10] fetching ..... [684933][ing=false],openTime=2018-05-31 18:27:00[3/80]
[G][05-31 18:27:45][xybjpk10] fetching ..... [684933][ing=false],openTime=2018-05-31 18:27:00[4/80]
[G][05-31 18:27:45][xybjpk10] RESULTS  _____ [684933]=>03,10,05,09,06,07,08,01,04,02
[G][05-31 18:27:45][xybjpk10] timer clear .....
[G][05-31 18:27:46][xybjpk10] -------- OPENing --------
[G][05-31 18:27:46][xybjpk10] Start ... [684933],status=0,result=03,10,05,09,06,07,08,01,04,02
[G][05-31 18:27:46][xybjpk10] BETS ... [0][684933][77ms]
[G][05-31 18:27:46][xybjpk10] End ... [684933][132ms],status=2,result=03,10,05,09,06,07,08,01,04,02
[G][05-31 18:27:48][xybjpk10] gsi last ... [212ms]684933,03,10,05,09,06,07,08,01,04,02
[G][05-31 18:27:48][xybjpk10] trend ... [1][67ms]
[G][05-31 18:27:50][xybjpk10] removing opening flag ..... [684933]
[G][05-31 18:27:50][xybjpk10] SUCCESS  _^_^_ [684933][4322ms]
[G][05-31 18:30:04][xybjpk10] init session[4683ms]
[G][05-31 18:32:30][xybjpk10] timer launch .....
[G][05-31 18:32:30][xybjpk10] fetching ..... [684934][ing=false],openTime=2018-05-31 18:32:00[1/80]
[G][05-31 18:32:35][xybjpk10] fetching ..... [684934][ing=false],openTime=2018-05-31 18:32:00[2/80]
[G][05-31 18:32:40][xybjpk10] fetching ..... [684934][ing=false],openTime=2018-05-31 18:32:00[3/80]
[G][05-31 18:32:45][xybjpk10] fetching ..... [684934][ing=false],openTime=2018-05-31 18:32:00[4/80]
[G][05-31 18:32:45][xybjpk10] RESULTS  _____ [684934]=>03,07,06,09,01,10,05,04,08,02
[G][05-31 18:32:45][xybjpk10] timer clear .....
[G][05-31 18:32:45][xybjpk10] -------- OPENing --------
[G][05-31 18:32:46][xybjpk10] Start ... [684934],status=0,result=03,07,06,09,01,10,05,04,08,02
[G][05-31 18:32:46][xybjpk10] BETS ... [0][684934][57ms]
[G][05-31 18:32:46][xybjpk10] End ... [684934][109ms],status=2,result=03,07,06,09,01,10,05,04,08,02
[G][05-31 18:32:47][xybjpk10] gsi last ... [173ms]684934,03,07,06,09,01,10,05,04,08,02
[G][05-31 18:32:47][xybjpk10] trend ... [1][54ms]
[G][05-31 18:32:49][xybjpk10] removing opening flag ..... [684934]
[G][05-31 18:32:49][xybjpk10] SUCCESS  _^_^_ [684934][3773ms]
[G][05-31 18:37:30][xybjpk10] timer launch .....
[G][05-31 18:37:32][xybjpk10] fetching ..... [684935][ing=false],openTime=2018-05-31 18:37:00[1/80]
[G][05-31 18:37:37][xybjpk10] fetching ..... [684935][ing=false],openTime=2018-05-31 18:37:00[2/80]
[G][05-31 18:37:42][xybjpk10] fetching ..... [684935][ing=false],openTime=2018-05-31 18:37:00[3/80]
[G][05-31 18:37:48][xybjpk10] fetching ..... [684935][ing=false],openTime=2018-05-31 18:37:00[4/80]
[G][05-31 18:37:48][xybjpk10] RESULTS  _____ [684935]=>02,10,07,01,03,05,06,08,04,09
[G][05-31 18:37:48][xybjpk10] timer clear .....
[G][05-31 18:37:49][xybjpk10] -------- OPENing --------
[G][05-31 18:37:49][xybjpk10] Start ... [684935],status=0,result=02,10,07,01,03,05,06,08,04,09
[G][05-31 18:37:49][xybjpk10] BETS ... [0][684935][58ms]
[G][05-31 18:37:50][xybjpk10] End ... [684935][150ms],status=2,result=02,10,07,01,03,05,06,08,04,09
[G][05-31 18:37:51][xybjpk10] gsi last ... [187ms]684935,02,10,07,01,03,05,06,08,04,09
[G][05-31 18:37:51][xybjpk10] trend ... [1][56ms]
[G][05-31 18:37:53][xybjpk10] removing opening flag ..... [684935]
[G][05-31 18:37:53][xybjpk10] SUCCESS  _^_^_ [684935][4949ms]
[G][05-31 18:42:30][xybjpk10] timer launch .....
[G][05-31 18:42:30][xybjpk10] fetching ..... [684936][ing=false],openTime=2018-05-31 18:42:00[1/80]
[G][05-31 18:42:35][xybjpk10] fetching ..... [684936][ing=false],openTime=2018-05-31 18:42:00[2/80]
[G][05-31 18:42:40][xybjpk10] fetching ..... [684936][ing=false],openTime=2018-05-31 18:42:00[3/80]
[G][05-31 18:42:45][xybjpk10] fetching ..... [684936][ing=false],openTime=2018-05-31 18:42:00[4/80]
[G][05-31 18:42:45][xybjpk10] RESULTS  _____ [684936]=>08,09,05,04,03,07,01,06,02,10
[G][05-31 18:42:45][xybjpk10] timer clear .....
[G][05-31 18:42:45][xybjpk10] -------- OPENing --------
[G][05-31 18:42:46][xybjpk10] Start ... [684936],status=0,result=08,09,05,04,03,07,01,06,02,10
[G][05-31 18:42:46][xybjpk10] BETS ... [0][684936][60ms]
[G][05-31 18:42:47][xybjpk10] End ... [684936][118ms],status=2,result=08,09,05,04,03,07,01,06,02,10
[G][05-31 18:42:47][xybjpk10] gsi last ... [130ms]684936,08,09,05,04,03,07,01,06,02,10
[G][05-31 18:42:47][xybjpk10] trend ... [1][57ms]
[G][05-31 18:42:49][xybjpk10] removing opening flag ..... [684936]
[G][05-31 18:42:49][xybjpk10] SUCCESS  _^_^_ [684936][3829ms]
[G][05-31 18:47:30][xybjpk10] timer launch .....
[G][05-31 18:47:34][xybjpk10] fetching ..... [684937][ing=false],openTime=2018-05-31 18:47:00[1/80]
[G][05-31 18:47:35][xybjpk10] fetching ..... [684937][ing=false],openTime=2018-05-31 18:47:00[2/80]
[G][05-31 18:47:40][xybjpk10] fetching ..... [684937][ing=false],openTime=2018-05-31 18:47:00[3/80]
[G][05-31 18:47:45][xybjpk10] fetching ..... [684937][ing=false],openTime=2018-05-31 18:47:00[4/80]
[G][05-31 18:47:45][xybjpk10] RESULTS  _____ [684937]=>03,10,05,09,02,07,04,01,06,08
[G][05-31 18:47:45][xybjpk10] timer clear .....
[G][05-31 18:47:49][xybjpk10] -------- OPENing --------
[G][05-31 18:47:50][xybjpk10] Start ... [684937],status=0,result=03,10,05,09,02,07,04,01,06,08
[G][05-31 18:47:50][xybjpk10] BETS ... [0][684937][55ms]
[G][05-31 18:47:50][xybjpk10] End ... [684937][110ms],status=2,result=03,10,05,09,02,07,04,01,06,08
[G][05-31 18:47:51][xybjpk10] gsi last ... [165ms]684937,03,10,05,09,02,07,04,01,06,08
[G][05-31 18:47:51][xybjpk10] trend ... [1][53ms]
[G][05-31 18:47:53][xybjpk10] removing opening flag ..... [684937]
[G][05-31 18:47:53][xybjpk10] SUCCESS  _^_^_ [684937][7568ms]
[G][05-31 18:52:30][xybjpk10] timer launch .....
[G][05-31 18:52:31][xybjpk10] fetching ..... [684938][ing=false],openTime=2018-05-31 18:52:00[1/80]
[G][05-31 18:52:35][xybjpk10] fetching ..... [684938][ing=false],openTime=2018-05-31 18:52:00[2/80]
[G][05-31 18:52:40][xybjpk10] fetching ..... [684938][ing=false],openTime=2018-05-31 18:52:00[3/80]
[G][05-31 18:52:45][xybjpk10] fetching ..... [684938][ing=false],openTime=2018-05-31 18:52:00[4/80]
[G][05-31 18:52:50][xybjpk10] fetching ..... [684938][ing=false],openTime=2018-05-31 18:52:00[5/80]
[G][05-31 18:52:50][xybjpk10] RESULTS  _____ [684938]=>08,10,05,04,02,07,03,09,01,06
[G][05-31 18:52:50][xybjpk10] timer clear .....
[G][05-31 18:52:50][xybjpk10] -------- OPENing --------
[G][05-31 18:52:52][xybjpk10] Start ... [684938],status=0,result=08,10,05,04,02,07,03,09,01,06
[G][05-31 18:52:52][xybjpk10] BETS ... [0][684938][61ms]
[G][05-31 18:52:52][xybjpk10] End ... [684938][119ms],status=2,result=08,10,05,04,02,07,03,09,01,06
[G][05-31 18:52:52][xybjpk10] gsi last ... [179ms]684938,08,10,05,04,02,07,03,09,01,06
[G][05-31 18:52:52][xybjpk10] trend ... [1][56ms]
[G][05-31 18:52:55][xybjpk10] removing opening flag ..... [684938]
[G][05-31 18:52:55][xybjpk10] SUCCESS  _^_^_ [684938][4370ms]
[G][05-31 18:57:30][xybjpk10] timer launch .....
[G][05-31 18:57:33][xybjpk10] fetching ..... [684939][ing=false],openTime=2018-05-31 18:57:00[1/80]
[G][05-31 18:57:35][xybjpk10] fetching ..... [684939][ing=false],openTime=2018-05-31 18:57:00[2/80]
[G][05-31 18:57:40][xybjpk10] fetching ..... [684939][ing=false],openTime=2018-05-31 18:57:00[3/80]
[G][05-31 18:57:45][xybjpk10] fetching ..... [684939][ing=false],openTime=2018-05-31 18:57:00[4/80]
[G][05-31 18:57:45][xybjpk10] RESULTS  _____ [684939]=>06,07,05,10,04,08,02,03,09,01
[G][05-31 18:57:45][xybjpk10] timer clear .....
[G][05-31 18:57:45][xybjpk10] -------- OPENing --------
[G][05-31 18:57:46][xybjpk10] Start ... [684939],status=0,result=06,07,05,10,04,08,02,03,09,01
[G][05-31 18:57:46][xybjpk10] BETS ... [0][684939][58ms]
[G][05-31 18:57:47][xybjpk10] End ... [684939][116ms],status=2,result=06,07,05,10,04,08,02,03,09,01
[G][05-31 18:57:47][xybjpk10] gsi last ... [617ms]684939,06,07,05,10,04,08,02,03,09,01
[G][05-31 18:57:48][xybjpk10] trend ... [1][57ms]
[G][05-31 18:57:50][xybjpk10] removing opening flag ..... [684939]
[G][05-31 18:57:50][xybjpk10] SUCCESS  _^_^_ [684939][4405ms]
[G][05-31 19:00:06][xybjpk10] init session[6443ms]
[G][05-31 19:02:30][xybjpk10] timer launch .....
[G][05-31 19:02:30][xybjpk10] fetching ..... [684940][ing=false],openTime=2018-05-31 19:02:00[1/80]
[G][05-31 19:02:35][xybjpk10] fetching ..... [684940][ing=false],openTime=2018-05-31 19:02:00[2/80]
[G][05-31 19:02:40][xybjpk10] fetching ..... [684940][ing=false],openTime=2018-05-31 19:02:00[3/80]
[G][05-31 19:02:45][xybjpk10] fetching ..... [684940][ing=false],openTime=2018-05-31 19:02:00[4/80]
[G][05-31 19:02:45][xybjpk10] RESULTS  _____ [684940]=>02,04,08,06,05,01,03,09,07,10
[G][05-31 19:02:45][xybjpk10] timer clear .....
[G][05-31 19:02:46][xybjpk10] -------- OPENing --------
[G][05-31 19:02:48][xybjpk10] Start ... [684940],status=0,result=02,04,08,06,05,01,03,09,07,10
[G][05-31 19:02:48][xybjpk10] BETS ... [0][684940][89ms]
[G][05-31 19:02:48][xybjpk10] End ... [684940][182ms],status=2,result=02,04,08,06,05,01,03,09,07,10
[G][05-31 19:02:48][xybjpk10] gsi last ... [187ms]684940,02,04,08,06,05,01,03,09,07,10
[G][05-31 19:02:48][xybjpk10] trend ... [1][60ms]
[G][05-31 19:02:51][xybjpk10] removing opening flag ..... [684940]
[G][05-31 19:02:51][xybjpk10] SUCCESS  _^_^_ [684940][5924ms]
[G][05-31 19:07:30][xybjpk10] timer launch .....
[G][05-31 19:07:35][xybjpk10] fetching ..... [684941][ing=false],openTime=2018-05-31 19:07:00[1/80]
[G][05-31 19:07:36][xybjpk10] fetching ..... [684941][ing=false],openTime=2018-05-31 19:07:00[2/80]
[G][05-31 19:07:42][xybjpk10] fetching ..... [684941][ing=false],openTime=2018-05-31 19:07:00[3/80]
[G][05-31 19:07:46][xybjpk10] fetching ..... [684941][ing=false],openTime=2018-05-31 19:07:00[4/80]
[G][05-31 19:07:46][xybjpk10] RESULTS  _____ [684941]=>08,10,05,03,09,02,07,01,04,06
[G][05-31 19:07:46][xybjpk10] timer clear .....
[G][05-31 19:07:46][xybjpk10] -------- OPENing --------
[G][05-31 19:07:47][xybjpk10] Start ... [684941],status=0,result=08,10,05,03,09,02,07,01,04,06
[G][05-31 19:07:47][xybjpk10] BETS ... [0][684941][51ms]
[G][05-31 19:07:47][xybjpk10] End ... [684941][99ms],status=2,result=08,10,05,03,09,02,07,01,04,06
[G][05-31 19:07:48][xybjpk10] gsi last ... [118ms]684941,08,10,05,03,09,02,07,01,04,06
[G][05-31 19:07:48][xybjpk10] trend ... [1][55ms]
[G][05-31 19:07:50][xybjpk10] removing opening flag ..... [684941]
[G][05-31 19:07:50][xybjpk10] SUCCESS  _^_^_ [684941][3883ms]
