[G][05-31 09:06:10][xybj3] timer launch .....
[G][05-31 09:09:10][xybj3] timer launch .....
[G][05-31 09:12:10][xybj3] timer launch .....
[G][05-31 09:15:10][xybj3] timer launch .....
[G][05-31 09:18:10][xybj3] timer launch .....
[G][05-31 09:21:10][xybj3] timer launch .....
[G][05-31 09:24:10][xybj3] timer launch .....
[G][05-31 09:27:10][xybj3] timer launch .....
[G][05-31 09:31:12][xybj3] timer launch .....
[G][05-31 09:32:49][xybj3] init session[169500ms]
[G][05-31 09:33:10][xybj3] timer launch .....
[G][05-31 09:36:10][xybj3] timer launch .....
[G][05-31 09:39:10][xybj3] timer launch .....
[G][05-31 09:42:10][xybj3] timer launch .....
[G][05-31 09:45:10][xybj3] timer launch .....
[G][05-31 09:48:10][xybj3] timer launch .....
[G][05-31 09:51:10][xybj3] timer launch .....
[G][05-31 09:54:10][xybj3] timer launch .....
[G][05-31 09:57:10][xybj3] timer launch .....
[G][05-31 10:00:21][xybj3] timer launch .....
[G][05-31 10:00:38][xybj3] init session[38147ms]
[G][05-31 10:03:10][xybj3] timer launch .....
[G][05-31 10:06:10][xybj3] timer launch .....
[G][05-31 10:09:10][xybj3] timer launch .....
[G][05-31 10:12:10][xybj3] timer launch .....
[G][05-31 10:15:10][xybj3] timer launch .....
[G][05-31 10:18:10][xybj3] timer launch .....
[G][05-31 10:21:10][xybj3] timer launch .....
[G][05-31 10:24:10][xybj3] timer launch .....
[G][05-31 10:27:10][xybj3] timer launch .....
[G][05-31 14:00:01][xybj3] init session[1773ms]
[G][05-31 14:00:10][xybj3] timer launch .....
[G][05-31 15:45:10][xybj3] timer launch .....
[G][05-31 15:45:26][xybj3] fetching ..... [180531255][ing=false],openTime=2018-05-31 15:45:00[1/80]
[G][05-31 15:45:27][xybj3] fetching ..... [180531255][ing=false],openTime=2018-05-31 15:45:00[2/80]
[G][05-31 15:45:36][xybj3] fetching ..... [180531255][ing=false],openTime=2018-05-31 15:45:00[3/80]
[G][05-31 15:45:37][xybj3] RESULTS  _____ [180531255]=>3,7,2,7,5
[G][05-31 15:45:37][xybj3] timer clear .....
[G][05-31 15:45:44][xybj3] -------- OPENing --------
[G][05-31 15:45:45][xybj3] Start ... [180531250],status=0,result=9,7,7,8,4
[G][05-31 15:45:45][xybj3] BETS ... [0][180531250][96ms]
[G][05-31 15:45:45][xybj3] End ... [180531250][276ms],status=2,result=9,7,7,8,4
[G][05-31 15:45:45][xybj3] Start ... [180531254],status=0,result=7,3,6,6,2
[G][05-31 15:45:45][xybj3] BETS ... [0][180531254][69ms]
[G][05-31 15:45:45][xybj3] End ... [180531254][132ms],status=2,result=7,3,6,6,2
[G][05-31 15:45:45][xybj3] Start ... [180531253],status=0,result=4,0,8,2,1
[G][05-31 15:45:46][xybj3] BETS ... [0][180531253][64ms]
[G][05-31 15:45:46][xybj3] End ... [180531253][479ms],status=2,result=4,0,8,2,1
[G][05-31 15:45:46][xybj3] Start ... [180531252],status=0,result=4,8,0,9,3
[G][05-31 15:45:46][xybj3] BETS ... [0][180531252][158ms]
[G][05-31 15:45:46][xybj3] End ... [180531252][215ms],status=2,result=4,8,0,9,3
[G][05-31 15:45:46][xybj3] Start ... [180531251],status=0,result=2,9,7,0,9
[G][05-31 15:45:47][xybj3] BETS ... [0][180531251][67ms]
[G][05-31 15:45:47][xybj3] End ... [180531251][126ms],status=2,result=2,9,7,0,9
[G][05-31 15:45:47][xybj3] Start ... [180531249],status=0,result=5,2,1,5,6
[G][05-31 15:45:47][xybj3] BETS ... [0][180531249][456ms]
[G][05-31 15:45:47][xybj3] End ... [180531249][518ms],status=2,result=5,2,1,5,6
[G][05-31 15:45:47][xybj3] Start ... [180531248],status=0,result=8,9,1,5,4
[G][05-31 15:45:48][xybj3] BETS ... [0][180531248][62ms]
[G][05-31 15:45:48][xybj3] End ... [180531248][121ms],status=2,result=8,9,1,5,4
[G][05-31 15:45:48][xybj3] Start ... [180531255],status=0,result=3,7,2,7,5
[G][05-31 15:45:48][xybj3] BETS ... [0][180531255][67ms]
[G][05-31 15:45:49][xybj3] End ... [180531255][430ms],status=2,result=3,7,2,7,5
[G][05-31 15:45:49][xybj3] Start ... [180531247],status=0,result=8,5,4,8,7
[G][05-31 15:45:49][xybj3] BETS ... [0][180531247][74ms]
[G][05-31 15:45:49][xybj3] End ... [180531247][155ms],status=2,result=8,5,4,8,7
[G][05-31 15:45:49][xybj3] Start ... [180531246],status=0,result=4,1,9,3,2
[G][05-31 15:45:49][xybj3] BETS ... [0][180531246][65ms]
[G][05-31 15:45:49][xybj3] End ... [180531246][126ms],status=2,result=4,1,9,3,2
[G][05-31 15:45:50][xybj3] gsi last ... [314ms]180531255,3,7,2,7,5
[G][05-31 15:46:03][xybj3] trend ... [10][13278ms]
[G][05-31 15:46:05][xybj3] removing opening flag ..... [180531255]
[G][05-31 15:46:05][xybj3] SUCCESS  _^_^_ [180531255][28754ms]
[G][05-31 15:48:10][xybj3] timer launch .....
[G][05-31 15:48:11][xybj3] fetching ..... [180531256][ing=false],openTime=2018-05-31 15:48:00[1/80]
[G][05-31 15:48:15][xybj3] fetching ..... [180531256][ing=false],openTime=2018-05-31 15:48:00[2/80]
[G][05-31 15:48:20][xybj3] fetching ..... [180531256][ing=false],openTime=2018-05-31 15:48:00[3/80]
[G][05-31 15:48:20][xybj3] RESULTS  _____ [180531256]=>4,7,4,3,7
[G][05-31 15:48:20][xybj3] timer clear .....
[G][05-31 15:48:20][xybj3] -------- OPENing --------
[G][05-31 15:48:22][xybj3] Start ... [180531256],status=0,result=4,7,4,3,7
[G][05-31 15:48:22][xybj3] BETS ... [0][180531256][57ms]
[G][05-31 15:48:22][xybj3] End ... [180531256][110ms],status=2,result=4,7,4,3,7
[G][05-31 15:48:23][xybj3] gsi last ... [358ms]180531256,4,7,4,3,7
[G][05-31 15:48:23][xybj3] trend ... [1][57ms]
[G][05-31 15:48:25][xybj3] removing opening flag ..... [180531256]
[G][05-31 15:48:25][xybj3] SUCCESS  _^_^_ [180531256][5002ms]
[G][05-31 15:51:10][xybj3] timer launch .....
[G][05-31 15:51:13][xybj3] fetching ..... [180531257][ing=false],openTime=2018-05-31 15:51:00[1/80]
[G][05-31 15:51:15][xybj3] fetching ..... [180531257][ing=false],openTime=2018-05-31 15:51:00[2/80]
[G][05-31 15:51:16][xybj3] RESULTS  _____ [180531257]=>0,8,7,0,9
[G][05-31 15:51:16][xybj3] timer clear .....
[G][05-31 15:51:16][xybj3] -------- OPENing --------
[G][05-31 15:51:17][xybj3] Start ... [180531257],status=0,result=0,8,7,0,9
[G][05-31 15:51:18][xybj3] BETS ... [0][180531257][64ms]
[G][05-31 15:51:18][xybj3] End ... [180531257][162ms],status=2,result=0,8,7,0,9
[G][05-31 15:51:19][xybj3] gsi last ... [388ms]180531257,0,8,7,0,9
[G][05-31 15:51:19][xybj3] trend ... [1][68ms]
[G][05-31 15:51:21][xybj3] removing opening flag ..... [180531257]
[G][05-31 15:51:21][xybj3] SUCCESS  _^_^_ [180531257][5028ms]
[G][05-31 15:54:10][xybj3] timer launch .....
[G][05-31 15:54:20][xybj3] fetching ..... [180531258][ing=false],openTime=2018-05-31 15:54:00[1/80]
[G][05-31 15:54:21][xybj3] RESULTS  _____ [180531258]=>7,7,0,9,3
[G][05-31 15:54:21][xybj3] timer clear .....
[G][05-31 15:54:21][xybj3] -------- OPENing --------
[G][05-31 15:54:22][xybj3] Start ... [180531258],status=0,result=7,7,0,9,3
[G][05-31 15:54:22][xybj3] BETS ... [0][180531258][59ms]
[G][05-31 15:54:22][xybj3] End ... [180531258][120ms],status=2,result=7,7,0,9,3
[G][05-31 15:54:25][xybj3] gsi last ... [1613ms]180531258,7,7,0,9,3
[G][05-31 15:54:25][xybj3] trend ... [1][63ms]
[G][05-31 15:54:26][xybj3] removing opening flag ..... [180531258]
[G][05-31 15:54:26][xybj3] SUCCESS  _^_^_ [180531258][5201ms]
[G][05-31 15:57:10][xybj3] timer launch .....
[G][05-31 16:11:15][xybj3] timer launch .....
[G][05-31 16:11:36][xybj3] fetching ..... [180531263][ing=false],openTime=2018-05-31 16:09:00[1/80]
[G][05-31 16:11:36][xybj3] RESULTS  _____ [180531263]=>7,8,4,4,4
[G][05-31 16:11:36][xybj3] timer clear .....
[G][05-31 16:11:36][xybj3] -------- OPENing --------
[G][05-31 16:11:36][xybj3] Start ... [180531261],status=0,result=8,3,3,7,7
[G][05-31 16:11:37][xybj3] BETS ... [0][180531261][60ms]
[G][05-31 16:11:37][xybj3] End ... [180531261][122ms],status=2,result=8,3,3,7,7
[G][05-31 16:11:37][xybj3] Start ... [180531260],status=0,result=0,3,1,5,4
[G][05-31 16:11:37][xybj3] BETS ... [0][180531260][456ms]
[G][05-31 16:11:37][xybj3] End ... [180531260][544ms],status=2,result=0,3,1,5,4
[G][05-31 16:11:37][xybj3] Start ... [180531263],status=0,result=7,8,4,4,4
[G][05-31 16:11:38][xybj3] BETS ... [0][180531263][63ms]
[G][05-31 16:11:38][xybj3] End ... [180531263][141ms],status=2,result=7,8,4,4,4
[G][05-31 16:11:38][xybj3] Start ... [180531262],status=0,result=8,1,5,3,7
[G][05-31 16:11:38][xybj3] BETS ... [0][180531262][63ms]
[G][05-31 16:11:38][xybj3] End ... [180531262][119ms],status=2,result=8,1,5,3,7
[G][05-31 16:11:39][xybj3] Start ... [180531259],status=0,result=5,7,5,9,1
[G][05-31 16:11:39][xybj3] BETS ... [0][180531259][59ms]
[G][05-31 16:11:39][xybj3] End ... [180531259][116ms],status=2,result=5,7,5,9,1
[G][05-31 16:11:39][xybj3] gsi last ... [231ms]180531263,7,8,4,4,4
[G][05-31 16:11:46][xybj3] trend ... [5][7051ms]
[G][05-31 16:11:48][xybj3] removing opening flag ..... [180531263]
[G][05-31 16:11:48][xybj3] SUCCESS  _^_^_ [180531263][11701ms]
[G][05-31 16:12:10][xybj3] timer launch .....
[G][05-31 16:12:29][xybj3] fetching ..... [180531264][ing=false],openTime=2018-05-31 16:12:00[1/80]
[G][05-31 16:12:29][xybj3] RESULTS  _____ [180531264]=>4,2,5,4,8
[G][05-31 16:12:29][xybj3] timer clear .....
[G][05-31 16:12:30][xybj3] -------- OPENing --------
[G][05-31 16:12:31][xybj3] Start ... [180531264],status=0,result=4,2,5,4,8
[G][05-31 16:12:31][xybj3] BETS ... [0][180531264][127ms]
[G][05-31 16:12:31][xybj3] End ... [180531264][217ms],status=2,result=4,2,5,4,8
[G][05-31 16:12:33][xybj3] gsi last ... [407ms]180531264,4,2,5,4,8
[G][05-31 16:12:34][xybj3] trend ... [1][992ms]
[G][05-31 16:12:36][xybj3] removing opening flag ..... [180531264]
[G][05-31 16:12:36][xybj3] SUCCESS  _^_^_ [180531264][6392ms]
[G][05-31 16:15:10][xybj3] timer launch .....
[G][05-31 16:15:18][xybj3] fetching ..... [180531265][ing=false],openTime=2018-05-31 16:15:00[1/80]
[G][05-31 16:15:18][xybj3] RESULTS  _____ [180531265]=>2,0,3,3,5
[G][05-31 16:15:18][xybj3] timer clear .....
[G][05-31 16:15:19][xybj3] -------- OPENing --------
[G][05-31 16:15:19][xybj3] Start ... [180531265],status=0,result=2,0,3,3,5
[G][05-31 16:15:19][xybj3] BETS ... [0][180531265][68ms]
[G][05-31 16:15:19][xybj3] End ... [180531265][150ms],status=2,result=2,0,3,3,5
[G][05-31 16:15:21][xybj3] gsi last ... [644ms]180531265,2,0,3,3,5
[G][05-31 16:15:21][xybj3] trend ... [1][66ms]
[G][05-31 16:15:22][xybj3] removing opening flag ..... [180531265]
[G][05-31 16:15:22][xybj3] SUCCESS  _^_^_ [180531265][3856ms]
[G][05-31 16:18:10][xybj3] timer launch .....
[G][05-31 16:18:10][xybj3] fetching ..... [180531266][ing=false],openTime=2018-05-31 16:18:00[1/80]
[G][05-31 16:18:16][xybj3] fetching ..... [180531266][ing=false],openTime=2018-05-31 16:18:00[2/80]
[G][05-31 16:18:16][xybj3] RESULTS  _____ [180531266]=>0,1,4,3,7
[G][05-31 16:18:16][xybj3] timer clear .....
[G][05-31 16:18:16][xybj3] -------- OPENing --------
[G][05-31 16:18:17][xybj3] Start ... [180531266],status=0,result=0,1,4,3,7
[G][05-31 16:18:17][xybj3] BETS ... [0][180531266][57ms]
[G][05-31 16:18:17][xybj3] End ... [180531266][114ms],status=2,result=0,1,4,3,7
[G][05-31 16:18:18][xybj3] gsi last ... [654ms]180531266,0,1,4,3,7
[G][05-31 16:18:18][xybj3] trend ... [1][59ms]
[G][05-31 16:18:19][xybj3] removing opening flag ..... [180531266]
[G][05-31 16:18:19][xybj3] SUCCESS  _^_^_ [180531266][3405ms]
[G][05-31 16:21:10][xybj3] timer launch .....
[G][05-31 16:21:26][xybj3] fetching ..... [180531267][ing=false],openTime=2018-05-31 16:21:00[1/80]
[G][05-31 16:21:26][xybj3] RESULTS  _____ [180531267]=>2,0,3,3,5
[G][05-31 16:21:26][xybj3] timer clear .....
[G][05-31 16:21:26][xybj3] -------- OPENing --------
[G][05-31 16:21:27][xybj3] Start ... [180531267],status=0,result=2,0,3,3,5
[G][05-31 16:21:27][xybj3] BETS ... [0][180531267][77ms]
[G][05-31 16:21:28][xybj3] End ... [180531267][136ms],status=2,result=2,0,3,3,5
[G][05-31 16:21:28][xybj3] gsi last ... [177ms]180531267,2,0,3,3,5
[G][05-31 16:21:28][xybj3] trend ... [1][56ms]
[G][05-31 16:21:29][xybj3] removing opening flag ..... [180531267]
[G][05-31 16:21:29][xybj3] SUCCESS  _^_^_ [180531267][3426ms]
[G][05-31 16:24:10][xybj3] timer launch .....
[G][05-31 16:24:10][xybj3] fetching ..... [180531268][ing=false],openTime=2018-05-31 16:24:00[1/80]
[G][05-31 16:24:15][xybj3] fetching ..... [180531268][ing=false],openTime=2018-05-31 16:24:00[2/80]
[G][05-31 16:24:21][xybj3] fetching ..... [180531268][ing=false],openTime=2018-05-31 16:24:00[3/80]
[G][05-31 16:24:21][xybj3] RESULTS  _____ [180531268]=>7,7,1,0,2
[G][05-31 16:24:21][xybj3] timer clear .....
[G][05-31 16:24:21][xybj3] -------- OPENing --------
[G][05-31 16:24:22][xybj3] Start ... [180531268],status=0,result=7,7,1,0,2
[G][05-31 16:24:22][xybj3] BETS ... [0][180531268][57ms]
[G][05-31 16:24:22][xybj3] End ... [180531268][115ms],status=2,result=7,7,1,0,2
[G][05-31 16:24:23][xybj3] gsi last ... [182ms]180531268,7,7,1,0,2
[G][05-31 16:24:23][xybj3] trend ... [1][62ms]
[G][05-31 16:24:24][xybj3] removing opening flag ..... [180531268]
[G][05-31 16:24:24][xybj3] SUCCESS  _^_^_ [180531268][3222ms]
[G][05-31 16:27:10][xybj3] timer launch .....
[G][05-31 16:27:14][xybj3] fetching ..... [180531269][ing=false],openTime=2018-05-31 16:27:00[1/80]
[G][05-31 16:27:17][xybj3] fetching ..... [180531269][ing=false],openTime=2018-05-31 16:27:00[2/80]
[G][05-31 16:27:22][xybj3] fetching ..... [180531269][ing=false],openTime=2018-05-31 16:27:00[3/80]
[G][05-31 16:27:27][xybj3] fetching ..... [180531269][ing=false],openTime=2018-05-31 16:27:00[4/80]
[G][05-31 16:27:27][xybj3] RESULTS  _____ [180531269]=>2,2,2,1,5
[G][05-31 16:27:27][xybj3] timer clear .....
[G][05-31 16:27:27][xybj3] -------- OPENing --------
[G][05-31 16:27:34][xybj3] Start ... [180531269],status=0,result=2,2,2,1,5
[G][05-31 16:27:35][xybj3] BETS ... [0][180531269][967ms]
[G][05-31 16:27:35][xybj3] End ... [180531269][1172ms],status=2,result=2,2,2,1,5
[G][05-31 16:27:37][xybj3] gsi last ... [1064ms]180531269,2,2,2,1,5
[G][05-31 16:27:38][xybj3] trend ... [1][709ms]
[G][05-31 16:27:43][xybj3] removing opening flag ..... [180531269]
[G][05-31 16:27:43][xybj3] SUCCESS  _^_^_ [180531269][16381ms]
[G][05-31 16:30:08][xybj3] init session[8357ms]
[G][05-31 16:30:30][xybj3] timer launch .....
[G][05-31 16:30:49][xybj3] fetching ..... [180531270][ing=false],openTime=2018-05-31 16:30:00[1/80]
[G][05-31 16:30:49][xybj3] RESULTS  _____ [180531270]=>4,5,8,8,1
[G][05-31 16:30:49][xybj3] timer clear .....
[G][05-31 16:30:50][xybj3] -------- OPENing --------
[G][05-31 16:30:54][xybj3] Start ... [180531270],status=0,result=4,5,8,8,1
[G][05-31 16:30:56][xybj3] BETS ... [0][180531270][2285ms]
[G][05-31 16:30:57][xybj3] End ... [180531270][2485ms],status=2,result=4,5,8,8,1
[G][05-31 16:31:00][xybj3] gsi last ... [2463ms]180531270,4,5,8,8,1
[G][05-31 16:31:00][xybj3] trend ... [1][221ms]
[G][05-31 16:31:04][xybj3] removing opening flag ..... [180531270]
[G][05-31 16:31:04][xybj3] SUCCESS  _^_^_ [180531270][14267ms]
[G][05-31 16:33:10][xybj3] timer launch .....
[G][05-31 16:33:12][xybj3] fetching ..... [180531271][ing=false],openTime=2018-05-31 16:33:00[1/80]
[G][05-31 16:33:16][xybj3] fetching ..... [180531271][ing=false],openTime=2018-05-31 16:33:00[2/80]
[G][05-31 16:33:17][xybj3] RESULTS  _____ [180531271]=>7,4,2,6,5
[G][05-31 16:33:17][xybj3] timer clear .....
[G][05-31 16:33:17][xybj3] -------- OPENing --------
[G][05-31 16:33:21][xybj3] Start ... [180531271],status=0,result=7,4,2,6,5
[G][05-31 16:33:21][xybj3] BETS ... [0][180531271][201ms]
[G][05-31 16:33:21][xybj3] End ... [180531271][406ms],status=2,result=7,4,2,6,5
[G][05-31 16:33:23][xybj3] gsi last ... [1137ms]180531271,7,4,2,6,5
[G][05-31 16:33:23][xybj3] trend ... [1][194ms]
[G][05-31 16:33:33][xybj3] removing opening flag ..... [180531271]
[G][05-31 16:33:33][xybj3] SUCCESS  _^_^_ [180531271][15895ms]
[G][05-31 16:36:10][xybj3] timer launch .....
[G][05-31 16:37:31][xybj3] fetching ..... [180531272][ing=false],openTime=2018-05-31 16:36:00[1/80]
[G][05-31 16:37:31][xybj3] RESULTS  _____ [180531272]=>2,8,1,1,5
[G][05-31 16:37:31][xybj3] timer clear .....
[G][05-31 16:37:32][xybj3] -------- OPENing --------
[G][05-31 16:37:39][xybj3] Start ... [180531272],status=0,result=2,8,1,1,5
[G][05-31 16:37:40][xybj3] BETS ... [0][180531272][77ms]
[G][05-31 16:37:40][xybj3] End ... [180531272][258ms],status=2,result=2,8,1,1,5
[G][05-31 16:37:40][xybj3] gsi last ... [411ms]180531272,2,8,1,1,5
[G][05-31 16:37:40][xybj3] trend ... [1][101ms]
[G][05-31 16:37:42][xybj3] removing opening flag ..... [180531272]
[G][05-31 16:37:42][xybj3] SUCCESS  _^_^_ [180531272][11145ms]
[G][05-31 16:39:10][xybj3] timer launch .....
[G][05-31 16:39:18][xybj3] fetching ..... [180531273][ing=false],openTime=2018-05-31 16:39:00[1/80]
[G][05-31 16:39:19][xybj3] RESULTS  _____ [180531273]=>9,2,2,6,5
[G][05-31 16:39:19][xybj3] timer clear .....
[G][05-31 16:39:20][xybj3] -------- OPENing --------
[G][05-31 16:39:21][xybj3] Start ... [180531273],status=0,result=9,2,2,6,5
[G][05-31 16:39:21][xybj3] BETS ... [0][180531273][59ms]
[G][05-31 16:39:21][xybj3] End ... [180531273][116ms],status=2,result=9,2,2,6,5
[G][05-31 16:39:22][xybj3] gsi last ... [284ms]180531273,9,2,2,6,5
[G][05-31 16:39:22][xybj3] trend ... [1][135ms]
[G][05-31 16:39:23][xybj3] removing opening flag ..... [180531273]
[G][05-31 16:39:23][xybj3] SUCCESS  _^_^_ [180531273][3832ms]
[G][05-31 16:42:10][xybj3] timer launch .....
[G][05-31 16:42:30][xybj3] fetching ..... [180531274][ing=false],openTime=2018-05-31 16:42:00[1/80]
[G][05-31 16:42:30][xybj3] RESULTS  _____ [180531274]=>0,4,7,3,7
[G][05-31 16:42:30][xybj3] timer clear .....
[G][05-31 16:42:36][xybj3] -------- OPENing --------
[G][05-31 16:42:37][xybj3] Start ... [180531274],status=0,result=0,4,7,3,7
[G][05-31 16:42:37][xybj3] BETS ... [0][180531274][57ms]
[G][05-31 16:42:37][xybj3] End ... [180531274][112ms],status=2,result=0,4,7,3,7
[G][05-31 16:42:38][xybj3] gsi last ... [592ms]180531274,0,4,7,3,7
[G][05-31 16:42:38][xybj3] trend ... [1][62ms]
[G][05-31 16:42:40][xybj3] removing opening flag ..... [180531274]
[G][05-31 16:42:40][xybj3] SUCCESS  _^_^_ [180531274][10187ms]
[G][05-31 16:45:10][xybj3] timer launch .....
[G][05-31 16:45:17][xybj3] fetching ..... [180531275][ing=false],openTime=2018-05-31 16:45:00[1/80]
[G][05-31 16:45:17][xybj3] fetching ..... [180531275][ing=false],openTime=2018-05-31 16:45:00[2/80]
[G][05-31 16:45:24][xybj3] fetching ..... [180531275][ing=false],openTime=2018-05-31 16:45:00[3/80]
[G][05-31 16:45:24][xybj3] RESULTS  _____ [180531275]=>3,4,7,7,0
[G][05-31 16:45:24][xybj3] timer clear .....
[G][05-31 16:45:24][xybj3] -------- OPENing --------
[G][05-31 16:45:25][xybj3] Start ... [180531275],status=0,result=3,4,7,7,0
[G][05-31 16:45:25][xybj3] BETS ... [0][180531275][60ms]
[G][05-31 16:45:25][xybj3] End ... [180531275][121ms],status=2,result=3,4,7,7,0
[G][05-31 16:45:27][xybj3] gsi last ... [543ms]180531275,3,4,7,7,0
[G][05-31 16:45:27][xybj3] trend ... [1][175ms]
[G][05-31 16:45:52][xybj3] removing opening flag ..... [180531275]
[G][05-31 16:45:52][xybj3] SUCCESS  _^_^_ [180531275][27689ms]
[G][05-31 16:48:10][xybj3] timer launch .....
[G][05-31 16:48:10][xybj3] fetching ..... [180531276][ing=false],openTime=2018-05-31 16:48:00[1/80]
[G][05-31 16:48:15][xybj3] fetching ..... [180531276][ing=false],openTime=2018-05-31 16:48:00[2/80]
[G][05-31 16:48:15][xybj3] RESULTS  _____ [180531276]=>2,8,1,2,0
[G][05-31 16:48:15][xybj3] timer clear .....
[G][05-31 16:48:16][xybj3] -------- OPENing --------
[G][05-31 16:48:17][xybj3] Start ... [180531276],status=0,result=2,8,1,2,0
[G][05-31 16:48:18][xybj3] BETS ... [0][180531276][427ms]
[G][05-31 16:48:18][xybj3] End ... [180531276][486ms],status=2,result=2,8,1,2,0
[G][05-31 16:48:20][xybj3] gsi last ... [709ms]180531276,2,8,1,2,0
[G][05-31 16:48:20][xybj3] trend ... [1][58ms]
[G][05-31 16:48:21][xybj3] removing opening flag ..... [180531276]
[G][05-31 16:48:21][xybj3] SUCCESS  _^_^_ [180531276][5570ms]
[G][05-31 16:51:10][xybj3] timer launch .....
[G][05-31 16:51:11][xybj3] fetching ..... [180531277][ing=false],openTime=2018-05-31 16:51:00[1/80]
[G][05-31 16:51:40][xybj3] fetching ..... [180531277][ing=false],openTime=2018-05-31 16:51:00[2/80]
[G][05-31 16:51:40][xybj3] RESULTS  _____ [180531277]=>7,1,4,3,7
[G][05-31 16:51:40][xybj3] timer clear .....
[G][05-31 16:51:40][xybj3] -------- OPENing --------
[G][05-31 16:51:41][xybj3] Start ... [180531277],status=0,result=7,1,4,3,7
[G][05-31 16:51:41][xybj3] BETS ... [0][180531277][60ms]
[G][05-31 16:51:41][xybj3] End ... [180531277][118ms],status=2,result=7,1,4,3,7
[G][05-31 16:51:42][xybj3] gsi last ... [198ms]180531277,7,1,4,3,7
[G][05-31 16:51:42][xybj3] trend ... [1][69ms]
[G][05-31 16:51:45][xybj3] removing opening flag ..... [180531277]
[G][05-31 16:51:45][xybj3] SUCCESS  _^_^_ [180531277][4965ms]
[G][05-31 16:54:10][xybj3] timer launch .....
[G][05-31 16:54:16][xybj3] fetching ..... [180531278][ing=false],openTime=2018-05-31 16:54:00[1/80]
[G][05-31 16:54:16][xybj3] RESULTS  _____ [180531278]=>3,1,9,1,2
[G][05-31 16:54:16][xybj3] timer clear .....
[G][05-31 16:54:16][xybj3] -------- OPENing --------
[G][05-31 16:54:17][xybj3] Start ... [180531278],status=0,result=3,1,9,1,2
[G][05-31 16:54:17][xybj3] BETS ... [0][180531278][64ms]
[G][05-31 16:54:17][xybj3] End ... [180531278][121ms],status=2,result=3,1,9,1,2
[G][05-31 16:54:19][xybj3] gsi last ... [1144ms]180531278,3,1,9,1,2
[G][05-31 16:54:19][xybj3] trend ... [1][55ms]
[G][05-31 16:54:20][xybj3] removing opening flag ..... [180531278]
[G][05-31 16:54:20][xybj3] SUCCESS  _^_^_ [180531278][4495ms]
[G][05-31 16:57:10][xybj3] timer launch .....
[G][05-31 16:57:13][xybj3] fetching ..... [180531279][ing=false],openTime=2018-05-31 16:57:00[1/80]
[G][05-31 16:57:21][xybj3] fetching ..... [180531279][ing=false],openTime=2018-05-31 16:57:00[2/80]
[G][05-31 16:57:22][xybj3] fetching ..... [180531279][ing=false],openTime=2018-05-31 16:57:00[3/80]
[G][05-31 16:57:33][xybj3] fetching ..... [180531279][ing=false],openTime=2018-05-31 16:57:00[4/80]
[G][05-31 16:57:33][xybj3] RESULTS  _____ [180531279]=>0,2,5,4,8
[G][05-31 16:57:33][xybj3] timer clear .....
[G][05-31 16:57:33][xybj3] -------- OPENing --------
[G][05-31 16:57:34][xybj3] Start ... [180531279],status=0,result=0,2,5,4,8
[G][05-31 16:57:34][xybj3] BETS ... [0][180531279][73ms]
[G][05-31 16:57:34][xybj3] End ... [180531279][151ms],status=2,result=0,2,5,4,8
[G][05-31 16:57:36][xybj3] gsi last ... [248ms]180531279,0,2,5,4,8
[G][05-31 16:57:36][xybj3] trend ... [1][61ms]
[G][05-31 16:57:38][xybj3] removing opening flag ..... [180531279]
[G][05-31 16:57:38][xybj3] SUCCESS  _^_^_ [180531279][4568ms]
[G][05-31 17:00:14][xybj3] timer launch .....
[G][05-31 17:00:15][xybj3] fetching ..... [180531280][ing=false],openTime=2018-05-31 17:00:00[1/80]
[G][05-31 17:00:19][xybj3] init session[19101ms]
[G][05-31 17:00:44][xybj3] fetching ..... [180531280][ing=false],openTime=2018-05-31 17:00:00[2/80]
[G][05-31 17:00:44][xybj3] RESULTS  _____ [180531280]=>8,4,0,4,2
[G][05-31 17:00:44][xybj3] timer clear .....
[G][05-31 17:00:44][xybj3] -------- OPENing --------
[G][05-31 17:00:46][xybj3] Start ... [180531280],status=0,result=8,4,0,4,2
[G][05-31 17:00:46][xybj3] BETS ... [0][180531280][72ms]
[G][05-31 17:00:46][xybj3] End ... [180531280][140ms],status=2,result=8,4,0,4,2
[G][05-31 17:00:46][xybj3] gsi last ... [233ms]180531280,8,4,0,4,2
[G][05-31 17:00:46][xybj3] trend ... [1][66ms]
[G][05-31 17:00:48][xybj3] removing opening flag ..... [180531280]
[G][05-31 17:00:48][xybj3] SUCCESS  _^_^_ [180531280][3662ms]
[G][05-31 18:21:10][xybj3] timer launch .....
[G][05-31 18:21:10][xybj3] fetching ..... [180531307][ing=false],openTime=2018-05-31 18:21:00[1/80]
[G][05-31 18:21:15][xybj3] fetching ..... [180531307][ing=false],openTime=2018-05-31 18:21:00[2/80]
[G][05-31 18:21:20][xybj3] fetching ..... [180531307][ing=false],openTime=2018-05-31 18:21:00[3/80]
[G][05-31 18:21:20][xybj3] RESULTS  _____ [180531307]=>5,8,1,0,3
[G][05-31 18:21:20][xybj3] timer clear .....
[G][05-31 18:21:20][xybj3] -------- OPENing --------
[G][05-31 18:21:20][xybj3] Start ... [180531290],status=0,result=0,8,4,8,8
[G][05-31 18:21:20][xybj3] BETS ... [0][180531290][66ms]
[G][05-31 18:21:20][xybj3] End ... [180531290][123ms],status=2,result=0,8,4,8,8
[G][05-31 18:21:21][xybj3] Start ... [180531306],status=0,result=0,6,9,9,2
[G][05-31 18:21:21][xybj3] BETS ... [0][180531306][68ms]
[G][05-31 18:21:21][xybj3] End ... [180531306][124ms],status=2,result=0,6,9,9,2
[G][05-31 18:21:21][xybj3] Start ... [180531305],status=0,result=6,5,1,5,4
[G][05-31 18:21:21][xybj3] BETS ... [0][180531305][87ms]
[G][05-31 18:21:21][xybj3] End ... [180531305][173ms],status=2,result=6,5,1,5,4
[G][05-31 18:21:21][xybj3] Start ... [180531304],status=0,result=1,5,8,8,1
[G][05-31 18:21:21][xybj3] BETS ... [0][180531304][60ms]
[G][05-31 18:21:21][xybj3] End ... [180531304][128ms],status=2,result=1,5,8,8,1
[G][05-31 18:21:21][xybj3] Start ... [180531303],status=0,result=1,9,3,2,6
[G][05-31 18:21:22][xybj3] BETS ... [0][180531303][57ms]
[G][05-31 18:21:22][xybj3] End ... [180531303][144ms],status=2,result=1,9,3,2,6
[G][05-31 18:21:22][xybj3] Start ... [180531302],status=0,result=9,8,4,7,7
[G][05-31 18:21:22][xybj3] BETS ... [0][180531302][63ms]
[G][05-31 18:21:22][xybj3] End ... [180531302][119ms],status=2,result=9,8,4,7,7
[G][05-31 18:21:22][xybj3] Start ... [180531301],status=0,result=8,1,4,3,7
[G][05-31 18:21:22][xybj3] BETS ... [0][180531301][67ms]
[G][05-31 18:21:22][xybj3] End ... [180531301][123ms],status=2,result=8,1,4,3,7
[G][05-31 18:21:22][xybj3] Start ... [180531300],status=0,result=9,6,2,6,6
[G][05-31 18:21:22][xybj3] BETS ... [0][180531300][103ms]
[G][05-31 18:21:22][xybj3] End ... [180531300][192ms],status=2,result=9,6,2,6,6
[G][05-31 18:21:23][xybj3] Start ... [180531299],status=0,result=8,1,3,6,5
[G][05-31 18:21:23][xybj3] BETS ... [0][180531299][67ms]
[G][05-31 18:21:23][xybj3] End ... [180531299][128ms],status=2,result=8,1,3,6,5
[G][05-31 18:21:23][xybj3] Start ... [180531288],status=0,result=4,1,5,3,7
[G][05-31 18:21:23][xybj3] BETS ... [0][180531288][58ms]
[G][05-31 18:21:23][xybj3] End ... [180531288][115ms],status=2,result=4,1,5,3,7
[G][05-31 18:21:23][xybj3] Start ... [180531289],status=0,result=1,9,8,1,0
[G][05-31 18:21:23][xybj3] BETS ... [0][180531289][57ms]
[G][05-31 18:21:23][xybj3] End ... [180531289][116ms],status=2,result=1,9,8,1,0
[G][05-31 18:21:23][xybj3] Start ... [180531307],status=0,result=5,8,1,0,3
[G][05-31 18:21:23][xybj3] BETS ... [0][180531307][59ms]
[G][05-31 18:21:24][xybj3] End ... [180531307][133ms],status=2,result=5,8,1,0,3
[G][05-31 18:21:24][xybj3] Start ... [180531293],status=0,result=8,9,2,1,5
[G][05-31 18:21:24][xybj3] BETS ... [0][180531293][60ms]
[G][05-31 18:21:24][xybj3] End ... [180531293][134ms],status=2,result=8,9,2,1,5
[G][05-31 18:21:24][xybj3] Start ... [180531294],status=0,result=5,8,2,1,9
[G][05-31 18:21:24][xybj3] BETS ... [0][180531294][82ms]
[G][05-31 18:21:24][xybj3] End ... [180531294][173ms],status=2,result=5,8,2,1,9
[G][05-31 18:21:24][xybj3] Start ... [180531291],status=0,result=4,6,8,9,8
[G][05-31 18:21:24][xybj3] BETS ... [0][180531291][60ms]
[G][05-31 18:21:24][xybj3] End ... [180531291][129ms],status=2,result=4,6,8,9,8
[G][05-31 18:21:25][xybj3] Start ... [180531292],status=0,result=9,7,9,8,2
[G][05-31 18:21:25][xybj3] BETS ... [0][180531292][68ms]
[G][05-31 18:21:25][xybj3] End ... [180531292][132ms],status=2,result=9,7,9,8,2
[G][05-31 18:21:25][xybj3] Start ... [180531297],status=0,result=2,1,8,2,1
[G][05-31 18:21:25][xybj3] BETS ... [0][180531297][73ms]
[G][05-31 18:21:25][xybj3] End ... [180531297][135ms],status=2,result=2,1,8,2,1
[G][05-31 18:21:25][xybj3] Start ... [180531298],status=0,result=2,5,3,6,6
[G][05-31 18:21:25][xybj3] BETS ... [0][180531298][101ms]
[G][05-31 18:21:25][xybj3] End ... [180531298][173ms],status=2,result=2,5,3,6,6
[G][05-31 18:21:26][xybj3] Start ... [180531295],status=0,result=3,6,0,2,3
[G][05-31 18:21:26][xybj3] BETS ... [0][180531295][59ms]
[G][05-31 18:21:26][xybj3] End ... [180531295][116ms],status=2,result=3,6,0,2,3
[G][05-31 18:21:26][xybj3] Start ... [180531296],status=0,result=1,4,8,2,2
[G][05-31 18:21:26][xybj3] BETS ... [0][180531296][59ms]
[G][05-31 18:21:26][xybj3] End ... [180531296][121ms],status=2,result=1,4,8,2,2
[G][05-31 18:21:26][xybj3] gsi last ... [212ms]180531307,5,8,1,0,3
[G][05-31 18:22:21][xybj3] open err::=>Could not execute JDBC batch update
[G][05-31 18:22:51][xybj3] err::throw exception...
[G][05-31 18:24:10][xybj3] timer launch .....
[G][05-31 18:24:11][xybj3] fetching ..... [180531308][ing=false],openTime=2018-05-31 18:24:00[1/80]
[G][05-31 18:24:18][xybj3] fetching ..... [180531308][ing=false],openTime=2018-05-31 18:24:00[2/80]
[G][05-31 18:24:18][xybj3] RESULTS  _____ [180531308]=>9,5,9,7,8
[G][05-31 18:24:18][xybj3] timer clear .....
[G][05-31 18:27:10][xybj3] timer launch .....
[G][05-31 18:27:11][xybj3] fetching ..... [180531309][ing=false],openTime=2018-05-31 18:27:00[1/80]
[G][05-31 18:27:16][xybj3] fetching ..... [180531309][ing=false],openTime=2018-05-31 18:27:00[2/80]
[G][05-31 18:27:21][xybj3] fetching ..... [180531309][ing=false],openTime=2018-05-31 18:27:00[3/80]
[G][05-31 18:27:21][xybj3] RESULTS  _____ [180531309]=>9,5,4,8,6
[G][05-31 18:27:21][xybj3] timer clear .....
[G][05-31 18:27:22][xybj3] -------- OPENing --------
[G][05-31 18:27:22][xybj3] Start ... [180531309],status=0,result=9,5,4,8,6
[G][05-31 18:27:23][xybj3] BETS ... [0][180531309][113ms]
[G][05-31 18:27:23][xybj3] End ... [180531309][191ms],status=2,result=9,5,4,8,6
[G][05-31 18:27:23][xybj3] Start ... [180531308],status=0,result=9,5,9,7,8
[G][05-31 18:27:23][xybj3] BETS ... [0][180531308][59ms]
[G][05-31 18:27:23][xybj3] End ... [180531308][116ms],status=2,result=9,5,9,7,8
[G][05-31 18:27:24][xybj3] gsi last ... [188ms]180531309,9,5,4,8,6
[G][05-31 18:27:25][xybj3] trend ... [2][949ms]
[G][05-31 18:27:26][xybj3] removing opening flag ..... [180531309]
[G][05-31 18:27:26][xybj3] SUCCESS  _^_^_ [180531309][4625ms]
[G][05-31 18:30:10][xybj3] timer launch .....
[G][05-31 18:30:14][xybj3] init session[14349ms]
[G][05-31 18:30:26][xybj3] fetching ..... [180531310][ing=false],openTime=2018-05-31 18:30:00[1/80]
[G][05-31 18:30:26][xybj3] RESULTS  _____ [180531310]=>4,2,1,5,4
[G][05-31 18:30:26][xybj3] timer clear .....
[G][05-31 18:30:26][xybj3] -------- OPENing --------
[G][05-31 18:30:26][xybj3] Start ... [180531310],status=0,result=4,2,1,5,4
[G][05-31 18:30:26][xybj3] BETS ... [0][180531310][60ms]
[G][05-31 18:30:26][xybj3] End ... [180531310][118ms],status=2,result=4,2,1,5,4
[G][05-31 18:30:29][xybj3] gsi last ... [560ms]180531310,4,2,1,5,4
[G][05-31 18:30:29][xybj3] trend ... [1][87ms]
[G][05-31 18:30:31][xybj3] removing opening flag ..... [180531310]
[G][05-31 18:30:31][xybj3] SUCCESS  _^_^_ [180531310][4735ms]
[G][05-31 18:33:10][xybj3] timer launch .....
[G][05-31 18:34:08][xybj3] fetching ..... [180531311][ing=false],openTime=2018-05-31 18:33:00[1/80]
[G][05-31 18:34:08][xybj3] RESULTS  _____ [180531311]=>0,2,4,3,7
[G][05-31 18:34:08][xybj3] timer clear .....
[G][05-31 18:34:08][xybj3] -------- OPENing --------
[G][05-31 18:34:08][xybj3] Start ... [180531311],status=0,result=0,2,4,3,7
[G][05-31 18:34:08][xybj3] BETS ... [0][180531311][60ms]
[G][05-31 18:34:08][xybj3] End ... [180531311][120ms],status=2,result=0,2,4,3,7
[G][05-31 18:34:10][xybj3] gsi last ... [126ms]180531311,0,2,4,3,7
[G][05-31 18:34:10][xybj3] trend ... [1][61ms]
[G][05-31 18:34:11][xybj3] removing opening flag ..... [180531311]
[G][05-31 18:34:11][xybj3] SUCCESS  _^_^_ [180531311][2937ms]
[G][05-31 18:36:10][xybj3] timer launch .....
[G][05-31 18:36:11][xybj3] fetching ..... [180531312][ing=false],openTime=2018-05-31 18:36:00[1/80]
[G][05-31 18:36:15][xybj3] fetching ..... [180531312][ing=false],openTime=2018-05-31 18:36:00[2/80]
[G][05-31 18:36:21][xybj3] fetching ..... [180531312][ing=false],openTime=2018-05-31 18:36:00[3/80]
[G][05-31 18:36:26][xybj3] fetching ..... [180531312][ing=false],openTime=2018-05-31 18:36:00[4/80]
[G][05-31 18:36:32][xybj3] fetching ..... [180531312][ing=false],openTime=2018-05-31 18:36:00[5/80]
[G][05-31 18:36:32][xybj3] RESULTS  _____ [180531312]=>9,2,6,5,9
[G][05-31 18:36:32][xybj3] timer clear .....
[G][05-31 18:36:32][xybj3] -------- OPENing --------
[G][05-31 18:36:32][xybj3] Start ... [180531312],status=0,result=9,2,6,5,9
[G][05-31 18:36:32][xybj3] BETS ... [0][180531312][57ms]
[G][05-31 18:36:32][xybj3] End ... [180531312][113ms],status=2,result=9,2,6,5,9
[G][05-31 18:36:34][xybj3] gsi last ... [196ms]180531312,9,2,6,5,9
[G][05-31 18:36:34][xybj3] trend ... [1][60ms]
[G][05-31 18:36:35][xybj3] removing opening flag ..... [180531312]
[G][05-31 18:36:35][xybj3] SUCCESS  _^_^_ [180531312][3427ms]
[G][05-31 18:39:10][xybj3] timer launch .....
[G][05-31 18:39:11][xybj3] fetching ..... [180531313][ing=false],openTime=2018-05-31 18:39:00[1/80]
[G][05-31 18:39:15][xybj3] fetching ..... [180531313][ing=false],openTime=2018-05-31 18:39:00[2/80]
[G][05-31 18:39:20][xybj3] fetching ..... [180531313][ing=false],openTime=2018-05-31 18:39:00[3/80]
[G][05-31 18:39:25][xybj3] fetching ..... [180531313][ing=false],openTime=2018-05-31 18:39:00[4/80]
[G][05-31 18:39:30][xybj3] fetching ..... [180531313][ing=false],openTime=2018-05-31 18:39:00[5/80]
[G][05-31 18:39:30][xybj3] RESULTS  _____ [180531313]=>0,3,2,5,4
[G][05-31 18:39:30][xybj3] timer clear .....
[G][05-31 18:39:30][xybj3] -------- OPENing --------
[G][05-31 18:39:31][xybj3] Start ... [180531313],status=0,result=0,3,2,5,4
[G][05-31 18:39:31][xybj3] BETS ... [0][180531313][67ms]
[G][05-31 18:39:31][xybj3] End ... [180531313][126ms],status=2,result=0,3,2,5,4
[G][05-31 18:39:33][xybj3] gsi last ... [180ms]180531313,0,3,2,5,4
[G][05-31 18:39:33][xybj3] trend ... [1][59ms]
[G][05-31 18:39:34][xybj3] removing opening flag ..... [180531313]
[G][05-31 18:39:34][xybj3] SUCCESS  _^_^_ [180531313][3708ms]
[G][05-31 18:42:10][xybj3] timer launch .....
[G][05-31 18:42:13][xybj3] fetching ..... [180531314][ing=false],openTime=2018-05-31 18:42:00[1/80]
[G][05-31 18:42:19][xybj3] fetching ..... [180531314][ing=false],openTime=2018-05-31 18:42:00[2/80]
[G][05-31 18:42:24][xybj3] fetching ..... [180531314][ing=false],openTime=2018-05-31 18:42:00[3/80]
[G][05-31 18:42:24][xybj3] RESULTS  _____ [180531314]=>8,9,7,1,0
[G][05-31 18:42:24][xybj3] timer clear .....
[G][05-31 18:42:24][xybj3] -------- OPENing --------
[G][05-31 18:42:25][xybj3] Start ... [180531314],status=0,result=8,9,7,1,0
[G][05-31 18:42:25][xybj3] BETS ... [0][180531314][71ms]
[G][05-31 18:42:25][xybj3] End ... [180531314][157ms],status=2,result=8,9,7,1,0
[G][05-31 18:42:27][xybj3] gsi last ... [322ms]180531314,8,9,7,1,0
[G][05-31 18:42:27][xybj3] trend ... [1][82ms]
[G][05-31 18:42:29][xybj3] removing opening flag ..... [180531314]
[G][05-31 18:42:29][xybj3] SUCCESS  _^_^_ [180531314][4330ms]
[G][05-31 18:45:10][xybj3] timer launch .....
[G][05-31 18:45:13][xybj3] fetching ..... [180531315][ing=false],openTime=2018-05-31 18:45:00[1/80]
[G][05-31 18:45:18][xybj3] fetching ..... [180531315][ing=false],openTime=2018-05-31 18:45:00[2/80]
[G][05-31 18:45:18][xybj3] RESULTS  _____ [180531315]=>4,2,3,4,6
[G][05-31 18:45:18][xybj3] timer clear .....
[G][05-31 18:45:18][xybj3] -------- OPENing --------
[G][05-31 18:45:19][xybj3] Start ... [180531315],status=0,result=4,2,3,4,6
[G][05-31 18:45:19][xybj3] BETS ... [0][180531315][54ms]
[G][05-31 18:45:19][xybj3] End ... [180531315][106ms],status=2,result=4,2,3,4,6
[G][05-31 18:45:20][xybj3] gsi last ... [178ms]180531315,4,2,3,4,6
[G][05-31 18:45:20][xybj3] trend ... [1][51ms]
[G][05-31 18:45:21][xybj3] removing opening flag ..... [180531315]
[G][05-31 18:45:21][xybj3] SUCCESS  _^_^_ [180531315][2926ms]
[G][05-31 18:48:10][xybj3] timer launch .....
[G][05-31 18:48:10][xybj3] fetching ..... [180531316][ing=false],openTime=2018-05-31 18:48:00[1/80]
[G][05-31 18:48:15][xybj3] fetching ..... [180531316][ing=false],openTime=2018-05-31 18:48:00[2/80]
[G][05-31 18:48:20][xybj3] fetching ..... [180531316][ing=false],openTime=2018-05-31 18:48:00[3/80]
[G][05-31 18:48:25][xybj3] fetching ..... [180531316][ing=false],openTime=2018-05-31 18:48:00[4/80]
[G][05-31 18:48:34][xybj3] fetching ..... [180531316][ing=false],openTime=2018-05-31 18:48:00[5/80]
[G][05-31 18:48:34][xybj3] RESULTS  _____ [180531316]=>4,3,1,5,4
[G][05-31 18:48:34][xybj3] timer clear .....
[G][05-31 18:48:34][xybj3] -------- OPENing --------
[G][05-31 18:48:35][xybj3] Start ... [180531316],status=0,result=4,3,1,5,4
[G][05-31 18:48:35][xybj3] BETS ... [0][180531316][58ms]
[G][05-31 18:48:35][xybj3] End ... [180531316][117ms],status=2,result=4,3,1,5,4
[G][05-31 18:48:37][xybj3] gsi last ... [288ms]180531316,4,3,1,5,4
[G][05-31 18:48:37][xybj3] trend ... [1][57ms]
[G][05-31 18:48:38][xybj3] removing opening flag ..... [180531316]
[G][05-31 18:48:38][xybj3] SUCCESS  _^_^_ [180531316][3726ms]
[G][05-31 18:51:10][xybj3] timer launch .....
[G][05-31 18:51:27][xybj3] fetching ..... [180531317][ing=false],openTime=2018-05-31 18:51:00[1/80]
[G][05-31 18:51:27][xybj3] RESULTS  _____ [180531317]=>5,2,5,4,8
[G][05-31 18:51:27][xybj3] timer clear .....
[G][05-31 18:51:27][xybj3] -------- OPENing --------
[G][05-31 18:51:28][xybj3] Start ... [180531317],status=0,result=5,2,5,4,8
[G][05-31 18:51:28][xybj3] BETS ... [0][180531317][76ms]
[G][05-31 18:51:28][xybj3] End ... [180531317][260ms],status=2,result=5,2,5,4,8
[G][05-31 18:51:30][xybj3] gsi last ... [179ms]180531317,5,2,5,4,8
[G][05-31 18:51:30][xybj3] trend ... [1][58ms]
[G][05-31 18:51:31][xybj3] removing opening flag ..... [180531317]
[G][05-31 18:51:31][xybj3] SUCCESS  _^_^_ [180531317][4519ms]
[G][05-31 18:54:10][xybj3] timer launch .....
[G][05-31 18:54:13][xybj3] fetching ..... [180531318][ing=false],openTime=2018-05-31 18:54:00[1/80]
[G][05-31 18:54:20][xybj3] fetching ..... [180531318][ing=false],openTime=2018-05-31 18:54:00[2/80]
[G][05-31 18:54:20][xybj3] fetching ..... [180531318][ing=false],openTime=2018-05-31 18:54:00[3/80]
[G][05-31 18:54:25][xybj3] fetching ..... [180531318][ing=false],openTime=2018-05-31 18:54:00[4/80]
[G][05-31 18:54:25][xybj3] RESULTS  _____ [180531318]=>0,3,4,5,6
[G][05-31 18:54:25][xybj3] timer clear .....
[G][05-31 18:54:26][xybj3] -------- OPENing --------
[G][05-31 18:54:27][xybj3] Start ... [180531318],status=0,result=0,3,4,5,6
[G][05-31 18:54:27][xybj3] BETS ... [0][180531318][55ms]
[G][05-31 18:54:27][xybj3] End ... [180531318][118ms],status=2,result=0,3,4,5,6
[G][05-31 18:54:28][xybj3] gsi last ... [594ms]180531318,0,3,4,5,6
[G][05-31 18:54:28][xybj3] trend ... [1][204ms]
[G][05-31 18:54:29][xybj3] removing opening flag ..... [180531318]
[G][05-31 18:54:29][xybj3] SUCCESS  _^_^_ [180531318][4005ms]
[G][05-31 18:57:10][xybj3] timer launch .....
[G][05-31 18:57:10][xybj3] fetching ..... [180531319][ing=false],openTime=2018-05-31 18:57:00[1/80]
[G][05-31 18:57:15][xybj3] fetching ..... [180531319][ing=false],openTime=2018-05-31 18:57:00[2/80]
[G][05-31 18:57:15][xybj3] RESULTS  _____ [180531319]=>0,1,2,6,5
[G][05-31 18:57:15][xybj3] timer clear .....
[G][05-31 18:57:15][xybj3] -------- OPENing --------
[G][05-31 18:57:17][xybj3] Start ... [180531319],status=0,result=0,1,2,6,5
[G][05-31 18:57:17][xybj3] BETS ... [0][180531319][63ms]
[G][05-31 18:57:17][xybj3] End ... [180531319][193ms],status=2,result=0,1,2,6,5
[G][05-31 18:57:17][xybj3] gsi last ... [129ms]180531319,0,1,2,6,5
[G][05-31 18:57:17][xybj3] trend ... [1][60ms]
[G][05-31 18:57:18][xybj3] removing opening flag ..... [180531319]
[G][05-31 18:57:18][xybj3] SUCCESS  _^_^_ [180531319][2899ms]
[G][05-31 19:00:03][xybj3] init session[3604ms]
[G][05-31 19:00:10][xybj3] timer launch .....
[G][05-31 19:00:18][xybj3] fetching ..... [180531320][ing=false],openTime=2018-05-31 19:00:00[1/80]
[G][05-31 19:00:18][xybj3] fetching ..... [180531320][ing=false],openTime=2018-05-31 19:00:00[2/80]
[G][05-31 19:00:23][xybj3] fetching ..... [180531320][ing=false],openTime=2018-05-31 19:00:00[3/80]
[G][05-31 19:00:29][xybj3] fetching ..... [180531320][ing=false],openTime=2018-05-31 19:00:00[4/80]
[G][05-31 19:00:29][xybj3] RESULTS  _____ [180531320]=>4,7,9,3,2
[G][05-31 19:00:29][xybj3] timer clear .....
[G][05-31 19:00:29][xybj3] -------- OPENing --------
[G][05-31 19:00:30][xybj3] Start ... [180531320],status=0,result=4,7,9,3,2
[G][05-31 19:00:30][xybj3] BETS ... [0][180531320][89ms]
[G][05-31 19:00:30][xybj3] End ... [180531320][177ms],status=2,result=4,7,9,3,2
[G][05-31 19:00:31][xybj3] gsi last ... [144ms]180531320,4,7,9,3,2
[G][05-31 19:00:31][xybj3] trend ... [1][60ms]
[G][05-31 19:00:32][xybj3] removing opening flag ..... [180531320]
[G][05-31 19:00:32][xybj3] SUCCESS  _^_^_ [180531320][3414ms]
[G][05-31 19:03:10][xybj3] timer launch .....
[G][05-31 19:03:10][xybj3] fetching ..... [180531321][ing=false],openTime=2018-05-31 19:03:00[1/80]
[G][05-31 19:03:15][xybj3] fetching ..... [180531321][ing=false],openTime=2018-05-31 19:03:00[2/80]
[G][05-31 19:03:20][xybj3] fetching ..... [180531321][ing=false],openTime=2018-05-31 19:03:00[3/80]
[G][05-31 19:03:28][xybj3] fetching ..... [180531321][ing=false],openTime=2018-05-31 19:03:00[4/80]
[G][05-31 19:03:34][xybj3] fetching ..... [180531321][ing=false],openTime=2018-05-31 19:03:00[5/80]
[G][05-31 19:03:34][xybj3] RESULTS  _____ [180531321]=>9,3,1,5,4
[G][05-31 19:03:34][xybj3] timer clear .....
[G][05-31 19:03:34][xybj3] -------- OPENing --------
[G][05-31 19:03:34][xybj3] Start ... [180531321],status=0,result=9,3,1,5,4
[G][05-31 19:03:34][xybj3] BETS ... [0][180531321][59ms]
[G][05-31 19:03:34][xybj3] End ... [180531321][128ms],status=2,result=9,3,1,5,4
[G][05-31 19:03:36][xybj3] gsi last ... [123ms]180531321,9,3,1,5,4
[G][05-31 19:03:36][xybj3] trend ... [1][68ms]
[G][05-31 19:03:37][xybj3] removing opening flag ..... [180531321]
[G][05-31 19:03:37][xybj3] SUCCESS  _^_^_ [180531321][3409ms]
[G][05-31 19:06:10][xybj3] timer launch .....
[G][05-31 19:06:15][xybj3] fetching ..... [180531322][ing=false],openTime=2018-05-31 19:06:00[1/80]
[G][05-31 19:06:15][xybj3] fetching ..... [180531322][ing=false],openTime=2018-05-31 19:06:00[2/80]
[G][05-31 19:06:21][xybj3] fetching ..... [180531322][ing=false],openTime=2018-05-31 19:06:00[3/80]
[G][05-31 19:06:27][xybj3] fetching ..... [180531322][ing=false],openTime=2018-05-31 19:06:00[4/80]
[G][05-31 19:06:27][xybj3] RESULTS  _____ [180531322]=>7,4,4,8,7
[G][05-31 19:06:27][xybj3] timer clear .....
[G][05-31 19:06:27][xybj3] -------- OPENing --------
[G][05-31 19:06:28][xybj3] Start ... [180531322],status=0,result=7,4,4,8,7
[G][05-31 19:06:28][xybj3] BETS ... [0][180531322][73ms]
[G][05-31 19:06:28][xybj3] End ... [180531322][156ms],status=2,result=7,4,4,8,7
[G][05-31 19:06:29][xybj3] gsi last ... [121ms]180531322,7,4,4,8,7
[G][05-31 19:06:30][xybj3] trend ... [1][103ms]
[G][05-31 19:06:31][xybj3] removing opening flag ..... [180531322]
[G][05-31 19:06:31][xybj3] SUCCESS  _^_^_ [180531322][3683ms]
[G][05-31 19:09:10][xybj3] timer launch .....
[G][05-31 19:09:10][xybj3] fetching ..... [180531323][ing=false],openTime=2018-05-31 19:09:00[1/80]
[G][05-31 19:09:15][xybj3] fetching ..... [180531323][ing=false],openTime=2018-05-31 19:09:00[2/80]
[G][05-31 19:09:20][xybj3] fetching ..... [180531323][ing=false],openTime=2018-05-31 19:09:00[3/80]
[G][05-31 19:09:25][xybj3] fetching ..... [180531323][ing=false],openTime=2018-05-31 19:09:00[4/80]
[G][05-31 19:09:25][xybj3] RESULTS  _____ [180531323]=>8,6,5,9,8
[G][05-31 19:09:25][xybj3] timer clear .....
[G][05-31 19:09:25][xybj3] -------- OPENing --------
[G][05-31 19:09:25][xybj3] Start ... [180531323],status=0,result=8,6,5,9,8
[G][05-31 19:09:25][xybj3] BETS ... [0][180531323][58ms]
[G][05-31 19:09:26][xybj3] End ... [180531323][138ms],status=2,result=8,6,5,9,8
[G][05-31 19:09:27][xybj3] gsi last ... [125ms]180531323,8,6,5,9,8
[G][05-31 19:09:27][xybj3] trend ... [1][56ms]
[G][05-31 19:09:28][xybj3] removing opening flag ..... [180531323]
[G][05-31 19:09:28][xybj3] SUCCESS  _^_^_ [180531323][3216ms]
