[G][05-31 09:05:02][xybjlu28] timer launch .....
[G][05-31 09:10:02][xybjlu28] timer launch .....
[G][05-31 09:15:02][xybjlu28] timer launch .....
[G][05-31 09:20:02][xybjlu28] timer launch .....
[G][05-31 09:25:02][xybjlu28] timer launch .....
[G][05-31 09:30:48][xybjlu28] init session[48784ms]
[G][05-31 09:31:12][xybjlu28] timer launch .....
[G][05-31 09:35:02][xybjlu28] timer launch .....
[G][05-31 09:40:02][xybjlu28] timer launch .....
[G][05-31 09:45:02][xybjlu28] timer launch .....
[G][05-31 09:50:02][xybjlu28] timer launch .....
[G][05-31 09:55:02][xybjlu28] timer launch .....
[G][05-31 10:00:21][xybjlu28] timer launch .....
[G][05-31 10:00:21][xybjlu28] init session[21484ms]
[G][05-31 10:05:02][xybjlu28] timer launch .....
[G][05-31 10:10:02][xybjlu28] timer launch .....
[G][05-31 10:15:02][xybjlu28] timer launch .....
[G][05-31 10:20:02][xybjlu28] timer launch .....
[G][05-31 10:25:02][xybjlu28] timer launch .....
[G][05-31 14:00:06][xybjlu28] timer launch .....
[G][05-31 14:00:26][xybjlu28] init session[26184ms]
[G][05-31 15:45:02][xybjlu28] timer launch .....
[G][05-31 15:45:03][xybjlu28] fetching ..... [890879][ing=false],openTime=2018-05-31 15:45:00[1/80]
[G][05-31 15:45:07][xybjlu28] fetching ..... [890879][ing=false],openTime=2018-05-31 15:45:00[2/80]
[G][05-31 15:45:12][xybjlu28] fetching ..... [890879][ing=false],openTime=2018-05-31 15:45:00[3/80]
[G][05-31 15:45:12][xybjlu28] RESULTS  _____ [890879]=>03,04,11,12,13,25,26,35,41,44,45,46,47,54,60,66,73,76,79,80+01
[G][05-31 15:45:12][xybjlu28] timer clear .....
[G][05-31 15:45:13][xybjlu28] -------- OPENing --------
[G][05-31 15:45:13][xybjlu28] Start ... [890875],status=0,result=10,11,12,13,16,21,29,30,32,38,56,62,64,65,67,70,72,73,75,76+01
[G][05-31 15:45:13][xybjlu28] BETS ... [0][890875][63ms]
[G][05-31 15:45:13][xybjlu28] End ... [890875][126ms],status=2,result=10,11,12,13,16,21,29,30,32,38,56,62,64,65,67,70,72,73,75,76+01
[G][05-31 15:45:14][xybjlu28] Start ... [890878],status=0,result=02,03,05,09,13,22,23,28,29,31,34,40,48,49,58,60,68,71,74,76+01
[G][05-31 15:45:14][xybjlu28] BETS ... [0][890878][64ms]
[G][05-31 15:45:14][xybjlu28] End ... [890878][141ms],status=2,result=02,03,05,09,13,22,23,28,29,31,34,40,48,49,58,60,68,71,74,76+01
[G][05-31 15:45:15][xybjlu28] Start ... [890879],status=0,result=03,04,11,12,13,25,26,35,41,44,45,46,47,54,60,66,73,76,79,80+01
[G][05-31 15:45:15][xybjlu28] BETS ... [0][890879][168ms]
[G][05-31 15:45:15][xybjlu28] End ... [890879][228ms],status=2,result=03,04,11,12,13,25,26,35,41,44,45,46,47,54,60,66,73,76,79,80+01
[G][05-31 15:45:15][xybjlu28] Start ... [890876],status=0,result=01,11,12,13,15,18,19,22,24,25,32,35,37,42,49,52,54,55,61,70+02
[G][05-31 15:45:16][xybjlu28] BETS ... [0][890876][645ms]
[G][05-31 15:45:17][xybjlu28] End ... [890876][1606ms],status=2,result=01,11,12,13,15,18,19,22,24,25,32,35,37,42,49,52,54,55,61,70+02
[G][05-31 15:45:17][xybjlu28] Start ... [890877],status=0,result=06,07,19,21,22,25,26,28,37,41,42,43,50,53,56,62,63,70,74,76+02
[G][05-31 15:45:18][xybjlu28] BETS ... [0][890877][424ms]
[G][05-31 15:45:18][xybjlu28] End ... [890877][511ms],status=2,result=06,07,19,21,22,25,26,28,37,41,42,43,50,53,56,62,63,70,74,76+02
[G][05-31 15:45:19][xybjlu28] gsi last ... [423ms]890879,03,04,11,12,13,25,26,35,41,44,45,46,47,54,60,66,73,76,79,80+01
[G][05-31 15:45:20][xybjlu28] trend ... [5][1789ms]
[G][05-31 15:45:22][xybjlu28] SUCCESS  _^_^_ [890879][9499ms]
[G][05-31 15:50:02][xybjlu28] timer launch .....
[G][05-31 15:50:02][xybjlu28] fetching ..... [890880][ing=false],openTime=2018-05-31 15:50:00[1/80]
[G][05-31 15:50:07][xybjlu28] fetching ..... [890880][ing=false],openTime=2018-05-31 15:50:00[2/80]
[G][05-31 16:05:02][xybjlu28] timer launch .....
[G][05-31 16:05:03][xybjlu28] fetching ..... [890883][ing=false],openTime=2018-05-31 16:05:00[1/80]
[G][05-31 16:05:07][xybjlu28] fetching ..... [890883][ing=false],openTime=2018-05-31 16:05:00[2/80]
[G][05-31 16:05:15][xybjlu28] fetching ..... [890883][ing=false],openTime=2018-05-31 16:05:00[3/80]
[G][05-31 16:05:15][xybjlu28] RESULTS  _____ [890883]=>01,02,03,04,08,10,13,16,17,20,21,23,24,28,31,42,45,50,51,61+02
[G][05-31 16:05:15][xybjlu28] timer clear .....
[G][05-31 16:05:15][xybjlu28] -------- OPENing --------
[G][05-31 16:05:15][xybjlu28] Start ... [890874],status=0,result=04,10,14,15,27,30,36,37,38,39,43,46,50,51,54,56,59,68,75,78+03
[G][05-31 16:05:15][xybjlu28] BETS ... [0][890874][66ms]
[G][05-31 16:05:15][xybjlu28] End ... [890874][123ms],status=2,result=04,10,14,15,27,30,36,37,38,39,43,46,50,51,54,56,59,68,75,78+03
[G][05-31 16:05:16][xybjlu28] Start ... [890883],status=0,result=01,02,03,04,08,10,13,16,17,20,21,23,24,28,31,42,45,50,51,61+02
[G][05-31 16:05:17][xybjlu28] BETS ... [0][890883][374ms]
[G][05-31 16:05:17][xybjlu28] End ... [890883][440ms],status=2,result=01,02,03,04,08,10,13,16,17,20,21,23,24,28,31,42,45,50,51,61+02
[G][05-31 16:05:17][xybjlu28] Start ... [890880],status=0,result=05,15,17,18,25,28,36,38,39,50,51,53,55,56,58,68,71,76,78,79+04
[G][05-31 16:05:17][xybjlu28] BETS ... [0][890880][65ms]
[G][05-31 16:05:17][xybjlu28] End ... [890880][124ms],status=2,result=05,15,17,18,25,28,36,38,39,50,51,53,55,56,58,68,71,76,78,79+04
[G][05-31 16:05:17][xybjlu28] Start ... [890882],status=0,result=02,04,08,09,12,15,16,19,22,37,40,42,44,45,53,69,70,73,75,76+02
[G][05-31 16:05:18][xybjlu28] BETS ... [0][890882][63ms]
[G][05-31 16:05:18][xybjlu28] End ... [890882][125ms],status=2,result=02,04,08,09,12,15,16,19,22,37,40,42,44,45,53,69,70,73,75,76+02
[G][05-31 16:05:18][xybjlu28] Start ... [890881],status=0,result=03,04,05,09,11,17,27,31,33,37,45,49,55,58,59,65,66,69,72,79+02
[G][05-31 16:05:18][xybjlu28] BETS ... [0][890881][60ms]
[G][05-31 16:05:18][xybjlu28] End ... [890881][121ms],status=2,result=03,04,05,09,11,17,27,31,33,37,45,49,55,58,59,65,66,69,72,79+02
[G][05-31 16:05:19][xybjlu28] gsi last ... [681ms]890883,01,02,03,04,08,10,13,16,17,20,21,23,24,28,31,42,45,50,51,61+02
[G][05-31 16:05:22][xybjlu28] trend ... [5][3093ms]
[G][05-31 16:05:23][xybjlu28] SUCCESS  _^_^_ [890883][8113ms]
[G][05-31 16:11:15][xybjlu28] timer launch .....
[G][05-31 16:11:36][xybjlu28] fetching ..... [890884][ing=false],openTime=2018-05-31 16:10:00[1/80]
[G][05-31 16:11:36][xybjlu28] RESULTS  _____ [890884]=>06,09,17,25,26,29,33,35,36,37,42,43,44,49,59,62,64,68,79,80+02
[G][05-31 16:11:36][xybjlu28] timer clear .....
[G][05-31 16:11:37][xybjlu28] -------- OPENing --------
[G][05-31 16:11:38][xybjlu28] Start ... [890884],status=0,result=06,09,17,25,26,29,33,35,36,37,42,43,44,49,59,62,64,68,79,80+02
[G][05-31 16:11:38][xybjlu28] BETS ... [0][890884][293ms]
[G][05-31 16:11:38][xybjlu28] End ... [890884][499ms],status=2,result=06,09,17,25,26,29,33,35,36,37,42,43,44,49,59,62,64,68,79,80+02
[G][05-31 16:11:40][xybjlu28] gsi last ... [327ms]890884,06,09,17,25,26,29,33,35,36,37,42,43,44,49,59,62,64,68,79,80+02
[G][05-31 16:11:40][xybjlu28] trend ... [1][63ms]
[G][05-31 16:11:41][xybjlu28] SUCCESS  _^_^_ [890884][4467ms]
[G][05-31 16:20:02][xybjlu28] timer launch .....
[G][05-31 16:20:02][xybjlu28] fetching ..... [890886][ing=false],openTime=2018-05-31 16:20:00[1/80]
[G][05-31 16:20:07][xybjlu28] fetching ..... [890886][ing=false],openTime=2018-05-31 16:20:00[2/80]
[G][05-31 16:20:12][xybjlu28] fetching ..... [890886][ing=false],openTime=2018-05-31 16:20:00[3/80]
[G][05-31 16:20:22][xybjlu28] fetching ..... [890886][ing=false],openTime=2018-05-31 16:20:00[4/80]
[G][05-31 16:20:22][xybjlu28] RESULTS  _____ [890886]=>05,14,16,19,23,28,31,32,34,36,39,41,42,49,50,55,57,61,68,72+01
[G][05-31 16:20:22][xybjlu28] timer clear .....
[G][05-31 16:20:22][xybjlu28] -------- OPENing --------
[G][05-31 16:20:23][xybjlu28] Start ... [890886],status=0,result=05,14,16,19,23,28,31,32,34,36,39,41,42,49,50,55,57,61,68,72+01
[G][05-31 16:20:23][xybjlu28] BETS ... [0][890886][60ms]
[G][05-31 16:20:23][xybjlu28] End ... [890886][125ms],status=2,result=05,14,16,19,23,28,31,32,34,36,39,41,42,49,50,55,57,61,68,72+01
[G][05-31 16:20:23][xybjlu28] Start ... [890885],status=0,result=04,14,19,29,35,38,42,45,47,49,50,55,58,59,60,62,63,64,70,80+02
[G][05-31 16:20:23][xybjlu28] BETS ... [0][890885][60ms]
[G][05-31 16:20:23][xybjlu28] End ... [890885][120ms],status=2,result=04,14,19,29,35,38,42,45,47,49,50,55,58,59,60,62,63,64,70,80+02
[G][05-31 16:20:24][xybjlu28] gsi last ... [242ms]890886,05,14,16,19,23,28,31,32,34,36,39,41,42,49,50,55,57,61,68,72+01
[G][05-31 16:20:28][xybjlu28] trend ... [2][3456ms]
[G][05-31 16:20:30][xybjlu28] SUCCESS  _^_^_ [890886][7598ms]
[G][05-31 16:25:02][xybjlu28] timer launch .....
[G][05-31 16:25:02][xybjlu28] fetching ..... [890887][ing=false],openTime=2018-05-31 16:25:00[1/80]
[G][05-31 16:25:11][xybjlu28] fetching ..... [890887][ing=false],openTime=2018-05-31 16:25:00[2/80]
[G][05-31 16:25:12][xybjlu28] fetching ..... [890887][ing=false],openTime=2018-05-31 16:25:00[3/80]
[G][05-31 16:25:19][xybjlu28] fetching ..... [890887][ing=false],openTime=2018-05-31 16:25:00[4/80]
[G][05-31 16:25:19][xybjlu28] RESULTS  _____ [890887]=>02,05,07,08,09,13,15,16,17,19,25,28,31,36,52,53,64,72,77,79+01
[G][05-31 16:25:19][xybjlu28] timer clear .....
[G][05-31 16:25:19][xybjlu28] -------- OPENing --------
[G][05-31 16:25:20][xybjlu28] Start ... [890887],status=0,result=02,05,07,08,09,13,15,16,17,19,25,28,31,36,52,53,64,72,77,79+01
[G][05-31 16:25:20][xybjlu28] BETS ... [0][890887][58ms]
[G][05-31 16:25:20][xybjlu28] End ... [890887][120ms],status=2,result=02,05,07,08,09,13,15,16,17,19,25,28,31,36,52,53,64,72,77,79+01
[G][05-31 16:25:22][xybjlu28] gsi last ... [316ms]890887,02,05,07,08,09,13,15,16,17,19,25,28,31,36,52,53,64,72,77,79+01
[G][05-31 16:25:22][xybjlu28] trend ... [1][62ms]
[G][05-31 16:25:23][xybjlu28] SUCCESS  _^_^_ [890887][4242ms]
[G][05-31 16:30:20][xybjlu28] init session[19952ms]
[G][05-31 16:30:30][xybjlu28] timer launch .....
[G][05-31 16:30:54][xybjlu28] fetching ..... [890888][ing=false],openTime=2018-05-31 16:30:00[1/80]
[G][05-31 16:30:54][xybjlu28] RESULTS  _____ [890888]=>08,12,15,17,25,26,27,28,34,35,38,55,57,60,62,69,72,76,79,80+03
[G][05-31 16:30:54][xybjlu28] timer clear .....
[G][05-31 16:30:55][xybjlu28] -------- OPENing --------
[G][05-31 16:30:55][xybjlu28] Start ... [890888],status=0,result=08,12,15,17,25,26,27,28,34,35,38,55,57,60,62,69,72,76,79,80+03
[G][05-31 16:30:56][xybjlu28] BETS ... [0][890888][202ms]
[G][05-31 16:30:56][xybjlu28] End ... [890888][401ms],status=2,result=08,12,15,17,25,26,27,28,34,35,38,55,57,60,62,69,72,76,79,80+03
[G][05-31 16:31:01][xybjlu28] gsi last ... [1195ms]890888,08,12,15,17,25,26,27,28,34,35,38,55,57,60,62,69,72,76,79,80+03
[G][05-31 16:31:01][xybjlu28] trend ... [1][226ms]
[G][05-31 16:31:03][xybjlu28] SUCCESS  _^_^_ [890888][9442ms]
[G][05-31 16:35:02][xybjlu28] timer launch .....
[G][05-31 16:35:04][xybjlu28] fetching ..... [890889][ing=false],openTime=2018-05-31 16:35:00[1/80]
[G][05-31 16:35:08][xybjlu28] fetching ..... [890889][ing=false],openTime=2018-05-31 16:35:00[2/80]
[G][05-31 16:35:20][xybjlu28] fetching ..... [890889][ing=false],openTime=2018-05-31 16:35:00[3/80]
[G][05-31 16:35:20][xybjlu28] RESULTS  _____ [890889]=>01,08,22,24,25,36,38,42,44,45,46,49,51,54,66,68,71,73,75,76+02
[G][05-31 16:35:20][xybjlu28] timer clear .....
[G][05-31 16:35:21][xybjlu28] -------- OPENing --------
[G][05-31 16:35:23][xybjlu28] Start ... [890889],status=0,result=01,08,22,24,25,36,38,42,44,45,46,49,51,54,66,68,71,73,75,76+02
[G][05-31 16:35:23][xybjlu28] BETS ... [0][890889][200ms]
[G][05-31 16:35:23][xybjlu28] End ... [890889][401ms],status=2,result=01,08,22,24,25,36,38,42,44,45,46,49,51,54,66,68,71,73,75,76+02
[G][05-31 16:35:27][xybjlu28] gsi last ... [1323ms]890889,01,08,22,24,25,36,38,42,44,45,46,49,51,54,66,68,71,73,75,76+02
[G][05-31 16:35:27][xybjlu28] trend ... [1][205ms]
[G][05-31 16:35:29][xybjlu28] SUCCESS  _^_^_ [890889][9050ms]
[G][05-31 16:40:02][xybjlu28] timer launch .....
[G][05-31 16:40:02][xybjlu28] fetching ..... [890890][ing=false],openTime=2018-05-31 16:40:00[1/80]
[G][05-31 16:40:07][xybjlu28] fetching ..... [890890][ing=false],openTime=2018-05-31 16:40:00[2/80]
[G][05-31 16:40:12][xybjlu28] fetching ..... [890890][ing=false],openTime=2018-05-31 16:40:00[3/80]
[G][05-31 16:40:20][xybjlu28] fetching ..... [890890][ing=false],openTime=2018-05-31 16:40:00[4/80]
[G][05-31 16:40:28][xybjlu28] fetching ..... [890890][ing=false],openTime=2018-05-31 16:40:00[5/80]
[G][05-31 16:40:28][xybjlu28] RESULTS  _____ [890890]=>01,04,05,08,09,10,11,18,19,21,24,26,35,36,37,40,50,52,59,75+03
[G][05-31 16:40:28][xybjlu28] timer clear .....
[G][05-31 16:40:28][xybjlu28] -------- OPENing --------
[G][05-31 16:40:30][xybjlu28] Start ... [890890],status=0,result=01,04,05,08,09,10,11,18,19,21,24,26,35,36,37,40,50,52,59,75+03
[G][05-31 16:40:30][xybjlu28] BETS ... [0][890890][77ms]
[G][05-31 16:40:30][xybjlu28] End ... [890890][137ms],status=2,result=01,04,05,08,09,10,11,18,19,21,24,26,35,36,37,40,50,52,59,75+03
[G][05-31 16:40:31][xybjlu28] gsi last ... [280ms]890890,01,04,05,08,09,10,11,18,19,21,24,26,35,36,37,40,50,52,59,75+03
[G][05-31 16:40:31][xybjlu28] trend ... [1][147ms]
[G][05-31 16:40:33][xybjlu28] SUCCESS  _^_^_ [890890][5112ms]
[G][05-31 16:45:02][xybjlu28] timer launch .....
[G][05-31 16:45:03][xybjlu28] fetching ..... [890891][ing=false],openTime=2018-05-31 16:45:00[1/80]
[G][05-31 16:45:07][xybjlu28] fetching ..... [890891][ing=false],openTime=2018-05-31 16:45:00[2/80]
[G][05-31 16:45:12][xybjlu28] fetching ..... [890891][ing=false],openTime=2018-05-31 16:45:00[3/80]
[G][05-31 16:45:19][xybjlu28] fetching ..... [890891][ing=false],openTime=2018-05-31 16:45:00[4/80]
[G][05-31 16:45:19][xybjlu28] RESULTS  _____ [890891]=>08,19,22,28,29,30,39,43,46,47,53,61,67,69,71,72,75,77,78,80+01
[G][05-31 16:45:19][xybjlu28] timer clear .....
[G][05-31 16:45:19][xybjlu28] -------- OPENing --------
[G][05-31 16:45:21][xybjlu28] Start ... [890891],status=0,result=08,19,22,28,29,30,39,43,46,47,53,61,67,69,71,72,75,77,78,80+01
[G][05-31 16:45:21][xybjlu28] BETS ... [0][890891][57ms]
[G][05-31 16:45:21][xybjlu28] End ... [890891][114ms],status=2,result=08,19,22,28,29,30,39,43,46,47,53,61,67,69,71,72,75,77,78,80+01
[G][05-31 16:45:22][xybjlu28] gsi last ... [549ms]890891,08,19,22,28,29,30,39,43,46,47,53,61,67,69,71,72,75,77,78,80+01
[G][05-31 16:45:23][xybjlu28] trend ... [1][961ms]
[G][05-31 16:45:26][xybjlu28] SUCCESS  _^_^_ [890891][7149ms]
[G][05-31 16:50:02][xybjlu28] timer launch .....
[G][05-31 16:50:02][xybjlu28] fetching ..... [890892][ing=false],openTime=2018-05-31 16:50:00[1/80]
[G][05-31 16:50:07][xybjlu28] fetching ..... [890892][ing=false],openTime=2018-05-31 16:50:00[2/80]
[G][05-31 16:50:12][xybjlu28] fetching ..... [890892][ing=false],openTime=2018-05-31 16:50:00[3/80]
[G][05-31 16:50:17][xybjlu28] fetching ..... [890892][ing=false],openTime=2018-05-31 16:50:00[4/80]
[G][05-31 16:50:18][xybjlu28] RESULTS  _____ [890892]=>05,10,11,12,16,19,21,22,32,37,42,52,56,57,58,61,63,65,71,80+02
[G][05-31 16:50:18][xybjlu28] timer clear .....
[G][05-31 16:50:18][xybjlu28] -------- OPENing --------
[G][05-31 16:50:19][xybjlu28] Start ... [890892],status=0,result=05,10,11,12,16,19,21,22,32,37,42,52,56,57,58,61,63,65,71,80+02
[G][05-31 16:50:20][xybjlu28] BETS ... [0][890892][1037ms]
[G][05-31 16:50:20][xybjlu28] End ... [890892][1116ms],status=2,result=05,10,11,12,16,19,21,22,32,37,42,52,56,57,58,61,63,65,71,80+02
[G][05-31 16:50:22][xybjlu28] gsi last ... [1047ms]890892,05,10,11,12,16,19,21,22,32,37,42,52,56,57,58,61,63,65,71,80+02
[G][05-31 16:50:22][xybjlu28] trend ... [1][59ms]
[G][05-31 16:50:22][xybjlu28] SUCCESS  _^_^_ [890892][4965ms]
[G][05-31 16:55:02][xybjlu28] timer launch .....
[G][05-31 16:55:05][xybjlu28] fetching ..... [890893][ing=false],openTime=2018-05-31 16:55:00[1/80]
[G][05-31 16:55:19][xybjlu28] fetching ..... [890893][ing=false],openTime=2018-05-31 16:55:00[2/80]
[G][05-31 16:55:20][xybjlu28] RESULTS  _____ [890893]=>01,02,04,09,14,15,16,22,23,27,35,39,43,47,52,54,60,63,72,78+04
[G][05-31 16:55:20][xybjlu28] timer clear .....
[G][05-31 16:55:23][xybjlu28] -------- OPENing --------
[G][05-31 16:55:36][xybjlu28] Start ... [890893],status=0,result=01,02,04,09,14,15,16,22,23,27,35,39,43,47,52,54,60,63,72,78+04
[G][05-31 16:55:48][xybjlu28] BETS ... [0][890893][11259ms]
[G][05-31 16:56:13][xybjlu28] End ... [890893][36652ms],status=2,result=01,02,04,09,14,15,16,22,23,27,35,39,43,47,52,54,60,63,72,78+04
[G][05-31 16:56:17][xybjlu28] gsi last ... [4081ms]890893,01,02,04,09,14,15,16,22,23,27,35,39,43,47,52,54,60,63,72,78+04
[G][05-31 16:56:17][xybjlu28] trend ... [1][55ms]
[G][05-31 16:56:18][xybjlu28] SUCCESS  _^_^_ [890893][58219ms]
[G][05-31 17:00:09][xybjlu28] init session[9526ms]
[G][05-31 17:00:14][xybjlu28] timer launch .....
[G][05-31 17:00:15][xybjlu28] fetching ..... [890894][ing=false],openTime=2018-05-31 17:00:00[1/80]
[G][05-31 17:00:45][xybjlu28] fetching ..... [890894][ing=false],openTime=2018-05-31 17:00:00[2/80]
[G][05-31 17:01:20][xybjlu28] fetching ..... [890894][ing=false],openTime=2018-05-31 17:00:00[3/80]
[G][05-31 17:01:21][xybjlu28] fetching ..... [890894][ing=false],openTime=2018-05-31 17:00:00[4/80]
[G][05-31 17:01:29][xybjlu28] fetching ..... [890894][ing=false],openTime=2018-05-31 17:00:00[5/80]
[G][05-31 17:01:39][xybjlu28] fetching ..... [890894][ing=false],openTime=2018-05-31 17:00:00[6/80]
[G][05-31 17:01:55][xybjlu28] fetching ..... [890894][ing=false],openTime=2018-05-31 17:00:00[7/80]
[G][05-31 17:01:57][xybjlu28] fetching ..... [890894][ing=false],openTime=2018-05-31 17:00:00[8/80]
[G][05-31 18:25:02][xybjlu28] timer launch .....
[G][05-31 18:25:02][xybjlu28] fetching ..... [890911][ing=false],openTime=2018-05-31 18:25:00[1/80]
[G][05-31 18:25:07][xybjlu28] fetching ..... [890911][ing=false],openTime=2018-05-31 18:25:00[2/80]
[G][05-31 18:25:12][xybjlu28] fetching ..... [890911][ing=false],openTime=2018-05-31 18:25:00[3/80]
[G][05-31 18:25:18][xybjlu28] fetching ..... [890911][ing=false],openTime=2018-05-31 18:25:00[4/80]
[G][05-31 18:25:18][xybjlu28] RESULTS  _____ [890911]=>03,05,10,13,21,22,24,25,29,30,41,43,49,52,63,66,68,69,75,77+02
[G][05-31 18:25:18][xybjlu28] timer clear .....
[G][05-31 18:25:18][xybjlu28] -------- OPENing --------
[G][05-31 18:25:18][xybjlu28] Start ... [890899],status=0,result=02,07,10,12,19,22,23,28,32,40,41,42,50,57,60,63,66,68,74,76+01
[G][05-31 18:25:18][xybjlu28] BETS ... [0][890899][58ms]
[G][05-31 18:25:19][xybjlu28] End ... [890899][113ms],status=2,result=02,07,10,12,19,22,23,28,32,40,41,42,50,57,60,63,66,68,74,76+01
[G][05-31 18:25:19][xybjlu28] Start ... [890898],status=0,result=01,02,03,06,11,19,24,30,31,32,34,39,42,52,58,59,69,74,78,79+02
[G][05-31 18:25:19][xybjlu28] BETS ... [0][890898][55ms]
[G][05-31 18:25:19][xybjlu28] End ... [890898][109ms],status=2,result=01,02,03,06,11,19,24,30,31,32,34,39,42,52,58,59,69,74,78,79+02
[G][05-31 18:25:19][xybjlu28] Start ... [890897],status=0,result=05,06,10,17,21,23,29,32,35,37,39,41,42,46,49,50,58,59,60,78+02
[G][05-31 18:25:19][xybjlu28] BETS ... [0][890897][55ms]
[G][05-31 18:25:19][xybjlu28] End ... [890897][107ms],status=2,result=05,06,10,17,21,23,29,32,35,37,39,41,42,46,49,50,58,59,60,78+02
[G][05-31 18:25:19][xybjlu28] Start ... [890909],status=0,result=08,09,14,22,26,29,31,35,36,40,44,45,46,51,53,56,57,63,71,73+02
[G][05-31 18:25:19][xybjlu28] BETS ... [0][890909][57ms]
[G][05-31 18:25:19][xybjlu28] End ... [890909][110ms],status=2,result=08,09,14,22,26,29,31,35,36,40,44,45,46,51,53,56,57,63,71,73+02
[G][05-31 18:25:19][xybjlu28] Start ... [890896],status=0,result=01,08,10,13,14,18,20,22,28,30,44,45,46,49,53,62,70,71,78,79+02
[G][05-31 18:25:19][xybjlu28] BETS ... [0][890896][58ms]
[G][05-31 18:25:19][xybjlu28] End ... [890896][111ms],status=2,result=01,08,10,13,14,18,20,22,28,30,44,45,46,49,53,62,70,71,78,79+02
[G][05-31 18:25:20][xybjlu28] Start ... [890908],status=0,result=01,02,10,11,12,14,16,19,20,31,38,43,46,48,58,59,63,68,69,78+01
[G][05-31 18:25:20][xybjlu28] BETS ... [0][890908][51ms]
[G][05-31 18:25:20][xybjlu28] End ... [890908][103ms],status=2,result=01,02,10,11,12,14,16,19,20,31,38,43,46,48,58,59,63,68,69,78+01
[G][05-31 18:25:20][xybjlu28] Start ... [890895],status=0,result=08,09,16,21,24,25,27,30,32,34,38,39,46,50,54,59,60,67,69,79+01
[G][05-31 18:25:20][xybjlu28] BETS ... [0][890895][53ms]
[G][05-31 18:25:20][xybjlu28] End ... [890895][109ms],status=2,result=08,09,16,21,24,25,27,30,32,34,38,39,46,50,54,59,60,67,69,79+01
[G][05-31 18:25:20][xybjlu28] Start ... [890907],status=0,result=06,08,09,11,12,16,19,26,27,32,34,38,42,50,55,57,60,61,68,75+01
[G][05-31 18:25:20][xybjlu28] BETS ... [0][890907][59ms]
[G][05-31 18:25:20][xybjlu28] End ... [890907][109ms],status=2,result=06,08,09,11,12,16,19,26,27,32,34,38,42,50,55,57,60,61,68,75+01
[G][05-31 18:25:20][xybjlu28] Start ... [890894],status=0,result=06,11,12,17,21,23,25,27,28,31,42,47,48,54,64,66,68,74,75,80+02
[G][05-31 18:25:20][xybjlu28] BETS ... [0][890894][57ms]
[G][05-31 18:25:20][xybjlu28] End ... [890894][119ms],status=2,result=06,11,12,17,21,23,25,27,28,31,42,47,48,54,64,66,68,74,75,80+02
[G][05-31 18:25:20][xybjlu28] Start ... [890906],status=0,result=04,05,06,09,11,18,24,25,33,40,41,43,45,47,48,52,62,66,69,70+01
[G][05-31 18:25:21][xybjlu28] BETS ... [0][890906][61ms]
[G][05-31 18:25:21][xybjlu28] End ... [890906][112ms],status=2,result=04,05,06,09,11,18,24,25,33,40,41,43,45,47,48,52,62,66,69,70+01
[G][05-31 18:25:21][xybjlu28] Start ... [890900],status=0,result=01,04,06,12,15,21,29,30,33,35,39,41,51,62,64,65,70,72,77,79+05
[G][05-31 18:25:21][xybjlu28] BETS ... [0][890900][146ms]
[G][05-31 18:25:21][xybjlu28] End ... [890900][202ms],status=2,result=01,04,06,12,15,21,29,30,33,35,39,41,51,62,64,65,70,72,77,79+05
[G][05-31 18:25:21][xybjlu28] Start ... [890910],status=0,result=01,02,16,19,23,26,30,38,39,42,44,54,56,66,68,71,75,77,78,79+02
[G][05-31 18:25:22][xybjlu28] BETS ... [0][890910][363ms]
[G][05-31 18:25:22][xybjlu28] End ... [890910][415ms],status=2,result=01,02,16,19,23,26,30,38,39,42,44,54,56,66,68,71,75,77,78,79+02
[G][05-31 18:25:22][xybjlu28] Start ... [890901],status=0,result=09,10,12,13,19,23,30,34,36,46,51,52,53,59,60,62,65,66,72,74+02
[G][05-31 18:25:22][xybjlu28] BETS ... [0][890901][53ms]
[G][05-31 18:25:22][xybjlu28] End ... [890901][106ms],status=2,result=09,10,12,13,19,23,30,34,36,46,51,52,53,59,60,62,65,66,72,74+02
[G][05-31 18:25:22][xybjlu28] Start ... [890911],status=0,result=03,05,10,13,21,22,24,25,29,30,41,43,49,52,63,66,68,69,75,77+02
[G][05-31 18:25:23][xybjlu28] BETS ... [0][890911][400ms]
[G][05-31 18:25:23][xybjlu28] End ... [890911][458ms],status=2,result=03,05,10,13,21,22,24,25,29,30,41,43,49,52,63,66,68,69,75,77+02
[G][05-31 18:25:23][xybjlu28] Start ... [890904],status=0,result=05,09,10,11,12,14,15,22,23,30,36,39,42,47,48,59,65,67,68,76+02
[G][05-31 18:25:23][xybjlu28] BETS ... [0][890904][54ms]
[G][05-31 18:25:23][xybjlu28] End ... [890904][106ms],status=2,result=05,09,10,11,12,14,15,22,23,30,36,39,42,47,48,59,65,67,68,76+02
[G][05-31 18:25:23][xybjlu28] Start ... [890905],status=0,result=02,04,05,16,23,30,34,36,41,42,52,55,56,59,62,65,72,76,77,79+02
[G][05-31 18:25:23][xybjlu28] BETS ... [0][890905][54ms]
[G][05-31 18:25:23][xybjlu28] End ... [890905][111ms],status=2,result=02,04,05,16,23,30,34,36,41,42,52,55,56,59,62,65,72,76,77,79+02
[G][05-31 18:25:23][xybjlu28] Start ... [890902],status=0,result=02,08,14,24,27,29,30,32,40,41,43,44,45,48,50,55,56,58,59,61+02
[G][05-31 18:25:23][xybjlu28] BETS ... [0][890902][61ms]
[G][05-31 18:25:23][xybjlu28] End ... [890902][121ms],status=2,result=02,08,14,24,27,29,30,32,40,41,43,44,45,48,50,55,56,58,59,61+02
[G][05-31 18:25:23][xybjlu28] Start ... [890903],status=0,result=03,10,11,16,20,21,22,28,32,36,38,43,46,56,57,60,64,72,77,80+02
[G][05-31 18:25:24][xybjlu28] BETS ... [0][890903][55ms]
[G][05-31 18:25:24][xybjlu28] End ... [890903][111ms],status=2,result=03,10,11,16,20,21,22,28,32,36,38,43,46,56,57,60,64,72,77,80+02
[G][05-31 18:25:24][xybjlu28] gsi last ... [264ms]890911,03,05,10,13,21,22,24,25,29,30,41,43,49,52,63,66,68,69,75,77+02
[G][05-31 18:25:32][xybjlu28] trend ... [18][7901ms]
[G][05-31 18:25:52][xybjlu28] SUCCESS  _^_^_ [890911][34015ms]
[G][05-31 18:30:06][xybjlu28] timer launch .....
[G][05-31 18:30:07][xybjlu28] fetching ..... [890912][ing=false],openTime=2018-05-31 18:30:00[1/80]
[G][05-31 18:30:09][xybjlu28] init session[9648ms]
[G][05-31 18:30:19][xybjlu28] fetching ..... [890912][ing=false],openTime=2018-05-31 18:30:00[2/80]
[G][05-31 18:30:19][xybjlu28] RESULTS  _____ [890912]=>04,05,07,11,20,32,47,49,53,55,57,59,60,61,62,66,69,70,71,72+02
[G][05-31 18:30:19][xybjlu28] timer clear .....
[G][05-31 18:30:19][xybjlu28] -------- OPENing --------
[G][05-31 18:30:20][xybjlu28] Start ... [890912],status=0,result=04,05,07,11,20,32,47,49,53,55,57,59,60,61,62,66,69,70,71,72+02
[G][05-31 18:30:20][xybjlu28] BETS ... [0][890912][110ms]
[G][05-31 18:30:21][xybjlu28] End ... [890912][176ms],status=2,result=04,05,07,11,20,32,47,49,53,55,57,59,60,61,62,66,69,70,71,72+02
[G][05-31 18:30:21][xybjlu28] gsi last ... [240ms]890912,04,05,07,11,20,32,47,49,53,55,57,59,60,61,62,66,69,70,71,72+02
[G][05-31 18:30:21][xybjlu28] trend ... [1][60ms]
[G][05-31 18:30:22][xybjlu28] SUCCESS  _^_^_ [890912][2793ms]
[G][05-31 18:35:02][xybjlu28] timer launch .....
[G][05-31 18:35:02][xybjlu28] fetching ..... [890913][ing=false],openTime=2018-05-31 18:35:00[1/80]
[G][05-31 18:35:07][xybjlu28] fetching ..... [890913][ing=false],openTime=2018-05-31 18:35:00[2/80]
[G][05-31 18:35:12][xybjlu28] fetching ..... [890913][ing=false],openTime=2018-05-31 18:35:00[3/80]
[G][05-31 18:35:12][xybjlu28] RESULTS  _____ [890913]=>01,04,10,12,13,18,19,33,38,39,41,43,44,54,56,63,64,67,68,75+02
[G][05-31 18:35:12][xybjlu28] timer clear .....
[G][05-31 18:35:12][xybjlu28] -------- OPENing --------
[G][05-31 18:35:13][xybjlu28] Start ... [890913],status=0,result=01,04,10,12,13,18,19,33,38,39,41,43,44,54,56,63,64,67,68,75+02
[G][05-31 18:35:14][xybjlu28] BETS ... [0][890913][56ms]
[G][05-31 18:35:14][xybjlu28] End ... [890913][113ms],status=2,result=01,04,10,12,13,18,19,33,38,39,41,43,44,54,56,63,64,67,68,75+02
[G][05-31 18:35:14][xybjlu28] gsi last ... [589ms]890913,01,04,10,12,13,18,19,33,38,39,41,43,44,54,56,63,64,67,68,75+02
[G][05-31 18:35:15][xybjlu28] trend ... [1][56ms]
[G][05-31 18:35:15][xybjlu28] SUCCESS  _^_^_ [890913][2944ms]
[G][05-31 18:40:02][xybjlu28] timer launch .....
[G][05-31 18:40:02][xybjlu28] fetching ..... [890914][ing=false],openTime=2018-05-31 18:40:00[1/80]
[G][05-31 18:40:07][xybjlu28] fetching ..... [890914][ing=false],openTime=2018-05-31 18:40:00[2/80]
[G][05-31 18:40:13][xybjlu28] fetching ..... [890914][ing=false],openTime=2018-05-31 18:40:00[3/80]
[G][05-31 18:40:18][xybjlu28] fetching ..... [890914][ing=false],openTime=2018-05-31 18:40:00[4/80]
[G][05-31 18:40:18][xybjlu28] RESULTS  _____ [890914]=>10,13,17,18,19,20,28,30,34,35,41,43,47,51,65,66,68,70,77,78+02
[G][05-31 18:40:18][xybjlu28] timer clear .....
[G][05-31 18:40:18][xybjlu28] -------- OPENing --------
[G][05-31 18:40:20][xybjlu28] Start ... [890914],status=0,result=10,13,17,18,19,20,28,30,34,35,41,43,47,51,65,66,68,70,77,78+02
[G][05-31 18:40:20][xybjlu28] BETS ... [0][890914][56ms]
[G][05-31 18:40:20][xybjlu28] End ... [890914][118ms],status=2,result=10,13,17,18,19,20,28,30,34,35,41,43,47,51,65,66,68,70,77,78+02
[G][05-31 18:40:20][xybjlu28] gsi last ... [229ms]890914,10,13,17,18,19,20,28,30,34,35,41,43,47,51,65,66,68,70,77,78+02
[G][05-31 18:40:20][xybjlu28] trend ... [1][60ms]
[G][05-31 18:40:21][xybjlu28] SUCCESS  _^_^_ [890914][2791ms]
[G][05-31 18:45:02][xybjlu28] timer launch .....
[G][05-31 18:45:09][xybjlu28] fetching ..... [890915][ing=false],openTime=2018-05-31 18:45:00[1/80]
[G][05-31 18:45:10][xybjlu28] fetching ..... [890915][ing=false],openTime=2018-05-31 18:45:00[2/80]
[G][05-31 18:45:15][xybjlu28] fetching ..... [890915][ing=false],openTime=2018-05-31 18:45:00[3/80]
[G][05-31 18:45:20][xybjlu28] fetching ..... [890915][ing=false],openTime=2018-05-31 18:45:00[4/80]
[G][05-31 18:45:20][xybjlu28] RESULTS  _____ [890915]=>05,10,11,16,23,25,26,30,37,39,42,43,44,46,48,49,52,57,66,73+01
[G][05-31 18:45:20][xybjlu28] timer clear .....
[G][05-31 18:45:21][xybjlu28] -------- OPENing --------
[G][05-31 18:45:23][xybjlu28] Start ... [890915],status=0,result=05,10,11,16,23,25,26,30,37,39,42,43,44,46,48,49,52,57,66,73+01
[G][05-31 18:45:23][xybjlu28] BETS ... [0][890915][62ms]
[G][05-31 18:45:23][xybjlu28] End ... [890915][119ms],status=2,result=05,10,11,16,23,25,26,30,37,39,42,43,44,46,48,49,52,57,66,73+01
[G][05-31 18:45:23][xybjlu28] gsi last ... [135ms]890915,05,10,11,16,23,25,26,30,37,39,42,43,44,46,48,49,52,57,66,73+01
[G][05-31 18:45:23][xybjlu28] trend ... [1][61ms]
[G][05-31 18:45:24][xybjlu28] SUCCESS  _^_^_ [890915][4008ms]
[G][05-31 18:50:02][xybjlu28] timer launch .....
[G][05-31 18:50:02][xybjlu28] fetching ..... [890916][ing=false],openTime=2018-05-31 18:50:00[1/80]
[G][05-31 18:50:07][xybjlu28] fetching ..... [890916][ing=false],openTime=2018-05-31 18:50:00[2/80]
[G][05-31 18:50:13][xybjlu28] fetching ..... [890916][ing=false],openTime=2018-05-31 18:50:00[3/80]
[G][05-31 18:50:18][xybjlu28] fetching ..... [890916][ing=false],openTime=2018-05-31 18:50:00[4/80]
[G][05-31 18:50:18][xybjlu28] RESULTS  _____ [890916]=>05,07,08,18,19,21,26,30,31,33,37,41,43,52,55,57,61,64,79,80+02
[G][05-31 18:50:18][xybjlu28] timer clear .....
[G][05-31 18:50:18][xybjlu28] -------- OPENing --------
[G][05-31 18:50:19][xybjlu28] Start ... [890916],status=0,result=05,07,08,18,19,21,26,30,31,33,37,41,43,52,55,57,61,64,79,80+02
[G][05-31 18:50:19][xybjlu28] BETS ... [0][890916][62ms]
[G][05-31 18:50:19][xybjlu28] End ... [890916][118ms],status=2,result=05,07,08,18,19,21,26,30,31,33,37,41,43,52,55,57,61,64,79,80+02
[G][05-31 18:50:19][xybjlu28] gsi last ... [184ms]890916,05,07,08,18,19,21,26,30,31,33,37,41,43,52,55,57,61,64,79,80+02
[G][05-31 18:50:20][xybjlu28] trend ... [1][56ms]
[G][05-31 18:50:20][xybjlu28] SUCCESS  _^_^_ [890916][2330ms]
[G][05-31 18:55:02][xybjlu28] timer launch .....
[G][05-31 18:55:02][xybjlu28] fetching ..... [890917][ing=false],openTime=2018-05-31 18:55:00[1/80]
[G][05-31 18:55:07][xybjlu28] fetching ..... [890917][ing=false],openTime=2018-05-31 18:55:00[2/80]
[G][05-31 18:55:12][xybjlu28] fetching ..... [890917][ing=false],openTime=2018-05-31 18:55:00[3/80]
[G][05-31 18:55:17][xybjlu28] fetching ..... [890917][ing=false],openTime=2018-05-31 18:55:00[4/80]
[G][05-31 18:55:17][xybjlu28] RESULTS  _____ [890917]=>01,05,16,26,29,32,33,38,44,46,53,55,56,61,64,65,67,71,73,80+04
[G][05-31 18:55:17][xybjlu28] timer clear .....
[G][05-31 18:55:17][xybjlu28] -------- OPENing --------
[G][05-31 18:55:18][xybjlu28] Start ... [890917],status=0,result=01,05,16,26,29,32,33,38,44,46,53,55,56,61,64,65,67,71,73,80+04
[G][05-31 18:55:18][xybjlu28] BETS ... [0][890917][56ms]
[G][05-31 18:55:18][xybjlu28] End ... [890917][112ms],status=2,result=01,05,16,26,29,32,33,38,44,46,53,55,56,61,64,65,67,71,73,80+04
[G][05-31 18:55:19][xybjlu28] gsi last ... [174ms]890917,01,05,16,26,29,32,33,38,44,46,53,55,56,61,64,65,67,71,73,80+04
[G][05-31 18:55:19][xybjlu28] trend ... [1][52ms]
[G][05-31 18:55:19][xybjlu28] SUCCESS  _^_^_ [890917][2435ms]
[G][05-31 19:00:05][xybjlu28] init session[5726ms]
[G][05-31 19:00:06][xybjlu28] timer launch .....
[G][05-31 19:00:06][xybjlu28] fetching ..... [890918][ing=false],openTime=2018-05-31 19:00:00[1/80]
[G][05-31 19:00:11][xybjlu28] fetching ..... [890918][ing=false],openTime=2018-05-31 19:00:00[2/80]
[G][05-31 19:00:16][xybjlu28] fetching ..... [890918][ing=false],openTime=2018-05-31 19:00:00[3/80]
[G][05-31 19:00:26][xybjlu28] fetching ..... [890918][ing=false],openTime=2018-05-31 19:00:00[4/80]
[G][05-31 19:00:26][xybjlu28] fetching ..... [890918][ing=false],openTime=2018-05-31 19:00:00[5/80]
[G][05-31 19:00:31][xybjlu28] fetching ..... [890918][ing=false],openTime=2018-05-31 19:00:00[6/80]
[G][05-31 19:00:36][xybjlu28] fetching ..... [890918][ing=false],openTime=2018-05-31 19:00:00[7/80]
[G][05-31 19:00:42][xybjlu28] fetching ..... [890918][ing=false],openTime=2018-05-31 19:00:00[8/80]
[G][05-31 19:00:46][xybjlu28] fetching ..... [890918][ing=false],openTime=2018-05-31 19:00:00[9/80]
[G][05-31 19:00:52][xybjlu28] fetching ..... [890918][ing=false],openTime=2018-05-31 19:00:00[10/80]
[G][05-31 19:00:56][xybjlu28] fetching ..... [890918][ing=false],openTime=2018-05-31 19:00:00[11/80]
[G][05-31 19:01:09][xybjlu28] fetching ..... [890918][ing=false],openTime=2018-05-31 19:00:00[12/80]
[G][05-31 19:01:10][xybjlu28] fetching ..... [890918][ing=false],openTime=2018-05-31 19:00:00[13/80]
[G][05-31 19:01:16][xybjlu28] fetching ..... [890918][ing=false],openTime=2018-05-31 19:00:00[14/80]
[G][05-31 19:01:20][xybjlu28] fetching ..... [890918][ing=false],openTime=2018-05-31 19:00:00[15/80]
[G][05-31 19:01:25][xybjlu28] fetching ..... [890918][ing=false],openTime=2018-05-31 19:00:00[16/80]
[G][05-31 19:01:31][xybjlu28] fetching ..... [890918][ing=false],openTime=2018-05-31 19:00:00[17/80]
[G][05-31 19:01:43][xybjlu28] fetching ..... [890918][ing=false],openTime=2018-05-31 19:00:00[18/80]
[G][05-31 19:01:44][xybjlu28] fetching ..... [890918][ing=false],openTime=2018-05-31 19:00:00[19/80]
[G][05-31 19:01:49][xybjlu28] fetching ..... [890918][ing=false],openTime=2018-05-31 19:00:00[20/80]
[G][05-31 19:01:56][xybjlu28] fetching ..... [890918][ing=false],openTime=2018-05-31 19:00:00[21/80]
[G][05-31 19:01:59][xybjlu28] fetching ..... [890918][ing=false],openTime=2018-05-31 19:00:00[22/80]
[G][05-31 19:05:02][xybjlu28] timer launch .....
[G][05-31 19:05:02][xybjlu28] fetching ..... [890919][ing=false],openTime=2018-05-31 19:05:00[1/80]
[G][05-31 19:05:07][xybjlu28] fetching ..... [890919][ing=false],openTime=2018-05-31 19:05:00[2/80]
[G][05-31 19:05:12][xybjlu28] fetching ..... [890919][ing=false],openTime=2018-05-31 19:05:00[3/80]
[G][05-31 19:05:17][xybjlu28] fetching ..... [890919][ing=false],openTime=2018-05-31 19:05:00[4/80]
[G][05-31 19:05:17][xybjlu28] RESULTS  _____ [890919]=>01,05,07,08,11,16,18,21,25,26,27,36,42,44,50,65,66,69,79,80+02
[G][05-31 19:05:17][xybjlu28] timer clear .....
[G][05-31 19:05:17][xybjlu28] -------- OPENing --------
[G][05-31 19:05:17][xybjlu28] Start ... [890918],status=0,result=04,05,10,13,16,20,31,41,46,48,54,59,62,65,66,71,72,73,77,80+01
[G][05-31 19:05:17][xybjlu28] BETS ... [0][890918][70ms]
[G][05-31 19:05:17][xybjlu28] End ... [890918][134ms],status=2,result=04,05,10,13,16,20,31,41,46,48,54,59,62,65,66,71,72,73,77,80+01
[G][05-31 19:05:18][xybjlu28] Start ... [890919],status=0,result=01,05,07,08,11,16,18,21,25,26,27,36,42,44,50,65,66,69,79,80+02
[G][05-31 19:05:18][xybjlu28] BETS ... [0][890919][70ms]
[G][05-31 19:05:18][xybjlu28] End ... [890919][132ms],status=2,result=01,05,07,08,11,16,18,21,25,26,27,36,42,44,50,65,66,69,79,80+02
[G][05-31 19:05:19][xybjlu28] gsi last ... [172ms]890919,01,05,07,08,11,16,18,21,25,26,27,36,42,44,50,65,66,69,79,80+02
[G][05-31 19:05:20][xybjlu28] trend ... [2][464ms]
[G][05-31 19:05:21][xybjlu28] SUCCESS  _^_^_ [890919][3354ms]
[G][05-31 19:10:02][xybjlu28] timer launch .....
[G][05-31 19:10:02][xybjlu28] fetching ..... [890920][ing=false],openTime=2018-05-31 19:10:00[1/80]
[G][05-31 19:10:07][xybjlu28] fetching ..... [890920][ing=false],openTime=2018-05-31 19:10:00[2/80]
