[G][05-31 09:13:00][xycqk10] timer launch .....
[G][05-31 09:23:00][xycqk10] timer launch .....
[G][05-31 09:33:00][xycqk10] timer launch .....
[G][05-31 09:43:00][xycqk10] timer launch .....
[G][05-31 09:53:00][xycqk10] timer launch .....
[G][05-31 10:03:00][xycqk10] timer launch .....
[G][05-31 10:13:00][xycqk10] timer launch .....
[G][05-31 10:23:00][xycqk10] timer launch .....
[G][05-31 15:43:00][xycqk10] timer launch .....
[G][05-31 15:43:04][xycqk10] fetching ..... [180531048][ing=false],openTime=2018-05-31 15:43:00[1/80]
[G][05-31 15:43:05][xycqk10] fetching ..... [180531048][ing=false],openTime=2018-05-31 15:43:00[2/80]
[G][05-31 15:43:15][xycqk10] fetching ..... [180531048][ing=false],openTime=2018-05-31 15:43:00[3/80]
[G][05-31 15:43:16][xycqk10] fetching ..... [180531048][ing=false],openTime=2018-05-31 15:43:00[4/80]
[G][05-31 15:43:21][xycqk10] fetching ..... [180531048][ing=false],openTime=2018-05-31 15:43:00[5/80]
[G][05-31 15:43:26][xycqk10] fetching ..... [180531048][ing=false],openTime=2018-05-31 15:43:00[6/80]
[G][05-31 15:43:32][xycqk10] fetching ..... [180531048][ing=false],openTime=2018-05-31 15:43:00[7/80]
[G][05-31 15:43:40][xycqk10] fetching ..... [180531048][ing=false],openTime=2018-05-31 15:43:00[8/80]
[G][05-31 15:43:41][xycqk10] fetching ..... [180531048][ing=false],openTime=2018-05-31 15:43:00[9/80]
[G][05-31 15:43:47][xycqk10] fetching ..... [180531048][ing=false],openTime=2018-05-31 15:43:00[10/80]
[G][05-31 15:43:52][xycqk10] fetching ..... [180531048][ing=false],openTime=2018-05-31 15:43:00[11/80]
[G][05-31 15:43:56][xycqk10] fetching ..... [180531048][ing=false],openTime=2018-05-31 15:43:00[12/80]
[G][05-31 15:43:56][xycqk10] RESULTS  _____ [180531048]=>02,01,20,08,19,04,05,18
[G][05-31 15:43:56][xycqk10] timer clear .....
[G][05-31 15:43:56][xycqk10] -------- OPENing --------
[G][05-31 15:43:57][xycqk10] Start ... [180531046],status=0,result=02,08,12,03,17,16,20,01
[G][05-31 15:43:57][xycqk10] BETS ... [0][180531046][70ms]
[G][05-31 15:43:57][xycqk10] End ... [180531046][132ms],status=2,result=02,08,12,03,17,16,20,01
[G][05-31 15:43:57][xycqk10] Start ... [180531047],status=0,result=12,20,02,16,05,04,13,01
[G][05-31 15:43:57][xycqk10] BETS ... [0][180531047][64ms]
[G][05-31 15:43:57][xycqk10] End ... [180531047][125ms],status=2,result=12,20,02,16,05,04,13,01
[G][05-31 15:43:58][xycqk10] Start ... [180531048],status=0,result=02,01,20,08,19,04,05,18
[G][05-31 15:43:58][xycqk10] BETS ... [0][180531048][59ms]
[G][05-31 15:43:59][xycqk10] End ... [180531048][593ms],status=2,result=02,01,20,08,19,04,05,18
[G][05-31 15:44:00][xycqk10] gsi last ... [262ms]180531048,02,01,20,08,19,04,05,18
[G][05-31 15:44:11][xycqk10] trend ... [3][10925ms]
[G][05-31 15:44:15][xycqk10] removing opening flag ..... [180531048]
[G][05-31 15:44:15][xycqk10] SUCCESS  _^_^_ [180531048][18913ms]
[G][05-31 15:53:00][xycqk10] timer launch .....
[G][05-31 15:53:09][xycqk10] fetching ..... [180531049][ing=false],openTime=2018-05-31 15:53:00[1/80]
[G][05-31 15:53:10][xycqk10] fetching ..... [180531049][ing=false],openTime=2018-05-31 15:53:00[2/80]
[G][05-31 15:53:15][xycqk10] fetching ..... [180531049][ing=false],openTime=2018-05-31 15:53:00[3/80]
[G][05-31 15:53:20][xycqk10] fetching ..... [180531049][ing=false],openTime=2018-05-31 15:53:00[4/80]
[G][05-31 15:53:25][xycqk10] fetching ..... [180531049][ing=false],openTime=2018-05-31 15:53:00[5/80]
[G][05-31 15:53:30][xycqk10] fetching ..... [180531049][ing=false],openTime=2018-05-31 15:53:00[6/80]
[G][05-31 15:53:35][xycqk10] fetching ..... [180531049][ing=false],openTime=2018-05-31 15:53:00[7/80]
[G][05-31 15:53:40][xycqk10] fetching ..... [180531049][ing=false],openTime=2018-05-31 15:53:00[8/80]
[G][05-31 15:53:45][xycqk10] fetching ..... [180531049][ing=false],openTime=2018-05-31 15:53:00[9/80]
[G][05-31 15:53:50][xycqk10] fetching ..... [180531049][ing=false],openTime=2018-05-31 15:53:00[10/80]
[G][05-31 15:53:55][xycqk10] fetching ..... [180531049][ing=false],openTime=2018-05-31 15:53:00[11/80]
[G][05-31 15:54:00][xycqk10] fetching ..... [180531049][ing=false],openTime=2018-05-31 15:53:00[12/80]
[G][05-31 15:54:00][xycqk10] RESULTS  _____ [180531049]=>12,19,15,09,01,20,04,08
[G][05-31 15:54:00][xycqk10] timer clear .....
[G][05-31 15:54:00][xycqk10] -------- OPENing --------
[G][05-31 15:54:02][xycqk10] Start ... [180531049],status=0,result=12,19,15,09,01,20,04,08
[G][05-31 15:54:02][xycqk10] BETS ... [0][180531049][62ms]
[G][05-31 15:54:02][xycqk10] End ... [180531049][119ms],status=2,result=12,19,15,09,01,20,04,08
[G][05-31 15:54:03][xycqk10] gsi last ... [250ms]180531049,12,19,15,09,01,20,04,08
[G][05-31 15:54:03][xycqk10] trend ... [1][111ms]
[G][05-31 15:54:07][xycqk10] removing opening flag ..... [180531049]
[G][05-31 15:54:07][xycqk10] SUCCESS  _^_^_ [180531049][6459ms]
[G][05-31 16:13:00][xycqk10] timer launch .....
[G][05-31 16:13:06][xycqk10] fetching ..... [180531051][ing=false],openTime=2018-05-31 16:13:00[1/80]
[G][05-31 16:13:07][xycqk10] fetching ..... [180531051][ing=false],openTime=2018-05-31 16:13:00[2/80]
[G][05-31 16:13:12][xycqk10] fetching ..... [180531051][ing=false],openTime=2018-05-31 16:13:00[3/80]
[G][05-31 16:13:17][xycqk10] fetching ..... [180531051][ing=false],openTime=2018-05-31 16:13:00[4/80]
[G][05-31 16:13:22][xycqk10] fetching ..... [180531051][ing=false],openTime=2018-05-31 16:13:00[5/80]
[G][05-31 16:13:27][xycqk10] fetching ..... [180531051][ing=false],openTime=2018-05-31 16:13:00[6/80]
[G][05-31 16:13:32][xycqk10] fetching ..... [180531051][ing=false],openTime=2018-05-31 16:13:00[7/80]
[G][05-31 16:13:37][xycqk10] fetching ..... [180531051][ing=false],openTime=2018-05-31 16:13:00[8/80]
[G][05-31 16:13:43][xycqk10] fetching ..... [180531051][ing=false],openTime=2018-05-31 16:13:00[9/80]
[G][05-31 16:13:47][xycqk10] fetching ..... [180531051][ing=false],openTime=2018-05-31 16:13:00[10/80]
[G][05-31 16:14:02][xycqk10] fetching ..... [180531051][ing=false],openTime=2018-05-31 16:13:00[11/80]
[G][05-31 16:14:02][xycqk10] RESULTS  _____ [180531051]=>09,19,12,17,16,04,10,07
[G][05-31 16:14:02][xycqk10] timer clear .....
[G][05-31 16:14:03][xycqk10] -------- OPENing --------
[G][05-31 16:14:04][xycqk10] Start ... [180531051],status=0,result=09,19,12,17,16,04,10,07
[G][05-31 16:14:04][xycqk10] BETS ... [0][180531051][60ms]
[G][05-31 16:14:05][xycqk10] End ... [180531051][423ms],status=2,result=09,19,12,17,16,04,10,07
[G][05-31 16:14:05][xycqk10] Start ... [180531050],status=0,result=05,07,20,10,19,12,06,03
[G][05-31 16:14:05][xycqk10] BETS ... [0][180531050][416ms]
[G][05-31 16:14:05][xycqk10] End ... [180531050][476ms],status=2,result=05,07,20,10,19,12,06,03
[G][05-31 16:14:06][xycqk10] gsi last ... [677ms]180531051,09,19,12,17,16,04,10,07
[G][05-31 16:14:09][xycqk10] trend ... [2][2433ms]
[G][05-31 16:14:12][xycqk10] removing opening flag ..... [180531051]
[G][05-31 16:14:12][xycqk10] SUCCESS  _^_^_ [180531051][9477ms]
[G][05-31 16:23:00][xycqk10] timer launch .....
[G][05-31 16:23:04][xycqk10] fetching ..... [180531052][ing=false],openTime=2018-05-31 16:23:00[1/80]
[G][05-31 16:23:05][xycqk10] fetching ..... [180531052][ing=false],openTime=2018-05-31 16:23:00[2/80]
[G][05-31 16:23:10][xycqk10] fetching ..... [180531052][ing=false],openTime=2018-05-31 16:23:00[3/80]
[G][05-31 16:23:15][xycqk10] fetching ..... [180531052][ing=false],openTime=2018-05-31 16:23:00[4/80]
[G][05-31 16:23:20][xycqk10] fetching ..... [180531052][ing=false],openTime=2018-05-31 16:23:00[5/80]
[G][05-31 16:23:32][xycqk10] fetching ..... [180531052][ing=false],openTime=2018-05-31 16:23:00[6/80]
[G][05-31 16:23:32][xycqk10] fetching ..... [180531052][ing=false],openTime=2018-05-31 16:23:00[7/80]
[G][05-31 16:23:37][xycqk10] fetching ..... [180531052][ing=false],openTime=2018-05-31 16:23:00[8/80]
[G][05-31 16:23:43][xycqk10] fetching ..... [180531052][ing=false],openTime=2018-05-31 16:23:00[9/80]
[G][05-31 16:23:48][xycqk10] fetching ..... [180531052][ing=false],openTime=2018-05-31 16:23:00[10/80]
[G][05-31 16:23:53][xycqk10] fetching ..... [180531052][ing=false],openTime=2018-05-31 16:23:00[11/80]
[G][05-31 16:23:57][xycqk10] fetching ..... [180531052][ing=false],openTime=2018-05-31 16:23:00[12/80]
[G][05-31 16:23:57][xycqk10] RESULTS  _____ [180531052]=>02,10,14,05,15,09,19,18
[G][05-31 16:23:57][xycqk10] timer clear .....
[G][05-31 16:23:58][xycqk10] -------- OPENing --------
[G][05-31 16:23:59][xycqk10] Start ... [180531052],status=0,result=02,10,14,05,15,09,19,18
[G][05-31 16:23:59][xycqk10] BETS ... [0][180531052][68ms]
[G][05-31 16:23:59][xycqk10] End ... [180531052][442ms],status=2,result=02,10,14,05,15,09,19,18
[G][05-31 16:24:00][xycqk10] gsi last ... [517ms]180531052,02,10,14,05,15,09,19,18
[G][05-31 16:24:00][xycqk10] trend ... [1][100ms]
[G][05-31 16:24:05][xycqk10] removing opening flag ..... [180531052]
[G][05-31 16:24:05][xycqk10] SUCCESS  _^_^_ [180531052][7501ms]
[G][05-31 16:33:00][xycqk10] timer launch .....
[G][05-31 16:33:05][xycqk10] fetching ..... [180531053][ing=false],openTime=2018-05-31 16:33:00[1/80]
[G][05-31 16:33:07][xycqk10] fetching ..... [180531053][ing=false],openTime=2018-05-31 16:33:00[2/80]
[G][05-31 16:33:40][xycqk10] fetching ..... [180531053][ing=false],openTime=2018-05-31 16:33:00[3/80]
[G][05-31 16:33:43][xycqk10] fetching ..... [180531053][ing=false],openTime=2018-05-31 16:33:00[4/80]
[G][05-31 16:33:47][xycqk10] fetching ..... [180531053][ing=false],openTime=2018-05-31 16:33:00[5/80]
[G][05-31 16:34:56][xycqk10] fetching ..... [180531053][ing=false],openTime=2018-05-31 16:33:00[6/80]
[G][05-31 16:34:56][xycqk10] RESULTS  _____ [180531053]=>04,19,02,10,09,06,03,08
[G][05-31 16:34:56][xycqk10] timer clear .....
[G][05-31 16:34:56][xycqk10] -------- OPENing --------
[G][05-31 16:35:00][xycqk10] Start ... [180531053],status=0,result=04,19,02,10,09,06,03,08
[G][05-31 16:35:01][xycqk10] BETS ... [0][180531053][210ms]
[G][05-31 16:35:01][xycqk10] End ... [180531053][442ms],status=2,result=04,19,02,10,09,06,03,08
[G][05-31 16:35:03][xycqk10] gsi last ... [1945ms]180531053,04,19,02,10,09,06,03,08
[G][05-31 16:35:04][xycqk10] trend ... [1][208ms]
[G][05-31 16:35:12][xycqk10] removing opening flag ..... [180531053]
[G][05-31 16:35:12][xycqk10] SUCCESS  _^_^_ [180531053][15779ms]
[G][05-31 16:43:00][xycqk10] timer launch .....
[G][05-31 16:43:01][xycqk10] fetching ..... [180531054][ing=false],openTime=2018-05-31 16:43:00[1/80]
[G][05-31 16:43:05][xycqk10] fetching ..... [180531054][ing=false],openTime=2018-05-31 16:43:00[2/80]
[G][05-31 16:43:10][xycqk10] fetching ..... [180531054][ing=false],openTime=2018-05-31 16:43:00[3/80]
[G][05-31 16:43:15][xycqk10] fetching ..... [180531054][ing=false],openTime=2018-05-31 16:43:00[4/80]
[G][05-31 16:43:20][xycqk10] fetching ..... [180531054][ing=false],openTime=2018-05-31 16:43:00[5/80]
[G][05-31 16:43:26][xycqk10] fetching ..... [180531054][ing=false],openTime=2018-05-31 16:43:00[6/80]
[G][05-31 16:43:32][xycqk10] fetching ..... [180531054][ing=false],openTime=2018-05-31 16:43:00[7/80]
[G][05-31 16:43:37][xycqk10] fetching ..... [180531054][ing=false],openTime=2018-05-31 16:43:00[8/80]
[G][05-31 16:43:42][xycqk10] fetching ..... [180531054][ing=false],openTime=2018-05-31 16:43:00[9/80]
[G][05-31 16:43:47][xycqk10] fetching ..... [180531054][ing=false],openTime=2018-05-31 16:43:00[10/80]
[G][05-31 16:43:52][xycqk10] fetching ..... [180531054][ing=false],openTime=2018-05-31 16:43:00[11/80]
[G][05-31 16:43:55][xycqk10] fetching ..... [180531054][ing=false],openTime=2018-05-31 16:43:00[12/80]
[G][05-31 16:43:55][xycqk10] RESULTS  _____ [180531054]=>04,01,08,20,11,12,06,18
[G][05-31 16:43:55][xycqk10] timer clear .....
[G][05-31 16:43:55][xycqk10] -------- OPENing --------
[G][05-31 16:43:57][xycqk10] Start ... [180531054],status=0,result=04,01,08,20,11,12,06,18
[G][05-31 16:43:57][xycqk10] BETS ... [0][180531054][64ms]
[G][05-31 16:43:57][xycqk10] End ... [180531054][129ms],status=2,result=04,01,08,20,11,12,06,18
[G][05-31 16:43:58][xycqk10] gsi last ... [288ms]180531054,04,01,08,20,11,12,06,18
[G][05-31 16:43:58][xycqk10] trend ... [1][76ms]
[G][05-31 16:44:02][xycqk10] removing opening flag ..... [180531054]
[G][05-31 16:44:02][xycqk10] SUCCESS  _^_^_ [180531054][6524ms]
[G][05-31 16:53:00][xycqk10] timer launch .....
[G][05-31 16:53:14][xycqk10] fetching ..... [180531055][ing=false],openTime=2018-05-31 16:53:00[1/80]
[G][05-31 16:53:16][xycqk10] fetching ..... [180531055][ing=false],openTime=2018-05-31 16:53:00[2/80]
[G][05-31 16:53:27][xycqk10] fetching ..... [180531055][ing=false],openTime=2018-05-31 16:53:00[3/80]
[G][05-31 16:53:28][xycqk10] fetching ..... [180531055][ing=false],openTime=2018-05-31 16:53:00[4/80]
[G][05-31 16:53:34][xycqk10] fetching ..... [180531055][ing=false],openTime=2018-05-31 16:53:00[5/80]
[G][05-31 16:53:39][xycqk10] fetching ..... [180531055][ing=false],openTime=2018-05-31 16:53:00[6/80]
[G][05-31 16:53:44][xycqk10] fetching ..... [180531055][ing=false],openTime=2018-05-31 16:53:00[7/80]
[G][05-31 16:53:47][xycqk10] fetching ..... [180531055][ing=false],openTime=2018-05-31 16:53:00[8/80]
[G][05-31 16:53:53][xycqk10] fetching ..... [180531055][ing=false],openTime=2018-05-31 16:53:00[9/80]
[G][05-31 16:53:57][xycqk10] fetching ..... [180531055][ing=false],openTime=2018-05-31 16:53:00[10/80]
[G][05-31 16:54:03][xycqk10] fetching ..... [180531055][ing=false],openTime=2018-05-31 16:53:00[11/80]
[G][05-31 16:54:03][xycqk10] RESULTS  _____ [180531055]=>03,20,16,15,05,01,12,07
[G][05-31 16:54:03][xycqk10] timer clear .....
[G][05-31 16:54:03][xycqk10] -------- OPENing --------
[G][05-31 16:54:05][xycqk10] Start ... [180531055],status=0,result=03,20,16,15,05,01,12,07
[G][05-31 16:54:06][xycqk10] BETS ... [0][180531055][163ms]
[G][05-31 16:54:06][xycqk10] End ... [180531055][230ms],status=2,result=03,20,16,15,05,01,12,07
[G][05-31 16:54:06][xycqk10] gsi last ... [263ms]180531055,03,20,16,15,05,01,12,07
[G][05-31 16:54:07][xycqk10] trend ... [1][456ms]
[G][05-31 16:54:10][xycqk10] removing opening flag ..... [180531055]
[G][05-31 16:54:10][xycqk10] SUCCESS  _^_^_ [180531055][7432ms]
[G][05-31 18:23:00][xycqk10] timer launch .....
[G][05-31 18:23:01][xycqk10] fetching ..... [180531064][ing=false],openTime=2018-05-31 18:23:00[1/80]
[G][05-31 18:23:05][xycqk10] fetching ..... [180531064][ing=false],openTime=2018-05-31 18:23:00[2/80]
[G][05-31 18:23:11][xycqk10] fetching ..... [180531064][ing=false],openTime=2018-05-31 18:23:00[3/80]
[G][05-31 18:23:15][xycqk10] fetching ..... [180531064][ing=false],openTime=2018-05-31 18:23:00[4/80]
[G][05-31 18:23:20][xycqk10] fetching ..... [180531064][ing=false],openTime=2018-05-31 18:23:00[5/80]
[G][05-31 18:23:27][xycqk10] fetching ..... [180531064][ing=false],openTime=2018-05-31 18:23:00[6/80]
[G][05-31 18:23:32][xycqk10] fetching ..... [180531064][ing=false],openTime=2018-05-31 18:23:00[7/80]
[G][05-31 18:23:35][xycqk10] fetching ..... [180531064][ing=false],openTime=2018-05-31 18:23:00[8/80]
[G][05-31 18:23:40][xycqk10] fetching ..... [180531064][ing=false],openTime=2018-05-31 18:23:00[9/80]
[G][05-31 18:23:45][xycqk10] fetching ..... [180531064][ing=false],openTime=2018-05-31 18:23:00[10/80]
[G][05-31 18:23:50][xycqk10] fetching ..... [180531064][ing=false],openTime=2018-05-31 18:23:00[11/80]
[G][05-31 18:23:55][xycqk10] fetching ..... [180531064][ing=false],openTime=2018-05-31 18:23:00[12/80]
[G][05-31 18:23:55][xycqk10] RESULTS  _____ [180531064]=>16,10,17,08,07,02,05,19
[G][05-31 18:23:55][xycqk10] timer clear .....
[G][05-31 18:23:55][xycqk10] -------- OPENing --------
[G][05-31 18:23:55][xycqk10] Start ... [180531059],status=0,result=15,17,04,02,05,10,09,01
[G][05-31 18:23:55][xycqk10] BETS ... [0][180531059][61ms]
[G][05-31 18:23:55][xycqk10] End ... [180531059][121ms],status=2,result=15,17,04,02,05,10,09,01
[G][05-31 18:23:56][xycqk10] Start ... [180531057],status=0,result=03,09,20,10,01,14,04,02
[G][05-31 18:23:56][xycqk10] BETS ... [0][180531057][61ms]
[G][05-31 18:23:56][xycqk10] End ... [180531057][122ms],status=2,result=03,09,20,10,01,14,04,02
[G][05-31 18:23:56][xycqk10] Start ... [180531058],status=0,result=18,03,14,15,20,12,19,07
[G][05-31 18:23:56][xycqk10] BETS ... [0][180531058][66ms]
[G][05-31 18:23:56][xycqk10] End ... [180531058][128ms],status=2,result=18,03,14,15,20,12,19,07
[G][05-31 18:23:57][xycqk10] Start ... [180531060],status=0,result=11,01,19,20,12,17,07,02
[G][05-31 18:23:57][xycqk10] BETS ... [0][180531060][59ms]
[G][05-31 18:23:57][xycqk10] End ... [180531060][116ms],status=2,result=11,01,19,20,12,17,07,02
[G][05-31 18:23:57][xycqk10] Start ... [180531061],status=0,result=06,18,17,15,01,08,05,03
[G][05-31 18:23:57][xycqk10] BETS ... [0][180531061][60ms]
[G][05-31 18:23:57][xycqk10] End ... [180531061][117ms],status=2,result=06,18,17,15,01,08,05,03
[G][05-31 18:23:57][xycqk10] Start ... [180531062],status=0,result=10,03,15,08,19,12,18,06
[G][05-31 18:23:57][xycqk10] BETS ... [0][180531062][79ms]
[G][05-31 18:23:57][xycqk10] End ... [180531062][140ms],status=2,result=10,03,15,08,19,12,18,06
[G][05-31 18:23:58][xycqk10] Start ... [180531063],status=0,result=01,06,08,07,09,02,05,11
[G][05-31 18:23:58][xycqk10] BETS ... [0][180531063][62ms]
[G][05-31 18:23:58][xycqk10] End ... [180531063][121ms],status=2,result=01,06,08,07,09,02,05,11
[G][05-31 18:23:58][xycqk10] Start ... [180531064],status=0,result=16,10,17,08,07,02,05,19
[G][05-31 18:23:58][xycqk10] BETS ... [0][180531064][62ms]
[G][05-31 18:23:58][xycqk10] End ... [180531064][169ms],status=2,result=16,10,17,08,07,02,05,19
[G][05-31 18:23:58][xycqk10] Start ... [180531056],status=0,result=05,08,03,10,14,01,04,09
[G][05-31 18:23:58][xycqk10] BETS ... [0][180531056][65ms]
[G][05-31 18:23:59][xycqk10] End ... [180531056][206ms],status=2,result=05,08,03,10,14,01,04,09
[G][05-31 18:23:59][xycqk10] gsi last ... [200ms]180531064,16,10,17,08,07,02,05,19
[G][05-31 18:33:00][xycqk10] timer launch .....
[G][05-31 18:33:21][xycqk10] fetching ..... [180531065][ing=false],openTime=2018-05-31 18:33:00[1/80]
[G][05-31 18:33:23][xycqk10] fetching ..... [180531065][ing=false],openTime=2018-05-31 18:33:00[2/80]
[G][05-31 18:33:29][xycqk10] fetching ..... [180531065][ing=false],openTime=2018-05-31 18:33:00[3/80]
[G][05-31 18:33:58][xycqk10] fetching ..... [180531065][ing=false],openTime=2018-05-31 18:33:00[4/80]
[G][05-31 18:33:58][xycqk10] RESULTS  _____ [180531065]=>03,18,13,06,20,04,01,11
[G][05-31 18:33:58][xycqk10] timer clear .....
[G][05-31 18:33:58][xycqk10] -------- OPENing --------
[G][05-31 18:33:58][xycqk10] Start ... [180531059],status=0,result=15,17,04,02,05,10,09,01
[G][05-31 18:33:58][xycqk10] BETS ... [0][180531059][80ms]
[G][05-31 18:33:59][xycqk10] End ... [180531059][170ms],status=2,result=15,17,04,02,05,10,09,01
[G][05-31 18:33:59][xycqk10] Start ... [180531057],status=0,result=03,09,20,10,01,14,04,02
[G][05-31 18:33:59][xycqk10] BETS ... [0][180531057][73ms]
[G][05-31 18:33:59][xycqk10] End ... [180531057][147ms],status=2,result=03,09,20,10,01,14,04,02
[G][05-31 18:33:59][xycqk10] Start ... [180531058],status=0,result=18,03,14,15,20,12,19,07
[G][05-31 18:33:59][xycqk10] BETS ... [0][180531058][57ms]
[G][05-31 18:33:59][xycqk10] End ... [180531058][112ms],status=2,result=18,03,14,15,20,12,19,07
[G][05-31 18:34:00][xycqk10] Start ... [180531060],status=0,result=11,01,19,20,12,17,07,02
[G][05-31 18:34:00][xycqk10] BETS ... [0][180531060][65ms]
[G][05-31 18:34:00][xycqk10] End ... [180531060][121ms],status=2,result=11,01,19,20,12,17,07,02
[G][05-31 18:34:00][xycqk10] Start ... [180531061],status=0,result=06,18,17,15,01,08,05,03
[G][05-31 18:34:00][xycqk10] BETS ... [0][180531061][56ms]
[G][05-31 18:34:00][xycqk10] End ... [180531061][111ms],status=2,result=06,18,17,15,01,08,05,03
[G][05-31 18:34:01][xycqk10] Start ... [180531062],status=0,result=10,03,15,08,19,12,18,06
[G][05-31 18:34:01][xycqk10] BETS ... [0][180531062][178ms]
[G][05-31 18:34:01][xycqk10] End ... [180531062][280ms],status=2,result=10,03,15,08,19,12,18,06
[G][05-31 18:34:02][xycqk10] Start ... [180531063],status=0,result=01,06,08,07,09,02,05,11
[G][05-31 18:34:02][xycqk10] BETS ... [0][180531063][73ms]
[G][05-31 18:34:02][xycqk10] End ... [180531063][149ms],status=2,result=01,06,08,07,09,02,05,11
[G][05-31 18:34:02][xycqk10] Start ... [180531064],status=0,result=16,10,17,08,07,02,05,19
[G][05-31 18:34:02][xycqk10] BETS ... [0][180531064][57ms]
[G][05-31 18:34:02][xycqk10] End ... [180531064][122ms],status=2,result=16,10,17,08,07,02,05,19
[G][05-31 18:34:02][xycqk10] Start ... [180531065],status=0,result=03,18,13,06,20,04,01,11
[G][05-31 18:34:02][xycqk10] BETS ... [0][180531065][85ms]
[G][05-31 18:34:02][xycqk10] End ... [180531065][144ms],status=2,result=03,18,13,06,20,04,01,11
[G][05-31 18:34:02][xycqk10] Start ... [180531056],status=0,result=05,08,03,10,14,01,04,09
[G][05-31 18:34:03][xycqk10] BETS ... [0][180531056][56ms]
[G][05-31 18:34:03][xycqk10] End ... [180531056][111ms],status=2,result=05,08,03,10,14,01,04,09
[G][05-31 18:34:03][xycqk10] gsi last ... [210ms]180531065,03,18,13,06,20,04,01,11
[G][05-31 18:34:30][xycqk10] trend ... [10][27457ms]
[G][05-31 18:34:33][xycqk10] removing opening flag ..... [180531065]
[G][05-31 18:34:33][xycqk10] SUCCESS  _^_^_ [180531065][34486ms]
[G][05-31 18:43:00][xycqk10] timer launch .....
[G][05-31 18:43:04][xycqk10] fetching ..... [180531066][ing=false],openTime=2018-05-31 18:43:00[1/80]
[G][05-31 18:43:05][xycqk10] fetching ..... [180531066][ing=false],openTime=2018-05-31 18:43:00[2/80]
[G][05-31 18:43:10][xycqk10] fetching ..... [180531066][ing=false],openTime=2018-05-31 18:43:00[3/80]
[G][05-31 18:43:15][xycqk10] fetching ..... [180531066][ing=false],openTime=2018-05-31 18:43:00[4/80]
[G][05-31 18:43:20][xycqk10] fetching ..... [180531066][ing=false],openTime=2018-05-31 18:43:00[5/80]
[G][05-31 18:43:28][xycqk10] fetching ..... [180531066][ing=false],openTime=2018-05-31 18:43:00[6/80]
[G][05-31 18:43:35][xycqk10] fetching ..... [180531066][ing=false],openTime=2018-05-31 18:43:00[7/80]
[G][05-31 18:43:36][xycqk10] fetching ..... [180531066][ing=false],openTime=2018-05-31 18:43:00[8/80]
[G][05-31 18:43:41][xycqk10] fetching ..... [180531066][ing=false],openTime=2018-05-31 18:43:00[9/80]
[G][05-31 18:43:46][xycqk10] fetching ..... [180531066][ing=false],openTime=2018-05-31 18:43:00[10/80]
[G][05-31 18:43:51][xycqk10] fetching ..... [180531066][ing=false],openTime=2018-05-31 18:43:00[11/80]
[G][05-31 18:43:55][xycqk10] fetching ..... [180531066][ing=false],openTime=2018-05-31 18:43:00[12/80]
[G][05-31 18:44:01][xycqk10] fetching ..... [180531066][ing=false],openTime=2018-05-31 18:43:00[13/80]
[G][05-31 18:44:01][xycqk10] RESULTS  _____ [180531066]=>06,14,03,17,09,01,12,19
[G][05-31 18:44:01][xycqk10] timer clear .....
[G][05-31 18:44:01][xycqk10] -------- OPENing --------
[G][05-31 18:44:02][xycqk10] Start ... [180531066],status=0,result=06,14,03,17,09,01,12,19
[G][05-31 18:44:03][xycqk10] BETS ... [0][180531066][236ms]
[G][05-31 18:44:03][xycqk10] End ... [180531066][388ms],status=2,result=06,14,03,17,09,01,12,19
[G][05-31 18:44:03][xycqk10] gsi last ... [167ms]180531066,06,14,03,17,09,01,12,19
[G][05-31 18:44:03][xycqk10] trend ... [1][67ms]
[G][05-31 18:44:06][xycqk10] removing opening flag ..... [180531066]
[G][05-31 18:44:06][xycqk10] SUCCESS  _^_^_ [180531066][5049ms]
[G][05-31 18:53:00][xycqk10] timer launch .....
[G][05-31 18:53:01][xycqk10] fetching ..... [180531067][ing=false],openTime=2018-05-31 18:53:00[1/80]
[G][05-31 18:53:05][xycqk10] fetching ..... [180531067][ing=false],openTime=2018-05-31 18:53:00[2/80]
[G][05-31 18:53:10][xycqk10] fetching ..... [180531067][ing=false],openTime=2018-05-31 18:53:00[3/80]
[G][05-31 18:53:15][xycqk10] fetching ..... [180531067][ing=false],openTime=2018-05-31 18:53:00[4/80]
[G][05-31 18:53:20][xycqk10] fetching ..... [180531067][ing=false],openTime=2018-05-31 18:53:00[5/80]
[G][05-31 18:53:25][xycqk10] fetching ..... [180531067][ing=false],openTime=2018-05-31 18:53:00[6/80]
[G][05-31 18:53:31][xycqk10] fetching ..... [180531067][ing=false],openTime=2018-05-31 18:53:00[7/80]
[G][05-31 18:53:35][xycqk10] fetching ..... [180531067][ing=false],openTime=2018-05-31 18:53:00[8/80]
[G][05-31 18:53:40][xycqk10] fetching ..... [180531067][ing=false],openTime=2018-05-31 18:53:00[9/80]
[G][05-31 18:53:45][xycqk10] fetching ..... [180531067][ing=false],openTime=2018-05-31 18:53:00[10/80]
[G][05-31 18:53:50][xycqk10] fetching ..... [180531067][ing=false],openTime=2018-05-31 18:53:00[11/80]
[G][05-31 18:53:55][xycqk10] fetching ..... [180531067][ing=false],openTime=2018-05-31 18:53:00[12/80]
[G][05-31 18:54:02][xycqk10] fetching ..... [180531067][ing=false],openTime=2018-05-31 18:53:00[13/80]
[G][05-31 18:54:02][xycqk10] RESULTS  _____ [180531067]=>06,04,17,08,10,07,15,01
[G][05-31 18:54:02][xycqk10] timer clear .....
[G][05-31 18:54:02][xycqk10] -------- OPENing --------
[G][05-31 18:54:04][xycqk10] Start ... [180531067],status=0,result=06,04,17,08,10,07,15,01
[G][05-31 18:54:04][xycqk10] BETS ... [0][180531067][61ms]
[G][05-31 18:54:04][xycqk10] End ... [180531067][140ms],status=2,result=06,04,17,08,10,07,15,01
[G][05-31 18:54:04][xycqk10] gsi last ... [193ms]180531067,06,04,17,08,10,07,15,01
[G][05-31 18:54:04][xycqk10] trend ... [1][75ms]
[G][05-31 18:54:07][xycqk10] removing opening flag ..... [180531067]
[G][05-31 18:54:07][xycqk10] SUCCESS  _^_^_ [180531067][4509ms]
[G][05-31 19:03:00][xycqk10] timer launch .....
[G][05-31 19:03:06][xycqk10] fetching ..... [180531068][ing=false],openTime=2018-05-31 19:03:00[1/80]
[G][05-31 19:03:07][xycqk10] fetching ..... [180531068][ing=false],openTime=2018-05-31 19:03:00[2/80]
[G][05-31 19:03:12][xycqk10] fetching ..... [180531068][ing=false],openTime=2018-05-31 19:03:00[3/80]
[G][05-31 19:03:17][xycqk10] fetching ..... [180531068][ing=false],openTime=2018-05-31 19:03:00[4/80]
[G][05-31 19:03:22][xycqk10] fetching ..... [180531068][ing=false],openTime=2018-05-31 19:03:00[5/80]
[G][05-31 19:03:27][xycqk10] fetching ..... [180531068][ing=false],openTime=2018-05-31 19:03:00[6/80]
[G][05-31 19:03:38][xycqk10] fetching ..... [180531068][ing=false],openTime=2018-05-31 19:03:00[7/80]
[G][05-31 19:03:38][xycqk10] fetching ..... [180531068][ing=false],openTime=2018-05-31 19:03:00[8/80]
[G][05-31 19:03:43][xycqk10] fetching ..... [180531068][ing=false],openTime=2018-05-31 19:03:00[9/80]
[G][05-31 19:03:49][xycqk10] fetching ..... [180531068][ing=false],openTime=2018-05-31 19:03:00[10/80]
[G][05-31 19:03:53][xycqk10] fetching ..... [180531068][ing=false],openTime=2018-05-31 19:03:00[11/80]
[G][05-31 19:03:53][xycqk10] RESULTS  _____ [180531068]=>01,13,05,16,17,11,09,06
[G][05-31 19:03:53][xycqk10] timer clear .....
[G][05-31 19:03:54][xycqk10] -------- OPENing --------
[G][05-31 19:03:54][xycqk10] Start ... [180531068],status=0,result=01,13,05,16,17,11,09,06
[G][05-31 19:03:54][xycqk10] BETS ... [0][180531068][61ms]
[G][05-31 19:03:54][xycqk10] End ... [180531068][184ms],status=2,result=01,13,05,16,17,11,09,06
[G][05-31 19:03:56][xycqk10] gsi last ... [258ms]180531068,01,13,05,16,17,11,09,06
[G][05-31 19:03:57][xycqk10] trend ... [1][67ms]
[G][05-31 19:04:00][xycqk10] removing opening flag ..... [180531068]
[G][05-31 19:04:00][xycqk10] SUCCESS  _^_^_ [180531068][6271ms]
