[G][05-31 09:10:00][xygdk10] timer launch .....
[G][05-31 09:20:00][xygdk10] timer launch .....
[G][05-31 09:30:00][xygdk10] timer launch .....
[G][05-31 09:30:31][xygdk10] init session[31210ms]
[G][05-31 09:40:00][xygdk10] timer launch .....
[G][05-31 09:50:00][xygdk10] timer launch .....
[G][05-31 10:00:00][xygdk10] timer launch .....
[G][05-31 10:00:12][xygdk10] init session[12849ms]
[G][05-31 10:10:00][xygdk10] timer launch .....
[G][05-31 10:20:00][xygdk10] timer launch .....
[G][05-31 14:00:00][xygdk10] timer launch .....
[G][05-31 14:00:09][xygdk10] init session[9412ms]
[G][05-31 15:50:00][xygdk10] timer launch .....
[G][05-31 15:50:01][xygdk10] fetching ..... [18053141][ing=false],openTime=2018-05-31 15:50:00[1/80]
[G][05-31 15:50:06][xygdk10] fetching ..... [18053141][ing=false],openTime=2018-05-31 15:50:00[2/80]
[G][05-31 16:00:00][xygdk10] timer launch .....
[G][05-31 16:11:15][xygdk10] timer launch .....
[G][05-31 16:11:26][xygdk10] fetching ..... [18053143][ing=false],openTime=2018-05-31 16:10:00[1/80]
[G][05-31 16:11:27][xygdk10] fetching ..... [18053143][ing=false],openTime=2018-05-31 16:10:00[2/80]
[G][05-31 16:11:34][xygdk10] fetching ..... [18053143][ing=false],openTime=2018-05-31 16:10:00[3/80]
[G][05-31 16:11:37][xygdk10] fetching ..... [18053143][ing=false],openTime=2018-05-31 16:10:00[4/80]
[G][05-31 16:11:42][xygdk10] fetching ..... [18053143][ing=false],openTime=2018-05-31 16:10:00[5/80]
[G][05-31 16:11:48][xygdk10] fetching ..... [18053143][ing=false],openTime=2018-05-31 16:10:00[6/80]
[G][05-31 16:11:52][xygdk10] fetching ..... [18053143][ing=false],openTime=2018-05-31 16:10:00[7/80]
[G][05-31 16:11:58][xygdk10] fetching ..... [18053143][ing=false],openTime=2018-05-31 16:10:00[8/80]
[G][05-31 16:12:35][xygdk10] fetching ..... [18053143][ing=false],openTime=2018-05-31 16:10:00[9/80]
[G][05-31 16:12:35][xygdk10] RESULTS  _____ [18053143]=>11,15,08,20,03,09,17,16
[G][05-31 16:12:35][xygdk10] timer clear .....
[G][05-31 16:12:35][xygdk10] -------- OPENing --------
[G][05-31 16:12:35][xygdk10] Start ... [18053141],status=0,result=08,20,02,19,03,11,17,06
[G][05-31 16:12:36][xygdk10] BETS ... [0][18053141][67ms]
[G][05-31 16:12:36][xygdk10] End ... [18053141][125ms],status=2,result=08,20,02,19,03,11,17,06
[G][05-31 16:12:36][xygdk10] Start ... [18053140],status=0,result=03,08,16,14,04,01,15,13
[G][05-31 16:12:36][xygdk10] BETS ... [0][18053140][56ms]
[G][05-31 16:12:36][xygdk10] End ... [18053140][409ms],status=2,result=03,08,16,14,04,01,15,13
[G][05-31 16:12:37][xygdk10] Start ... [18053143],status=0,result=11,15,08,20,03,09,17,16
[G][05-31 16:12:37][xygdk10] BETS ... [0][18053143][364ms]
[G][05-31 16:12:37][xygdk10] End ... [18053143][414ms],status=2,result=11,15,08,20,03,09,17,16
[G][05-31 16:12:37][xygdk10] Start ... [18053138],status=0,result=19,10,08,20,12,18,13,04
[G][05-31 16:12:37][xygdk10] BETS ... [0][18053138][54ms]
[G][05-31 16:12:37][xygdk10] End ... [18053138][114ms],status=2,result=19,10,08,20,12,18,13,04
[G][05-31 16:12:38][xygdk10] Start ... [18053142],status=0,result=15,20,18,17,09,04,13,05
[G][05-31 16:12:38][xygdk10] BETS ... [0][18053142][57ms]
[G][05-31 16:12:38][xygdk10] End ... [18053142][111ms],status=2,result=15,20,18,17,09,04,13,05
[G][05-31 16:12:38][xygdk10] Start ... [18053139],status=0,result=13,18,04,16,08,05,09,17
[G][05-31 16:12:38][xygdk10] BETS ... [0][18053139][54ms]
[G][05-31 16:12:38][xygdk10] End ... [18053139][106ms],status=2,result=13,18,04,16,08,05,09,17
[G][05-31 16:12:39][xygdk10] gsi last ... [213ms]18053143,11,15,08,20,03,09,17,16
[G][05-31 16:12:53][xygdk10] trend ... [6][14711ms]
[G][05-31 16:12:58][xygdk10] removing opening flag ..... [18053143]
[G][05-31 16:12:58][xygdk10] SUCCESS  _^_^_ [18053143][23101ms]
[G][05-31 16:20:00][xygdk10] timer launch .....
[G][05-31 16:20:00][xygdk10] fetching ..... [18053144][ing=false],openTime=2018-05-31 16:20:00[1/80]
[G][05-31 16:20:05][xygdk10] fetching ..... [18053144][ing=false],openTime=2018-05-31 16:20:00[2/80]
[G][05-31 16:20:15][xygdk10] fetching ..... [18053144][ing=false],openTime=2018-05-31 16:20:00[3/80]
[G][05-31 16:20:15][xygdk10] fetching ..... [18053144][ing=false],openTime=2018-05-31 16:20:00[4/80]
[G][05-31 16:20:21][xygdk10] fetching ..... [18053144][ing=false],openTime=2018-05-31 16:20:00[5/80]
[G][05-31 16:20:28][xygdk10] fetching ..... [18053144][ing=false],openTime=2018-05-31 16:20:00[6/80]
[G][05-31 16:20:42][xygdk10] fetching ..... [18053144][ing=false],openTime=2018-05-31 16:20:00[7/80]
[G][05-31 16:20:43][xygdk10] fetching ..... [18053144][ing=false],openTime=2018-05-31 16:20:00[8/80]
[G][05-31 16:20:48][xygdk10] fetching ..... [18053144][ing=false],openTime=2018-05-31 16:20:00[9/80]
[G][05-31 16:20:53][xygdk10] fetch ERROR [null]
[G][05-31 16:20:53][xygdk10] fetching ..... [18053144][ing=false],openTime=2018-05-31 16:20:00[10/80]
[G][05-31 16:20:58][xygdk10] fetching ..... [18053144][ing=false],openTime=2018-05-31 16:20:00[11/80]
[G][05-31 16:21:03][xygdk10] fetching ..... [18053144][ing=false],openTime=2018-05-31 16:20:00[12/80]
[G][05-31 16:21:26][xygdk10] fetching ..... [18053144][ing=false],openTime=2018-05-31 16:20:00[13/80]
[G][05-31 16:21:27][xygdk10] fetching ..... [18053144][ing=false],openTime=2018-05-31 16:20:00[14/80]
[G][05-31 16:21:32][xygdk10] fetching ..... [18053144][ing=false],openTime=2018-05-31 16:20:00[15/80]
[G][05-31 16:21:37][xygdk10] fetching ..... [18053144][ing=false],openTime=2018-05-31 16:20:00[16/80]
[G][05-31 16:21:41][xygdk10] fetching ..... [18053144][ing=false],openTime=2018-05-31 16:20:00[17/80]
[G][05-31 16:21:47][xygdk10] fetching ..... [18053144][ing=false],openTime=2018-05-31 16:20:00[18/80]
[G][05-31 16:21:52][xygdk10] fetching ..... [18053144][ing=false],openTime=2018-05-31 16:20:00[19/80]
[G][05-31 16:21:57][xygdk10] fetching ..... [18053144][ing=false],openTime=2018-05-31 16:20:00[20/80]
[G][05-31 16:22:02][xygdk10] fetching ..... [18053144][ing=false],openTime=2018-05-31 16:20:00[21/80]
[G][05-31 16:22:07][xygdk10] fetching ..... [18053144][ing=false],openTime=2018-05-31 16:20:00[22/80]
[G][05-31 16:22:12][xygdk10] fetching ..... [18053144][ing=false],openTime=2018-05-31 16:20:00[23/80]
[G][05-31 16:22:16][xygdk10] fetching ..... [18053144][ing=false],openTime=2018-05-31 16:20:00[24/80]
[G][05-31 16:22:23][xygdk10] fetching ..... [18053144][ing=false],openTime=2018-05-31 16:20:00[25/80]
[G][05-31 16:22:23][xygdk10] RESULTS  _____ [18053144]=>14,13,10,01,09,06,20,12
[G][05-31 16:22:23][xygdk10] timer clear .....
[G][05-31 16:22:23][xygdk10] -------- OPENing --------
[G][05-31 16:22:23][xygdk10] Start ... [18053144],status=0,result=14,13,10,01,09,06,20,12
[G][05-31 16:22:23][xygdk10] BETS ... [0][18053144][59ms]
[G][05-31 16:22:23][xygdk10] End ... [18053144][117ms],status=2,result=14,13,10,01,09,06,20,12
[G][05-31 16:22:25][xygdk10] gsi last ... [250ms]18053144,14,13,10,01,09,06,20,12
[G][05-31 16:22:25][xygdk10] trend ... [1][59ms]
[G][05-31 16:22:28][xygdk10] removing opening flag ..... [18053144]
[G][05-31 16:22:28][xygdk10] SUCCESS  _^_^_ [18053144][4997ms]
[G][05-31 16:30:00][xygdk10] timer launch .....
[G][05-31 16:30:08][xygdk10] init session[8107ms]
[G][05-31 16:30:23][xygdk10] fetching ..... [18053145][ing=false],openTime=2018-05-31 16:30:00[1/80]
[G][05-31 16:30:28][xygdk10] fetching ..... [18053145][ing=false],openTime=2018-05-31 16:30:00[2/80]
[G][05-31 16:30:47][xygdk10] fetching ..... [18053145][ing=false],openTime=2018-05-31 16:30:00[3/80]
[G][05-31 16:30:51][xygdk10] fetching ..... [18053145][ing=false],openTime=2018-05-31 16:30:00[4/80]
[G][05-31 16:30:57][xygdk10] fetching ..... [18053145][ing=false],openTime=2018-05-31 16:30:00[5/80]
[G][05-31 16:31:00][xygdk10] fetching ..... [18053145][ing=false],openTime=2018-05-31 16:30:00[6/80]
[G][05-31 16:31:06][xygdk10] fetching ..... [18053145][ing=false],openTime=2018-05-31 16:30:00[7/80]
[G][05-31 16:31:09][xygdk10] fetching ..... [18053145][ing=false],openTime=2018-05-31 16:30:00[8/80]
[G][05-31 16:31:20][xygdk10] fetching ..... [18053145][ing=false],openTime=2018-05-31 16:30:00[9/80]
[G][05-31 16:31:22][xygdk10] fetching ..... [18053145][ing=false],openTime=2018-05-31 16:30:00[10/80]
[G][05-31 16:31:27][xygdk10] fetching ..... [18053145][ing=false],openTime=2018-05-31 16:30:00[11/80]
[G][05-31 16:31:32][xygdk10] fetching ..... [18053145][ing=false],openTime=2018-05-31 16:30:00[12/80]
[G][05-31 16:40:00][xygdk10] timer launch .....
[G][05-31 16:40:01][xygdk10] fetching ..... [18053146][ing=false],openTime=2018-05-31 16:40:00[1/80]
[G][05-31 16:40:05][xygdk10] fetching ..... [18053146][ing=false],openTime=2018-05-31 16:40:00[2/80]
[G][05-31 16:40:25][xygdk10] fetching ..... [18053146][ing=false],openTime=2018-05-31 16:40:00[3/80]
[G][05-31 16:40:26][xygdk10] fetching ..... [18053146][ing=false],openTime=2018-05-31 16:40:00[4/80]
[G][05-31 16:40:33][xygdk10] fetching ..... [18053146][ing=false],openTime=2018-05-31 16:40:00[5/80]
[G][05-31 16:40:37][xygdk10] fetching ..... [18053146][ing=false],openTime=2018-05-31 16:40:00[6/80]
[G][05-31 16:40:41][xygdk10] fetching ..... [18053146][ing=false],openTime=2018-05-31 16:40:00[7/80]
[G][05-31 16:40:46][xygdk10] fetching ..... [18053146][ing=false],openTime=2018-05-31 16:40:00[8/80]
[G][05-31 16:40:51][xygdk10] fetching ..... [18053146][ing=false],openTime=2018-05-31 16:40:00[9/80]
[G][05-31 16:40:56][xygdk10] fetching ..... [18053146][ing=false],openTime=2018-05-31 16:40:00[10/80]
[G][05-31 16:41:01][xygdk10] fetching ..... [18053146][ing=false],openTime=2018-05-31 16:40:00[11/80]
[G][05-31 16:41:06][xygdk10] fetching ..... [18053146][ing=false],openTime=2018-05-31 16:40:00[12/80]
[G][05-31 16:41:11][xygdk10] fetching ..... [18053146][ing=false],openTime=2018-05-31 16:40:00[13/80]
[G][05-31 16:41:16][xygdk10] fetching ..... [18053146][ing=false],openTime=2018-05-31 16:40:00[14/80]
[G][05-31 16:41:21][xygdk10] fetching ..... [18053146][ing=false],openTime=2018-05-31 16:40:00[15/80]
[G][05-31 16:41:26][xygdk10] fetching ..... [18053146][ing=false],openTime=2018-05-31 16:40:00[16/80]
[G][05-31 16:41:35][xygdk10] fetching ..... [18053146][ing=false],openTime=2018-05-31 16:40:00[17/80]
[G][05-31 16:41:48][xygdk10] fetching ..... [18053146][ing=false],openTime=2018-05-31 16:40:00[18/80]
[G][05-31 16:41:49][xygdk10] fetching ..... [18053146][ing=false],openTime=2018-05-31 16:40:00[19/80]
[G][05-31 16:41:55][xygdk10] fetching ..... [18053146][ing=false],openTime=2018-05-31 16:40:00[20/80]
[G][05-31 16:41:59][xygdk10] fetching ..... [18053146][ing=false],openTime=2018-05-31 16:40:00[21/80]
[G][05-31 16:42:04][xygdk10] fetching ..... [18053146][ing=false],openTime=2018-05-31 16:40:00[22/80]
[G][05-31 16:42:10][xygdk10] fetching ..... [18053146][ing=false],openTime=2018-05-31 16:40:00[23/80]
[G][05-31 16:42:14][xygdk10] fetching ..... [18053146][ing=false],openTime=2018-05-31 16:40:00[24/80]
[G][05-31 16:42:20][xygdk10] fetching ..... [18053146][ing=false],openTime=2018-05-31 16:40:00[25/80]
[G][05-31 16:42:24][xygdk10] fetching ..... [18053146][ing=false],openTime=2018-05-31 16:40:00[26/80]
[G][05-31 16:42:24][xygdk10] RESULTS  _____ [18053146]=>05,15,07,06,14,03,01,20
[G][05-31 16:42:24][xygdk10] timer clear .....
[G][05-31 16:42:24][xygdk10] -------- OPENing --------
[G][05-31 16:42:25][xygdk10] Start ... [18053145],status=0,result=17,10,12,16,15,14,06,18
[G][05-31 16:42:25][xygdk10] BETS ... [0][18053145][57ms]
[G][05-31 16:42:25][xygdk10] End ... [18053145][424ms],status=2,result=17,10,12,16,15,14,06,18
[G][05-31 16:42:26][xygdk10] Start ... [18053146],status=0,result=05,15,07,06,14,03,01,20
[G][05-31 16:42:26][xygdk10] BETS ... [0][18053146][59ms]
[G][05-31 16:42:26][xygdk10] End ... [18053146][115ms],status=2,result=05,15,07,06,14,03,01,20
[G][05-31 16:42:27][xygdk10] gsi last ... [535ms]18053146,05,15,07,06,14,03,01,20
[G][05-31 16:42:31][xygdk10] trend ... [2][3958ms]
[G][05-31 16:42:34][xygdk10] removing opening flag ..... [18053146]
[G][05-31 16:42:34][xygdk10] SUCCESS  _^_^_ [18053146][9818ms]
[G][05-31 16:50:00][xygdk10] timer launch .....
[G][05-31 16:50:00][xygdk10] fetching ..... [18053147][ing=false],openTime=2018-05-31 16:50:00[1/80]
[G][05-31 16:50:21][xygdk10] fetching ..... [18053147][ing=false],openTime=2018-05-31 16:50:00[2/80]
[G][05-31 16:50:23][xygdk10] fetching ..... [18053147][ing=false],openTime=2018-05-31 16:50:00[3/80]
[G][05-31 16:50:27][xygdk10] fetching ..... [18053147][ing=false],openTime=2018-05-31 16:50:00[4/80]
[G][05-31 16:50:33][xygdk10] fetching ..... [18053147][ing=false],openTime=2018-05-31 16:50:00[5/80]
[G][05-31 16:50:38][xygdk10] fetching ..... [18053147][ing=false],openTime=2018-05-31 16:50:00[6/80]
[G][05-31 16:50:43][xygdk10] fetching ..... [18053147][ing=false],openTime=2018-05-31 16:50:00[7/80]
[G][05-31 16:50:50][xygdk10] fetching ..... [18053147][ing=false],openTime=2018-05-31 16:50:00[8/80]
[G][05-31 16:50:52][xygdk10] fetching ..... [18053147][ing=false],openTime=2018-05-31 16:50:00[9/80]
[G][05-31 16:50:57][xygdk10] fetching ..... [18053147][ing=false],openTime=2018-05-31 16:50:00[10/80]
[G][05-31 16:51:03][xygdk10] fetching ..... [18053147][ing=false],openTime=2018-05-31 16:50:00[11/80]
[G][05-31 16:51:08][xygdk10] fetching ..... [18053147][ing=false],openTime=2018-05-31 16:50:00[12/80]
[G][05-31 16:51:13][xygdk10] fetching ..... [18053147][ing=false],openTime=2018-05-31 16:50:00[13/80]
[G][05-31 16:51:18][xygdk10] fetching ..... [18053147][ing=false],openTime=2018-05-31 16:50:00[14/80]
[G][05-31 16:51:24][xygdk10] fetching ..... [18053147][ing=false],openTime=2018-05-31 16:50:00[15/80]
[G][05-31 16:51:38][xygdk10] fetching ..... [18053147][ing=false],openTime=2018-05-31 16:50:00[16/80]
[G][05-31 16:51:38][xygdk10] fetching ..... [18053147][ing=false],openTime=2018-05-31 16:50:00[17/80]
[G][05-31 16:51:49][xygdk10] fetching ..... [18053147][ing=false],openTime=2018-05-31 16:50:00[18/80]
[G][05-31 16:51:50][xygdk10] fetching ..... [18053147][ing=false],openTime=2018-05-31 16:50:00[19/80]
[G][05-31 16:51:55][xygdk10] fetching ..... [18053147][ing=false],openTime=2018-05-31 16:50:00[20/80]
[G][05-31 16:52:00][xygdk10] fetching ..... [18053147][ing=false],openTime=2018-05-31 16:50:00[21/80]
[G][05-31 16:52:06][xygdk10] fetching ..... [18053147][ing=false],openTime=2018-05-31 16:50:00[22/80]
[G][05-31 16:52:10][xygdk10] fetching ..... [18053147][ing=false],openTime=2018-05-31 16:50:00[23/80]
[G][05-31 16:52:15][xygdk10] fetching ..... [18053147][ing=false],openTime=2018-05-31 16:50:00[24/80]
[G][05-31 16:52:20][xygdk10] fetching ..... [18053147][ing=false],openTime=2018-05-31 16:50:00[25/80]
[G][05-31 16:52:26][xygdk10] fetching ..... [18053147][ing=false],openTime=2018-05-31 16:50:00[26/80]
[G][05-31 16:52:31][xygdk10] fetching ..... [18053147][ing=false],openTime=2018-05-31 16:50:00[27/80]
[G][05-31 16:52:31][xygdk10] RESULTS  _____ [18053147]=>13,06,03,02,07,19,20,04
[G][05-31 16:52:31][xygdk10] timer clear .....
[G][05-31 16:52:31][xygdk10] -------- OPENing --------
[G][05-31 16:52:33][xygdk10] Start ... [18053147],status=0,result=13,06,03,02,07,19,20,04
[G][05-31 16:52:33][xygdk10] BETS ... [0][18053147][61ms]
[G][05-31 16:52:33][xygdk10] End ... [18053147][130ms],status=2,result=13,06,03,02,07,19,20,04
[G][05-31 16:52:34][xygdk10] gsi last ... [827ms]18053147,13,06,03,02,07,19,20,04
[G][05-31 16:52:34][xygdk10] trend ... [1][111ms]
[G][05-31 16:52:38][xygdk10] removing opening flag ..... [18053147]
[G][05-31 16:52:38][xygdk10] SUCCESS  _^_^_ [18053147][7511ms]
[G][05-31 17:00:00][xygdk10] timer launch .....
[G][05-31 17:00:12][xygdk10] init session[12277ms]
[G][05-31 17:00:35][xygdk10] fetching ..... [18053148][ing=false],openTime=2018-05-31 17:00:00[1/80]
[G][05-31 17:00:39][xygdk10] fetching ..... [18053148][ing=false],openTime=2018-05-31 17:00:00[2/80]
[G][05-31 17:00:41][xygdk10] fetching ..... [18053148][ing=false],openTime=2018-05-31 17:00:00[3/80]
[G][05-31 17:01:19][xygdk10] fetching ..... [18053148][ing=false],openTime=2018-05-31 17:00:00[4/80]
[G][05-31 17:01:21][xygdk10] fetching ..... [18053148][ing=false],openTime=2018-05-31 17:00:00[5/80]
[G][05-31 17:01:25][xygdk10] fetching ..... [18053148][ing=false],openTime=2018-05-31 17:00:00[6/80]
[G][05-31 17:01:40][xygdk10] fetching ..... [18053148][ing=false],openTime=2018-05-31 17:00:00[7/80]
[G][05-31 17:01:41][xygdk10] fetching ..... [18053148][ing=false],openTime=2018-05-31 17:00:00[8/80]
[G][05-31 17:01:47][xygdk10] fetching ..... [18053148][ing=false],openTime=2018-05-31 17:00:00[9/80]
[G][05-31 17:01:52][xygdk10] fetching ..... [18053148][ing=false],openTime=2018-05-31 17:00:00[10/80]
[G][05-31 17:02:00][xygdk10] fetching ..... [18053148][ing=false],openTime=2018-05-31 17:00:00[11/80]
[G][05-31 17:02:01][xygdk10] fetching ..... [18053148][ing=false],openTime=2018-05-31 17:00:00[12/80]
[G][05-31 17:02:22][xygdk10] fetching ..... [18053148][ing=false],openTime=2018-05-31 17:00:00[13/80]
[G][05-31 17:02:22][xygdk10] RESULTS  _____ [18053148]=>06,01,04,18,09,15,16,02
[G][05-31 17:02:22][xygdk10] timer clear .....
[G][05-31 17:02:22][xygdk10] -------- OPENing --------
[G][05-31 17:02:23][xygdk10] Start ... [18053148],status=0,result=06,01,04,18,09,15,16,02
[G][05-31 17:02:23][xygdk10] BETS ... [0][18053148][69ms]
[G][05-31 17:02:23][xygdk10] End ... [18053148][127ms],status=2,result=06,01,04,18,09,15,16,02
[G][05-31 17:02:24][xygdk10] gsi last ... [248ms]18053148,06,01,04,18,09,15,16,02
[G][05-31 17:02:24][xygdk10] trend ... [1][68ms]
[G][05-31 17:02:28][xygdk10] removing opening flag ..... [18053148]
[G][05-31 17:02:28][xygdk10] SUCCESS  _^_^_ [18053148][5759ms]
[G][05-31 18:30:00][xygdk10] timer launch .....
[G][05-31 18:30:07][xygdk10] init session[7844ms]
[G][05-31 18:30:15][xygdk10] fetching ..... [18053157][ing=false],openTime=2018-05-31 18:30:00[1/80]
[G][05-31 18:30:16][xygdk10] fetching ..... [18053157][ing=false],openTime=2018-05-31 18:30:00[2/80]
[G][05-31 18:30:30][xygdk10] fetching ..... [18053157][ing=false],openTime=2018-05-31 18:30:00[3/80]
[G][05-31 18:30:31][xygdk10] fetching ..... [18053157][ing=false],openTime=2018-05-31 18:30:00[4/80]
[G][05-31 18:30:35][xygdk10] fetching ..... [18053157][ing=false],openTime=2018-05-31 18:30:00[5/80]
[G][05-31 18:30:50][xygdk10] fetching ..... [18053157][ing=false],openTime=2018-05-31 18:30:00[6/80]
[G][05-31 18:30:51][xygdk10] fetching ..... [18053157][ing=false],openTime=2018-05-31 18:30:00[7/80]
[G][05-31 18:30:56][xygdk10] fetching ..... [18053157][ing=false],openTime=2018-05-31 18:30:00[8/80]
[G][05-31 18:31:01][xygdk10] fetching ..... [18053157][ing=false],openTime=2018-05-31 18:30:00[9/80]
[G][05-31 18:31:06][xygdk10] fetching ..... [18053157][ing=false],openTime=2018-05-31 18:30:00[10/80]
[G][05-31 18:31:34][xygdk10] fetching ..... [18053157][ing=false],openTime=2018-05-31 18:30:00[11/80]
[G][05-31 18:31:47][xygdk10] fetching ..... [18053157][ing=false],openTime=2018-05-31 18:30:00[12/80]
[G][05-31 18:31:49][xygdk10] fetching ..... [18053157][ing=false],openTime=2018-05-31 18:30:00[13/80]
[G][05-31 18:31:53][xygdk10] fetching ..... [18053157][ing=false],openTime=2018-05-31 18:30:00[14/80]
[G][05-31 18:32:10][xygdk10] fetching ..... [18053157][ing=false],openTime=2018-05-31 18:30:00[15/80]
[G][05-31 18:32:11][xygdk10] fetching ..... [18053157][ing=false],openTime=2018-05-31 18:30:00[16/80]
[G][05-31 18:32:16][xygdk10] fetching ..... [18053157][ing=false],openTime=2018-05-31 18:30:00[17/80]
[G][05-31 18:32:21][xygdk10] fetching ..... [18053157][ing=false],openTime=2018-05-31 18:30:00[18/80]
[G][05-31 18:32:26][xygdk10] fetching ..... [18053157][ing=false],openTime=2018-05-31 18:30:00[19/80]
[G][05-31 18:32:26][xygdk10] RESULTS  _____ [18053157]=>06,15,01,20,16,19,18,11
[G][05-31 18:32:26][xygdk10] timer clear .....
[G][05-31 18:32:26][xygdk10] -------- OPENing --------
[G][05-31 18:32:26][xygdk10] Start ... [18053150],status=0,result=15,20,18,10,07,08,19,09
[G][05-31 18:32:26][xygdk10] BETS ... [0][18053150][62ms]
[G][05-31 18:32:27][xygdk10] End ... [18053150][125ms],status=2,result=15,20,18,10,07,08,19,09
[G][05-31 18:32:27][xygdk10] Start ... [18053152],status=0,result=08,11,17,06,19,07,03,20
[G][05-31 18:32:27][xygdk10] BETS ... [0][18053152][62ms]
[G][05-31 18:32:27][xygdk10] End ... [18053152][121ms],status=2,result=08,11,17,06,19,07,03,20
[G][05-31 18:32:27][xygdk10] Start ... [18053151],status=0,result=17,08,18,03,04,05,02,06
[G][05-31 18:32:27][xygdk10] BETS ... [0][18053151][61ms]
[G][05-31 18:32:27][xygdk10] End ... [18053151][116ms],status=2,result=17,08,18,03,04,05,02,06
[G][05-31 18:32:27][xygdk10] Start ... [18053154],status=0,result=04,02,08,01,06,09,20,16
[G][05-31 18:32:27][xygdk10] BETS ... [0][18053154][57ms]
[G][05-31 18:32:27][xygdk10] End ... [18053154][116ms],status=2,result=04,02,08,01,06,09,20,16
[G][05-31 18:32:28][xygdk10] Start ... [18053153],status=0,result=04,20,18,15,19,03,05,09
[G][05-31 18:32:28][xygdk10] BETS ... [0][18053153][57ms]
[G][05-31 18:32:28][xygdk10] End ... [18053153][115ms],status=2,result=04,20,18,15,19,03,05,09
[G][05-31 18:32:28][xygdk10] Start ... [18053156],status=0,result=09,12,19,04,02,16,11,08
[G][05-31 18:32:28][xygdk10] BETS ... [0][18053156][151ms]
[G][05-31 18:32:28][xygdk10] End ... [18053156][310ms],status=2,result=09,12,19,04,02,16,11,08
[G][05-31 18:32:29][xygdk10] Start ... [18053155],status=0,result=13,02,06,19,08,07,04,11
[G][05-31 18:32:29][xygdk10] BETS ... [0][18053155][444ms]
[G][05-31 18:32:29][xygdk10] End ... [18053155][587ms],status=2,result=13,02,06,19,08,07,04,11
[G][05-31 18:32:29][xygdk10] Start ... [18053149],status=0,result=07,05,14,09,12,13,08,06
[G][05-31 18:32:29][xygdk10] BETS ... [0][18053149][59ms]
[G][05-31 18:32:29][xygdk10] End ... [18053149][115ms],status=2,result=07,05,14,09,12,13,08,06
[G][05-31 18:32:30][xygdk10] Start ... [18053157],status=0,result=06,15,01,20,16,19,18,11
[G][05-31 18:32:30][xygdk10] BETS ... [0][18053157][70ms]
[G][05-31 18:32:30][xygdk10] End ... [18053157][126ms],status=2,result=06,15,01,20,16,19,18,11
[G][05-31 18:32:30][xygdk10] gsi last ... [241ms]18053157,06,15,01,20,16,19,18,11
[G][05-31 18:32:55][xygdk10] trend ... [9][24310ms]
[G][05-31 18:33:02][xygdk10] removing opening flag ..... [18053157]
[G][05-31 18:33:02][xygdk10] SUCCESS  _^_^_ [18053157][36253ms]
[G][05-31 18:40:00][xygdk10] timer launch .....
[G][05-31 18:40:01][xygdk10] fetching ..... [18053158][ing=false],openTime=2018-05-31 18:40:00[1/80]
[G][05-31 18:40:05][xygdk10] fetching ..... [18053158][ing=false],openTime=2018-05-31 18:40:00[2/80]
[G][05-31 18:40:15][xygdk10] fetching ..... [18053158][ing=false],openTime=2018-05-31 18:40:00[3/80]
[G][05-31 18:40:15][xygdk10] fetching ..... [18053158][ing=false],openTime=2018-05-31 18:40:00[4/80]
[G][05-31 18:40:20][xygdk10] fetching ..... [18053158][ing=false],openTime=2018-05-31 18:40:00[5/80]
[G][05-31 18:40:25][xygdk10] fetching ..... [18053158][ing=false],openTime=2018-05-31 18:40:00[6/80]
[G][05-31 18:40:33][xygdk10] fetching ..... [18053158][ing=false],openTime=2018-05-31 18:40:00[7/80]
[G][05-31 18:40:35][xygdk10] fetching ..... [18053158][ing=false],openTime=2018-05-31 18:40:00[8/80]
[G][05-31 18:40:55][xygdk10] fetching ..... [18053158][ing=false],openTime=2018-05-31 18:40:00[9/80]
[G][05-31 18:40:56][xygdk10] fetching ..... [18053158][ing=false],openTime=2018-05-31 18:40:00[10/80]
[G][05-31 18:41:12][xygdk10] fetching ..... [18053158][ing=false],openTime=2018-05-31 18:40:00[11/80]
[G][05-31 18:41:15][xygdk10] fetching ..... [18053158][ing=false],openTime=2018-05-31 18:40:00[12/80]
[G][05-31 18:41:19][xygdk10] fetching ..... [18053158][ing=false],openTime=2018-05-31 18:40:00[13/80]
[G][05-31 18:41:23][xygdk10] fetching ..... [18053158][ing=false],openTime=2018-05-31 18:40:00[14/80]
[G][05-31 18:41:30][xygdk10] fetching ..... [18053158][ing=false],openTime=2018-05-31 18:40:00[15/80]
[G][05-31 18:41:35][xygdk10] fetching ..... [18053158][ing=false],openTime=2018-05-31 18:40:00[16/80]
[G][05-31 18:41:40][xygdk10] fetching ..... [18053158][ing=false],openTime=2018-05-31 18:40:00[17/80]
[G][05-31 18:41:44][xygdk10] fetching ..... [18053158][ing=false],openTime=2018-05-31 18:40:00[18/80]
[G][05-31 18:41:49][xygdk10] fetching ..... [18053158][ing=false],openTime=2018-05-31 18:40:00[19/80]
[G][05-31 18:41:53][xygdk10] fetching ..... [18053158][ing=false],openTime=2018-05-31 18:40:00[20/80]
[G][05-31 18:41:58][xygdk10] fetching ..... [18053158][ing=false],openTime=2018-05-31 18:40:00[21/80]
[G][05-31 18:42:03][xygdk10] fetching ..... [18053158][ing=false],openTime=2018-05-31 18:40:00[22/80]
[G][05-31 18:42:08][xygdk10] fetching ..... [18053158][ing=false],openTime=2018-05-31 18:40:00[23/80]
[G][05-31 18:42:13][xygdk10] fetching ..... [18053158][ing=false],openTime=2018-05-31 18:40:00[24/80]
[G][05-31 18:42:18][xygdk10] fetching ..... [18053158][ing=false],openTime=2018-05-31 18:40:00[25/80]
[G][05-31 18:42:23][xygdk10] fetching ..... [18053158][ing=false],openTime=2018-05-31 18:40:00[26/80]
[G][05-31 18:42:23][xygdk10] RESULTS  _____ [18053158]=>09,01,15,14,17,18,08,19
[G][05-31 18:42:23][xygdk10] timer clear .....
[G][05-31 18:42:23][xygdk10] -------- OPENing --------
[G][05-31 18:42:24][xygdk10] Start ... [18053158],status=0,result=09,01,15,14,17,18,08,19
[G][05-31 18:42:25][xygdk10] BETS ... [0][18053158][434ms]
[G][05-31 18:42:25][xygdk10] End ... [18053158][519ms],status=2,result=09,01,15,14,17,18,08,19
[G][05-31 18:42:26][xygdk10] gsi last ... [345ms]18053158,09,01,15,14,17,18,08,19
[G][05-31 18:42:26][xygdk10] trend ... [1][64ms]
[G][05-31 18:42:29][xygdk10] removing opening flag ..... [18053158]
[G][05-31 18:42:29][xygdk10] SUCCESS  _^_^_ [18053158][6086ms]
[G][05-31 18:50:00][xygdk10] timer launch .....
[G][05-31 18:50:00][xygdk10] fetching ..... [18053159][ing=false],openTime=2018-05-31 18:50:00[1/80]
[G][05-31 18:50:05][xygdk10] fetching ..... [18053159][ing=false],openTime=2018-05-31 18:50:00[2/80]
[G][05-31 18:50:10][xygdk10] fetching ..... [18053159][ing=false],openTime=2018-05-31 18:50:00[3/80]
[G][05-31 18:50:15][xygdk10] fetching ..... [18053159][ing=false],openTime=2018-05-31 18:50:00[4/80]
[G][05-31 18:50:20][xygdk10] fetching ..... [18053159][ing=false],openTime=2018-05-31 18:50:00[5/80]
[G][05-31 18:50:25][xygdk10] fetching ..... [18053159][ing=false],openTime=2018-05-31 18:50:00[6/80]
[G][05-31 18:50:41][xygdk10] fetching ..... [18053159][ing=false],openTime=2018-05-31 18:50:00[7/80]
[G][05-31 18:50:41][xygdk10] fetching ..... [18053159][ing=false],openTime=2018-05-31 18:50:00[8/80]
[G][05-31 18:50:46][xygdk10] fetching ..... [18053159][ing=false],openTime=2018-05-31 18:50:00[9/80]
[G][05-31 18:50:52][xygdk10] fetching ..... [18053159][ing=false],openTime=2018-05-31 18:50:00[10/80]
[G][05-31 18:51:12][xygdk10] fetching ..... [18053159][ing=false],openTime=2018-05-31 18:50:00[11/80]
[G][05-31 18:51:23][xygdk10] fetching ..... [18053159][ing=false],openTime=2018-05-31 18:50:00[12/80]
[G][05-31 18:51:24][xygdk10] fetching ..... [18053159][ing=false],openTime=2018-05-31 18:50:00[13/80]
[G][05-31 18:51:30][xygdk10] fetching ..... [18053159][ing=false],openTime=2018-05-31 18:50:00[14/80]
[G][05-31 18:51:38][xygdk10] fetching ..... [18053159][ing=false],openTime=2018-05-31 18:50:00[15/80]
[G][05-31 18:51:39][xygdk10] fetching ..... [18053159][ing=false],openTime=2018-05-31 18:50:00[16/80]
[G][05-31 18:51:44][xygdk10] fetching ..... [18053159][ing=false],openTime=2018-05-31 18:50:00[17/80]
[G][05-31 18:51:50][xygdk10] fetching ..... [18053159][ing=false],openTime=2018-05-31 18:50:00[18/80]
[G][05-31 18:51:54][xygdk10] fetching ..... [18053159][ing=false],openTime=2018-05-31 18:50:00[19/80]
[G][05-31 18:51:59][xygdk10] fetching ..... [18053159][ing=false],openTime=2018-05-31 18:50:00[20/80]
[G][05-31 18:52:04][xygdk10] fetching ..... [18053159][ing=false],openTime=2018-05-31 18:50:00[21/80]
[G][05-31 18:52:09][xygdk10] fetching ..... [18053159][ing=false],openTime=2018-05-31 18:50:00[22/80]
[G][05-31 18:52:14][xygdk10] fetching ..... [18053159][ing=false],openTime=2018-05-31 18:50:00[23/80]
[G][05-31 18:52:19][xygdk10] fetching ..... [18053159][ing=false],openTime=2018-05-31 18:50:00[24/80]
[G][05-31 18:52:24][xygdk10] fetching ..... [18053159][ing=false],openTime=2018-05-31 18:50:00[25/80]
[G][05-31 18:52:24][xygdk10] RESULTS  _____ [18053159]=>11,17,04,10,14,06,01,05
[G][05-31 18:52:24][xygdk10] timer clear .....
[G][05-31 18:52:24][xygdk10] -------- OPENing --------
[G][05-31 18:52:25][xygdk10] Start ... [18053159],status=0,result=11,17,04,10,14,06,01,05
[G][05-31 18:52:25][xygdk10] BETS ... [0][18053159][64ms]
[G][05-31 18:52:25][xygdk10] End ... [18053159][144ms],status=2,result=11,17,04,10,14,06,01,05
[G][05-31 18:52:26][xygdk10] gsi last ... [302ms]18053159,11,17,04,10,14,06,01,05
[G][05-31 18:52:26][xygdk10] trend ... [1][63ms]
[G][05-31 18:52:29][xygdk10] removing opening flag ..... [18053159]
[G][05-31 18:52:29][xygdk10] SUCCESS  _^_^_ [18053159][5414ms]
[G][05-31 19:00:00][xygdk10] timer launch .....
[G][05-31 19:00:05][xygdk10] init session[5120ms]
[G][05-31 19:00:14][xygdk10] fetching ..... [18053160][ing=false],openTime=2018-05-31 19:00:00[1/80]
[G][05-31 19:00:14][xygdk10] fetching ..... [18053160][ing=false],openTime=2018-05-31 19:00:00[2/80]
[G][05-31 19:00:27][xygdk10] fetching ..... [18053160][ing=false],openTime=2018-05-31 19:00:00[3/80]
[G][05-31 19:00:28][xygdk10] fetching ..... [18053160][ing=false],openTime=2018-05-31 19:00:00[4/80]
[G][05-31 19:00:33][xygdk10] fetching ..... [18053160][ing=false],openTime=2018-05-31 19:00:00[5/80]
[G][05-31 19:00:38][xygdk10] fetching ..... [18053160][ing=false],openTime=2018-05-31 19:00:00[6/80]
[G][05-31 19:00:43][xygdk10] fetching ..... [18053160][ing=false],openTime=2018-05-31 19:00:00[7/80]
[G][05-31 19:00:48][xygdk10] fetching ..... [18053160][ing=false],openTime=2018-05-31 19:00:00[8/80]
[G][05-31 19:00:53][xygdk10] fetching ..... [18053160][ing=false],openTime=2018-05-31 19:00:00[9/80]
[G][05-31 19:00:59][xygdk10] fetching ..... [18053160][ing=false],openTime=2018-05-31 19:00:00[10/80]
[G][05-31 19:01:09][xygdk10] fetching ..... [18053160][ing=false],openTime=2018-05-31 19:00:00[11/80]
[G][05-31 19:01:09][xygdk10] fetching ..... [18053160][ing=false],openTime=2018-05-31 19:00:00[12/80]
[G][05-31 19:01:14][xygdk10] fetching ..... [18053160][ing=false],openTime=2018-05-31 19:00:00[13/80]
[G][05-31 19:01:19][xygdk10] fetching ..... [18053160][ing=false],openTime=2018-05-31 19:00:00[14/80]
[G][05-31 19:01:25][xygdk10] fetching ..... [18053160][ing=false],openTime=2018-05-31 19:00:00[15/80]
[G][05-31 19:01:29][xygdk10] fetching ..... [18053160][ing=false],openTime=2018-05-31 19:00:00[16/80]
[G][05-31 19:01:44][xygdk10] fetching ..... [18053160][ing=false],openTime=2018-05-31 19:00:00[17/80]
[G][05-31 19:01:45][xygdk10] fetching ..... [18053160][ing=false],openTime=2018-05-31 19:00:00[18/80]
[G][05-31 19:01:50][xygdk10] fetching ..... [18053160][ing=false],openTime=2018-05-31 19:00:00[19/80]
[G][05-31 19:01:55][xygdk10] fetching ..... [18053160][ing=false],openTime=2018-05-31 19:00:00[20/80]
[G][05-31 19:02:00][xygdk10] fetching ..... [18053160][ing=false],openTime=2018-05-31 19:00:00[21/80]
[G][05-31 19:02:05][xygdk10] fetching ..... [18053160][ing=false],openTime=2018-05-31 19:00:00[22/80]
[G][05-31 19:02:10][xygdk10] fetching ..... [18053160][ing=false],openTime=2018-05-31 19:00:00[23/80]
[G][05-31 19:02:15][xygdk10] fetching ..... [18053160][ing=false],openTime=2018-05-31 19:00:00[24/80]
[G][05-31 19:02:21][xygdk10] fetching ..... [18053160][ing=false],openTime=2018-05-31 19:00:00[25/80]
[G][05-31 19:02:25][xygdk10] fetching ..... [18053160][ing=false],openTime=2018-05-31 19:00:00[26/80]
[G][05-31 19:02:25][xygdk10] RESULTS  _____ [18053160]=>07,08,04,02,09,12,05,06
[G][05-31 19:02:25][xygdk10] timer clear .....
[G][05-31 19:02:26][xygdk10] -------- OPENing --------
[G][05-31 19:02:27][xygdk10] Start ... [18053160],status=0,result=07,08,04,02,09,12,05,06
[G][05-31 19:02:27][xygdk10] BETS ... [0][18053160][55ms]
[G][05-31 19:02:27][xygdk10] End ... [18053160][108ms],status=2,result=07,08,04,02,09,12,05,06
[G][05-31 19:02:28][xygdk10] gsi last ... [306ms]18053160,07,08,04,02,09,12,05,06
[G][05-31 19:02:28][xygdk10] trend ... [1][121ms]
[G][05-31 19:02:30][xygdk10] removing opening flag ..... [18053160]
[G][05-31 19:02:30][xygdk10] SUCCESS  _^_^_ [18053160][4865ms]
[G][05-31 19:10:00][xygdk10] timer launch .....
[G][05-31 19:10:07][xygdk10] fetching ..... [18053161][ing=false],openTime=2018-05-31 19:10:00[1/80]
[G][05-31 19:10:07][xygdk10] fetching ..... [18053161][ing=false],openTime=2018-05-31 19:10:00[2/80]
