[G][05-31 09:10:00][xygxk10] timer launch .....
[G][05-31 09:25:00][xygxk10] timer launch .....
[G][05-31 09:30:45][xygxk10] init session[13940ms]
[G][05-31 09:40:00][xygxk10] timer launch .....
[G][05-31 09:55:00][xygxk10] timer launch .....
[G][05-31 10:00:14][xygxk10] init session[1903ms]
[G][05-31 10:10:00][xygxk10] timer launch .....
[G][05-31 10:25:00][xygxk10] timer launch .....
[G][05-31 14:00:04][xygxk10] init session[823ms]
[G][05-31 16:11:15][xygxk10] timer launch .....
[G][05-31 16:11:19][xygxk10] fetching ..... [201814429][ing=false],openTime=2018-05-31 16:10:00[1/80]
[G][05-31 16:11:26][xygxk10] fetching ..... [201814429][ing=false],openTime=2018-05-31 16:10:00[2/80]
[G][05-31 16:11:26][xygxk10] fetching ..... [201814429][ing=false],openTime=2018-05-31 16:10:00[3/80]
[G][05-31 16:11:33][xygxk10] fetching ..... [201814429][ing=false],openTime=2018-05-31 16:10:00[4/80]
[G][05-31 16:11:37][xygxk10] fetching ..... [201814429][ing=false],openTime=2018-05-31 16:10:00[5/80]
[G][05-31 16:11:43][xygxk10] fetching ..... [201814429][ing=false],openTime=2018-05-31 16:10:00[6/80]
[G][05-31 16:11:46][xygxk10] fetching ..... [201814429][ing=false],openTime=2018-05-31 16:10:00[7/80]
[G][05-31 16:11:51][xygxk10] fetching ..... [201814429][ing=false],openTime=2018-05-31 16:10:00[8/80]
[G][05-31 16:11:57][xygxk10] fetching ..... [201814429][ing=false],openTime=2018-05-31 16:10:00[9/80]
[G][05-31 16:12:01][xygxk10] fetching ..... [201814429][ing=false],openTime=2018-05-31 16:10:00[10/80]
[G][05-31 16:12:07][xygxk10] fetching ..... [201814429][ing=false],openTime=2018-05-31 16:10:00[11/80]
[G][05-31 16:12:14][xygxk10] fetching ..... [201814429][ing=false],openTime=2018-05-31 16:10:00[12/80]
[G][05-31 16:12:17][xygxk10] fetching ..... [201814429][ing=false],openTime=2018-05-31 16:10:00[13/80]
[G][05-31 16:12:21][xygxk10] fetching ..... [201814429][ing=false],openTime=2018-05-31 16:10:00[14/80]
[G][05-31 16:12:27][xygxk10] fetching ..... [201814429][ing=false],openTime=2018-05-31 16:10:00[15/80]
[G][05-31 16:12:32][xygxk10] fetching ..... [201814429][ing=false],openTime=2018-05-31 16:10:00[16/80]
[G][05-31 16:12:37][xygxk10] fetching ..... [201814429][ing=false],openTime=2018-05-31 16:10:00[17/80]
[G][05-31 16:12:41][xygxk10] fetching ..... [201814429][ing=false],openTime=2018-05-31 16:10:00[18/80]
[G][05-31 16:12:46][xygxk10] fetching ..... [201814429][ing=false],openTime=2018-05-31 16:10:00[19/80]
[G][05-31 16:12:52][xygxk10] fetching ..... [201814429][ing=false],openTime=2018-05-31 16:10:00[20/80]
[G][05-31 16:12:56][xygxk10] fetching ..... [201814429][ing=false],openTime=2018-05-31 16:10:00[21/80]
[G][05-31 16:13:02][xygxk10] fetching ..... [201814429][ing=false],openTime=2018-05-31 16:10:00[22/80]
[G][05-31 16:13:06][xygxk10] fetching ..... [201814429][ing=false],openTime=2018-05-31 16:10:00[23/80]
[G][05-31 16:13:12][xygxk10] fetching ..... [201814429][ing=false],openTime=2018-05-31 16:10:00[24/80]
[G][05-31 16:13:16][xygxk10] fetching ..... [201814429][ing=false],openTime=2018-05-31 16:10:00[25/80]
[G][05-31 16:13:22][xygxk10] fetching ..... [201814429][ing=false],openTime=2018-05-31 16:10:00[26/80]
[G][05-31 16:13:26][xygxk10] fetching ..... [201814429][ing=false],openTime=2018-05-31 16:10:00[27/80]
[G][05-31 16:13:31][xygxk10] fetching ..... [201814429][ing=false],openTime=2018-05-31 16:10:00[28/80]
[G][05-31 16:13:36][xygxk10] fetching ..... [201814429][ing=false],openTime=2018-05-31 16:10:00[29/80]
[G][05-31 16:13:41][xygxk10] fetching ..... [201814429][ing=false],openTime=2018-05-31 16:10:00[30/80]
[G][05-31 16:13:46][xygxk10] fetching ..... [201814429][ing=false],openTime=2018-05-31 16:10:00[31/80]
[G][05-31 16:13:55][xygxk10] fetching ..... [201814429][ing=false],openTime=2018-05-31 16:10:00[32/80]
[G][05-31 16:13:56][xygxk10] fetching ..... [201814429][ing=false],openTime=2018-05-31 16:10:00[33/80]
[G][05-31 16:14:06][xygxk10] fetching ..... [201814429][ing=false],openTime=2018-05-31 16:10:00[34/80]
[G][05-31 16:14:06][xygxk10] RESULTS  _____ [201814429]=>09,18,05,04,13
[G][05-31 16:14:06][xygxk10] timer clear .....
[G][05-31 16:14:07][xygxk10] -------- OPENing --------
[G][05-31 16:14:08][xygxk10] Start ... [201814426],status=0,result=16,03,13,15,10
[G][05-31 16:14:08][xygxk10] BETS ... [0][201814426][413ms]
[G][05-31 16:14:08][xygxk10] End ... [201814426][471ms],status=2,result=16,03,13,15,10
[G][05-31 16:14:08][xygxk10] Start ... [201814427],status=0,result=21,18,19,09,14
[G][05-31 16:14:08][xygxk10] BETS ... [0][201814427][67ms]
[G][05-31 16:14:08][xygxk10] End ... [201814427][125ms],status=2,result=21,18,19,09,14
[G][05-31 16:14:09][xygxk10] Start ... [201814428],status=0,result=20,02,21,12,11
[G][05-31 16:14:09][xygxk10] BETS ... [0][201814428][58ms]
[G][05-31 16:14:09][xygxk10] End ... [201814428][118ms],status=2,result=20,02,21,12,11
[G][05-31 16:14:09][xygxk10] Start ... [201814429],status=0,result=09,18,05,04,13
[G][05-31 16:14:09][xygxk10] BETS ... [0][201814429][56ms]
[G][05-31 16:14:09][xygxk10] End ... [201814429][122ms],status=2,result=09,18,05,04,13
[G][05-31 16:14:10][xygxk10] gsi last ... [229ms]201814429,09,18,05,04,13
[G][05-31 16:14:15][xygxk10] trend ... [4][5558ms]
[G][05-31 16:14:18][xygxk10] removing opening flag ..... [201814429]
[G][05-31 16:14:18][xygxk10] SUCCESS  _^_^_ [201814429][11142ms]
[G][05-31 16:25:00][xygxk10] timer launch .....
[G][05-31 16:25:08][xygxk10] fetching ..... [201814430][ing=false],openTime=2018-05-31 16:25:00[1/80]
[G][05-31 16:25:09][xygxk10] fetching ..... [201814430][ing=false],openTime=2018-05-31 16:25:00[2/80]
[G][05-31 16:25:14][xygxk10] fetching ..... [201814430][ing=false],openTime=2018-05-31 16:25:00[3/80]
[G][05-31 16:25:21][xygxk10] fetching ..... [201814430][ing=false],openTime=2018-05-31 16:25:00[4/80]
[G][05-31 16:25:24][xygxk10] fetching ..... [201814430][ing=false],openTime=2018-05-31 16:25:00[5/80]
[G][05-31 16:25:29][xygxk10] fetching ..... [201814430][ing=false],openTime=2018-05-31 16:25:00[6/80]
[G][05-31 16:25:34][xygxk10] fetching ..... [201814430][ing=false],openTime=2018-05-31 16:25:00[7/80]
[G][05-31 16:25:39][xygxk10] fetching ..... [201814430][ing=false],openTime=2018-05-31 16:25:00[8/80]
[G][05-31 16:25:44][xygxk10] fetching ..... [201814430][ing=false],openTime=2018-05-31 16:25:00[9/80]
[G][05-31 16:25:52][xygxk10] fetching ..... [201814430][ing=false],openTime=2018-05-31 16:25:00[10/80]
[G][05-31 16:25:54][xygxk10] fetching ..... [201814430][ing=false],openTime=2018-05-31 16:25:00[11/80]
[G][05-31 16:25:59][xygxk10] fetching ..... [201814430][ing=false],openTime=2018-05-31 16:25:00[12/80]
[G][05-31 16:26:04][xygxk10] fetching ..... [201814430][ing=false],openTime=2018-05-31 16:25:00[13/80]
[G][05-31 16:26:09][xygxk10] fetching ..... [201814430][ing=false],openTime=2018-05-31 16:25:00[14/80]
[G][05-31 16:26:14][xygxk10] fetching ..... [201814430][ing=false],openTime=2018-05-31 16:25:00[15/80]
[G][05-31 16:26:19][xygxk10] fetching ..... [201814430][ing=false],openTime=2018-05-31 16:25:00[16/80]
[G][05-31 16:27:37][xygxk10] fetching ..... [201814430][ing=false],openTime=2018-05-31 16:25:00[17/80]
[G][05-31 16:27:39][xygxk10] fetching ..... [201814430][ing=false],openTime=2018-05-31 16:25:00[18/80]
[G][05-31 16:27:44][xygxk10] fetching ..... [201814430][ing=false],openTime=2018-05-31 16:25:00[19/80]
[G][05-31 16:27:49][xygxk10] fetching ..... [201814430][ing=false],openTime=2018-05-31 16:25:00[20/80]
[G][05-31 16:27:55][xygxk10] fetching ..... [201814430][ing=false],openTime=2018-05-31 16:25:00[21/80]
[G][05-31 16:27:55][xygxk10] RESULTS  _____ [201814430]=>15,09,05,11,02
[G][05-31 16:27:55][xygxk10] timer clear .....
[G][05-31 16:27:55][xygxk10] -------- OPENing --------
[G][05-31 16:27:57][xygxk10] Start ... [201814430],status=0,result=15,09,05,11,02
[G][05-31 16:27:58][xygxk10] BETS ... [0][201814430][913ms]
[G][05-31 16:27:58][xygxk10] End ... [201814430][1112ms],status=2,result=15,09,05,11,02
[G][05-31 16:28:03][xygxk10] gsi last ... [1318ms]201814430,15,09,05,11,02
[G][05-31 16:28:03][xygxk10] trend ... [1][327ms]
[G][05-31 16:28:12][xygxk10] removing opening flag ..... [201814430]
[G][05-31 16:28:12][xygxk10] SUCCESS  _^_^_ [201814430][17017ms]
[G][05-31 16:30:29][xygxk10] init session[6970ms]
[G][05-31 16:40:00][xygxk10] timer launch .....
[G][05-31 16:40:07][xygxk10] fetching ..... [201814431][ing=false],openTime=2018-05-31 16:40:00[1/80]
[G][05-31 16:40:08][xygxk10] fetching ..... [201814431][ing=false],openTime=2018-05-31 16:40:00[2/80]
[G][05-31 16:40:13][xygxk10] fetching ..... [201814431][ing=false],openTime=2018-05-31 16:40:00[3/80]
[G][05-31 16:40:29][xygxk10] fetching ..... [201814431][ing=false],openTime=2018-05-31 16:40:00[4/80]
[G][05-31 16:40:30][xygxk10] fetching ..... [201814431][ing=false],openTime=2018-05-31 16:40:00[5/80]
[G][05-31 16:40:36][xygxk10] fetching ..... [201814431][ing=false],openTime=2018-05-31 16:40:00[6/80]
[G][05-31 16:40:40][xygxk10] fetching ..... [201814431][ing=false],openTime=2018-05-31 16:40:00[7/80]
[G][05-31 16:41:10][xygxk10] fetching ..... [201814431][ing=false],openTime=2018-05-31 16:40:00[8/80]
[G][05-31 16:41:11][xygxk10] fetching ..... [201814431][ing=false],openTime=2018-05-31 16:40:00[9/80]
[G][05-31 16:41:16][xygxk10] fetching ..... [201814431][ing=false],openTime=2018-05-31 16:40:00[10/80]
[G][05-31 16:41:21][xygxk10] fetching ..... [201814431][ing=false],openTime=2018-05-31 16:40:00[11/80]
[G][05-31 16:41:40][xygxk10] fetching ..... [201814431][ing=false],openTime=2018-05-31 16:40:00[12/80]
[G][05-31 16:41:40][xygxk10] fetching ..... [201814431][ing=false],openTime=2018-05-31 16:40:00[13/80]
[G][05-31 16:41:45][xygxk10] fetching ..... [201814431][ing=false],openTime=2018-05-31 16:40:00[14/80]
[G][05-31 16:41:50][xygxk10] fetching ..... [201814431][ing=false],openTime=2018-05-31 16:40:00[15/80]
[G][05-31 16:41:55][xygxk10] fetching ..... [201814431][ing=false],openTime=2018-05-31 16:40:00[16/80]
[G][05-31 16:42:05][xygxk10] fetching ..... [201814431][ing=false],openTime=2018-05-31 16:40:00[17/80]
[G][05-31 16:42:07][xygxk10] fetching ..... [201814431][ing=false],openTime=2018-05-31 16:40:00[18/80]
[G][05-31 16:42:12][xygxk10] fetching ..... [201814431][ing=false],openTime=2018-05-31 16:40:00[19/80]
[G][05-31 16:42:16][xygxk10] fetching ..... [201814431][ing=false],openTime=2018-05-31 16:40:00[20/80]
[G][05-31 16:42:21][xygxk10] fetching ..... [201814431][ing=false],openTime=2018-05-31 16:40:00[21/80]
[G][05-31 16:42:27][xygxk10] fetching ..... [201814431][ing=false],openTime=2018-05-31 16:40:00[22/80]
[G][05-31 16:42:31][xygxk10] fetching ..... [201814431][ing=false],openTime=2018-05-31 16:40:00[23/80]
[G][05-31 16:42:36][xygxk10] fetching ..... [201814431][ing=false],openTime=2018-05-31 16:40:00[24/80]
[G][05-31 16:42:48][xygxk10] fetching ..... [201814431][ing=false],openTime=2018-05-31 16:40:00[25/80]
[G][05-31 16:42:49][xygxk10] fetching ..... [201814431][ing=false],openTime=2018-05-31 16:40:00[26/80]
[G][05-31 16:42:54][xygxk10] fetching ..... [201814431][ing=false],openTime=2018-05-31 16:40:00[27/80]
[G][05-31 16:43:01][xygxk10] fetching ..... [201814431][ing=false],openTime=2018-05-31 16:40:00[28/80]
[G][05-31 16:43:04][xygxk10] fetching ..... [201814431][ing=false],openTime=2018-05-31 16:40:00[29/80]
[G][05-31 16:43:09][xygxk10] fetching ..... [201814431][ing=false],openTime=2018-05-31 16:40:00[30/80]
[G][05-31 16:43:14][xygxk10] fetching ..... [201814431][ing=false],openTime=2018-05-31 16:40:00[31/80]
[G][05-31 16:43:19][xygxk10] fetching ..... [201814431][ing=false],openTime=2018-05-31 16:40:00[32/80]
[G][05-31 16:43:24][xygxk10] fetching ..... [201814431][ing=false],openTime=2018-05-31 16:40:00[33/80]
[G][05-31 16:43:30][xygxk10] fetching ..... [201814431][ing=false],openTime=2018-05-31 16:40:00[34/80]
[G][05-31 16:43:34][xygxk10] fetching ..... [201814431][ing=false],openTime=2018-05-31 16:40:00[35/80]
[G][05-31 16:43:39][xygxk10] fetching ..... [201814431][ing=false],openTime=2018-05-31 16:40:00[36/80]
[G][05-31 16:43:44][xygxk10] fetching ..... [201814431][ing=false],openTime=2018-05-31 16:40:00[37/80]
[G][05-31 16:43:49][xygxk10] fetching ..... [201814431][ing=false],openTime=2018-05-31 16:40:00[38/80]
[G][05-31 16:43:54][xygxk10] fetching ..... [201814431][ing=false],openTime=2018-05-31 16:40:00[39/80]
[G][05-31 16:44:00][xygxk10] fetching ..... [201814431][ing=false],openTime=2018-05-31 16:40:00[40/80]
[G][05-31 16:44:04][xygxk10] fetching ..... [201814431][ing=false],openTime=2018-05-31 16:40:00[41/80]
[G][05-31 16:44:09][xygxk10] fetching ..... [201814431][ing=false],openTime=2018-05-31 16:40:00[42/80]
[G][05-31 16:44:14][xygxk10] fetching ..... [201814431][ing=false],openTime=2018-05-31 16:40:00[43/80]
[G][05-31 16:44:19][xygxk10] fetching ..... [201814431][ing=false],openTime=2018-05-31 16:40:00[44/80]
[G][05-31 16:44:24][xygxk10] fetching ..... [201814431][ing=false],openTime=2018-05-31 16:40:00[45/80]
[G][05-31 16:44:29][xygxk10] fetching ..... [201814431][ing=false],openTime=2018-05-31 16:40:00[46/80]
[G][05-31 16:44:34][xygxk10] fetching ..... [201814431][ing=false],openTime=2018-05-31 16:40:00[47/80]
[G][05-31 16:44:39][xygxk10] fetching ..... [201814431][ing=false],openTime=2018-05-31 16:40:00[48/80]
[G][05-31 16:44:47][xygxk10] fetching ..... [201814431][ing=false],openTime=2018-05-31 16:40:00[49/80]
[G][05-31 16:44:49][xygxk10] fetching ..... [201814431][ing=false],openTime=2018-05-31 16:40:00[50/80]
[G][05-31 16:44:54][xygxk10] fetching ..... [201814431][ing=false],openTime=2018-05-31 16:40:00[51/80]
[G][05-31 16:44:59][xygxk10] fetching ..... [201814431][ing=false],openTime=2018-05-31 16:40:00[52/80]
[G][05-31 16:45:05][xygxk10] fetching ..... [201814431][ing=false],openTime=2018-05-31 16:40:00[53/80]
[G][05-31 16:45:09][xygxk10] fetching ..... [201814431][ing=false],openTime=2018-05-31 16:40:00[54/80]
[G][05-31 16:45:14][xygxk10] fetching ..... [201814431][ing=false],openTime=2018-05-31 16:40:00[55/80]
[G][05-31 16:45:20][xygxk10] fetching ..... [201814431][ing=false],openTime=2018-05-31 16:40:00[56/80]
[G][05-31 16:45:24][xygxk10] fetching ..... [201814431][ing=false],openTime=2018-05-31 16:40:00[57/80]
[G][05-31 16:45:30][xygxk10] fetching ..... [201814431][ing=false],openTime=2018-05-31 16:40:00[58/80]
[G][05-31 16:45:34][xygxk10] fetching ..... [201814431][ing=false],openTime=2018-05-31 16:40:00[59/80]
[G][05-31 16:45:39][xygxk10] fetching ..... [201814431][ing=false],openTime=2018-05-31 16:40:00[60/80]
[G][05-31 16:45:44][xygxk10] fetching ..... [201814431][ing=false],openTime=2018-05-31 16:40:00[61/80]
[G][05-31 16:45:49][xygxk10] fetching ..... [201814431][ing=false],openTime=2018-05-31 16:40:00[62/80]
[G][05-31 16:45:54][xygxk10] fetching ..... [201814431][ing=false],openTime=2018-05-31 16:40:00[63/80]
[G][05-31 16:46:00][xygxk10] fetching ..... [201814431][ing=false],openTime=2018-05-31 16:40:00[64/80]
[G][05-31 16:46:04][xygxk10] fetching ..... [201814431][ing=false],openTime=2018-05-31 16:40:00[65/80]
[G][05-31 16:46:09][xygxk10] fetching ..... [201814431][ing=false],openTime=2018-05-31 16:40:00[66/80]
[G][05-31 16:46:14][xygxk10] fetching ..... [201814431][ing=false],openTime=2018-05-31 16:40:00[67/80]
[G][05-31 16:46:19][xygxk10] fetching ..... [201814431][ing=false],openTime=2018-05-31 16:40:00[68/80]
[G][05-31 16:46:24][xygxk10] fetching ..... [201814431][ing=false],openTime=2018-05-31 16:40:00[69/80]
[G][05-31 16:46:25][xygxk10] RESULTS  _____ [201814431]=>18,09,05,02,17
[G][05-31 16:46:25][xygxk10] timer clear .....
[G][05-31 16:46:25][xygxk10] -------- OPENing --------
[G][05-31 16:46:26][xygxk10] Start ... [201814431],status=0,result=18,09,05,02,17
[G][05-31 16:46:26][xygxk10] BETS ... [0][201814431][60ms]
[G][05-31 16:46:27][xygxk10] End ... [201814431][435ms],status=2,result=18,09,05,02,17
[G][05-31 16:46:29][xygxk10] gsi last ... [292ms]201814431,18,09,05,02,17
[G][05-31 16:46:30][xygxk10] trend ... [1][100ms]
[G][05-31 16:46:33][xygxk10] removing opening flag ..... [201814431]
[G][05-31 16:46:33][xygxk10] SUCCESS  _^_^_ [201814431][7953ms]
[G][05-31 16:55:00][xygxk10] timer launch .....
[G][05-31 16:56:06][xygxk10] fetching ..... [201814432][ing=false],openTime=2018-05-31 16:55:00[1/80]
[G][05-31 16:56:07][xygxk10] fetching ..... [201814432][ing=false],openTime=2018-05-31 16:55:00[2/80]
[G][05-31 16:56:26][xygxk10] fetching ..... [201814432][ing=false],openTime=2018-05-31 16:55:00[3/80]
[G][05-31 16:56:26][xygxk10] fetching ..... [201814432][ing=false],openTime=2018-05-31 16:55:00[4/80]
[G][05-31 16:56:31][xygxk10] fetching ..... [201814432][ing=false],openTime=2018-05-31 16:55:00[5/80]
[G][05-31 16:56:36][xygxk10] fetching ..... [201814432][ing=false],openTime=2018-05-31 16:55:00[6/80]
[G][05-31 16:56:42][xygxk10] fetching ..... [201814432][ing=false],openTime=2018-05-31 16:55:00[7/80]
[G][05-31 16:56:46][xygxk10] fetching ..... [201814432][ing=false],openTime=2018-05-31 16:55:00[8/80]
[G][05-31 16:56:51][xygxk10] fetching ..... [201814432][ing=false],openTime=2018-05-31 16:55:00[9/80]
[G][05-31 16:56:56][xygxk10] fetching ..... [201814432][ing=false],openTime=2018-05-31 16:55:00[10/80]
[G][05-31 16:57:03][xygxk10] fetching ..... [201814432][ing=false],openTime=2018-05-31 16:55:00[11/80]
[G][05-31 16:57:08][xygxk10] fetching ..... [201814432][ing=false],openTime=2018-05-31 16:55:00[12/80]
[G][05-31 16:57:11][xygxk10] fetching ..... [201814432][ing=false],openTime=2018-05-31 16:55:00[13/80]
[G][05-31 16:57:17][xygxk10] fetching ..... [201814432][ing=false],openTime=2018-05-31 16:55:00[14/80]
[G][05-31 16:57:22][xygxk10] fetching ..... [201814432][ing=false],openTime=2018-05-31 16:55:00[15/80]
[G][05-31 16:57:34][xygxk10] fetching ..... [201814432][ing=false],openTime=2018-05-31 16:55:00[16/80]
[G][05-31 16:57:35][xygxk10] fetching ..... [201814432][ing=false],openTime=2018-05-31 16:55:00[17/80]
[G][05-31 16:57:42][xygxk10] fetching ..... [201814432][ing=false],openTime=2018-05-31 16:55:00[18/80]
[G][05-31 16:57:47][xygxk10] fetching ..... [201814432][ing=false],openTime=2018-05-31 16:55:00[19/80]
[G][05-31 16:57:51][xygxk10] fetching ..... [201814432][ing=false],openTime=2018-05-31 16:55:00[20/80]
[G][05-31 16:57:57][xygxk10] fetching ..... [201814432][ing=false],openTime=2018-05-31 16:55:00[21/80]
[G][05-31 16:58:00][xygxk10] fetching ..... [201814432][ing=false],openTime=2018-05-31 16:55:00[22/80]
[G][05-31 16:58:05][xygxk10] fetching ..... [201814432][ing=false],openTime=2018-05-31 16:55:00[23/80]
[G][05-31 16:58:10][xygxk10] fetching ..... [201814432][ing=false],openTime=2018-05-31 16:55:00[24/80]
[G][05-31 16:58:15][xygxk10] fetching ..... [201814432][ing=false],openTime=2018-05-31 16:55:00[25/80]
[G][05-31 16:58:20][xygxk10] fetching ..... [201814432][ing=false],openTime=2018-05-31 16:55:00[26/80]
[G][05-31 16:58:26][xygxk10] fetching ..... [201814432][ing=false],openTime=2018-05-31 16:55:00[27/80]
[G][05-31 16:58:30][xygxk10] fetching ..... [201814432][ing=false],openTime=2018-05-31 16:55:00[28/80]
[G][05-31 16:58:35][xygxk10] fetching ..... [201814432][ing=false],openTime=2018-05-31 16:55:00[29/80]
[G][05-31 16:58:42][xygxk10] fetching ..... [201814432][ing=false],openTime=2018-05-31 16:55:00[30/80]
[G][05-31 16:58:49][xygxk10] fetching ..... [201814432][ing=false],openTime=2018-05-31 16:55:00[31/80]
[G][05-31 16:58:50][xygxk10] fetching ..... [201814432][ing=false],openTime=2018-05-31 16:55:00[32/80]
[G][05-31 16:58:56][xygxk10] fetching ..... [201814432][ing=false],openTime=2018-05-31 16:55:00[33/80]
[G][05-31 16:59:01][xygxk10] fetching ..... [201814432][ing=false],openTime=2018-05-31 16:55:00[34/80]
[G][05-31 16:59:05][xygxk10] fetching ..... [201814432][ing=false],openTime=2018-05-31 16:55:00[35/80]
[G][05-31 16:59:10][xygxk10] fetching ..... [201814432][ing=false],openTime=2018-05-31 16:55:00[36/80]
[G][05-31 16:59:15][xygxk10] fetching ..... [201814432][ing=false],openTime=2018-05-31 16:55:00[37/80]
[G][05-31 16:59:20][xygxk10] fetching ..... [201814432][ing=false],openTime=2018-05-31 16:55:00[38/80]
[G][05-31 16:59:25][xygxk10] fetching ..... [201814432][ing=false],openTime=2018-05-31 16:55:00[39/80]
[G][05-31 16:59:30][xygxk10] fetching ..... [201814432][ing=false],openTime=2018-05-31 16:55:00[40/80]
[G][05-31 16:59:36][xygxk10] fetching ..... [201814432][ing=false],openTime=2018-05-31 16:55:00[41/80]
[G][05-31 16:59:42][xygxk10] fetching ..... [201814432][ing=false],openTime=2018-05-31 16:55:00[42/80]
[G][05-31 16:59:45][xygxk10] fetching ..... [201814432][ing=false],openTime=2018-05-31 16:55:00[43/80]
[G][05-31 16:59:50][xygxk10] fetching ..... [201814432][ing=false],openTime=2018-05-31 16:55:00[44/80]
[G][05-31 16:59:55][xygxk10] fetching ..... [201814432][ing=false],openTime=2018-05-31 16:55:00[45/80]
[G][05-31 17:00:07][xygxk10] fetching ..... [201814432][ing=false],openTime=2018-05-31 16:55:00[46/80]
[G][05-31 17:00:09][xygxk10] fetching ..... [201814432][ing=false],openTime=2018-05-31 16:55:00[47/80]
[G][05-31 17:00:13][xygxk10] init session[1040ms]
[G][05-31 17:00:14][xygxk10] fetching ..... [201814432][ing=false],openTime=2018-05-31 16:55:00[48/80]
[G][05-31 17:00:18][xygxk10] fetching ..... [201814432][ing=false],openTime=2018-05-31 16:55:00[49/80]
[G][05-31 17:00:23][xygxk10] fetching ..... [201814432][ing=false],openTime=2018-05-31 16:55:00[50/80]
[G][05-31 17:00:29][xygxk10] fetching ..... [201814432][ing=false],openTime=2018-05-31 16:55:00[51/80]
[G][05-31 17:00:33][xygxk10] fetching ..... [201814432][ing=false],openTime=2018-05-31 16:55:00[52/80]
[G][05-31 17:00:38][xygxk10] fetching ..... [201814432][ing=false],openTime=2018-05-31 16:55:00[53/80]
[G][05-31 17:00:38][xygxk10] RESULTS  _____ [201814432]=>09,11,01,04,17
[G][05-31 17:00:38][xygxk10] timer clear .....
[G][05-31 17:00:39][xygxk10] -------- OPENing --------
[G][05-31 17:00:39][xygxk10] Start ... [201814432],status=0,result=09,11,01,04,17
[G][05-31 17:00:39][xygxk10] BETS ... [0][201814432][83ms]
[G][05-31 17:00:39][xygxk10] End ... [201814432][162ms],status=2,result=09,11,01,04,17
[G][05-31 17:00:42][xygxk10] gsi last ... [731ms]201814432,09,11,01,04,17
[G][05-31 17:00:43][xygxk10] trend ... [1][190ms]
[G][05-31 17:00:45][xygxk10] removing opening flag ..... [201814432]
[G][05-31 17:00:45][xygxk10] SUCCESS  _^_^_ [201814432][6805ms]
[G][05-31 18:25:00][xygxk10] timer launch .....
[G][05-31 18:25:04][xygxk10] fetching ..... [201814438][ing=false],openTime=2018-05-31 18:25:00[1/80]
[G][05-31 18:25:07][xygxk10] fetching ..... [201814438][ing=false],openTime=2018-05-31 18:25:00[2/80]
[G][05-31 18:25:11][xygxk10] fetching ..... [201814438][ing=false],openTime=2018-05-31 18:25:00[3/80]
[G][05-31 18:25:16][xygxk10] fetching ..... [201814438][ing=false],openTime=2018-05-31 18:25:00[4/80]
[G][05-31 18:25:22][xygxk10] fetching ..... [201814438][ing=false],openTime=2018-05-31 18:25:00[5/80]
[G][05-31 18:25:27][xygxk10] fetching ..... [201814438][ing=false],openTime=2018-05-31 18:25:00[6/80]
[G][05-31 18:25:32][xygxk10] fetching ..... [201814438][ing=false],openTime=2018-05-31 18:25:00[7/80]
[G][05-31 18:25:36][xygxk10] fetching ..... [201814438][ing=false],openTime=2018-05-31 18:25:00[8/80]
[G][05-31 18:25:42][xygxk10] fetching ..... [201814438][ing=false],openTime=2018-05-31 18:25:00[9/80]
[G][05-31 18:25:47][xygxk10] fetching ..... [201814438][ing=false],openTime=2018-05-31 18:25:00[10/80]
[G][05-31 18:25:51][xygxk10] fetching ..... [201814438][ing=false],openTime=2018-05-31 18:25:00[11/80]
[G][05-31 18:25:56][xygxk10] fetching ..... [201814438][ing=false],openTime=2018-05-31 18:25:00[12/80]
[G][05-31 18:26:01][xygxk10] fetching ..... [201814438][ing=false],openTime=2018-05-31 18:25:00[13/80]
[G][05-31 18:26:05][xygxk10] fetching ..... [201814438][ing=false],openTime=2018-05-31 18:25:00[14/80]
[G][05-31 18:26:11][xygxk10] fetching ..... [201814438][ing=false],openTime=2018-05-31 18:25:00[15/80]
[G][05-31 18:26:16][xygxk10] fetching ..... [201814438][ing=false],openTime=2018-05-31 18:25:00[16/80]
[G][05-31 18:26:22][xygxk10] fetching ..... [201814438][ing=false],openTime=2018-05-31 18:25:00[17/80]
[G][05-31 18:26:26][xygxk10] fetching ..... [201814438][ing=false],openTime=2018-05-31 18:25:00[18/80]
[G][05-31 18:26:33][xygxk10] fetching ..... [201814438][ing=false],openTime=2018-05-31 18:25:00[19/80]
[G][05-31 18:26:35][xygxk10] fetching ..... [201814438][ing=false],openTime=2018-05-31 18:25:00[20/80]
[G][05-31 18:26:40][xygxk10] fetching ..... [201814438][ing=false],openTime=2018-05-31 18:25:00[21/80]
[G][05-31 18:26:45][xygxk10] fetching ..... [201814438][ing=false],openTime=2018-05-31 18:25:00[22/80]
[G][05-31 18:26:50][xygxk10] fetching ..... [201814438][ing=false],openTime=2018-05-31 18:25:00[23/80]
[G][05-31 18:26:55][xygxk10] fetching ..... [201814438][ing=false],openTime=2018-05-31 18:25:00[24/80]
[G][05-31 18:27:03][xygxk10] fetching ..... [201814438][ing=false],openTime=2018-05-31 18:25:00[25/80]
[G][05-31 18:27:09][xygxk10] fetching ..... [201814438][ing=false],openTime=2018-05-31 18:25:00[26/80]
[G][05-31 18:27:14][xygxk10] fetching ..... [201814438][ing=false],openTime=2018-05-31 18:25:00[27/80]
[G][05-31 18:27:15][xygxk10] fetching ..... [201814438][ing=false],openTime=2018-05-31 18:25:00[28/80]
[G][05-31 18:27:23][xygxk10] fetching ..... [201814438][ing=false],openTime=2018-05-31 18:25:00[29/80]
[G][05-31 18:27:25][xygxk10] fetching ..... [201814438][ing=false],openTime=2018-05-31 18:25:00[30/80]
[G][05-31 18:27:32][xygxk10] fetching ..... [201814438][ing=false],openTime=2018-05-31 18:25:00[31/80]
[G][05-31 18:27:36][xygxk10] fetching ..... [201814438][ing=false],openTime=2018-05-31 18:25:00[32/80]
[G][05-31 18:27:41][xygxk10] fetching ..... [201814438][ing=false],openTime=2018-05-31 18:25:00[33/80]
[G][05-31 18:27:46][xygxk10] fetching ..... [201814438][ing=false],openTime=2018-05-31 18:25:00[34/80]
[G][05-31 18:27:50][xygxk10] fetching ..... [201814438][ing=false],openTime=2018-05-31 18:25:00[35/80]
[G][05-31 18:27:55][xygxk10] fetching ..... [201814438][ing=false],openTime=2018-05-31 18:25:00[36/80]
[G][05-31 18:28:02][xygxk10] fetching ..... [201814438][ing=false],openTime=2018-05-31 18:25:00[37/80]
[G][05-31 18:28:05][xygxk10] fetching ..... [201814438][ing=false],openTime=2018-05-31 18:25:00[38/80]
[G][05-31 18:28:11][xygxk10] fetching ..... [201814438][ing=false],openTime=2018-05-31 18:25:00[39/80]
[G][05-31 18:28:15][xygxk10] fetching ..... [201814438][ing=false],openTime=2018-05-31 18:25:00[40/80]
[G][05-31 18:28:20][xygxk10] fetching ..... [201814438][ing=false],openTime=2018-05-31 18:25:00[41/80]
[G][05-31 18:28:30][xygxk10] fetching ..... [201814438][ing=false],openTime=2018-05-31 18:25:00[42/80]
[G][05-31 18:28:30][xygxk10] fetching ..... [201814438][ing=false],openTime=2018-05-31 18:25:00[43/80]
[G][05-31 18:28:37][xygxk10] fetching ..... [201814438][ing=false],openTime=2018-05-31 18:25:00[44/80]
[G][05-31 18:28:43][xygxk10] fetching ..... [201814438][ing=false],openTime=2018-05-31 18:25:00[45/80]
[G][05-31 18:28:48][xygxk10] fetching ..... [201814438][ing=false],openTime=2018-05-31 18:25:00[46/80]
[G][05-31 18:28:51][xygxk10] fetching ..... [201814438][ing=false],openTime=2018-05-31 18:25:00[47/80]
[G][05-31 18:28:56][xygxk10] fetching ..... [201814438][ing=false],openTime=2018-05-31 18:25:00[48/80]
[G][05-31 18:29:02][xygxk10] fetching ..... [201814438][ing=false],openTime=2018-05-31 18:25:00[49/80]
[G][05-31 18:29:07][xygxk10] fetching ..... [201814438][ing=false],openTime=2018-05-31 18:25:00[50/80]
[G][05-31 18:29:11][xygxk10] fetching ..... [201814438][ing=false],openTime=2018-05-31 18:25:00[51/80]
[G][05-31 18:29:16][xygxk10] fetching ..... [201814438][ing=false],openTime=2018-05-31 18:25:00[52/80]
[G][05-31 18:29:21][xygxk10] fetching ..... [201814438][ing=false],openTime=2018-05-31 18:25:00[53/80]
[G][05-31 18:29:25][xygxk10] fetching ..... [201814438][ing=false],openTime=2018-05-31 18:25:00[54/80]
[G][05-31 18:29:32][xygxk10] fetching ..... [201814438][ing=false],openTime=2018-05-31 18:25:00[55/80]
[G][05-31 18:29:35][xygxk10] fetching ..... [201814438][ing=false],openTime=2018-05-31 18:25:00[56/80]
[G][05-31 18:29:40][xygxk10] fetching ..... [201814438][ing=false],openTime=2018-05-31 18:25:00[57/80]
[G][05-31 18:29:45][xygxk10] fetching ..... [201814438][ing=false],openTime=2018-05-31 18:25:00[58/80]
[G][05-31 18:29:50][xygxk10] fetching ..... [201814438][ing=false],openTime=2018-05-31 18:25:00[59/80]
[G][05-31 18:29:55][xygxk10] fetching ..... [201814438][ing=false],openTime=2018-05-31 18:25:00[60/80]
[G][05-31 18:30:01][xygxk10] fetching ..... [201814438][ing=false],openTime=2018-05-31 18:25:00[61/80]
[G][05-31 18:30:06][xygxk10] init session[1561ms]
[G][05-31 18:30:06][xygxk10] fetching ..... [201814438][ing=false],openTime=2018-05-31 18:25:00[62/80]
[G][05-31 18:30:21][xygxk10] fetching ..... [201814438][ing=false],openTime=2018-05-31 18:25:00[63/80]
[G][05-31 18:30:21][xygxk10] fetching ..... [201814438][ing=false],openTime=2018-05-31 18:25:00[64/80]
[G][05-31 18:30:26][xygxk10] fetching ..... [201814438][ing=false],openTime=2018-05-31 18:25:00[65/80]
[G][05-31 18:30:31][xygxk10] fetching ..... [201814438][ing=false],openTime=2018-05-31 18:25:00[66/80]
[G][05-31 18:30:36][xygxk10] fetching ..... [201814438][ing=false],openTime=2018-05-31 18:25:00[67/80]
[G][05-31 18:30:41][xygxk10] fetching ..... [201814438][ing=false],openTime=2018-05-31 18:25:00[68/80]
[G][05-31 18:30:46][xygxk10] fetching ..... [201814438][ing=false],openTime=2018-05-31 18:25:00[69/80]
[G][05-31 18:31:00][xygxk10] fetching ..... [201814438][ing=false],openTime=2018-05-31 18:25:00[70/80]
[G][05-31 18:31:01][xygxk10] fetching ..... [201814438][ing=false],openTime=2018-05-31 18:25:00[71/80]
[G][05-31 18:31:05][xygxk10] fetching ..... [201814438][ing=false],openTime=2018-05-31 18:25:00[72/80]
[G][05-31 18:31:48][xygxk10] fetching ..... [201814438][ing=false],openTime=2018-05-31 18:25:00[73/80]
[G][05-31 18:31:49][xygxk10] fetching ..... [201814438][ing=false],openTime=2018-05-31 18:25:00[74/80]
[G][05-31 18:31:59][xygxk10] fetching ..... [201814438][ing=false],openTime=2018-05-31 18:25:00[75/80]
[G][05-31 18:32:00][xygxk10] fetching ..... [201814438][ing=false],openTime=2018-05-31 18:25:00[76/80]
[G][05-31 18:32:05][xygxk10] fetching ..... [201814438][ing=false],openTime=2018-05-31 18:25:00[77/80]
[G][05-31 18:32:11][xygxk10] fetching ..... [201814438][ing=false],openTime=2018-05-31 18:25:00[78/80]
[G][05-31 18:32:14][xygxk10] fetching ..... [201814438][ing=false],openTime=2018-05-31 18:25:00[79/80]
[G][05-31 18:32:21][xygxk10] fetching ..... [201814438][ing=false],openTime=2018-05-31 18:25:00[80/80]
[G][05-31 18:32:24][xygxk10] fetch over maxCount [81>80]
[G][05-31 18:32:24][xygxk10] timer clear .....
[G][05-31 18:40:00][xygxk10] timer launch .....
[G][05-31 18:40:05][xygxk10] fetching ..... [201814439][ing=false],openTime=2018-05-31 18:40:00[1/80]
[G][05-31 18:40:06][xygxk10] fetching ..... [201814439][ing=false],openTime=2018-05-31 18:40:00[2/80]
[G][05-31 18:40:11][xygxk10] fetching ..... [201814439][ing=false],openTime=2018-05-31 18:40:00[3/80]
[G][05-31 18:40:16][xygxk10] fetching ..... [201814439][ing=false],openTime=2018-05-31 18:40:00[4/80]
[G][05-31 18:40:21][xygxk10] fetching ..... [201814439][ing=false],openTime=2018-05-31 18:40:00[5/80]
[G][05-31 18:40:27][xygxk10] fetching ..... [201814439][ing=false],openTime=2018-05-31 18:40:00[6/80]
[G][05-31 18:40:31][xygxk10] fetching ..... [201814439][ing=false],openTime=2018-05-31 18:40:00[7/80]
[G][05-31 18:40:36][xygxk10] fetching ..... [201814439][ing=false],openTime=2018-05-31 18:40:00[8/80]
[G][05-31 18:40:41][xygxk10] fetching ..... [201814439][ing=false],openTime=2018-05-31 18:40:00[9/80]
[G][05-31 18:40:46][xygxk10] fetching ..... [201814439][ing=false],openTime=2018-05-31 18:40:00[10/80]
[G][05-31 18:40:51][xygxk10] fetching ..... [201814439][ing=false],openTime=2018-05-31 18:40:00[11/80]
[G][05-31 18:40:56][xygxk10] fetching ..... [201814439][ing=false],openTime=2018-05-31 18:40:00[12/80]
[G][05-31 18:41:01][xygxk10] fetching ..... [201814439][ing=false],openTime=2018-05-31 18:40:00[13/80]
[G][05-31 18:41:11][xygxk10] fetching ..... [201814439][ing=false],openTime=2018-05-31 18:40:00[14/80]
[G][05-31 18:41:11][xygxk10] fetching ..... [201814439][ing=false],openTime=2018-05-31 18:40:00[15/80]
[G][05-31 18:41:16][xygxk10] fetching ..... [201814439][ing=false],openTime=2018-05-31 18:40:00[16/80]
[G][05-31 18:41:22][xygxk10] fetching ..... [201814439][ing=false],openTime=2018-05-31 18:40:00[17/80]
[G][05-31 18:41:27][xygxk10] fetching ..... [201814439][ing=false],openTime=2018-05-31 18:40:00[18/80]
[G][05-31 18:41:34][xygxk10] fetching ..... [201814439][ing=false],openTime=2018-05-31 18:40:00[19/80]
[G][05-31 18:41:36][xygxk10] fetching ..... [201814439][ing=false],openTime=2018-05-31 18:40:00[20/80]
[G][05-31 18:41:44][xygxk10] fetching ..... [201814439][ing=false],openTime=2018-05-31 18:40:00[21/80]
[G][05-31 18:41:46][xygxk10] fetching ..... [201814439][ing=false],openTime=2018-05-31 18:40:00[22/80]
[G][05-31 18:41:51][xygxk10] fetching ..... [201814439][ing=false],openTime=2018-05-31 18:40:00[23/80]
[G][05-31 18:41:56][xygxk10] fetching ..... [201814439][ing=false],openTime=2018-05-31 18:40:00[24/80]
[G][05-31 18:42:01][xygxk10] fetching ..... [201814439][ing=false],openTime=2018-05-31 18:40:00[25/80]
[G][05-31 18:42:06][xygxk10] fetching ..... [201814439][ing=false],openTime=2018-05-31 18:40:00[26/80]
[G][05-31 18:42:21][xygxk10] fetching ..... [201814439][ing=false],openTime=2018-05-31 18:40:00[27/80]
[G][05-31 18:42:22][xygxk10] fetching ..... [201814439][ing=false],openTime=2018-05-31 18:40:00[28/80]
[G][05-31 18:42:36][xygxk10] fetching ..... [201814439][ing=false],openTime=2018-05-31 18:40:00[29/80]
[G][05-31 18:42:36][xygxk10] fetching ..... [201814439][ing=false],openTime=2018-05-31 18:40:00[30/80]
[G][05-31 18:42:42][xygxk10] fetching ..... [201814439][ing=false],openTime=2018-05-31 18:40:00[31/80]
[G][05-31 18:42:48][xygxk10] fetching ..... [201814439][ing=false],openTime=2018-05-31 18:40:00[32/80]
[G][05-31 18:42:51][xygxk10] fetching ..... [201814439][ing=false],openTime=2018-05-31 18:40:00[33/80]
[G][05-31 18:42:56][xygxk10] fetching ..... [201814439][ing=false],openTime=2018-05-31 18:40:00[34/80]
[G][05-31 18:43:05][xygxk10] fetching ..... [201814439][ing=false],openTime=2018-05-31 18:40:00[35/80]
[G][05-31 18:43:06][xygxk10] fetching ..... [201814439][ing=false],openTime=2018-05-31 18:40:00[36/80]
[G][05-31 18:43:11][xygxk10] fetching ..... [201814439][ing=false],openTime=2018-05-31 18:40:00[37/80]
[G][05-31 18:43:16][xygxk10] fetching ..... [201814439][ing=false],openTime=2018-05-31 18:40:00[38/80]
[G][05-31 18:43:22][xygxk10] fetching ..... [201814439][ing=false],openTime=2018-05-31 18:40:00[39/80]
[G][05-31 18:43:26][xygxk10] fetching ..... [201814439][ing=false],openTime=2018-05-31 18:40:00[40/80]
[G][05-31 18:43:31][xygxk10] fetching ..... [201814439][ing=false],openTime=2018-05-31 18:40:00[41/80]
[G][05-31 18:43:36][xygxk10] fetching ..... [201814439][ing=false],openTime=2018-05-31 18:40:00[42/80]
[G][05-31 18:43:44][xygxk10] fetching ..... [201814439][ing=false],openTime=2018-05-31 18:40:00[43/80]
[G][05-31 18:43:46][xygxk10] fetching ..... [201814439][ing=false],openTime=2018-05-31 18:40:00[44/80]
[G][05-31 18:43:51][xygxk10] fetching ..... [201814439][ing=false],openTime=2018-05-31 18:40:00[45/80]
[G][05-31 18:43:56][xygxk10] fetching ..... [201814439][ing=false],openTime=2018-05-31 18:40:00[46/80]
[G][05-31 18:44:01][xygxk10] fetching ..... [201814439][ing=false],openTime=2018-05-31 18:40:00[47/80]
[G][05-31 18:44:06][xygxk10] fetching ..... [201814439][ing=false],openTime=2018-05-31 18:40:00[48/80]
[G][05-31 18:44:11][xygxk10] fetching ..... [201814439][ing=false],openTime=2018-05-31 18:40:00[49/80]
[G][05-31 18:44:17][xygxk10] fetching ..... [201814439][ing=false],openTime=2018-05-31 18:40:00[50/80]
[G][05-31 18:44:21][xygxk10] fetching ..... [201814439][ing=false],openTime=2018-05-31 18:40:00[51/80]
[G][05-31 18:44:26][xygxk10] fetching ..... [201814439][ing=false],openTime=2018-05-31 18:40:00[52/80]
[G][05-31 18:44:31][xygxk10] fetching ..... [201814439][ing=false],openTime=2018-05-31 18:40:00[53/80]
[G][05-31 18:44:36][xygxk10] fetching ..... [201814439][ing=false],openTime=2018-05-31 18:40:00[54/80]
[G][05-31 18:44:42][xygxk10] fetching ..... [201814439][ing=false],openTime=2018-05-31 18:40:00[55/80]
[G][05-31 18:44:46][xygxk10] fetching ..... [201814439][ing=false],openTime=2018-05-31 18:40:00[56/80]
[G][05-31 18:44:51][xygxk10] fetching ..... [201814439][ing=false],openTime=2018-05-31 18:40:00[57/80]
[G][05-31 18:44:56][xygxk10] fetching ..... [201814439][ing=false],openTime=2018-05-31 18:40:00[58/80]
[G][05-31 18:45:01][xygxk10] fetching ..... [201814439][ing=false],openTime=2018-05-31 18:40:00[59/80]
[G][05-31 18:45:06][xygxk10] fetching ..... [201814439][ing=false],openTime=2018-05-31 18:40:00[60/80]
[G][05-31 18:45:21][xygxk10] fetching ..... [201814439][ing=false],openTime=2018-05-31 18:40:00[61/80]
[G][05-31 18:45:25][xygxk10] fetching ..... [201814439][ing=false],openTime=2018-05-31 18:40:00[62/80]
[G][05-31 18:45:30][xygxk10] fetching ..... [201814439][ing=false],openTime=2018-05-31 18:40:00[63/80]
[G][05-31 18:45:35][xygxk10] fetching ..... [201814439][ing=false],openTime=2018-05-31 18:40:00[64/80]
[G][05-31 18:45:40][xygxk10] fetching ..... [201814439][ing=false],openTime=2018-05-31 18:40:00[65/80]
[G][05-31 18:45:45][xygxk10] fetching ..... [201814439][ing=false],openTime=2018-05-31 18:40:00[66/80]
[G][05-31 18:45:51][xygxk10] fetching ..... [201814439][ing=false],openTime=2018-05-31 18:40:00[67/80]
[G][05-31 18:45:51][xygxk10] RESULTS  _____ [201814439]=>14,17,20,07,10
[G][05-31 18:45:51][xygxk10] timer clear .....
[G][05-31 18:45:51][xygxk10] -------- OPENing --------
[G][05-31 18:45:51][xygxk10] Start ... [201814436],status=0,result=21,14,03,06,13
[G][05-31 18:45:51][xygxk10] BETS ... [0][201814436][57ms]
[G][05-31 18:45:51][xygxk10] End ... [201814436][113ms],status=2,result=21,14,03,06,13
[G][05-31 18:45:51][xygxk10] Start ... [201814435],status=0,result=02,08,15,16,07
[G][05-31 18:45:51][xygxk10] BETS ... [0][201814435][57ms]
[G][05-31 18:45:52][xygxk10] End ... [201814435][115ms],status=2,result=02,08,15,16,07
[G][05-31 18:45:52][xygxk10] Start ... [201814434],status=0,result=03,11,12,08,19
[G][05-31 18:45:52][xygxk10] BETS ... [0][201814434][61ms]
[G][05-31 18:45:52][xygxk10] End ... [201814434][125ms],status=2,result=03,11,12,08,19
[G][05-31 18:45:52][xygxk10] Start ... [201814433],status=0,result=05,20,13,06,03
[G][05-31 18:45:52][xygxk10] BETS ... [0][201814433][61ms]
[G][05-31 18:45:52][xygxk10] End ... [201814433][127ms],status=2,result=05,20,13,06,03
[G][05-31 18:45:53][xygxk10] Start ... [201814439],status=0,result=14,17,20,07,10
[G][05-31 18:45:53][xygxk10] BETS ... [0][201814439][99ms]
[G][05-31 18:45:53][xygxk10] End ... [201814439][184ms],status=2,result=14,17,20,07,10
[G][05-31 18:45:54][xygxk10] Start ... [201814437],status=0,result=21,17,13,15,01
[G][05-31 18:45:54][xygxk10] BETS ... [0][201814437][67ms]
[G][05-31 18:45:54][xygxk10] End ... [201814437][124ms],status=2,result=21,17,13,15,01
[G][05-31 18:45:54][xygxk10] Start ... [201814438],status=0,result=06,08,10,19,09
[G][05-31 18:45:54][xygxk10] BETS ... [0][201814438][111ms]
[G][05-31 18:45:54][xygxk10] End ... [201814438][212ms],status=2,result=06,08,10,19,09
[G][05-31 18:45:54][xygxk10] gsi last ... [246ms]201814439,14,17,20,07,10
[G][05-31 18:46:03][xygxk10] trend ... [7][9074ms]
[G][05-31 18:46:05][xygxk10] removing opening flag ..... [201814439]
[G][05-31 18:46:05][xygxk10] SUCCESS  _^_^_ [201814439][13984ms]
[G][05-31 18:55:00][xygxk10] timer launch .....
[G][05-31 18:55:01][xygxk10] fetching ..... [201814440][ing=false],openTime=2018-05-31 18:55:00[1/80]
[G][05-31 18:55:06][xygxk10] fetching ..... [201814440][ing=false],openTime=2018-05-31 18:55:00[2/80]
[G][05-31 18:55:12][xygxk10] fetching ..... [201814440][ing=false],openTime=2018-05-31 18:55:00[3/80]
[G][05-31 18:55:17][xygxk10] fetching ..... [201814440][ing=false],openTime=2018-05-31 18:55:00[4/80]
[G][05-31 18:55:20][xygxk10] fetching ..... [201814440][ing=false],openTime=2018-05-31 18:55:00[5/80]
[G][05-31 18:55:25][xygxk10] fetching ..... [201814440][ing=false],openTime=2018-05-31 18:55:00[6/80]
[G][05-31 18:55:34][xygxk10] fetching ..... [201814440][ing=false],openTime=2018-05-31 18:55:00[7/80]
[G][05-31 18:55:38][xygxk10] fetching ..... [201814440][ing=false],openTime=2018-05-31 18:55:00[8/80]
[G][05-31 18:55:41][xygxk10] fetching ..... [201814440][ing=false],openTime=2018-05-31 18:55:00[9/80]
[G][05-31 18:55:46][xygxk10] fetching ..... [201814440][ing=false],openTime=2018-05-31 18:55:00[10/80]
[G][05-31 18:55:50][xygxk10] fetching ..... [201814440][ing=false],openTime=2018-05-31 18:55:00[11/80]
[G][05-31 18:55:55][xygxk10] fetching ..... [201814440][ing=false],openTime=2018-05-31 18:55:00[12/80]
[G][05-31 18:56:01][xygxk10] fetching ..... [201814440][ing=false],openTime=2018-05-31 18:55:00[13/80]
[G][05-31 18:56:05][xygxk10] fetching ..... [201814440][ing=false],openTime=2018-05-31 18:55:00[14/80]
[G][05-31 18:56:11][xygxk10] fetching ..... [201814440][ing=false],openTime=2018-05-31 18:55:00[15/80]
[G][05-31 18:56:15][xygxk10] fetching ..... [201814440][ing=false],openTime=2018-05-31 18:55:00[16/80]
[G][05-31 18:56:20][xygxk10] fetching ..... [201814440][ing=false],openTime=2018-05-31 18:55:00[17/80]
[G][05-31 18:56:25][xygxk10] fetching ..... [201814440][ing=false],openTime=2018-05-31 18:55:00[18/80]
[G][05-31 18:56:31][xygxk10] fetching ..... [201814440][ing=false],openTime=2018-05-31 18:55:00[19/80]
[G][05-31 18:56:35][xygxk10] fetching ..... [201814440][ing=false],openTime=2018-05-31 18:55:00[20/80]
[G][05-31 18:56:40][xygxk10] fetching ..... [201814440][ing=false],openTime=2018-05-31 18:55:00[21/80]
[G][05-31 18:56:45][xygxk10] fetching ..... [201814440][ing=false],openTime=2018-05-31 18:55:00[22/80]
[G][05-31 18:56:50][xygxk10] fetching ..... [201814440][ing=false],openTime=2018-05-31 18:55:00[23/80]
[G][05-31 18:56:55][xygxk10] fetching ..... [201814440][ing=false],openTime=2018-05-31 18:55:00[24/80]
[G][05-31 18:57:03][xygxk10] fetching ..... [201814440][ing=false],openTime=2018-05-31 18:55:00[25/80]
[G][05-31 18:57:09][xygxk10] fetching ..... [201814440][ing=false],openTime=2018-05-31 18:55:00[26/80]
[G][05-31 18:57:13][xygxk10] fetching ..... [201814440][ing=false],openTime=2018-05-31 18:55:00[27/80]
[G][05-31 18:57:17][xygxk10] fetching ..... [201814440][ing=false],openTime=2018-05-31 18:55:00[28/80]
[G][05-31 18:57:20][xygxk10] fetching ..... [201814440][ing=false],openTime=2018-05-31 18:55:00[29/80]
[G][05-31 18:57:27][xygxk10] fetching ..... [201814440][ing=false],openTime=2018-05-31 18:55:00[30/80]
[G][05-31 18:57:33][xygxk10] fetching ..... [201814440][ing=false],openTime=2018-05-31 18:55:00[31/80]
[G][05-31 18:57:35][xygxk10] fetching ..... [201814440][ing=false],openTime=2018-05-31 18:55:00[32/80]
[G][05-31 18:57:41][xygxk10] fetching ..... [201814440][ing=false],openTime=2018-05-31 18:55:00[33/80]
[G][05-31 18:57:46][xygxk10] fetching ..... [201814440][ing=false],openTime=2018-05-31 18:55:00[34/80]
[G][05-31 18:57:50][xygxk10] fetching ..... [201814440][ing=false],openTime=2018-05-31 18:55:00[35/80]
[G][05-31 18:57:55][xygxk10] fetching ..... [201814440][ing=false],openTime=2018-05-31 18:55:00[36/80]
[G][05-31 18:58:01][xygxk10] fetching ..... [201814440][ing=false],openTime=2018-05-31 18:55:00[37/80]
[G][05-31 18:58:05][xygxk10] fetching ..... [201814440][ing=false],openTime=2018-05-31 18:55:00[38/80]
[G][05-31 18:58:11][xygxk10] fetching ..... [201814440][ing=false],openTime=2018-05-31 18:55:00[39/80]
[G][05-31 18:58:15][xygxk10] fetching ..... [201814440][ing=false],openTime=2018-05-31 18:55:00[40/80]
[G][05-31 18:58:20][xygxk10] fetching ..... [201814440][ing=false],openTime=2018-05-31 18:55:00[41/80]
[G][05-31 18:58:27][xygxk10] fetching ..... [201814440][ing=false],openTime=2018-05-31 18:55:00[42/80]
[G][05-31 18:58:33][xygxk10] fetching ..... [201814440][ing=false],openTime=2018-05-31 18:55:00[43/80]
[G][05-31 18:58:35][xygxk10] fetching ..... [201814440][ing=false],openTime=2018-05-31 18:55:00[44/80]
[G][05-31 18:58:43][xygxk10] fetching ..... [201814440][ing=false],openTime=2018-05-31 18:55:00[45/80]
[G][05-31 18:58:47][xygxk10] fetching ..... [201814440][ing=false],openTime=2018-05-31 18:55:00[46/80]
[G][05-31 18:58:52][xygxk10] fetching ..... [201814440][ing=false],openTime=2018-05-31 18:55:00[47/80]
[G][05-31 18:58:56][xygxk10] fetching ..... [201814440][ing=false],openTime=2018-05-31 18:55:00[48/80]
[G][05-31 18:59:01][xygxk10] fetching ..... [201814440][ing=false],openTime=2018-05-31 18:55:00[49/80]
[G][05-31 18:59:06][xygxk10] fetching ..... [201814440][ing=false],openTime=2018-05-31 18:55:00[50/80]
[G][05-31 18:59:11][xygxk10] fetching ..... [201814440][ing=false],openTime=2018-05-31 18:55:00[51/80]
[G][05-31 18:59:15][xygxk10] fetching ..... [201814440][ing=false],openTime=2018-05-31 18:55:00[52/80]
[G][05-31 18:59:20][xygxk10] fetching ..... [201814440][ing=false],openTime=2018-05-31 18:55:00[53/80]
[G][05-31 18:59:25][xygxk10] fetching ..... [201814440][ing=false],openTime=2018-05-31 18:55:00[54/80]
[G][05-31 18:59:32][xygxk10] fetching ..... [201814440][ing=false],openTime=2018-05-31 18:55:00[55/80]
[G][05-31 18:59:35][xygxk10] fetching ..... [201814440][ing=false],openTime=2018-05-31 18:55:00[56/80]
[G][05-31 18:59:41][xygxk10] fetching ..... [201814440][ing=false],openTime=2018-05-31 18:55:00[57/80]
[G][05-31 18:59:45][xygxk10] fetching ..... [201814440][ing=false],openTime=2018-05-31 18:55:00[58/80]
[G][05-31 18:59:50][xygxk10] fetching ..... [201814440][ing=false],openTime=2018-05-31 18:55:00[59/80]
[G][05-31 18:59:55][xygxk10] fetching ..... [201814440][ing=false],openTime=2018-05-31 18:55:00[60/80]
[G][05-31 19:00:01][xygxk10] fetching ..... [201814440][ing=false],openTime=2018-05-31 18:55:00[61/80]
[G][05-31 19:00:05][xygxk10] fetching ..... [201814440][ing=false],openTime=2018-05-31 18:55:00[62/80]
[G][05-31 19:00:05][xygxk10] init session[643ms]
[G][05-31 19:00:15][xygxk10] fetching ..... [201814440][ing=false],openTime=2018-05-31 18:55:00[63/80]
[G][05-31 19:00:16][xygxk10] fetching ..... [201814440][ing=false],openTime=2018-05-31 18:55:00[64/80]
[G][05-31 19:00:27][xygxk10] fetching ..... [201814440][ing=false],openTime=2018-05-31 18:55:00[65/80]
[G][05-31 19:00:28][xygxk10] fetching ..... [201814440][ing=false],openTime=2018-05-31 18:55:00[66/80]
[G][05-31 19:00:32][xygxk10] fetching ..... [201814440][ing=false],openTime=2018-05-31 18:55:00[67/80]
[G][05-31 19:00:37][xygxk10] fetching ..... [201814440][ing=false],openTime=2018-05-31 18:55:00[68/80]
[G][05-31 19:00:48][xygxk10] fetching ..... [201814440][ing=false],openTime=2018-05-31 18:55:00[69/80]
[G][05-31 19:00:48][xygxk10] fetching ..... [201814440][ing=false],openTime=2018-05-31 18:55:00[70/80]
[G][05-31 19:00:54][xygxk10] fetching ..... [201814440][ing=false],openTime=2018-05-31 18:55:00[71/80]
[G][05-31 19:01:00][xygxk10] fetching ..... [201814440][ing=false],openTime=2018-05-31 18:55:00[72/80]
[G][05-31 19:01:03][xygxk10] fetching ..... [201814440][ing=false],openTime=2018-05-31 18:55:00[73/80]
[G][05-31 19:01:08][xygxk10] fetching ..... [201814440][ing=false],openTime=2018-05-31 18:55:00[74/80]
[G][05-31 19:01:13][xygxk10] fetching ..... [201814440][ing=false],openTime=2018-05-31 18:55:00[75/80]
[G][05-31 19:01:18][xygxk10] fetching ..... [201814440][ing=false],openTime=2018-05-31 18:55:00[76/80]
[G][05-31 19:01:24][xygxk10] fetching ..... [201814440][ing=false],openTime=2018-05-31 18:55:00[77/80]
[G][05-31 19:01:29][xygxk10] fetching ..... [201814440][ing=false],openTime=2018-05-31 18:55:00[78/80]
[G][05-31 19:01:34][xygxk10] fetching ..... [201814440][ing=false],openTime=2018-05-31 18:55:00[79/80]
[G][05-31 19:01:34][xygxk10] RESULTS  _____ [201814440]=>01,07,03,08,12
[G][05-31 19:01:34][xygxk10] timer clear .....
[G][05-31 19:01:34][xygxk10] -------- OPENing --------
[G][05-31 19:01:34][xygxk10] Start ... [201814440],status=0,result=01,07,03,08,12
[G][05-31 19:01:34][xygxk10] BETS ... [0][201814440][60ms]
[G][05-31 19:01:35][xygxk10] End ... [201814440][129ms],status=2,result=01,07,03,08,12
[G][05-31 19:01:36][xygxk10] gsi last ... [601ms]201814440,01,07,03,08,12
[G][05-31 19:01:37][xygxk10] trend ... [1][1086ms]
[G][05-31 19:01:40][xygxk10] removing opening flag ..... [201814440]
[G][05-31 19:01:40][xygxk10] SUCCESS  _^_^_ [201814440][6399ms]
[G][05-31 19:10:00][xygxk10] timer launch .....
[G][05-31 19:10:05][xygxk10] fetching ..... [201814441][ing=false],openTime=2018-05-31 19:10:00[1/80]
[G][05-31 19:10:05][xygxk10] fetching ..... [201814441][ing=false],openTime=2018-05-31 19:10:00[2/80]
