[G][05-31 09:12:00][xypoker] timer launch .....
[G][05-31 09:22:00][xypoker] timer launch .....
[G][05-31 09:31:12][xypoker] init session[23206ms]
[G][05-31 09:32:00][xypoker] timer launch .....
[G][05-31 09:42:00][xypoker] timer launch .....
[G][05-31 09:52:00][xypoker] timer launch .....
[G][05-31 10:00:16][xypoker] init session[677ms]
[G][05-31 10:02:00][xypoker] timer launch .....
[G][05-31 10:12:00][xypoker] timer launch .....
[G][05-31 10:22:00][xypoker] timer launch .....
[G][05-31 14:00:05][xypoker] init session[575ms]
[G][05-31 15:52:00][xypoker] timer launch .....
[G][05-31 15:52:06][xypoker] fetching ..... [18053145][ing=false],openTime=2018-05-31 15:52:00[1/80]
[G][05-31 15:52:08][xypoker] fetching ..... [18053145][ing=false],openTime=2018-05-31 15:52:00[2/80]
[G][05-31 15:52:11][xypoker] fetching ..... [18053145][ing=false],openTime=2018-05-31 15:52:00[3/80]
[G][05-31 15:52:17][xypoker] fetching ..... [18053145][ing=false],openTime=2018-05-31 15:52:00[4/80]
[G][05-31 15:52:22][xypoker] fetching ..... [18053145][ing=false],openTime=2018-05-31 15:52:00[5/80]
[G][05-31 15:52:26][xypoker] fetching ..... [18053145][ing=false],openTime=2018-05-31 15:52:00[6/80]
[G][05-31 15:52:33][xypoker] fetching ..... [18053145][ing=false],openTime=2018-05-31 15:52:00[7/80]
[G][05-31 15:52:36][xypoker] fetching ..... [18053145][ing=false],openTime=2018-05-31 15:52:00[8/80]
[G][05-31 15:52:41][xypoker] fetching ..... [18053145][ing=false],openTime=2018-05-31 15:52:00[9/80]
[G][05-31 15:52:47][xypoker] fetching ..... [18053145][ing=false],openTime=2018-05-31 15:52:00[10/80]
[G][05-31 15:52:57][xypoker] fetching ..... [18053145][ing=false],openTime=2018-05-31 15:52:00[11/80]
[G][05-31 15:52:57][xypoker] fetching ..... [18053145][ing=false],openTime=2018-05-31 15:52:00[12/80]
[G][05-31 15:53:02][xypoker] fetching ..... [18053145][ing=false],openTime=2018-05-31 15:52:00[13/80]
[G][05-31 15:53:07][xypoker] fetching ..... [18053145][ing=false],openTime=2018-05-31 15:52:00[14/80]
[G][05-31 15:53:12][xypoker] fetching ..... [18053145][ing=false],openTime=2018-05-31 15:52:00[15/80]
[G][05-31 15:53:18][xypoker] fetching ..... [18053145][ing=false],openTime=2018-05-31 15:52:00[16/80]
[G][05-31 15:53:22][xypoker] fetching ..... [18053145][ing=false],openTime=2018-05-31 15:52:00[17/80]
[G][05-31 15:53:27][xypoker] fetching ..... [18053145][ing=false],openTime=2018-05-31 15:52:00[18/80]
[G][05-31 15:53:32][xypoker] fetching ..... [18053145][ing=false],openTime=2018-05-31 15:52:00[19/80]
[G][05-31 15:53:37][xypoker] fetching ..... [18053145][ing=false],openTime=2018-05-31 15:52:00[20/80]
[G][05-31 15:53:42][xypoker] fetching ..... [18053145][ing=false],openTime=2018-05-31 15:52:00[21/80]
[G][05-31 15:53:47][xypoker] fetching ..... [18053145][ing=false],openTime=2018-05-31 15:52:00[22/80]
[G][05-31 15:53:52][xypoker] fetching ..... [18053145][ing=false],openTime=2018-05-31 15:52:00[23/80]
[G][05-31 15:54:00][xypoker] fetching ..... [18053145][ing=false],openTime=2018-05-31 15:52:00[24/80]
[G][05-31 15:54:04][xypoker] fetching ..... [18053145][ing=false],openTime=2018-05-31 15:52:00[25/80]
[G][05-31 15:54:21][xypoker] fetching ..... [18053145][ing=false],openTime=2018-05-31 15:52:00[26/80]
[G][05-31 15:54:22][xypoker] fetching ..... [18053145][ing=false],openTime=2018-05-31 15:52:00[27/80]
[G][05-31 15:54:27][xypoker] fetching ..... [18053145][ing=false],openTime=2018-05-31 15:52:00[28/80]
[G][05-31 15:54:32][xypoker] fetching ..... [18053145][ing=false],openTime=2018-05-31 15:52:00[29/80]
[G][05-31 15:54:37][xypoker] fetching ..... [18053145][ing=false],openTime=2018-05-31 15:52:00[30/80]
[G][05-31 15:54:42][xypoker] fetching ..... [18053145][ing=false],openTime=2018-05-31 15:52:00[31/80]
[G][05-31 15:54:47][xypoker] fetching ..... [18053145][ing=false],openTime=2018-05-31 15:52:00[32/80]
[G][05-31 15:54:52][xypoker] fetching ..... [18053145][ing=false],openTime=2018-05-31 15:52:00[33/80]
[G][05-31 16:12:00][xypoker] timer launch .....
[G][05-31 16:12:05][xypoker] fetching ..... [18053147][ing=false],openTime=2018-05-31 16:12:00[1/80]
[G][05-31 16:12:06][xypoker] fetching ..... [18053147][ing=false],openTime=2018-05-31 16:12:00[2/80]
[G][05-31 16:12:12][xypoker] fetching ..... [18053147][ing=false],openTime=2018-05-31 16:12:00[3/80]
[G][05-31 16:12:17][xypoker] fetching ..... [18053147][ing=false],openTime=2018-05-31 16:12:00[4/80]
[G][05-31 16:12:21][xypoker] fetching ..... [18053147][ing=false],openTime=2018-05-31 16:12:00[5/80]
[G][05-31 16:12:26][xypoker] fetching ..... [18053147][ing=false],openTime=2018-05-31 16:12:00[6/80]
[G][05-31 16:12:36][xypoker] fetching ..... [18053147][ing=false],openTime=2018-05-31 16:12:00[7/80]
[G][05-31 16:12:36][xypoker] fetching ..... [18053147][ing=false],openTime=2018-05-31 16:12:00[8/80]
[G][05-31 16:12:41][xypoker] fetching ..... [18053147][ing=false],openTime=2018-05-31 16:12:00[9/80]
[G][05-31 16:12:47][xypoker] fetching ..... [18053147][ing=false],openTime=2018-05-31 16:12:00[10/80]
[G][05-31 16:12:57][xypoker] fetching ..... [18053147][ing=false],openTime=2018-05-31 16:12:00[11/80]
[G][05-31 16:12:58][xypoker] fetching ..... [18053147][ing=false],openTime=2018-05-31 16:12:00[12/80]
[G][05-31 16:13:02][xypoker] fetching ..... [18053147][ing=false],openTime=2018-05-31 16:12:00[13/80]
[G][05-31 16:13:09][xypoker] fetching ..... [18053147][ing=false],openTime=2018-05-31 16:12:00[14/80]
[G][05-31 16:13:14][xypoker] fetching ..... [18053147][ing=false],openTime=2018-05-31 16:12:00[15/80]
[G][05-31 16:13:19][xypoker] fetching ..... [18053147][ing=false],openTime=2018-05-31 16:12:00[16/80]
[G][05-31 16:13:25][xypoker] fetching ..... [18053147][ing=false],openTime=2018-05-31 16:12:00[17/80]
[G][05-31 16:13:28][xypoker] fetching ..... [18053147][ing=false],openTime=2018-05-31 16:12:00[18/80]
[G][05-31 16:13:33][xypoker] fetching ..... [18053147][ing=false],openTime=2018-05-31 16:12:00[19/80]
[G][05-31 16:13:43][xypoker] fetching ..... [18053147][ing=false],openTime=2018-05-31 16:12:00[20/80]
[G][05-31 16:13:44][xypoker] fetching ..... [18053147][ing=false],openTime=2018-05-31 16:12:00[21/80]
[G][05-31 16:13:49][xypoker] fetching ..... [18053147][ing=false],openTime=2018-05-31 16:12:00[22/80]
[G][05-31 16:13:58][xypoker] fetching ..... [18053147][ing=false],openTime=2018-05-31 16:12:00[23/80]
[G][05-31 16:13:59][xypoker] fetching ..... [18053147][ing=false],openTime=2018-05-31 16:12:00[24/80]
[G][05-31 16:14:04][xypoker] fetching ..... [18053147][ing=false],openTime=2018-05-31 16:12:00[25/80]
[G][05-31 16:14:09][xypoker] fetching ..... [18053147][ing=false],openTime=2018-05-31 16:12:00[26/80]
[G][05-31 16:14:14][xypoker] fetching ..... [18053147][ing=false],openTime=2018-05-31 16:12:00[27/80]
[G][05-31 16:14:19][xypoker] fetching ..... [18053147][ing=false],openTime=2018-05-31 16:12:00[28/80]
[G][05-31 16:14:24][xypoker] fetching ..... [18053147][ing=false],openTime=2018-05-31 16:12:00[29/80]
[G][05-31 16:14:29][xypoker] fetching ..... [18053147][ing=false],openTime=2018-05-31 16:12:00[30/80]
[G][05-31 16:14:34][xypoker] fetching ..... [18053147][ing=false],openTime=2018-05-31 16:12:00[31/80]
[G][05-31 16:14:39][xypoker] fetching ..... [18053147][ing=false],openTime=2018-05-31 16:12:00[32/80]
[G][05-31 16:14:44][xypoker] fetching ..... [18053147][ing=false],openTime=2018-05-31 16:12:00[33/80]
[G][05-31 16:14:49][xypoker] fetching ..... [18053147][ing=false],openTime=2018-05-31 16:12:00[34/80]
[G][05-31 16:22:00][xypoker] timer launch .....
[G][05-31 16:22:06][xypoker] fetching ..... [18053148][ing=false],openTime=2018-05-31 16:22:00[1/80]
[G][05-31 16:22:18][xypoker] fetching ..... [18053148][ing=false],openTime=2018-05-31 16:22:00[2/80]
[G][05-31 16:22:19][xypoker] fetching ..... [18053148][ing=false],openTime=2018-05-31 16:22:00[3/80]
[G][05-31 16:22:24][xypoker] fetching ..... [18053148][ing=false],openTime=2018-05-31 16:22:00[4/80]
[G][05-31 16:22:29][xypoker] fetching ..... [18053148][ing=false],openTime=2018-05-31 16:22:00[5/80]
[G][05-31 16:22:34][xypoker] fetching ..... [18053148][ing=false],openTime=2018-05-31 16:22:00[6/80]
[G][05-31 16:22:47][xypoker] fetching ..... [18053148][ing=false],openTime=2018-05-31 16:22:00[7/80]
[G][05-31 16:22:48][xypoker] fetching ..... [18053148][ing=false],openTime=2018-05-31 16:22:00[8/80]
[G][05-31 16:22:53][xypoker] fetching ..... [18053148][ing=false],openTime=2018-05-31 16:22:00[9/80]
[G][05-31 16:22:58][xypoker] fetching ..... [18053148][ing=false],openTime=2018-05-31 16:22:00[10/80]
[G][05-31 16:23:03][xypoker] fetching ..... [18053148][ing=false],openTime=2018-05-31 16:22:00[11/80]
[G][05-31 16:23:08][xypoker] fetching ..... [18053148][ing=false],openTime=2018-05-31 16:22:00[12/80]
[G][05-31 16:23:13][xypoker] fetching ..... [18053148][ing=false],openTime=2018-05-31 16:22:00[13/80]
[G][05-31 16:23:18][xypoker] fetching ..... [18053148][ing=false],openTime=2018-05-31 16:22:00[14/80]
[G][05-31 16:23:23][xypoker] fetching ..... [18053148][ing=false],openTime=2018-05-31 16:22:00[15/80]
[G][05-31 16:23:28][xypoker] fetching ..... [18053148][ing=false],openTime=2018-05-31 16:22:00[16/80]
[G][05-31 16:23:33][xypoker] fetching ..... [18053148][ing=false],openTime=2018-05-31 16:22:00[17/80]
[G][05-31 16:23:38][xypoker] fetching ..... [18053148][ing=false],openTime=2018-05-31 16:22:00[18/80]
[G][05-31 16:23:43][xypoker] fetching ..... [18053148][ing=false],openTime=2018-05-31 16:22:00[19/80]
[G][05-31 16:23:48][xypoker] fetching ..... [18053148][ing=false],openTime=2018-05-31 16:22:00[20/80]
[G][05-31 16:23:54][xypoker] fetching ..... [18053148][ing=false],openTime=2018-05-31 16:22:00[21/80]
[G][05-31 16:23:59][xypoker] fetching ..... [18053148][ing=false],openTime=2018-05-31 16:22:00[22/80]
[G][05-31 16:24:04][xypoker] fetching ..... [18053148][ing=false],openTime=2018-05-31 16:22:00[23/80]
[G][05-31 16:24:08][xypoker] fetching ..... [18053148][ing=false],openTime=2018-05-31 16:22:00[24/80]
[G][05-31 16:24:13][xypoker] fetching ..... [18053148][ing=false],openTime=2018-05-31 16:22:00[25/80]
[G][05-31 16:24:18][xypoker] fetching ..... [18053148][ing=false],openTime=2018-05-31 16:22:00[26/80]
[G][05-31 16:24:27][xypoker] fetching ..... [18053148][ing=false],openTime=2018-05-31 16:22:00[27/80]
[G][05-31 16:24:29][xypoker] fetching ..... [18053148][ing=false],openTime=2018-05-31 16:22:00[28/80]
[G][05-31 16:24:34][xypoker] fetching ..... [18053148][ing=false],openTime=2018-05-31 16:22:00[29/80]
[G][05-31 16:24:38][xypoker] fetching ..... [18053148][ing=false],openTime=2018-05-31 16:22:00[30/80]
[G][05-31 16:24:44][xypoker] fetching ..... [18053148][ing=false],openTime=2018-05-31 16:22:00[31/80]
[G][05-31 16:24:49][xypoker] fetching ..... [18053148][ing=false],openTime=2018-05-31 16:22:00[32/80]
[G][05-31 16:24:53][xypoker] fetching ..... [18053148][ing=false],openTime=2018-05-31 16:22:00[33/80]
[G][05-31 16:24:58][xypoker] fetching ..... [18053148][ing=false],openTime=2018-05-31 16:22:00[34/80]
[G][05-31 16:25:03][xypoker] fetching ..... [18053148][ing=false],openTime=2018-05-31 16:22:00[35/80]
[G][05-31 16:25:08][xypoker] fetching ..... [18053148][ing=false],openTime=2018-05-31 16:22:00[36/80]
[G][05-31 16:25:13][xypoker] fetching ..... [18053148][ing=false],openTime=2018-05-31 16:22:00[37/80]
[G][05-31 16:25:23][xypoker] fetching ..... [18053148][ing=false],openTime=2018-05-31 16:22:00[38/80]
[G][05-31 16:25:24][xypoker] fetching ..... [18053148][ing=false],openTime=2018-05-31 16:22:00[39/80]
[G][05-31 16:25:29][xypoker] fetching ..... [18053148][ing=false],openTime=2018-05-31 16:22:00[40/80]
[G][05-31 16:25:44][xypoker] fetching ..... [18053148][ing=false],openTime=2018-05-31 16:22:00[41/80]
[G][05-31 16:25:45][xypoker] fetching ..... [18053148][ing=false],openTime=2018-05-31 16:22:00[42/80]
[G][05-31 16:25:52][xypoker] fetching ..... [18053148][ing=false],openTime=2018-05-31 16:22:00[43/80]
[G][05-31 16:25:56][xypoker] fetching ..... [18053148][ing=false],openTime=2018-05-31 16:22:00[44/80]
[G][05-31 16:26:00][xypoker] fetching ..... [18053148][ing=false],openTime=2018-05-31 16:22:00[45/80]
[G][05-31 16:26:17][xypoker] fetching ..... [18053148][ing=false],openTime=2018-05-31 16:22:00[46/80]
[G][05-31 16:26:18][xypoker] fetching ..... [18053148][ing=false],openTime=2018-05-31 16:22:00[47/80]
[G][05-31 16:27:41][xypoker] fetching ..... [18053148][ing=false],openTime=2018-05-31 16:22:00[48/80]
[G][05-31 16:27:43][xypoker] fetching ..... [18053148][ing=false],openTime=2018-05-31 16:22:00[49/80]
[G][05-31 16:27:48][xypoker] fetching ..... [18053148][ing=false],openTime=2018-05-31 16:22:00[50/80]
[G][05-31 16:27:53][xypoker] fetching ..... [18053148][ing=false],openTime=2018-05-31 16:22:00[51/80]
[G][05-31 16:29:13][xypoker] fetching ..... [18053148][ing=false],openTime=2018-05-31 16:22:00[52/80]
[G][05-31 16:29:15][xypoker] fetching ..... [18053148][ing=false],openTime=2018-05-31 16:22:00[53/80]
[G][05-31 16:29:20][xypoker] fetching ..... [18053148][ing=false],openTime=2018-05-31 16:22:00[54/80]
[G][05-31 16:29:25][xypoker] fetching ..... [18053148][ing=false],openTime=2018-05-31 16:22:00[55/80]
[G][05-31 16:29:30][xypoker] fetching ..... [18053148][ing=false],openTime=2018-05-31 16:22:00[56/80]
[G][05-31 16:29:35][xypoker] fetching ..... [18053148][ing=false],openTime=2018-05-31 16:22:00[57/80]
[G][05-31 16:29:41][xypoker] fetching ..... [18053148][ing=false],openTime=2018-05-31 16:22:00[58/80]
[G][05-31 16:29:45][xypoker] fetching ..... [18053148][ing=false],openTime=2018-05-31 16:22:00[59/80]
[G][05-31 16:29:51][xypoker] fetching ..... [18053148][ing=false],openTime=2018-05-31 16:22:00[60/80]
[G][05-31 16:29:55][xypoker] fetching ..... [18053148][ing=false],openTime=2018-05-31 16:22:00[61/80]
[G][05-31 16:30:00][xypoker] fetching ..... [18053148][ing=false],openTime=2018-05-31 16:22:00[62/80]
[G][05-31 16:30:07][xypoker] fetching ..... [18053148][ing=false],openTime=2018-05-31 16:22:00[63/80]
[G][05-31 16:30:21][xypoker] fetching ..... [18053148][ing=false],openTime=2018-05-31 16:22:00[64/80]
[G][05-31 16:30:24][xypoker] fetching ..... [18053148][ing=false],openTime=2018-05-31 16:22:00[65/80]
[G][05-31 16:30:27][xypoker] init session[2445ms]
[G][05-31 16:30:50][xypoker] fetching ..... [18053148][ing=false],openTime=2018-05-31 16:22:00[66/80]
[G][05-31 16:30:54][xypoker] fetching ..... [18053148][ing=false],openTime=2018-05-31 16:22:00[67/80]
[G][05-31 16:31:00][xypoker] fetching ..... [18053148][ing=false],openTime=2018-05-31 16:22:00[68/80]
[G][05-31 16:31:03][xypoker] fetching ..... [18053148][ing=false],openTime=2018-05-31 16:22:00[69/80]
[G][05-31 16:31:08][xypoker] fetching ..... [18053148][ing=false],openTime=2018-05-31 16:22:00[70/80]
[G][05-31 16:31:13][xypoker] fetching ..... [18053148][ing=false],openTime=2018-05-31 16:22:00[71/80]
[G][05-31 16:32:00][xypoker] timer launch .....
[G][05-31 16:32:11][xypoker] fetching ..... [18053149][ing=false],openTime=2018-05-31 16:32:00[1/80]
[G][05-31 16:32:13][xypoker] fetching ..... [18053149][ing=false],openTime=2018-05-31 16:32:00[2/80]
[G][05-31 16:32:18][xypoker] fetching ..... [18053149][ing=false],openTime=2018-05-31 16:32:00[3/80]
[G][05-31 16:32:23][xypoker] fetching ..... [18053149][ing=false],openTime=2018-05-31 16:32:00[4/80]
[G][05-31 16:32:35][xypoker] fetching ..... [18053149][ing=false],openTime=2018-05-31 16:32:00[5/80]
[G][05-31 16:32:37][xypoker] fetching ..... [18053149][ing=false],openTime=2018-05-31 16:32:00[6/80]
[G][05-31 16:32:41][xypoker] fetching ..... [18053149][ing=false],openTime=2018-05-31 16:32:00[7/80]
[G][05-31 16:32:47][xypoker] fetching ..... [18053149][ing=false],openTime=2018-05-31 16:32:00[8/80]
[G][05-31 16:32:51][xypoker] fetching ..... [18053149][ing=false],openTime=2018-05-31 16:32:00[9/80]
[G][05-31 16:32:56][xypoker] fetching ..... [18053149][ing=false],openTime=2018-05-31 16:32:00[10/80]
[G][05-31 16:33:10][xypoker] fetching ..... [18053149][ing=false],openTime=2018-05-31 16:32:00[11/80]
[G][05-31 16:33:12][xypoker] fetching ..... [18053149][ing=false],openTime=2018-05-31 16:32:00[12/80]
[G][05-31 16:33:29][xypoker] fetching ..... [18053149][ing=false],openTime=2018-05-31 16:32:00[13/80]
[G][05-31 16:33:32][xypoker] fetching ..... [18053149][ing=false],openTime=2018-05-31 16:32:00[14/80]
[G][05-31 16:33:37][xypoker] fetching ..... [18053149][ing=false],openTime=2018-05-31 16:32:00[15/80]
[G][05-31 16:33:44][xypoker] fetching ..... [18053149][ing=false],openTime=2018-05-31 16:32:00[16/80]
[G][05-31 16:33:46][xypoker] fetching ..... [18053149][ing=false],openTime=2018-05-31 16:32:00[17/80]
[G][05-31 16:33:52][xypoker] fetching ..... [18053149][ing=false],openTime=2018-05-31 16:32:00[18/80]
[G][05-31 16:33:56][xypoker] fetching ..... [18053149][ing=false],openTime=2018-05-31 16:32:00[19/80]
[G][05-31 16:34:01][xypoker] fetching ..... [18053149][ing=false],openTime=2018-05-31 16:32:00[20/80]
[G][05-31 16:34:07][xypoker] fetching ..... [18053149][ing=false],openTime=2018-05-31 16:32:00[21/80]
[G][05-31 16:34:11][xypoker] fetching ..... [18053149][ing=false],openTime=2018-05-31 16:32:00[22/80]
[G][05-31 16:34:16][xypoker] fetching ..... [18053149][ing=false],openTime=2018-05-31 16:32:00[23/80]
[G][05-31 16:34:21][xypoker] fetching ..... [18053149][ing=false],openTime=2018-05-31 16:32:00[24/80]
[G][05-31 16:34:26][xypoker] fetching ..... [18053149][ing=false],openTime=2018-05-31 16:32:00[25/80]
[G][05-31 16:34:31][xypoker] fetching ..... [18053149][ing=false],openTime=2018-05-31 16:32:00[26/80]
[G][05-31 16:34:36][xypoker] fetching ..... [18053149][ing=false],openTime=2018-05-31 16:32:00[27/80]
[G][05-31 16:34:42][xypoker] fetching ..... [18053149][ing=false],openTime=2018-05-31 16:32:00[28/80]
[G][05-31 16:34:47][xypoker] fetching ..... [18053149][ing=false],openTime=2018-05-31 16:32:00[29/80]
[G][05-31 16:34:51][xypoker] fetching ..... [18053149][ing=false],openTime=2018-05-31 16:32:00[30/80]
[G][05-31 16:34:57][xypoker] fetching ..... [18053149][ing=false],openTime=2018-05-31 16:32:00[31/80]
[G][05-31 16:35:01][xypoker] fetching ..... [18053149][ing=false],openTime=2018-05-31 16:32:00[32/80]
[G][05-31 16:35:06][xypoker] fetching ..... [18053149][ing=false],openTime=2018-05-31 16:32:00[33/80]
[G][05-31 16:35:12][xypoker] fetching ..... [18053149][ing=false],openTime=2018-05-31 16:32:00[34/80]
[G][05-31 16:35:16][xypoker] fetching ..... [18053149][ing=false],openTime=2018-05-31 16:32:00[35/80]
[G][05-31 16:35:22][xypoker] fetching ..... [18053149][ing=false],openTime=2018-05-31 16:32:00[36/80]
[G][05-31 16:35:26][xypoker] fetching ..... [18053149][ing=false],openTime=2018-05-31 16:32:00[37/80]
[G][05-31 16:35:31][xypoker] fetching ..... [18053149][ing=false],openTime=2018-05-31 16:32:00[38/80]
[G][05-31 16:35:36][xypoker] fetching ..... [18053149][ing=false],openTime=2018-05-31 16:32:00[39/80]
[G][05-31 16:35:41][xypoker] fetching ..... [18053149][ing=false],openTime=2018-05-31 16:32:00[40/80]
[G][05-31 16:35:46][xypoker] fetching ..... [18053149][ing=false],openTime=2018-05-31 16:32:00[41/80]
[G][05-31 16:35:51][xypoker] fetching ..... [18053149][ing=false],openTime=2018-05-31 16:32:00[42/80]
[G][05-31 16:35:56][xypoker] fetching ..... [18053149][ing=false],openTime=2018-05-31 16:32:00[43/80]
[G][05-31 16:36:03][xypoker] fetching ..... [18053149][ing=false],openTime=2018-05-31 16:32:00[44/80]
[G][05-31 16:36:06][xypoker] fetching ..... [18053149][ing=false],openTime=2018-05-31 16:32:00[45/80]
[G][05-31 16:36:11][xypoker] fetching ..... [18053149][ing=false],openTime=2018-05-31 16:32:00[46/80]
[G][05-31 16:37:12][xypoker] fetching ..... [18053149][ing=false],openTime=2018-05-31 16:32:00[47/80]
[G][05-31 16:37:14][xypoker] fetching ..... [18053149][ing=false],openTime=2018-05-31 16:32:00[48/80]
[G][05-31 16:37:22][xypoker] fetching ..... [18053149][ing=false],openTime=2018-05-31 16:32:00[49/80]
[G][05-31 16:37:25][xypoker] fetching ..... [18053149][ing=false],openTime=2018-05-31 16:32:00[50/80]
[G][05-31 16:37:43][xypoker] fetching ..... [18053149][ing=false],openTime=2018-05-31 16:32:00[51/80]
[G][05-31 16:37:44][xypoker] fetching ..... [18053149][ing=false],openTime=2018-05-31 16:32:00[52/80]
[G][05-31 16:37:48][xypoker] fetching ..... [18053149][ing=false],openTime=2018-05-31 16:32:00[53/80]
[G][05-31 16:37:53][xypoker] fetching ..... [18053149][ing=false],openTime=2018-05-31 16:32:00[54/80]
[G][05-31 16:37:58][xypoker] fetching ..... [18053149][ing=false],openTime=2018-05-31 16:32:00[55/80]
[G][05-31 16:38:10][xypoker] fetching ..... [18053149][ing=false],openTime=2018-05-31 16:32:00[56/80]
[G][05-31 16:38:10][xypoker] fetching ..... [18053149][ing=false],openTime=2018-05-31 16:32:00[57/80]
[G][05-31 16:38:15][xypoker] fetching ..... [18053149][ing=false],openTime=2018-05-31 16:32:00[58/80]
[G][05-31 16:38:20][xypoker] fetching ..... [18053149][ing=false],openTime=2018-05-31 16:32:00[59/80]
[G][05-31 16:38:29][xypoker] fetching ..... [18053149][ing=false],openTime=2018-05-31 16:32:00[60/80]
[G][05-31 16:38:32][xypoker] fetching ..... [18053149][ing=false],openTime=2018-05-31 16:32:00[61/80]
[G][05-31 16:38:35][xypoker] fetching ..... [18053149][ing=false],openTime=2018-05-31 16:32:00[62/80]
[G][05-31 16:38:40][xypoker] fetching ..... [18053149][ing=false],openTime=2018-05-31 16:32:00[63/80]
[G][05-31 16:38:45][xypoker] fetching ..... [18053149][ing=false],openTime=2018-05-31 16:32:00[64/80]
[G][05-31 16:38:50][xypoker] fetching ..... [18053149][ing=false],openTime=2018-05-31 16:32:00[65/80]
[G][05-31 16:38:55][xypoker] fetching ..... [18053149][ing=false],openTime=2018-05-31 16:32:00[66/80]
[G][05-31 16:39:05][xypoker] fetching ..... [18053149][ing=false],openTime=2018-05-31 16:32:00[67/80]
[G][05-31 16:39:06][xypoker] fetching ..... [18053149][ing=false],openTime=2018-05-31 16:32:00[68/80]
[G][05-31 16:39:11][xypoker] fetching ..... [18053149][ing=false],openTime=2018-05-31 16:32:00[69/80]
[G][05-31 16:39:27][xypoker] fetching ..... [18053149][ing=false],openTime=2018-05-31 16:32:00[70/80]
[G][05-31 16:39:28][xypoker] fetching ..... [18053149][ing=false],openTime=2018-05-31 16:32:00[71/80]
[G][05-31 16:39:33][xypoker] fetching ..... [18053149][ing=false],openTime=2018-05-31 16:32:00[72/80]
[G][05-31 16:39:38][xypoker] fetching ..... [18053149][ing=false],openTime=2018-05-31 16:32:00[73/80]
[G][05-31 16:39:43][xypoker] fetching ..... [18053149][ing=false],openTime=2018-05-31 16:32:00[74/80]
[G][05-31 16:39:48][xypoker] fetching ..... [18053149][ing=false],openTime=2018-05-31 16:32:00[75/80]
[G][05-31 16:39:55][xypoker] fetching ..... [18053149][ing=false],openTime=2018-05-31 16:32:00[76/80]
[G][05-31 16:39:58][xypoker] fetching ..... [18053149][ing=false],openTime=2018-05-31 16:32:00[77/80]
[G][05-31 16:40:03][xypoker] fetching ..... [18053149][ing=false],openTime=2018-05-31 16:32:00[78/80]
[G][05-31 16:40:08][xypoker] fetching ..... [18053149][ing=false],openTime=2018-05-31 16:32:00[79/80]
[G][05-31 16:40:14][xypoker] fetching ..... [18053149][ing=false],openTime=2018-05-31 16:32:00[80/80]
[G][05-31 16:40:18][xypoker] fetch over maxCount [81>80]
[G][05-31 16:40:18][xypoker] timer clear .....
[G][05-31 16:42:00][xypoker] timer launch .....
[G][05-31 16:42:11][xypoker] fetching ..... [18053150][ing=false],openTime=2018-05-31 16:42:00[1/80]
[G][05-31 16:42:12][xypoker] fetching ..... [18053150][ing=false],openTime=2018-05-31 16:42:00[2/80]
[G][05-31 16:42:17][xypoker] fetching ..... [18053150][ing=false],openTime=2018-05-31 16:42:00[3/80]
[G][05-31 16:42:22][xypoker] fetching ..... [18053150][ing=false],openTime=2018-05-31 16:42:00[4/80]
[G][05-31 16:42:43][xypoker] fetching ..... [18053150][ing=false],openTime=2018-05-31 16:42:00[5/80]
[G][05-31 16:42:43][xypoker] fetching ..... [18053150][ing=false],openTime=2018-05-31 16:42:00[6/80]
[G][05-31 16:42:48][xypoker] fetching ..... [18053150][ing=false],openTime=2018-05-31 16:42:00[7/80]
[G][05-31 16:42:53][xypoker] fetching ..... [18053150][ing=false],openTime=2018-05-31 16:42:00[8/80]
[G][05-31 16:42:59][xypoker] fetching ..... [18053150][ing=false],openTime=2018-05-31 16:42:00[9/80]
[G][05-31 16:43:03][xypoker] fetching ..... [18053150][ing=false],openTime=2018-05-31 16:42:00[10/80]
[G][05-31 16:43:09][xypoker] fetching ..... [18053150][ing=false],openTime=2018-05-31 16:42:00[11/80]
[G][05-31 16:43:14][xypoker] fetching ..... [18053150][ing=false],openTime=2018-05-31 16:42:00[12/80]
[G][05-31 16:43:18][xypoker] fetching ..... [18053150][ing=false],openTime=2018-05-31 16:42:00[13/80]
[G][05-31 16:43:24][xypoker] fetching ..... [18053150][ing=false],openTime=2018-05-31 16:42:00[14/80]
[G][05-31 16:43:28][xypoker] fetching ..... [18053150][ing=false],openTime=2018-05-31 16:42:00[15/80]
[G][05-31 16:43:33][xypoker] fetching ..... [18053150][ing=false],openTime=2018-05-31 16:42:00[16/80]
[G][05-31 16:43:38][xypoker] fetching ..... [18053150][ing=false],openTime=2018-05-31 16:42:00[17/80]
[G][05-31 16:43:43][xypoker] fetching ..... [18053150][ing=false],openTime=2018-05-31 16:42:00[18/80]
[G][05-31 16:43:48][xypoker] fetching ..... [18053150][ing=false],openTime=2018-05-31 16:42:00[19/80]
[G][05-31 16:43:53][xypoker] fetching ..... [18053150][ing=false],openTime=2018-05-31 16:42:00[20/80]
[G][05-31 16:43:59][xypoker] fetching ..... [18053150][ing=false],openTime=2018-05-31 16:42:00[21/80]
[G][05-31 16:44:03][xypoker] fetching ..... [18053150][ing=false],openTime=2018-05-31 16:42:00[22/80]
[G][05-31 16:44:10][xypoker] fetching ..... [18053150][ing=false],openTime=2018-05-31 16:42:00[23/80]
[G][05-31 16:44:13][xypoker] fetching ..... [18053150][ing=false],openTime=2018-05-31 16:42:00[24/80]
[G][05-31 16:44:18][xypoker] fetching ..... [18053150][ing=false],openTime=2018-05-31 16:42:00[25/80]
[G][05-31 16:44:23][xypoker] fetching ..... [18053150][ing=false],openTime=2018-05-31 16:42:00[26/80]
[G][05-31 16:44:28][xypoker] fetching ..... [18053150][ing=false],openTime=2018-05-31 16:42:00[27/80]
[G][05-31 16:44:34][xypoker] fetching ..... [18053150][ing=false],openTime=2018-05-31 16:42:00[28/80]
[G][05-31 16:44:39][xypoker] fetching ..... [18053150][ing=false],openTime=2018-05-31 16:42:00[29/80]
[G][05-31 16:44:45][xypoker] fetching ..... [18053150][ing=false],openTime=2018-05-31 16:42:00[30/80]
[G][05-31 16:44:49][xypoker] fetching ..... [18053150][ing=false],openTime=2018-05-31 16:42:00[31/80]
[G][05-31 16:44:53][xypoker] fetching ..... [18053150][ing=false],openTime=2018-05-31 16:42:00[32/80]
[G][05-31 16:44:58][xypoker] fetching ..... [18053150][ing=false],openTime=2018-05-31 16:42:00[33/80]
[G][05-31 16:45:03][xypoker] fetching ..... [18053150][ing=false],openTime=2018-05-31 16:42:00[34/80]
[G][05-31 16:45:08][xypoker] fetching ..... [18053150][ing=false],openTime=2018-05-31 16:42:00[35/80]
[G][05-31 16:45:13][xypoker] fetching ..... [18053150][ing=false],openTime=2018-05-31 16:42:00[36/80]
[G][05-31 16:45:18][xypoker] fetching ..... [18053150][ing=false],openTime=2018-05-31 16:42:00[37/80]
[G][05-31 16:45:24][xypoker] fetching ..... [18053150][ing=false],openTime=2018-05-31 16:42:00[38/80]
[G][05-31 16:45:38][xypoker] fetching ..... [18053150][ing=false],openTime=2018-05-31 16:42:00[39/80]
[G][05-31 16:45:39][xypoker] fetching ..... [18053150][ing=false],openTime=2018-05-31 16:42:00[40/80]
[G][05-31 16:45:44][xypoker] fetching ..... [18053150][ing=false],openTime=2018-05-31 16:42:00[41/80]
[G][05-31 16:45:49][xypoker] fetching ..... [18053150][ing=false],openTime=2018-05-31 16:42:00[42/80]
[G][05-31 16:45:54][xypoker] fetching ..... [18053150][ing=false],openTime=2018-05-31 16:42:00[43/80]
[G][05-31 16:45:59][xypoker] fetching ..... [18053150][ing=false],openTime=2018-05-31 16:42:00[44/80]
[G][05-31 16:46:04][xypoker] fetching ..... [18053150][ing=false],openTime=2018-05-31 16:42:00[45/80]
[G][05-31 16:46:09][xypoker] fetching ..... [18053150][ing=false],openTime=2018-05-31 16:42:00[46/80]
[G][05-31 16:46:14][xypoker] fetching ..... [18053150][ing=false],openTime=2018-05-31 16:42:00[47/80]
[G][05-31 16:46:19][xypoker] fetching ..... [18053150][ing=false],openTime=2018-05-31 16:42:00[48/80]
[G][05-31 16:46:24][xypoker] fetching ..... [18053150][ing=false],openTime=2018-05-31 16:42:00[49/80]
[G][05-31 16:46:29][xypoker] fetching ..... [18053150][ing=false],openTime=2018-05-31 16:42:00[50/80]
[G][05-31 16:46:34][xypoker] fetching ..... [18053150][ing=false],openTime=2018-05-31 16:42:00[51/80]
[G][05-31 16:46:39][xypoker] fetching ..... [18053150][ing=false],openTime=2018-05-31 16:42:00[52/80]
[G][05-31 16:46:44][xypoker] fetching ..... [18053150][ing=false],openTime=2018-05-31 16:42:00[53/80]
[G][05-31 16:46:50][xypoker] fetching ..... [18053150][ing=false],openTime=2018-05-31 16:42:00[54/80]
[G][05-31 16:46:55][xypoker] fetching ..... [18053150][ing=false],openTime=2018-05-31 16:42:00[55/80]
[G][05-31 16:46:59][xypoker] fetching ..... [18053150][ing=false],openTime=2018-05-31 16:42:00[56/80]
[G][05-31 16:47:04][xypoker] fetching ..... [18053150][ing=false],openTime=2018-05-31 16:42:00[57/80]
[G][05-31 16:47:09][xypoker] fetching ..... [18053150][ing=false],openTime=2018-05-31 16:42:00[58/80]
[G][05-31 16:47:14][xypoker] fetching ..... [18053150][ing=false],openTime=2018-05-31 16:42:00[59/80]
[G][05-31 16:47:19][xypoker] fetching ..... [18053150][ing=false],openTime=2018-05-31 16:42:00[60/80]
[G][05-31 16:47:24][xypoker] fetching ..... [18053150][ing=false],openTime=2018-05-31 16:42:00[61/80]
[G][05-31 16:47:29][xypoker] fetching ..... [18053150][ing=false],openTime=2018-05-31 16:42:00[62/80]
[G][05-31 16:47:35][xypoker] fetching ..... [18053150][ing=false],openTime=2018-05-31 16:42:00[63/80]
[G][05-31 16:47:40][xypoker] fetching ..... [18053150][ing=false],openTime=2018-05-31 16:42:00[64/80]
[G][05-31 16:47:44][xypoker] fetching ..... [18053150][ing=false],openTime=2018-05-31 16:42:00[65/80]
[G][05-31 16:47:49][xypoker] fetching ..... [18053150][ing=false],openTime=2018-05-31 16:42:00[66/80]
[G][05-31 16:47:54][xypoker] fetching ..... [18053150][ing=false],openTime=2018-05-31 16:42:00[67/80]
[G][05-31 16:47:59][xypoker] fetching ..... [18053150][ing=false],openTime=2018-05-31 16:42:00[68/80]
[G][05-31 16:48:04][xypoker] fetching ..... [18053150][ing=false],openTime=2018-05-31 16:42:00[69/80]
[G][05-31 16:48:09][xypoker] fetching ..... [18053150][ing=false],openTime=2018-05-31 16:42:00[70/80]
[G][05-31 16:48:14][xypoker] fetching ..... [18053150][ing=false],openTime=2018-05-31 16:42:00[71/80]
[G][05-31 16:48:19][xypoker] fetching ..... [18053150][ing=false],openTime=2018-05-31 16:42:00[72/80]
[G][05-31 16:48:24][xypoker] fetching ..... [18053150][ing=false],openTime=2018-05-31 16:42:00[73/80]
[G][05-31 16:48:29][xypoker] fetching ..... [18053150][ing=false],openTime=2018-05-31 16:42:00[74/80]
[G][05-31 16:48:34][xypoker] fetching ..... [18053150][ing=false],openTime=2018-05-31 16:42:00[75/80]
[G][05-31 16:48:39][xypoker] fetching ..... [18053150][ing=false],openTime=2018-05-31 16:42:00[76/80]
[G][05-31 16:48:45][xypoker] fetching ..... [18053150][ing=false],openTime=2018-05-31 16:42:00[77/80]
[G][05-31 16:48:49][xypoker] fetching ..... [18053150][ing=false],openTime=2018-05-31 16:42:00[78/80]
[G][05-31 16:48:55][xypoker] fetching ..... [18053150][ing=false],openTime=2018-05-31 16:42:00[79/80]
[G][05-31 16:48:59][xypoker] fetching ..... [18053150][ing=false],openTime=2018-05-31 16:42:00[80/80]
[G][05-31 16:49:05][xypoker] fetch over maxCount [81>80]
[G][05-31 16:49:05][xypoker] timer clear .....
[G][05-31 16:52:00][xypoker] timer launch .....
[G][05-31 16:52:11][xypoker] fetching ..... [18053151][ing=false],openTime=2018-05-31 16:52:00[1/80]
[G][05-31 16:52:13][xypoker] fetching ..... [18053151][ing=false],openTime=2018-05-31 16:52:00[2/80]
[G][05-31 16:52:17][xypoker] fetching ..... [18053151][ing=false],openTime=2018-05-31 16:52:00[3/80]
[G][05-31 16:52:22][xypoker] fetching ..... [18053151][ing=false],openTime=2018-05-31 16:52:00[4/80]
[G][05-31 16:52:27][xypoker] fetching ..... [18053151][ing=false],openTime=2018-05-31 16:52:00[5/80]
[G][05-31 16:52:50][xypoker] fetching ..... [18053151][ing=false],openTime=2018-05-31 16:52:00[6/80]
[G][05-31 16:52:51][xypoker] fetching ..... [18053151][ing=false],openTime=2018-05-31 16:52:00[7/80]
[G][05-31 16:52:56][xypoker] fetching ..... [18053151][ing=false],openTime=2018-05-31 16:52:00[8/80]
[G][05-31 16:53:08][xypoker] fetching ..... [18053151][ing=false],openTime=2018-05-31 16:52:00[9/80]
[G][05-31 16:53:09][xypoker] fetching ..... [18053151][ing=false],openTime=2018-05-31 16:52:00[10/80]
[G][05-31 16:53:15][xypoker] fetching ..... [18053151][ing=false],openTime=2018-05-31 16:52:00[11/80]
[G][05-31 16:53:20][xypoker] fetching ..... [18053151][ing=false],openTime=2018-05-31 16:52:00[12/80]
[G][05-31 16:53:26][xypoker] fetching ..... [18053151][ing=false],openTime=2018-05-31 16:52:00[13/80]
[G][05-31 16:53:30][xypoker] fetching ..... [18053151][ing=false],openTime=2018-05-31 16:52:00[14/80]
[G][05-31 16:53:54][xypoker] fetching ..... [18053151][ing=false],openTime=2018-05-31 16:52:00[15/80]
[G][05-31 16:53:56][xypoker] fetching ..... [18053151][ing=false],openTime=2018-05-31 16:52:00[16/80]
[G][05-31 16:53:59][xypoker] fetching ..... [18053151][ing=false],openTime=2018-05-31 16:52:00[17/80]
[G][05-31 16:54:05][xypoker] fetching ..... [18053151][ing=false],openTime=2018-05-31 16:52:00[18/80]
[G][05-31 16:54:10][xypoker] fetching ..... [18053151][ing=false],openTime=2018-05-31 16:52:00[19/80]
[G][05-31 16:54:15][xypoker] fetching ..... [18053151][ing=false],openTime=2018-05-31 16:52:00[20/80]
[G][05-31 16:54:19][xypoker] fetching ..... [18053151][ing=false],openTime=2018-05-31 16:52:00[21/80]
[G][05-31 16:54:25][xypoker] fetching ..... [18053151][ing=false],openTime=2018-05-31 16:52:00[22/80]
[G][05-31 16:54:29][xypoker] fetching ..... [18053151][ing=false],openTime=2018-05-31 16:52:00[23/80]
[G][05-31 16:54:34][xypoker] fetching ..... [18053151][ing=false],openTime=2018-05-31 16:52:00[24/80]
[G][05-31 16:54:39][xypoker] fetching ..... [18053151][ing=false],openTime=2018-05-31 16:52:00[25/80]
[G][05-31 16:54:44][xypoker] fetching ..... [18053151][ing=false],openTime=2018-05-31 16:52:00[26/80]
[G][05-31 16:54:49][xypoker] fetching ..... [18053151][ing=false],openTime=2018-05-31 16:52:00[27/80]
[G][05-31 16:54:55][xypoker] fetching ..... [18053151][ing=false],openTime=2018-05-31 16:52:00[28/80]
[G][05-31 16:56:11][xypoker] fetching ..... [18053151][ing=false],openTime=2018-05-31 16:52:00[29/80]
[G][05-31 16:56:12][xypoker] fetching ..... [18053151][ing=false],openTime=2018-05-31 16:52:00[30/80]
[G][05-31 16:56:17][xypoker] fetching ..... [18053151][ing=false],openTime=2018-05-31 16:52:00[31/80]
[G][05-31 16:56:22][xypoker] fetching ..... [18053151][ing=false],openTime=2018-05-31 16:52:00[32/80]
[G][05-31 16:56:28][xypoker] fetching ..... [18053151][ing=false],openTime=2018-05-31 16:52:00[33/80]
[G][05-31 16:56:32][xypoker] fetching ..... [18053151][ing=false],openTime=2018-05-31 16:52:00[34/80]
[G][05-31 16:56:37][xypoker] fetching ..... [18053151][ing=false],openTime=2018-05-31 16:52:00[35/80]
[G][05-31 16:56:42][xypoker] fetching ..... [18053151][ing=false],openTime=2018-05-31 16:52:00[36/80]
[G][05-31 16:56:48][xypoker] fetching ..... [18053151][ing=false],openTime=2018-05-31 16:52:00[37/80]
[G][05-31 16:56:55][xypoker] fetching ..... [18053151][ing=false],openTime=2018-05-31 16:52:00[38/80]
[G][05-31 16:56:58][xypoker] fetching ..... [18053151][ing=false],openTime=2018-05-31 16:52:00[39/80]
[G][05-31 16:57:03][xypoker] fetching ..... [18053151][ing=false],openTime=2018-05-31 16:52:00[40/80]
[G][05-31 16:57:07][xypoker] fetching ..... [18053151][ing=false],openTime=2018-05-31 16:52:00[41/80]
[G][05-31 16:57:23][xypoker] fetching ..... [18053151][ing=false],openTime=2018-05-31 16:52:00[42/80]
[G][05-31 16:57:24][xypoker] fetching ..... [18053151][ing=false],openTime=2018-05-31 16:52:00[43/80]
[G][05-31 16:57:29][xypoker] fetching ..... [18053151][ing=false],openTime=2018-05-31 16:52:00[44/80]
[G][05-31 16:57:34][xypoker] fetching ..... [18053151][ing=false],openTime=2018-05-31 16:52:00[45/80]
[G][05-31 16:57:39][xypoker] fetching ..... [18053151][ing=false],openTime=2018-05-31 16:52:00[46/80]
[G][05-31 16:57:44][xypoker] fetching ..... [18053151][ing=false],openTime=2018-05-31 16:52:00[47/80]
[G][05-31 16:57:50][xypoker] fetching ..... [18053151][ing=false],openTime=2018-05-31 16:52:00[48/80]
[G][05-31 16:57:54][xypoker] fetching ..... [18053151][ing=false],openTime=2018-05-31 16:52:00[49/80]
[G][05-31 16:57:59][xypoker] fetching ..... [18053151][ing=false],openTime=2018-05-31 16:52:00[50/80]
[G][05-31 16:58:04][xypoker] fetching ..... [18053151][ing=false],openTime=2018-05-31 16:52:00[51/80]
[G][05-31 16:58:09][xypoker] fetching ..... [18053151][ing=false],openTime=2018-05-31 16:52:00[52/80]
[G][05-31 16:58:14][xypoker] fetching ..... [18053151][ing=false],openTime=2018-05-31 16:52:00[53/80]
[G][05-31 16:58:19][xypoker] fetching ..... [18053151][ing=false],openTime=2018-05-31 16:52:00[54/80]
[G][05-31 16:58:24][xypoker] fetching ..... [18053151][ing=false],openTime=2018-05-31 16:52:00[55/80]
[G][05-31 16:58:29][xypoker] fetching ..... [18053151][ing=false],openTime=2018-05-31 16:52:00[56/80]
[G][05-31 16:58:35][xypoker] fetching ..... [18053151][ing=false],openTime=2018-05-31 16:52:00[57/80]
[G][05-31 16:58:39][xypoker] fetching ..... [18053151][ing=false],openTime=2018-05-31 16:52:00[58/80]
[G][05-31 16:58:44][xypoker] fetching ..... [18053151][ing=false],openTime=2018-05-31 16:52:00[59/80]
[G][05-31 16:58:49][xypoker] fetching ..... [18053151][ing=false],openTime=2018-05-31 16:52:00[60/80]
[G][05-31 16:58:54][xypoker] fetching ..... [18053151][ing=false],openTime=2018-05-31 16:52:00[61/80]
[G][05-31 16:58:59][xypoker] fetching ..... [18053151][ing=false],openTime=2018-05-31 16:52:00[62/80]
[G][05-31 16:59:04][xypoker] fetching ..... [18053151][ing=false],openTime=2018-05-31 16:52:00[63/80]
[G][05-31 16:59:10][xypoker] fetching ..... [18053151][ing=false],openTime=2018-05-31 16:52:00[64/80]
[G][05-31 16:59:14][xypoker] fetching ..... [18053151][ing=false],openTime=2018-05-31 16:52:00[65/80]
[G][05-31 16:59:19][xypoker] fetching ..... [18053151][ing=false],openTime=2018-05-31 16:52:00[66/80]
[G][05-31 16:59:24][xypoker] fetching ..... [18053151][ing=false],openTime=2018-05-31 16:52:00[67/80]
[G][05-31 16:59:29][xypoker] fetching ..... [18053151][ing=false],openTime=2018-05-31 16:52:00[68/80]
[G][05-31 16:59:35][xypoker] fetching ..... [18053151][ing=false],openTime=2018-05-31 16:52:00[69/80]
[G][05-31 16:59:40][xypoker] fetching ..... [18053151][ing=false],openTime=2018-05-31 16:52:00[70/80]
[G][05-31 16:59:44][xypoker] fetching ..... [18053151][ing=false],openTime=2018-05-31 16:52:00[71/80]
[G][05-31 16:59:49][xypoker] fetching ..... [18053151][ing=false],openTime=2018-05-31 16:52:00[72/80]
[G][05-31 16:59:54][xypoker] fetching ..... [18053151][ing=false],openTime=2018-05-31 16:52:00[73/80]
[G][05-31 17:00:00][xypoker] fetching ..... [18053151][ing=false],openTime=2018-05-31 16:52:00[74/80]
[G][05-31 17:00:06][xypoker] fetching ..... [18053151][ing=false],openTime=2018-05-31 16:52:00[75/80]
[G][05-31 17:00:09][xypoker] fetching ..... [18053151][ing=false],openTime=2018-05-31 16:52:00[76/80]
[G][05-31 17:00:13][xypoker] init session[737ms]
[G][05-31 17:00:16][xypoker] fetching ..... [18053151][ing=false],openTime=2018-05-31 16:52:00[77/80]
[G][05-31 17:00:19][xypoker] fetching ..... [18053151][ing=false],openTime=2018-05-31 16:52:00[78/80]
[G][05-31 17:00:25][xypoker] fetching ..... [18053151][ing=false],openTime=2018-05-31 16:52:00[79/80]
[G][05-31 17:00:30][xypoker] fetching ..... [18053151][ing=false],openTime=2018-05-31 16:52:00[80/80]
[G][05-31 17:00:39][xypoker] fetch over maxCount [81>80]
[G][05-31 17:00:39][xypoker] timer clear .....
[G][05-31 17:02:00][xypoker] timer launch .....
[G][05-31 17:02:06][xypoker] fetching ..... [18053152][ing=false],openTime=2018-05-31 17:02:00[1/80]
[G][05-31 17:02:07][xypoker] fetching ..... [18053152][ing=false],openTime=2018-05-31 17:02:00[2/80]
[G][05-31 17:02:12][xypoker] fetching ..... [18053152][ing=false],openTime=2018-05-31 17:02:00[3/80]
[G][05-31 17:02:18][xypoker] fetching ..... [18053152][ing=false],openTime=2018-05-31 17:02:00[4/80]
[G][05-31 17:02:22][xypoker] fetching ..... [18053152][ing=false],openTime=2018-05-31 17:02:00[5/80]
[G][05-31 17:02:27][xypoker] fetching ..... [18053152][ing=false],openTime=2018-05-31 17:02:00[6/80]
[G][05-31 17:02:32][xypoker] fetching ..... [18053152][ing=false],openTime=2018-05-31 17:02:00[7/80]
[G][05-31 18:22:00][xypoker] timer launch .....
[G][05-31 18:22:06][xypoker] fetching ..... [18053160][ing=false],openTime=2018-05-31 18:22:00[1/80]
[G][05-31 18:22:07][xypoker] fetching ..... [18053160][ing=false],openTime=2018-05-31 18:22:00[2/80]
[G][05-31 18:22:12][xypoker] fetching ..... [18053160][ing=false],openTime=2018-05-31 18:22:00[3/80]
[G][05-31 18:22:18][xypoker] fetching ..... [18053160][ing=false],openTime=2018-05-31 18:22:00[4/80]
[G][05-31 18:22:22][xypoker] fetching ..... [18053160][ing=false],openTime=2018-05-31 18:22:00[5/80]
[G][05-31 18:22:27][xypoker] fetching ..... [18053160][ing=false],openTime=2018-05-31 18:22:00[6/80]
[G][05-31 18:22:32][xypoker] fetching ..... [18053160][ing=false],openTime=2018-05-31 18:22:00[7/80]
[G][05-31 18:22:37][xypoker] fetching ..... [18053160][ing=false],openTime=2018-05-31 18:22:00[8/80]
[G][05-31 18:22:42][xypoker] fetching ..... [18053160][ing=false],openTime=2018-05-31 18:22:00[9/80]
[G][05-31 18:22:47][xypoker] fetching ..... [18053160][ing=false],openTime=2018-05-31 18:22:00[10/80]
[G][05-31 18:22:52][xypoker] fetching ..... [18053160][ing=false],openTime=2018-05-31 18:22:00[11/80]
[G][05-31 18:22:57][xypoker] fetching ..... [18053160][ing=false],openTime=2018-05-31 18:22:00[12/80]
[G][05-31 18:23:02][xypoker] fetching ..... [18053160][ing=false],openTime=2018-05-31 18:22:00[13/80]
[G][05-31 18:23:07][xypoker] fetching ..... [18053160][ing=false],openTime=2018-05-31 18:22:00[14/80]
[G][05-31 18:23:12][xypoker] fetching ..... [18053160][ing=false],openTime=2018-05-31 18:22:00[15/80]
[G][05-31 18:23:17][xypoker] fetching ..... [18053160][ing=false],openTime=2018-05-31 18:22:00[16/80]
[G][05-31 18:23:22][xypoker] fetching ..... [18053160][ing=false],openTime=2018-05-31 18:22:00[17/80]
[G][05-31 18:23:27][xypoker] fetching ..... [18053160][ing=false],openTime=2018-05-31 18:22:00[18/80]
[G][05-31 18:23:32][xypoker] fetching ..... [18053160][ing=false],openTime=2018-05-31 18:22:00[19/80]
[G][05-31 18:23:37][xypoker] fetching ..... [18053160][ing=false],openTime=2018-05-31 18:22:00[20/80]
[G][05-31 18:23:42][xypoker] fetching ..... [18053160][ing=false],openTime=2018-05-31 18:22:00[21/80]
[G][05-31 18:23:48][xypoker] fetching ..... [18053160][ing=false],openTime=2018-05-31 18:22:00[22/80]
[G][05-31 18:23:52][xypoker] fetching ..... [18053160][ing=false],openTime=2018-05-31 18:22:00[23/80]
[G][05-31 18:23:57][xypoker] fetching ..... [18053160][ing=false],openTime=2018-05-31 18:22:00[24/80]
[G][05-31 18:24:02][xypoker] fetching ..... [18053160][ing=false],openTime=2018-05-31 18:22:00[25/80]
[G][05-31 18:24:07][xypoker] fetching ..... [18053160][ing=false],openTime=2018-05-31 18:22:00[26/80]
[G][05-31 18:24:12][xypoker] fetching ..... [18053160][ing=false],openTime=2018-05-31 18:22:00[27/80]
[G][05-31 18:24:17][xypoker] fetching ..... [18053160][ing=false],openTime=2018-05-31 18:22:00[28/80]
[G][05-31 18:30:07][xypoker] init session[1368ms]
[G][05-31 18:32:00][xypoker] timer launch .....
[G][05-31 18:32:01][xypoker] fetching ..... [18053161][ing=false],openTime=2018-05-31 18:32:00[1/80]
[G][05-31 18:32:06][xypoker] fetching ..... [18053161][ing=false],openTime=2018-05-31 18:32:00[2/80]
[G][05-31 18:32:12][xypoker] fetching ..... [18053161][ing=false],openTime=2018-05-31 18:32:00[3/80]
[G][05-31 18:32:15][xypoker] fetching ..... [18053161][ing=false],openTime=2018-05-31 18:32:00[4/80]
[G][05-31 18:32:20][xypoker] fetching ..... [18053161][ing=false],openTime=2018-05-31 18:32:00[5/80]
[G][05-31 18:32:25][xypoker] fetching ..... [18053161][ing=false],openTime=2018-05-31 18:32:00[6/80]
[G][05-31 18:32:32][xypoker] fetching ..... [18053161][ing=false],openTime=2018-05-31 18:32:00[7/80]
[G][05-31 18:32:36][xypoker] fetching ..... [18053161][ing=false],openTime=2018-05-31 18:32:00[8/80]
[G][05-31 18:32:41][xypoker] fetching ..... [18053161][ing=false],openTime=2018-05-31 18:32:00[9/80]
[G][05-31 18:32:46][xypoker] fetching ..... [18053161][ing=false],openTime=2018-05-31 18:32:00[10/80]
[G][05-31 18:32:51][xypoker] fetching ..... [18053161][ing=false],openTime=2018-05-31 18:32:00[11/80]
[G][05-31 18:32:57][xypoker] fetching ..... [18053161][ing=false],openTime=2018-05-31 18:32:00[12/80]
[G][05-31 18:33:04][xypoker] fetching ..... [18053161][ing=false],openTime=2018-05-31 18:32:00[13/80]
[G][05-31 18:33:07][xypoker] fetching ..... [18053161][ing=false],openTime=2018-05-31 18:32:00[14/80]
[G][05-31 18:34:07][xypoker] fetching ..... [18053161][ing=false],openTime=2018-05-31 18:32:00[15/80]
[G][05-31 18:34:07][xypoker] fetching ..... [18053161][ing=false],openTime=2018-05-31 18:32:00[16/80]
[G][05-31 18:34:13][xypoker] fetching ..... [18053161][ing=false],openTime=2018-05-31 18:32:00[17/80]
[G][05-31 18:34:18][xypoker] fetching ..... [18053161][ing=false],openTime=2018-05-31 18:32:00[18/80]
[G][05-31 18:34:22][xypoker] fetching ..... [18053161][ing=false],openTime=2018-05-31 18:32:00[19/80]
[G][05-31 18:34:27][xypoker] fetching ..... [18053161][ing=false],openTime=2018-05-31 18:32:00[20/80]
[G][05-31 18:34:33][xypoker] fetching ..... [18053161][ing=false],openTime=2018-05-31 18:32:00[21/80]
[G][05-31 18:34:37][xypoker] fetching ..... [18053161][ing=false],openTime=2018-05-31 18:32:00[22/80]
[G][05-31 18:34:42][xypoker] fetching ..... [18053161][ing=false],openTime=2018-05-31 18:32:00[23/80]
[G][05-31 18:34:47][xypoker] fetching ..... [18053161][ing=false],openTime=2018-05-31 18:32:00[24/80]
[G][05-31 18:34:55][xypoker] fetching ..... [18053161][ing=false],openTime=2018-05-31 18:32:00[25/80]
[G][05-31 18:34:57][xypoker] fetching ..... [18053161][ing=false],openTime=2018-05-31 18:32:00[26/80]
[G][05-31 18:35:02][xypoker] fetching ..... [18053161][ing=false],openTime=2018-05-31 18:32:00[27/80]
[G][05-31 18:35:07][xypoker] fetching ..... [18053161][ing=false],openTime=2018-05-31 18:32:00[28/80]
[G][05-31 18:35:13][xypoker] fetching ..... [18053161][ing=false],openTime=2018-05-31 18:32:00[29/80]
[G][05-31 18:35:17][xypoker] fetching ..... [18053161][ing=false],openTime=2018-05-31 18:32:00[30/80]
[G][05-31 18:35:23][xypoker] fetching ..... [18053161][ing=false],openTime=2018-05-31 18:32:00[31/80]
[G][05-31 18:35:28][xypoker] fetching ..... [18053161][ing=false],openTime=2018-05-31 18:32:00[32/80]
[G][05-31 18:35:32][xypoker] fetching ..... [18053161][ing=false],openTime=2018-05-31 18:32:00[33/80]
[G][05-31 18:35:37][xypoker] fetching ..... [18053161][ing=false],openTime=2018-05-31 18:32:00[34/80]
[G][05-31 18:35:42][xypoker] fetching ..... [18053161][ing=false],openTime=2018-05-31 18:32:00[35/80]
[G][05-31 18:35:47][xypoker] fetching ..... [18053161][ing=false],openTime=2018-05-31 18:32:00[36/80]
[G][05-31 18:35:52][xypoker] fetching ..... [18053161][ing=false],openTime=2018-05-31 18:32:00[37/80]
[G][05-31 18:35:57][xypoker] fetching ..... [18053161][ing=false],openTime=2018-05-31 18:32:00[38/80]
[G][05-31 18:36:03][xypoker] fetching ..... [18053161][ing=false],openTime=2018-05-31 18:32:00[39/80]
[G][05-31 18:36:07][xypoker] fetching ..... [18053161][ing=false],openTime=2018-05-31 18:32:00[40/80]
[G][05-31 18:36:18][xypoker] fetching ..... [18053161][ing=false],openTime=2018-05-31 18:32:00[41/80]
[G][05-31 18:36:18][xypoker] fetching ..... [18053161][ing=false],openTime=2018-05-31 18:32:00[42/80]
[G][05-31 18:36:23][xypoker] fetching ..... [18053161][ing=false],openTime=2018-05-31 18:32:00[43/80]
[G][05-31 18:36:29][xypoker] fetching ..... [18053161][ing=false],openTime=2018-05-31 18:32:00[44/80]
[G][05-31 18:36:34][xypoker] fetching ..... [18053161][ing=false],openTime=2018-05-31 18:32:00[45/80]
[G][05-31 18:36:38][xypoker] fetching ..... [18053161][ing=false],openTime=2018-05-31 18:32:00[46/80]
[G][05-31 18:36:43][xypoker] fetching ..... [18053161][ing=false],openTime=2018-05-31 18:32:00[47/80]
[G][05-31 18:36:48][xypoker] fetching ..... [18053161][ing=false],openTime=2018-05-31 18:32:00[48/80]
[G][05-31 18:36:53][xypoker] fetching ..... [18053161][ing=false],openTime=2018-05-31 18:32:00[49/80]
[G][05-31 18:36:59][xypoker] fetching ..... [18053161][ing=false],openTime=2018-05-31 18:32:00[50/80]
[G][05-31 18:37:03][xypoker] fetching ..... [18053161][ing=false],openTime=2018-05-31 18:32:00[51/80]
[G][05-31 18:37:08][xypoker] fetching ..... [18053161][ing=false],openTime=2018-05-31 18:32:00[52/80]
[G][05-31 18:37:13][xypoker] fetching ..... [18053161][ing=false],openTime=2018-05-31 18:32:00[53/80]
[G][05-31 18:37:18][xypoker] fetching ..... [18053161][ing=false],openTime=2018-05-31 18:32:00[54/80]
[G][05-31 18:37:23][xypoker] fetching ..... [18053161][ing=false],openTime=2018-05-31 18:32:00[55/80]
[G][05-31 18:37:29][xypoker] fetching ..... [18053161][ing=false],openTime=2018-05-31 18:32:00[56/80]
[G][05-31 18:37:33][xypoker] fetching ..... [18053161][ing=false],openTime=2018-05-31 18:32:00[57/80]
[G][05-31 18:37:39][xypoker] fetching ..... [18053161][ing=false],openTime=2018-05-31 18:32:00[58/80]
[G][05-31 18:37:43][xypoker] fetching ..... [18053161][ing=false],openTime=2018-05-31 18:32:00[59/80]
[G][05-31 18:37:48][xypoker] fetching ..... [18053161][ing=false],openTime=2018-05-31 18:32:00[60/80]
[G][05-31 18:37:53][xypoker] fetching ..... [18053161][ing=false],openTime=2018-05-31 18:32:00[61/80]
[G][05-31 18:37:58][xypoker] fetching ..... [18053161][ing=false],openTime=2018-05-31 18:32:00[62/80]
[G][05-31 18:38:03][xypoker] fetching ..... [18053161][ing=false],openTime=2018-05-31 18:32:00[63/80]
[G][05-31 18:38:08][xypoker] fetching ..... [18053161][ing=false],openTime=2018-05-31 18:32:00[64/80]
[G][05-31 18:38:13][xypoker] fetching ..... [18053161][ing=false],openTime=2018-05-31 18:32:00[65/80]
[G][05-31 18:38:18][xypoker] fetching ..... [18053161][ing=false],openTime=2018-05-31 18:32:00[66/80]
[G][05-31 18:38:23][xypoker] fetching ..... [18053161][ing=false],openTime=2018-05-31 18:32:00[67/80]
[G][05-31 18:38:28][xypoker] fetching ..... [18053161][ing=false],openTime=2018-05-31 18:32:00[68/80]
[G][05-31 18:38:33][xypoker] fetching ..... [18053161][ing=false],openTime=2018-05-31 18:32:00[69/80]
[G][05-31 18:38:38][xypoker] fetching ..... [18053161][ing=false],openTime=2018-05-31 18:32:00[70/80]
[G][05-31 18:38:43][xypoker] fetching ..... [18053161][ing=false],openTime=2018-05-31 18:32:00[71/80]
[G][05-31 18:38:48][xypoker] fetching ..... [18053161][ing=false],openTime=2018-05-31 18:32:00[72/80]
[G][05-31 18:38:53][xypoker] fetching ..... [18053161][ing=false],openTime=2018-05-31 18:32:00[73/80]
[G][05-31 18:38:59][xypoker] fetching ..... [18053161][ing=false],openTime=2018-05-31 18:32:00[74/80]
[G][05-31 18:39:03][xypoker] fetching ..... [18053161][ing=false],openTime=2018-05-31 18:32:00[75/80]
[G][05-31 18:39:08][xypoker] fetching ..... [18053161][ing=false],openTime=2018-05-31 18:32:00[76/80]
[G][05-31 18:39:14][xypoker] fetching ..... [18053161][ing=false],openTime=2018-05-31 18:32:00[77/80]
[G][05-31 18:39:18][xypoker] fetching ..... [18053161][ing=false],openTime=2018-05-31 18:32:00[78/80]
[G][05-31 18:39:23][xypoker] fetching ..... [18053161][ing=false],openTime=2018-05-31 18:32:00[79/80]
[G][05-31 18:39:29][xypoker] fetching ..... [18053161][ing=false],openTime=2018-05-31 18:32:00[80/80]
[G][05-31 18:39:33][xypoker] fetch over maxCount [81>80]
[G][05-31 18:39:33][xypoker] timer clear .....
[G][05-31 18:42:00][xypoker] timer launch .....
[G][05-31 18:42:05][xypoker] fetching ..... [18053162][ing=false],openTime=2018-05-31 18:42:00[1/80]
[G][05-31 18:42:06][xypoker] fetching ..... [18053162][ing=false],openTime=2018-05-31 18:42:00[2/80]
[G][05-31 18:42:11][xypoker] fetching ..... [18053162][ing=false],openTime=2018-05-31 18:42:00[3/80]
[G][05-31 18:42:16][xypoker] fetching ..... [18053162][ing=false],openTime=2018-05-31 18:42:00[4/80]
[G][05-31 18:42:21][xypoker] fetching ..... [18053162][ing=false],openTime=2018-05-31 18:42:00[5/80]
[G][05-31 18:42:27][xypoker] fetching ..... [18053162][ing=false],openTime=2018-05-31 18:42:00[6/80]
[G][05-31 18:42:31][xypoker] fetching ..... [18053162][ing=false],openTime=2018-05-31 18:42:00[7/80]
[G][05-31 18:42:36][xypoker] fetching ..... [18053162][ing=false],openTime=2018-05-31 18:42:00[8/80]
[G][05-31 18:42:41][xypoker] fetching ..... [18053162][ing=false],openTime=2018-05-31 18:42:00[9/80]
[G][05-31 18:42:47][xypoker] fetching ..... [18053162][ing=false],openTime=2018-05-31 18:42:00[10/80]
[G][05-31 18:42:51][xypoker] fetching ..... [18053162][ing=false],openTime=2018-05-31 18:42:00[11/80]
[G][05-31 18:42:56][xypoker] fetching ..... [18053162][ing=false],openTime=2018-05-31 18:42:00[12/80]
[G][05-31 18:43:01][xypoker] fetching ..... [18053162][ing=false],openTime=2018-05-31 18:42:00[13/80]
[G][05-31 18:43:06][xypoker] fetching ..... [18053162][ing=false],openTime=2018-05-31 18:42:00[14/80]
[G][05-31 18:43:11][xypoker] fetching ..... [18053162][ing=false],openTime=2018-05-31 18:42:00[15/80]
[G][05-31 18:43:16][xypoker] fetching ..... [18053162][ing=false],openTime=2018-05-31 18:42:00[16/80]
[G][05-31 18:43:21][xypoker] fetching ..... [18053162][ing=false],openTime=2018-05-31 18:42:00[17/80]
[G][05-31 18:43:29][xypoker] fetching ..... [18053162][ing=false],openTime=2018-05-31 18:42:00[18/80]
[G][05-31 18:43:32][xypoker] fetching ..... [18053162][ing=false],openTime=2018-05-31 18:42:00[19/80]
[G][05-31 18:43:38][xypoker] fetching ..... [18053162][ing=false],openTime=2018-05-31 18:42:00[20/80]
[G][05-31 18:43:41][xypoker] fetching ..... [18053162][ing=false],openTime=2018-05-31 18:42:00[21/80]
[G][05-31 18:43:50][xypoker] fetching ..... [18053162][ing=false],openTime=2018-05-31 18:42:00[22/80]
[G][05-31 18:43:52][xypoker] fetching ..... [18053162][ing=false],openTime=2018-05-31 18:42:00[23/80]
[G][05-31 18:43:56][xypoker] fetching ..... [18053162][ing=false],openTime=2018-05-31 18:42:00[24/80]
[G][05-31 18:44:02][xypoker] fetching ..... [18053162][ing=false],openTime=2018-05-31 18:42:00[25/80]
[G][05-31 18:44:06][xypoker] fetching ..... [18053162][ing=false],openTime=2018-05-31 18:42:00[26/80]
[G][05-31 18:44:11][xypoker] fetching ..... [18053162][ing=false],openTime=2018-05-31 18:42:00[27/80]
[G][05-31 18:44:16][xypoker] fetching ..... [18053162][ing=false],openTime=2018-05-31 18:42:00[28/80]
[G][05-31 18:44:21][xypoker] fetching ..... [18053162][ing=false],openTime=2018-05-31 18:42:00[29/80]
[G][05-31 18:44:26][xypoker] fetching ..... [18053162][ing=false],openTime=2018-05-31 18:42:00[30/80]
[G][05-31 18:44:31][xypoker] fetching ..... [18053162][ing=false],openTime=2018-05-31 18:42:00[31/80]
[G][05-31 18:44:36][xypoker] fetching ..... [18053162][ing=false],openTime=2018-05-31 18:42:00[32/80]
[G][05-31 18:44:41][xypoker] fetching ..... [18053162][ing=false],openTime=2018-05-31 18:42:00[33/80]
[G][05-31 18:44:47][xypoker] fetching ..... [18053162][ing=false],openTime=2018-05-31 18:42:00[34/80]
[G][05-31 18:44:51][xypoker] fetching ..... [18053162][ing=false],openTime=2018-05-31 18:42:00[35/80]
[G][05-31 18:44:56][xypoker] fetching ..... [18053162][ing=false],openTime=2018-05-31 18:42:00[36/80]
[G][05-31 18:45:01][xypoker] fetching ..... [18053162][ing=false],openTime=2018-05-31 18:42:00[37/80]
[G][05-31 18:45:06][xypoker] fetching ..... [18053162][ing=false],openTime=2018-05-31 18:42:00[38/80]
[G][05-31 18:45:11][xypoker] fetching ..... [18053162][ing=false],openTime=2018-05-31 18:42:00[39/80]
[G][05-31 18:45:16][xypoker] fetching ..... [18053162][ing=false],openTime=2018-05-31 18:42:00[40/80]
[G][05-31 18:45:21][xypoker] fetching ..... [18053162][ing=false],openTime=2018-05-31 18:42:00[41/80]
[G][05-31 18:45:28][xypoker] fetching ..... [18053162][ing=false],openTime=2018-05-31 18:42:00[42/80]
[G][05-31 18:45:31][xypoker] fetching ..... [18053162][ing=false],openTime=2018-05-31 18:42:00[43/80]
[G][05-31 18:45:36][xypoker] fetching ..... [18053162][ing=false],openTime=2018-05-31 18:42:00[44/80]
[G][05-31 18:45:41][xypoker] fetching ..... [18053162][ing=false],openTime=2018-05-31 18:42:00[45/80]
[G][05-31 18:45:46][xypoker] fetching ..... [18053162][ing=false],openTime=2018-05-31 18:42:00[46/80]
[G][05-31 18:45:51][xypoker] fetching ..... [18053162][ing=false],openTime=2018-05-31 18:42:00[47/80]
[G][05-31 18:45:56][xypoker] fetching ..... [18053162][ing=false],openTime=2018-05-31 18:42:00[48/80]
[G][05-31 18:46:01][xypoker] fetching ..... [18053162][ing=false],openTime=2018-05-31 18:42:00[49/80]
[G][05-31 18:46:06][xypoker] fetching ..... [18053162][ing=false],openTime=2018-05-31 18:42:00[50/80]
[G][05-31 18:46:11][xypoker] fetching ..... [18053162][ing=false],openTime=2018-05-31 18:42:00[51/80]
[G][05-31 18:46:16][xypoker] fetching ..... [18053162][ing=false],openTime=2018-05-31 18:42:00[52/80]
[G][05-31 18:46:21][xypoker] fetching ..... [18053162][ing=false],openTime=2018-05-31 18:42:00[53/80]
[G][05-31 18:46:26][xypoker] fetching ..... [18053162][ing=false],openTime=2018-05-31 18:42:00[54/80]
[G][05-31 18:46:33][xypoker] fetching ..... [18053162][ing=false],openTime=2018-05-31 18:42:00[55/80]
[G][05-31 18:46:36][xypoker] fetching ..... [18053162][ing=false],openTime=2018-05-31 18:42:00[56/80]
[G][05-31 18:46:41][xypoker] fetching ..... [18053162][ing=false],openTime=2018-05-31 18:42:00[57/80]
[G][05-31 18:46:46][xypoker] fetching ..... [18053162][ing=false],openTime=2018-05-31 18:42:00[58/80]
[G][05-31 18:46:51][xypoker] fetching ..... [18053162][ing=false],openTime=2018-05-31 18:42:00[59/80]
[G][05-31 18:46:56][xypoker] fetching ..... [18053162][ing=false],openTime=2018-05-31 18:42:00[60/80]
[G][05-31 18:47:01][xypoker] fetching ..... [18053162][ing=false],openTime=2018-05-31 18:42:00[61/80]
[G][05-31 18:47:06][xypoker] fetching ..... [18053162][ing=false],openTime=2018-05-31 18:42:00[62/80]
[G][05-31 18:47:11][xypoker] fetching ..... [18053162][ing=false],openTime=2018-05-31 18:42:00[63/80]
[G][05-31 18:47:17][xypoker] fetching ..... [18053162][ing=false],openTime=2018-05-31 18:42:00[64/80]
[G][05-31 18:47:22][xypoker] fetching ..... [18053162][ing=false],openTime=2018-05-31 18:42:00[65/80]
[G][05-31 18:47:29][xypoker] fetching ..... [18053162][ing=false],openTime=2018-05-31 18:42:00[66/80]
[G][05-31 18:47:31][xypoker] fetching ..... [18053162][ing=false],openTime=2018-05-31 18:42:00[67/80]
[G][05-31 18:47:36][xypoker] fetching ..... [18053162][ing=false],openTime=2018-05-31 18:42:00[68/80]
[G][05-31 18:47:42][xypoker] fetching ..... [18053162][ing=false],openTime=2018-05-31 18:42:00[69/80]
[G][05-31 18:47:48][xypoker] fetching ..... [18053162][ing=false],openTime=2018-05-31 18:42:00[70/80]
[G][05-31 18:47:52][xypoker] fetching ..... [18053162][ing=false],openTime=2018-05-31 18:42:00[71/80]
[G][05-31 18:47:57][xypoker] fetching ..... [18053162][ing=false],openTime=2018-05-31 18:42:00[72/80]
[G][05-31 18:48:09][xypoker] fetching ..... [18053162][ing=false],openTime=2018-05-31 18:42:00[73/80]
[G][05-31 18:48:09][xypoker] fetching ..... [18053162][ing=false],openTime=2018-05-31 18:42:00[74/80]
[G][05-31 18:48:14][xypoker] fetching ..... [18053162][ing=false],openTime=2018-05-31 18:42:00[75/80]
[G][05-31 18:48:19][xypoker] fetching ..... [18053162][ing=false],openTime=2018-05-31 18:42:00[76/80]
[G][05-31 18:48:25][xypoker] fetching ..... [18053162][ing=false],openTime=2018-05-31 18:42:00[77/80]
[G][05-31 18:48:29][xypoker] fetching ..... [18053162][ing=false],openTime=2018-05-31 18:42:00[78/80]
[G][05-31 18:48:34][xypoker] fetching ..... [18053162][ing=false],openTime=2018-05-31 18:42:00[79/80]
[G][05-31 18:48:39][xypoker] fetching ..... [18053162][ing=false],openTime=2018-05-31 18:42:00[80/80]
[G][05-31 18:48:45][xypoker] fetch over maxCount [81>80]
[G][05-31 18:48:45][xypoker] timer clear .....
[G][05-31 18:52:00][xypoker] timer launch .....
[G][05-31 18:52:05][xypoker] fetching ..... [18053163][ing=false],openTime=2018-05-31 18:52:00[1/80]
[G][05-31 18:52:06][xypoker] fetching ..... [18053163][ing=false],openTime=2018-05-31 18:52:00[2/80]
[G][05-31 18:52:11][xypoker] fetching ..... [18053163][ing=false],openTime=2018-05-31 18:52:00[3/80]
[G][05-31 18:52:16][xypoker] fetching ..... [18053163][ing=false],openTime=2018-05-31 18:52:00[4/80]
[G][05-31 18:52:21][xypoker] fetching ..... [18053163][ing=false],openTime=2018-05-31 18:52:00[5/80]
[G][05-31 18:52:29][xypoker] fetching ..... [18053163][ing=false],openTime=2018-05-31 18:52:00[6/80]
[G][05-31 18:52:31][xypoker] fetching ..... [18053163][ing=false],openTime=2018-05-31 18:52:00[7/80]
[G][05-31 18:52:36][xypoker] fetching ..... [18053163][ing=false],openTime=2018-05-31 18:52:00[8/80]
[G][05-31 18:52:41][xypoker] fetching ..... [18053163][ing=false],openTime=2018-05-31 18:52:00[9/80]
[G][05-31 18:52:46][xypoker] fetching ..... [18053163][ing=false],openTime=2018-05-31 18:52:00[10/80]
[G][05-31 18:52:52][xypoker] fetching ..... [18053163][ing=false],openTime=2018-05-31 18:52:00[11/80]
[G][05-31 18:52:56][xypoker] fetching ..... [18053163][ing=false],openTime=2018-05-31 18:52:00[12/80]
[G][05-31 18:53:01][xypoker] fetching ..... [18053163][ing=false],openTime=2018-05-31 18:52:00[13/80]
[G][05-31 18:53:07][xypoker] fetching ..... [18053163][ing=false],openTime=2018-05-31 18:52:00[14/80]
[G][05-31 18:53:11][xypoker] fetching ..... [18053163][ing=false],openTime=2018-05-31 18:52:00[15/80]
[G][05-31 18:53:16][xypoker] fetching ..... [18053163][ing=false],openTime=2018-05-31 18:52:00[16/80]
[G][05-31 18:53:21][xypoker] fetching ..... [18053163][ing=false],openTime=2018-05-31 18:52:00[17/80]
[G][05-31 18:53:26][xypoker] fetching ..... [18053163][ing=false],openTime=2018-05-31 18:52:00[18/80]
[G][05-31 18:53:31][xypoker] fetching ..... [18053163][ing=false],openTime=2018-05-31 18:52:00[19/80]
[G][05-31 18:53:36][xypoker] fetching ..... [18053163][ing=false],openTime=2018-05-31 18:52:00[20/80]
[G][05-31 18:53:41][xypoker] fetching ..... [18053163][ing=false],openTime=2018-05-31 18:52:00[21/80]
[G][05-31 18:53:46][xypoker] fetching ..... [18053163][ing=false],openTime=2018-05-31 18:52:00[22/80]
[G][05-31 18:53:51][xypoker] fetching ..... [18053163][ing=false],openTime=2018-05-31 18:52:00[23/80]
[G][05-31 18:53:56][xypoker] fetching ..... [18053163][ing=false],openTime=2018-05-31 18:52:00[24/80]
[G][05-31 18:54:01][xypoker] fetching ..... [18053163][ing=false],openTime=2018-05-31 18:52:00[25/80]
[G][05-31 18:54:06][xypoker] fetching ..... [18053163][ing=false],openTime=2018-05-31 18:52:00[26/80]
[G][05-31 18:54:11][xypoker] fetching ..... [18053163][ing=false],openTime=2018-05-31 18:52:00[27/80]
[G][05-31 18:54:17][xypoker] fetching ..... [18053163][ing=false],openTime=2018-05-31 18:52:00[28/80]
[G][05-31 18:54:21][xypoker] fetching ..... [18053163][ing=false],openTime=2018-05-31 18:52:00[29/80]
[G][05-31 18:54:27][xypoker] fetching ..... [18053163][ing=false],openTime=2018-05-31 18:52:00[30/80]
[G][05-31 18:54:31][xypoker] fetching ..... [18053163][ing=false],openTime=2018-05-31 18:52:00[31/80]
[G][05-31 18:54:36][xypoker] fetching ..... [18053163][ing=false],openTime=2018-05-31 18:52:00[32/80]
[G][05-31 18:54:41][xypoker] fetching ..... [18053163][ing=false],openTime=2018-05-31 18:52:00[33/80]
[G][05-31 18:54:46][xypoker] fetching ..... [18053163][ing=false],openTime=2018-05-31 18:52:00[34/80]
[G][05-31 18:54:51][xypoker] fetching ..... [18053163][ing=false],openTime=2018-05-31 18:52:00[35/80]
[G][05-31 18:54:56][xypoker] fetching ..... [18053163][ing=false],openTime=2018-05-31 18:52:00[36/80]
[G][05-31 18:55:01][xypoker] fetching ..... [18053163][ing=false],openTime=2018-05-31 18:52:00[37/80]
[G][05-31 18:55:06][xypoker] fetching ..... [18053163][ing=false],openTime=2018-05-31 18:52:00[38/80]
[G][05-31 18:55:11][xypoker] fetching ..... [18053163][ing=false],openTime=2018-05-31 18:52:00[39/80]
[G][05-31 18:55:16][xypoker] fetching ..... [18053163][ing=false],openTime=2018-05-31 18:52:00[40/80]
[G][05-31 18:55:21][xypoker] fetching ..... [18053163][ing=false],openTime=2018-05-31 18:52:00[41/80]
[G][05-31 18:55:26][xypoker] fetching ..... [18053163][ing=false],openTime=2018-05-31 18:52:00[42/80]
[G][05-31 18:55:32][xypoker] fetching ..... [18053163][ing=false],openTime=2018-05-31 18:52:00[43/80]
[G][05-31 18:55:36][xypoker] fetching ..... [18053163][ing=false],openTime=2018-05-31 18:52:00[44/80]
[G][05-31 18:55:41][xypoker] fetching ..... [18053163][ing=false],openTime=2018-05-31 18:52:00[45/80]
[G][05-31 18:55:48][xypoker] fetching ..... [18053163][ing=false],openTime=2018-05-31 18:52:00[46/80]
[G][05-31 18:55:51][xypoker] fetching ..... [18053163][ing=false],openTime=2018-05-31 18:52:00[47/80]
[G][05-31 18:55:56][xypoker] fetching ..... [18053163][ing=false],openTime=2018-05-31 18:52:00[48/80]
[G][05-31 18:56:01][xypoker] fetching ..... [18053163][ing=false],openTime=2018-05-31 18:52:00[49/80]
[G][05-31 18:56:06][xypoker] fetching ..... [18053163][ing=false],openTime=2018-05-31 18:52:00[50/80]
[G][05-31 18:56:11][xypoker] fetching ..... [18053163][ing=false],openTime=2018-05-31 18:52:00[51/80]
[G][05-31 18:56:16][xypoker] fetching ..... [18053163][ing=false],openTime=2018-05-31 18:52:00[52/80]
[G][05-31 18:56:21][xypoker] fetching ..... [18053163][ing=false],openTime=2018-05-31 18:52:00[53/80]
[G][05-31 18:56:26][xypoker] fetching ..... [18053163][ing=false],openTime=2018-05-31 18:52:00[54/80]
[G][05-31 18:56:31][xypoker] fetching ..... [18053163][ing=false],openTime=2018-05-31 18:52:00[55/80]
[G][05-31 18:56:36][xypoker] fetching ..... [18053163][ing=false],openTime=2018-05-31 18:52:00[56/80]
[G][05-31 18:56:41][xypoker] fetching ..... [18053163][ing=false],openTime=2018-05-31 18:52:00[57/80]
[G][05-31 18:56:46][xypoker] fetching ..... [18053163][ing=false],openTime=2018-05-31 18:52:00[58/80]
[G][05-31 18:56:51][xypoker] fetching ..... [18053163][ing=false],openTime=2018-05-31 18:52:00[59/80]
[G][05-31 18:56:56][xypoker] fetching ..... [18053163][ing=false],openTime=2018-05-31 18:52:00[60/80]
[G][05-31 18:57:12][xypoker] fetching ..... [18053163][ing=false],openTime=2018-05-31 18:52:00[61/80]
[G][05-31 18:57:13][xypoker] fetching ..... [18053163][ing=false],openTime=2018-05-31 18:52:00[62/80]
[G][05-31 18:57:18][xypoker] fetching ..... [18053163][ing=false],openTime=2018-05-31 18:52:00[63/80]
[G][05-31 18:57:23][xypoker] fetching ..... [18053163][ing=false],openTime=2018-05-31 18:52:00[64/80]
[G][05-31 18:57:28][xypoker] fetching ..... [18053163][ing=false],openTime=2018-05-31 18:52:00[65/80]
[G][05-31 18:57:33][xypoker] fetching ..... [18053163][ing=false],openTime=2018-05-31 18:52:00[66/80]
[G][05-31 18:57:38][xypoker] fetching ..... [18053163][ing=false],openTime=2018-05-31 18:52:00[67/80]
[G][05-31 18:57:43][xypoker] fetching ..... [18053163][ing=false],openTime=2018-05-31 18:52:00[68/80]
[G][05-31 18:57:48][xypoker] fetching ..... [18053163][ing=false],openTime=2018-05-31 18:52:00[69/80]
[G][05-31 18:57:53][xypoker] fetching ..... [18053163][ing=false],openTime=2018-05-31 18:52:00[70/80]
[G][05-31 18:57:58][xypoker] fetching ..... [18053163][ing=false],openTime=2018-05-31 18:52:00[71/80]
[G][05-31 18:58:03][xypoker] fetching ..... [18053163][ing=false],openTime=2018-05-31 18:52:00[72/80]
[G][05-31 18:58:08][xypoker] fetching ..... [18053163][ing=false],openTime=2018-05-31 18:52:00[73/80]
[G][05-31 18:58:13][xypoker] fetching ..... [18053163][ing=false],openTime=2018-05-31 18:52:00[74/80]
[G][05-31 18:58:18][xypoker] fetching ..... [18053163][ing=false],openTime=2018-05-31 18:52:00[75/80]
[G][05-31 18:58:23][xypoker] fetching ..... [18053163][ing=false],openTime=2018-05-31 18:52:00[76/80]
[G][05-31 18:58:28][xypoker] fetching ..... [18053163][ing=false],openTime=2018-05-31 18:52:00[77/80]
[G][05-31 18:58:33][xypoker] fetching ..... [18053163][ing=false],openTime=2018-05-31 18:52:00[78/80]
[G][05-31 18:58:38][xypoker] fetching ..... [18053163][ing=false],openTime=2018-05-31 18:52:00[79/80]
[G][05-31 18:58:43][xypoker] fetching ..... [18053163][ing=false],openTime=2018-05-31 18:52:00[80/80]
[G][05-31 18:58:48][xypoker] fetch over maxCount [81>80]
[G][05-31 18:58:48][xypoker] timer clear .....
[G][05-31 19:00:06][xypoker] init session[633ms]
[G][05-31 19:02:00][xypoker] timer launch .....
[G][05-31 19:02:04][xypoker] fetching ..... [18053164][ing=false],openTime=2018-05-31 19:02:00[1/80]
[G][05-31 19:02:08][xypoker] fetching ..... [18053164][ing=false],openTime=2018-05-31 19:02:00[2/80]
[G][05-31 19:02:12][xypoker] fetching ..... [18053164][ing=false],openTime=2018-05-31 19:02:00[3/80]
[G][05-31 19:02:16][xypoker] fetching ..... [18053164][ing=false],openTime=2018-05-31 19:02:00[4/80]
[G][05-31 19:02:20][xypoker] fetching ..... [18053164][ing=false],openTime=2018-05-31 19:02:00[5/80]
[G][05-31 19:02:27][xypoker] fetching ..... [18053164][ing=false],openTime=2018-05-31 19:02:00[6/80]
[G][05-31 19:02:33][xypoker] fetching ..... [18053164][ing=false],openTime=2018-05-31 19:02:00[7/80]
[G][05-31 19:02:36][xypoker] fetching ..... [18053164][ing=false],openTime=2018-05-31 19:02:00[8/80]
[G][05-31 19:02:41][xypoker] fetching ..... [18053164][ing=false],openTime=2018-05-31 19:02:00[9/80]
[G][05-31 19:02:46][xypoker] fetching ..... [18053164][ing=false],openTime=2018-05-31 19:02:00[10/80]
[G][05-31 19:02:50][xypoker] fetching ..... [18053164][ing=false],openTime=2018-05-31 19:02:00[11/80]
[G][05-31 19:02:55][xypoker] fetching ..... [18053164][ing=false],openTime=2018-05-31 19:02:00[12/80]
[G][05-31 19:03:03][xypoker] fetching ..... [18053164][ing=false],openTime=2018-05-31 19:02:00[13/80]
[G][05-31 19:03:07][xypoker] fetching ..... [18053164][ing=false],openTime=2018-05-31 19:02:00[14/80]
[G][05-31 19:03:13][xypoker] fetching ..... [18053164][ing=false],openTime=2018-05-31 19:02:00[15/80]
[G][05-31 19:03:16][xypoker] fetching ..... [18053164][ing=false],openTime=2018-05-31 19:02:00[16/80]
[G][05-31 19:03:22][xypoker] fetching ..... [18053164][ing=false],openTime=2018-05-31 19:02:00[17/80]
[G][05-31 19:03:27][xypoker] fetching ..... [18053164][ing=false],openTime=2018-05-31 19:02:00[18/80]
[G][05-31 19:03:33][xypoker] fetching ..... [18053164][ing=false],openTime=2018-05-31 19:02:00[19/80]
[G][05-31 19:03:35][xypoker] fetching ..... [18053164][ing=false],openTime=2018-05-31 19:02:00[20/80]
[G][05-31 19:03:40][xypoker] fetching ..... [18053164][ing=false],openTime=2018-05-31 19:02:00[21/80]
[G][05-31 19:03:45][xypoker] fetching ..... [18053164][ing=false],openTime=2018-05-31 19:02:00[22/80]
[G][05-31 19:03:50][xypoker] fetching ..... [18053164][ing=false],openTime=2018-05-31 19:02:00[23/80]
[G][05-31 19:03:56][xypoker] fetching ..... [18053164][ing=false],openTime=2018-05-31 19:02:00[24/80]
[G][05-31 19:04:02][xypoker] fetching ..... [18053164][ing=false],openTime=2018-05-31 19:02:00[25/80]
[G][05-31 19:04:06][xypoker] fetching ..... [18053164][ing=false],openTime=2018-05-31 19:02:00[26/80]
[G][05-31 19:04:12][xypoker] fetching ..... [18053164][ing=false],openTime=2018-05-31 19:02:00[27/80]
[G][05-31 19:04:16][xypoker] fetching ..... [18053164][ing=false],openTime=2018-05-31 19:02:00[28/80]
[G][05-31 19:04:20][xypoker] fetching ..... [18053164][ing=false],openTime=2018-05-31 19:02:00[29/80]
[G][05-31 19:04:25][xypoker] fetching ..... [18053164][ing=false],openTime=2018-05-31 19:02:00[30/80]
[G][05-31 19:04:33][xypoker] fetching ..... [18053164][ing=false],openTime=2018-05-31 19:02:00[31/80]
[G][05-31 19:04:37][xypoker] fetching ..... [18053164][ing=false],openTime=2018-05-31 19:02:00[32/80]
[G][05-31 19:04:42][xypoker] fetching ..... [18053164][ing=false],openTime=2018-05-31 19:02:00[33/80]
[G][05-31 19:04:49][xypoker] fetching ..... [18053164][ing=false],openTime=2018-05-31 19:02:00[34/80]
[G][05-31 19:04:51][xypoker] fetching ..... [18053164][ing=false],openTime=2018-05-31 19:02:00[35/80]
[G][05-31 19:04:56][xypoker] fetching ..... [18053164][ing=false],openTime=2018-05-31 19:02:00[36/80]
[G][05-31 19:05:01][xypoker] fetching ..... [18053164][ing=false],openTime=2018-05-31 19:02:00[37/80]
[G][05-31 19:05:05][xypoker] fetching ..... [18053164][ing=false],openTime=2018-05-31 19:02:00[38/80]
[G][05-31 19:05:12][xypoker] fetching ..... [18053164][ing=false],openTime=2018-05-31 19:02:00[39/80]
[G][05-31 19:05:16][xypoker] fetching ..... [18053164][ing=false],openTime=2018-05-31 19:02:00[40/80]
[G][05-31 19:05:20][xypoker] fetching ..... [18053164][ing=false],openTime=2018-05-31 19:02:00[41/80]
[G][05-31 19:05:25][xypoker] fetching ..... [18053164][ing=false],openTime=2018-05-31 19:02:00[42/80]
[G][05-31 19:05:32][xypoker] fetching ..... [18053164][ing=false],openTime=2018-05-31 19:02:00[43/80]
[G][05-31 19:05:35][xypoker] fetching ..... [18053164][ing=false],openTime=2018-05-31 19:02:00[44/80]
[G][05-31 19:05:40][xypoker] fetching ..... [18053164][ing=false],openTime=2018-05-31 19:02:00[45/80]
[G][05-31 19:05:45][xypoker] fetching ..... [18053164][ing=false],openTime=2018-05-31 19:02:00[46/80]
[G][05-31 19:05:50][xypoker] fetching ..... [18053164][ing=false],openTime=2018-05-31 19:02:00[47/80]
[G][05-31 19:05:55][xypoker] fetching ..... [18053164][ing=false],openTime=2018-05-31 19:02:00[48/80]
[G][05-31 19:06:02][xypoker] fetching ..... [18053164][ing=false],openTime=2018-05-31 19:02:00[49/80]
[G][05-31 19:06:07][xypoker] fetching ..... [18053164][ing=false],openTime=2018-05-31 19:02:00[50/80]
[G][05-31 19:06:11][xypoker] fetching ..... [18053164][ing=false],openTime=2018-05-31 19:02:00[51/80]
[G][05-31 19:06:17][xypoker] fetching ..... [18053164][ing=false],openTime=2018-05-31 19:02:00[52/80]
[G][05-31 19:06:22][xypoker] fetching ..... [18053164][ing=false],openTime=2018-05-31 19:02:00[53/80]
[G][05-31 19:06:28][xypoker] fetching ..... [18053164][ing=false],openTime=2018-05-31 19:02:00[54/80]
[G][05-31 19:06:33][xypoker] fetching ..... [18053164][ing=false],openTime=2018-05-31 19:02:00[55/80]
[G][05-31 19:06:35][xypoker] fetching ..... [18053164][ing=false],openTime=2018-05-31 19:02:00[56/80]
[G][05-31 19:06:40][xypoker] fetching ..... [18053164][ing=false],openTime=2018-05-31 19:02:00[57/80]
[G][05-31 19:06:45][xypoker] fetching ..... [18053164][ing=false],openTime=2018-05-31 19:02:00[58/80]
[G][05-31 19:06:50][xypoker] fetching ..... [18053164][ing=false],openTime=2018-05-31 19:02:00[59/80]
[G][05-31 19:06:55][xypoker] fetching ..... [18053164][ing=false],openTime=2018-05-31 19:02:00[60/80]
[G][05-31 19:07:01][xypoker] fetching ..... [18053164][ing=false],openTime=2018-05-31 19:02:00[61/80]
[G][05-31 19:07:05][xypoker] fetching ..... [18053164][ing=false],openTime=2018-05-31 19:02:00[62/80]
[G][05-31 19:07:11][xypoker] fetching ..... [18053164][ing=false],openTime=2018-05-31 19:02:00[63/80]
[G][05-31 19:07:15][xypoker] fetching ..... [18053164][ing=false],openTime=2018-05-31 19:02:00[64/80]
[G][05-31 19:07:20][xypoker] fetching ..... [18053164][ing=false],openTime=2018-05-31 19:02:00[65/80]
[G][05-31 19:07:26][xypoker] fetching ..... [18053164][ing=false],openTime=2018-05-31 19:02:00[66/80]
[G][05-31 19:07:33][xypoker] fetching ..... [18053164][ing=false],openTime=2018-05-31 19:02:00[67/80]
[G][05-31 19:07:37][xypoker] fetching ..... [18053164][ing=false],openTime=2018-05-31 19:02:00[68/80]
[G][05-31 19:07:43][xypoker] fetching ..... [18053164][ing=false],openTime=2018-05-31 19:02:00[69/80]
[G][05-31 19:07:47][xypoker] fetching ..... [18053164][ing=false],openTime=2018-05-31 19:02:00[70/80]
[G][05-31 19:07:51][xypoker] fetching ..... [18053164][ing=false],openTime=2018-05-31 19:02:00[71/80]
[G][05-31 19:07:56][xypoker] fetching ..... [18053164][ing=false],openTime=2018-05-31 19:02:00[72/80]
[G][05-31 19:08:02][xypoker] fetching ..... [18053164][ing=false],openTime=2018-05-31 19:02:00[73/80]
[G][05-31 19:08:06][xypoker] fetching ..... [18053164][ing=false],openTime=2018-05-31 19:02:00[74/80]
[G][05-31 19:08:11][xypoker] fetching ..... [18053164][ing=false],openTime=2018-05-31 19:02:00[75/80]
[G][05-31 19:08:16][xypoker] fetching ..... [18053164][ing=false],openTime=2018-05-31 19:02:00[76/80]
[G][05-31 19:08:20][xypoker] fetching ..... [18053164][ing=false],openTime=2018-05-31 19:02:00[77/80]
[G][05-31 19:08:27][xypoker] fetching ..... [18053164][ing=false],openTime=2018-05-31 19:02:00[78/80]
[G][05-31 19:08:31][xypoker] fetching ..... [18053164][ing=false],openTime=2018-05-31 19:02:00[79/80]
[G][05-31 19:08:36][xypoker] fetching ..... [18053164][ing=false],openTime=2018-05-31 19:02:00[80/80]
[G][05-31 19:08:41][xypoker] fetch over maxCount [81>80]
[G][05-31 19:08:41][xypoker] timer clear .....
