[G][05-31 09:06:00][xysfpk102] timer launch .....
[G][05-31 09:09:00][xysfpk102] timer launch .....
[G][05-31 09:12:00][xysfpk102] timer launch .....
[G][05-31 09:15:00][xysfpk102] timer launch .....
[G][05-31 09:18:00][xysfpk102] timer launch .....
[G][05-31 09:21:00][xysfpk102] timer launch .....
[G][05-31 09:24:00][xysfpk102] timer launch .....
[G][05-31 09:27:00][xysfpk102] timer launch .....
[G][05-31 09:30:00][xysfpk102] timer launch .....
[G][05-31 09:33:00][xysfpk102] timer launch .....
[G][05-31 09:36:00][xysfpk102] timer launch .....
[G][05-31 09:39:00][xysfpk102] timer launch .....
[G][05-31 09:42:00][xysfpk102] timer launch .....
[G][05-31 09:45:00][xysfpk102] timer launch .....
[G][05-31 09:48:00][xysfpk102] timer launch .....
[G][05-31 09:51:00][xysfpk102] timer launch .....
[G][05-31 09:54:00][xysfpk102] timer launch .....
[G][05-31 09:57:00][xysfpk102] timer launch .....
[G][05-31 10:00:00][xysfpk102] timer launch .....
[G][05-31 10:01:38][xysfpk102] init session[82717ms]
[G][05-31 10:03:00][xysfpk102] timer launch .....
[G][05-31 10:06:00][xysfpk102] timer launch .....
[G][05-31 10:09:00][xysfpk102] timer launch .....
[G][05-31 10:12:00][xysfpk102] timer launch .....
[G][05-31 10:15:00][xysfpk102] timer launch .....
[G][05-31 10:18:00][xysfpk102] timer launch .....
[G][05-31 10:21:00][xysfpk102] timer launch .....
[G][05-31 10:24:00][xysfpk102] timer launch .....
[G][05-31 10:27:00][xysfpk102] timer launch .....
[G][05-31 14:00:00][xysfpk102] timer launch .....
[G][05-31 14:00:05][xysfpk102] init session[670ms]
[G][05-31 15:45:00][xysfpk102] timer launch .....
[G][05-31 15:48:00][xysfpk102] timer launch .....
[G][05-31 15:54:00][xysfpk102] timer launch .....
[G][05-31 15:54:08][xysfpk102] fetching ..... [180531318][ing=false],openTime=2018-05-31 15:54:00[1/80]
[G][05-31 15:54:09][xysfpk102] fetching ..... [180531318][ing=false],openTime=2018-05-31 15:54:00[2/80]
[G][05-31 15:54:14][xysfpk102] fetching ..... [180531318][ing=false],openTime=2018-05-31 15:54:00[3/80]
[G][05-31 15:54:14][xysfpk102] RESULTS  _____ [180531318]=>08,06,01,05,03,09,07,04,02,10
[G][05-31 15:54:14][xysfpk102] timer clear .....
[G][05-31 15:54:14][xysfpk102] -------- OPENing --------
[G][05-31 15:54:14][xysfpk102] Start ... [180531310],status=0,result=02,01,03,04,06,10,09,08,07,05
[G][05-31 15:54:15][xysfpk102] BETS ... [0][180531310][452ms]
[G][05-31 15:54:15][xysfpk102] End ... [180531310][517ms],status=2,result=02,01,03,04,06,10,09,08,07,05
[G][05-31 15:54:15][xysfpk102] Start ... [180531311],status=0,result=08,10,04,05,01,06,07,09,03,02
[G][05-31 15:54:16][xysfpk102] BETS ... [0][180531311][470ms]
[G][05-31 15:54:16][xysfpk102] End ... [180531311][537ms],status=2,result=08,10,04,05,01,06,07,09,03,02
[G][05-31 15:54:16][xysfpk102] Start ... [180531312],status=0,result=08,06,01,02,07,04,03,09,05,10
[G][05-31 15:54:16][xysfpk102] BETS ... [0][180531312][159ms]
[G][05-31 15:54:16][xysfpk102] End ... [180531312][226ms],status=2,result=08,06,01,02,07,04,03,09,05,10
[G][05-31 15:54:17][xysfpk102] Start ... [180531313],status=0,result=05,04,08,06,07,10,09,03,02,01
[G][05-31 15:54:17][xysfpk102] BETS ... [0][180531313][61ms]
[G][05-31 15:54:17][xysfpk102] End ... [180531313][125ms],status=2,result=05,04,08,06,07,10,09,03,02,01
[G][05-31 15:54:17][xysfpk102] Start ... [180531314],status=0,result=07,09,08,04,06,01,02,05,03,10
[G][05-31 15:54:17][xysfpk102] BETS ... [0][180531314][62ms]
[G][05-31 15:54:17][xysfpk102] End ... [180531314][436ms],status=2,result=07,09,08,04,06,01,02,05,03,10
[G][05-31 15:54:18][xysfpk102] Start ... [180531315],status=0,result=01,03,02,04,10,07,06,08,09,05
[G][05-31 15:54:18][xysfpk102] BETS ... [0][180531315][184ms]
[G][05-31 15:54:18][xysfpk102] End ... [180531315][248ms],status=2,result=01,03,02,04,10,07,06,08,09,05
[G][05-31 15:54:18][xysfpk102] Start ... [180531316],status=0,result=03,07,06,05,08,09,01,04,10,02
[G][05-31 15:54:18][xysfpk102] BETS ... [0][180531316][63ms]
[G][05-31 15:54:18][xysfpk102] End ... [180531316][124ms],status=2,result=03,07,06,05,08,09,01,04,10,02
[G][05-31 15:54:18][xysfpk102] Start ... [180531317],status=0,result=03,05,02,01,10,06,08,07,04,09
[G][05-31 15:54:19][xysfpk102] BETS ... [0][180531317][64ms]
[G][05-31 15:54:19][xysfpk102] End ... [180531317][124ms],status=2,result=03,05,02,01,10,06,08,07,04,09
[G][05-31 15:54:19][xysfpk102] Start ... [180531306],status=0,result=08,05,02,04,01,03,06,09,07,10
[G][05-31 15:54:19][xysfpk102] BETS ... [0][180531306][62ms]
[G][05-31 15:54:19][xysfpk102] End ... [180531306][124ms],status=2,result=08,05,02,04,01,03,06,09,07,10
[G][05-31 15:54:20][xysfpk102] Start ... [180531309],status=0,result=04,01,05,07,02,10,08,03,06,09
[G][05-31 15:54:20][xysfpk102] BETS ... [0][180531309][63ms]
[G][05-31 15:54:20][xysfpk102] End ... [180531309][122ms],status=2,result=04,01,05,07,02,10,08,03,06,09
[G][05-31 15:54:20][xysfpk102] Start ... [180531307],status=0,result=04,02,01,07,09,08,06,03,05,10
[G][05-31 15:54:20][xysfpk102] BETS ... [0][180531307][73ms]
[G][05-31 15:54:20][xysfpk102] End ... [180531307][134ms],status=2,result=04,02,01,07,09,08,06,03,05,10
[G][05-31 15:54:20][xysfpk102] Start ... [180531308],status=0,result=05,03,06,07,02,08,01,09,04,10
[G][05-31 15:54:20][xysfpk102] BETS ... [0][180531308][64ms]
[G][05-31 15:54:20][xysfpk102] End ... [180531308][122ms],status=2,result=05,03,06,07,02,08,01,09,04,10
[G][05-31 15:54:20][xysfpk102] Start ... [180531318],status=0,result=08,06,01,05,03,09,07,04,02,10
[G][05-31 15:54:21][xysfpk102] BETS ... [0][180531318][413ms]
[G][05-31 15:54:21][xysfpk102] End ... [180531318][773ms],status=2,result=08,06,01,05,03,09,07,04,02,10
[G][05-31 15:54:22][xysfpk102] gsi last ... [473ms]180531318,08,06,01,05,03,09,07,04,02,10
[G][05-31 15:57:00][xysfpk102] timer launch .....
[G][05-31 15:57:09][xysfpk102] fetching ..... [180531319][ing=false],openTime=2018-05-31 15:57:00[1/80]
[G][05-31 15:57:10][xysfpk102] fetching ..... [180531319][ing=false],openTime=2018-05-31 15:57:00[2/80]
[G][05-31 16:00:00][xysfpk102] timer launch .....
[G][05-31 16:11:15][xysfpk102] timer launch .....
[G][05-31 16:11:31][xysfpk102] fetching ..... [180531323][ing=false],openTime=2018-05-31 16:09:00[1/80]
[G][05-31 16:11:31][xysfpk102] RESULTS  _____ [180531323]=>01,09,07,02,05,04,06,08,03,10
[G][05-31 16:11:31][xysfpk102] timer clear .....
[G][05-31 16:11:31][xysfpk102] -------- OPENing --------
[G][05-31 16:11:31][xysfpk102] Start ... [180531310],status=0,result=02,01,03,04,06,10,09,08,07,05
[G][05-31 16:11:31][xysfpk102] BETS ... [0][180531310][57ms]
[G][05-31 16:11:31][xysfpk102] End ... [180531310][155ms],status=2,result=02,01,03,04,06,10,09,08,07,05
[G][05-31 16:11:32][xysfpk102] Start ... [180531323],status=0,result=01,09,07,02,05,04,06,08,03,10
[G][05-31 16:11:32][xysfpk102] BETS ... [0][180531323][63ms]
[G][05-31 16:11:32][xysfpk102] End ... [180531323][154ms],status=2,result=01,09,07,02,05,04,06,08,03,10
[G][05-31 16:11:32][xysfpk102] Start ... [180531311],status=0,result=08,10,04,05,01,06,07,09,03,02
[G][05-31 16:11:32][xysfpk102] BETS ... [0][180531311][57ms]
[G][05-31 16:11:32][xysfpk102] End ... [180531311][130ms],status=2,result=08,10,04,05,01,06,07,09,03,02
[G][05-31 16:11:33][xysfpk102] Start ... [180531321],status=0,result=01,06,08,03,09,05,10,07,02,04
[G][05-31 16:11:34][xysfpk102] BETS ... [0][180531321][1173ms]
[G][05-31 16:11:35][xysfpk102] End ... [180531321][2606ms],status=2,result=01,06,08,03,09,05,10,07,02,04
[G][05-31 16:11:35][xysfpk102] Start ... [180531312],status=0,result=08,06,01,02,07,04,03,09,05,10
[G][05-31 16:11:35][xysfpk102] BETS ... [0][180531312][68ms]
[G][05-31 16:11:36][xysfpk102] End ... [180531312][593ms],status=2,result=08,06,01,02,07,04,03,09,05,10
[G][05-31 16:11:36][xysfpk102] Start ... [180531322],status=0,result=07,01,06,08,02,05,04,03,09,10
[G][05-31 16:11:36][xysfpk102] BETS ... [0][180531322][169ms]
[G][05-31 16:11:36][xysfpk102] End ... [180531322][259ms],status=2,result=07,01,06,08,02,05,04,03,09,10
[G][05-31 16:11:36][xysfpk102] Start ... [180531313],status=0,result=05,04,08,06,07,10,09,03,02,01
[G][05-31 16:11:37][xysfpk102] BETS ... [0][180531313][237ms]
[G][05-31 16:11:37][xysfpk102] End ... [180531313][319ms],status=2,result=05,04,08,06,07,10,09,03,02,01
[G][05-31 16:11:37][xysfpk102] Start ... [180531314],status=0,result=07,09,08,04,06,01,02,05,03,10
[G][05-31 16:11:38][xysfpk102] BETS ... [0][180531314][432ms]
[G][05-31 16:11:38][xysfpk102] End ... [180531314][491ms],status=2,result=07,09,08,04,06,01,02,05,03,10
[G][05-31 16:11:38][xysfpk102] Start ... [180531315],status=0,result=01,03,02,04,10,07,06,08,09,05
[G][05-31 16:11:38][xysfpk102] BETS ... [0][180531315][146ms]
[G][05-31 16:11:38][xysfpk102] End ... [180531315][215ms],status=2,result=01,03,02,04,10,07,06,08,09,05
[G][05-31 16:11:39][xysfpk102] Start ... [180531316],status=0,result=03,07,06,05,08,09,01,04,10,02
[G][05-31 16:11:39][xysfpk102] BETS ... [0][180531316][68ms]
[G][05-31 16:11:39][xysfpk102] End ... [180531316][124ms],status=2,result=03,07,06,05,08,09,01,04,10,02
[G][05-31 16:11:39][xysfpk102] Start ... [180531317],status=0,result=03,05,02,01,10,06,08,07,04,09
[G][05-31 16:11:39][xysfpk102] BETS ... [0][180531317][59ms]
[G][05-31 16:11:40][xysfpk102] End ... [180531317][900ms],status=2,result=03,05,02,01,10,06,08,07,04,09
[G][05-31 16:11:40][xysfpk102] Start ... [180531306],status=0,result=08,05,02,04,01,03,06,09,07,10
[G][05-31 16:11:40][xysfpk102] BETS ... [0][180531306][57ms]
[G][05-31 16:11:40][xysfpk102] End ... [180531306][111ms],status=2,result=08,05,02,04,01,03,06,09,07,10
[G][05-31 16:11:41][xysfpk102] Start ... [180531320],status=0,result=02,07,06,01,04,08,09,03,05,10
[G][05-31 16:11:41][xysfpk102] BETS ... [0][180531320][64ms]
[G][05-31 16:11:41][xysfpk102] End ... [180531320][150ms],status=2,result=02,07,06,01,04,08,09,03,05,10
[G][05-31 16:11:41][xysfpk102] Start ... [180531309],status=0,result=04,01,05,07,02,10,08,03,06,09
[G][05-31 16:11:42][xysfpk102] BETS ... [0][180531309][73ms]
[G][05-31 16:11:42][xysfpk102] End ... [180531309][141ms],status=2,result=04,01,05,07,02,10,08,03,06,09
[G][05-31 16:11:42][xysfpk102] Start ... [180531307],status=0,result=04,02,01,07,09,08,06,03,05,10
[G][05-31 16:11:42][xysfpk102] BETS ... [0][180531307][89ms]
[G][05-31 16:11:42][xysfpk102] End ... [180531307][147ms],status=2,result=04,02,01,07,09,08,06,03,05,10
[G][05-31 16:11:42][xysfpk102] Start ... [180531308],status=0,result=05,03,06,07,02,08,01,09,04,10
[G][05-31 16:11:43][xysfpk102] BETS ... [0][180531308][525ms]
[G][05-31 16:11:43][xysfpk102] End ... [180531308][592ms],status=2,result=05,03,06,07,02,08,01,09,04,10
[G][05-31 16:11:43][xysfpk102] Start ... [180531319],status=0,result=07,02,10,09,01,06,05,03,04,08
[G][05-31 16:11:43][xysfpk102] BETS ... [0][180531319][55ms]
[G][05-31 16:11:43][xysfpk102] End ... [180531319][111ms],status=2,result=07,02,10,09,01,06,05,03,04,08
[G][05-31 16:11:43][xysfpk102] Start ... [180531318],status=0,result=08,06,01,05,03,09,07,04,02,10
[G][05-31 16:11:43][xysfpk102] BETS ... [0][180531318][237ms]
[G][05-31 16:11:43][xysfpk102] End ... [180531318][289ms],status=2,result=08,06,01,05,03,09,07,04,02,10
[G][05-31 16:11:44][xysfpk102] gsi last ... [367ms]180531323,01,09,07,02,05,04,06,08,03,10
[G][05-31 16:12:00][xysfpk102] timer launch .....
[G][05-31 16:13:01][xysfpk102] trend ... [18][77385ms]
[G][05-31 16:13:04][xysfpk102] removing opening flag ..... [180531323]
[G][05-31 16:13:04][xysfpk102] SUCCESS  _^_^_ [180531323][93264ms]
[G][05-31 16:18:00][xysfpk102] timer launch .....
[G][05-31 16:18:03][xysfpk102] fetching ..... [180531326][ing=false],openTime=2018-05-31 16:18:00[1/80]
[G][05-31 16:18:09][xysfpk102] fetching ..... [180531326][ing=false],openTime=2018-05-31 16:18:00[2/80]
[G][05-31 16:18:12][xysfpk102] fetching ..... [180531326][ing=false],openTime=2018-05-31 16:18:00[3/80]
[G][05-31 16:18:26][xysfpk102] fetching ..... [180531326][ing=false],openTime=2018-05-31 16:18:00[4/80]
[G][05-31 16:18:26][xysfpk102] fetching ..... [180531326][ing=false],openTime=2018-05-31 16:18:00[5/80]
[G][05-31 16:21:00][xysfpk102] timer launch .....
[G][05-31 16:21:11][xysfpk102] fetching ..... [180531327][ing=false],openTime=2018-05-31 16:21:00[1/80]
[G][05-31 16:21:11][xysfpk102] fetching ..... [180531327][ing=false],openTime=2018-05-31 16:21:00[2/80]
[G][05-31 16:21:16][xysfpk102] fetching ..... [180531327][ing=false],openTime=2018-05-31 16:21:00[3/80]
[G][05-31 16:21:16][xysfpk102] RESULTS  _____ [180531327]=>05,10,06,03,04,01,02,07,09,08
[G][05-31 16:21:16][xysfpk102] timer clear .....
[G][05-31 16:21:17][xysfpk102] -------- OPENing --------
[G][05-31 16:21:17][xysfpk102] Start ... [180531324],status=0,result=04,03,05,08,01,07,10,09,02,06
[G][05-31 16:21:17][xysfpk102] BETS ... [0][180531324][62ms]
[G][05-31 16:21:17][xysfpk102] End ... [180531324][126ms],status=2,result=04,03,05,08,01,07,10,09,02,06
[G][05-31 16:21:18][xysfpk102] Start ... [180531327],status=0,result=05,10,06,03,04,01,02,07,09,08
[G][05-31 16:21:18][xysfpk102] BETS ... [0][180531327][380ms]
[G][05-31 16:21:19][xysfpk102] End ... [180531327][471ms],status=2,result=05,10,06,03,04,01,02,07,09,08
[G][05-31 16:21:19][xysfpk102] Start ... [180531325],status=0,result=02,05,09,04,07,06,01,03,08,10
[G][05-31 16:21:19][xysfpk102] BETS ... [0][180531325][59ms]
[G][05-31 16:21:19][xysfpk102] End ... [180531325][117ms],status=2,result=02,05,09,04,07,06,01,03,08,10
[G][05-31 16:21:19][xysfpk102] Start ... [180531326],status=0,result=07,05,08,03,09,04,10,02,06,01
[G][05-31 16:21:20][xysfpk102] BETS ... [0][180531326][438ms]
[G][05-31 16:21:20][xysfpk102] End ... [180531326][497ms],status=2,result=07,05,08,03,09,04,10,02,06,01
[G][05-31 16:21:21][xysfpk102] gsi last ... [730ms]180531327,05,10,06,03,04,01,02,07,09,08
[G][05-31 16:21:33][xysfpk102] trend ... [4][11891ms]
[G][05-31 16:21:36][xysfpk102] removing opening flag ..... [180531327]
[G][05-31 16:21:36][xysfpk102] SUCCESS  _^_^_ [180531327][19840ms]
[G][05-31 16:24:00][xysfpk102] timer launch .....
[G][05-31 16:24:12][xysfpk102] fetching ..... [180531328][ing=false],openTime=2018-05-31 16:24:00[1/80]
[G][05-31 16:27:00][xysfpk102] timer launch .....
[G][05-31 16:28:14][xysfpk102] fetching ..... [180531329][ing=false],openTime=2018-05-31 16:27:00[1/80]
[G][05-31 16:28:15][xysfpk102] RESULTS  _____ [180531329]=>03,10,09,08,02,06,05,07,04,01
[G][05-31 16:28:15][xysfpk102] timer clear .....
[G][05-31 16:28:15][xysfpk102] -------- OPENing --------
[G][05-31 16:28:18][xysfpk102] Start ... [180531328],status=0,result=08,04,06,09,02,07,01,05,10,03
[G][05-31 16:28:19][xysfpk102] BETS ... [0][180531328][945ms]
[G][05-31 16:28:19][xysfpk102] End ... [180531328][1148ms],status=2,result=08,04,06,09,02,07,01,05,10,03
[G][05-31 16:28:22][xysfpk102] Start ... [180531329],status=0,result=03,10,09,08,02,06,05,07,04,01
[G][05-31 16:28:22][xysfpk102] BETS ... [0][180531329][207ms]
[G][05-31 16:28:22][xysfpk102] End ... [180531329][412ms],status=2,result=03,10,09,08,02,06,05,07,04,01
[G][05-31 16:28:23][xysfpk102] gsi last ... [1207ms]180531329,03,10,09,08,02,06,05,07,04,01
[G][05-31 16:28:39][xysfpk102] trend ... [2][15263ms]
[G][05-31 16:28:46][xysfpk102] removing opening flag ..... [180531329]
[G][05-31 16:28:46][xysfpk102] SUCCESS  _^_^_ [180531329][31142ms]
[G][05-31 16:30:00][xysfpk102] timer launch .....
[G][05-31 16:30:06][xysfpk102] fetching ..... [180531330][ing=false],openTime=2018-05-31 16:30:00[1/80]
[G][05-31 16:30:10][xysfpk102] fetching ..... [180531330][ing=false],openTime=2018-05-31 16:30:00[2/80]
[G][05-31 16:30:15][xysfpk102] fetching ..... [180531330][ing=false],openTime=2018-05-31 16:30:00[3/80]
[G][05-31 16:30:15][xysfpk102] RESULTS  _____ [180531330]=>04,05,03,01,08,06,10,07,09,02
[G][05-31 16:30:15][xysfpk102] timer clear .....
[G][05-31 16:30:16][xysfpk102] -------- OPENing --------
[G][05-31 16:30:19][xysfpk102] Start ... [180531330],status=0,result=04,05,03,01,08,06,10,07,09,02
[G][05-31 16:30:19][xysfpk102] BETS ... [0][180531330][199ms]
[G][05-31 16:30:20][xysfpk102] End ... [180531330][400ms],status=2,result=04,05,03,01,08,06,10,07,09,02
[G][05-31 16:30:21][xysfpk102] gsi last ... [597ms]180531330,04,05,03,01,08,06,10,07,09,02
[G][05-31 16:30:21][xysfpk102] trend ... [1][199ms]
[G][05-31 16:30:31][xysfpk102] removing opening flag ..... [180531330]
[G][05-31 16:30:31][xysfpk102] SUCCESS  _^_^_ [180531330][16133ms]
[G][05-31 16:30:41][xysfpk102] init session[15110ms]
[G][05-31 16:33:00][xysfpk102] timer launch .....
[G][05-31 16:33:24][xysfpk102] fetching ..... [180531331][ing=false],openTime=2018-05-31 16:33:00[1/80]
[G][05-31 16:33:24][xysfpk102] RESULTS  _____ [180531331]=>07,02,06,04,09,01,05,08,10,03
[G][05-31 16:33:24][xysfpk102] timer clear .....
[G][05-31 16:33:25][xysfpk102] -------- OPENing --------
[G][05-31 16:33:29][xysfpk102] Start ... [180531331],status=0,result=07,02,06,04,09,01,05,08,10,03
[G][05-31 16:33:29][xysfpk102] BETS ... [0][180531331][205ms]
[G][05-31 16:33:29][xysfpk102] End ... [180531331][404ms],status=2,result=07,02,06,04,09,01,05,08,10,03
[G][05-31 16:33:31][xysfpk102] gsi last ... [623ms]180531331,07,02,06,04,09,01,05,08,10,03
[G][05-31 16:33:31][xysfpk102] trend ... [1][213ms]
[G][05-31 16:33:43][xysfpk102] removing opening flag ..... [180531331]
[G][05-31 16:33:43][xysfpk102] SUCCESS  _^_^_ [180531331][18170ms]
[G][05-31 16:36:00][xysfpk102] timer launch .....
[G][05-31 16:36:16][xysfpk102] fetching ..... [180531332][ing=false],openTime=2018-05-31 16:36:00[1/80]
[G][05-31 16:36:18][xysfpk102] fetching ..... [180531332][ing=false],openTime=2018-05-31 16:36:00[2/80]
[G][05-31 16:37:01][xysfpk102] fetching ..... [180531332][ing=false],openTime=2018-05-31 16:36:00[3/80]
[G][05-31 16:37:01][xysfpk102] RESULTS  _____ [180531332]=>06,07,09,08,01,05,03,10,04,02
[G][05-31 16:37:01][xysfpk102] timer clear .....
[G][05-31 16:37:02][xysfpk102] -------- OPENing --------
[G][05-31 16:37:04][xysfpk102] Start ... [180531332],status=0,result=06,07,09,08,01,05,03,10,04,02
[G][05-31 16:37:04][xysfpk102] BETS ... [0][180531332][206ms]
[G][05-31 16:37:04][xysfpk102] End ... [180531332][408ms],status=2,result=06,07,09,08,01,05,03,10,04,02
[G][05-31 16:37:08][xysfpk102] gsi last ... [603ms]180531332,06,07,09,08,01,05,03,10,04,02
[G][05-31 16:37:08][xysfpk102] trend ... [1][204ms]
[G][05-31 16:37:22][xysfpk102] removing opening flag ..... [180531332]
[G][05-31 16:37:22][xysfpk102] SUCCESS  _^_^_ [180531332][20369ms]
[G][05-31 16:39:00][xysfpk102] timer launch .....
[G][05-31 16:39:14][xysfpk102] fetching ..... [180531333][ing=false],openTime=2018-05-31 16:39:00[1/80]
[G][05-31 16:39:14][xysfpk102] RESULTS  _____ [180531333]=>05,06,02,10,01,09,03,04,07,08
[G][05-31 16:39:14][xysfpk102] timer clear .....
[G][05-31 16:39:14][xysfpk102] -------- OPENing --------
[G][05-31 16:39:15][xysfpk102] Start ... [180531333],status=0,result=05,06,02,10,01,09,03,04,07,08
[G][05-31 16:39:15][xysfpk102] BETS ... [0][180531333][62ms]
[G][05-31 16:39:15][xysfpk102] End ... [180531333][123ms],status=2,result=05,06,02,10,01,09,03,04,07,08
[G][05-31 16:39:17][xysfpk102] gsi last ... [1051ms]180531333,05,06,02,10,01,09,03,04,07,08
[G][05-31 16:39:17][xysfpk102] trend ... [1][64ms]
[G][05-31 16:39:21][xysfpk102] removing opening flag ..... [180531333]
[G][05-31 16:39:21][xysfpk102] SUCCESS  _^_^_ [180531333][7190ms]
[G][05-31 16:42:00][xysfpk102] timer launch .....
[G][05-31 16:42:07][xysfpk102] fetching ..... [180531334][ing=false],openTime=2018-05-31 16:42:00[1/80]
[G][05-31 16:42:08][xysfpk102] fetching ..... [180531334][ing=false],openTime=2018-05-31 16:42:00[2/80]
[G][05-31 16:42:13][xysfpk102] fetching ..... [180531334][ing=false],openTime=2018-05-31 16:42:00[3/80]
[G][05-31 16:42:18][xysfpk102] fetching ..... [180531334][ing=false],openTime=2018-05-31 16:42:00[4/80]
[G][05-31 16:42:18][xysfpk102] RESULTS  _____ [180531334]=>08,01,05,06,04,03,07,10,09,02
[G][05-31 16:42:18][xysfpk102] timer clear .....
[G][05-31 16:42:19][xysfpk102] -------- OPENing --------
[G][05-31 16:42:20][xysfpk102] Start ... [180531334],status=0,result=08,01,05,06,04,03,07,10,09,02
[G][05-31 16:42:20][xysfpk102] BETS ... [0][180531334][66ms]
[G][05-31 16:42:20][xysfpk102] End ... [180531334][127ms],status=2,result=08,01,05,06,04,03,07,10,09,02
[G][05-31 16:42:21][xysfpk102] gsi last ... [291ms]180531334,08,01,05,06,04,03,07,10,09,02
[G][05-31 16:42:21][xysfpk102] trend ... [1][554ms]
[G][05-31 16:42:24][xysfpk102] removing opening flag ..... [180531334]
[G][05-31 16:42:24][xysfpk102] SUCCESS  _^_^_ [180531334][5827ms]
[G][05-31 16:45:00][xysfpk102] timer launch .....
[G][05-31 16:45:05][xysfpk102] fetching ..... [180531335][ing=false],openTime=2018-05-31 16:45:00[1/80]
[G][05-31 16:45:05][xysfpk102] fetching ..... [180531335][ing=false],openTime=2018-05-31 16:45:00[2/80]
[G][05-31 16:45:12][xysfpk102] fetching ..... [180531335][ing=false],openTime=2018-05-31 16:45:00[3/80]
[G][05-31 16:45:21][xysfpk102] fetching ..... [180531335][ing=false],openTime=2018-05-31 16:45:00[4/80]
[G][05-31 16:45:21][xysfpk102] RESULTS  _____ [180531335]=>07,04,08,05,10,09,03,01,06,02
[G][05-31 16:45:21][xysfpk102] timer clear .....
[G][05-31 16:45:21][xysfpk102] -------- OPENing --------
[G][05-31 16:45:22][xysfpk102] Start ... [180531335],status=0,result=07,04,08,05,10,09,03,01,06,02
[G][05-31 16:45:22][xysfpk102] BETS ... [0][180531335][63ms]
[G][05-31 16:45:22][xysfpk102] End ... [180531335][128ms],status=2,result=07,04,08,05,10,09,03,01,06,02
[G][05-31 16:45:23][xysfpk102] gsi last ... [216ms]180531335,07,04,08,05,10,09,03,01,06,02
[G][05-31 16:45:24][xysfpk102] trend ... [1][394ms]
[G][05-31 16:45:26][xysfpk102] removing opening flag ..... [180531335]
[G][05-31 16:45:26][xysfpk102] SUCCESS  _^_^_ [180531335][5090ms]
[G][05-31 16:48:00][xysfpk102] timer launch .....
[G][05-31 16:48:03][xysfpk102] fetching ..... [180531336][ing=false],openTime=2018-05-31 16:48:00[1/80]
[G][05-31 16:48:08][xysfpk102] fetching ..... [180531336][ing=false],openTime=2018-05-31 16:48:00[2/80]
[G][05-31 16:48:13][xysfpk102] fetching ..... [180531336][ing=false],openTime=2018-05-31 16:48:00[3/80]
[G][05-31 16:48:13][xysfpk102] RESULTS  _____ [180531336]=>02,10,09,03,07,05,01,04,08,06
[G][05-31 16:48:13][xysfpk102] timer clear .....
[G][05-31 16:48:14][xysfpk102] -------- OPENing --------
[G][05-31 16:48:14][xysfpk102] Start ... [180531336],status=0,result=02,10,09,03,07,05,01,04,08,06
[G][05-31 16:48:14][xysfpk102] BETS ... [0][180531336][61ms]
[G][05-31 16:48:14][xysfpk102] End ... [180531336][121ms],status=2,result=02,10,09,03,07,05,01,04,08,06
[G][05-31 16:48:16][xysfpk102] gsi last ... [664ms]180531336,02,10,09,03,07,05,01,04,08,06
[G][05-31 16:48:16][xysfpk102] trend ... [1][60ms]
[G][05-31 16:48:19][xysfpk102] removing opening flag ..... [180531336]
[G][05-31 16:48:19][xysfpk102] SUCCESS  _^_^_ [180531336][6297ms]
[G][05-31 16:51:00][xysfpk102] timer launch .....
[G][05-31 16:51:01][xysfpk102] fetching ..... [180531337][ing=false],openTime=2018-05-31 16:51:00[1/80]
[G][05-31 16:51:05][xysfpk102] fetching ..... [180531337][ing=false],openTime=2018-05-31 16:51:00[2/80]
[G][05-31 16:51:10][xysfpk102] fetching ..... [180531337][ing=false],openTime=2018-05-31 16:51:00[3/80]
[G][05-31 16:51:17][xysfpk102] fetching ..... [180531337][ing=false],openTime=2018-05-31 16:51:00[4/80]
[G][05-31 16:51:17][xysfpk102] RESULTS  _____ [180531337]=>10,07,01,09,08,02,06,03,05,04
[G][05-31 16:51:17][xysfpk102] timer clear .....
[G][05-31 16:51:17][xysfpk102] -------- OPENing --------
[G][05-31 16:51:18][xysfpk102] Start ... [180531337],status=0,result=10,07,01,09,08,02,06,03,05,04
[G][05-31 16:51:18][xysfpk102] BETS ... [0][180531337][95ms]
[G][05-31 16:51:18][xysfpk102] End ... [180531337][168ms],status=2,result=10,07,01,09,08,02,06,03,05,04
[G][05-31 16:51:20][xysfpk102] gsi last ... [255ms]180531337,10,07,01,09,08,02,06,03,05,04
[G][05-31 16:51:20][xysfpk102] trend ... [1][84ms]
[G][05-31 16:51:24][xysfpk102] removing opening flag ..... [180531337]
[G][05-31 16:51:24][xysfpk102] SUCCESS  _^_^_ [180531337][7416ms]
[G][05-31 16:54:00][xysfpk102] timer launch .....
[G][05-31 16:54:10][xysfpk102] fetching ..... [180531338][ing=false],openTime=2018-05-31 16:54:00[1/80]
[G][05-31 16:57:00][xysfpk102] timer launch .....
[G][05-31 16:57:01][xysfpk102] fetching ..... [180531339][ing=false],openTime=2018-05-31 16:57:00[1/80]
[G][05-31 17:00:00][xysfpk102] timer launch .....
[G][05-31 17:00:13][xysfpk102] init session[905ms]
[G][05-31 17:00:25][xysfpk102] fetching ..... [180531340][ing=false],openTime=2018-05-31 17:00:00[1/80]
[G][05-31 17:00:25][xysfpk102] RESULTS  _____ [180531340]=>07,04,02,03,08,06,05,10,01,09
[G][05-31 17:00:25][xysfpk102] timer clear .....
[G][05-31 17:00:26][xysfpk102] -------- OPENing --------
[G][05-31 17:00:26][xysfpk102] Start ... [180531338],status=0,result=09,01,06,04,03,07,08,05,02,10
[G][05-31 17:00:26][xysfpk102] BETS ... [0][180531338][61ms]
[G][05-31 17:00:26][xysfpk102] End ... [180531338][150ms],status=2,result=09,01,06,04,03,07,08,05,02,10
[G][05-31 17:00:27][xysfpk102] Start ... [180531339],status=0,result=05,03,02,10,01,08,09,06,07,04
[G][05-31 17:00:27][xysfpk102] BETS ... [0][180531339][82ms]
[G][05-31 17:00:27][xysfpk102] End ... [180531339][147ms],status=2,result=05,03,02,10,01,08,09,06,07,04
[G][05-31 17:00:28][xysfpk102] Start ... [180531340],status=0,result=07,04,02,03,08,06,05,10,01,09
[G][05-31 17:00:28][xysfpk102] BETS ... [0][180531340][86ms]
[G][05-31 17:00:28][xysfpk102] End ... [180531340][155ms],status=2,result=07,04,02,03,08,06,05,10,01,09
[G][05-31 17:00:29][xysfpk102] gsi last ... [347ms]180531340,07,04,02,03,08,06,05,10,01,09
[G][05-31 17:00:37][xysfpk102] trend ... [3][7535ms]
[G][05-31 17:00:41][xysfpk102] removing opening flag ..... [180531340]
[G][05-31 17:00:41][xysfpk102] SUCCESS  _^_^_ [180531340][15323ms]
[G][05-31 18:21:00][xysfpk102] timer launch .....
[G][05-31 18:21:03][xysfpk102] fetching ..... [180531367][ing=false],openTime=2018-05-31 18:21:00[1/80]
[G][05-31 18:21:05][xysfpk102] fetching ..... [180531367][ing=false],openTime=2018-05-31 18:21:00[2/80]
[G][05-31 18:21:11][xysfpk102] fetching ..... [180531367][ing=false],openTime=2018-05-31 18:21:00[3/80]
[G][05-31 18:21:18][xysfpk102] fetching ..... [180531367][ing=false],openTime=2018-05-31 18:21:00[4/80]
[G][05-31 18:21:23][xysfpk102] fetching ..... [180531367][ing=false],openTime=2018-05-31 18:21:00[5/80]
[G][05-31 18:21:23][xysfpk102] RESULTS  _____ [180531367]=>05,03,04,08,02,10,09,01,06,07
[G][05-31 18:21:23][xysfpk102] timer clear .....
[G][05-31 18:21:23][xysfpk102] -------- OPENing --------
[G][05-31 18:21:23][xysfpk102] Start ... [180531349],status=0,result=01,05,02,06,10,08,04,03,07,09
[G][05-31 18:21:23][xysfpk102] BETS ... [0][180531349][57ms]
[G][05-31 18:21:23][xysfpk102] End ... [180531349][114ms],status=2,result=01,05,02,06,10,08,04,03,07,09
[G][05-31 18:21:23][xysfpk102] Start ... [180531354],status=0,result=01,04,03,05,10,09,02,08,06,07
[G][05-31 18:21:23][xysfpk102] BETS ... [0][180531354][56ms]
[G][05-31 18:21:23][xysfpk102] End ... [180531354][115ms],status=2,result=01,04,03,05,10,09,02,08,06,07
[G][05-31 18:21:24][xysfpk102] Start ... [180531367],status=0,result=05,03,04,08,02,10,09,01,06,07
[G][05-31 18:21:24][xysfpk102] BETS ... [0][180531367][59ms]
[G][05-31 18:21:24][xysfpk102] End ... [180531367][117ms],status=2,result=05,03,04,08,02,10,09,01,06,07
[G][05-31 18:21:24][xysfpk102] Start ... [180531355],status=0,result=08,09,07,05,06,04,01,03,02,10
[G][05-31 18:21:24][xysfpk102] BETS ... [0][180531355][59ms]
[G][05-31 18:21:24][xysfpk102] End ... [180531355][125ms],status=2,result=08,09,07,05,06,04,01,03,02,10
[G][05-31 18:21:24][xysfpk102] Start ... [180531365],status=0,result=05,07,06,08,01,03,09,10,04,02
[G][05-31 18:21:24][xysfpk102] BETS ... [0][180531365][89ms]
[G][05-31 18:21:24][xysfpk102] End ... [180531365][214ms],status=2,result=05,07,06,08,01,03,09,10,04,02
[G][05-31 18:21:24][xysfpk102] Start ... [180531356],status=0,result=02,06,09,07,05,01,03,04,10,08
[G][05-31 18:21:25][xysfpk102] BETS ... [0][180531356][425ms]
[G][05-31 18:21:25][xysfpk102] End ... [180531356][492ms],status=2,result=02,06,09,07,05,01,03,04,10,08
[G][05-31 18:21:25][xysfpk102] Start ... [180531348],status=0,result=05,08,10,03,07,01,06,09,02,04
[G][05-31 18:21:25][xysfpk102] BETS ... [0][180531348][281ms]
[G][05-31 18:21:26][xysfpk102] End ... [180531348][405ms],status=2,result=05,08,10,03,07,01,06,09,02,04
[G][05-31 18:21:26][xysfpk102] Start ... [180531366],status=0,result=01,10,07,06,04,08,05,02,03,09
[G][05-31 18:21:26][xysfpk102] BETS ... [0][180531366][59ms]
[G][05-31 18:21:26][xysfpk102] End ... [180531366][146ms],status=2,result=01,10,07,06,04,08,05,02,03,09
[G][05-31 18:21:26][xysfpk102] Start ... [180531357],status=0,result=04,10,01,03,07,02,06,09,05,08
[G][05-31 18:21:26][xysfpk102] BETS ... [0][180531357][64ms]
[G][05-31 18:21:26][xysfpk102] End ... [180531357][120ms],status=2,result=04,10,01,03,07,02,06,09,05,08
[G][05-31 18:21:26][xysfpk102] Start ... [180531358],status=0,result=02,07,09,03,04,08,05,06,10,01
[G][05-31 18:21:26][xysfpk102] BETS ... [0][180531358][62ms]
[G][05-31 18:21:26][xysfpk102] End ... [180531358][120ms],status=2,result=02,07,09,03,04,08,05,06,10,01
[G][05-31 18:21:27][xysfpk102] Start ... [180531359],status=0,result=07,01,05,03,10,06,02,04,09,08
[G][05-31 18:21:27][xysfpk102] BETS ... [0][180531359][59ms]
[G][05-31 18:21:27][xysfpk102] End ... [180531359][113ms],status=2,result=07,01,05,03,10,06,02,04,09,08
[G][05-31 18:21:27][xysfpk102] Start ... [180531360],status=0,result=04,06,10,07,02,08,09,01,03,05
[G][05-31 18:21:27][xysfpk102] BETS ... [0][180531360][64ms]
[G][05-31 18:21:27][xysfpk102] End ... [180531360][119ms],status=2,result=04,06,10,07,02,08,09,01,03,05
[G][05-31 18:21:27][xysfpk102] Start ... [180531350],status=0,result=09,07,01,03,05,10,08,06,02,04
[G][05-31 18:21:27][xysfpk102] BETS ... [0][180531350][133ms]
[G][05-31 18:21:27][xysfpk102] End ... [180531350][192ms],status=2,result=09,07,01,03,05,10,08,06,02,04
[G][05-31 18:21:27][xysfpk102] Start ... [180531363],status=0,result=07,09,03,06,01,05,08,04,10,02
[G][05-31 18:21:28][xysfpk102] BETS ... [0][180531363][58ms]
[G][05-31 18:21:28][xysfpk102] End ... [180531363][120ms],status=2,result=07,09,03,06,01,05,08,04,10,02
[G][05-31 18:21:28][xysfpk102] Start ... [180531351],status=0,result=07,06,03,08,02,09,01,10,04,05
[G][05-31 18:21:28][xysfpk102] BETS ... [0][180531351][60ms]
[G][05-31 18:21:28][xysfpk102] End ... [180531351][123ms],status=2,result=07,06,03,08,02,09,01,10,04,05
[G][05-31 18:21:28][xysfpk102] Start ... [180531364],status=0,result=01,06,07,09,02,05,10,08,04,03
[G][05-31 18:21:28][xysfpk102] BETS ... [0][180531364][104ms]
[G][05-31 18:21:28][xysfpk102] End ... [180531364][183ms],status=2,result=01,06,07,09,02,05,10,08,04,03
[G][05-31 18:21:28][xysfpk102] Start ... [180531352],status=0,result=04,05,01,09,07,06,02,08,10,03
[G][05-31 18:21:28][xysfpk102] BETS ... [0][180531352][70ms]
[G][05-31 18:21:28][xysfpk102] End ... [180531352][155ms],status=2,result=04,05,01,09,07,06,02,08,10,03
[G][05-31 18:21:29][xysfpk102] Start ... [180531361],status=0,result=04,08,10,05,07,02,06,03,01,09
[G][05-31 18:21:29][xysfpk102] BETS ... [0][180531361][282ms]
[G][05-31 18:21:29][xysfpk102] End ... [180531361][336ms],status=2,result=04,08,10,05,07,02,06,03,01,09
[G][05-31 18:21:29][xysfpk102] Start ... [180531353],status=0,result=06,02,09,05,07,04,01,03,08,10
[G][05-31 18:21:29][xysfpk102] BETS ... [0][180531353][64ms]
[G][05-31 18:21:29][xysfpk102] End ... [180531353][194ms],status=2,result=06,02,09,05,07,04,01,03,08,10
[G][05-31 18:21:30][xysfpk102] Start ... [180531362],status=0,result=02,10,04,03,01,09,05,07,06,08
[G][05-31 18:21:30][xysfpk102] BETS ... [0][180531362][64ms]
[G][05-31 18:21:30][xysfpk102] End ... [180531362][124ms],status=2,result=02,10,04,03,01,09,05,07,06,08
[G][05-31 18:21:31][xysfpk102] gsi last ... [677ms]180531367,05,03,04,08,02,10,09,01,06,07
[G][05-31 18:22:31][xysfpk102] open err::=>Could not execute JDBC batch update
[G][05-31 18:22:44][xysfpk102] err::throw exception...
[G][05-31 18:24:00][xysfpk102] timer launch .....
[G][05-31 18:24:05][xysfpk102] fetching ..... [180531368][ing=false],openTime=2018-05-31 18:24:00[1/80]
[G][05-31 18:24:05][xysfpk102] fetching ..... [180531368][ing=false],openTime=2018-05-31 18:24:00[2/80]
[G][05-31 18:24:11][xysfpk102] fetching ..... [180531368][ing=false],openTime=2018-05-31 18:24:00[3/80]
[G][05-31 18:24:16][xysfpk102] fetching ..... [180531368][ing=false],openTime=2018-05-31 18:24:00[4/80]
[G][05-31 18:27:00][xysfpk102] timer launch .....
[G][05-31 18:27:04][xysfpk102] fetching ..... [180531369][ing=false],openTime=2018-05-31 18:27:00[1/80]
[G][05-31 18:27:10][xysfpk102] fetching ..... [180531369][ing=false],openTime=2018-05-31 18:27:00[2/80]
[G][05-31 18:27:11][xysfpk102] fetching ..... [180531369][ing=false],openTime=2018-05-31 18:27:00[3/80]
[G][05-31 18:27:16][xysfpk102] fetching ..... [180531369][ing=false],openTime=2018-05-31 18:27:00[4/80]
[G][05-31 18:27:21][xysfpk102] fetching ..... [180531369][ing=false],openTime=2018-05-31 18:27:00[5/80]
[G][05-31 18:27:27][xysfpk102] fetching ..... [180531369][ing=false],openTime=2018-05-31 18:27:00[6/80]
[G][05-31 18:30:00][xysfpk102] timer launch .....
[G][05-31 18:30:00][xysfpk102] fetching ..... [180531370][ing=false],openTime=2018-05-31 18:30:00[1/80]
[G][05-31 18:30:06][xysfpk102] init session[715ms]
[G][05-31 18:33:00][xysfpk102] timer launch .....
[G][05-31 18:33:17][xysfpk102] fetching ..... [180531371][ing=false],openTime=2018-05-31 18:33:00[1/80]
[G][05-31 18:33:19][xysfpk102] fetching ..... [180531371][ing=false],openTime=2018-05-31 18:33:00[2/80]
[G][05-31 18:33:24][xysfpk102] fetching ..... [180531371][ing=false],openTime=2018-05-31 18:33:00[3/80]
[G][05-31 18:34:04][xysfpk102] fetching ..... [180531371][ing=false],openTime=2018-05-31 18:33:00[4/80]
[G][05-31 18:34:04][xysfpk102] RESULTS  _____ [180531371]=>07,08,04,10,06,02,05,01,09,03
[G][05-31 18:34:04][xysfpk102] timer clear .....
[G][05-31 18:34:04][xysfpk102] -------- OPENing --------
[G][05-31 18:34:05][xysfpk102] Start ... [180531368],status=0,result=10,03,04,07,01,08,09,02,05,06
[G][05-31 18:34:05][xysfpk102] BETS ... [0][180531368][59ms]
[G][05-31 18:34:05][xysfpk102] End ... [180531368][113ms],status=2,result=10,03,04,07,01,08,09,02,05,06
[G][05-31 18:34:05][xysfpk102] Start ... [180531369],status=0,result=08,01,10,03,02,05,09,04,06,07
[G][05-31 18:34:05][xysfpk102] BETS ... [0][180531369][54ms]
[G][05-31 18:34:06][xysfpk102] End ... [180531369][105ms],status=2,result=08,01,10,03,02,05,09,04,06,07
[G][05-31 18:34:06][xysfpk102] Start ... [180531370],status=0,result=01,04,10,05,09,07,06,02,08,03
[G][05-31 18:34:06][xysfpk102] BETS ... [0][180531370][55ms]
[G][05-31 18:34:06][xysfpk102] End ... [180531370][106ms],status=2,result=01,04,10,05,09,07,06,02,08,03
[G][05-31 18:34:06][xysfpk102] Start ... [180531371],status=0,result=07,08,04,10,06,02,05,01,09,03
[G][05-31 18:34:06][xysfpk102] BETS ... [0][180531371][54ms]
[G][05-31 18:34:06][xysfpk102] End ... [180531371][107ms],status=2,result=07,08,04,10,06,02,05,01,09,03
[G][05-31 18:34:07][xysfpk102] gsi last ... [163ms]180531371,07,08,04,10,06,02,05,01,09,03
[G][05-31 18:34:13][xysfpk102] trend ... [4][6141ms]
[G][05-31 18:34:15][xysfpk102] removing opening flag ..... [180531371]
[G][05-31 18:34:15][xysfpk102] SUCCESS  _^_^_ [180531371][11116ms]
[G][05-31 18:36:00][xysfpk102] timer launch .....
[G][05-31 18:39:00][xysfpk102] timer launch .....
[G][05-31 18:39:02][xysfpk102] fetching ..... [180531373][ing=false],openTime=2018-05-31 18:39:00[1/80]
[G][05-31 18:39:08][xysfpk102] fetching ..... [180531373][ing=false],openTime=2018-05-31 18:39:00[2/80]
[G][05-31 18:39:14][xysfpk102] fetching ..... [180531373][ing=false],openTime=2018-05-31 18:39:00[3/80]
[G][05-31 18:39:14][xysfpk102] RESULTS  _____ [180531373]=>03,05,10,09,06,08,04,01,07,02
[G][05-31 18:39:14][xysfpk102] timer clear .....
[G][05-31 18:39:14][xysfpk102] -------- OPENing --------
[G][05-31 18:39:15][xysfpk102] Start ... [180531372],status=0,result=05,10,01,07,03,09,08,02,04,06
[G][05-31 18:39:15][xysfpk102] BETS ... [0][180531372][81ms]
[G][05-31 18:39:15][xysfpk102] End ... [180531372][143ms],status=2,result=05,10,01,07,03,09,08,02,04,06
[G][05-31 18:39:15][xysfpk102] Start ... [180531373],status=0,result=03,05,10,09,06,08,04,01,07,02
[G][05-31 18:39:16][xysfpk102] BETS ... [0][180531373][90ms]
[G][05-31 18:39:16][xysfpk102] End ... [180531373][213ms],status=2,result=03,05,10,09,06,08,04,01,07,02
[G][05-31 18:39:17][xysfpk102] gsi last ... [192ms]180531373,03,05,10,09,06,08,04,01,07,02
[G][05-31 18:39:20][xysfpk102] trend ... [2][3084ms]
[G][05-31 18:39:23][xysfpk102] removing opening flag ..... [180531373]
[G][05-31 18:39:23][xysfpk102] SUCCESS  _^_^_ [180531373][8539ms]
[G][05-31 18:42:00][xysfpk102] timer launch .....
[G][05-31 18:42:04][xysfpk102] fetching ..... [180531374][ing=false],openTime=2018-05-31 18:42:00[1/80]
[G][05-31 18:42:08][xysfpk102] fetching ..... [180531374][ing=false],openTime=2018-05-31 18:42:00[2/80]
[G][05-31 18:42:15][xysfpk102] fetching ..... [180531374][ing=false],openTime=2018-05-31 18:42:00[3/80]
[G][05-31 18:42:16][xysfpk102] fetching ..... [180531374][ing=false],openTime=2018-05-31 18:42:00[4/80]
[G][05-31 18:42:21][xysfpk102] fetching ..... [180531374][ing=false],openTime=2018-05-31 18:42:00[5/80]
[G][05-31 18:42:31][xysfpk102] fetching ..... [180531374][ing=false],openTime=2018-05-31 18:42:00[6/80]
[G][05-31 18:42:31][xysfpk102] RESULTS  _____ [180531374]=>04,08,02,06,01,07,05,10,09,03
[G][05-31 18:42:31][xysfpk102] timer clear .....
[G][05-31 18:42:31][xysfpk102] -------- OPENing --------
[G][05-31 18:42:32][xysfpk102] Start ... [180531374],status=0,result=04,08,02,06,01,07,05,10,09,03
[G][05-31 18:42:32][xysfpk102] BETS ... [0][180531374][88ms]
[G][05-31 18:42:32][xysfpk102] End ... [180531374][144ms],status=2,result=04,08,02,06,01,07,05,10,09,03
[G][05-31 18:42:33][xysfpk102] gsi last ... [177ms]180531374,04,08,02,06,01,07,05,10,09,03
[G][05-31 18:42:33][xysfpk102] trend ... [1][59ms]
[G][05-31 18:42:35][xysfpk102] removing opening flag ..... [180531374]
[G][05-31 18:42:35][xysfpk102] SUCCESS  _^_^_ [180531374][4332ms]
[G][05-31 18:45:00][xysfpk102] timer launch .....
[G][05-31 18:45:04][xysfpk102] fetching ..... [180531375][ing=false],openTime=2018-05-31 18:45:00[1/80]
[G][05-31 18:45:05][xysfpk102] fetching ..... [180531375][ing=false],openTime=2018-05-31 18:45:00[2/80]
[G][05-31 18:45:16][xysfpk102] fetching ..... [180531375][ing=false],openTime=2018-05-31 18:45:00[3/80]
[G][05-31 18:45:16][xysfpk102] fetching ..... [180531375][ing=false],openTime=2018-05-31 18:45:00[4/80]
[G][05-31 18:45:21][xysfpk102] fetching ..... [180531375][ing=false],openTime=2018-05-31 18:45:00[5/80]
[G][05-31 18:45:21][xysfpk102] RESULTS  _____ [180531375]=>07,01,06,04,03,05,10,09,02,08
[G][05-31 18:45:21][xysfpk102] timer clear .....
[G][05-31 18:45:22][xysfpk102] -------- OPENing --------
[G][05-31 18:45:23][xysfpk102] Start ... [180531375],status=0,result=07,01,06,04,03,05,10,09,02,08
[G][05-31 18:45:23][xysfpk102] BETS ... [0][180531375][58ms]
[G][05-31 18:45:23][xysfpk102] End ... [180531375][116ms],status=2,result=07,01,06,04,03,05,10,09,02,08
[G][05-31 18:45:24][xysfpk102] gsi last ... [238ms]180531375,07,01,06,04,03,05,10,09,02,08
[G][05-31 18:45:24][xysfpk102] trend ... [1][63ms]
[G][05-31 18:45:27][xysfpk102] removing opening flag ..... [180531375]
[G][05-31 18:45:27][xysfpk102] SUCCESS  _^_^_ [180531375][5477ms]
[G][05-31 18:48:00][xysfpk102] timer launch .....
[G][05-31 18:48:06][xysfpk102] fetching ..... [180531376][ing=false],openTime=2018-05-31 18:48:00[1/80]
[G][05-31 18:51:00][xysfpk102] timer launch .....
[G][05-31 18:51:03][xysfpk102] fetching ..... [180531377][ing=false],openTime=2018-05-31 18:51:00[1/80]
[G][05-31 18:51:05][xysfpk102] fetching ..... [180531377][ing=false],openTime=2018-05-31 18:51:00[2/80]
[G][05-31 18:51:10][xysfpk102] fetching ..... [180531377][ing=false],openTime=2018-05-31 18:51:00[3/80]
[G][05-31 18:51:16][xysfpk102] fetching ..... [180531377][ing=false],openTime=2018-05-31 18:51:00[4/80]
[G][05-31 18:51:20][xysfpk102] fetching ..... [180531377][ing=false],openTime=2018-05-31 18:51:00[5/80]
[G][05-31 18:51:21][xysfpk102] RESULTS  _____ [180531377]=>06,03,07,04,08,02,10,09,05,01
[G][05-31 18:51:21][xysfpk102] timer clear .....
[G][05-31 18:51:21][xysfpk102] -------- OPENing --------
[G][05-31 18:51:21][xysfpk102] Start ... [180531376],status=0,result=03,04,09,08,02,10,07,06,05,01
[G][05-31 18:51:21][xysfpk102] BETS ... [0][180531376][68ms]
[G][05-31 18:51:21][xysfpk102] End ... [180531376][134ms],status=2,result=03,04,09,08,02,10,07,06,05,01
[G][05-31 18:51:22][xysfpk102] Start ... [180531377],status=0,result=06,03,07,04,08,02,10,09,05,01
[G][05-31 18:51:22][xysfpk102] BETS ... [0][180531377][71ms]
[G][05-31 18:51:22][xysfpk102] End ... [180531377][138ms],status=2,result=06,03,07,04,08,02,10,09,05,01
[G][05-31 18:51:23][xysfpk102] gsi last ... [195ms]180531377,06,03,07,04,08,02,10,09,05,01
[G][05-31 18:51:27][xysfpk102] trend ... [2][3064ms]
[G][05-31 18:51:31][xysfpk102] removing opening flag ..... [180531377]
[G][05-31 18:51:31][xysfpk102] SUCCESS  _^_^_ [180531377][9923ms]
[G][05-31 18:54:00][xysfpk102] timer launch .....
[G][05-31 18:54:06][xysfpk102] fetching ..... [180531378][ing=false],openTime=2018-05-31 18:54:00[1/80]
[G][05-31 18:57:00][xysfpk102] timer launch .....
[G][05-31 18:57:04][xysfpk102] fetching ..... [180531379][ing=false],openTime=2018-05-31 18:57:00[1/80]
[G][05-31 18:57:10][xysfpk102] fetching ..... [180531379][ing=false],openTime=2018-05-31 18:57:00[2/80]
[G][05-31 18:57:11][xysfpk102] fetching ..... [180531379][ing=false],openTime=2018-05-31 18:57:00[3/80]
[G][05-31 18:57:16][xysfpk102] fetching ..... [180531379][ing=false],openTime=2018-05-31 18:57:00[4/80]
[G][05-31 18:57:21][xysfpk102] fetching ..... [180531379][ing=false],openTime=2018-05-31 18:57:00[5/80]
[G][05-31 18:57:21][xysfpk102] RESULTS  _____ [180531379]=>06,07,03,08,10,04,09,01,05,02
[G][05-31 18:57:21][xysfpk102] timer clear .....
[G][05-31 18:57:21][xysfpk102] -------- OPENing --------
[G][05-31 18:57:21][xysfpk102] Start ... [180531378],status=0,result=03,04,01,07,09,05,10,08,02,06
[G][05-31 18:57:21][xysfpk102] BETS ... [0][180531378][59ms]
[G][05-31 18:57:21][xysfpk102] End ... [180531378][117ms],status=2,result=03,04,01,07,09,05,10,08,02,06
[G][05-31 18:57:22][xysfpk102] Start ... [180531379],status=0,result=06,07,03,08,10,04,09,01,05,02
[G][05-31 18:57:22][xysfpk102] BETS ... [0][180531379][58ms]
[G][05-31 18:57:22][xysfpk102] End ... [180531379][115ms],status=2,result=06,07,03,08,10,04,09,01,05,02
[G][05-31 18:57:23][xysfpk102] gsi last ... [588ms]180531379,06,07,03,08,10,04,09,01,05,02
[G][05-31 18:57:26][xysfpk102] trend ... [2][2564ms]
[G][05-31 18:57:29][xysfpk102] removing opening flag ..... [180531379]
[G][05-31 18:57:29][xysfpk102] SUCCESS  _^_^_ [180531379][7891ms]
[G][05-31 19:00:00][xysfpk102] timer launch .....
[G][05-31 19:00:02][xysfpk102] fetching ..... [180531380][ing=false],openTime=2018-05-31 19:00:00[1/80]
[G][05-31 19:00:06][xysfpk102] init session[626ms]
[G][05-31 19:03:00][xysfpk102] timer launch .....
[G][05-31 19:03:05][xysfpk102] fetching ..... [180531381][ing=false],openTime=2018-05-31 19:03:00[1/80]
[G][05-31 19:03:05][xysfpk102] fetching ..... [180531381][ing=false],openTime=2018-05-31 19:03:00[2/80]
[G][05-31 19:03:11][xysfpk102] fetching ..... [180531381][ing=false],openTime=2018-05-31 19:03:00[3/80]
[G][05-31 19:03:19][xysfpk102] fetching ..... [180531381][ing=false],openTime=2018-05-31 19:03:00[4/80]
[G][05-31 19:03:22][xysfpk102] fetching ..... [180531381][ing=false],openTime=2018-05-31 19:03:00[5/80]
[G][05-31 19:03:26][xysfpk102] fetching ..... [180531381][ing=false],openTime=2018-05-31 19:03:00[6/80]
[G][05-31 19:03:26][xysfpk102] RESULTS  _____ [180531381]=>03,05,06,02,10,01,09,08,07,04
[G][05-31 19:03:26][xysfpk102] timer clear .....
[G][05-31 19:03:26][xysfpk102] -------- OPENing --------
[G][05-31 19:03:27][xysfpk102] Start ... [180531381],status=0,result=03,05,06,02,10,01,09,08,07,04
[G][05-31 19:03:27][xysfpk102] BETS ... [0][180531381][58ms]
[G][05-31 19:03:27][xysfpk102] End ... [180531381][111ms],status=2,result=03,05,06,02,10,01,09,08,07,04
[G][05-31 19:03:27][xysfpk102] Start ... [180531380],status=0,result=01,04,09,10,05,06,03,02,07,08
[G][05-31 19:03:27][xysfpk102] BETS ... [0][180531380][82ms]
[G][05-31 19:03:27][xysfpk102] End ... [180531380][180ms],status=2,result=01,04,09,10,05,06,03,02,07,08
[G][05-31 19:03:28][xysfpk102] gsi last ... [196ms]180531381,03,05,06,02,10,01,09,08,07,04
[G][05-31 19:03:31][xysfpk102] trend ... [2][2731ms]
[G][05-31 19:03:34][xysfpk102] removing opening flag ..... [180531381]
[G][05-31 19:03:34][xysfpk102] SUCCESS  _^_^_ [180531381][8629ms]
[G][05-31 19:06:00][xysfpk102] timer launch .....
[G][05-31 19:06:05][xysfpk102] fetching ..... [180531382][ing=false],openTime=2018-05-31 19:06:00[1/80]
[G][05-31 19:06:11][xysfpk102] fetching ..... [180531382][ing=false],openTime=2018-05-31 19:06:00[2/80]
[G][05-31 19:06:11][xysfpk102] fetching ..... [180531382][ing=false],openTime=2018-05-31 19:06:00[3/80]
[G][05-31 19:06:16][xysfpk102] fetching ..... [180531382][ing=false],openTime=2018-05-31 19:06:00[4/80]
[G][05-31 19:06:21][xysfpk102] fetching ..... [180531382][ing=false],openTime=2018-05-31 19:06:00[5/80]
[G][05-31 19:06:21][xysfpk102] RESULTS  _____ [180531382]=>10,06,03,08,05,09,02,07,01,04
[G][05-31 19:06:21][xysfpk102] timer clear .....
[G][05-31 19:06:21][xysfpk102] -------- OPENing --------
[G][05-31 19:06:23][xysfpk102] Start ... [180531382],status=0,result=10,06,03,08,05,09,02,07,01,04
[G][05-31 19:06:23][xysfpk102] BETS ... [0][180531382][58ms]
[G][05-31 19:06:23][xysfpk102] End ... [180531382][120ms],status=2,result=10,06,03,08,05,09,02,07,01,04
[G][05-31 19:06:24][xysfpk102] gsi last ... [230ms]180531382,10,06,03,08,05,09,02,07,01,04
[G][05-31 19:06:24][xysfpk102] trend ... [1][92ms]
[G][05-31 19:06:26][xysfpk102] removing opening flag ..... [180531382]
[G][05-31 19:06:26][xysfpk102] SUCCESS  _^_^_ [180531382][4938ms]
[G][05-31 19:09:00][xysfpk102] timer launch .....
[G][05-31 19:09:06][xysfpk102] fetching ..... [180531383][ing=false],openTime=2018-05-31 19:09:00[1/80]
