[G][05-31 09:31:28][xyxjssc] init session[13292ms]
[G][05-31 10:00:21][xyxjssc] init session[2590ms]
[G][05-31 10:00:30][xyxjssc] timer not range .....
[G][05-31 10:10:30][xyxjssc] timer launch .....
[G][05-31 10:20:30][xyxjssc] timer launch .....
[G][05-31 14:00:06][xyxjssc] init session[715ms]
[G][05-31 14:00:30][xyxjssc] timer launch .....
[G][05-31 16:00:30][xyxjssc] timer launch .....
[G][05-31 16:00:47][xyxjssc] fetching ..... [180531036][ing=false],openTime=2018-05-31 16:00:00[1/80]
[G][05-31 16:00:47][xyxjssc] RESULTS  _____ [180531036]=>4,0,9,6,0
[G][05-31 16:00:47][xyxjssc] timer clear .....
[G][05-31 16:00:47][xyxjssc] -------- OPENing --------
[G][05-31 16:00:47][xyxjssc] Start ... [180531035],status=0,result=2,8,8,7,8
[G][05-31 16:00:48][xyxjssc] BETS ... [0][180531035][446ms]
[G][05-31 16:00:48][xyxjssc] End ... [180531035][510ms],status=2,result=2,8,8,7,8
[G][05-31 16:00:48][xyxjssc] Start ... [180531036],status=0,result=4,0,9,6,0
[G][05-31 16:00:48][xyxjssc] BETS ... [0][180531036][401ms]
[G][05-31 16:00:49][xyxjssc] End ... [180531036][471ms],status=2,result=4,0,9,6,0
[G][05-31 16:00:49][xyxjssc] Start ... [180531033],status=0,result=1,8,0,3,7
[G][05-31 16:00:49][xyxjssc] BETS ... [0][180531033][66ms]
[G][05-31 16:00:49][xyxjssc] End ... [180531033][128ms],status=2,result=1,8,0,3,7
[G][05-31 16:00:49][xyxjssc] Start ... [180531034],status=0,result=6,7,5,0,7
[G][05-31 16:00:49][xyxjssc] BETS ... [0][180531034][471ms]
[G][05-31 16:00:50][xyxjssc] End ... [180531034][534ms],status=2,result=6,7,5,0,7
[G][05-31 16:00:50][xyxjssc] Start ... [180531032],status=0,result=3,0,7,8,1
[G][05-31 16:00:50][xyxjssc] BETS ... [0][180531032][62ms]
[G][05-31 16:00:50][xyxjssc] End ... [180531032][121ms],status=2,result=3,0,7,8,1
[G][05-31 16:00:51][xyxjssc] gsi last ... [249ms]180531036,4,0,9,6,0
[G][05-31 16:00:51][xyxjssc] trend ... [5][602ms]
[G][05-31 16:00:52][xyxjssc] removing opening flag ..... [180531036]
[G][05-31 16:00:52][xyxjssc] SUCCESS  _^_^_ [180531036][4767ms]
[G][05-31 16:11:15][xyxjssc] timer launch .....
[G][05-31 16:11:27][xyxjssc] fetching ..... [180531037][ing=false],openTime=2018-05-31 16:10:00[1/80]
[G][05-31 16:11:27][xyxjssc] RESULTS  _____ [180531037]=>4,9,2,4,4
[G][05-31 16:11:27][xyxjssc] timer clear .....
[G][05-31 16:11:27][xyxjssc] -------- OPENing --------
[G][05-31 16:11:27][xyxjssc] Start ... [180531037],status=0,result=4,9,2,4,4
[G][05-31 16:11:27][xyxjssc] BETS ... [0][180531037][61ms]
[G][05-31 16:11:27][xyxjssc] End ... [180531037][125ms],status=2,result=4,9,2,4,4
[G][05-31 16:11:31][xyxjssc] gsi last ... [286ms]180531037,4,9,2,4,4
[G][05-31 16:11:31][xyxjssc] trend ... [1][64ms]
[G][05-31 16:11:34][xyxjssc] removing opening flag ..... [180531037]
[G][05-31 16:11:34][xyxjssc] SUCCESS  _^_^_ [180531037][6849ms]
[G][05-31 16:20:30][xyxjssc] timer launch .....
[G][05-31 16:20:33][xyxjssc] fetching ..... [180531038][ing=false],openTime=2018-05-31 16:20:00[1/80]
[G][05-31 16:20:33][xyxjssc] RESULTS  _____ [180531038]=>9,2,2,3,0
[G][05-31 16:20:33][xyxjssc] timer clear .....
[G][05-31 16:20:34][xyxjssc] -------- OPENing --------
[G][05-31 16:20:34][xyxjssc] Start ... [180531038],status=0,result=9,2,2,3,0
[G][05-31 16:20:34][xyxjssc] BETS ... [0][180531038][66ms]
[G][05-31 16:20:34][xyxjssc] End ... [180531038][126ms],status=2,result=9,2,2,3,0
[G][05-31 16:20:35][xyxjssc] gsi last ... [198ms]180531038,9,2,2,3,0
[G][05-31 16:20:35][xyxjssc] trend ... [1][57ms]
[G][05-31 16:20:35][xyxjssc] removing opening flag ..... [180531038]
[G][05-31 16:20:35][xyxjssc] SUCCESS  _^_^_ [180531038][2272ms]
[G][05-31 16:30:31][xyxjssc] timer launch .....
[G][05-31 16:30:31][xyxjssc] init session[2372ms]
[G][05-31 16:30:36][xyxjssc] fetching ..... [180531039][ing=false],openTime=2018-05-31 16:30:00[1/80]
[G][05-31 16:30:36][xyxjssc] RESULTS  _____ [180531039]=>6,1,3,6,7
[G][05-31 16:30:36][xyxjssc] timer clear .....
[G][05-31 16:30:37][xyxjssc] -------- OPENing --------
[G][05-31 16:30:37][xyxjssc] Start ... [180531039],status=0,result=6,1,3,6,7
[G][05-31 16:30:37][xyxjssc] BETS ... [0][180531039][204ms]
[G][05-31 16:30:38][xyxjssc] End ... [180531039][405ms],status=2,result=6,1,3,6,7
[G][05-31 16:30:43][xyxjssc] gsi last ... [616ms]180531039,6,1,3,6,7
[G][05-31 16:30:43][xyxjssc] trend ... [1][201ms]
[G][05-31 16:30:43][xyxjssc] removing opening flag ..... [180531039]
[G][05-31 16:30:43][xyxjssc] SUCCESS  _^_^_ [180531039][6942ms]
[G][05-31 16:40:30][xyxjssc] timer launch .....
[G][05-31 16:40:32][xyxjssc] fetching ..... [180531040][ing=false],openTime=2018-05-31 16:40:00[1/80]
[G][05-31 16:40:33][xyxjssc] RESULTS  _____ [180531040]=>0,0,6,0,6
[G][05-31 16:40:33][xyxjssc] timer clear .....
[G][05-31 16:40:33][xyxjssc] -------- OPENing --------
[G][05-31 16:40:35][xyxjssc] Start ... [180531040],status=0,result=0,0,6,0,6
[G][05-31 16:40:35][xyxjssc] BETS ... [0][180531040][67ms]
[G][05-31 16:40:35][xyxjssc] End ... [180531040][128ms],status=2,result=0,0,6,0,6
[G][05-31 16:40:36][xyxjssc] gsi last ... [476ms]180531040,0,0,6,0,6
[G][05-31 16:40:36][xyxjssc] trend ... [1][86ms]
[G][05-31 16:40:36][xyxjssc] removing opening flag ..... [180531040]
[G][05-31 16:40:36][xyxjssc] SUCCESS  _^_^_ [180531040][3539ms]
[G][05-31 16:50:30][xyxjssc] timer launch .....
[G][05-31 16:50:38][xyxjssc] fetching ..... [180531041][ing=false],openTime=2018-05-31 16:50:00[1/80]
[G][05-31 16:50:38][xyxjssc] RESULTS  _____ [180531041]=>3,9,7,0,0
[G][05-31 16:50:38][xyxjssc] timer clear .....
[G][05-31 16:51:00][xyxjssc] -------- OPENing --------
[G][05-31 16:51:04][xyxjssc] Start ... [180531041],status=0,result=3,9,7,0,0
[G][05-31 16:51:04][xyxjssc] BETS ... [0][180531041][86ms]
[G][05-31 16:51:04][xyxjssc] End ... [180531041][155ms],status=2,result=3,9,7,0,0
[G][05-31 16:51:04][xyxjssc] gsi last ... [525ms]180531041,3,9,7,0,0
[G][05-31 16:51:05][xyxjssc] trend ... [1][118ms]
[G][05-31 16:51:05][xyxjssc] removing opening flag ..... [180531041]
[G][05-31 16:51:05][xyxjssc] SUCCESS  _^_^_ [180531041][26775ms]
[G][05-31 17:00:14][xyxjssc] init session[894ms]
[G][05-31 17:00:30][xyxjssc] timer launch .....
[G][05-31 17:00:32][xyxjssc] fetching ..... [180531042][ing=false],openTime=2018-05-31 17:00:00[1/80]
[G][05-31 17:00:32][xyxjssc] RESULTS  _____ [180531042]=>1,1,6,2,0
[G][05-31 17:00:32][xyxjssc] timer clear .....
[G][05-31 17:00:32][xyxjssc] -------- OPENing --------
[G][05-31 17:00:33][xyxjssc] Start ... [180531042],status=0,result=1,1,6,2,0
[G][05-31 17:00:33][xyxjssc] BETS ... [0][180531042][62ms]
[G][05-31 17:00:33][xyxjssc] End ... [180531042][121ms],status=2,result=1,1,6,2,0
[G][05-31 17:00:36][xyxjssc] gsi last ... [885ms]180531042,1,1,6,2,0
[G][05-31 17:00:36][xyxjssc] trend ... [1][64ms]
[G][05-31 17:00:36][xyxjssc] removing opening flag ..... [180531042]
[G][05-31 17:00:36][xyxjssc] SUCCESS  _^_^_ [180531042][4108ms]
[G][05-31 18:30:06][xyxjssc] init session[668ms]
[G][05-31 18:30:30][xyxjssc] timer launch .....
[G][05-31 18:30:31][xyxjssc] fetching ..... [180531051][ing=false],openTime=2018-05-31 18:30:00[1/80]
[G][05-31 18:30:31][xyxjssc] RESULTS  _____ [180531051]=>4,6,9,2,1
[G][05-31 18:30:31][xyxjssc] timer clear .....
[G][05-31 18:30:32][xyxjssc] -------- OPENing --------
[G][05-31 18:30:32][xyxjssc] Start ... [180531046],status=0,result=7,1,0,0,7
[G][05-31 18:30:32][xyxjssc] BETS ... [0][180531046][55ms]
[G][05-31 18:30:32][xyxjssc] End ... [180531046][107ms],status=2,result=7,1,0,0,7
[G][05-31 18:30:32][xyxjssc] Start ... [180531047],status=0,result=8,1,2,4,8
[G][05-31 18:30:32][xyxjssc] BETS ... [0][180531047][62ms]
[G][05-31 18:30:33][xyxjssc] End ... [180531047][115ms],status=2,result=8,1,2,4,8
[G][05-31 18:30:33][xyxjssc] Start ... [180531048],status=0,result=6,1,5,7,7
[G][05-31 18:30:33][xyxjssc] BETS ... [0][180531048][53ms]
[G][05-31 18:30:33][xyxjssc] End ... [180531048][105ms],status=2,result=6,1,5,7,7
[G][05-31 18:30:33][xyxjssc] Start ... [180531049],status=0,result=2,1,6,6,6
[G][05-31 18:30:33][xyxjssc] BETS ... [0][180531049][53ms]
[G][05-31 18:30:33][xyxjssc] End ... [180531049][104ms],status=2,result=2,1,6,6,6
[G][05-31 18:30:33][xyxjssc] Start ... [180531051],status=0,result=4,6,9,2,1
[G][05-31 18:30:33][xyxjssc] BETS ... [0][180531051][67ms]
[G][05-31 18:30:33][xyxjssc] End ... [180531051][119ms],status=2,result=4,6,9,2,1
[G][05-31 18:30:34][xyxjssc] Start ... [180531043],status=0,result=0,4,7,0,1
[G][05-31 18:30:34][xyxjssc] BETS ... [0][180531043][78ms]
[G][05-31 18:30:34][xyxjssc] End ... [180531043][131ms],status=2,result=0,4,7,0,1
[G][05-31 18:30:34][xyxjssc] Start ... [180531044],status=0,result=3,8,7,4,9
[G][05-31 18:30:34][xyxjssc] BETS ... [0][180531044][56ms]
[G][05-31 18:30:34][xyxjssc] End ... [180531044][117ms],status=2,result=3,8,7,4,9
[G][05-31 18:30:34][xyxjssc] Start ... [180531050],status=0,result=0,7,1,9,3
[G][05-31 18:30:34][xyxjssc] BETS ... [0][180531050][92ms]
[G][05-31 18:30:34][xyxjssc] End ... [180531050][143ms],status=2,result=0,7,1,9,3
[G][05-31 18:30:34][xyxjssc] Start ... [180531045],status=0,result=7,3,7,7,4
[G][05-31 18:30:34][xyxjssc] BETS ... [0][180531045][63ms]
[G][05-31 18:30:34][xyxjssc] End ... [180531045][116ms],status=2,result=7,3,7,7,4
[G][05-31 18:30:35][xyxjssc] gsi last ... [227ms]180531051,4,6,9,2,1
[G][05-31 18:30:35][xyxjssc] trend ... [9][474ms]
[G][05-31 18:30:36][xyxjssc] removing opening flag ..... [180531051]
[G][05-31 18:30:36][xyxjssc] SUCCESS  _^_^_ [180531051][4015ms]
[G][05-31 18:40:30][xyxjssc] timer launch .....
[G][05-31 18:40:35][xyxjssc] fetching ..... [180531052][ing=false],openTime=2018-05-31 18:40:00[1/80]
[G][05-31 18:40:35][xyxjssc] RESULTS  _____ [180531052]=>9,5,5,2,3
[G][05-31 18:40:35][xyxjssc] timer clear .....
[G][05-31 18:40:35][xyxjssc] -------- OPENing --------
[G][05-31 18:40:36][xyxjssc] Start ... [180531052],status=0,result=9,5,5,2,3
[G][05-31 18:40:36][xyxjssc] BETS ... [0][180531052][62ms]
[G][05-31 18:40:36][xyxjssc] End ... [180531052][132ms],status=2,result=9,5,5,2,3
[G][05-31 18:40:37][xyxjssc] gsi last ... [231ms]180531052,9,5,5,2,3
[G][05-31 18:40:37][xyxjssc] trend ... [1][53ms]
[G][05-31 18:40:37][xyxjssc] removing opening flag ..... [180531052]
[G][05-31 18:40:37][xyxjssc] SUCCESS  _^_^_ [180531052][2031ms]
[G][05-31 18:50:30][xyxjssc] timer launch .....
[G][05-31 18:50:35][xyxjssc] fetching ..... [180531053][ing=false],openTime=2018-05-31 18:50:00[1/80]
[G][05-31 18:50:35][xyxjssc] RESULTS  _____ [180531053]=>9,3,4,2,7
[G][05-31 18:50:35][xyxjssc] timer clear .....
[G][05-31 18:50:35][xyxjssc] -------- OPENing --------
[G][05-31 18:50:36][xyxjssc] Start ... [180531053],status=0,result=9,3,4,2,7
[G][05-31 18:50:36][xyxjssc] BETS ... [0][180531053][68ms]
[G][05-31 18:50:36][xyxjssc] End ... [180531053][133ms],status=2,result=9,3,4,2,7
[G][05-31 18:50:37][xyxjssc] gsi last ... [148ms]180531053,9,3,4,2,7
[G][05-31 18:50:37][xyxjssc] trend ... [1][54ms]
[G][05-31 18:50:37][xyxjssc] removing opening flag ..... [180531053]
[G][05-31 18:50:37][xyxjssc] SUCCESS  _^_^_ [180531053][2117ms]
[G][05-31 19:00:06][xyxjssc] init session[577ms]
[G][05-31 19:00:30][xyxjssc] timer launch .....
[G][05-31 19:00:35][xyxjssc] fetching ..... [180531054][ing=false],openTime=2018-05-31 19:00:00[1/80]
[G][05-31 19:00:35][xyxjssc] RESULTS  _____ [180531054]=>3,5,4,3,6
[G][05-31 19:00:35][xyxjssc] timer clear .....
[G][05-31 19:00:35][xyxjssc] -------- OPENing --------
[G][05-31 19:00:37][xyxjssc] Start ... [180531054],status=0,result=3,5,4,3,6
[G][05-31 19:00:37][xyxjssc] BETS ... [0][180531054][55ms]
[G][05-31 19:00:37][xyxjssc] End ... [180531054][110ms],status=2,result=3,5,4,3,6
[G][05-31 19:00:37][xyxjssc] gsi last ... [300ms]180531054,3,5,4,3,6
[G][05-31 19:00:37][xyxjssc] trend ... [1][58ms]
[G][05-31 19:00:37][xyxjssc] removing opening flag ..... [180531054]
[G][05-31 19:00:37][xyxjssc] SUCCESS  _^_^_ [180531054][2171ms]
