[G][05-31 09:06:00][xyxjplu28] timer launch .....
[G][05-31 09:08:00][xyxjplu28] timer launch .....
[G][05-31 09:10:00][xyxjplu28] timer launch .....
[G][05-31 09:12:00][xyxjplu28] timer launch .....
[G][05-31 09:14:00][xyxjplu28] timer launch .....
[G][05-31 09:16:00][xyxjplu28] timer launch .....
[G][05-31 09:18:00][xyxjplu28] timer launch .....
[G][05-31 09:20:00][xyxjplu28] timer launch .....
[G][05-31 09:22:00][xyxjplu28] timer launch .....
[G][05-31 09:24:00][xyxjplu28] timer launch .....
[G][05-31 09:26:00][xyxjplu28] timer launch .....
[G][05-31 09:28:00][xyxjplu28] timer launch .....
[G][05-31 09:30:00][xyxjplu28] timer launch .....
[G][05-31 09:32:00][xyxjplu28] timer launch .....
[G][05-31 09:34:00][xyxjplu28] timer launch .....
[G][05-31 09:35:17][xyxjplu28] init session[229792ms]
[G][05-31 09:36:00][xyxjplu28] timer launch .....
[G][05-31 09:38:00][xyxjplu28] timer launch .....
[G][05-31 09:40:00][xyxjplu28] timer launch .....
[G][05-31 09:42:00][xyxjplu28] timer launch .....
[G][05-31 09:44:00][xyxjplu28] timer launch .....
[G][05-31 09:46:00][xyxjplu28] timer launch .....
[G][05-31 09:48:00][xyxjplu28] timer launch .....
[G][05-31 09:50:00][xyxjplu28] timer launch .....
[G][05-31 09:52:00][xyxjplu28] timer launch .....
[G][05-31 09:54:00][xyxjplu28] timer launch .....
[G][05-31 09:56:00][xyxjplu28] timer launch .....
[G][05-31 09:58:00][xyxjplu28] timer launch .....
[G][05-31 10:00:00][xyxjplu28] timer launch .....
[G][05-31 10:00:21][xyxjplu28] init session[2720ms]
[G][05-31 10:02:00][xyxjplu28] timer launch .....
[G][05-31 10:04:00][xyxjplu28] timer launch .....
[G][05-31 10:06:00][xyxjplu28] timer launch .....
[G][05-31 10:08:00][xyxjplu28] timer launch .....
[G][05-31 10:10:00][xyxjplu28] timer launch .....
[G][05-31 10:12:00][xyxjplu28] timer launch .....
[G][05-31 10:14:00][xyxjplu28] timer launch .....
[G][05-31 10:16:00][xyxjplu28] timer launch .....
[G][05-31 10:18:00][xyxjplu28] timer launch .....
[G][05-31 10:20:00][xyxjplu28] timer launch .....
[G][05-31 10:22:00][xyxjplu28] timer launch .....
[G][05-31 10:24:00][xyxjplu28] timer launch .....
[G][05-31 10:26:00][xyxjplu28] timer launch .....
[G][05-31 14:00:00][xyxjplu28] timer launch .....
[G][05-31 14:00:07][xyxjplu28] init session[1324ms]
[G][05-31 15:44:00][xyxjplu28] timer launch .....
[G][05-31 15:44:05][xyxjplu28] fetching ..... [2979879][ing=false],openTime=2018-05-31 15:44:00[1/80]
[G][05-31 15:44:05][xyxjplu28] fetching ..... [2979879][ing=false],openTime=2018-05-31 15:44:00[2/80]
[G][05-31 15:44:16][xyxjplu28] fetching ..... [2979879][ing=false],openTime=2018-05-31 15:44:00[3/80]
[G][05-31 15:44:18][xyxjplu28] fetching ..... [2979879][ing=false],openTime=2018-05-31 15:44:00[4/80]
[G][05-31 15:44:18][xyxjplu28] RESULTS  _____ [2979879]=>01,04,05,15,17,26,28,30,32,34,36,42,49,61,62,63,68,69,76,78
[G][05-31 15:44:18][xyxjplu28] timer clear .....
[G][05-31 15:44:18][xyxjplu28] -------- OPENing --------
[G][05-31 15:44:19][xyxjplu28] Start ... [2979879],status=0,result=01,04,05,15,17,26,28,30,32,34,36,42,49,61,62,63,68,69,76,78
[G][05-31 15:44:19][xyxjplu28] BETS ... [0][2979879][60ms]
[G][05-31 15:44:19][xyxjplu28] End ... [2979879][118ms],status=2,result=01,04,05,15,17,26,28,30,32,34,36,42,49,61,62,63,68,69,76,78
[G][05-31 15:44:19][xyxjplu28] Start ... [2979878],status=0,result=04,09,10,15,16,22,26,30,31,35,47,50,51,55,56,65,71,75,78,79
[G][05-31 15:44:19][xyxjplu28] BETS ... [0][2979878][63ms]
[G][05-31 15:44:19][xyxjplu28] End ... [2979878][126ms],status=2,result=04,09,10,15,16,22,26,30,31,35,47,50,51,55,56,65,71,75,78,79
[G][05-31 15:44:20][xyxjplu28] Start ... [2979876],status=0,result=03,05,08,18,19,24,27,33,36,37,46,49,50,57,58,64,65,67,79,80
[G][05-31 15:44:20][xyxjplu28] BETS ... [0][2979876][158ms]
[G][05-31 15:44:20][xyxjplu28] End ... [2979876][216ms],status=2,result=03,05,08,18,19,24,27,33,36,37,46,49,50,57,58,64,65,67,79,80
[G][05-31 15:44:20][xyxjplu28] Start ... [2979869],status=0,result=03,09,10,18,20,27,33,34,40,41,48,51,55,56,60,63,65,69,73,78
[G][05-31 15:44:20][xyxjplu28] BETS ... [0][2979869][60ms]
[G][05-31 15:44:20][xyxjplu28] End ... [2979869][122ms],status=2,result=03,09,10,18,20,27,33,34,40,41,48,51,55,56,60,63,65,69,73,78
[G][05-31 15:44:20][xyxjplu28] Start ... [2979877],status=0,result=02,05,09,17,18,21,25,28,34,39,40,44,57,58,62,66,70,77,78,79
[G][05-31 15:44:21][xyxjplu28] BETS ... [0][2979877][978ms]
[G][05-31 15:44:21][xyxjplu28] End ... [2979877][1039ms],status=2,result=02,05,09,17,18,21,25,28,34,39,40,44,57,58,62,66,70,77,78,79
[G][05-31 15:44:22][xyxjplu28] Start ... [2979874],status=0,result=01,10,11,12,17,19,21,22,23,24,27,28,38,41,43,44,47,73,75,77
[G][05-31 15:44:22][xyxjplu28] BETS ... [0][2979874][64ms]
[G][05-31 15:44:22][xyxjplu28] End ... [2979874][127ms],status=2,result=01,10,11,12,17,19,21,22,23,24,27,28,38,41,43,44,47,73,75,77
[G][05-31 15:44:22][xyxjplu28] Start ... [2979867],status=0,result=04,07,15,19,23,24,25,32,36,37,41,42,51,52,56,59,62,63,71,77
[G][05-31 15:44:22][xyxjplu28] BETS ... [0][2979867][62ms]
[G][05-31 15:44:22][xyxjplu28] End ... [2979867][122ms],status=2,result=04,07,15,19,23,24,25,32,36,37,41,42,51,52,56,59,62,63,71,77
[G][05-31 15:44:22][xyxjplu28] Start ... [2979875],status=0,result=03,04,10,15,25,30,31,34,38,39,43,45,48,56,58,66,72,78,79,80
[G][05-31 15:44:22][xyxjplu28] BETS ... [0][2979875][74ms]
[G][05-31 15:44:22][xyxjplu28] End ... [2979875][140ms],status=2,result=03,04,10,15,25,30,31,34,38,39,43,45,48,56,58,66,72,78,79,80
[G][05-31 15:44:22][xyxjplu28] Start ... [2979868],status=0,result=01,12,13,17,20,22,23,26,31,32,33,38,50,53,61,66,67,70,72,74
[G][05-31 15:44:23][xyxjplu28] BETS ... [0][2979868][63ms]
[G][05-31 15:44:23][xyxjplu28] End ... [2979868][128ms],status=2,result=01,12,13,17,20,22,23,26,31,32,33,38,50,53,61,66,67,70,72,74
[G][05-31 15:44:24][xyxjplu28] Start ... [2979872],status=0,result=02,16,18,21,27,28,31,33,46,49,58,61,62,63,67,68,70,71,73,74
[G][05-31 15:44:24][xyxjplu28] BETS ... [0][2979872][776ms]
[G][05-31 15:44:24][xyxjplu28] End ... [2979872][838ms],status=2,result=02,16,18,21,27,28,31,33,46,49,58,61,62,63,67,68,70,71,73,74
[G][05-31 15:44:25][xyxjplu28] Start ... [2979873],status=0,result=03,05,09,10,19,21,28,32,34,49,54,55,57,61,66,68,69,74,78,79
[G][05-31 15:44:25][xyxjplu28] BETS ... [0][2979873][315ms]
[G][05-31 15:44:25][xyxjplu28] End ... [2979873][377ms],status=2,result=03,05,09,10,19,21,28,32,34,49,54,55,57,61,66,68,69,74,78,79
[G][05-31 15:44:25][xyxjplu28] Start ... [2979870],status=0,result=05,13,14,17,24,26,29,30,36,39,42,44,48,58,61,62,67,70,72,77
[G][05-31 15:44:25][xyxjplu28] BETS ... [0][2979870][64ms]
[G][05-31 15:44:25][xyxjplu28] End ... [2979870][126ms],status=2,result=05,13,14,17,24,26,29,30,36,39,42,44,48,58,61,62,67,70,72,77
[G][05-31 15:44:25][xyxjplu28] Start ... [2979871],status=0,result=05,06,10,11,17,18,20,22,29,31,34,40,41,42,45,51,61,65,78,79
[G][05-31 15:44:26][xyxjplu28] BETS ... [0][2979871][428ms]
[G][05-31 15:44:26][xyxjplu28] End ... [2979871][490ms],status=2,result=05,06,10,11,17,18,20,22,29,31,34,40,41,42,45,51,61,65,78,79
[G][05-31 15:44:27][xyxjplu28] gsi last ... [651ms]2979879,01,04,05,15,17,26,28,30,32,34,36,42,49,61,62,63,68,69,76,78
[G][05-31 15:44:39][xyxjplu28] trend ... [13][11920ms]
[G][05-31 15:44:39][xyxjplu28] removing opening flag ..... [2979879]
[G][05-31 15:44:39][xyxjplu28] SUCCESS  _^_^_ [2979879][21170ms]
[G][05-31 15:45:22][xyxjplu28] removing opening flag ..... [890879]
[G][05-31 15:46:00][xyxjplu28] timer launch .....
[G][05-31 15:46:01][xyxjplu28] fetching ..... [2979880][ing=false],openTime=2018-05-31 15:46:00[1/80]
[G][05-31 15:46:05][xyxjplu28] fetching ..... [2979880][ing=false],openTime=2018-05-31 15:46:00[2/80]
[G][05-31 15:46:10][xyxjplu28] fetching ..... [2979880][ing=false],openTime=2018-05-31 15:46:00[3/80]
[G][05-31 15:46:15][xyxjplu28] fetching ..... [2979880][ing=false],openTime=2018-05-31 15:46:00[4/80]
[G][05-31 15:46:20][xyxjplu28] fetching ..... [2979880][ing=false],openTime=2018-05-31 15:46:00[5/80]
[G][05-31 15:46:20][xyxjplu28] RESULTS  _____ [2979880]=>02,04,05,11,14,18,20,24,41,45,47,53,58,60,61,62,64,66,74,77
[G][05-31 15:46:20][xyxjplu28] timer clear .....
[G][05-31 15:46:21][xyxjplu28] -------- OPENing --------
[G][05-31 15:46:24][xyxjplu28] Start ... [2979880],status=0,result=02,04,05,11,14,18,20,24,41,45,47,53,58,60,61,62,64,66,74,77
[G][05-31 15:46:24][xyxjplu28] BETS ... [0][2979880][372ms]
[G][05-31 15:46:24][xyxjplu28] End ... [2979880][428ms],status=2,result=02,04,05,11,14,18,20,24,41,45,47,53,58,60,61,62,64,66,74,77
[G][05-31 15:46:25][xyxjplu28] gsi last ... [819ms]2979880,02,04,05,11,14,18,20,24,41,45,47,53,58,60,61,62,64,66,74,77
[G][05-31 15:46:25][xyxjplu28] trend ... [1][60ms]
[G][05-31 15:46:26][xyxjplu28] removing opening flag ..... [2979880]
[G][05-31 15:46:26][xyxjplu28] SUCCESS  _^_^_ [2979880][5536ms]
[G][05-31 15:48:00][xyxjplu28] timer launch .....
[G][05-31 15:48:32][xyxjplu28] fetching ..... [2979881][ing=false],openTime=2018-05-31 15:48:00[1/80]
[G][05-31 15:48:32][xyxjplu28] RESULTS  _____ [2979881]=>02,03,05,06,08,13,22,23,25,28,39,40,41,42,52,56,57,60,64,70
[G][05-31 15:48:32][xyxjplu28] timer clear .....
[G][05-31 15:48:33][xyxjplu28] -------- OPENing --------
[G][05-31 15:48:34][xyxjplu28] Start ... [2979881],status=0,result=02,03,05,06,08,13,22,23,25,28,39,40,41,42,52,56,57,60,64,70
[G][05-31 15:48:34][xyxjplu28] BETS ... [0][2979881][63ms]
[G][05-31 15:48:34][xyxjplu28] End ... [2979881][127ms],status=2,result=02,03,05,06,08,13,22,23,25,28,39,40,41,42,52,56,57,60,64,70
[G][05-31 15:48:35][xyxjplu28] gsi last ... [554ms]2979881,02,03,05,06,08,13,22,23,25,28,39,40,41,42,52,56,57,60,64,70
[G][05-31 15:48:35][xyxjplu28] trend ... [1][61ms]
[G][05-31 15:48:36][xyxjplu28] removing opening flag ..... [2979881]
[G][05-31 15:48:36][xyxjplu28] SUCCESS  _^_^_ [2979881][3656ms]
[G][05-31 15:50:00][xyxjplu28] timer launch .....
[G][05-31 15:50:05][xyxjplu28] fetching ..... [2979882][ing=false],openTime=2018-05-31 15:50:00[1/80]
[G][05-31 15:52:00][xyxjplu28] timer launch .....
[G][05-31 15:52:04][xyxjplu28] fetching ..... [2979883][ing=false],openTime=2018-05-31 15:52:00[1/80]
[G][05-31 15:52:06][xyxjplu28] fetching ..... [2979883][ing=false],openTime=2018-05-31 15:52:00[2/80]
[G][05-31 15:52:10][xyxjplu28] fetching ..... [2979883][ing=false],openTime=2018-05-31 15:52:00[3/80]
[G][05-31 15:52:16][xyxjplu28] fetching ..... [2979883][ing=false],openTime=2018-05-31 15:52:00[4/80]
[G][05-31 15:52:16][xyxjplu28] RESULTS  _____ [2979883]=>08,10,12,23,26,27,31,36,37,40,42,45,47,51,59,61,62,70,72,74
[G][05-31 15:52:16][xyxjplu28] timer clear .....
[G][05-31 15:52:17][xyxjplu28] -------- OPENing --------
[G][05-31 15:52:18][xyxjplu28] Start ... [2979882],status=0,result=09,12,16,26,27,30,33,37,41,43,44,46,48,53,55,60,66,67,70,73
[G][05-31 15:52:18][xyxjplu28] BETS ... [0][2979882][553ms]
[G][05-31 15:52:18][xyxjplu28] End ... [2979882][614ms],status=2,result=09,12,16,26,27,30,33,37,41,43,44,46,48,53,55,60,66,67,70,73
[G][05-31 15:52:19][xyxjplu28] Start ... [2979883],status=0,result=08,10,12,23,26,27,31,36,37,40,42,45,47,51,59,61,62,70,72,74
[G][05-31 15:52:19][xyxjplu28] BETS ... [0][2979883][157ms]
[G][05-31 15:52:20][xyxjplu28] End ... [2979883][218ms],status=2,result=08,10,12,23,26,27,31,36,37,40,42,45,47,51,59,61,62,70,72,74
[G][05-31 15:52:21][xyxjplu28] gsi last ... [1278ms]2979883,08,10,12,23,26,27,31,36,37,40,42,45,47,51,59,61,62,70,72,74
[G][05-31 15:52:21][xyxjplu28] trend ... [2][297ms]
[G][05-31 15:52:22][xyxjplu28] removing opening flag ..... [2979883]
[G][05-31 15:52:22][xyxjplu28] SUCCESS  _^_^_ [2979883][5553ms]
[G][05-31 15:54:00][xyxjplu28] timer launch .....
[G][05-31 15:54:08][xyxjplu28] fetching ..... [2979884][ing=false],openTime=2018-05-31 15:54:00[1/80]
[G][05-31 15:54:09][xyxjplu28] fetching ..... [2979884][ing=false],openTime=2018-05-31 15:54:00[2/80]
[G][05-31 15:54:14][xyxjplu28] fetching ..... [2979884][ing=false],openTime=2018-05-31 15:54:00[3/80]
[G][05-31 15:54:19][xyxjplu28] fetching ..... [2979884][ing=false],openTime=2018-05-31 15:54:00[4/80]
[G][05-31 15:54:20][xyxjplu28] RESULTS  _____ [2979884]=>03,05,15,24,29,32,33,35,38,39,42,45,46,47,50,53,54,60,61,64
[G][05-31 15:54:20][xyxjplu28] timer clear .....
[G][05-31 15:54:20][xyxjplu28] -------- OPENing --------
[G][05-31 15:54:21][xyxjplu28] Start ... [2979884],status=0,result=03,05,15,24,29,32,33,35,38,39,42,45,46,47,50,53,54,60,61,64
[G][05-31 15:54:21][xyxjplu28] BETS ... [0][2979884][67ms]
[G][05-31 15:54:21][xyxjplu28] End ... [2979884][125ms],status=2,result=03,05,15,24,29,32,33,35,38,39,42,45,46,47,50,53,54,60,61,64
[G][05-31 15:54:22][xyxjplu28] gsi last ... [217ms]2979884,03,05,15,24,29,32,33,35,38,39,42,45,46,47,50,53,54,60,61,64
[G][05-31 15:54:22][xyxjplu28] trend ... [1][63ms]
[G][05-31 15:54:22][xyxjplu28] removing opening flag ..... [2979884]
[G][05-31 15:54:22][xyxjplu28] SUCCESS  _^_^_ [2979884][2829ms]
[G][05-31 16:00:00][xyxjplu28] timer launch .....
[G][05-31 16:04:00][xyxjplu28] timer launch .....
[G][05-31 16:04:04][xyxjplu28] fetching ..... [2979889][ing=false],openTime=2018-05-31 16:04:00[1/80]
[G][05-31 16:04:05][xyxjplu28] fetching ..... [2979889][ing=false],openTime=2018-05-31 16:04:00[2/80]
[G][05-31 16:04:18][xyxjplu28] fetching ..... [2979889][ing=false],openTime=2018-05-31 16:04:00[3/80]
[G][05-31 16:04:18][xyxjplu28] RESULTS  _____ [2979889]=>01,04,06,08,09,15,16,17,26,29,36,48,50,51,57,61,67,75,78,79
[G][05-31 16:04:18][xyxjplu28] timer clear .....
[G][05-31 16:04:19][xyxjplu28] -------- OPENing --------
[G][05-31 16:04:19][xyxjplu28] Start ... [2979889],status=0,result=01,04,06,08,09,15,16,17,26,29,36,48,50,51,57,61,67,75,78,79
[G][05-31 16:04:19][xyxjplu28] BETS ... [0][2979889][60ms]
[G][05-31 16:04:19][xyxjplu28] End ... [2979889][137ms],status=2,result=01,04,06,08,09,15,16,17,26,29,36,48,50,51,57,61,67,75,78,79
[G][05-31 16:04:22][xyxjplu28] Start ... [2979885],status=0,result=02,03,08,10,11,16,18,25,29,33,39,54,56,71,72,73,74,77,78,80
[G][05-31 16:04:22][xyxjplu28] BETS ... [0][2979885][66ms]
[G][05-31 16:04:22][xyxjplu28] End ... [2979885][124ms],status=2,result=02,03,08,10,11,16,18,25,29,33,39,54,56,71,72,73,74,77,78,80
[G][05-31 16:04:23][xyxjplu28] Start ... [2979886],status=0,result=11,12,14,15,21,26,34,35,39,40,43,46,47,48,51,55,56,59,70,75
[G][05-31 16:04:23][xyxjplu28] BETS ... [0][2979886][161ms]
[G][05-31 16:04:23][xyxjplu28] End ... [2979886][222ms],status=2,result=11,12,14,15,21,26,34,35,39,40,43,46,47,48,51,55,56,59,70,75
[G][05-31 16:04:23][xyxjplu28] Start ... [2979887],status=0,result=03,10,15,16,17,21,22,23,32,35,36,39,45,49,54,56,57,71,75,76
[G][05-31 16:04:23][xyxjplu28] BETS ... [0][2979887][63ms]
[G][05-31 16:04:23][xyxjplu28] End ... [2979887][124ms],status=2,result=03,10,15,16,17,21,22,23,32,35,36,39,45,49,54,56,57,71,75,76
[G][05-31 16:04:24][xyxjplu28] Start ... [2979888],status=0,result=04,06,14,21,24,29,30,32,35,36,39,41,42,52,54,61,70,71,73,74
[G][05-31 16:04:24][xyxjplu28] BETS ... [0][2979888][63ms]
[G][05-31 16:04:24][xyxjplu28] End ... [2979888][125ms],status=2,result=04,06,14,21,24,29,30,32,35,36,39,41,42,52,54,61,70,71,73,74
[G][05-31 16:04:25][xyxjplu28] gsi last ... [217ms]2979889,01,04,06,08,09,15,16,17,26,29,36,48,50,51,57,61,67,75,78,79
[G][05-31 16:04:27][xyxjplu28] trend ... [5][2137ms]
[G][05-31 16:04:27][xyxjplu28] removing opening flag ..... [2979889]
[G][05-31 16:04:27][xyxjplu28] SUCCESS  _^_^_ [2979889][9370ms]
[G][05-31 16:05:23][xyxjplu28] removing opening flag ..... [890883]
[G][05-31 16:08:00][xyxjplu28] timer launch .....
[G][05-31 16:08:04][xyxjplu28] fetching ..... [2979891][ing=false],openTime=2018-05-31 16:08:00[1/80]
[G][05-31 16:08:05][xyxjplu28] fetching ..... [2979891][ing=false],openTime=2018-05-31 16:08:00[2/80]
[G][05-31 16:08:12][xyxjplu28] fetching ..... [2979891][ing=false],openTime=2018-05-31 16:08:00[3/80]
[G][05-31 16:08:15][xyxjplu28] fetching ..... [2979891][ing=false],openTime=2018-05-31 16:08:00[4/80]
[G][05-31 16:08:24][xyxjplu28] fetching ..... [2979891][ing=false],openTime=2018-05-31 16:08:00[5/80]
[G][05-31 16:11:15][xyxjplu28] timer launch .....
[G][05-31 16:11:22][xyxjplu28] fetching ..... [2979892][ing=false],openTime=2018-05-31 16:10:00[1/80]
[G][05-31 16:11:22][xyxjplu28] RESULTS  _____ [2979892]=>05,06,11,13,16,22,24,27,30,37,41,51,53,54,58,64,65,68,72,75
[G][05-31 16:11:22][xyxjplu28] timer clear .....
[G][05-31 16:11:23][xyxjplu28] -------- OPENing --------
[G][05-31 16:11:23][xyxjplu28] Start ... [2979892],status=0,result=05,06,11,13,16,22,24,27,30,37,41,51,53,54,58,64,65,68,72,75
[G][05-31 16:11:24][xyxjplu28] BETS ... [0][2979892][58ms]
[G][05-31 16:11:24][xyxjplu28] End ... [2979892][116ms],status=2,result=05,06,11,13,16,22,24,27,30,37,41,51,53,54,58,64,65,68,72,75
[G][05-31 16:11:24][xyxjplu28] Start ... [2979890],status=0,result=02,10,11,13,18,29,32,34,35,38,42,50,59,60,61,62,65,66,70,71
[G][05-31 16:11:24][xyxjplu28] BETS ... [0][2979890][54ms]
[G][05-31 16:11:25][xyxjplu28] End ... [2979890][108ms],status=2,result=02,10,11,13,18,29,32,34,35,38,42,50,59,60,61,62,65,66,70,71
[G][05-31 16:11:25][xyxjplu28] Start ... [2979891],status=0,result=09,11,15,18,19,22,25,30,39,44,52,58,59,62,66,68,72,73,75,76
[G][05-31 16:11:25][xyxjplu28] BETS ... [0][2979891][54ms]
[G][05-31 16:11:25][xyxjplu28] End ... [2979891][108ms],status=2,result=09,11,15,18,19,22,25,30,39,44,52,58,59,62,66,68,72,73,75,76
[G][05-31 16:11:25][xyxjplu28] gsi last ... [186ms]2979892,05,06,11,13,16,22,24,27,30,37,41,51,53,54,58,64,65,68,72,75
[G][05-31 16:11:26][xyxjplu28] trend ... [3][833ms]
[G][05-31 16:11:26][xyxjplu28] removing opening flag ..... [2979892]
[G][05-31 16:11:26][xyxjplu28] SUCCESS  _^_^_ [2979892][3807ms]
[G][05-31 16:11:28][xyxjplu28] Opened   ..... [2979892],openTime=2018-05-31 16:11:24
[G][05-31 16:11:28][xyxjplu28] timer clear .....
[G][05-31 16:11:41][xyxjplu28] removing opening flag ..... [890884]
[G][05-31 16:12:00][xyxjplu28] timer launch .....
[G][05-31 16:12:14][xyxjplu28] fetching ..... [2979893][ing=false],openTime=2018-05-31 16:12:00[1/80]
[G][05-31 16:12:18][xyxjplu28] fetching ..... [2979893][ing=false],openTime=2018-05-31 16:12:00[2/80]
[G][05-31 16:12:18][xyxjplu28] RESULTS  _____ [2979893]=>02,04,09,14,16,21,23,26,30,34,38,41,45,46,54,56,60,68,70,73
[G][05-31 16:12:18][xyxjplu28] timer clear .....
[G][05-31 16:12:19][xyxjplu28] -------- OPENing --------
[G][05-31 16:12:20][xyxjplu28] Start ... [2979893],status=0,result=02,04,09,14,16,21,23,26,30,34,38,41,45,46,54,56,60,68,70,73
[G][05-31 16:12:20][xyxjplu28] BETS ... [0][2979893][79ms]
[G][05-31 16:12:21][xyxjplu28] End ... [2979893][520ms],status=2,result=02,04,09,14,16,21,23,26,30,34,38,41,45,46,54,56,60,68,70,73
[G][05-31 16:12:23][xyxjplu28] gsi last ... [664ms]2979893,02,04,09,14,16,21,23,26,30,34,38,41,45,46,54,56,60,68,70,73
[G][05-31 16:12:23][xyxjplu28] trend ... [1][67ms]
[G][05-31 16:12:24][xyxjplu28] removing opening flag ..... [2979893]
[G][05-31 16:12:24][xyxjplu28] SUCCESS  _^_^_ [2979893][5655ms]
[G][05-31 16:14:00][xyxjplu28] timer launch .....
[G][05-31 16:14:07][xyxjplu28] fetching ..... [2979894][ing=false],openTime=2018-05-31 16:14:00[1/80]
[G][05-31 16:14:08][xyxjplu28] fetching ..... [2979894][ing=false],openTime=2018-05-31 16:14:00[2/80]
[G][05-31 16:14:13][xyxjplu28] fetching ..... [2979894][ing=false],openTime=2018-05-31 16:14:00[3/80]
[G][05-31 16:14:13][xyxjplu28] RESULTS  _____ [2979894]=>08,11,18,22,24,29,37,42,43,45,48,57,61,64,66,68,72,75,76,78
[G][05-31 16:14:13][xyxjplu28] timer clear .....
[G][05-31 16:14:13][xyxjplu28] -------- OPENing --------
[G][05-31 16:14:14][xyxjplu28] Start ... [2979894],status=0,result=08,11,18,22,24,29,37,42,43,45,48,57,61,64,66,68,72,75,76,78
[G][05-31 16:14:14][xyxjplu28] BETS ... [0][2979894][59ms]
[G][05-31 16:14:14][xyxjplu28] End ... [2979894][121ms],status=2,result=08,11,18,22,24,29,37,42,43,45,48,57,61,64,66,68,72,75,76,78
[G][05-31 16:14:15][xyxjplu28] gsi last ... [186ms]2979894,08,11,18,22,24,29,37,42,43,45,48,57,61,64,66,68,72,75,76,78
[G][05-31 16:14:15][xyxjplu28] trend ... [1][59ms]
[G][05-31 16:14:16][xyxjplu28] removing opening flag ..... [2979894]
[G][05-31 16:14:16][xyxjplu28] SUCCESS  _^_^_ [2979894][2837ms]
[G][05-31 16:16:00][xyxjplu28] timer launch .....
[G][05-31 16:16:11][xyxjplu28] fetching ..... [2979895][ing=false],openTime=2018-05-31 16:16:00[1/80]
[G][05-31 16:16:13][xyxjplu28] fetching ..... [2979895][ing=false],openTime=2018-05-31 16:16:00[2/80]
[G][05-31 16:16:13][xyxjplu28] RESULTS  _____ [2979895]=>05,09,16,18,20,23,24,30,31,39,43,50,54,55,60,68,69,72,78,79
[G][05-31 16:16:13][xyxjplu28] timer clear .....
[G][05-31 16:16:13][xyxjplu28] -------- OPENing --------
[G][05-31 16:16:14][xyxjplu28] Start ... [2979895],status=0,result=05,09,16,18,20,23,24,30,31,39,43,50,54,55,60,68,69,72,78,79
[G][05-31 16:16:14][xyxjplu28] BETS ... [0][2979895][96ms]
[G][05-31 16:16:14][xyxjplu28] End ... [2979895][154ms],status=2,result=05,09,16,18,20,23,24,30,31,39,43,50,54,55,60,68,69,72,78,79
[G][05-31 16:16:16][xyxjplu28] gsi last ... [623ms]2979895,05,09,16,18,20,23,24,30,31,39,43,50,54,55,60,68,69,72,78,79
[G][05-31 16:16:16][xyxjplu28] trend ... [1][56ms]
[G][05-31 16:16:17][xyxjplu28] removing opening flag ..... [2979895]
[G][05-31 16:16:17][xyxjplu28] SUCCESS  _^_^_ [2979895][3783ms]
[G][05-31 16:18:00][xyxjplu28] timer launch .....
[G][05-31 16:18:02][xyxjplu28] fetching ..... [2979896][ing=false],openTime=2018-05-31 16:18:00[1/80]
[G][05-31 16:18:05][xyxjplu28] fetching ..... [2979896][ing=false],openTime=2018-05-31 16:18:00[2/80]
[G][05-31 16:18:14][xyxjplu28] fetching ..... [2979896][ing=false],openTime=2018-05-31 16:18:00[3/80]
[G][05-31 16:18:14][xyxjplu28] RESULTS  _____ [2979896]=>05,12,18,27,37,38,42,43,45,48,54,58,59,60,64,67,71,73,75,79
[G][05-31 16:18:14][xyxjplu28] timer clear .....
[G][05-31 16:18:15][xyxjplu28] -------- OPENing --------
[G][05-31 16:18:16][xyxjplu28] Start ... [2979896],status=0,result=05,12,18,27,37,38,42,43,45,48,54,58,59,60,64,67,71,73,75,79
[G][05-31 16:18:17][xyxjplu28] BETS ... [0][2979896][64ms]
[G][05-31 16:18:17][xyxjplu28] End ... [2979896][126ms],status=2,result=05,12,18,27,37,38,42,43,45,48,54,58,59,60,64,67,71,73,75,79
[G][05-31 16:18:19][xyxjplu28] gsi last ... [703ms]2979896,05,12,18,27,37,38,42,43,45,48,54,58,59,60,64,67,71,73,75,79
[G][05-31 16:18:19][xyxjplu28] trend ... [1][65ms]
[G][05-31 16:18:20][xyxjplu28] removing opening flag ..... [2979896]
[G][05-31 16:18:20][xyxjplu28] SUCCESS  _^_^_ [2979896][5524ms]
[G][05-31 16:20:00][xyxjplu28] timer launch .....
[G][05-31 16:20:04][xyxjplu28] fetching ..... [2979897][ing=false],openTime=2018-05-31 16:20:00[1/80]
[G][05-31 16:20:30][xyxjplu28] removing opening flag ..... [890886]
[G][05-31 16:22:00][xyxjplu28] timer launch .....
[G][05-31 16:22:05][xyxjplu28] fetching ..... [2979898][ing=false],openTime=2018-05-31 16:22:00[1/80]
[G][05-31 16:22:10][xyxjplu28] fetching ..... [2979898][ing=false],openTime=2018-05-31 16:22:00[2/80]
[G][05-31 16:22:11][xyxjplu28] fetching ..... [2979898][ing=false],openTime=2018-05-31 16:22:00[3/80]
[G][05-31 16:22:16][xyxjplu28] fetching ..... [2979898][ing=false],openTime=2018-05-31 16:22:00[4/80]
[G][05-31 16:22:16][xyxjplu28] RESULTS  _____ [2979898]=>01,02,07,10,11,20,23,24,28,29,38,53,55,58,61,63,64,65,67,74
[G][05-31 16:22:16][xyxjplu28] timer clear .....
[G][05-31 16:22:16][xyxjplu28] -------- OPENing --------
[G][05-31 16:22:18][xyxjplu28] Start ... [2979898],status=0,result=01,02,07,10,11,20,23,24,28,29,38,53,55,58,61,63,64,65,67,74
[G][05-31 16:22:18][xyxjplu28] BETS ... [0][2979898][98ms]
[G][05-31 16:22:18][xyxjplu28] End ... [2979898][163ms],status=2,result=01,02,07,10,11,20,23,24,28,29,38,53,55,58,61,63,64,65,67,74
[G][05-31 16:22:19][xyxjplu28] Start ... [2979897],status=0,result=05,09,10,18,20,24,25,40,41,42,48,49,51,58,63,64,69,78,79,80
[G][05-31 16:22:19][xyxjplu28] BETS ... [0][2979897][431ms]
[G][05-31 16:22:20][xyxjplu28] End ... [2979897][1397ms],status=2,result=05,09,10,18,20,24,25,40,41,42,48,49,51,58,63,64,69,78,79,80
[G][05-31 16:22:21][xyxjplu28] gsi last ... [280ms]2979898,01,02,07,10,11,20,23,24,28,29,38,53,55,58,61,63,64,65,67,74
[G][05-31 16:22:21][xyxjplu28] trend ... [2][662ms]
[G][05-31 16:22:23][xyxjplu28] removing opening flag ..... [2979898]
[G][05-31 16:22:23][xyxjplu28] SUCCESS  _^_^_ [2979898][6501ms]
[G][05-31 16:24:00][xyxjplu28] timer launch .....
[G][05-31 16:24:13][xyxjplu28] fetching ..... [2979899][ing=false],openTime=2018-05-31 16:24:00[1/80]
[G][05-31 16:24:13][xyxjplu28] fetching ..... [2979899][ing=false],openTime=2018-05-31 16:24:00[2/80]
[G][05-31 16:24:18][xyxjplu28] fetching ..... [2979899][ing=false],openTime=2018-05-31 16:24:00[3/80]
[G][05-31 16:24:18][xyxjplu28] RESULTS  _____ [2979899]=>07,21,25,29,32,33,34,37,40,45,49,57,65,66,70,71,76,77,79,80
[G][05-31 16:24:18][xyxjplu28] timer clear .....
[G][05-31 16:24:19][xyxjplu28] -------- OPENing --------
[G][05-31 16:24:20][xyxjplu28] Start ... [2979899],status=0,result=07,21,25,29,32,33,34,37,40,45,49,57,65,66,70,71,76,77,79,80
[G][05-31 16:24:20][xyxjplu28] BETS ... [0][2979899][74ms]
[G][05-31 16:24:20][xyxjplu28] End ... [2979899][445ms],status=2,result=07,21,25,29,32,33,34,37,40,45,49,57,65,66,70,71,76,77,79,80
[G][05-31 16:24:22][xyxjplu28] gsi last ... [397ms]2979899,07,21,25,29,32,33,34,37,40,45,49,57,65,66,70,71,76,77,79,80
[G][05-31 16:24:22][xyxjplu28] trend ... [1][61ms]
[G][05-31 16:24:23][xyxjplu28] removing opening flag ..... [2979899]
[G][05-31 16:24:23][xyxjplu28] SUCCESS  _^_^_ [2979899][4621ms]
[G][05-31 16:25:23][xyxjplu28] removing opening flag ..... [890887]
[G][05-31 16:26:00][xyxjplu28] timer launch .....
[G][05-31 16:26:05][xyxjplu28] fetching ..... [2979900][ing=false],openTime=2018-05-31 16:26:00[1/80]
[G][05-31 16:26:06][xyxjplu28] fetching ..... [2979900][ing=false],openTime=2018-05-31 16:26:00[2/80]
[G][05-31 16:26:14][xyxjplu28] fetching ..... [2979900][ing=false],openTime=2018-05-31 16:26:00[3/80]
[G][05-31 16:26:16][xyxjplu28] fetching ..... [2979900][ing=false],openTime=2018-05-31 16:26:00[4/80]
[G][05-31 16:27:01][xyxjplu28] fetching ..... [2979900][ing=false],openTime=2018-05-31 16:26:00[5/80]
[G][05-31 16:27:01][xyxjplu28] RESULTS  _____ [2979900]=>13,18,20,29,30,34,35,37,39,40,42,48,51,52,54,61,67,71,76,80
[G][05-31 16:27:01][xyxjplu28] timer clear .....
[G][05-31 16:27:02][xyxjplu28] -------- OPENing --------
[G][05-31 16:27:02][xyxjplu28] Start ... [2979900],status=0,result=13,18,20,29,30,34,35,37,39,40,42,48,51,52,54,61,67,71,76,80
[G][05-31 16:27:02][xyxjplu28] BETS ... [0][2979900][339ms]
[G][05-31 16:27:03][xyxjplu28] End ... [2979900][572ms],status=2,result=13,18,20,29,30,34,35,37,39,40,42,48,51,52,54,61,67,71,76,80
[G][05-31 16:27:11][xyxjplu28] gsi last ... [2100ms]2979900,13,18,20,29,30,34,35,37,39,40,42,48,51,52,54,61,67,71,76,80
[G][05-31 16:27:11][xyxjplu28] trend ... [1][199ms]
[G][05-31 16:27:13][xyxjplu28] removing opening flag ..... [2979900]
[G][05-31 16:27:13][xyxjplu28] SUCCESS  _^_^_ [2979900][11792ms]
[G][05-31 16:28:00][xyxjplu28] timer launch .....
[G][05-31 16:28:05][xyxjplu28] fetching ..... [2979901][ing=false],openTime=2018-05-31 16:28:00[1/80]
[G][05-31 16:28:12][xyxjplu28] fetching ..... [2979901][ing=false],openTime=2018-05-31 16:28:00[2/80]
[G][05-31 16:28:12][xyxjplu28] RESULTS  _____ [2979901]=>02,03,05,06,07,15,20,22,24,27,34,38,42,49,51,55,56,57,69,78
[G][05-31 16:28:12][xyxjplu28] timer clear .....
[G][05-31 16:28:13][xyxjplu28] -------- OPENing --------
[G][05-31 16:28:14][xyxjplu28] Start ... [2979901],status=0,result=02,03,05,06,07,15,20,22,24,27,34,38,42,49,51,55,56,57,69,78
[G][05-31 16:28:14][xyxjplu28] BETS ... [0][2979901][435ms]
[G][05-31 16:28:14][xyxjplu28] End ... [2979901][641ms],status=2,result=02,03,05,06,07,15,20,22,24,27,34,38,42,49,51,55,56,57,69,78
[G][05-31 16:28:20][xyxjplu28] gsi last ... [606ms]2979901,02,03,05,06,07,15,20,22,24,27,34,38,42,49,51,55,56,57,69,78
[G][05-31 16:28:21][xyxjplu28] trend ... [1][197ms]
[G][05-31 16:28:23][xyxjplu28] removing opening flag ..... [2979901]
[G][05-31 16:28:23][xyxjplu28] SUCCESS  _^_^_ [2979901][10744ms]
[G][05-31 16:30:00][xyxjplu28] timer launch .....
[G][05-31 16:30:05][xyxjplu28] fetching ..... [2979902][ing=false],openTime=2018-05-31 16:30:00[1/80]
[G][05-31 16:30:12][xyxjplu28] fetching ..... [2979902][ing=false],openTime=2018-05-31 16:30:00[2/80]
[G][05-31 16:30:26][xyxjplu28] fetching ..... [2979902][ing=false],openTime=2018-05-31 16:30:00[3/80]
[G][05-31 16:30:27][xyxjplu28] RESULTS  _____ [2979902]=>02,04,05,10,11,12,16,19,20,26,29,30,32,48,63,64,68,71,75,77
[G][05-31 16:30:27][xyxjplu28] timer clear .....
[G][05-31 16:30:29][xyxjplu28] -------- OPENing --------
[G][05-31 16:30:30][xyxjplu28] Start ... [2979902],status=0,result=02,04,05,10,11,12,16,19,20,26,29,30,32,48,63,64,68,71,75,77
[G][05-31 16:30:31][xyxjplu28] BETS ... [0][2979902][1185ms]
[G][05-31 16:30:31][xyxjplu28] End ... [2979902][1387ms],status=2,result=02,04,05,10,11,12,16,19,20,26,29,30,32,48,63,64,68,71,75,77
[G][05-31 16:30:33][xyxjplu28] init session[4251ms]
[G][05-31 16:30:36][xyxjplu28] gsi last ... [668ms]2979902,02,04,05,10,11,12,16,19,20,26,29,30,32,48,63,64,68,71,75,77
[G][05-31 16:30:36][xyxjplu28] trend ... [1][198ms]
[G][05-31 16:30:38][xyxjplu28] removing opening flag ..... [2979902]
[G][05-31 16:30:38][xyxjplu28] SUCCESS  _^_^_ [2979902][11062ms]
[G][05-31 16:31:03][xyxjplu28] removing opening flag ..... [890888]
[G][05-31 16:32:00][xyxjplu28] timer launch .....
[G][05-31 16:32:18][xyxjplu28] fetching ..... [2979903][ing=false],openTime=2018-05-31 16:32:00[1/80]
[G][05-31 16:32:18][xyxjplu28] RESULTS  _____ [2979903]=>02,04,15,17,18,23,24,30,32,33,35,36,38,39,57,60,62,63,69,79
[G][05-31 16:32:18][xyxjplu28] timer clear .....
[G][05-31 16:32:19][xyxjplu28] -------- OPENing --------
[G][05-31 16:32:20][xyxjplu28] Start ... [2979903],status=0,result=02,04,15,17,18,23,24,30,32,33,35,36,38,39,57,60,62,63,69,79
[G][05-31 16:32:20][xyxjplu28] BETS ... [0][2979903][546ms]
[G][05-31 16:32:20][xyxjplu28] End ... [2979903][748ms],status=2,result=02,04,15,17,18,23,24,30,32,33,35,36,38,39,57,60,62,63,69,79
[G][05-31 16:32:26][xyxjplu28] gsi last ... [1606ms]2979903,02,04,15,17,18,23,24,30,32,33,35,36,38,39,57,60,62,63,69,79
[G][05-31 16:32:27][xyxjplu28] trend ... [1][802ms]
[G][05-31 16:32:30][xyxjplu28] removing opening flag ..... [2979903]
[G][05-31 16:32:30][xyxjplu28] SUCCESS  _^_^_ [2979903][11711ms]
[G][05-31 16:34:00][xyxjplu28] timer launch .....
[G][05-31 16:34:45][xyxjplu28] fetching ..... [2979904][ing=false],openTime=2018-05-31 16:34:00[1/80]
[G][05-31 16:34:45][xyxjplu28] RESULTS  _____ [2979904]=>03,04,16,24,26,28,37,41,52,54,55,57,59,60,62,64,68,70,79,80
[G][05-31 16:34:45][xyxjplu28] timer clear .....
[G][05-31 16:34:46][xyxjplu28] -------- OPENing --------
[G][05-31 16:34:46][xyxjplu28] Start ... [2979904],status=0,result=03,04,16,24,26,28,37,41,52,54,55,57,59,60,62,64,68,70,79,80
[G][05-31 16:34:46][xyxjplu28] BETS ... [0][2979904][197ms]
[G][05-31 16:34:46][xyxjplu28] End ... [2979904][395ms],status=2,result=03,04,16,24,26,28,37,41,52,54,55,57,59,60,62,64,68,70,79,80
[G][05-31 16:34:54][xyxjplu28] gsi last ... [1755ms]2979904,03,04,16,24,26,28,37,41,52,54,55,57,59,60,62,64,68,70,79,80
[G][05-31 16:34:54][xyxjplu28] trend ... [1][225ms]
[G][05-31 16:34:56][xyxjplu28] removing opening flag ..... [2979904]
[G][05-31 16:34:56][xyxjplu28] SUCCESS  _^_^_ [2979904][11287ms]
[G][05-31 16:35:29][xyxjplu28] removing opening flag ..... [890889]
[G][05-31 16:36:00][xyxjplu28] timer launch .....
[G][05-31 16:36:10][xyxjplu28] fetching ..... [2979905][ing=false],openTime=2018-05-31 16:36:00[1/80]
[G][05-31 16:36:13][xyxjplu28] fetching ..... [2979905][ing=false],openTime=2018-05-31 16:36:00[2/80]
[G][05-31 16:36:17][xyxjplu28] fetching ..... [2979905][ing=false],openTime=2018-05-31 16:36:00[3/80]
[G][05-31 16:36:17][xyxjplu28] RESULTS  _____ [2979905]=>01,03,05,08,09,13,16,18,22,24,26,28,35,47,48,63,65,73,75,80
[G][05-31 16:36:17][xyxjplu28] timer clear .....
[G][05-31 16:36:18][xyxjplu28] -------- OPENing --------
[G][05-31 16:36:18][xyxjplu28] Start ... [2979905],status=0,result=01,03,05,08,09,13,16,18,22,24,26,28,35,47,48,63,65,73,75,80
[G][05-31 16:36:19][xyxjplu28] BETS ... [0][2979905][896ms]
[G][05-31 16:36:19][xyxjplu28] End ... [2979905][1098ms],status=2,result=01,03,05,08,09,13,16,18,22,24,26,28,35,47,48,63,65,73,75,80
[G][05-31 16:36:26][xyxjplu28] gsi last ... [1070ms]2979905,01,03,05,08,09,13,16,18,22,24,26,28,35,47,48,63,65,73,75,80
[G][05-31 16:36:27][xyxjplu28] trend ... [1][197ms]
[G][05-31 16:36:30][xyxjplu28] removing opening flag ..... [2979905]
[G][05-31 16:36:30][xyxjplu28] SUCCESS  _^_^_ [2979905][12806ms]
[G][05-31 16:38:00][xyxjplu28] timer launch .....
[G][05-31 16:38:09][xyxjplu28] fetching ..... [2979906][ing=false],openTime=2018-05-31 16:38:00[1/80]
[G][05-31 16:38:10][xyxjplu28] fetching ..... [2979906][ing=false],openTime=2018-05-31 16:38:00[2/80]
[G][05-31 16:38:15][xyxjplu28] fetching ..... [2979906][ing=false],openTime=2018-05-31 16:38:00[3/80]
[G][05-31 16:38:20][xyxjplu28] fetching ..... [2979906][ing=false],openTime=2018-05-31 16:38:00[4/80]
[G][05-31 16:38:20][xyxjplu28] RESULTS  _____ [2979906]=>11,14,16,18,21,28,30,31,34,40,45,46,54,55,56,58,64,68,76,80
[G][05-31 16:38:20][xyxjplu28] timer clear .....
[G][05-31 16:38:20][xyxjplu28] -------- OPENing --------
[G][05-31 16:38:20][xyxjplu28] Start ... [2979906],status=0,result=11,14,16,18,21,28,30,31,34,40,45,46,54,55,56,58,64,68,76,80
[G][05-31 16:38:20][xyxjplu28] BETS ... [0][2979906][55ms]
[G][05-31 16:38:20][xyxjplu28] End ... [2979906][107ms],status=2,result=11,14,16,18,21,28,30,31,34,40,45,46,54,55,56,58,64,68,76,80
[G][05-31 16:38:22][xyxjplu28] gsi last ... [505ms]2979906,11,14,16,18,21,28,30,31,34,40,45,46,54,55,56,58,64,68,76,80
[G][05-31 16:38:23][xyxjplu28] trend ... [1][956ms]
[G][05-31 16:38:26][xyxjplu28] removing opening flag ..... [2979906]
[G][05-31 16:38:26][xyxjplu28] SUCCESS  _^_^_ [2979906][6354ms]
[G][05-31 16:40:00][xyxjplu28] timer launch .....
[G][05-31 16:40:04][xyxjplu28] fetching ..... [2979907][ing=false],openTime=2018-05-31 16:40:00[1/80]
[G][05-31 16:40:33][xyxjplu28] removing opening flag ..... [890890]
[G][05-31 16:42:00][xyxjplu28] timer launch .....
[G][05-31 16:42:09][xyxjplu28] fetching ..... [2979908][ing=false],openTime=2018-05-31 16:42:00[1/80]
[G][05-31 16:42:10][xyxjplu28] fetching ..... [2979908][ing=false],openTime=2018-05-31 16:42:00[2/80]
[G][05-31 16:42:15][xyxjplu28] fetching ..... [2979908][ing=false],openTime=2018-05-31 16:42:00[3/80]
[G][05-31 16:42:43][xyxjplu28] fetching ..... [2979908][ing=false],openTime=2018-05-31 16:42:00[4/80]
[G][05-31 16:42:44][xyxjplu28] RESULTS  _____ [2979908]=>04,08,14,15,18,22,25,26,34,37,40,45,46,47,57,58,66,68,75,80
[G][05-31 16:42:44][xyxjplu28] timer clear .....
[G][05-31 16:42:44][xyxjplu28] -------- OPENing --------
[G][05-31 16:42:44][xyxjplu28] Start ... [2979907],status=0,result=12,15,16,17,23,29,30,31,32,35,36,42,54,63,66,68,69,70,72,76
[G][05-31 16:42:44][xyxjplu28] BETS ... [0][2979907][66ms]
[G][05-31 16:42:45][xyxjplu28] End ... [2979907][435ms],status=2,result=12,15,16,17,23,29,30,31,32,35,36,42,54,63,66,68,69,70,72,76
[G][05-31 16:42:45][xyxjplu28] Start ... [2979908],status=0,result=04,08,14,15,18,22,25,26,34,37,40,45,46,47,57,58,66,68,75,80
[G][05-31 16:42:45][xyxjplu28] BETS ... [0][2979908][59ms]
[G][05-31 16:42:45][xyxjplu28] End ... [2979908][120ms],status=2,result=04,08,14,15,18,22,25,26,34,37,40,45,46,47,57,58,66,68,75,80
[G][05-31 16:42:47][xyxjplu28] gsi last ... [285ms]2979908,04,08,14,15,18,22,25,26,34,37,40,45,46,47,57,58,66,68,75,80
[G][05-31 16:42:47][xyxjplu28] trend ... [2][336ms]
[G][05-31 16:42:48][xyxjplu28] removing opening flag ..... [2979908]
[G][05-31 16:42:48][xyxjplu28] SUCCESS  _^_^_ [2979908][4030ms]
[G][05-31 16:44:00][xyxjplu28] timer launch .....
[G][05-31 16:44:05][xyxjplu28] fetching ..... [2979909][ing=false],openTime=2018-05-31 16:44:00[1/80]
[G][05-31 16:44:06][xyxjplu28] fetching ..... [2979909][ing=false],openTime=2018-05-31 16:44:00[2/80]
[G][05-31 16:44:11][xyxjplu28] fetching ..... [2979909][ing=false],openTime=2018-05-31 16:44:00[3/80]
[G][05-31 16:44:16][xyxjplu28] fetching ..... [2979909][ing=false],openTime=2018-05-31 16:44:00[4/80]
[G][05-31 16:44:16][xyxjplu28] RESULTS  _____ [2979909]=>04,08,17,26,28,32,34,38,40,44,45,47,48,52,59,66,69,72,73,77
[G][05-31 16:44:16][xyxjplu28] timer clear .....
[G][05-31 16:44:16][xyxjplu28] -------- OPENing --------
[G][05-31 16:44:17][xyxjplu28] Start ... [2979909],status=0,result=04,08,17,26,28,32,34,38,40,44,45,47,48,52,59,66,69,72,73,77
[G][05-31 16:44:17][xyxjplu28] BETS ... [0][2979909][78ms]
[G][05-31 16:44:17][xyxjplu28] End ... [2979909][136ms],status=2,result=04,08,17,26,28,32,34,38,40,44,45,47,48,52,59,66,69,72,73,77
[G][05-31 16:44:18][xyxjplu28] gsi last ... [531ms]2979909,04,08,17,26,28,32,34,38,40,44,45,47,48,52,59,66,69,72,73,77
[G][05-31 16:44:19][xyxjplu28] trend ... [1][61ms]
[G][05-31 16:44:19][xyxjplu28] removing opening flag ..... [2979909]
[G][05-31 16:44:19][xyxjplu28] SUCCESS  _^_^_ [2979909][3350ms]
[G][05-31 16:45:26][xyxjplu28] removing opening flag ..... [890891]
[G][05-31 16:46:00][xyxjplu28] timer launch .....
[G][05-31 16:46:10][xyxjplu28] fetching ..... [2979910][ing=false],openTime=2018-05-31 16:46:00[1/80]
[G][05-31 16:46:11][xyxjplu28] fetching ..... [2979910][ing=false],openTime=2018-05-31 16:46:00[2/80]
[G][05-31 16:46:16][xyxjplu28] fetching ..... [2979910][ing=false],openTime=2018-05-31 16:46:00[3/80]
[G][05-31 16:46:17][xyxjplu28] RESULTS  _____ [2979910]=>03,09,17,20,23,26,27,35,36,39,41,43,46,47,52,56,69,76,77,78
[G][05-31 16:46:17][xyxjplu28] timer clear .....
[G][05-31 16:46:18][xyxjplu28] -------- OPENing --------
[G][05-31 16:46:21][xyxjplu28] Start ... [2979910],status=0,result=03,09,17,20,23,26,27,35,36,39,41,43,46,47,52,56,69,76,77,78
[G][05-31 16:46:21][xyxjplu28] BETS ... [0][2979910][61ms]
[G][05-31 16:46:21][xyxjplu28] End ... [2979910][118ms],status=2,result=03,09,17,20,23,26,27,35,36,39,41,43,46,47,52,56,69,76,77,78
[G][05-31 16:46:21][xyxjplu28] gsi last ... [311ms]2979910,03,09,17,20,23,26,27,35,36,39,41,43,46,47,52,56,69,76,77,78
[G][05-31 16:46:22][xyxjplu28] trend ... [1][58ms]
[G][05-31 16:46:22][xyxjplu28] removing opening flag ..... [2979910]
[G][05-31 16:46:22][xyxjplu28] SUCCESS  _^_^_ [2979910][5867ms]
[G][05-31 16:48:00][xyxjplu28] timer launch .....
[G][05-31 16:48:04][xyxjplu28] fetching ..... [2979911][ing=false],openTime=2018-05-31 16:48:00[1/80]
[G][05-31 16:48:05][xyxjplu28] fetching ..... [2979911][ing=false],openTime=2018-05-31 16:48:00[2/80]
[G][05-31 16:48:15][xyxjplu28] fetching ..... [2979911][ing=false],openTime=2018-05-31 16:48:00[3/80]
[G][05-31 16:48:18][xyxjplu28] fetching ..... [2979911][ing=false],openTime=2018-05-31 16:48:00[4/80]
[G][05-31 16:48:18][xyxjplu28] RESULTS  _____ [2979911]=>01,03,09,15,19,21,27,30,33,40,41,43,47,48,49,59,61,69,71,80
[G][05-31 16:48:18][xyxjplu28] timer clear .....
[G][05-31 16:48:18][xyxjplu28] -------- OPENing --------
[G][05-31 16:48:19][xyxjplu28] Start ... [2979911],status=0,result=01,03,09,15,19,21,27,30,33,40,41,43,47,48,49,59,61,69,71,80
[G][05-31 16:48:19][xyxjplu28] BETS ... [0][2979911][76ms]
[G][05-31 16:48:19][xyxjplu28] End ... [2979911][135ms],status=2,result=01,03,09,15,19,21,27,30,33,40,41,43,47,48,49,59,61,69,71,80
[G][05-31 16:48:22][xyxjplu28] gsi last ... [1281ms]2979911,01,03,09,15,19,21,27,30,33,40,41,43,47,48,49,59,61,69,71,80
[G][05-31 16:48:22][xyxjplu28] trend ... [1][75ms]
[G][05-31 16:48:23][xyxjplu28] removing opening flag ..... [2979911]
[G][05-31 16:48:23][xyxjplu28] SUCCESS  _^_^_ [2979911][4921ms]
[G][05-31 16:50:00][xyxjplu28] timer launch .....
[G][05-31 16:50:03][xyxjplu28] fetching ..... [2979912][ing=false],openTime=2018-05-31 16:50:00[1/80]
[G][05-31 16:50:22][xyxjplu28] removing opening flag ..... [890892]
[G][05-31 16:52:00][xyxjplu28] timer launch .....
[G][05-31 16:52:10][xyxjplu28] fetching ..... [2979913][ing=false],openTime=2018-05-31 16:52:00[1/80]
[G][05-31 16:52:11][xyxjplu28] fetching ..... [2979913][ing=false],openTime=2018-05-31 16:52:00[2/80]
[G][05-31 16:52:17][xyxjplu28] fetching ..... [2979913][ing=false],openTime=2018-05-31 16:52:00[3/80]
[G][05-31 16:52:17][xyxjplu28] RESULTS  _____ [2979913]=>02,11,17,31,34,35,41,43,52,53,54,59,61,63,66,67,71,74,77,80
[G][05-31 16:52:17][xyxjplu28] timer clear .....
[G][05-31 16:52:17][xyxjplu28] -------- OPENing --------
[G][05-31 16:52:18][xyxjplu28] Start ... [2979913],status=0,result=02,11,17,31,34,35,41,43,52,53,54,59,61,63,66,67,71,74,77,80
[G][05-31 16:52:19][xyxjplu28] BETS ... [0][2979913][80ms]
[G][05-31 16:52:19][xyxjplu28] End ... [2979913][136ms],status=2,result=02,11,17,31,34,35,41,43,52,53,54,59,61,63,66,67,71,74,77,80
[G][05-31 16:52:19][xyxjplu28] Start ... [2979912],status=0,result=01,05,06,11,12,13,14,19,22,24,26,34,35,36,38,39,52,54,62,79
[G][05-31 16:52:20][xyxjplu28] BETS ... [0][2979912][504ms]
[G][05-31 16:52:20][xyxjplu28] End ... [2979912][574ms],status=2,result=01,05,06,11,12,13,14,19,22,24,26,34,35,36,38,39,52,54,62,79
[G][05-31 16:52:22][xyxjplu28] gsi last ... [809ms]2979913,02,11,17,31,34,35,41,43,52,53,54,59,61,63,66,67,71,74,77,80
[G][05-31 16:52:23][xyxjplu28] trend ... [2][786ms]
[G][05-31 16:52:23][xyxjplu28] removing opening flag ..... [2979913]
[G][05-31 16:52:23][xyxjplu28] SUCCESS  _^_^_ [2979913][6281ms]
[G][05-31 16:54:00][xyxjplu28] timer launch .....
[G][05-31 16:54:01][xyxjplu28] fetching ..... [2979914][ing=false],openTime=2018-05-31 16:54:00[1/80]
[G][05-31 16:54:14][xyxjplu28] fetching ..... [2979914][ing=false],openTime=2018-05-31 16:54:00[2/80]
[G][05-31 16:54:14][xyxjplu28] RESULTS  _____ [2979914]=>01,13,16,17,22,25,34,39,48,53,57,59,61,67,70,71,72,73,74,80
[G][05-31 16:54:14][xyxjplu28] timer clear .....
[G][05-31 16:54:14][xyxjplu28] -------- OPENing --------
[G][05-31 16:54:15][xyxjplu28] Start ... [2979914],status=0,result=01,13,16,17,22,25,34,39,48,53,57,59,61,67,70,71,72,73,74,80
[G][05-31 16:54:15][xyxjplu28] BETS ... [0][2979914][432ms]
[G][05-31 16:54:15][xyxjplu28] End ... [2979914][506ms],status=2,result=01,13,16,17,22,25,34,39,48,53,57,59,61,67,70,71,72,73,74,80
[G][05-31 16:54:17][xyxjplu28] gsi last ... [426ms]2979914,01,13,16,17,22,25,34,39,48,53,57,59,61,67,70,71,72,73,74,80
[G][05-31 16:54:17][xyxjplu28] trend ... [1][70ms]
[G][05-31 16:54:18][xyxjplu28] removing opening flag ..... [2979914]
[G][05-31 16:54:18][xyxjplu28] SUCCESS  _^_^_ [2979914][4408ms]
[G][05-31 16:56:00][xyxjplu28] timer launch .....
[G][05-31 16:56:06][xyxjplu28] fetching ..... [2979915][ing=false],openTime=2018-05-31 16:56:00[1/80]
[G][05-31 16:56:06][xyxjplu28] fetching ..... [2979915][ing=false],openTime=2018-05-31 16:56:00[2/80]
[G][05-31 16:56:11][xyxjplu28] fetching ..... [2979915][ing=false],openTime=2018-05-31 16:56:00[3/80]
[G][05-31 16:56:16][xyxjplu28] fetching ..... [2979915][ing=false],openTime=2018-05-31 16:56:00[4/80]
[G][05-31 16:56:16][xyxjplu28] RESULTS  _____ [2979915]=>04,07,11,17,18,20,26,27,41,44,47,48,49,60,66,68,70,74,77,80
[G][05-31 16:56:16][xyxjplu28] timer clear .....
[G][05-31 16:56:17][xyxjplu28] -------- OPENing --------
[G][05-31 16:56:17][xyxjplu28] Start ... [2979915],status=0,result=04,07,11,17,18,20,26,27,41,44,47,48,49,60,66,68,70,74,77,80
[G][05-31 16:56:17][xyxjplu28] BETS ... [0][2979915][69ms]
[G][05-31 16:56:17][xyxjplu28] End ... [2979915][133ms],status=2,result=04,07,11,17,18,20,26,27,41,44,47,48,49,60,66,68,70,74,77,80
[G][05-31 16:56:18][xyxjplu28] removing opening flag ..... [890893]
[G][05-31 16:56:20][xyxjplu28] gsi last ... [319ms]2979915,04,07,11,17,18,20,26,27,41,44,47,48,49,60,66,68,70,74,77,80
[G][05-31 16:56:20][xyxjplu28] trend ... [1][80ms]
[G][05-31 16:56:21][xyxjplu28] removing opening flag ..... [2979915]
[G][05-31 16:56:21][xyxjplu28] SUCCESS  _^_^_ [2979915][4377ms]
[G][05-31 16:58:00][xyxjplu28] timer launch .....
[G][05-31 16:58:03][xyxjplu28] fetching ..... [2979916][ing=false],openTime=2018-05-31 16:58:00[1/80]
[G][05-31 16:58:05][xyxjplu28] fetching ..... [2979916][ing=false],openTime=2018-05-31 16:58:00[2/80]
[G][05-31 16:58:15][xyxjplu28] fetching ..... [2979916][ing=false],openTime=2018-05-31 16:58:00[3/80]
[G][05-31 16:58:15][xyxjplu28] RESULTS  _____ [2979916]=>08,10,18,21,25,29,38,39,41,43,47,51,55,63,67,73,74,75,76,79
[G][05-31 16:58:15][xyxjplu28] timer clear .....
[G][05-31 16:58:15][xyxjplu28] -------- OPENing --------
[G][05-31 16:58:16][xyxjplu28] Start ... [2979916],status=0,result=08,10,18,21,25,29,38,39,41,43,47,51,55,63,67,73,74,75,76,79
[G][05-31 16:58:16][xyxjplu28] BETS ... [0][2979916][60ms]
[G][05-31 16:58:16][xyxjplu28] End ... [2979916][121ms],status=2,result=08,10,18,21,25,29,38,39,41,43,47,51,55,63,67,73,74,75,76,79
[G][05-31 16:58:18][xyxjplu28] gsi last ... [297ms]2979916,08,10,18,21,25,29,38,39,41,43,47,51,55,63,67,73,74,75,76,79
[G][05-31 16:58:18][xyxjplu28] trend ... [1][67ms]
[G][05-31 16:58:19][xyxjplu28] removing opening flag ..... [2979916]
[G][05-31 16:58:19][xyxjplu28] SUCCESS  _^_^_ [2979916][3888ms]
[G][05-31 17:00:00][xyxjplu28] timer launch .....
[G][05-31 17:00:14][xyxjplu28] init session[1189ms]
[G][05-31 17:00:23][xyxjplu28] fetching ..... [2979917][ing=false],openTime=2018-05-31 17:00:00[1/80]
[G][05-31 17:00:23][xyxjplu28] RESULTS  _____ [2979917]=>01,03,06,09,10,12,18,23,26,29,37,47,52,54,60,63,65,70,76,78
[G][05-31 17:00:23][xyxjplu28] timer clear .....
[G][05-31 17:00:24][xyxjplu28] -------- OPENing --------
[G][05-31 17:00:25][xyxjplu28] Start ... [2979917],status=0,result=01,03,06,09,10,12,18,23,26,29,37,47,52,54,60,63,65,70,76,78
[G][05-31 17:00:25][xyxjplu28] BETS ... [0][2979917][90ms]
[G][05-31 17:00:25][xyxjplu28] End ... [2979917][203ms],status=2,result=01,03,06,09,10,12,18,23,26,29,37,47,52,54,60,63,65,70,76,78
[G][05-31 17:00:27][xyxjplu28] gsi last ... [286ms]2979917,01,03,06,09,10,12,18,23,26,29,37,47,52,54,60,63,65,70,76,78
[G][05-31 17:00:27][xyxjplu28] trend ... [1][74ms]
[G][05-31 17:00:28][xyxjplu28] removing opening flag ..... [2979917]
[G][05-31 17:00:28][xyxjplu28] SUCCESS  _^_^_ [2979917][4814ms]
[G][05-31 17:02:00][xyxjplu28] timer launch .....
[G][05-31 17:02:09][xyxjplu28] fetching ..... [2979918][ing=false],openTime=2018-05-31 17:02:00[1/80]
[G][05-31 17:02:17][xyxjplu28] fetching ..... [2979918][ing=false],openTime=2018-05-31 17:02:00[2/80]
[G][05-31 17:02:17][xyxjplu28] RESULTS  _____ [2979918]=>06,13,19,22,23,24,28,39,43,45,46,50,52,55,59,61,64,72,78,79
[G][05-31 17:02:17][xyxjplu28] timer clear .....
[G][05-31 17:02:17][xyxjplu28] -------- OPENing --------
[G][05-31 17:02:18][xyxjplu28] Start ... [2979918],status=0,result=06,13,19,22,23,24,28,39,43,45,46,50,52,55,59,61,64,72,78,79
[G][05-31 17:02:18][xyxjplu28] BETS ... [0][2979918][63ms]
[G][05-31 17:02:18][xyxjplu28] End ... [2979918][123ms],status=2,result=06,13,19,22,23,24,28,39,43,45,46,50,52,55,59,61,64,72,78,79
[G][05-31 17:02:20][xyxjplu28] gsi last ... [244ms]2979918,06,13,19,22,23,24,28,39,43,45,46,50,52,55,59,61,64,72,78,79
[G][05-31 17:02:20][xyxjplu28] trend ... [1][55ms]
[G][05-31 17:02:21][xyxjplu28] removing opening flag ..... [2979918]
[G][05-31 17:02:21][xyxjplu28] SUCCESS  _^_^_ [2979918][3709ms]
[G][05-31 18:22:00][xyxjplu28] timer launch .....
[G][05-31 18:22:03][xyxjplu28] fetching ..... [2979958][ing=false],openTime=2018-05-31 18:22:00[1/80]
[G][05-31 18:22:05][xyxjplu28] fetching ..... [2979958][ing=false],openTime=2018-05-31 18:22:00[2/80]
[G][05-31 18:22:11][xyxjplu28] fetching ..... [2979958][ing=false],openTime=2018-05-31 18:22:00[3/80]
[G][05-31 18:22:15][xyxjplu28] fetching ..... [2979958][ing=false],openTime=2018-05-31 18:22:00[4/80]
[G][05-31 18:22:15][xyxjplu28] RESULTS  _____ [2979958]=>02,03,05,13,18,20,21,28,33,36,37,39,45,47,51,54,62,63,66,77
[G][05-31 18:22:15][xyxjplu28] timer clear .....
[G][05-31 18:22:16][xyxjplu28] -------- OPENing --------
[G][05-31 18:22:16][xyxjplu28] Start ... [2979944],status=0,result=05,13,14,23,24,26,29,36,37,42,44,45,50,53,56,57,69,72,75,78
[G][05-31 18:22:16][xyxjplu28] BETS ... [0][2979944][68ms]
[G][05-31 18:22:16][xyxjplu28] End ... [2979944][138ms],status=2,result=05,13,14,23,24,26,29,36,37,42,44,45,50,53,56,57,69,72,75,78
[G][05-31 18:22:16][xyxjplu28] Start ... [2979945],status=0,result=05,07,14,25,26,32,35,38,41,42,45,52,55,57,59,64,66,71,74,80
[G][05-31 18:22:16][xyxjplu28] BETS ... [0][2979945][57ms]
[G][05-31 18:22:16][xyxjplu28] End ... [2979945][132ms],status=2,result=05,07,14,25,26,32,35,38,41,42,45,52,55,57,59,64,66,71,74,80
[G][05-31 18:22:16][xyxjplu28] Start ... [2979946],status=0,result=01,05,06,08,09,21,24,26,32,34,41,44,47,48,53,57,63,64,68,78
[G][05-31 18:22:16][xyxjplu28] BETS ... [0][2979946][68ms]
[G][05-31 18:22:16][xyxjplu28] End ... [2979946][165ms],status=2,result=01,05,06,08,09,21,24,26,32,34,41,44,47,48,53,57,63,64,68,78
[G][05-31 18:22:17][xyxjplu28] Start ... [2979947],status=0,result=04,14,28,29,30,34,36,38,44,47,49,53,57,60,61,63,69,73,74,78
[G][05-31 18:22:17][xyxjplu28] BETS ... [0][2979947][64ms]
[G][05-31 18:22:17][xyxjplu28] End ... [2979947][138ms],status=2,result=04,14,28,29,30,34,36,38,44,47,49,53,57,60,61,63,69,73,74,78
[G][05-31 18:22:17][xyxjplu28] Start ... [2979939],status=0,result=03,09,11,23,24,26,28,32,34,38,39,43,50,51,52,55,56,57,63,71
[G][05-31 18:22:17][xyxjplu28] BETS ... [0][2979939][65ms]
[G][05-31 18:22:17][xyxjplu28] End ... [2979939][137ms],status=2,result=03,09,11,23,24,26,28,32,34,38,39,43,50,51,52,55,56,57,63,71
[G][05-31 18:22:17][xyxjplu28] Start ... [2979948],status=0,result=03,04,07,09,14,16,20,22,28,32,43,44,45,54,56,61,64,75,77,79
[G][05-31 18:22:17][xyxjplu28] BETS ... [0][2979948][61ms]
[G][05-31 18:22:17][xyxjplu28] End ... [2979948][125ms],status=2,result=03,04,07,09,14,16,20,22,28,32,43,44,45,54,56,61,64,75,77,79
[G][05-31 18:22:17][xyxjplu28] Start ... [2979949],status=0,result=01,12,14,25,27,43,46,49,50,51,55,60,61,65,66,71,72,73,79,80
[G][05-31 18:22:18][xyxjplu28] BETS ... [0][2979949][79ms]
[G][05-31 18:22:18][xyxjplu28] End ... [2979949][138ms],status=2,result=01,12,14,25,27,43,46,49,50,51,55,60,61,65,66,71,72,73,79,80
[G][05-31 18:22:18][xyxjplu28] Start ... [2979958],status=0,result=02,03,05,13,18,20,21,28,33,36,37,39,45,47,51,54,62,63,66,77
[G][05-31 18:22:18][xyxjplu28] BETS ... [0][2979958][76ms]
[G][05-31 18:22:18][xyxjplu28] End ... [2979958][142ms],status=2,result=02,03,05,13,18,20,21,28,33,36,37,39,45,47,51,54,62,63,66,77
[G][05-31 18:22:18][xyxjplu28] Start ... [2979957],status=0,result=01,03,05,09,11,12,17,21,23,24,31,34,35,37,40,43,72,75,76,78
[G][05-31 18:22:18][xyxjplu28] BETS ... [0][2979957][63ms]
[G][05-31 18:22:18][xyxjplu28] End ... [2979957][143ms],status=2,result=01,03,05,09,11,12,17,21,23,24,31,34,35,37,40,43,72,75,76,78
[G][05-31 18:22:18][xyxjplu28] Start ... [2979956],status=0,result=06,07,10,23,24,27,31,33,36,38,42,49,51,57,60,61,65,66,72,74
[G][05-31 18:22:18][xyxjplu28] BETS ... [0][2979956][62ms]
[G][05-31 18:22:18][xyxjplu28] End ... [2979956][123ms],status=2,result=06,07,10,23,24,27,31,33,36,38,42,49,51,57,60,61,65,66,72,74
[G][05-31 18:22:19][xyxjplu28] Start ... [2979955],status=0,result=01,04,05,07,11,16,18,23,29,30,38,39,41,45,48,52,53,55,67,68
[G][05-31 18:22:19][xyxjplu28] BETS ... [0][2979955][62ms]
[G][05-31 18:22:19][xyxjplu28] End ... [2979955][126ms],status=2,result=01,04,05,07,11,16,18,23,29,30,38,39,41,45,48,52,53,55,67,68
[G][05-31 18:22:19][xyxjplu28] Start ... [2979953],status=0,result=09,12,13,19,21,22,25,27,28,31,32,43,44,47,56,67,72,73,75,77
[G][05-31 18:22:19][xyxjplu28] BETS ... [0][2979953][124ms]
[G][05-31 18:22:19][xyxjplu28] End ... [2979953][200ms],status=2,result=09,12,13,19,21,22,25,27,28,31,32,43,44,47,56,67,72,73,75,77
[G][05-31 18:22:19][xyxjplu28] Start ... [2979954],status=0,result=11,14,15,19,23,24,26,28,30,37,42,43,47,52,53,61,66,67,69,76
[G][05-31 18:22:19][xyxjplu28] BETS ... [0][2979954][64ms]
[G][05-31 18:22:19][xyxjplu28] End ... [2979954][120ms],status=2,result=11,14,15,19,23,24,26,28,30,37,42,43,47,52,53,61,66,67,69,76
[G][05-31 18:22:20][xyxjplu28] Start ... [2979951],status=0,result=01,02,04,05,08,11,16,27,32,37,41,43,45,48,53,67,68,76,77,79
[G][05-31 18:22:20][xyxjplu28] BETS ... [0][2979951][65ms]
[G][05-31 18:22:20][xyxjplu28] End ... [2979951][122ms],status=2,result=01,02,04,05,08,11,16,27,32,37,41,43,45,48,53,67,68,76,77,79
[G][05-31 18:22:20][xyxjplu28] Start ... [2979952],status=0,result=07,08,10,12,16,20,22,28,30,34,35,39,49,52,59,63,64,70,72,76
[G][05-31 18:22:20][xyxjplu28] BETS ... [0][2979952][77ms]
[G][05-31 18:22:20][xyxjplu28] End ... [2979952][137ms],status=2,result=07,08,10,12,16,20,22,28,30,34,35,39,49,52,59,63,64,70,72,76
[G][05-31 18:22:20][xyxjplu28] Start ... [2979950],status=0,result=01,03,05,12,22,25,28,29,31,38,41,42,45,50,57,64,69,71,72,77
[G][05-31 18:22:20][xyxjplu28] BETS ... [0][2979950][58ms]
[G][05-31 18:22:20][xyxjplu28] End ... [2979950][132ms],status=2,result=01,03,05,12,22,25,28,29,31,38,41,42,45,50,57,64,69,71,72,77
[G][05-31 18:22:20][xyxjplu28] Start ... [2979941],status=0,result=06,12,13,14,15,18,26,28,33,43,45,48,51,57,61,63,65,74,76,78
[G][05-31 18:22:20][xyxjplu28] BETS ... [0][2979941][58ms]
[G][05-31 18:22:21][xyxjplu28] End ... [2979941][118ms],status=2,result=06,12,13,14,15,18,26,28,33,43,45,48,51,57,61,63,65,74,76,78
[G][05-31 18:22:21][xyxjplu28] Start ... [2979940],status=0,result=03,06,07,13,14,15,18,23,26,33,34,44,48,50,51,60,62,66,67,69
[G][05-31 18:22:21][xyxjplu28] BETS ... [0][2979940][62ms]
[G][05-31 18:22:21][xyxjplu28] End ... [2979940][122ms],status=2,result=03,06,07,13,14,15,18,23,26,33,34,44,48,50,51,60,62,66,67,69
[G][05-31 18:22:21][xyxjplu28] Start ... [2979943],status=0,result=03,08,10,13,17,26,28,30,32,39,45,46,54,57,58,63,71,74,76,78
[G][05-31 18:22:21][xyxjplu28] BETS ... [0][2979943][62ms]
[G][05-31 18:22:21][xyxjplu28] End ... [2979943][118ms],status=2,result=03,08,10,13,17,26,28,30,32,39,45,46,54,57,58,63,71,74,76,78
[G][05-31 18:22:21][xyxjplu28] Start ... [2979942],status=0,result=03,04,09,17,18,22,26,31,33,35,36,38,42,48,57,58,61,69,77,78
[G][05-31 18:22:21][xyxjplu28] BETS ... [0][2979942][66ms]
[G][05-31 18:22:21][xyxjplu28] End ... [2979942][126ms],status=2,result=03,04,09,17,18,22,26,31,33,35,36,38,42,48,57,58,61,69,77,78
[G][05-31 18:22:22][xyxjplu28] gsi last ... [182ms]2979958,02,03,05,13,18,20,21,28,33,36,37,39,45,47,51,54,62,63,66,77
[G][05-31 18:22:30][xyxjplu28] trend ... [20][8762ms]
[G][05-31 18:22:31][xyxjplu28] removing opening flag ..... [2979958]
[G][05-31 18:22:31][xyxjplu28] SUCCESS  _^_^_ [2979958][15559ms]
[G][05-31 18:24:00][xyxjplu28] timer launch .....
[G][05-31 18:24:04][xyxjplu28] fetching ..... [2979959][ing=false],openTime=2018-05-31 18:24:00[1/80]
[G][05-31 18:24:08][xyxjplu28] fetching ..... [2979959][ing=false],openTime=2018-05-31 18:24:00[2/80]
[G][05-31 18:24:14][xyxjplu28] fetching ..... [2979959][ing=false],openTime=2018-05-31 18:24:00[3/80]
[G][05-31 18:24:14][xyxjplu28] RESULTS  _____ [2979959]=>05,08,09,10,11,12,19,24,30,35,36,39,53,54,58,59,60,71,72,73
[G][05-31 18:24:14][xyxjplu28] timer clear .....
[G][05-31 18:24:14][xyxjplu28] -------- OPENing --------
[G][05-31 18:24:14][xyxjplu28] Start ... [2979959],status=0,result=05,08,09,10,11,12,19,24,30,35,36,39,53,54,58,59,60,71,72,73
[G][05-31 18:24:14][xyxjplu28] BETS ... [0][2979959][76ms]
[G][05-31 18:24:14][xyxjplu28] End ... [2979959][137ms],status=2,result=05,08,09,10,11,12,19,24,30,35,36,39,53,54,58,59,60,71,72,73
[G][05-31 18:24:16][xyxjplu28] gsi last ... [183ms]2979959,05,08,09,10,11,12,19,24,30,35,36,39,53,54,58,59,60,71,72,73
[G][05-31 18:24:16][xyxjplu28] trend ... [1][57ms]
[G][05-31 18:24:17][xyxjplu28] removing opening flag ..... [2979959]
[G][05-31 18:24:17][xyxjplu28] SUCCESS  _^_^_ [2979959][3111ms]
[G][05-31 18:25:52][xyxjplu28] removing opening flag ..... [890911]
[G][05-31 18:26:00][xyxjplu28] timer launch .....
[G][05-31 18:26:03][xyxjplu28] fetching ..... [2979960][ing=false],openTime=2018-05-31 18:26:00[1/80]
[G][05-31 18:26:05][xyxjplu28] fetching ..... [2979960][ing=false],openTime=2018-05-31 18:26:00[2/80]
[G][05-31 18:26:11][xyxjplu28] fetching ..... [2979960][ing=false],openTime=2018-05-31 18:26:00[3/80]
[G][05-31 18:26:15][xyxjplu28] fetching ..... [2979960][ing=false],openTime=2018-05-31 18:26:00[4/80]
[G][05-31 18:26:15][xyxjplu28] RESULTS  _____ [2979960]=>02,06,07,10,13,22,27,31,34,38,45,49,54,58,65,66,72,74,77,79
[G][05-31 18:26:15][xyxjplu28] timer clear .....
[G][05-31 18:26:15][xyxjplu28] -------- OPENing --------
[G][05-31 18:26:17][xyxjplu28] Start ... [2979960],status=0,result=02,06,07,10,13,22,27,31,34,38,45,49,54,58,65,66,72,74,77,79
[G][05-31 18:26:17][xyxjplu28] BETS ... [0][2979960][62ms]
[G][05-31 18:26:17][xyxjplu28] End ... [2979960][119ms],status=2,result=02,06,07,10,13,22,27,31,34,38,45,49,54,58,65,66,72,74,77,79
[G][05-31 18:26:18][xyxjplu28] gsi last ... [197ms]2979960,02,06,07,10,13,22,27,31,34,38,45,49,54,58,65,66,72,74,77,79
[G][05-31 18:26:18][xyxjplu28] trend ... [1][61ms]
[G][05-31 18:26:18][xyxjplu28] removing opening flag ..... [2979960]
[G][05-31 18:26:18][xyxjplu28] SUCCESS  _^_^_ [2979960][3025ms]
[G][05-31 18:28:00][xyxjplu28] timer launch .....
[G][05-31 18:28:03][xyxjplu28] fetching ..... [2979961][ing=false],openTime=2018-05-31 18:28:00[1/80]
[G][05-31 18:28:05][xyxjplu28] fetching ..... [2979961][ing=false],openTime=2018-05-31 18:28:00[2/80]
[G][05-31 18:28:10][xyxjplu28] fetching ..... [2979961][ing=false],openTime=2018-05-31 18:28:00[3/80]
[G][05-31 18:28:15][xyxjplu28] fetching ..... [2979961][ing=false],openTime=2018-05-31 18:28:00[4/80]
[G][05-31 18:28:15][xyxjplu28] RESULTS  _____ [2979961]=>02,03,04,07,11,23,24,31,32,34,41,47,50,51,54,64,70,73,78,80
[G][05-31 18:28:15][xyxjplu28] timer clear .....
[G][05-31 18:28:15][xyxjplu28] -------- OPENing --------
[G][05-31 18:28:17][xyxjplu28] Start ... [2979961],status=0,result=02,03,04,07,11,23,24,31,32,34,41,47,50,51,54,64,70,73,78,80
[G][05-31 18:28:17][xyxjplu28] BETS ... [0][2979961][52ms]
[G][05-31 18:28:17][xyxjplu28] End ... [2979961][109ms],status=2,result=02,03,04,07,11,23,24,31,32,34,41,47,50,51,54,64,70,73,78,80
[G][05-31 18:28:17][xyxjplu28] gsi last ... [179ms]2979961,02,03,04,07,11,23,24,31,32,34,41,47,50,51,54,64,70,73,78,80
[G][05-31 18:28:17][xyxjplu28] trend ... [1][51ms]
[G][05-31 18:28:18][xyxjplu28] removing opening flag ..... [2979961]
[G][05-31 18:28:18][xyxjplu28] SUCCESS  _^_^_ [2979961][2580ms]
[G][05-31 18:30:00][xyxjplu28] timer launch .....
[G][05-31 18:30:07][xyxjplu28] init session[640ms]
[G][05-31 18:30:08][xyxjplu28] fetching ..... [2979962][ing=false],openTime=2018-05-31 18:30:00[1/80]
[G][05-31 18:30:22][xyxjplu28] removing opening flag ..... [890912]
[G][05-31 18:32:00][xyxjplu28] timer launch .....
[G][05-31 18:32:02][xyxjplu28] fetching ..... [2979963][ing=false],openTime=2018-05-31 18:32:00[1/80]
[G][05-31 18:32:14][xyxjplu28] fetching ..... [2979963][ing=false],openTime=2018-05-31 18:32:00[2/80]
[G][05-31 18:32:14][xyxjplu28] RESULTS  _____ [2979963]=>02,08,14,22,25,29,31,34,39,40,46,51,55,57,60,65,71,72,74,77
[G][05-31 18:32:14][xyxjplu28] timer clear .....
[G][05-31 18:32:14][xyxjplu28] -------- OPENing --------
[G][05-31 18:32:15][xyxjplu28] Start ... [2979962],status=0,result=02,03,12,22,27,28,34,39,41,47,52,55,59,60,62,67,71,72,74,75
[G][05-31 18:32:16][xyxjplu28] BETS ... [0][2979962][58ms]
[G][05-31 18:32:16][xyxjplu28] End ... [2979962][117ms],status=2,result=02,03,12,22,27,28,34,39,41,47,52,55,59,60,62,67,71,72,74,75
[G][05-31 18:32:16][xyxjplu28] Start ... [2979963],status=0,result=02,08,14,22,25,29,31,34,39,40,46,51,55,57,60,65,71,72,74,77
[G][05-31 18:32:16][xyxjplu28] BETS ... [0][2979963][65ms]
[G][05-31 18:32:16][xyxjplu28] End ... [2979963][121ms],status=2,result=02,08,14,22,25,29,31,34,39,40,46,51,55,57,60,65,71,72,74,77
[G][05-31 18:32:17][xyxjplu28] gsi last ... [185ms]2979963,02,08,14,22,25,29,31,34,39,40,46,51,55,57,60,65,71,72,74,77
[G][05-31 18:32:17][xyxjplu28] trend ... [2][446ms]
[G][05-31 18:32:18][xyxjplu28] removing opening flag ..... [2979963]
[G][05-31 18:32:18][xyxjplu28] SUCCESS  _^_^_ [2979963][3312ms]
[G][05-31 18:34:00][xyxjplu28] timer launch .....
[G][05-31 18:34:11][xyxjplu28] fetching ..... [2979964][ing=false],openTime=2018-05-31 18:34:00[1/80]
[G][05-31 18:34:11][xyxjplu28] fetching ..... [2979964][ing=false],openTime=2018-05-31 18:34:00[2/80]
[G][05-31 18:34:16][xyxjplu28] fetching ..... [2979964][ing=false],openTime=2018-05-31 18:34:00[3/80]
[G][05-31 18:34:16][xyxjplu28] RESULTS  _____ [2979964]=>01,02,03,04,08,09,14,17,25,26,32,41,46,47,55,56,66,68,73,79
[G][05-31 18:34:16][xyxjplu28] timer clear .....
[G][05-31 18:34:16][xyxjplu28] -------- OPENing --------
[G][05-31 18:34:17][xyxjplu28] Start ... [2979964],status=0,result=01,02,03,04,08,09,14,17,25,26,32,41,46,47,55,56,66,68,73,79
[G][05-31 18:34:18][xyxjplu28] BETS ... [0][2979964][56ms]
[G][05-31 18:34:18][xyxjplu28] End ... [2979964][109ms],status=2,result=01,02,03,04,08,09,14,17,25,26,32,41,46,47,55,56,66,68,73,79
[G][05-31 18:34:18][xyxjplu28] gsi last ... [160ms]2979964,01,02,03,04,08,09,14,17,25,26,32,41,46,47,55,56,66,68,73,79
[G][05-31 18:34:18][xyxjplu28] trend ... [1][56ms]
[G][05-31 18:34:19][xyxjplu28] removing opening flag ..... [2979964]
[G][05-31 18:34:19][xyxjplu28] SUCCESS  _^_^_ [2979964][2553ms]
[G][05-31 18:35:15][xyxjplu28] removing opening flag ..... [890913]
[G][05-31 18:36:00][xyxjplu28] timer launch .....
[G][05-31 18:36:02][xyxjplu28] fetching ..... [2979965][ing=false],openTime=2018-05-31 18:36:00[1/80]
[G][05-31 18:36:06][xyxjplu28] fetching ..... [2979965][ing=false],openTime=2018-05-31 18:36:00[2/80]
[G][05-31 18:36:11][xyxjplu28] fetching ..... [2979965][ing=false],openTime=2018-05-31 18:36:00[3/80]
[G][05-31 18:36:12][xyxjplu28] RESULTS  _____ [2979965]=>04,06,09,12,14,15,19,20,25,28,38,42,44,47,48,49,51,65,67,76
[G][05-31 18:36:12][xyxjplu28] timer clear .....
[G][05-31 18:36:12][xyxjplu28] -------- OPENing --------
[G][05-31 18:36:13][xyxjplu28] Start ... [2979965],status=0,result=04,06,09,12,14,15,19,20,25,28,38,42,44,47,48,49,51,65,67,76
[G][05-31 18:36:13][xyxjplu28] BETS ... [0][2979965][55ms]
[G][05-31 18:36:13][xyxjplu28] End ... [2979965][109ms],status=2,result=04,06,09,12,14,15,19,20,25,28,38,42,44,47,48,49,51,65,67,76
[G][05-31 18:36:14][xyxjplu28] gsi last ... [155ms]2979965,04,06,09,12,14,15,19,20,25,28,38,42,44,47,48,49,51,65,67,76
[G][05-31 18:36:14][xyxjplu28] trend ... [1][50ms]
[G][05-31 18:36:15][xyxjplu28] removing opening flag ..... [2979965]
[G][05-31 18:36:15][xyxjplu28] SUCCESS  _^_^_ [2979965][3018ms]
[G][05-31 18:38:00][xyxjplu28] timer launch .....
[G][05-31 18:38:02][xyxjplu28] fetching ..... [2979966][ing=false],openTime=2018-05-31 18:38:00[1/80]
[G][05-31 18:38:05][xyxjplu28] fetching ..... [2979966][ing=false],openTime=2018-05-31 18:38:00[2/80]
[G][05-31 18:38:10][xyxjplu28] fetching ..... [2979966][ing=false],openTime=2018-05-31 18:38:00[3/80]
[G][05-31 18:38:15][xyxjplu28] fetching ..... [2979966][ing=false],openTime=2018-05-31 18:38:00[4/80]
[G][05-31 18:38:20][xyxjplu28] fetching ..... [2979966][ing=false],openTime=2018-05-31 18:38:00[5/80]
[G][05-31 18:38:20][xyxjplu28] RESULTS  _____ [2979966]=>06,08,09,13,18,23,24,30,32,33,56,59,61,62,64,65,67,72,73,75
[G][05-31 18:38:20][xyxjplu28] timer clear .....
[G][05-31 18:38:20][xyxjplu28] -------- OPENing --------
[G][05-31 18:38:21][xyxjplu28] Start ... [2979966],status=0,result=06,08,09,13,18,23,24,30,32,33,56,59,61,62,64,65,67,72,73,75
[G][05-31 18:38:22][xyxjplu28] BETS ... [0][2979966][965ms]
[G][05-31 18:38:22][xyxjplu28] End ... [2979966][1026ms],status=2,result=06,08,09,13,18,23,24,30,32,33,56,59,61,62,64,65,67,72,73,75
[G][05-31 18:38:23][xyxjplu28] gsi last ... [210ms]2979966,06,08,09,13,18,23,24,30,32,33,56,59,61,62,64,65,67,72,73,75
[G][05-31 18:38:23][xyxjplu28] trend ... [1][56ms]
[G][05-31 18:38:24][xyxjplu28] removing opening flag ..... [2979966]
[G][05-31 18:38:24][xyxjplu28] SUCCESS  _^_^_ [2979966][3562ms]
[G][05-31 18:40:00][xyxjplu28] timer launch .....
[G][05-31 18:40:06][xyxjplu28] fetching ..... [2979967][ing=false],openTime=2018-05-31 18:40:00[1/80]
[G][05-31 18:40:21][xyxjplu28] removing opening flag ..... [890914]
[G][05-31 18:42:00][xyxjplu28] timer launch .....
[G][05-31 18:42:03][xyxjplu28] fetching ..... [2979968][ing=false],openTime=2018-05-31 18:42:00[1/80]
[G][05-31 18:42:07][xyxjplu28] fetching ..... [2979968][ing=false],openTime=2018-05-31 18:42:00[2/80]
[G][05-31 18:42:12][xyxjplu28] fetching ..... [2979968][ing=false],openTime=2018-05-31 18:42:00[3/80]
[G][05-31 18:42:18][xyxjplu28] fetching ..... [2979968][ing=false],openTime=2018-05-31 18:42:00[4/80]
[G][05-31 18:42:18][xyxjplu28] RESULTS  _____ [2979968]=>01,08,16,18,20,24,27,28,39,40,43,44,46,50,52,54,56,71,75,79
[G][05-31 18:42:18][xyxjplu28] timer clear .....
[G][05-31 18:42:18][xyxjplu28] -------- OPENing --------
[G][05-31 18:42:18][xyxjplu28] Start ... [2979967],status=0,result=03,06,11,17,19,21,22,28,29,40,42,49,51,64,65,72,74,76,77,80
[G][05-31 18:42:19][xyxjplu28] BETS ... [0][2979967][452ms]
[G][05-31 18:42:19][xyxjplu28] End ... [2979967][513ms],status=2,result=03,06,11,17,19,21,22,28,29,40,42,49,51,64,65,72,74,76,77,80
[G][05-31 18:42:19][xyxjplu28] Start ... [2979968],status=0,result=01,08,16,18,20,24,27,28,39,40,43,44,46,50,52,54,56,71,75,79
[G][05-31 18:42:20][xyxjplu28] BETS ... [0][2979968][57ms]
[G][05-31 18:42:20][xyxjplu28] End ... [2979968][110ms],status=2,result=01,08,16,18,20,24,27,28,39,40,43,44,46,50,52,54,56,71,75,79
[G][05-31 18:42:21][xyxjplu28] gsi last ... [179ms]2979968,01,08,16,18,20,24,27,28,39,40,43,44,46,50,52,54,56,71,75,79
[G][05-31 18:42:21][xyxjplu28] trend ... [2][408ms]
[G][05-31 18:42:21][xyxjplu28] removing opening flag ..... [2979968]
[G][05-31 18:42:21][xyxjplu28] SUCCESS  _^_^_ [2979968][3369ms]
[G][05-31 18:44:00][xyxjplu28] timer launch .....
[G][05-31 18:44:00][xyxjplu28] fetching ..... [2979969][ing=false],openTime=2018-05-31 18:44:00[1/80]
[G][05-31 18:44:05][xyxjplu28] fetching ..... [2979969][ing=false],openTime=2018-05-31 18:44:00[2/80]
[G][05-31 18:44:10][xyxjplu28] fetching ..... [2979969][ing=false],openTime=2018-05-31 18:44:00[3/80]
[G][05-31 18:44:15][xyxjplu28] fetching ..... [2979969][ing=false],openTime=2018-05-31 18:44:00[4/80]
[G][05-31 18:44:15][xyxjplu28] RESULTS  _____ [2979969]=>09,12,17,20,22,23,24,25,26,27,35,43,45,50,53,57,62,65,73,79
[G][05-31 18:44:15][xyxjplu28] timer clear .....
[G][05-31 18:44:15][xyxjplu28] -------- OPENing --------
[G][05-31 18:44:16][xyxjplu28] Start ... [2979969],status=0,result=09,12,17,20,22,23,24,25,26,27,35,43,45,50,53,57,62,65,73,79
[G][05-31 18:44:16][xyxjplu28] BETS ... [0][2979969][61ms]
[G][05-31 18:44:16][xyxjplu28] End ... [2979969][115ms],status=2,result=09,12,17,20,22,23,24,25,26,27,35,43,45,50,53,57,62,65,73,79
[G][05-31 18:44:18][xyxjplu28] gsi last ... [527ms]2979969,09,12,17,20,22,23,24,25,26,27,35,43,45,50,53,57,62,65,73,79
[G][05-31 18:44:18][xyxjplu28] trend ... [1][55ms]
[G][05-31 18:44:18][xyxjplu28] removing opening flag ..... [2979969]
[G][05-31 18:44:18][xyxjplu28] SUCCESS  _^_^_ [2979969][3015ms]
[G][05-31 18:45:24][xyxjplu28] removing opening flag ..... [890915]
[G][05-31 18:46:00][xyxjplu28] timer launch .....
[G][05-31 18:46:02][xyxjplu28] fetching ..... [2979970][ing=false],openTime=2018-05-31 18:46:00[1/80]
[G][05-31 18:46:05][xyxjplu28] fetching ..... [2979970][ing=false],openTime=2018-05-31 18:46:00[2/80]
[G][05-31 18:46:11][xyxjplu28] fetching ..... [2979970][ing=false],openTime=2018-05-31 18:46:00[3/80]
[G][05-31 18:46:15][xyxjplu28] fetching ..... [2979970][ing=false],openTime=2018-05-31 18:46:00[4/80]
[G][05-31 18:46:15][xyxjplu28] RESULTS  _____ [2979970]=>03,08,09,11,14,17,18,19,21,25,34,35,38,51,53,56,61,68,69,75
[G][05-31 18:46:15][xyxjplu28] timer clear .....
[G][05-31 18:46:15][xyxjplu28] -------- OPENing --------
[G][05-31 18:46:17][xyxjplu28] Start ... [2979970],status=0,result=03,08,09,11,14,17,18,19,21,25,34,35,38,51,53,56,61,68,69,75
[G][05-31 18:46:17][xyxjplu28] BETS ... [0][2979970][58ms]
[G][05-31 18:46:17][xyxjplu28] End ... [2979970][119ms],status=2,result=03,08,09,11,14,17,18,19,21,25,34,35,38,51,53,56,61,68,69,75
[G][05-31 18:46:17][xyxjplu28] gsi last ... [184ms]2979970,03,08,09,11,14,17,18,19,21,25,34,35,38,51,53,56,61,68,69,75
[G][05-31 18:46:17][xyxjplu28] trend ... [1][64ms]
[G][05-31 18:46:18][xyxjplu28] removing opening flag ..... [2979970]
[G][05-31 18:46:18][xyxjplu28] SUCCESS  _^_^_ [2979970][2639ms]
[G][05-31 18:48:00][xyxjplu28] timer launch .....
[G][05-31 18:48:00][xyxjplu28] fetching ..... [2979971][ing=false],openTime=2018-05-31 18:48:00[1/80]
[G][05-31 18:48:05][xyxjplu28] fetching ..... [2979971][ing=false],openTime=2018-05-31 18:48:00[2/80]
[G][05-31 18:48:15][xyxjplu28] fetching ..... [2979971][ing=false],openTime=2018-05-31 18:48:00[3/80]
[G][05-31 18:48:15][xyxjplu28] RESULTS  _____ [2979971]=>02,03,15,17,22,24,25,26,29,35,36,44,46,54,59,71,72,74,75,76
[G][05-31 18:48:15][xyxjplu28] timer clear .....
[G][05-31 18:48:15][xyxjplu28] -------- OPENing --------
[G][05-31 18:48:17][xyxjplu28] Start ... [2979971],status=0,result=02,03,15,17,22,24,25,26,29,35,36,44,46,54,59,71,72,74,75,76
[G][05-31 18:48:17][xyxjplu28] BETS ... [0][2979971][64ms]
[G][05-31 18:48:17][xyxjplu28] End ... [2979971][125ms],status=2,result=02,03,15,17,22,24,25,26,29,35,36,44,46,54,59,71,72,74,75,76
[G][05-31 18:48:18][xyxjplu28] gsi last ... [741ms]2979971,02,03,15,17,22,24,25,26,29,35,36,44,46,54,59,71,72,74,75,76
[G][05-31 18:48:18][xyxjplu28] trend ... [1][71ms]
[G][05-31 18:48:19][xyxjplu28] removing opening flag ..... [2979971]
[G][05-31 18:48:19][xyxjplu28] SUCCESS  _^_^_ [2979971][3883ms]
[G][05-31 18:50:00][xyxjplu28] timer launch .....
[G][05-31 18:50:04][xyxjplu28] fetching ..... [2979972][ing=false],openTime=2018-05-31 18:50:00[1/80]
[G][05-31 18:50:20][xyxjplu28] removing opening flag ..... [890916]
[G][05-31 18:52:00][xyxjplu28] timer launch .....
[G][05-31 18:52:03][xyxjplu28] fetching ..... [2979973][ing=false],openTime=2018-05-31 18:52:00[1/80]
[G][05-31 18:52:05][xyxjplu28] fetching ..... [2979973][ing=false],openTime=2018-05-31 18:52:00[2/80]
[G][05-31 18:52:10][xyxjplu28] fetching ..... [2979973][ing=false],openTime=2018-05-31 18:52:00[3/80]
[G][05-31 18:52:15][xyxjplu28] fetching ..... [2979973][ing=false],openTime=2018-05-31 18:52:00[4/80]
[G][05-31 18:52:15][xyxjplu28] RESULTS  _____ [2979973]=>02,03,08,09,13,21,24,26,31,33,37,39,45,64,66,70,74,76,78,80
[G][05-31 18:52:15][xyxjplu28] timer clear .....
[G][05-31 18:52:15][xyxjplu28] -------- OPENing --------
[G][05-31 18:52:17][xyxjplu28] Start ... [2979972],status=0,result=02,04,08,10,16,22,29,36,39,41,42,46,48,50,52,57,63,66,71,79
[G][05-31 18:52:17][xyxjplu28] BETS ... [0][2979972][59ms]
[G][05-31 18:52:17][xyxjplu28] End ... [2979972][119ms],status=2,result=02,04,08,10,16,22,29,36,39,41,42,46,48,50,52,57,63,66,71,79
[G][05-31 18:52:17][xyxjplu28] Start ... [2979973],status=0,result=02,03,08,09,13,21,24,26,31,33,37,39,45,64,66,70,74,76,78,80
[G][05-31 18:52:17][xyxjplu28] BETS ... [0][2979973][61ms]
[G][05-31 18:52:17][xyxjplu28] End ... [2979973][119ms],status=2,result=02,03,08,09,13,21,24,26,31,33,37,39,45,64,66,70,74,76,78,80
[G][05-31 18:52:18][xyxjplu28] gsi last ... [238ms]2979973,02,03,08,09,13,21,24,26,31,33,37,39,45,64,66,70,74,76,78,80
[G][05-31 18:52:18][xyxjplu28] trend ... [2][545ms]
[G][05-31 18:52:19][xyxjplu28] removing opening flag ..... [2979973]
[G][05-31 18:52:19][xyxjplu28] SUCCESS  _^_^_ [2979973][3764ms]
[G][05-31 18:54:00][xyxjplu28] timer launch .....
[G][05-31 18:54:05][xyxjplu28] fetching ..... [2979974][ing=false],openTime=2018-05-31 18:54:00[1/80]
[G][05-31 18:54:05][xyxjplu28] fetching ..... [2979974][ing=false],openTime=2018-05-31 18:54:00[2/80]
[G][05-31 18:54:11][xyxjplu28] fetching ..... [2979974][ing=false],openTime=2018-05-31 18:54:00[3/80]
[G][05-31 18:54:19][xyxjplu28] fetching ..... [2979974][ing=false],openTime=2018-05-31 18:54:00[4/80]
[G][05-31 18:54:19][xyxjplu28] RESULTS  _____ [2979974]=>02,05,12,14,16,18,19,25,27,42,48,56,58,59,64,67,68,74,78,80
[G][05-31 18:54:19][xyxjplu28] timer clear .....
[G][05-31 18:54:19][xyxjplu28] -------- OPENing --------
[G][05-31 18:54:21][xyxjplu28] Start ... [2979974],status=0,result=02,05,12,14,16,18,19,25,27,42,48,56,58,59,64,67,68,74,78,80
[G][05-31 18:54:21][xyxjplu28] BETS ... [0][2979974][54ms]
[G][05-31 18:54:21][xyxjplu28] End ... [2979974][119ms],status=2,result=02,05,12,14,16,18,19,25,27,42,48,56,58,59,64,67,68,74,78,80
[G][05-31 18:54:21][xyxjplu28] gsi last ... [241ms]2979974,02,05,12,14,16,18,19,25,27,42,48,56,58,59,64,67,68,74,78,80
[G][05-31 18:54:21][xyxjplu28] trend ... [1][49ms]
[G][05-31 18:54:22][xyxjplu28] removing opening flag ..... [2979974]
[G][05-31 18:54:22][xyxjplu28] SUCCESS  _^_^_ [2979974][2974ms]
[G][05-31 18:55:19][xyxjplu28] removing opening flag ..... [890917]
[G][05-31 18:56:00][xyxjplu28] timer launch .....
[G][05-31 18:56:01][xyxjplu28] fetching ..... [2979975][ing=false],openTime=2018-05-31 18:56:00[1/80]
[G][05-31 18:56:05][xyxjplu28] fetching ..... [2979975][ing=false],openTime=2018-05-31 18:56:00[2/80]
[G][05-31 18:56:10][xyxjplu28] fetching ..... [2979975][ing=false],openTime=2018-05-31 18:56:00[3/80]
[G][05-31 18:56:15][xyxjplu28] fetching ..... [2979975][ing=false],openTime=2018-05-31 18:56:00[4/80]
[G][05-31 18:56:15][xyxjplu28] RESULTS  _____ [2979975]=>01,08,09,17,18,23,25,26,27,30,31,33,36,38,46,47,54,62,64,66
[G][05-31 18:56:15][xyxjplu28] timer clear .....
[G][05-31 18:56:15][xyxjplu28] -------- OPENing --------
[G][05-31 18:56:17][xyxjplu28] Start ... [2979975],status=0,result=01,08,09,17,18,23,25,26,27,30,31,33,36,38,46,47,54,62,64,66
[G][05-31 18:56:17][xyxjplu28] BETS ... [0][2979975][61ms]
[G][05-31 18:56:17][xyxjplu28] End ... [2979975][124ms],status=2,result=01,08,09,17,18,23,25,26,27,30,31,33,36,38,46,47,54,62,64,66
[G][05-31 18:56:17][xyxjplu28] gsi last ... [227ms]2979975,01,08,09,17,18,23,25,26,27,30,31,33,36,38,46,47,54,62,64,66
[G][05-31 18:56:17][xyxjplu28] trend ... [1][58ms]
[G][05-31 18:56:18][xyxjplu28] removing opening flag ..... [2979975]
[G][05-31 18:56:18][xyxjplu28] SUCCESS  _^_^_ [2979975][2624ms]
[G][05-31 18:58:00][xyxjplu28] timer launch .....
[G][05-31 18:58:02][xyxjplu28] fetching ..... [2979976][ing=false],openTime=2018-05-31 18:58:00[1/80]
[G][05-31 18:58:05][xyxjplu28] fetching ..... [2979976][ing=false],openTime=2018-05-31 18:58:00[2/80]
[G][05-31 18:58:10][xyxjplu28] fetching ..... [2979976][ing=false],openTime=2018-05-31 18:58:00[3/80]
[G][05-31 18:58:15][xyxjplu28] fetching ..... [2979976][ing=false],openTime=2018-05-31 18:58:00[4/80]
[G][05-31 18:58:15][xyxjplu28] RESULTS  _____ [2979976]=>03,04,09,16,20,22,25,26,32,38,45,51,55,59,62,63,67,75,76,79
[G][05-31 18:58:15][xyxjplu28] timer clear .....
[G][05-31 18:58:15][xyxjplu28] -------- OPENing --------
[G][05-31 18:58:16][xyxjplu28] Start ... [2979976],status=0,result=03,04,09,16,20,22,25,26,32,38,45,51,55,59,62,63,67,75,76,79
[G][05-31 18:58:16][xyxjplu28] BETS ... [0][2979976][54ms]
[G][05-31 18:58:17][xyxjplu28] End ... [2979976][106ms],status=2,result=03,04,09,16,20,22,25,26,32,38,45,51,55,59,62,63,67,75,76,79
[G][05-31 18:58:17][xyxjplu28] gsi last ... [155ms]2979976,03,04,09,16,20,22,25,26,32,38,45,51,55,59,62,63,67,75,76,79
[G][05-31 18:58:17][xyxjplu28] trend ... [1][50ms]
[G][05-31 18:58:18][xyxjplu28] removing opening flag ..... [2979976]
[G][05-31 18:58:18][xyxjplu28] SUCCESS  _^_^_ [2979976][2545ms]
[G][05-31 19:00:00][xyxjplu28] timer launch .....
[G][05-31 19:00:06][xyxjplu28] init session[654ms]
[G][05-31 19:00:10][xyxjplu28] fetching ..... [2979977][ing=false],openTime=2018-05-31 19:00:00[1/80]
[G][05-31 19:02:00][xyxjplu28] timer launch .....
[G][05-31 19:02:02][xyxjplu28] fetching ..... [2979978][ing=false],openTime=2018-05-31 19:02:00[1/80]
[G][05-31 19:02:06][xyxjplu28] fetching ..... [2979978][ing=false],openTime=2018-05-31 19:02:00[2/80]
[G][05-31 19:02:11][xyxjplu28] fetching ..... [2979978][ing=false],openTime=2018-05-31 19:02:00[3/80]
[G][05-31 19:02:15][xyxjplu28] fetching ..... [2979978][ing=false],openTime=2018-05-31 19:02:00[4/80]
[G][05-31 19:02:15][xyxjplu28] RESULTS  _____ [2979978]=>13,20,27,36,37,39,40,41,43,44,45,46,48,51,53,54,59,63,67,76
[G][05-31 19:02:15][xyxjplu28] timer clear .....
[G][05-31 19:02:15][xyxjplu28] -------- OPENing --------
[G][05-31 19:02:15][xyxjplu28] Start ... [2979978],status=0,result=13,20,27,36,37,39,40,41,43,44,45,46,48,51,53,54,59,63,67,76
[G][05-31 19:02:15][xyxjplu28] BETS ... [0][2979978][62ms]
[G][05-31 19:02:15][xyxjplu28] End ... [2979978][121ms],status=2,result=13,20,27,36,37,39,40,41,43,44,45,46,48,51,53,54,59,63,67,76
[G][05-31 19:02:16][xyxjplu28] Start ... [2979977],status=0,result=02,04,16,22,29,33,34,35,37,38,40,47,56,61,63,64,67,68,71,74
[G][05-31 19:02:16][xyxjplu28] BETS ... [0][2979977][58ms]
[G][05-31 19:02:16][xyxjplu28] End ... [2979977][115ms],status=2,result=02,04,16,22,29,33,34,35,37,38,40,47,56,61,63,64,67,68,71,74
[G][05-31 19:02:17][xyxjplu28] gsi last ... [140ms]2979978,13,20,27,36,37,39,40,41,43,44,45,46,48,51,53,54,59,63,67,76
[G][05-31 19:02:18][xyxjplu28] trend ... [2][345ms]
[G][05-31 19:02:18][xyxjplu28] removing opening flag ..... [2979978]
[G][05-31 19:02:18][xyxjplu28] SUCCESS  _^_^_ [2979978][3118ms]
[G][05-31 19:04:00][xyxjplu28] timer launch .....
[G][05-31 19:04:04][xyxjplu28] fetching ..... [2979979][ing=false],openTime=2018-05-31 19:04:00[1/80]
[G][05-31 19:04:05][xyxjplu28] fetching ..... [2979979][ing=false],openTime=2018-05-31 19:04:00[2/80]
[G][05-31 19:04:10][xyxjplu28] fetching ..... [2979979][ing=false],openTime=2018-05-31 19:04:00[3/80]
[G][05-31 19:04:15][xyxjplu28] fetching ..... [2979979][ing=false],openTime=2018-05-31 19:04:00[4/80]
[G][05-31 19:04:15][xyxjplu28] RESULTS  _____ [2979979]=>06,08,10,12,14,21,22,23,24,33,36,37,42,48,50,54,61,62,65,66
[G][05-31 19:04:15][xyxjplu28] timer clear .....
[G][05-31 19:04:15][xyxjplu28] -------- OPENing --------
[G][05-31 19:04:15][xyxjplu28] Start ... [2979979],status=0,result=06,08,10,12,14,21,22,23,24,33,36,37,42,48,50,54,61,62,65,66
[G][05-31 19:04:16][xyxjplu28] BETS ... [0][2979979][76ms]
[G][05-31 19:04:16][xyxjplu28] End ... [2979979][131ms],status=2,result=06,08,10,12,14,21,22,23,24,33,36,37,42,48,50,54,61,62,65,66
[G][05-31 19:04:18][xyxjplu28] gsi last ... [155ms]2979979,06,08,10,12,14,21,22,23,24,33,36,37,42,48,50,54,61,62,65,66
[G][05-31 19:04:18][xyxjplu28] trend ... [1][56ms]
[G][05-31 19:04:18][xyxjplu28] removing opening flag ..... [2979979]
[G][05-31 19:04:18][xyxjplu28] SUCCESS  _^_^_ [2979979][2952ms]
[G][05-31 19:05:21][xyxjplu28] removing opening flag ..... [890919]
[G][05-31 19:06:00][xyxjplu28] timer launch .....
[G][05-31 19:06:03][xyxjplu28] fetching ..... [2979980][ing=false],openTime=2018-05-31 19:06:00[1/80]
[G][05-31 19:06:08][xyxjplu28] fetching ..... [2979980][ing=false],openTime=2018-05-31 19:06:00[2/80]
[G][05-31 19:06:14][xyxjplu28] fetching ..... [2979980][ing=false],openTime=2018-05-31 19:06:00[3/80]
[G][05-31 19:06:14][xyxjplu28] RESULTS  _____ [2979980]=>02,05,06,09,13,19,35,36,47,49,51,52,55,57,59,61,63,67,71,80
[G][05-31 19:06:14][xyxjplu28] timer clear .....
[G][05-31 19:06:14][xyxjplu28] -------- OPENing --------
[G][05-31 19:06:14][xyxjplu28] Start ... [2979980],status=0,result=02,05,06,09,13,19,35,36,47,49,51,52,55,57,59,61,63,67,71,80
[G][05-31 19:06:15][xyxjplu28] BETS ... [0][2979980][61ms]
[G][05-31 19:06:15][xyxjplu28] End ... [2979980][120ms],status=2,result=02,05,06,09,13,19,35,36,47,49,51,52,55,57,59,61,63,67,71,80
[G][05-31 19:06:16][xyxjplu28] gsi last ... [171ms]2979980,02,05,06,09,13,19,35,36,47,49,51,52,55,57,59,61,63,67,71,80
[G][05-31 19:06:16][xyxjplu28] trend ... [1][57ms]
[G][05-31 19:06:17][xyxjplu28] removing opening flag ..... [2979980]
[G][05-31 19:06:17][xyxjplu28] SUCCESS  _^_^_ [2979980][3015ms]
[G][05-31 19:08:00][xyxjplu28] timer launch .....
[G][05-31 19:08:04][xyxjplu28] fetching ..... [2979981][ing=false],openTime=2018-05-31 19:08:00[1/80]
[G][05-31 19:08:05][xyxjplu28] fetching ..... [2979981][ing=false],openTime=2018-05-31 19:08:00[2/80]
[G][05-31 19:08:10][xyxjplu28] fetching ..... [2979981][ing=false],openTime=2018-05-31 19:08:00[3/80]
[G][05-31 19:08:15][xyxjplu28] fetching ..... [2979981][ing=false],openTime=2018-05-31 19:08:00[4/80]
[G][05-31 19:08:15][xyxjplu28] RESULTS  _____ [2979981]=>04,08,09,14,18,27,33,36,40,41,42,49,54,65,66,68,69,74,78,80
[G][05-31 19:08:15][xyxjplu28] timer clear .....
[G][05-31 19:08:15][xyxjplu28] -------- OPENing --------
[G][05-31 19:08:16][xyxjplu28] Start ... [2979981],status=0,result=04,08,09,14,18,27,33,36,40,41,42,49,54,65,66,68,69,74,78,80
[G][05-31 19:08:16][xyxjplu28] BETS ... [0][2979981][57ms]
[G][05-31 19:08:16][xyxjplu28] End ... [2979981][112ms],status=2,result=04,08,09,14,18,27,33,36,40,41,42,49,54,65,66,68,69,74,78,80
[G][05-31 19:08:17][xyxjplu28] gsi last ... [130ms]2979981,04,08,09,14,18,27,33,36,40,41,42,49,54,65,66,68,69,74,78,80
[G][05-31 19:08:17][xyxjplu28] trend ... [1][58ms]
[G][05-31 19:08:18][xyxjplu28] removing opening flag ..... [2979981]
[G][05-31 19:08:18][xyxjplu28] SUCCESS  _^_^_ [2979981][2581ms]
[G][05-31 19:10:00][xyxjplu28] timer launch .....
[G][05-31 19:10:02][xyxjplu28] fetching ..... [2979982][ing=false],openTime=2018-05-31 19:10:00[1/80]
