[G][05-31 10:00:53][xyxyft] init session[34239ms]
[G][05-31 13:59:00][xyxyft] timer launch .....
[G][05-31 15:44:00][xyxyft] timer launch .....
[G][05-31 15:44:03][xyxyft] fetching ..... [20180531032][ing=false],openTime=2018-05-31 15:44:00[1/80]
[G][05-31 15:44:05][xyxyft] fetching ..... [20180531032][ing=false],openTime=2018-05-31 15:44:00[2/80]
[G][05-31 15:44:10][xyxyft] fetching ..... [20180531032][ing=false],openTime=2018-05-31 15:44:00[3/80]
[G][05-31 15:44:15][xyxyft] fetching ..... [20180531032][ing=false],openTime=2018-05-31 15:44:00[4/80]
[G][05-31 15:44:20][xyxyft] fetching ..... [20180531032][ing=false],openTime=2018-05-31 15:44:00[5/80]
[G][05-31 15:44:25][xyxyft] fetching ..... [20180531032][ing=false],openTime=2018-05-31 15:44:00[6/80]
[G][05-31 15:44:33][xyxyft] fetching ..... [20180531032][ing=false],openTime=2018-05-31 15:44:00[7/80]
[G][05-31 15:44:35][xyxyft] fetching ..... [20180531032][ing=false],openTime=2018-05-31 15:44:00[8/80]
[G][05-31 15:44:40][xyxyft] fetching ..... [20180531032][ing=false],openTime=2018-05-31 15:44:00[9/80]
[G][05-31 15:44:40][xyxyft] RESULTS  _____ [20180531032]=>05,07,08,01,10,09,04,03,02,06
[G][05-31 15:44:40][xyxyft] timer clear .....
[G][05-31 15:44:41][xyxyft] -------- OPENing --------
[G][05-31 15:44:42][xyxyft] Start ... [20180531027],status=0,result=02,04,05,08,07,03,06,01,09,10
[G][05-31 15:44:42][xyxyft] BETS ... [0][20180531027][408ms]
[G][05-31 15:44:42][xyxyft] End ... [20180531027][489ms],status=2,result=02,04,05,08,07,03,06,01,09,10
[G][05-31 15:44:43][xyxyft] Start ... [20180531028],status=0,result=08,09,07,02,04,05,10,03,06,01
[G][05-31 15:44:43][xyxyft] BETS ... [0][20180531028][425ms]
[G][05-31 15:44:43][xyxyft] End ... [20180531028][483ms],status=2,result=08,09,07,02,04,05,10,03,06,01
[G][05-31 15:44:43][xyxyft] Start ... [20180531029],status=0,result=02,10,03,04,09,08,07,06,05,01
[G][05-31 15:44:43][xyxyft] BETS ... [0][20180531029][65ms]
[G][05-31 15:44:43][xyxyft] End ... [20180531029][125ms],status=2,result=02,10,03,04,09,08,07,06,05,01
[G][05-31 15:44:44][xyxyft] Start ... [20180531030],status=0,result=04,02,08,09,06,07,01,05,03,10
[G][05-31 15:44:44][xyxyft] BETS ... [0][20180531030][63ms]
[G][05-31 15:44:44][xyxyft] End ... [20180531030][125ms],status=2,result=04,02,08,09,06,07,01,05,03,10
[G][05-31 15:44:44][xyxyft] Start ... [20180531032],status=0,result=05,07,08,01,10,09,04,03,02,06
[G][05-31 15:44:44][xyxyft] BETS ... [0][20180531032][58ms]
[G][05-31 15:44:44][xyxyft] End ... [20180531032][123ms],status=2,result=05,07,08,01,10,09,04,03,02,06
[G][05-31 15:44:44][xyxyft] Start ... [20180531031],status=0,result=02,01,09,03,04,10,06,05,08,07
[G][05-31 15:44:45][xyxyft] BETS ... [0][20180531031][354ms]
[G][05-31 15:44:45][xyxyft] End ... [20180531031][516ms],status=2,result=02,01,09,03,04,10,06,05,08,07
[G][05-31 15:44:45][xyxyft] gsi last ... [579ms]20180531032,05,07,08,01,10,09,04,03,02,06
[G][05-31 15:45:09][xyxyft] trend ... [6][23418ms]
[G][05-31 15:45:11][xyxyft] removing opening flag ..... [20180531032]
[G][05-31 15:45:11][xyxyft] SUCCESS  _^_^_ [20180531032][30820ms]
[G][05-31 15:49:00][xyxyft] timer launch .....
[G][05-31 15:49:09][xyxyft] fetching ..... [20180531033][ing=false],openTime=2018-05-31 15:49:00[1/80]
[G][05-31 15:49:10][xyxyft] fetching ..... [20180531033][ing=false],openTime=2018-05-31 15:49:00[2/80]
[G][05-31 15:49:15][xyxyft] fetching ..... [20180531033][ing=false],openTime=2018-05-31 15:49:00[3/80]
[G][05-31 15:49:20][xyxyft] fetching ..... [20180531033][ing=false],openTime=2018-05-31 15:49:00[4/80]
[G][05-31 15:49:26][xyxyft] fetching ..... [20180531033][ing=false],openTime=2018-05-31 15:49:00[5/80]
[G][05-31 15:49:30][xyxyft] fetching ..... [20180531033][ing=false],openTime=2018-05-31 15:49:00[6/80]
[G][05-31 15:49:36][xyxyft] fetching ..... [20180531033][ing=false],openTime=2018-05-31 15:49:00[7/80]
[G][05-31 15:49:40][xyxyft] fetching ..... [20180531033][ing=false],openTime=2018-05-31 15:49:00[8/80]
[G][05-31 15:49:40][xyxyft] RESULTS  _____ [20180531033]=>10,07,05,02,04,06,01,08,03,09
[G][05-31 15:49:40][xyxyft] timer clear .....
[G][05-31 15:49:40][xyxyft] -------- OPENing --------
[G][05-31 15:49:42][xyxyft] Start ... [20180531033],status=0,result=10,07,05,02,04,06,01,08,03,09
[G][05-31 15:49:42][xyxyft] BETS ... [0][20180531033][79ms]
[G][05-31 15:49:42][xyxyft] End ... [20180531033][141ms],status=2,result=10,07,05,02,04,06,01,08,03,09
[G][05-31 15:49:43][xyxyft] gsi last ... [414ms]20180531033,10,07,05,02,04,06,01,08,03,09
[G][05-31 15:49:43][xyxyft] trend ... [1][137ms]
[G][05-31 15:49:47][xyxyft] removing opening flag ..... [20180531033]
[G][05-31 15:49:47][xyxyft] SUCCESS  _^_^_ [20180531033][6584ms]
[G][05-31 15:54:00][xyxyft] timer launch .....
[G][05-31 15:54:06][xyxyft] fetching ..... [20180531034][ing=false],openTime=2018-05-31 15:54:00[1/80]
[G][05-31 15:54:07][xyxyft] fetching ..... [20180531034][ing=false],openTime=2018-05-31 15:54:00[2/80]
[G][05-31 15:54:12][xyxyft] fetching ..... [20180531034][ing=false],openTime=2018-05-31 15:54:00[3/80]
[G][05-31 15:54:17][xyxyft] fetching ..... [20180531034][ing=false],openTime=2018-05-31 15:54:00[4/80]
[G][05-31 15:54:25][xyxyft] fetching ..... [20180531034][ing=false],openTime=2018-05-31 15:54:00[5/80]
[G][05-31 15:54:27][xyxyft] fetching ..... [20180531034][ing=false],openTime=2018-05-31 15:54:00[6/80]
[G][05-31 15:54:34][xyxyft] fetching ..... [20180531034][ing=false],openTime=2018-05-31 15:54:00[7/80]
[G][05-31 15:54:37][xyxyft] fetching ..... [20180531034][ing=false],openTime=2018-05-31 15:54:00[8/80]
[G][05-31 15:54:37][xyxyft] RESULTS  _____ [20180531034]=>02,03,07,08,04,05,06,01,09,10
[G][05-31 15:54:37][xyxyft] timer clear .....
[G][05-31 15:54:37][xyxyft] -------- OPENing --------
[G][05-31 15:54:39][xyxyft] Start ... [20180531034],status=0,result=02,03,07,08,04,05,06,01,09,10
[G][05-31 15:54:40][xyxyft] BETS ... [0][20180531034][72ms]
[G][05-31 15:54:40][xyxyft] End ... [20180531034][137ms],status=2,result=02,03,07,08,04,05,06,01,09,10
[G][05-31 15:54:41][xyxyft] gsi last ... [668ms]20180531034,02,03,07,08,04,05,06,01,09,10
[G][05-31 15:54:42][xyxyft] trend ... [1][472ms]
[G][05-31 15:54:45][xyxyft] removing opening flag ..... [20180531034]
[G][05-31 15:54:45][xyxyft] SUCCESS  _^_^_ [20180531034][7817ms]
[G][05-31 15:59:00][xyxyft] timer launch .....
[G][05-31 15:59:06][xyxyft] fetching ..... [20180531035][ing=false],openTime=2018-05-31 15:59:00[1/80]
[G][05-31 15:59:07][xyxyft] fetching ..... [20180531035][ing=false],openTime=2018-05-31 15:59:00[2/80]
[G][05-31 15:59:12][xyxyft] fetching ..... [20180531035][ing=false],openTime=2018-05-31 15:59:00[3/80]
[G][05-31 15:59:17][xyxyft] fetching ..... [20180531035][ing=false],openTime=2018-05-31 15:59:00[4/80]
[G][05-31 15:59:22][xyxyft] fetching ..... [20180531035][ing=false],openTime=2018-05-31 15:59:00[5/80]
[G][05-31 15:59:28][xyxyft] fetching ..... [20180531035][ing=false],openTime=2018-05-31 15:59:00[6/80]
[G][05-31 15:59:33][xyxyft] fetching ..... [20180531035][ing=false],openTime=2018-05-31 15:59:00[7/80]
[G][05-31 15:59:37][xyxyft] fetching ..... [20180531035][ing=false],openTime=2018-05-31 15:59:00[8/80]
[G][05-31 15:59:42][xyxyft] fetching ..... [20180531035][ing=false],openTime=2018-05-31 15:59:00[9/80]
[G][05-31 15:59:42][xyxyft] RESULTS  _____ [20180531035]=>01,08,04,02,05,06,10,09,03,07
[G][05-31 15:59:42][xyxyft] timer clear .....
[G][05-31 15:59:42][xyxyft] -------- OPENing --------
[G][05-31 15:59:48][xyxyft] Start ... [20180531035],status=0,result=01,08,04,02,05,06,10,09,03,07
[G][05-31 15:59:48][xyxyft] BETS ... [0][20180531035][64ms]
[G][05-31 15:59:48][xyxyft] End ... [20180531035][130ms],status=2,result=01,08,04,02,05,06,10,09,03,07
[G][05-31 15:59:48][xyxyft] gsi last ... [280ms]20180531035,01,08,04,02,05,06,10,09,03,07
[G][05-31 15:59:48][xyxyft] trend ... [1][65ms]
[G][05-31 15:59:52][xyxyft] removing opening flag ..... [20180531035]
[G][05-31 15:59:52][xyxyft] SUCCESS  _^_^_ [20180531035][9983ms]
[G][05-31 16:04:00][xyxyft] timer launch .....
[G][05-31 16:04:01][xyxyft] fetching ..... [20180531036][ing=false],openTime=2018-05-31 16:04:00[1/80]
[G][05-31 16:04:05][xyxyft] fetching ..... [20180531036][ing=false],openTime=2018-05-31 16:04:00[2/80]
[G][05-31 16:04:16][xyxyft] fetching ..... [20180531036][ing=false],openTime=2018-05-31 16:04:00[3/80]
[G][05-31 16:04:16][xyxyft] fetching ..... [20180531036][ing=false],openTime=2018-05-31 16:04:00[4/80]
[G][05-31 16:04:22][xyxyft] fetching ..... [20180531036][ing=false],openTime=2018-05-31 16:04:00[5/80]
[G][05-31 16:04:27][xyxyft] fetching ..... [20180531036][ing=false],openTime=2018-05-31 16:04:00[6/80]
[G][05-31 16:04:31][xyxyft] fetching ..... [20180531036][ing=false],openTime=2018-05-31 16:04:00[7/80]
[G][05-31 16:04:36][xyxyft] fetching ..... [20180531036][ing=false],openTime=2018-05-31 16:04:00[8/80]
[G][05-31 16:11:15][xyxyft] timer launch .....
[G][05-31 16:11:38][xyxyft] fetching ..... [20180531037][ing=false],openTime=2018-05-31 16:09:00[1/80]
[G][05-31 16:11:38][xyxyft] RESULTS  _____ [20180531037]=>01,02,04,10,09,06,05,03,07,08
[G][05-31 16:11:38][xyxyft] timer clear .....
[G][05-31 16:11:38][xyxyft] -------- OPENing --------
[G][05-31 16:11:40][xyxyft] Start ... [20180531036],status=0,result=08,03,02,10,06,09,01,07,04,05
[G][05-31 16:11:40][xyxyft] BETS ... [0][20180531036][86ms]
[G][05-31 16:11:42][xyxyft] End ... [20180531036][1237ms],status=2,result=08,03,02,10,06,09,01,07,04,05
[G][05-31 16:11:42][xyxyft] Start ... [20180531037],status=0,result=01,02,04,10,09,06,05,03,07,08
[G][05-31 16:11:42][xyxyft] BETS ... [0][20180531037][102ms]
[G][05-31 16:11:42][xyxyft] End ... [20180531037][159ms],status=2,result=01,02,04,10,09,06,05,03,07,08
[G][05-31 16:11:43][xyxyft] gsi last ... [353ms]20180531037,01,02,04,10,09,06,05,03,07,08
[G][05-31 16:11:49][xyxyft] trend ... [2][6659ms]
[G][05-31 16:11:54][xyxyft] removing opening flag ..... [20180531037]
[G][05-31 16:11:54][xyxyft] SUCCESS  _^_^_ [20180531037][16396ms]
[G][05-31 16:14:00][xyxyft] timer launch .....
[G][05-31 16:14:07][xyxyft] fetching ..... [20180531038][ing=false],openTime=2018-05-31 16:14:00[1/80]
[G][05-31 16:14:08][xyxyft] fetching ..... [20180531038][ing=false],openTime=2018-05-31 16:14:00[2/80]
[G][05-31 16:14:15][xyxyft] fetching ..... [20180531038][ing=false],openTime=2018-05-31 16:14:00[3/80]
[G][05-31 16:14:17][xyxyft] fetching ..... [20180531038][ing=false],openTime=2018-05-31 16:14:00[4/80]
[G][05-31 16:14:22][xyxyft] fetching ..... [20180531038][ing=false],openTime=2018-05-31 16:14:00[5/80]
[G][05-31 16:14:28][xyxyft] fetching ..... [20180531038][ing=false],openTime=2018-05-31 16:14:00[6/80]
[G][05-31 16:14:33][xyxyft] fetching ..... [20180531038][ing=false],openTime=2018-05-31 16:14:00[7/80]
[G][05-31 16:14:38][xyxyft] fetching ..... [20180531038][ing=false],openTime=2018-05-31 16:14:00[8/80]
[G][05-31 16:14:38][xyxyft] RESULTS  _____ [20180531038]=>02,07,03,08,04,05,09,06,01,10
[G][05-31 16:14:38][xyxyft] timer clear .....
[G][05-31 16:14:38][xyxyft] -------- OPENing --------
[G][05-31 16:14:40][xyxyft] Start ... [20180531038],status=0,result=02,07,03,08,04,05,09,06,01,10
[G][05-31 16:14:41][xyxyft] BETS ... [0][20180531038][518ms]
[G][05-31 16:14:41][xyxyft] End ... [20180531038][585ms],status=2,result=02,07,03,08,04,05,09,06,01,10
[G][05-31 16:14:42][xyxyft] gsi last ... [446ms]20180531038,02,07,03,08,04,05,09,06,01,10
[G][05-31 16:14:42][xyxyft] trend ... [1][80ms]
[G][05-31 16:14:47][xyxyft] removing opening flag ..... [20180531038]
[G][05-31 16:14:47][xyxyft] SUCCESS  _^_^_ [20180531038][8548ms]
[G][05-31 16:19:00][xyxyft] timer launch .....
[G][05-31 16:19:04][xyxyft] fetching ..... [20180531039][ing=false],openTime=2018-05-31 16:19:00[1/80]
[G][05-31 16:19:07][xyxyft] fetching ..... [20180531039][ing=false],openTime=2018-05-31 16:19:00[2/80]
[G][05-31 16:19:13][xyxyft] fetching ..... [20180531039][ing=false],openTime=2018-05-31 16:19:00[3/80]
[G][05-31 16:19:15][xyxyft] fetching ..... [20180531039][ing=false],openTime=2018-05-31 16:19:00[4/80]
[G][05-31 16:19:20][xyxyft] fetching ..... [20180531039][ing=false],openTime=2018-05-31 16:19:00[5/80]
[G][05-31 16:19:26][xyxyft] fetching ..... [20180531039][ing=false],openTime=2018-05-31 16:19:00[6/80]
[G][05-31 16:19:44][xyxyft] fetching ..... [20180531039][ing=false],openTime=2018-05-31 16:19:00[7/80]
[G][05-31 16:19:44][xyxyft] RESULTS  _____ [20180531039]=>02,01,03,05,06,09,10,04,08,07
[G][05-31 16:19:44][xyxyft] timer clear .....
[G][05-31 16:19:44][xyxyft] -------- OPENing --------
[G][05-31 16:19:46][xyxyft] Start ... [20180531039],status=0,result=02,01,03,05,06,09,10,04,08,07
[G][05-31 16:19:47][xyxyft] BETS ... [0][20180531039][509ms]
[G][05-31 16:19:47][xyxyft] End ... [20180531039][574ms],status=2,result=02,01,03,05,06,09,10,04,08,07
[G][05-31 16:19:48][xyxyft] gsi last ... [417ms]20180531039,02,01,03,05,06,09,10,04,08,07
[G][05-31 16:19:48][xyxyft] trend ... [1][65ms]
[G][05-31 16:19:52][xyxyft] removing opening flag ..... [20180531039]
[G][05-31 16:19:52][xyxyft] SUCCESS  _^_^_ [20180531039][8212ms]
[G][05-31 16:24:00][xyxyft] timer launch .....
[G][05-31 16:24:06][xyxyft] fetching ..... [20180531040][ing=false],openTime=2018-05-31 16:24:00[1/80]
[G][05-31 16:24:07][xyxyft] fetching ..... [20180531040][ing=false],openTime=2018-05-31 16:24:00[2/80]
[G][05-31 16:24:12][xyxyft] fetching ..... [20180531040][ing=false],openTime=2018-05-31 16:24:00[3/80]
[G][05-31 16:24:17][xyxyft] fetching ..... [20180531040][ing=false],openTime=2018-05-31 16:24:00[4/80]
[G][05-31 16:24:26][xyxyft] fetching ..... [20180531040][ing=false],openTime=2018-05-31 16:24:00[5/80]
[G][05-31 16:24:27][xyxyft] fetching ..... [20180531040][ing=false],openTime=2018-05-31 16:24:00[6/80]
[G][05-31 16:24:32][xyxyft] fetching ..... [20180531040][ing=false],openTime=2018-05-31 16:24:00[7/80]
[G][05-31 16:24:37][xyxyft] fetching ..... [20180531040][ing=false],openTime=2018-05-31 16:24:00[8/80]
[G][05-31 16:24:37][xyxyft] RESULTS  _____ [20180531040]=>08,04,07,09,06,02,03,10,05,01
[G][05-31 16:24:37][xyxyft] timer clear .....
[G][05-31 16:24:38][xyxyft] -------- OPENing --------
[G][05-31 16:24:40][xyxyft] Start ... [20180531040],status=0,result=08,04,07,09,06,02,03,10,05,01
[G][05-31 16:24:40][xyxyft] BETS ... [0][20180531040][59ms]
[G][05-31 16:24:40][xyxyft] End ... [20180531040][116ms],status=2,result=08,04,07,09,06,02,03,10,05,01
[G][05-31 16:24:41][xyxyft] gsi last ... [1003ms]20180531040,08,04,07,09,06,02,03,10,05,01
[G][05-31 16:24:41][xyxyft] trend ... [1][58ms]
[G][05-31 16:24:47][xyxyft] removing opening flag ..... [20180531040]
[G][05-31 16:24:47][xyxyft] SUCCESS  _^_^_ [20180531040][9060ms]
[G][05-31 16:29:00][xyxyft] timer launch .....
[G][05-31 16:29:03][xyxyft] fetching ..... [20180531041][ing=false],openTime=2018-05-31 16:29:00[1/80]
[G][05-31 16:29:07][xyxyft] fetching ..... [20180531041][ing=false],openTime=2018-05-31 16:29:00[2/80]
[G][05-31 16:29:12][xyxyft] fetching ..... [20180531041][ing=false],openTime=2018-05-31 16:29:00[3/80]
[G][05-31 16:29:16][xyxyft] fetching ..... [20180531041][ing=false],openTime=2018-05-31 16:29:00[4/80]
[G][05-31 16:29:22][xyxyft] fetching ..... [20180531041][ing=false],openTime=2018-05-31 16:29:00[5/80]
[G][05-31 16:29:27][xyxyft] fetching ..... [20180531041][ing=false],openTime=2018-05-31 16:29:00[6/80]
[G][05-31 16:30:56][xyxyft] fetching ..... [20180531041][ing=false],openTime=2018-05-31 16:29:00[7/80]
[G][05-31 16:30:56][xyxyft] RESULTS  _____ [20180531041]=>10,05,08,04,03,06,01,09,07,02
[G][05-31 16:30:56][xyxyft] timer clear .....
[G][05-31 16:30:56][xyxyft] -------- OPENing --------
[G][05-31 16:31:00][xyxyft] Start ... [20180531041],status=0,result=10,05,08,04,03,06,01,09,07,02
[G][05-31 16:31:00][xyxyft] BETS ... [0][20180531041][205ms]
[G][05-31 16:31:00][xyxyft] End ... [20180531041][406ms],status=2,result=10,05,08,04,03,06,01,09,07,02
[G][05-31 16:31:02][xyxyft] gsi last ... [611ms]20180531041,10,05,08,04,03,06,01,09,07,02
[G][05-31 16:31:02][xyxyft] trend ... [1][201ms]
[G][05-31 16:31:10][xyxyft] removing opening flag ..... [20180531041]
[G][05-31 16:31:10][xyxyft] SUCCESS  _^_^_ [20180531041][13836ms]
[G][05-31 16:34:00][xyxyft] timer launch .....
[G][05-31 16:34:36][xyxyft] fetching ..... [20180531042][ing=false],openTime=2018-05-31 16:34:00[1/80]
[G][05-31 16:34:38][xyxyft] fetching ..... [20180531042][ing=false],openTime=2018-05-31 16:34:00[2/80]
[G][05-31 16:35:02][xyxyft] fetching ..... [20180531042][ing=false],openTime=2018-05-31 16:34:00[3/80]
[G][05-31 16:35:03][xyxyft] RESULTS  _____ [20180531042]=>03,06,01,08,10,05,04,09,07,02
[G][05-31 16:35:03][xyxyft] timer clear .....
[G][05-31 16:35:03][xyxyft] -------- OPENing --------
[G][05-31 16:35:07][xyxyft] Start ... [20180531042],status=0,result=03,06,01,08,10,05,04,09,07,02
[G][05-31 16:35:07][xyxyft] BETS ... [0][20180531042][202ms]
[G][05-31 16:35:07][xyxyft] End ... [20180531042][402ms],status=2,result=03,06,01,08,10,05,04,09,07,02
[G][05-31 16:35:09][xyxyft] gsi last ... [1106ms]20180531042,03,06,01,08,10,05,04,09,07,02
[G][05-31 16:35:09][xyxyft] trend ... [1][206ms]
[G][05-31 16:35:19][xyxyft] removing opening flag ..... [20180531042]
[G][05-31 16:35:19][xyxyft] SUCCESS  _^_^_ [20180531042][16124ms]
[G][05-31 16:39:00][xyxyft] timer launch .....
[G][05-31 16:39:06][xyxyft] fetching ..... [20180531043][ing=false],openTime=2018-05-31 16:39:00[1/80]
[G][05-31 16:39:07][xyxyft] fetching ..... [20180531043][ing=false],openTime=2018-05-31 16:39:00[2/80]
[G][05-31 16:39:13][xyxyft] fetching ..... [20180531043][ing=false],openTime=2018-05-31 16:39:00[3/80]
[G][05-31 16:39:23][xyxyft] fetching ..... [20180531043][ing=false],openTime=2018-05-31 16:39:00[4/80]
[G][05-31 16:39:24][xyxyft] fetching ..... [20180531043][ing=false],openTime=2018-05-31 16:39:00[5/80]
[G][05-31 16:39:29][xyxyft] fetching ..... [20180531043][ing=false],openTime=2018-05-31 16:39:00[6/80]
[G][05-31 16:39:34][xyxyft] fetching ..... [20180531043][ing=false],openTime=2018-05-31 16:39:00[7/80]
[G][05-31 16:39:39][xyxyft] fetching ..... [20180531043][ing=false],openTime=2018-05-31 16:39:00[8/80]
[G][05-31 16:39:44][xyxyft] fetching ..... [20180531043][ing=false],openTime=2018-05-31 16:39:00[9/80]
[G][05-31 16:39:44][xyxyft] RESULTS  _____ [20180531043]=>10,05,03,09,06,04,02,01,07,08
[G][05-31 16:39:44][xyxyft] timer clear .....
[G][05-31 16:39:44][xyxyft] -------- OPENing --------
[G][05-31 16:39:45][xyxyft] Start ... [20180531043],status=0,result=10,05,03,09,06,04,02,01,07,08
[G][05-31 16:39:45][xyxyft] BETS ... [0][20180531043][86ms]
[G][05-31 16:39:45][xyxyft] End ... [20180531043][146ms],status=2,result=10,05,03,09,06,04,02,01,07,08
[G][05-31 16:39:46][xyxyft] gsi last ... [216ms]20180531043,10,05,03,09,06,04,02,01,07,08
[G][05-31 16:39:46][xyxyft] trend ... [1][63ms]
[G][05-31 16:39:48][xyxyft] removing opening flag ..... [20180531043]
[G][05-31 16:39:48][xyxyft] SUCCESS  _^_^_ [20180531043][4744ms]
[G][05-31 16:44:00][xyxyft] timer launch .....
[G][05-31 16:44:03][xyxyft] fetching ..... [20180531044][ing=false],openTime=2018-05-31 16:44:00[1/80]
[G][05-31 16:44:05][xyxyft] fetching ..... [20180531044][ing=false],openTime=2018-05-31 16:44:00[2/80]
[G][05-31 16:44:12][xyxyft] fetching ..... [20180531044][ing=false],openTime=2018-05-31 16:44:00[3/80]
[G][05-31 16:44:15][xyxyft] fetching ..... [20180531044][ing=false],openTime=2018-05-31 16:44:00[4/80]
[G][05-31 16:44:20][xyxyft] fetching ..... [20180531044][ing=false],openTime=2018-05-31 16:44:00[5/80]
[G][05-31 16:44:25][xyxyft] fetching ..... [20180531044][ing=false],openTime=2018-05-31 16:44:00[6/80]
[G][05-31 16:44:33][xyxyft] fetching ..... [20180531044][ing=false],openTime=2018-05-31 16:44:00[7/80]
[G][05-31 16:44:36][xyxyft] fetching ..... [20180531044][ing=false],openTime=2018-05-31 16:44:00[8/80]
[G][05-31 16:44:40][xyxyft] fetching ..... [20180531044][ing=false],openTime=2018-05-31 16:44:00[9/80]
[G][05-31 16:44:40][xyxyft] RESULTS  _____ [20180531044]=>06,02,10,03,07,01,04,05,08,09
[G][05-31 16:44:40][xyxyft] timer clear .....
[G][05-31 16:44:40][xyxyft] -------- OPENing --------
[G][05-31 16:44:41][xyxyft] Start ... [20180531044],status=0,result=06,02,10,03,07,01,04,05,08,09
[G][05-31 16:44:42][xyxyft] BETS ... [0][20180531044][430ms]
[G][05-31 16:44:42][xyxyft] End ... [20180531044][492ms],status=2,result=06,02,10,03,07,01,04,05,08,09
[G][05-31 16:44:43][xyxyft] gsi last ... [242ms]20180531044,06,02,10,03,07,01,04,05,08,09
[G][05-31 16:44:43][xyxyft] trend ... [1][61ms]
[G][05-31 16:44:46][xyxyft] removing opening flag ..... [20180531044]
[G][05-31 16:44:46][xyxyft] SUCCESS  _^_^_ [20180531044][5810ms]
[G][05-31 16:49:00][xyxyft] timer launch .....
[G][05-31 16:49:12][xyxyft] fetching ..... [20180531045][ing=false],openTime=2018-05-31 16:49:00[1/80]
[G][05-31 16:49:13][xyxyft] fetching ..... [20180531045][ing=false],openTime=2018-05-31 16:49:00[2/80]
[G][05-31 16:49:17][xyxyft] fetching ..... [20180531045][ing=false],openTime=2018-05-31 16:49:00[3/80]
[G][05-31 16:49:24][xyxyft] fetching ..... [20180531045][ing=false],openTime=2018-05-31 16:49:00[4/80]
[G][05-31 16:49:27][xyxyft] fetching ..... [20180531045][ing=false],openTime=2018-05-31 16:49:00[5/80]
[G][05-31 16:49:35][xyxyft] fetching ..... [20180531045][ing=false],openTime=2018-05-31 16:49:00[6/80]
[G][05-31 16:49:46][xyxyft] fetching ..... [20180531045][ing=false],openTime=2018-05-31 16:49:00[7/80]
[G][05-31 16:49:46][xyxyft] RESULTS  _____ [20180531045]=>08,09,01,04,07,05,02,06,10,03
[G][05-31 16:49:46][xyxyft] timer clear .....
[G][05-31 16:49:46][xyxyft] -------- OPENing --------
[G][05-31 16:49:47][xyxyft] Start ... [20180531045],status=0,result=08,09,01,04,07,05,02,06,10,03
[G][05-31 16:49:47][xyxyft] BETS ... [0][20180531045][513ms]
[G][05-31 16:49:47][xyxyft] End ... [20180531045][581ms],status=2,result=08,09,01,04,07,05,02,06,10,03
[G][05-31 16:49:50][xyxyft] gsi last ... [413ms]20180531045,08,09,01,04,07,05,02,06,10,03
[G][05-31 16:49:50][xyxyft] trend ... [1][64ms]
[G][05-31 16:49:54][xyxyft] removing opening flag ..... [20180531045]
[G][05-31 16:49:54][xyxyft] SUCCESS  _^_^_ [20180531045][7880ms]
[G][05-31 16:54:00][xyxyft] timer launch .....
[G][05-31 16:54:03][xyxyft] fetching ..... [20180531046][ing=false],openTime=2018-05-31 16:54:00[1/80]
[G][05-31 16:54:05][xyxyft] fetching ..... [20180531046][ing=false],openTime=2018-05-31 16:54:00[2/80]
[G][05-31 16:54:15][xyxyft] fetching ..... [20180531046][ing=false],openTime=2018-05-31 16:54:00[3/80]
[G][05-31 16:54:16][xyxyft] fetching ..... [20180531046][ing=false],openTime=2018-05-31 16:54:00[4/80]
[G][05-31 16:54:23][xyxyft] fetching ..... [20180531046][ing=false],openTime=2018-05-31 16:54:00[5/80]
[G][05-31 16:54:25][xyxyft] fetching ..... [20180531046][ing=false],openTime=2018-05-31 16:54:00[6/80]
[G][05-31 16:54:33][xyxyft] fetching ..... [20180531046][ing=false],openTime=2018-05-31 16:54:00[7/80]
[G][05-31 16:54:36][xyxyft] fetching ..... [20180531046][ing=false],openTime=2018-05-31 16:54:00[8/80]
[G][05-31 16:54:41][xyxyft] fetching ..... [20180531046][ing=false],openTime=2018-05-31 16:54:00[9/80]
[G][05-31 16:54:45][xyxyft] fetching ..... [20180531046][ing=false],openTime=2018-05-31 16:54:00[10/80]
[G][05-31 16:54:45][xyxyft] RESULTS  _____ [20180531046]=>03,02,09,05,04,08,01,07,10,06
[G][05-31 16:54:45][xyxyft] timer clear .....
[G][05-31 16:54:46][xyxyft] -------- OPENing --------
[G][05-31 16:54:46][xyxyft] Start ... [20180531046],status=0,result=03,02,09,05,04,08,01,07,10,06
[G][05-31 16:54:46][xyxyft] BETS ... [0][20180531046][68ms]
[G][05-31 16:54:46][xyxyft] End ... [20180531046][131ms],status=2,result=03,02,09,05,04,08,01,07,10,06
[G][05-31 16:54:48][xyxyft] gsi last ... [197ms]20180531046,03,02,09,05,04,08,01,07,10,06
[G][05-31 16:54:48][xyxyft] trend ... [1][58ms]
[G][05-31 16:54:51][xyxyft] removing opening flag ..... [20180531046]
[G][05-31 16:54:51][xyxyft] SUCCESS  _^_^_ [20180531046][5268ms]
[G][05-31 16:59:00][xyxyft] timer launch .....
[G][05-31 16:59:05][xyxyft] fetching ..... [20180531047][ing=false],openTime=2018-05-31 16:59:00[1/80]
[G][05-31 16:59:06][xyxyft] fetching ..... [20180531047][ing=false],openTime=2018-05-31 16:59:00[2/80]
[G][05-31 16:59:10][xyxyft] fetching ..... [20180531047][ing=false],openTime=2018-05-31 16:59:00[3/80]
[G][05-31 16:59:16][xyxyft] fetching ..... [20180531047][ing=false],openTime=2018-05-31 16:59:00[4/80]
[G][05-31 16:59:21][xyxyft] fetching ..... [20180531047][ing=false],openTime=2018-05-31 16:59:00[5/80]
[G][05-31 16:59:27][xyxyft] fetching ..... [20180531047][ing=false],openTime=2018-05-31 16:59:00[6/80]
[G][05-31 16:59:34][xyxyft] fetching ..... [20180531047][ing=false],openTime=2018-05-31 16:59:00[7/80]
[G][05-31 16:59:34][xyxyft] RESULTS  _____ [20180531047]=>03,04,06,09,08,05,01,07,02,10
[G][05-31 16:59:34][xyxyft] timer clear .....
[G][05-31 16:59:34][xyxyft] -------- OPENing --------
[G][05-31 16:59:35][xyxyft] Start ... [20180531047],status=0,result=03,04,06,09,08,05,01,07,02,10
[G][05-31 16:59:35][xyxyft] BETS ... [0][20180531047][68ms]
[G][05-31 16:59:35][xyxyft] End ... [20180531047][166ms],status=2,result=03,04,06,09,08,05,01,07,02,10
[G][05-31 16:59:38][xyxyft] gsi last ... [1033ms]20180531047,03,04,06,09,08,05,01,07,02,10
[G][05-31 16:59:38][xyxyft] trend ... [1][75ms]
[G][05-31 16:59:44][xyxyft] removing opening flag ..... [20180531047]
[G][05-31 16:59:44][xyxyft] SUCCESS  _^_^_ [20180531047][10096ms]
[G][05-31 18:24:00][xyxyft] timer launch .....
[G][05-31 18:24:03][xyxyft] fetching ..... [20180531064][ing=false],openTime=2018-05-31 18:24:00[1/80]
[G][05-31 18:24:07][xyxyft] fetching ..... [20180531064][ing=false],openTime=2018-05-31 18:24:00[2/80]
[G][05-31 18:24:13][xyxyft] fetching ..... [20180531064][ing=false],openTime=2018-05-31 18:24:00[3/80]
[G][05-31 18:24:17][xyxyft] fetching ..... [20180531064][ing=false],openTime=2018-05-31 18:24:00[4/80]
[G][05-31 18:29:00][xyxyft] timer launch .....
[G][05-31 18:29:02][xyxyft] fetching ..... [20180531065][ing=false],openTime=2018-05-31 18:29:00[1/80]
[G][05-31 18:29:05][xyxyft] fetching ..... [20180531065][ing=false],openTime=2018-05-31 18:29:00[2/80]
[G][05-31 18:29:11][xyxyft] fetching ..... [20180531065][ing=false],openTime=2018-05-31 18:29:00[3/80]
[G][05-31 18:29:15][xyxyft] fetching ..... [20180531065][ing=false],openTime=2018-05-31 18:29:00[4/80]
[G][05-31 18:29:20][xyxyft] fetching ..... [20180531065][ing=false],openTime=2018-05-31 18:29:00[5/80]
[G][05-31 18:29:25][xyxyft] fetching ..... [20180531065][ing=false],openTime=2018-05-31 18:29:00[6/80]
[G][05-31 18:29:30][xyxyft] fetching ..... [20180531065][ing=false],openTime=2018-05-31 18:29:00[7/80]
[G][05-31 18:29:35][xyxyft] fetching ..... [20180531065][ing=false],openTime=2018-05-31 18:29:00[8/80]
[G][05-31 18:29:40][xyxyft] fetching ..... [20180531065][ing=false],openTime=2018-05-31 18:29:00[9/80]
[G][05-31 18:29:40][xyxyft] RESULTS  _____ [20180531065]=>10,07,09,06,01,02,04,03,05,08
[G][05-31 18:29:40][xyxyft] timer clear .....
[G][05-31 18:29:40][xyxyft] -------- OPENing --------
[G][05-31 18:29:41][xyxyft] Start ... [20180531059],status=0,result=08,10,06,03,02,04,05,07,01,09
[G][05-31 18:29:41][xyxyft] BETS ... [0][20180531059][57ms]
[G][05-31 18:29:41][xyxyft] End ... [20180531059][111ms],status=2,result=08,10,06,03,02,04,05,07,01,09
[G][05-31 18:29:41][xyxyft] Start ... [20180531056],status=0,result=02,07,05,10,04,01,06,09,03,08
[G][05-31 18:29:41][xyxyft] BETS ... [0][20180531056][112ms]
[G][05-31 18:29:41][xyxyft] End ... [20180531056][258ms],status=2,result=02,07,05,10,04,01,06,09,03,08
[G][05-31 18:29:41][xyxyft] Start ... [20180531055],status=0,result=03,02,09,06,01,07,05,10,04,08
[G][05-31 18:29:41][xyxyft] BETS ... [0][20180531055][134ms]
[G][05-31 18:29:42][xyxyft] End ... [20180531055][204ms],status=2,result=03,02,09,06,01,07,05,10,04,08
[G][05-31 18:29:42][xyxyft] Start ... [20180531049],status=0,result=09,01,10,07,05,02,04,03,06,08
[G][05-31 18:29:42][xyxyft] BETS ... [0][20180531049][112ms]
[G][05-31 18:29:42][xyxyft] End ... [20180531049][200ms],status=2,result=09,01,10,07,05,02,04,03,06,08
[G][05-31 18:29:42][xyxyft] Start ... [20180531058],status=0,result=07,06,01,03,09,02,08,10,05,04
[G][05-31 18:29:42][xyxyft] BETS ... [0][20180531058][96ms]
[G][05-31 18:29:42][xyxyft] End ... [20180531058][186ms],status=2,result=07,06,01,03,09,02,08,10,05,04
[G][05-31 18:29:43][xyxyft] Start ... [20180531048],status=0,result=05,03,04,08,06,09,10,01,02,07
[G][05-31 18:29:43][xyxyft] BETS ... [0][20180531048][134ms]
[G][05-31 18:29:43][xyxyft] End ... [20180531048][190ms],status=2,result=05,03,04,08,06,09,10,01,02,07
[G][05-31 18:29:43][xyxyft] Start ... [20180531057],status=0,result=07,01,09,06,10,04,08,03,02,05
[G][05-31 18:29:43][xyxyft] BETS ... [0][20180531057][58ms]
[G][05-31 18:29:43][xyxyft] End ... [20180531057][113ms],status=2,result=07,01,09,06,10,04,08,03,02,05
[G][05-31 18:29:43][xyxyft] Start ... [20180531052],status=0,result=08,01,04,09,03,06,02,10,05,07
[G][05-31 18:29:43][xyxyft] BETS ... [0][20180531052][144ms]
[G][05-31 18:29:43][xyxyft] End ... [20180531052][208ms],status=2,result=08,01,04,09,03,06,02,10,05,07
[G][05-31 18:29:44][xyxyft] Start ... [20180531065],status=0,result=10,07,09,06,01,02,04,03,05,08
[G][05-31 18:29:44][xyxyft] BETS ... [0][20180531065][569ms]
[G][05-31 18:29:44][xyxyft] End ... [20180531065][627ms],status=2,result=10,07,09,06,01,02,04,03,05,08
[G][05-31 18:29:44][xyxyft] Start ... [20180531051],status=0,result=04,10,08,07,06,05,09,01,02,03
[G][05-31 18:29:44][xyxyft] BETS ... [0][20180531051][61ms]
[G][05-31 18:29:44][xyxyft] End ... [20180531051][115ms],status=2,result=04,10,08,07,06,05,09,01,02,03
[G][05-31 18:29:45][xyxyft] Start ... [20180531064],status=0,result=05,03,08,10,07,06,04,01,09,02
[G][05-31 18:29:45][xyxyft] BETS ... [0][20180531064][65ms]
[G][05-31 18:29:45][xyxyft] End ... [20180531064][120ms],status=2,result=05,03,08,10,07,06,04,01,09,02
[G][05-31 18:29:45][xyxyft] Start ... [20180531063],status=0,result=09,02,01,10,08,06,05,07,04,03
[G][05-31 18:29:45][xyxyft] BETS ... [0][20180531063][58ms]
[G][05-31 18:29:45][xyxyft] End ... [20180531063][112ms],status=2,result=09,02,01,10,08,06,05,07,04,03
[G][05-31 18:29:45][xyxyft] Start ... [20180531054],status=0,result=06,08,09,10,04,05,03,01,07,02
[G][05-31 18:29:45][xyxyft] BETS ... [0][20180531054][62ms]
[G][05-31 18:29:45][xyxyft] End ... [20180531054][117ms],status=2,result=06,08,09,10,04,05,03,01,07,02
[G][05-31 18:29:45][xyxyft] Start ... [20180531062],status=0,result=01,05,03,07,08,06,10,09,04,02
[G][05-31 18:29:46][xyxyft] BETS ... [0][20180531062][116ms]
[G][05-31 18:29:46][xyxyft] End ... [20180531062][177ms],status=2,result=01,05,03,07,08,06,10,09,04,02
[G][05-31 18:29:46][xyxyft] Start ... [20180531053],status=0,result=03,06,10,08,07,02,09,05,01,04
[G][05-31 18:29:46][xyxyft] BETS ... [0][20180531053][61ms]
[G][05-31 18:29:46][xyxyft] End ... [20180531053][122ms],status=2,result=03,06,10,08,07,02,09,05,01,04
[G][05-31 18:29:46][xyxyft] Start ... [20180531061],status=0,result=05,07,01,02,06,04,03,10,09,08
[G][05-31 18:29:46][xyxyft] BETS ... [0][20180531061][71ms]
[G][05-31 18:29:46][xyxyft] End ... [20180531061][145ms],status=2,result=05,07,01,02,06,04,03,10,09,08
[G][05-31 18:29:46][xyxyft] Start ... [20180531060],status=0,result=10,04,07,02,05,06,09,03,01,08
[G][05-31 18:29:46][xyxyft] BETS ... [0][20180531060][57ms]
[G][05-31 18:29:46][xyxyft] End ... [20180531060][115ms],status=2,result=10,04,07,02,05,06,09,03,01,08
[G][05-31 18:29:47][xyxyft] Start ... [20180531050],status=0,result=01,09,08,10,04,06,07,05,02,03
[G][05-31 18:29:47][xyxyft] BETS ... [0][20180531050][56ms]
[G][05-31 18:29:47][xyxyft] End ... [20180531050][122ms],status=2,result=01,09,08,10,04,06,07,05,02,03
[G][05-31 18:29:47][xyxyft] gsi last ... [235ms]20180531065,10,07,09,06,01,02,04,03,05,08
[G][05-31 18:30:35][xyxyft] trend ... [18][48249ms]
[G][05-31 18:30:38][xyxyft] removing opening flag ..... [20180531065]
[G][05-31 18:30:38][xyxyft] SUCCESS  _^_^_ [20180531065][57568ms]
[G][05-31 18:34:00][xyxyft] timer launch .....
[G][05-31 18:34:01][xyxyft] fetching ..... [20180531066][ing=false],openTime=2018-05-31 18:34:00[1/80]
[G][05-31 18:34:05][xyxyft] fetching ..... [20180531066][ing=false],openTime=2018-05-31 18:34:00[2/80]
[G][05-31 18:34:14][xyxyft] fetching ..... [20180531066][ing=false],openTime=2018-05-31 18:34:00[3/80]
[G][05-31 18:34:15][xyxyft] fetching ..... [20180531066][ing=false],openTime=2018-05-31 18:34:00[4/80]
[G][05-31 18:34:20][xyxyft] fetching ..... [20180531066][ing=false],openTime=2018-05-31 18:34:00[5/80]
[G][05-31 18:34:25][xyxyft] fetching ..... [20180531066][ing=false],openTime=2018-05-31 18:34:00[6/80]
[G][05-31 18:34:32][xyxyft] fetching ..... [20180531066][ing=false],openTime=2018-05-31 18:34:00[7/80]
[G][05-31 18:34:36][xyxyft] fetching ..... [20180531066][ing=false],openTime=2018-05-31 18:34:00[8/80]
[G][05-31 18:34:42][xyxyft] fetching ..... [20180531066][ing=false],openTime=2018-05-31 18:34:00[9/80]
[G][05-31 18:34:42][xyxyft] RESULTS  _____ [20180531066]=>10,05,08,06,09,07,02,03,04,01
[G][05-31 18:34:42][xyxyft] timer clear .....
[G][05-31 18:34:42][xyxyft] -------- OPENing --------
[G][05-31 18:34:43][xyxyft] Start ... [20180531066],status=0,result=10,05,08,06,09,07,02,03,04,01
[G][05-31 18:34:43][xyxyft] BETS ... [0][20180531066][55ms]
[G][05-31 18:34:43][xyxyft] End ... [20180531066][107ms],status=2,result=10,05,08,06,09,07,02,03,04,01
[G][05-31 18:34:44][xyxyft] gsi last ... [572ms]20180531066,10,05,08,06,09,07,02,03,04,01
[G][05-31 18:34:44][xyxyft] trend ... [1][57ms]
[G][05-31 18:34:46][xyxyft] removing opening flag ..... [20180531066]
[G][05-31 18:34:46][xyxyft] SUCCESS  _^_^_ [20180531066][4155ms]
[G][05-31 18:39:00][xyxyft] timer launch .....
[G][05-31 18:39:01][xyxyft] fetching ..... [20180531067][ing=false],openTime=2018-05-31 18:39:00[1/80]
[G][05-31 18:39:07][xyxyft] fetching ..... [20180531067][ing=false],openTime=2018-05-31 18:39:00[2/80]
[G][05-31 18:39:12][xyxyft] fetching ..... [20180531067][ing=false],openTime=2018-05-31 18:39:00[3/80]
[G][05-31 18:39:18][xyxyft] fetching ..... [20180531067][ing=false],openTime=2018-05-31 18:39:00[4/80]
[G][05-31 18:39:20][xyxyft] fetching ..... [20180531067][ing=false],openTime=2018-05-31 18:39:00[5/80]
[G][05-31 18:39:26][xyxyft] fetching ..... [20180531067][ing=false],openTime=2018-05-31 18:39:00[6/80]
[G][05-31 18:39:35][xyxyft] fetching ..... [20180531067][ing=false],openTime=2018-05-31 18:39:00[7/80]
[G][05-31 18:39:35][xyxyft] fetching ..... [20180531067][ing=false],openTime=2018-05-31 18:39:00[8/80]
[G][05-31 18:39:40][xyxyft] fetching ..... [20180531067][ing=false],openTime=2018-05-31 18:39:00[9/80]
[G][05-31 18:39:40][xyxyft] RESULTS  _____ [20180531067]=>10,08,06,01,09,07,05,02,04,03
[G][05-31 18:39:40][xyxyft] timer clear .....
[G][05-31 18:39:40][xyxyft] -------- OPENing --------
[G][05-31 18:39:41][xyxyft] Start ... [20180531067],status=0,result=10,08,06,01,09,07,05,02,04,03
[G][05-31 18:39:41][xyxyft] BETS ... [0][20180531067][51ms]
[G][05-31 18:39:41][xyxyft] End ... [20180531067][100ms],status=2,result=10,08,06,01,09,07,05,02,04,03
[G][05-31 18:39:42][xyxyft] gsi last ... [161ms]20180531067,10,08,06,01,09,07,05,02,04,03
[G][05-31 18:39:42][xyxyft] trend ... [1][53ms]
[G][05-31 18:39:44][xyxyft] removing opening flag ..... [20180531067]
[G][05-31 18:39:44][xyxyft] SUCCESS  _^_^_ [20180531067][3735ms]
[G][05-31 18:44:00][xyxyft] timer launch .....
[G][05-31 18:44:04][xyxyft] fetching ..... [20180531068][ing=false],openTime=2018-05-31 18:44:00[1/80]
[G][05-31 18:44:07][xyxyft] fetching ..... [20180531068][ing=false],openTime=2018-05-31 18:44:00[2/80]
[G][05-31 18:44:11][xyxyft] fetching ..... [20180531068][ing=false],openTime=2018-05-31 18:44:00[3/80]
[G][05-31 18:44:15][xyxyft] fetching ..... [20180531068][ing=false],openTime=2018-05-31 18:44:00[4/80]
[G][05-31 18:44:20][xyxyft] fetching ..... [20180531068][ing=false],openTime=2018-05-31 18:44:00[5/80]
[G][05-31 18:44:25][xyxyft] fetching ..... [20180531068][ing=false],openTime=2018-05-31 18:44:00[6/80]
[G][05-31 18:44:32][xyxyft] fetching ..... [20180531068][ing=false],openTime=2018-05-31 18:44:00[7/80]
[G][05-31 18:44:35][xyxyft] fetching ..... [20180531068][ing=false],openTime=2018-05-31 18:44:00[8/80]
[G][05-31 18:44:40][xyxyft] fetching ..... [20180531068][ing=false],openTime=2018-05-31 18:44:00[9/80]
[G][05-31 18:44:40][xyxyft] RESULTS  _____ [20180531068]=>10,03,02,07,06,05,04,01,09,08
[G][05-31 18:44:40][xyxyft] timer clear .....
[G][05-31 18:44:40][xyxyft] -------- OPENing --------
[G][05-31 18:44:41][xyxyft] Start ... [20180531068],status=0,result=10,03,02,07,06,05,04,01,09,08
[G][05-31 18:44:41][xyxyft] BETS ... [0][20180531068][66ms]
[G][05-31 18:44:41][xyxyft] End ... [20180531068][126ms],status=2,result=10,03,02,07,06,05,04,01,09,08
[G][05-31 18:44:42][xyxyft] gsi last ... [196ms]20180531068,10,03,02,07,06,05,04,01,09,08
[G][05-31 18:44:42][xyxyft] trend ... [1][67ms]
[G][05-31 18:44:44][xyxyft] removing opening flag ..... [20180531068]
[G][05-31 18:44:44][xyxyft] SUCCESS  _^_^_ [20180531068][4310ms]
[G][05-31 18:49:00][xyxyft] timer launch .....
[G][05-31 18:49:04][xyxyft] fetching ..... [20180531069][ing=false],openTime=2018-05-31 18:49:00[1/80]
[G][05-31 18:49:07][xyxyft] fetching ..... [20180531069][ing=false],openTime=2018-05-31 18:49:00[2/80]
[G][05-31 18:49:11][xyxyft] fetching ..... [20180531069][ing=false],openTime=2018-05-31 18:49:00[3/80]
[G][05-31 18:49:15][xyxyft] fetching ..... [20180531069][ing=false],openTime=2018-05-31 18:49:00[4/80]
[G][05-31 18:49:20][xyxyft] fetching ..... [20180531069][ing=false],openTime=2018-05-31 18:49:00[5/80]
[G][05-31 18:49:25][xyxyft] fetching ..... [20180531069][ing=false],openTime=2018-05-31 18:49:00[6/80]
[G][05-31 18:49:30][xyxyft] fetching ..... [20180531069][ing=false],openTime=2018-05-31 18:49:00[7/80]
[G][05-31 18:49:35][xyxyft] fetching ..... [20180531069][ing=false],openTime=2018-05-31 18:49:00[8/80]
[G][05-31 18:49:35][xyxyft] RESULTS  _____ [20180531069]=>06,05,10,04,08,07,02,09,03,01
[G][05-31 18:49:35][xyxyft] timer clear .....
[G][05-31 18:49:36][xyxyft] -------- OPENing --------
[G][05-31 18:49:36][xyxyft] Start ... [20180531069],status=0,result=06,05,10,04,08,07,02,09,03,01
[G][05-31 18:49:36][xyxyft] BETS ... [0][20180531069][60ms]
[G][05-31 18:49:36][xyxyft] End ... [20180531069][118ms],status=2,result=06,05,10,04,08,07,02,09,03,01
[G][05-31 18:49:37][xyxyft] gsi last ... [210ms]20180531069,06,05,10,04,08,07,02,09,03,01
[G][05-31 18:49:37][xyxyft] trend ... [1][58ms]
[G][05-31 18:49:40][xyxyft] removing opening flag ..... [20180531069]
[G][05-31 18:49:40][xyxyft] SUCCESS  _^_^_ [20180531069][4754ms]
[G][05-31 18:54:00][xyxyft] timer launch .....
[G][05-31 18:54:05][xyxyft] fetching ..... [20180531070][ing=false],openTime=2018-05-31 18:54:00[1/80]
[G][05-31 18:54:06][xyxyft] fetching ..... [20180531070][ing=false],openTime=2018-05-31 18:54:00[2/80]
[G][05-31 18:54:16][xyxyft] fetching ..... [20180531070][ing=false],openTime=2018-05-31 18:54:00[3/80]
[G][05-31 18:54:17][xyxyft] fetching ..... [20180531070][ing=false],openTime=2018-05-31 18:54:00[4/80]
[G][05-31 18:54:22][xyxyft] fetching ..... [20180531070][ing=false],openTime=2018-05-31 18:54:00[5/80]
[G][05-31 18:54:27][xyxyft] fetching ..... [20180531070][ing=false],openTime=2018-05-31 18:54:00[6/80]
[G][05-31 18:54:33][xyxyft] fetching ..... [20180531070][ing=false],openTime=2018-05-31 18:54:00[7/80]
[G][05-31 18:54:37][xyxyft] fetching ..... [20180531070][ing=false],openTime=2018-05-31 18:54:00[8/80]
[G][05-31 18:54:37][xyxyft] RESULTS  _____ [20180531070]=>04,07,03,02,08,01,09,10,05,06
[G][05-31 18:54:37][xyxyft] timer clear .....
[G][05-31 18:54:37][xyxyft] -------- OPENing --------
[G][05-31 18:54:37][xyxyft] Start ... [20180531070],status=0,result=04,07,03,02,08,01,09,10,05,06
[G][05-31 18:54:37][xyxyft] BETS ... [0][20180531070][53ms]
[G][05-31 18:54:37][xyxyft] End ... [20180531070][108ms],status=2,result=04,07,03,02,08,01,09,10,05,06
[G][05-31 18:54:38][xyxyft] gsi last ... [162ms]20180531070,04,07,03,02,08,01,09,10,05,06
[G][05-31 18:54:39][xyxyft] trend ... [1][52ms]
[G][05-31 18:54:40][xyxyft] removing opening flag ..... [20180531070]
[G][05-31 18:54:40][xyxyft] SUCCESS  _^_^_ [20180531070][3633ms]
[G][05-31 18:59:00][xyxyft] timer launch .....
[G][05-31 18:59:02][xyxyft] fetching ..... [20180531071][ing=false],openTime=2018-05-31 18:59:00[1/80]
[G][05-31 18:59:05][xyxyft] fetching ..... [20180531071][ing=false],openTime=2018-05-31 18:59:00[2/80]
[G][05-31 18:59:11][xyxyft] fetching ..... [20180531071][ing=false],openTime=2018-05-31 18:59:00[3/80]
[G][05-31 18:59:15][xyxyft] fetching ..... [20180531071][ing=false],openTime=2018-05-31 18:59:00[4/80]
[G][05-31 18:59:20][xyxyft] fetching ..... [20180531071][ing=false],openTime=2018-05-31 18:59:00[5/80]
[G][05-31 18:59:25][xyxyft] fetching ..... [20180531071][ing=false],openTime=2018-05-31 18:59:00[6/80]
[G][05-31 18:59:30][xyxyft] fetching ..... [20180531071][ing=false],openTime=2018-05-31 18:59:00[7/80]
[G][05-31 18:59:35][xyxyft] fetching ..... [20180531071][ing=false],openTime=2018-05-31 18:59:00[8/80]
[G][05-31 18:59:40][xyxyft] fetching ..... [20180531071][ing=false],openTime=2018-05-31 18:59:00[9/80]
[G][05-31 18:59:40][xyxyft] RESULTS  _____ [20180531071]=>04,09,05,08,02,01,07,03,06,10
[G][05-31 18:59:40][xyxyft] timer clear .....
[G][05-31 18:59:40][xyxyft] -------- OPENing --------
[G][05-31 18:59:40][xyxyft] Start ... [20180531071],status=0,result=04,09,05,08,02,01,07,03,06,10
[G][05-31 18:59:41][xyxyft] BETS ... [0][20180531071][66ms]
[G][05-31 18:59:41][xyxyft] End ... [20180531071][151ms],status=2,result=04,09,05,08,02,01,07,03,06,10
[G][05-31 18:59:42][xyxyft] gsi last ... [127ms]20180531071,04,09,05,08,02,01,07,03,06,10
[G][05-31 18:59:42][xyxyft] trend ... [1][57ms]
[G][05-31 18:59:44][xyxyft] removing opening flag ..... [20180531071]
[G][05-31 18:59:44][xyxyft] SUCCESS  _^_^_ [20180531071][4209ms]
[G][05-31 19:04:00][xyxyft] timer launch .....
[G][05-31 19:04:03][xyxyft] fetching ..... [20180531072][ing=false],openTime=2018-05-31 19:04:00[1/80]
[G][05-31 19:04:05][xyxyft] fetching ..... [20180531072][ing=false],openTime=2018-05-31 19:04:00[2/80]
[G][05-31 19:04:11][xyxyft] fetching ..... [20180531072][ing=false],openTime=2018-05-31 19:04:00[3/80]
[G][05-31 19:04:15][xyxyft] fetching ..... [20180531072][ing=false],openTime=2018-05-31 19:04:00[4/80]
[G][05-31 19:04:20][xyxyft] fetching ..... [20180531072][ing=false],openTime=2018-05-31 19:04:00[5/80]
[G][05-31 19:04:25][xyxyft] fetching ..... [20180531072][ing=false],openTime=2018-05-31 19:04:00[6/80]
[G][05-31 19:04:34][xyxyft] fetching ..... [20180531072][ing=false],openTime=2018-05-31 19:04:00[7/80]
[G][05-31 19:04:34][xyxyft] RESULTS  _____ [20180531072]=>02,08,04,01,06,03,07,05,10,09
[G][05-31 19:04:34][xyxyft] timer clear .....
[G][05-31 19:04:35][xyxyft] -------- OPENing --------
[G][05-31 19:04:35][xyxyft] Start ... [20180531072],status=0,result=02,08,04,01,06,03,07,05,10,09
[G][05-31 19:04:35][xyxyft] BETS ... [0][20180531072][59ms]
[G][05-31 19:04:35][xyxyft] End ... [20180531072][117ms],status=2,result=02,08,04,01,06,03,07,05,10,09
[G][05-31 19:04:37][xyxyft] gsi last ... [616ms]20180531072,02,08,04,01,06,03,07,05,10,09
[G][05-31 19:04:37][xyxyft] trend ... [1][61ms]
[G][05-31 19:04:40][xyxyft] removing opening flag ..... [20180531072]
[G][05-31 19:04:40][xyxyft] SUCCESS  _^_^_ [20180531072][5502ms]
[G][05-31 19:09:00][xyxyft] timer launch .....
[G][05-31 19:09:04][xyxyft] fetching ..... [20180531073][ing=false],openTime=2018-05-31 19:09:00[1/80]
[G][05-31 19:09:08][xyxyft] fetching ..... [20180531073][ing=false],openTime=2018-05-31 19:09:00[2/80]
[G][05-31 19:09:19][xyxyft] fetching ..... [20180531073][ing=false],openTime=2018-05-31 19:09:00[3/80]
[G][05-31 19:09:20][xyxyft] fetching ..... [20180531073][ing=false],openTime=2018-05-31 19:09:00[4/80]
[G][05-31 19:09:25][xyxyft] fetching ..... [20180531073][ing=false],openTime=2018-05-31 19:09:00[5/80]
[G][05-31 19:09:30][xyxyft] fetching ..... [20180531073][ing=false],openTime=2018-05-31 19:09:00[6/80]
[G][05-31 19:09:35][xyxyft] fetching ..... [20180531073][ing=false],openTime=2018-05-31 19:09:00[7/80]
[G][05-31 19:09:40][xyxyft] fetching ..... [20180531073][ing=false],openTime=2018-05-31 19:09:00[8/80]
[G][05-31 19:09:40][xyxyft] RESULTS  _____ [20180531073]=>05,08,04,07,06,09,02,10,01,03
[G][05-31 19:09:40][xyxyft] timer clear .....
[G][05-31 19:09:40][xyxyft] -------- OPENing --------
[G][05-31 19:09:40][xyxyft] Start ... [20180531073],status=0,result=05,08,04,07,06,09,02,10,01,03
[G][05-31 19:09:40][xyxyft] BETS ... [0][20180531073][54ms]
[G][05-31 19:09:40][xyxyft] End ... [20180531073][104ms],status=2,result=05,08,04,07,06,09,02,10,01,03
[G][05-31 19:09:41][xyxyft] gsi last ... [104ms]20180531073,05,08,04,07,06,09,02,10,01,03
[G][05-31 19:09:41][xyxyft] trend ... [1][48ms]
[G][05-31 19:09:43][xyxyft] removing opening flag ..... [20180531073]
[G][05-31 19:09:43][xyxyft] SUCCESS  _^_^_ [20180531073][3670ms]
