[G][06-26 09:05:00][ga] game.updateMemberBack.timer=false
[G][06-26 09:05:10][ga] game.updateAgentBack.timer=false
[G][06-26 09:06:00][ga] game.updateMemberBack.timer=false
[G][06-26 09:06:10][ga] game.updateAgentBack.timer=false
[G][06-26 09:07:00][ga] game.updateMemberBack.timer=false
[G][06-26 09:07:10][ga] game.updateAgentBack.timer=false
[G][06-26 09:08:00][ga] game.updateMemberBack.timer=false
[G][06-26 09:08:10][ga] game.updateAgentBack.timer=false
[G][06-26 09:09:00][ga] game.updateMemberBack.timer=false
[G][06-26 09:09:10][ga] game.updateAgentBack.timer=false
[G][06-26 09:10:00][ga] game.updateMemberBack.timer=false
[G][06-26 09:10:10][ga] game.updateAgentBack.timer=false
[G][06-26 09:11:00][ga] game.updateMemberBack.timer=false
[G][06-26 09:11:10][ga] game.updateAgentBack.timer=false
[G][06-26 09:12:00][ga] game.updateMemberBack.timer=false
[G][06-26 09:12:10][ga] game.updateAgentBack.timer=false
[G][06-26 09:13:00][ga] game.updateMemberBack.timer=false
[G][06-26 09:13:10][ga] game.updateAgentBack.timer=false
[G][06-26 09:14:00][ga] game.updateMemberBack.timer=false
[G][06-26 09:14:10][ga] game.updateAgentBack.timer=false
[G][06-26 09:15:00][ga] game.updateMemberBack.timer=false
[G][06-26 09:15:10][ga] game.updateAgentBack.timer=false
[G][06-26 09:16:00][ga] game.updateMemberBack.timer=false
[G][06-26 09:16:10][ga] game.updateAgentBack.timer=false
[G][06-26 09:17:00][ga] game.updateMemberBack.timer=false
[G][06-26 09:17:10][ga] game.updateAgentBack.timer=false
[G][06-26 09:18:00][ga] game.updateMemberBack.timer=false
[G][06-26 09:18:10][ga] game.updateAgentBack.timer=false
[G][06-26 09:19:00][ga] game.updateMemberBack.timer=false
[G][06-26 09:19:10][ga] game.updateAgentBack.timer=false
[G][06-26 09:20:00][ga] game.updateMemberBack.timer=false
[G][06-26 09:20:10][ga] game.updateAgentBack.timer=false
[G][06-26 09:21:00][ga] game.updateMemberBack.timer=false
[G][06-26 09:21:10][ga] game.updateAgentBack.timer=false
[G][06-26 09:22:00][ga] game.updateMemberBack.timer=false
[G][06-26 09:22:10][ga] game.updateAgentBack.timer=false
[G][06-26 09:23:00][ga] game.updateMemberBack.timer=false
[G][06-26 09:23:10][ga] game.updateAgentBack.timer=false
[G][06-26 09:24:00][ga] game.updateMemberBack.timer=false
[G][06-26 09:24:10][ga] game.updateAgentBack.timer=false
[G][06-26 09:25:00][ga] game.updateMemberBack.timer=false
[G][06-26 09:25:10][ga] game.updateAgentBack.timer=false
[G][06-26 09:26:00][ga] game.updateMemberBack.timer=false
[G][06-26 09:26:10][ga] game.updateAgentBack.timer=false
[G][06-26 09:27:00][ga] game.updateMemberBack.timer=false
[G][06-26 09:27:10][ga] game.updateAgentBack.timer=false
[G][06-26 09:28:00][ga] game.updateMemberBack.timer=false
[G][06-26 09:28:10][ga] game.updateAgentBack.timer=false
[G][06-26 09:29:00][ga] game.updateMemberBack.timer=false
[G][06-26 09:29:10][ga] game.updateAgentBack.timer=false
[G][06-26 09:30:00][ga] game.updateMemberBack.timer=false
[G][06-26 09:30:10][ga] game.updateAgentBack.timer=false
[G][06-26 09:31:00][ga] game.updateMemberBack.timer=false
[G][06-26 09:31:10][ga] game.updateAgentBack.timer=false
[G][06-26 09:32:00][ga] game.updateMemberBack.timer=false
[G][06-26 09:32:10][ga] game.updateAgentBack.timer=false
[G][06-26 09:33:00][ga] game.updateMemberBack.timer=false
[G][06-26 09:33:10][ga] game.updateAgentBack.timer=false
[G][06-26 09:34:00][ga] game.updateMemberBack.timer=false
[G][06-26 09:34:10][ga] game.updateAgentBack.timer=false
[G][06-26 09:35:00][ga] game.updateMemberBack.timer=false
[G][06-26 09:35:10][ga] game.updateAgentBack.timer=false
[G][06-26 09:36:00][ga] game.updateMemberBack.timer=false
[G][06-26 09:36:10][ga] game.updateAgentBack.timer=false
[G][06-26 09:37:00][ga] game.updateMemberBack.timer=false
[G][06-26 09:37:10][ga] game.updateAgentBack.timer=false
[G][06-26 09:38:00][ga] game.updateMemberBack.timer=false
[G][06-26 09:38:10][ga] game.updateAgentBack.timer=false
[G][06-26 09:39:00][ga] game.updateMemberBack.timer=false
[G][06-26 09:39:10][ga] game.updateAgentBack.timer=false
[G][06-26 09:40:00][ga] game.updateMemberBack.timer=false
[G][06-26 09:40:10][ga] game.updateAgentBack.timer=false
[G][06-26 09:41:00][ga] game.updateMemberBack.timer=false
[G][06-26 09:41:10][ga] game.updateAgentBack.timer=false
[G][06-26 09:42:00][ga] game.updateMemberBack.timer=false
[G][06-26 09:42:10][ga] game.updateAgentBack.timer=false
[G][06-26 09:43:00][ga] game.updateMemberBack.timer=false
[G][06-26 09:43:10][ga] game.updateAgentBack.timer=false
[G][06-26 09:44:00][ga] game.updateMemberBack.timer=false
[G][06-26 09:44:10][ga] game.updateAgentBack.timer=false
[G][06-26 09:45:00][ga] game.updateMemberBack.timer=false
[G][06-26 09:45:10][ga] game.updateAgentBack.timer=false
[G][06-26 09:46:00][ga] game.updateMemberBack.timer=false
[G][06-26 09:46:10][ga] game.updateAgentBack.timer=false
[G][06-26 09:47:00][ga] game.updateMemberBack.timer=false
[G][06-26 09:47:10][ga] game.updateAgentBack.timer=false
[G][06-26 09:48:00][ga] game.updateMemberBack.timer=false
[G][06-26 09:48:10][ga] game.updateAgentBack.timer=false
[G][06-26 09:49:00][ga] game.updateMemberBack.timer=false
[G][06-26 09:49:10][ga] game.updateAgentBack.timer=false
[G][06-26 09:50:00][ga] game.updateMemberBack.timer=false
[G][06-26 09:50:10][ga] game.updateAgentBack.timer=false
[G][06-26 09:51:00][ga] game.updateMemberBack.timer=false
[G][06-26 09:51:10][ga] game.updateAgentBack.timer=false
[G][06-26 09:52:00][ga] game.updateMemberBack.timer=false
[G][06-26 09:52:10][ga] game.updateAgentBack.timer=false
[G][06-26 09:53:00][ga] game.updateMemberBack.timer=false
[G][06-26 09:53:10][ga] game.updateAgentBack.timer=false
[G][06-26 09:54:00][ga] game.updateMemberBack.timer=false
[G][06-26 09:54:10][ga] game.updateAgentBack.timer=false
[G][06-26 09:55:00][ga] game.updateMemberBack.timer=false
[G][06-26 09:55:10][ga] game.updateAgentBack.timer=false
[G][06-26 09:56:00][ga] game.updateMemberBack.timer=false
[G][06-26 09:56:10][ga] game.updateAgentBack.timer=false
[G][06-26 09:57:00][ga] game.updateMemberBack.timer=false
[G][06-26 09:57:10][ga] game.updateAgentBack.timer=false
[G][06-26 09:58:00][ga] game.updateMemberBack.timer=false
[G][06-26 09:58:10][ga] game.updateAgentBack.timer=false
[G][06-26 09:59:00][ga] game.updateMemberBack.timer=false
[G][06-26 09:59:10][ga] game.updateAgentBack.timer=false
[G][06-26 10:00:00][ga] game.updateMemberBack.timer=false
[G][06-26 10:00:10][ga] game.updateAgentBack.timer=false
[G][06-26 10:01:00][ga] game.updateMemberBack.timer=false
[G][06-26 10:01:10][ga] game.updateAgentBack.timer=false
[G][06-26 10:02:00][ga] game.updateMemberBack.timer=false
[G][06-26 10:02:10][ga] game.updateAgentBack.timer=false
[G][06-26 10:03:00][ga] game.updateMemberBack.timer=false
[G][06-26 10:03:10][ga] game.updateAgentBack.timer=false
[G][06-26 10:04:00][ga] game.updateMemberBack.timer=false
[G][06-26 10:04:10][ga] game.updateAgentBack.timer=false
[G][06-26 10:05:00][ga] game.updateMemberBack.timer=false
[G][06-26 10:05:10][ga] game.updateAgentBack.timer=false
[G][06-26 10:06:00][ga] game.updateMemberBack.timer=false
[G][06-26 10:06:10][ga] game.updateAgentBack.timer=false
[G][06-26 10:07:00][ga] game.updateMemberBack.timer=false
[G][06-26 10:07:10][ga] game.updateAgentBack.timer=false
[G][06-26 10:08:00][ga] game.updateMemberBack.timer=false
[G][06-26 10:08:10][ga] game.updateAgentBack.timer=false
[G][06-26 10:09:00][ga] game.updateMemberBack.timer=false
[G][06-26 10:09:10][ga] game.updateAgentBack.timer=false
[G][06-26 10:10:00][ga] game.updateMemberBack.timer=false
[G][06-26 10:10:10][ga] game.updateAgentBack.timer=false
[G][06-26 10:11:00][ga] game.updateMemberBack.timer=false
[G][06-26 10:11:10][ga] game.updateAgentBack.timer=false
[G][06-26 10:12:00][ga] game.updateMemberBack.timer=false
[G][06-26 10:12:10][ga] game.updateAgentBack.timer=false
[G][06-26 10:13:00][ga] game.updateMemberBack.timer=false
[G][06-26 10:13:10][ga] game.updateAgentBack.timer=false
[G][06-26 10:14:00][ga] game.updateMemberBack.timer=false
[G][06-26 10:14:10][ga] game.updateAgentBack.timer=false
[G][06-26 10:15:00][ga] game.updateMemberBack.timer=false
[G][06-26 10:15:10][ga] game.updateAgentBack.timer=false
[G][06-26 10:16:00][ga] game.updateMemberBack.timer=false
[G][06-26 10:16:10][ga] game.updateAgentBack.timer=false
[G][06-26 10:17:00][ga] game.updateMemberBack.timer=false
[G][06-26 10:17:10][ga] game.updateAgentBack.timer=false
[G][06-26 10:18:00][ga] game.updateMemberBack.timer=false
[G][06-26 10:18:10][ga] game.updateAgentBack.timer=false
[G][06-26 10:19:00][ga] game.updateMemberBack.timer=false
[G][06-26 10:19:10][ga] game.updateAgentBack.timer=false
[G][06-26 10:20:00][ga] game.updateMemberBack.timer=false
[G][06-26 10:20:10][ga] game.updateAgentBack.timer=false
[G][06-26 10:21:00][ga] game.updateMemberBack.timer=false
[G][06-26 10:21:10][ga] game.updateAgentBack.timer=false
[G][06-26 10:22:00][ga] game.updateMemberBack.timer=false
[G][06-26 10:22:10][ga] game.updateAgentBack.timer=false
[G][06-26 10:23:00][ga] game.updateMemberBack.timer=false
[G][06-26 10:23:10][ga] game.updateAgentBack.timer=false
[G][06-26 10:24:00][ga] game.updateMemberBack.timer=false
[G][06-26 10:24:10][ga] game.updateAgentBack.timer=false
[G][06-26 10:25:00][ga] game.updateMemberBack.timer=false
[G][06-26 10:25:10][ga] game.updateAgentBack.timer=false
[G][06-26 10:26:00][ga] game.updateMemberBack.timer=false
[G][06-26 10:26:10][ga] game.updateAgentBack.timer=false
[G][06-26 10:27:00][ga] game.updateMemberBack.timer=false
[G][06-26 10:27:10][ga] game.updateAgentBack.timer=false
[G][06-26 10:28:00][ga] game.updateMemberBack.timer=false
[G][06-26 10:28:10][ga] game.updateAgentBack.timer=false
[G][06-26 10:29:00][ga] game.updateMemberBack.timer=false
[G][06-26 10:29:10][ga] game.updateAgentBack.timer=false
[G][06-26 10:30:00][ga] game.updateMemberBack.timer=false
[G][06-26 10:30:10][ga] game.updateAgentBack.timer=false
[G][06-26 10:31:00][ga] game.updateMemberBack.timer=false
[G][06-26 10:31:10][ga] game.updateAgentBack.timer=false
[G][06-26 10:32:00][ga] game.updateMemberBack.timer=false
[G][06-26 10:32:10][ga] game.updateAgentBack.timer=false
[G][06-26 10:33:00][ga] game.updateMemberBack.timer=false
[G][06-26 10:33:10][ga] game.updateAgentBack.timer=false
[G][06-26 10:34:00][ga] game.updateMemberBack.timer=false
[G][06-26 10:34:10][ga] game.updateAgentBack.timer=false
[G][06-26 10:35:00][ga] game.updateMemberBack.timer=false
[G][06-26 10:35:10][ga] game.updateAgentBack.timer=false
[G][06-26 10:36:00][ga] game.updateMemberBack.timer=false
[G][06-26 10:36:10][ga] game.updateAgentBack.timer=false
[G][06-26 10:37:00][ga] game.updateMemberBack.timer=false
[G][06-26 10:37:10][ga] game.updateAgentBack.timer=false
[G][06-26 10:38:00][ga] game.updateMemberBack.timer=false
[G][06-26 10:38:10][ga] game.updateAgentBack.timer=false
[G][06-26 10:39:00][ga] game.updateMemberBack.timer=false
[G][06-26 10:39:10][ga] game.updateAgentBack.timer=false
[G][06-26 10:40:00][ga] game.updateMemberBack.timer=false
[G][06-26 10:40:10][ga] game.updateAgentBack.timer=false
[G][06-26 10:41:00][ga] game.updateMemberBack.timer=false
[G][06-26 10:41:10][ga] game.updateAgentBack.timer=false
[G][06-26 10:42:00][ga] game.updateMemberBack.timer=false
[G][06-26 10:42:10][ga] game.updateAgentBack.timer=false
[G][06-26 10:43:00][ga] game.updateMemberBack.timer=false
[G][06-26 10:43:10][ga] game.updateAgentBack.timer=false
[G][06-26 10:44:00][ga] game.updateMemberBack.timer=false
[G][06-26 10:44:10][ga] game.updateAgentBack.timer=false
[G][06-26 10:45:00][ga] game.updateMemberBack.timer=false
[G][06-26 10:45:10][ga] game.updateAgentBack.timer=false
[G][06-26 10:46:00][ga] game.updateMemberBack.timer=false
[G][06-26 10:46:10][ga] game.updateAgentBack.timer=false
[G][06-26 10:47:00][ga] game.updateMemberBack.timer=false
[G][06-26 10:47:10][ga] game.updateAgentBack.timer=false
[G][06-26 10:48:00][ga] game.updateMemberBack.timer=false
[G][06-26 10:48:10][ga] game.updateAgentBack.timer=false
[G][06-26 10:49:00][ga] game.updateMemberBack.timer=false
[G][06-26 10:49:10][ga] game.updateAgentBack.timer=false
[G][06-26 10:50:00][ga] game.updateMemberBack.timer=false
[G][06-26 10:50:10][ga] game.updateAgentBack.timer=false
[G][06-26 10:51:00][ga] game.updateMemberBack.timer=false
[G][06-26 10:51:10][ga] game.updateAgentBack.timer=false
[G][06-26 10:52:00][ga] game.updateMemberBack.timer=false
[G][06-26 10:52:10][ga] game.updateAgentBack.timer=false
[G][06-26 10:53:00][ga] game.updateMemberBack.timer=false
[G][06-26 10:53:10][ga] game.updateAgentBack.timer=false
[G][06-26 10:54:00][ga] game.updateMemberBack.timer=false
[G][06-26 10:54:10][ga] game.updateAgentBack.timer=false
[G][06-26 10:55:00][ga] game.updateMemberBack.timer=false
[G][06-26 10:55:10][ga] game.updateAgentBack.timer=false
[G][06-26 10:56:00][ga] game.updateMemberBack.timer=false
[G][06-26 10:56:10][ga] game.updateAgentBack.timer=false
[G][06-26 10:57:00][ga] game.updateMemberBack.timer=false
[G][06-26 10:57:10][ga] game.updateAgentBack.timer=false
[G][06-26 10:58:00][ga] game.updateMemberBack.timer=false
[G][06-26 10:58:10][ga] game.updateAgentBack.timer=false
[G][06-26 10:59:00][ga] game.updateMemberBack.timer=false
[G][06-26 10:59:10][ga] game.updateAgentBack.timer=false
[G][06-26 11:00:00][ga] game.updateMemberBack.timer=false
[G][06-26 11:00:10][ga] game.updateAgentBack.timer=false
[G][06-26 11:01:00][ga] game.updateMemberBack.timer=false
[G][06-26 11:01:10][ga] game.updateAgentBack.timer=false
[G][06-26 11:02:00][ga] game.updateMemberBack.timer=false
[G][06-26 11:02:10][ga] game.updateAgentBack.timer=false
[G][06-26 11:03:00][ga] game.updateMemberBack.timer=false
[G][06-26 11:03:10][ga] game.updateAgentBack.timer=false
[G][06-26 11:04:00][ga] game.updateMemberBack.timer=false
[G][06-26 11:04:10][ga] game.updateAgentBack.timer=false
[G][06-26 11:05:00][ga] game.updateMemberBack.timer=false
[G][06-26 11:05:10][ga] game.updateAgentBack.timer=false
[G][06-26 11:06:00][ga] game.updateMemberBack.timer=false
[G][06-26 11:06:10][ga] game.updateAgentBack.timer=false
[G][06-26 11:07:00][ga] game.updateMemberBack.timer=false
[G][06-26 11:07:10][ga] game.updateAgentBack.timer=false
[G][06-26 11:08:00][ga] game.updateMemberBack.timer=false
[G][06-26 11:08:10][ga] game.updateAgentBack.timer=false
[G][06-26 11:09:00][ga] game.updateMemberBack.timer=false
[G][06-26 11:09:10][ga] game.updateAgentBack.timer=false
[G][06-26 11:10:00][ga] game.updateMemberBack.timer=false
[G][06-26 11:10:10][ga] game.updateAgentBack.timer=false
[G][06-26 11:11:00][ga] game.updateMemberBack.timer=false
[G][06-26 11:11:10][ga] game.updateAgentBack.timer=false
[G][06-26 11:12:00][ga] game.updateMemberBack.timer=false
[G][06-26 11:12:10][ga] game.updateAgentBack.timer=false
[G][06-26 11:13:00][ga] game.updateMemberBack.timer=false
[G][06-26 11:13:10][ga] game.updateAgentBack.timer=false
[G][06-26 11:14:00][ga] game.updateMemberBack.timer=false
[G][06-26 11:14:10][ga] game.updateAgentBack.timer=false
[G][06-26 11:15:00][ga] game.updateMemberBack.timer=false
[G][06-26 11:15:10][ga] game.updateAgentBack.timer=false
[G][06-26 11:16:00][ga] game.updateMemberBack.timer=false
[G][06-26 11:16:10][ga] game.updateAgentBack.timer=false
[G][06-26 11:17:00][ga] game.updateMemberBack.timer=false
[G][06-26 11:17:10][ga] game.updateAgentBack.timer=false
[G][06-26 11:18:00][ga] game.updateMemberBack.timer=false
[G][06-26 11:18:10][ga] game.updateAgentBack.timer=false
[G][06-26 11:19:00][ga] game.updateMemberBack.timer=false
[G][06-26 11:19:10][ga] game.updateAgentBack.timer=false
[G][06-26 11:20:00][ga] game.updateMemberBack.timer=false
[G][06-26 11:20:10][ga] game.updateAgentBack.timer=false
[G][06-26 11:21:00][ga] game.updateMemberBack.timer=false
[G][06-26 11:21:10][ga] game.updateAgentBack.timer=false
[G][06-26 11:22:00][ga] game.updateMemberBack.timer=false
[G][06-26 11:22:10][ga] game.updateAgentBack.timer=false
[G][06-26 11:23:00][ga] game.updateMemberBack.timer=false
[G][06-26 11:23:10][ga] game.updateAgentBack.timer=false
[G][06-26 11:24:00][ga] game.updateMemberBack.timer=false
[G][06-26 11:24:10][ga] game.updateAgentBack.timer=false
[G][06-26 11:25:00][ga] game.updateMemberBack.timer=false
[G][06-26 11:25:10][ga] game.updateAgentBack.timer=false
[G][06-26 11:26:00][ga] game.updateMemberBack.timer=false
[G][06-26 11:26:10][ga] game.updateAgentBack.timer=false
[G][06-26 11:27:00][ga] game.updateMemberBack.timer=false
[G][06-26 11:27:10][ga] game.updateAgentBack.timer=false
[G][06-26 11:28:00][ga] game.updateMemberBack.timer=false
[G][06-26 11:28:10][ga] game.updateAgentBack.timer=false
[G][06-26 11:29:00][ga] game.updateMemberBack.timer=false
[G][06-26 11:29:10][ga] game.updateAgentBack.timer=false
[G][06-26 11:30:00][ga] game.updateMemberBack.timer=false
[G][06-26 11:30:10][ga] game.updateAgentBack.timer=false
[G][06-26 11:31:00][ga] game.updateMemberBack.timer=false
[G][06-26 11:31:10][ga] game.updateAgentBack.timer=false
[G][06-26 11:32:00][ga] game.updateMemberBack.timer=false
[G][06-26 11:32:10][ga] game.updateAgentBack.timer=false
[G][06-26 11:33:00][ga] game.updateMemberBack.timer=false
[G][06-26 11:33:10][ga] game.updateAgentBack.timer=false
[G][06-26 11:34:00][ga] game.updateMemberBack.timer=false
[G][06-26 11:34:10][ga] game.updateAgentBack.timer=false
[G][06-26 11:35:00][ga] game.updateMemberBack.timer=false
[G][06-26 11:35:10][ga] game.updateAgentBack.timer=false
[G][06-26 11:36:00][ga] game.updateMemberBack.timer=false
[G][06-26 11:36:10][ga] game.updateAgentBack.timer=false
[G][06-26 11:37:00][ga] game.updateMemberBack.timer=false
[G][06-26 11:37:10][ga] game.updateAgentBack.timer=false
[G][06-26 11:38:00][ga] game.updateMemberBack.timer=false
[G][06-26 11:38:10][ga] game.updateAgentBack.timer=false
[G][06-26 11:39:00][ga] game.updateMemberBack.timer=false
[G][06-26 11:39:10][ga] game.updateAgentBack.timer=false
[G][06-26 11:40:00][ga] game.updateMemberBack.timer=false
[G][06-26 11:40:10][ga] game.updateAgentBack.timer=false
[G][06-26 11:41:00][ga] game.updateMemberBack.timer=false
[G][06-26 11:41:10][ga] game.updateAgentBack.timer=false
[G][06-26 11:42:00][ga] game.updateMemberBack.timer=false
[G][06-26 11:42:10][ga] game.updateAgentBack.timer=false
[G][06-26 11:43:00][ga] game.updateMemberBack.timer=false
[G][06-26 11:43:10][ga] game.updateAgentBack.timer=false
[G][06-26 11:44:00][ga] game.updateMemberBack.timer=false
[G][06-26 11:44:10][ga] game.updateAgentBack.timer=false
[G][06-26 11:45:00][ga] game.updateMemberBack.timer=false
[G][06-26 11:45:10][ga] game.updateAgentBack.timer=false
[G][06-26 11:46:00][ga] game.updateMemberBack.timer=false
[G][06-26 11:46:10][ga] game.updateAgentBack.timer=false
[G][06-26 11:47:00][ga] game.updateMemberBack.timer=false
[G][06-26 11:47:10][ga] game.updateAgentBack.timer=false
[G][06-26 11:48:00][ga] game.updateMemberBack.timer=false
[G][06-26 11:48:10][ga] game.updateAgentBack.timer=false
[G][06-26 11:49:00][ga] game.updateMemberBack.timer=false
[G][06-26 11:49:10][ga] game.updateAgentBack.timer=false
[G][06-26 11:50:00][ga] game.updateMemberBack.timer=false
[G][06-26 11:50:10][ga] game.updateAgentBack.timer=false
[G][06-26 11:51:00][ga] game.updateMemberBack.timer=false
[G][06-26 11:51:10][ga] game.updateAgentBack.timer=false
[G][06-26 11:52:00][ga] game.updateMemberBack.timer=false
[G][06-26 11:52:10][ga] game.updateAgentBack.timer=false
[G][06-26 11:53:00][ga] game.updateMemberBack.timer=false
[G][06-26 11:53:10][ga] game.updateAgentBack.timer=false
[G][06-26 11:54:00][ga] game.updateMemberBack.timer=false
[G][06-26 11:54:10][ga] game.updateAgentBack.timer=false
[G][06-26 11:55:00][ga] game.updateMemberBack.timer=false
[G][06-26 11:55:10][ga] game.updateAgentBack.timer=false
[G][06-26 11:56:00][ga] game.updateMemberBack.timer=false
[G][06-26 11:56:10][ga] game.updateAgentBack.timer=false
[G][06-26 11:57:00][ga] game.updateMemberBack.timer=false
[G][06-26 11:57:10][ga] game.updateAgentBack.timer=false
[G][06-26 11:58:00][ga] game.updateMemberBack.timer=false
[G][06-26 11:58:10][ga] game.updateAgentBack.timer=false
[G][06-26 11:59:00][ga] game.updateMemberBack.timer=false
[G][06-26 11:59:10][ga] game.updateAgentBack.timer=false
[G][06-26 12:00:00][ga] game.updateMemberBack.timer=false
[G][06-26 12:00:10][ga] game.updateAgentBack.timer=false
[G][06-26 12:01:00][ga] game.updateMemberBack.timer=false
[G][06-26 12:01:10][ga] game.updateAgentBack.timer=false
[G][06-26 12:02:00][ga] game.updateMemberBack.timer=false
[G][06-26 12:02:10][ga] game.updateAgentBack.timer=false
[G][06-26 12:03:00][ga] game.updateMemberBack.timer=false
[G][06-26 12:03:10][ga] game.updateAgentBack.timer=false
[G][06-26 12:04:00][ga] game.updateMemberBack.timer=false
[G][06-26 12:04:10][ga] game.updateAgentBack.timer=false
[G][06-26 12:05:00][ga] game.updateMemberBack.timer=false
[G][06-26 12:05:10][ga] game.updateAgentBack.timer=false
[G][06-26 12:06:00][ga] game.updateMemberBack.timer=false
[G][06-26 12:06:10][ga] game.updateAgentBack.timer=false
[G][06-26 12:07:00][ga] game.updateMemberBack.timer=false
[G][06-26 12:07:10][ga] game.updateAgentBack.timer=false
[G][06-26 12:08:00][ga] game.updateMemberBack.timer=false
[G][06-26 12:08:10][ga] game.updateAgentBack.timer=false
[G][06-26 12:09:00][ga] game.updateMemberBack.timer=false
[G][06-26 12:09:10][ga] game.updateAgentBack.timer=false
[G][06-26 12:10:00][ga] game.updateMemberBack.timer=false
[G][06-26 12:10:10][ga] game.updateAgentBack.timer=false
[G][06-26 12:11:00][ga] game.updateMemberBack.timer=false
[G][06-26 12:11:10][ga] game.updateAgentBack.timer=false
[G][06-26 12:12:00][ga] game.updateMemberBack.timer=false
[G][06-26 12:12:10][ga] game.updateAgentBack.timer=false
[G][06-26 12:13:00][ga] game.updateMemberBack.timer=false
[G][06-26 12:13:10][ga] game.updateAgentBack.timer=false
[G][06-26 12:14:00][ga] game.updateMemberBack.timer=false
[G][06-26 12:14:10][ga] game.updateAgentBack.timer=false
[G][06-26 12:15:00][ga] game.updateMemberBack.timer=false
[G][06-26 12:15:10][ga] game.updateAgentBack.timer=false
[G][06-26 12:16:00][ga] game.updateMemberBack.timer=false
[G][06-26 12:16:10][ga] game.updateAgentBack.timer=false
[G][06-26 12:17:00][ga] game.updateMemberBack.timer=false
[G][06-26 12:17:10][ga] game.updateAgentBack.timer=false
[G][06-26 12:18:00][ga] game.updateMemberBack.timer=false
[G][06-26 12:18:10][ga] game.updateAgentBack.timer=false
[G][06-26 12:19:00][ga] game.updateMemberBack.timer=false
[G][06-26 12:19:10][ga] game.updateAgentBack.timer=false
[G][06-26 12:20:00][ga] game.updateMemberBack.timer=false
[G][06-26 12:20:10][ga] game.updateAgentBack.timer=false
[G][06-26 12:21:00][ga] game.updateMemberBack.timer=false
[G][06-26 12:21:10][ga] game.updateAgentBack.timer=false
[G][06-26 12:22:00][ga] game.updateMemberBack.timer=false
[G][06-26 12:22:10][ga] game.updateAgentBack.timer=false
[G][06-26 12:23:00][ga] game.updateMemberBack.timer=false
[G][06-26 12:23:10][ga] game.updateAgentBack.timer=false
[G][06-26 12:24:00][ga] game.updateMemberBack.timer=false
[G][06-26 12:24:10][ga] game.updateAgentBack.timer=false
[G][06-26 12:25:00][ga] game.updateMemberBack.timer=false
[G][06-26 12:25:10][ga] game.updateAgentBack.timer=false
[G][06-26 12:26:00][ga] game.updateMemberBack.timer=false
[G][06-26 12:26:10][ga] game.updateAgentBack.timer=false
[G][06-26 12:27:00][ga] game.updateMemberBack.timer=false
[G][06-26 12:27:10][ga] game.updateAgentBack.timer=false
[G][06-26 12:28:00][ga] game.updateMemberBack.timer=false
[G][06-26 12:28:10][ga] game.updateAgentBack.timer=false
[G][06-26 12:29:00][ga] game.updateMemberBack.timer=false
[G][06-26 12:29:10][ga] game.updateAgentBack.timer=false
[G][06-26 12:30:00][ga] game.updateMemberBack.timer=false
[G][06-26 12:30:10][ga] game.updateAgentBack.timer=false
[G][06-26 12:31:00][ga] game.updateMemberBack.timer=false
[G][06-26 12:31:10][ga] game.updateAgentBack.timer=false
[G][06-26 12:32:00][ga] game.updateMemberBack.timer=false
[G][06-26 12:32:10][ga] game.updateAgentBack.timer=false
[G][06-26 12:33:00][ga] game.updateMemberBack.timer=false
[G][06-26 12:33:10][ga] game.updateAgentBack.timer=false
[G][06-26 12:34:00][ga] game.updateMemberBack.timer=false
[G][06-26 12:34:10][ga] game.updateAgentBack.timer=false
[G][06-26 12:35:00][ga] game.updateMemberBack.timer=false
[G][06-26 12:35:10][ga] game.updateAgentBack.timer=false
[G][06-26 12:36:00][ga] game.updateMemberBack.timer=false
[G][06-26 12:36:10][ga] game.updateAgentBack.timer=false
[G][06-26 12:37:00][ga] game.updateMemberBack.timer=false
[G][06-26 12:37:10][ga] game.updateAgentBack.timer=false
[G][06-26 12:38:00][ga] game.updateMemberBack.timer=false
[G][06-26 12:38:10][ga] game.updateAgentBack.timer=false
[G][06-26 12:39:00][ga] game.updateMemberBack.timer=false
[G][06-26 12:39:10][ga] game.updateAgentBack.timer=false
[G][06-26 12:40:00][ga] game.updateMemberBack.timer=false
[G][06-26 12:40:10][ga] game.updateAgentBack.timer=false
[G][06-26 12:41:00][ga] game.updateMemberBack.timer=false
[G][06-26 12:41:10][ga] game.updateAgentBack.timer=false
[G][06-26 12:42:00][ga] game.updateMemberBack.timer=false
[G][06-26 12:42:10][ga] game.updateAgentBack.timer=false
[G][06-26 12:43:00][ga] game.updateMemberBack.timer=false
[G][06-26 12:43:10][ga] game.updateAgentBack.timer=false
[G][06-26 12:44:00][ga] game.updateMemberBack.timer=false
[G][06-26 12:44:10][ga] game.updateAgentBack.timer=false
[G][06-26 12:45:00][ga] game.updateMemberBack.timer=false
[G][06-26 12:45:10][ga] game.updateAgentBack.timer=false
[G][06-26 12:46:00][ga] game.updateMemberBack.timer=false
[G][06-26 12:46:10][ga] game.updateAgentBack.timer=false
[G][06-26 12:47:00][ga] game.updateMemberBack.timer=false
[G][06-26 12:47:10][ga] game.updateAgentBack.timer=false
[G][06-26 12:48:00][ga] game.updateMemberBack.timer=false
[G][06-26 12:48:10][ga] game.updateAgentBack.timer=false
[G][06-26 12:49:00][ga] game.updateMemberBack.timer=false
[G][06-26 12:49:10][ga] game.updateAgentBack.timer=false
[G][06-26 12:50:00][ga] game.updateMemberBack.timer=false
[G][06-26 12:50:10][ga] game.updateAgentBack.timer=false
[G][06-26 12:51:00][ga] game.updateMemberBack.timer=false
[G][06-26 12:51:10][ga] game.updateAgentBack.timer=false
[G][06-26 12:52:00][ga] game.updateMemberBack.timer=false
[G][06-26 12:52:10][ga] game.updateAgentBack.timer=false
[G][06-26 12:53:00][ga] game.updateMemberBack.timer=false
[G][06-26 12:53:10][ga] game.updateAgentBack.timer=false
[G][06-26 12:54:00][ga] game.updateMemberBack.timer=false
[G][06-26 12:54:10][ga] game.updateAgentBack.timer=false
[G][06-26 12:55:00][ga] game.updateMemberBack.timer=false
[G][06-26 12:55:10][ga] game.updateAgentBack.timer=false
[G][06-26 12:56:00][ga] game.updateMemberBack.timer=false
[G][06-26 12:56:10][ga] game.updateAgentBack.timer=false
[G][06-26 12:57:00][ga] game.updateMemberBack.timer=false
[G][06-26 12:57:10][ga] game.updateAgentBack.timer=false
[G][06-26 12:57:54][ga] [24795]RedPacket+1 ..... 100.00
[G][06-26 12:57:54][ga] [24795]TurnTable+1 ..... 500.00
[G][06-26 12:58:00][ga] game.updateMemberBack.timer=false
[G][06-26 12:58:10][ga] game.updateAgentBack.timer=false
[G][06-26 12:58:53][ga] [24796]RedPacket+1 ..... 100.00
[G][06-26 12:58:53][ga] [24796]TurnTable+1 ..... 500.00
[G][06-26 12:59:00][ga] game.updateMemberBack.timer=false
[G][06-26 12:59:10][ga] game.updateAgentBack.timer=false
[G][06-26 13:00:00][ga] game.updateMemberBack.timer=false
[G][06-26 13:00:10][ga] game.updateAgentBack.timer=false
[G][06-26 13:01:00][ga] game.updateMemberBack.timer=false
[G][06-26 13:01:10][ga] game.updateAgentBack.timer=false
[G][06-26 13:02:00][ga] game.updateMemberBack.timer=false
[G][06-26 13:02:10][ga] game.updateAgentBack.timer=false
[G][06-26 13:03:00][ga] game.updateMemberBack.timer=false
[G][06-26 13:03:10][ga] game.updateAgentBack.timer=false
[G][06-26 13:04:00][ga] game.updateMemberBack.timer=false
[G][06-26 13:04:10][ga] game.updateAgentBack.timer=false
[G][06-26 13:05:00][ga] game.updateMemberBack.timer=false
[G][06-26 13:05:10][ga] game.updateAgentBack.timer=false
[G][06-26 13:06:00][ga] game.updateMemberBack.timer=false
[G][06-26 13:06:10][ga] game.updateAgentBack.timer=false
[G][06-26 13:07:00][ga] game.updateMemberBack.timer=false
[G][06-26 13:07:10][ga] game.updateAgentBack.timer=false
[G][06-26 13:08:00][ga] game.updateMemberBack.timer=false
[G][06-26 13:08:10][ga] game.updateAgentBack.timer=false
[G][06-26 13:09:00][ga] game.updateMemberBack.timer=false
[G][06-26 13:09:10][ga] game.updateAgentBack.timer=false
[G][06-26 13:10:00][ga] game.updateMemberBack.timer=false
[G][06-26 13:10:10][ga] game.updateAgentBack.timer=false
[G][06-26 13:11:00][ga] game.updateMemberBack.timer=false
[G][06-26 13:11:10][ga] game.updateAgentBack.timer=false
[G][06-26 13:12:00][ga] game.updateMemberBack.timer=false
[G][06-26 13:12:10][ga] game.updateAgentBack.timer=false
[G][06-26 13:13:00][ga] game.updateMemberBack.timer=false
[G][06-26 13:13:10][ga] game.updateAgentBack.timer=false
[G][06-26 13:14:00][ga] game.updateMemberBack.timer=false
[G][06-26 13:14:10][ga] game.updateAgentBack.timer=false
[G][06-26 13:15:00][ga] game.updateMemberBack.timer=false
[G][06-26 13:15:10][ga] game.updateAgentBack.timer=false
[G][06-26 13:16:00][ga] game.updateMemberBack.timer=false
[G][06-26 13:16:10][ga] game.updateAgentBack.timer=false
[G][06-26 13:17:00][ga] game.updateMemberBack.timer=false
[G][06-26 13:17:10][ga] game.updateAgentBack.timer=false
[G][06-26 13:18:00][ga] game.updateMemberBack.timer=false
[G][06-26 13:18:10][ga] game.updateAgentBack.timer=false
[G][06-26 13:19:00][ga] game.updateMemberBack.timer=false
[G][06-26 13:19:10][ga] game.updateAgentBack.timer=false
[G][06-26 13:20:00][ga] game.updateMemberBack.timer=false
[G][06-26 13:20:10][ga] game.updateAgentBack.timer=false
[G][06-26 13:21:00][ga] game.updateMemberBack.timer=false
[G][06-26 13:21:10][ga] game.updateAgentBack.timer=false
[G][06-26 13:22:00][ga] game.updateMemberBack.timer=false
[G][06-26 13:22:10][ga] game.updateAgentBack.timer=false
[G][06-26 13:23:00][ga] game.updateMemberBack.timer=false
[G][06-26 13:23:10][ga] game.updateAgentBack.timer=false
[G][06-26 13:24:00][ga] game.updateMemberBack.timer=false
[G][06-26 13:24:10][ga] game.updateAgentBack.timer=false
[G][06-26 13:25:00][ga] game.updateMemberBack.timer=false
[G][06-26 13:25:10][ga] game.updateAgentBack.timer=false
[G][06-26 13:26:00][ga] game.updateMemberBack.timer=false
[G][06-26 13:26:10][ga] game.updateAgentBack.timer=false
[G][06-26 13:27:00][ga] game.updateMemberBack.timer=false
[G][06-26 13:27:10][ga] game.updateAgentBack.timer=false
[G][06-26 13:28:00][ga] game.updateMemberBack.timer=false
[G][06-26 13:28:10][ga] game.updateAgentBack.timer=false
[G][06-26 13:29:00][ga] game.updateMemberBack.timer=false
[G][06-26 13:29:10][ga] game.updateAgentBack.timer=false
[G][06-26 13:30:00][ga] game.updateMemberBack.timer=false
[G][06-26 13:30:10][ga] game.updateAgentBack.timer=false
[G][06-26 13:31:00][ga] game.updateMemberBack.timer=false
[G][06-26 13:31:10][ga] game.updateAgentBack.timer=false
[G][06-26 13:32:00][ga] game.updateMemberBack.timer=false
[G][06-26 13:32:10][ga] game.updateAgentBack.timer=false
[G][06-26 13:33:00][ga] game.updateMemberBack.timer=false
[G][06-26 13:33:10][ga] game.updateAgentBack.timer=false
[G][06-26 13:34:00][ga] game.updateMemberBack.timer=false
[G][06-26 13:34:10][ga] game.updateAgentBack.timer=false
[G][06-26 13:35:00][ga] game.updateMemberBack.timer=false
[G][06-26 13:35:10][ga] game.updateAgentBack.timer=false
[G][06-26 13:36:00][ga] game.updateMemberBack.timer=false
[G][06-26 13:36:10][ga] game.updateAgentBack.timer=false
[G][06-26 13:37:00][ga] game.updateMemberBack.timer=false
[G][06-26 13:37:10][ga] game.updateAgentBack.timer=false
[G][06-26 13:38:00][ga] game.updateMemberBack.timer=false
[G][06-26 13:38:10][ga] game.updateAgentBack.timer=false
[G][06-26 13:39:00][ga] game.updateMemberBack.timer=false
[G][06-26 13:39:10][ga] game.updateAgentBack.timer=false
[G][06-26 13:40:00][ga] game.updateMemberBack.timer=false
[G][06-26 13:40:10][ga] game.updateAgentBack.timer=false
[G][06-26 13:41:00][ga] game.updateMemberBack.timer=false
[G][06-26 13:41:10][ga] game.updateAgentBack.timer=false
[G][06-26 13:42:00][ga] game.updateMemberBack.timer=false
[G][06-26 13:42:10][ga] game.updateAgentBack.timer=false
[G][06-26 13:43:00][ga] game.updateMemberBack.timer=false
[G][06-26 13:43:10][ga] game.updateAgentBack.timer=false
[G][06-26 13:44:00][ga] game.updateMemberBack.timer=false
[G][06-26 13:44:10][ga] game.updateAgentBack.timer=false
[G][06-26 13:45:00][ga] game.updateMemberBack.timer=false
[G][06-26 13:45:10][ga] game.updateAgentBack.timer=false
[G][06-26 13:46:00][ga] game.updateMemberBack.timer=false
[G][06-26 13:46:10][ga] game.updateAgentBack.timer=false
[G][06-26 13:47:00][ga] game.updateMemberBack.timer=false
[G][06-26 13:47:10][ga] game.updateAgentBack.timer=false
[G][06-26 13:48:00][ga] game.updateMemberBack.timer=false
[G][06-26 13:48:10][ga] game.updateAgentBack.timer=false
[G][06-26 13:49:00][ga] game.updateMemberBack.timer=false
[G][06-26 13:49:10][ga] game.updateAgentBack.timer=false
[G][06-26 13:50:00][ga] game.updateMemberBack.timer=false
[G][06-26 13:50:10][ga] game.updateAgentBack.timer=false
[G][06-26 13:51:00][ga] game.updateMemberBack.timer=false
[G][06-26 13:51:10][ga] game.updateAgentBack.timer=false
[G][06-26 13:52:00][ga] game.updateMemberBack.timer=false
[G][06-26 13:52:10][ga] game.updateAgentBack.timer=false
[G][06-26 13:53:00][ga] game.updateMemberBack.timer=false
[G][06-26 13:53:10][ga] game.updateAgentBack.timer=false
[G][06-26 13:54:00][ga] game.updateMemberBack.timer=false
[G][06-26 13:54:10][ga] game.updateAgentBack.timer=false
[G][06-26 13:55:00][ga] game.updateMemberBack.timer=false
[G][06-26 13:55:10][ga] game.updateAgentBack.timer=false
[G][06-26 13:56:00][ga] game.updateMemberBack.timer=false
[G][06-26 13:56:10][ga] game.updateAgentBack.timer=false
[G][06-26 13:57:00][ga] game.updateMemberBack.timer=false
[G][06-26 13:57:10][ga] game.updateAgentBack.timer=false
[G][06-26 13:58:00][ga] game.updateMemberBack.timer=false
[G][06-26 13:58:10][ga] game.updateAgentBack.timer=false
[G][06-26 13:59:00][ga] game.updateMemberBack.timer=false
[G][06-26 13:59:10][ga] game.updateAgentBack.timer=false
[G][06-26 14:00:00][ga] game.updateMemberBack.timer=false
[G][06-26 14:00:10][ga] game.updateAgentBack.timer=false
[G][06-26 14:01:00][ga] game.updateMemberBack.timer=false
[G][06-26 14:01:10][ga] game.updateAgentBack.timer=false
[G][06-26 14:02:00][ga] game.updateMemberBack.timer=false
[G][06-26 14:02:10][ga] game.updateAgentBack.timer=false
[G][06-26 14:03:00][ga] game.updateMemberBack.timer=false
[G][06-26 14:03:10][ga] game.updateAgentBack.timer=false
[G][06-26 14:04:00][ga] game.updateMemberBack.timer=false
[G][06-26 14:04:10][ga] game.updateAgentBack.timer=false
[G][06-26 14:05:00][ga] game.updateMemberBack.timer=false
[G][06-26 14:05:10][ga] game.updateAgentBack.timer=false
[G][06-26 14:06:00][ga] game.updateMemberBack.timer=false
[G][06-26 14:06:10][ga] game.updateAgentBack.timer=false
[G][06-26 14:07:00][ga] game.updateMemberBack.timer=false
[G][06-26 14:07:10][ga] game.updateAgentBack.timer=false
[G][06-26 14:08:00][ga] game.updateMemberBack.timer=false
[G][06-26 14:08:10][ga] game.updateAgentBack.timer=false
[G][06-26 14:09:00][ga] game.updateMemberBack.timer=false
[G][06-26 14:09:10][ga] game.updateAgentBack.timer=false
[G][06-26 14:10:00][ga] game.updateMemberBack.timer=false
[G][06-26 14:10:10][ga] game.updateAgentBack.timer=false
[G][06-26 14:11:00][ga] game.updateMemberBack.timer=false
[G][06-26 14:11:10][ga] game.updateAgentBack.timer=false
[G][06-26 14:12:00][ga] game.updateMemberBack.timer=false
[G][06-26 14:12:10][ga] game.updateAgentBack.timer=false
[G][06-26 14:13:00][ga] game.updateMemberBack.timer=false
[G][06-26 14:13:10][ga] game.updateAgentBack.timer=false
[G][06-26 14:14:00][ga] game.updateMemberBack.timer=false
[G][06-26 14:14:10][ga] game.updateAgentBack.timer=false
[G][06-26 14:15:00][ga] game.updateMemberBack.timer=false
[G][06-26 14:15:10][ga] game.updateAgentBack.timer=false
[G][06-26 14:16:00][ga] game.updateMemberBack.timer=false
[G][06-26 14:16:10][ga] game.updateAgentBack.timer=false
[G][06-26 14:17:00][ga] game.updateMemberBack.timer=false
[G][06-26 14:17:10][ga] game.updateAgentBack.timer=false
[G][06-26 14:18:00][ga] game.updateMemberBack.timer=false
[G][06-26 14:18:10][ga] game.updateAgentBack.timer=false
[G][06-26 14:19:00][ga] game.updateMemberBack.timer=false
[G][06-26 14:19:10][ga] game.updateAgentBack.timer=false
[G][06-26 14:20:00][ga] game.updateMemberBack.timer=false
[G][06-26 14:20:10][ga] game.updateAgentBack.timer=false
[G][06-26 14:21:00][ga] game.updateMemberBack.timer=false
[G][06-26 14:21:10][ga] game.updateAgentBack.timer=false
[G][06-26 14:22:00][ga] game.updateMemberBack.timer=false
[G][06-26 14:22:10][ga] game.updateAgentBack.timer=false
[G][06-26 14:23:00][ga] game.updateMemberBack.timer=false
[G][06-26 14:23:10][ga] game.updateAgentBack.timer=false
[G][06-26 14:24:00][ga] game.updateMemberBack.timer=false
[G][06-26 14:24:10][ga] game.updateAgentBack.timer=false
[G][06-26 14:25:00][ga] game.updateMemberBack.timer=false
[G][06-26 14:25:10][ga] game.updateAgentBack.timer=false
[G][06-26 14:26:00][ga] game.updateMemberBack.timer=false
[G][06-26 14:26:10][ga] game.updateAgentBack.timer=false
[G][06-26 14:27:00][ga] game.updateMemberBack.timer=false
[G][06-26 14:27:10][ga] game.updateAgentBack.timer=false
[G][06-26 14:28:00][ga] game.updateMemberBack.timer=false
[G][06-26 14:28:10][ga] game.updateAgentBack.timer=false
[G][06-26 14:29:00][ga] game.updateMemberBack.timer=false
[G][06-26 14:29:10][ga] game.updateAgentBack.timer=false
[G][06-26 14:30:00][ga] game.updateMemberBack.timer=false
[G][06-26 14:30:10][ga] game.updateAgentBack.timer=false
[G][06-26 14:31:00][ga] game.updateMemberBack.timer=false
[G][06-26 14:31:10][ga] game.updateAgentBack.timer=false
[G][06-26 14:32:00][ga] game.updateMemberBack.timer=false
[G][06-26 14:32:10][ga] game.updateAgentBack.timer=false
[G][06-26 14:33:00][ga] game.updateMemberBack.timer=false
[G][06-26 14:33:10][ga] game.updateAgentBack.timer=false
[G][06-26 14:34:00][ga] game.updateMemberBack.timer=false
[G][06-26 14:34:10][ga] game.updateAgentBack.timer=false
[G][06-26 14:35:00][ga] game.updateMemberBack.timer=false
[G][06-26 14:35:10][ga] game.updateAgentBack.timer=false
[G][06-26 14:36:00][ga] game.updateMemberBack.timer=false
[G][06-26 14:36:10][ga] game.updateAgentBack.timer=false
[G][06-26 14:37:00][ga] game.updateMemberBack.timer=false
[G][06-26 14:37:10][ga] game.updateAgentBack.timer=false
[G][06-26 14:38:00][ga] game.updateMemberBack.timer=false
[G][06-26 14:38:10][ga] game.updateAgentBack.timer=false
[G][06-26 14:39:00][ga] game.updateMemberBack.timer=false
[G][06-26 14:39:10][ga] game.updateAgentBack.timer=false
[G][06-26 14:40:00][ga] game.updateMemberBack.timer=false
[G][06-26 14:40:10][ga] game.updateAgentBack.timer=false
[G][06-26 14:41:00][ga] game.updateMemberBack.timer=false
[G][06-26 14:41:10][ga] game.updateAgentBack.timer=false
[G][06-26 14:42:00][ga] game.updateMemberBack.timer=false
[G][06-26 14:42:10][ga] game.updateAgentBack.timer=false
[G][06-26 14:43:00][ga] game.updateMemberBack.timer=false
[G][06-26 14:43:10][ga] game.updateAgentBack.timer=false
[G][06-26 14:44:00][ga] game.updateMemberBack.timer=false
[G][06-26 14:44:10][ga] game.updateAgentBack.timer=false
[G][06-26 14:45:00][ga] game.updateMemberBack.timer=false
[G][06-26 14:45:10][ga] game.updateAgentBack.timer=false
[G][06-26 14:46:00][ga] game.updateMemberBack.timer=false
[G][06-26 14:46:10][ga] game.updateAgentBack.timer=false
[G][06-26 14:47:00][ga] game.updateMemberBack.timer=false
[G][06-26 14:47:10][ga] game.updateAgentBack.timer=false
[G][06-26 14:48:00][ga] game.updateMemberBack.timer=false
[G][06-26 14:48:10][ga] game.updateAgentBack.timer=false
[G][06-26 14:49:00][ga] game.updateMemberBack.timer=false
[G][06-26 14:49:10][ga] game.updateAgentBack.timer=false
[G][06-26 14:50:00][ga] game.updateMemberBack.timer=false
[G][06-26 14:50:10][ga] game.updateAgentBack.timer=false
[G][06-26 14:51:00][ga] game.updateMemberBack.timer=false
[G][06-26 14:51:10][ga] game.updateAgentBack.timer=false
[G][06-26 14:52:00][ga] game.updateMemberBack.timer=false
[G][06-26 14:52:10][ga] game.updateAgentBack.timer=false
[G][06-26 14:53:00][ga] game.updateMemberBack.timer=false
[G][06-26 14:53:10][ga] game.updateAgentBack.timer=false
[G][06-26 14:54:00][ga] game.updateMemberBack.timer=false
[G][06-26 14:54:10][ga] game.updateAgentBack.timer=false
[G][06-26 14:55:00][ga] game.updateMemberBack.timer=false
[G][06-26 14:55:10][ga] game.updateAgentBack.timer=false
[G][06-26 14:56:00][ga] game.updateMemberBack.timer=false
[G][06-26 14:56:10][ga] game.updateAgentBack.timer=false
[G][06-26 14:57:00][ga] game.updateMemberBack.timer=false
[G][06-26 14:57:10][ga] game.updateAgentBack.timer=false
[G][06-26 14:58:00][ga] game.updateMemberBack.timer=false
[G][06-26 14:58:10][ga] game.updateAgentBack.timer=false
[G][06-26 14:59:00][ga] game.updateMemberBack.timer=false
[G][06-26 14:59:10][ga] game.updateAgentBack.timer=false
[G][06-26 15:00:00][ga] game.updateMemberBack.timer=false
[G][06-26 15:00:10][ga] game.updateAgentBack.timer=false
[G][06-26 15:01:00][ga] game.updateMemberBack.timer=false
[G][06-26 15:01:10][ga] game.updateAgentBack.timer=false
[G][06-26 15:02:00][ga] game.updateMemberBack.timer=false
[G][06-26 15:02:10][ga] game.updateAgentBack.timer=false
[G][06-26 15:03:00][ga] game.updateMemberBack.timer=false
[G][06-26 15:03:10][ga] game.updateAgentBack.timer=false
[G][06-26 15:04:00][ga] game.updateMemberBack.timer=false
[G][06-26 15:04:10][ga] game.updateAgentBack.timer=false
[G][06-26 15:05:00][ga] game.updateMemberBack.timer=false
[G][06-26 15:05:10][ga] game.updateAgentBack.timer=false
[G][06-26 15:06:00][ga] game.updateMemberBack.timer=false
[G][06-26 15:06:10][ga] game.updateAgentBack.timer=false
[G][06-26 15:07:00][ga] game.updateMemberBack.timer=false
[G][06-26 15:07:10][ga] game.updateAgentBack.timer=false
[G][06-26 15:08:00][ga] game.updateMemberBack.timer=false
[G][06-26 15:08:10][ga] game.updateAgentBack.timer=false
[G][06-26 15:09:00][ga] game.updateMemberBack.timer=false
[G][06-26 15:09:10][ga] game.updateAgentBack.timer=false
[G][06-26 15:10:00][ga] game.updateMemberBack.timer=false
[G][06-26 15:10:10][ga] game.updateAgentBack.timer=false
[G][06-26 15:11:00][ga] game.updateMemberBack.timer=false
[G][06-26 15:11:10][ga] game.updateAgentBack.timer=false
[G][06-26 15:12:00][ga] game.updateMemberBack.timer=false
[G][06-26 15:12:10][ga] game.updateAgentBack.timer=false
[G][06-26 15:13:00][ga] game.updateMemberBack.timer=false
[G][06-26 15:13:10][ga] game.updateAgentBack.timer=false
[G][06-26 15:14:00][ga] game.updateMemberBack.timer=false
[G][06-26 15:14:10][ga] game.updateAgentBack.timer=false
[G][06-26 15:15:00][ga] game.updateMemberBack.timer=false
[G][06-26 15:15:10][ga] game.updateAgentBack.timer=false
[G][06-26 15:16:00][ga] game.updateMemberBack.timer=false
[G][06-26 15:16:10][ga] game.updateAgentBack.timer=false
[G][06-26 15:17:00][ga] game.updateMemberBack.timer=false
[G][06-26 15:17:10][ga] game.updateAgentBack.timer=false
[G][06-26 15:18:00][ga] game.updateMemberBack.timer=false
[G][06-26 15:18:10][ga] game.updateAgentBack.timer=false
[G][06-26 15:18:57][ga] DesUtils.decryptMap.ERROR=>Cipher not initialized
[G][06-26 15:18:57][ga] DesUtils.decryptMap.strIn=>e75f077fd4727c2136dcb734fe580cd826d625e4a99c5511617c86cbeda88971e91764e50e1e1ce667ec5502404ddb9ba42e856c99fca369f84b95eafc1938a28f227e79fc49cea3
[G][06-26 15:19:00][ga] game.updateMemberBack.timer=false
[G][06-26 15:19:10][ga] game.updateAgentBack.timer=false
[G][06-26 15:20:00][ga] game.updateMemberBack.timer=false
[G][06-26 15:20:10][ga] game.updateAgentBack.timer=false
[G][06-26 15:21:00][ga] game.updateMemberBack.timer=false
[G][06-26 15:21:10][ga] game.updateAgentBack.timer=false
[G][06-26 15:22:00][ga] game.updateMemberBack.timer=false
[G][06-26 15:22:10][ga] game.updateAgentBack.timer=false
[G][06-26 15:23:00][ga] game.updateMemberBack.timer=false
[G][06-26 15:23:10][ga] game.updateAgentBack.timer=false
[G][06-26 15:24:00][ga] game.updateMemberBack.timer=false
[G][06-26 15:24:10][ga] game.updateAgentBack.timer=false
[G][06-26 15:25:00][ga] game.updateMemberBack.timer=false
[G][06-26 15:25:10][ga] game.updateAgentBack.timer=false
[G][06-26 15:26:00][ga] game.updateMemberBack.timer=false
[G][06-26 15:26:10][ga] game.updateAgentBack.timer=false
[G][06-26 15:27:00][ga] game.updateMemberBack.timer=false
[G][06-26 15:27:10][ga] game.updateAgentBack.timer=false
[G][06-26 15:28:00][ga] game.updateMemberBack.timer=false
[G][06-26 15:28:10][ga] game.updateAgentBack.timer=false
[G][06-26 15:29:00][ga] game.updateMemberBack.timer=false
[G][06-26 15:29:10][ga] game.updateAgentBack.timer=false
[G][06-26 15:30:00][ga] game.updateMemberBack.timer=false
[G][06-26 15:30:10][ga] game.updateAgentBack.timer=false
[G][06-26 15:31:00][ga] game.updateMemberBack.timer=false
[G][06-26 15:31:10][ga] game.updateAgentBack.timer=false
[G][06-26 15:32:00][ga] game.updateMemberBack.timer=false
[G][06-26 15:32:10][ga] game.updateAgentBack.timer=false
[G][06-26 15:33:00][ga] game.updateMemberBack.timer=false
[G][06-26 15:33:10][ga] game.updateAgentBack.timer=false
[G][06-26 15:34:00][ga] game.updateMemberBack.timer=false
[G][06-26 15:34:10][ga] game.updateAgentBack.timer=false
[G][06-26 15:35:00][ga] game.updateMemberBack.timer=false
[G][06-26 15:35:10][ga] game.updateAgentBack.timer=false
[G][06-26 15:36:00][ga] game.updateMemberBack.timer=false
[G][06-26 15:36:10][ga] game.updateAgentBack.timer=false
[G][06-26 15:37:00][ga] game.updateMemberBack.timer=false
[G][06-26 15:37:10][ga] game.updateAgentBack.timer=false
[G][06-26 15:38:00][ga] game.updateMemberBack.timer=false
[G][06-26 15:38:10][ga] game.updateAgentBack.timer=false
[G][06-26 15:39:00][ga] game.updateMemberBack.timer=false
[G][06-26 15:39:10][ga] game.updateAgentBack.timer=false
[G][06-26 15:40:00][ga] game.updateMemberBack.timer=false
[G][06-26 15:40:10][ga] game.updateAgentBack.timer=false
[G][06-26 15:41:00][ga] game.updateMemberBack.timer=false
[G][06-26 15:41:10][ga] game.updateAgentBack.timer=false
[G][06-26 15:42:00][ga] game.updateMemberBack.timer=false
[G][06-26 15:42:10][ga] game.updateAgentBack.timer=false
[G][06-26 15:43:00][ga] game.updateMemberBack.timer=false
[G][06-26 15:43:10][ga] game.updateAgentBack.timer=false
[G][06-26 15:44:00][ga] game.updateMemberBack.timer=false
[G][06-26 15:44:10][ga] game.updateAgentBack.timer=false
[G][06-26 15:45:00][ga] game.updateMemberBack.timer=false
[G][06-26 15:45:10][ga] game.updateAgentBack.timer=false
[G][06-26 15:46:00][ga] game.updateMemberBack.timer=false
[G][06-26 15:46:10][ga] game.updateAgentBack.timer=false
[G][06-26 15:47:00][ga] game.updateMemberBack.timer=false
[G][06-26 15:47:10][ga] game.updateAgentBack.timer=false
[G][06-26 15:48:00][ga] game.updateMemberBack.timer=false
[G][06-26 15:48:10][ga] game.updateAgentBack.timer=false
[G][06-26 15:49:00][ga] game.updateMemberBack.timer=false
[G][06-26 15:49:10][ga] game.updateAgentBack.timer=false
[G][06-26 15:50:00][ga] game.updateMemberBack.timer=false
[G][06-26 15:50:10][ga] game.updateAgentBack.timer=false
[G][06-26 15:51:00][ga] game.updateMemberBack.timer=false
[G][06-26 15:51:10][ga] game.updateAgentBack.timer=false
[G][06-26 15:52:00][ga] game.updateMemberBack.timer=false
[G][06-26 15:52:10][ga] game.updateAgentBack.timer=false
[G][06-26 15:53:00][ga] game.updateMemberBack.timer=false
[G][06-26 15:53:10][ga] game.updateAgentBack.timer=false
[G][06-26 15:54:00][ga] game.updateMemberBack.timer=false
[G][06-26 15:54:10][ga] game.updateAgentBack.timer=false
[G][06-26 15:55:00][ga] game.updateMemberBack.timer=false
[G][06-26 15:55:10][ga] game.updateAgentBack.timer=false
[G][06-26 15:56:00][ga] game.updateMemberBack.timer=false
[G][06-26 15:56:10][ga] game.updateAgentBack.timer=false
[G][06-26 15:57:00][ga] game.updateMemberBack.timer=false
[G][06-26 15:57:10][ga] game.updateAgentBack.timer=false
[G][06-26 15:58:00][ga] game.updateMemberBack.timer=false
[G][06-26 15:58:10][ga] game.updateAgentBack.timer=false
[G][06-26 15:59:00][ga] game.updateMemberBack.timer=false
[G][06-26 15:59:10][ga] game.updateAgentBack.timer=false
[G][06-26 16:00:00][ga] game.updateMemberBack.timer=false
[G][06-26 16:00:10][ga] game.updateAgentBack.timer=false
[G][06-26 16:01:00][ga] game.updateMemberBack.timer=false
[G][06-26 16:01:10][ga] game.updateAgentBack.timer=false
[G][06-26 16:02:00][ga] game.updateMemberBack.timer=false
[G][06-26 16:02:10][ga] game.updateAgentBack.timer=false
[G][06-26 16:03:00][ga] game.updateMemberBack.timer=false
[G][06-26 16:03:10][ga] game.updateAgentBack.timer=false
[G][06-26 16:04:00][ga] game.updateMemberBack.timer=false
[G][06-26 16:04:10][ga] game.updateAgentBack.timer=false
[G][06-26 16:05:00][ga] game.updateMemberBack.timer=false
[G][06-26 16:05:10][ga] game.updateAgentBack.timer=false
[G][06-26 16:06:00][ga] game.updateMemberBack.timer=false
[G][06-26 16:06:10][ga] game.updateAgentBack.timer=false
[G][06-26 16:07:00][ga] game.updateMemberBack.timer=false
[G][06-26 16:07:10][ga] game.updateAgentBack.timer=false
[G][06-26 16:08:00][ga] game.updateMemberBack.timer=false
[G][06-26 16:08:10][ga] game.updateAgentBack.timer=false
[G][06-26 16:09:00][ga] game.updateMemberBack.timer=false
[G][06-26 16:09:10][ga] game.updateAgentBack.timer=false
[G][06-26 16:10:00][ga] game.updateMemberBack.timer=false
[G][06-26 16:10:10][ga] game.updateAgentBack.timer=false
[G][06-26 16:11:00][ga] game.updateMemberBack.timer=false
[G][06-26 16:11:10][ga] game.updateAgentBack.timer=false
[G][06-26 16:12:00][ga] game.updateMemberBack.timer=false
[G][06-26 16:12:10][ga] game.updateAgentBack.timer=false
[G][06-26 16:13:00][ga] game.updateMemberBack.timer=false
[G][06-26 16:13:10][ga] game.updateAgentBack.timer=false
[G][06-26 16:14:00][ga] game.updateMemberBack.timer=false
[G][06-26 16:14:10][ga] game.updateAgentBack.timer=false
[G][06-26 16:15:00][ga] game.updateMemberBack.timer=false
[G][06-26 16:15:10][ga] game.updateAgentBack.timer=false
[G][06-26 16:16:00][ga] game.updateMemberBack.timer=false
[G][06-26 16:16:10][ga] game.updateAgentBack.timer=false
[G][06-26 16:17:00][ga] game.updateMemberBack.timer=false
[G][06-26 16:17:10][ga] game.updateAgentBack.timer=false
[G][06-26 16:18:00][ga] game.updateMemberBack.timer=false
[G][06-26 16:18:10][ga] game.updateAgentBack.timer=false
[G][06-26 16:19:00][ga] game.updateMemberBack.timer=false
[G][06-26 16:19:10][ga] game.updateAgentBack.timer=false
[G][06-26 16:20:00][ga] game.updateMemberBack.timer=false
[G][06-26 16:20:10][ga] game.updateAgentBack.timer=false
[G][06-26 16:21:00][ga] game.updateMemberBack.timer=false
[G][06-26 16:21:10][ga] game.updateAgentBack.timer=false
[G][06-26 16:22:00][ga] game.updateMemberBack.timer=false
[G][06-26 16:22:10][ga] game.updateAgentBack.timer=false
[G][06-26 16:23:00][ga] game.updateMemberBack.timer=false
[G][06-26 16:23:10][ga] game.updateAgentBack.timer=false
[G][06-26 16:24:00][ga] game.updateMemberBack.timer=false
[G][06-26 16:24:10][ga] game.updateAgentBack.timer=false
[G][06-26 16:25:00][ga] game.updateMemberBack.timer=false
[G][06-26 16:25:10][ga] game.updateAgentBack.timer=false
[G][06-26 16:26:00][ga] game.updateMemberBack.timer=false
[G][06-26 16:26:10][ga] game.updateAgentBack.timer=false
[G][06-26 16:27:00][ga] game.updateMemberBack.timer=false
[G][06-26 16:27:10][ga] game.updateAgentBack.timer=false
[G][06-26 16:28:00][ga] game.updateMemberBack.timer=false
[G][06-26 16:28:10][ga] game.updateAgentBack.timer=false
[G][06-26 16:29:00][ga] game.updateMemberBack.timer=false
[G][06-26 16:29:10][ga] game.updateAgentBack.timer=false
[G][06-26 16:30:00][ga] game.updateMemberBack.timer=false
[G][06-26 16:30:10][ga] game.updateAgentBack.timer=false
[G][06-26 16:31:00][ga] game.updateMemberBack.timer=false
[G][06-26 16:31:10][ga] game.updateAgentBack.timer=false
[G][06-26 16:32:00][ga] game.updateMemberBack.timer=false
[G][06-26 16:32:10][ga] game.updateAgentBack.timer=false
[G][06-26 16:33:00][ga] game.updateMemberBack.timer=false
[G][06-26 16:33:10][ga] game.updateAgentBack.timer=false
[G][06-26 16:34:00][ga] game.updateMemberBack.timer=false
[G][06-26 16:34:10][ga] game.updateAgentBack.timer=false
[G][06-26 16:35:00][ga] game.updateMemberBack.timer=false
[G][06-26 16:35:10][ga] game.updateAgentBack.timer=false
[G][06-26 16:36:00][ga] game.updateMemberBack.timer=false
[G][06-26 16:36:10][ga] game.updateAgentBack.timer=false
[G][06-26 16:37:00][ga] game.updateMemberBack.timer=false
[G][06-26 16:37:10][ga] game.updateAgentBack.timer=false
[G][06-26 16:38:00][ga] game.updateMemberBack.timer=false
[G][06-26 16:38:10][ga] game.updateAgentBack.timer=false
[G][06-26 16:39:00][ga] game.updateMemberBack.timer=false
[G][06-26 16:39:10][ga] game.updateAgentBack.timer=false
[G][06-26 16:40:00][ga] game.updateMemberBack.timer=false
[G][06-26 16:40:10][ga] game.updateAgentBack.timer=false
[G][06-26 16:41:00][ga] game.updateMemberBack.timer=false
[G][06-26 16:41:10][ga] game.updateAgentBack.timer=false
[G][06-26 16:42:00][ga] game.updateMemberBack.timer=false
[G][06-26 16:42:10][ga] game.updateAgentBack.timer=false
[G][06-26 16:43:00][ga] game.updateMemberBack.timer=false
[G][06-26 16:43:10][ga] game.updateAgentBack.timer=false
[G][06-26 16:44:00][ga] game.updateMemberBack.timer=false
[G][06-26 16:44:10][ga] game.updateAgentBack.timer=false
[G][06-26 16:45:00][ga] game.updateMemberBack.timer=false
[G][06-26 16:45:10][ga] game.updateAgentBack.timer=false
[G][06-26 16:46:00][ga] game.updateMemberBack.timer=false
[G][06-26 16:46:10][ga] game.updateAgentBack.timer=false
[G][06-26 16:47:00][ga] game.updateMemberBack.timer=false
[G][06-26 16:47:10][ga] game.updateAgentBack.timer=false
[G][06-26 16:48:00][ga] game.updateMemberBack.timer=false
[G][06-26 16:48:10][ga] game.updateAgentBack.timer=false
[G][06-26 16:49:00][ga] game.updateMemberBack.timer=false
[G][06-26 16:49:10][ga] game.updateAgentBack.timer=false
[G][06-26 16:50:00][ga] game.updateMemberBack.timer=false
[G][06-26 16:50:10][ga] game.updateAgentBack.timer=false
[G][06-26 16:51:00][ga] game.updateMemberBack.timer=false
[G][06-26 16:51:10][ga] game.updateAgentBack.timer=false
[G][06-26 16:52:00][ga] game.updateMemberBack.timer=false
[G][06-26 16:52:10][ga] game.updateAgentBack.timer=false
[G][06-26 16:53:00][ga] game.updateMemberBack.timer=false
[G][06-26 16:53:10][ga] game.updateAgentBack.timer=false
[G][06-26 16:54:00][ga] game.updateMemberBack.timer=false
[G][06-26 16:54:10][ga] game.updateAgentBack.timer=false
[G][06-26 16:55:00][ga] game.updateMemberBack.timer=false
[G][06-26 16:55:10][ga] game.updateAgentBack.timer=false
[G][06-26 16:56:00][ga] game.updateMemberBack.timer=false
[G][06-26 16:56:10][ga] game.updateAgentBack.timer=false
[G][06-26 16:57:00][ga] game.updateMemberBack.timer=false
[G][06-26 16:57:10][ga] game.updateAgentBack.timer=false
[G][06-26 16:58:00][ga] game.updateMemberBack.timer=false
[G][06-26 16:58:10][ga] game.updateAgentBack.timer=false
[G][06-26 16:59:00][ga] game.updateMemberBack.timer=false
[G][06-26 16:59:10][ga] game.updateAgentBack.timer=false
[G][06-26 17:00:00][ga] game.updateMemberBack.timer=false
[G][06-26 17:00:10][ga] game.updateAgentBack.timer=false
[G][06-26 17:01:00][ga] game.updateMemberBack.timer=false
[G][06-26 17:01:10][ga] game.updateAgentBack.timer=false
[G][06-26 17:02:00][ga] game.updateMemberBack.timer=false
[G][06-26 17:02:10][ga] game.updateAgentBack.timer=false
[G][06-26 17:03:00][ga] game.updateMemberBack.timer=false
[G][06-26 17:03:10][ga] game.updateAgentBack.timer=false
[G][06-26 17:04:00][ga] game.updateMemberBack.timer=false
[G][06-26 17:04:10][ga] game.updateAgentBack.timer=false
[G][06-26 17:05:00][ga] game.updateMemberBack.timer=false
[G][06-26 17:05:10][ga] game.updateAgentBack.timer=false
[G][06-26 17:06:00][ga] game.updateMemberBack.timer=false
[G][06-26 17:06:10][ga] game.updateAgentBack.timer=false
[G][06-26 17:07:00][ga] game.updateMemberBack.timer=false
[G][06-26 17:07:10][ga] game.updateAgentBack.timer=false
[G][06-26 17:08:00][ga] game.updateMemberBack.timer=false
[G][06-26 17:08:10][ga] game.updateAgentBack.timer=false
[G][06-26 17:09:00][ga] game.updateMemberBack.timer=false
[G][06-26 17:09:10][ga] game.updateAgentBack.timer=false
[G][06-26 17:10:00][ga] game.updateMemberBack.timer=false
[G][06-26 17:10:10][ga] game.updateAgentBack.timer=false
[G][06-26 17:11:00][ga] game.updateMemberBack.timer=false
[G][06-26 17:11:10][ga] game.updateAgentBack.timer=false
[G][06-26 17:12:00][ga] game.updateMemberBack.timer=false
[G][06-26 17:12:10][ga] game.updateAgentBack.timer=false
[G][06-26 17:13:00][ga] game.updateMemberBack.timer=false
[G][06-26 17:13:10][ga] game.updateAgentBack.timer=false
[G][06-26 17:14:00][ga] game.updateMemberBack.timer=false
[G][06-26 17:14:10][ga] game.updateAgentBack.timer=false
[G][06-26 17:15:00][ga] game.updateMemberBack.timer=false
[G][06-26 17:15:10][ga] game.updateAgentBack.timer=false
[G][06-26 17:16:00][ga] game.updateMemberBack.timer=false
[G][06-26 17:16:10][ga] game.updateAgentBack.timer=false
[G][06-26 17:17:00][ga] game.updateMemberBack.timer=false
[G][06-26 17:17:10][ga] game.updateAgentBack.timer=false
[G][06-26 17:18:00][ga] game.updateMemberBack.timer=false
[G][06-26 17:18:10][ga] game.updateAgentBack.timer=false
[G][06-26 17:19:00][ga] game.updateMemberBack.timer=false
[G][06-26 17:19:10][ga] game.updateAgentBack.timer=false
[G][06-26 17:20:00][ga] game.updateMemberBack.timer=false
[G][06-26 17:20:10][ga] game.updateAgentBack.timer=false
[G][06-26 17:21:00][ga] game.updateMemberBack.timer=false
[G][06-26 17:21:10][ga] game.updateAgentBack.timer=false
[G][06-26 17:22:00][ga] game.updateMemberBack.timer=false
[G][06-26 17:22:10][ga] game.updateAgentBack.timer=false
[G][06-26 17:23:00][ga] game.updateMemberBack.timer=false
[G][06-26 17:23:10][ga] game.updateAgentBack.timer=false
[G][06-26 17:24:00][ga] game.updateMemberBack.timer=false
[G][06-26 17:24:10][ga] game.updateAgentBack.timer=false
[G][06-26 17:25:00][ga] game.updateMemberBack.timer=false
[G][06-26 17:25:10][ga] game.updateAgentBack.timer=false
[G][06-26 17:26:00][ga] game.updateMemberBack.timer=false
[G][06-26 17:26:10][ga] game.updateAgentBack.timer=false
[G][06-26 17:27:00][ga] game.updateMemberBack.timer=false
[G][06-26 17:27:10][ga] game.updateAgentBack.timer=false
[G][06-26 17:28:00][ga] game.updateMemberBack.timer=false
[G][06-26 17:28:10][ga] game.updateAgentBack.timer=false
[G][06-26 17:29:00][ga] game.updateMemberBack.timer=false
[G][06-26 17:29:10][ga] game.updateAgentBack.timer=false
[G][06-26 17:30:00][ga] game.updateMemberBack.timer=false
[G][06-26 17:30:10][ga] game.updateAgentBack.timer=false
[G][06-26 17:31:00][ga] game.updateMemberBack.timer=false
[G][06-26 17:31:10][ga] game.updateAgentBack.timer=false
[G][06-26 17:32:00][ga] game.updateMemberBack.timer=false
[G][06-26 17:32:10][ga] game.updateAgentBack.timer=false
[G][06-26 17:33:00][ga] game.updateMemberBack.timer=false
[G][06-26 17:33:10][ga] game.updateAgentBack.timer=false
[G][06-26 17:34:00][ga] game.updateMemberBack.timer=false
[G][06-26 17:34:10][ga] game.updateAgentBack.timer=false
[G][06-26 17:35:00][ga] game.updateMemberBack.timer=false
[G][06-26 17:35:10][ga] game.updateAgentBack.timer=false
[G][06-26 17:36:00][ga] game.updateMemberBack.timer=false
[G][06-26 17:36:10][ga] game.updateAgentBack.timer=false
[G][06-26 17:37:00][ga] game.updateMemberBack.timer=false
[G][06-26 17:37:10][ga] game.updateAgentBack.timer=false
[G][06-26 17:38:00][ga] game.updateMemberBack.timer=false
[G][06-26 17:38:10][ga] game.updateAgentBack.timer=false
[G][06-26 17:39:00][ga] game.updateMemberBack.timer=false
[G][06-26 17:39:10][ga] game.updateAgentBack.timer=false
[G][06-26 17:40:00][ga] game.updateMemberBack.timer=false
[G][06-26 17:40:10][ga] game.updateAgentBack.timer=false
[G][06-26 17:41:00][ga] game.updateMemberBack.timer=false
[G][06-26 17:41:10][ga] game.updateAgentBack.timer=false
[G][06-26 17:42:00][ga] game.updateMemberBack.timer=false
[G][06-26 17:42:10][ga] game.updateAgentBack.timer=false
[G][06-26 17:43:00][ga] game.updateMemberBack.timer=false
[G][06-26 17:43:10][ga] game.updateAgentBack.timer=false
[G][06-26 17:44:00][ga] game.updateMemberBack.timer=false
[G][06-26 17:44:10][ga] game.updateAgentBack.timer=false
[G][06-26 17:45:00][ga] game.updateMemberBack.timer=false
[G][06-26 17:45:10][ga] game.updateAgentBack.timer=false
[G][06-26 17:46:00][ga] game.updateMemberBack.timer=false
[G][06-26 17:46:10][ga] game.updateAgentBack.timer=false
[G][06-26 17:47:00][ga] game.updateMemberBack.timer=false
[G][06-26 17:47:10][ga] game.updateAgentBack.timer=false
[G][06-26 17:48:00][ga] game.updateMemberBack.timer=false
[G][06-26 17:48:10][ga] game.updateAgentBack.timer=false
[G][06-26 17:49:00][ga] game.updateMemberBack.timer=false
[G][06-26 17:49:10][ga] game.updateAgentBack.timer=false
[G][06-26 17:50:00][ga] game.updateMemberBack.timer=false
[G][06-26 17:50:10][ga] game.updateAgentBack.timer=false
[G][06-26 17:51:00][ga] game.updateMemberBack.timer=false
[G][06-26 17:51:10][ga] game.updateAgentBack.timer=false
[G][06-26 17:52:00][ga] game.updateMemberBack.timer=false
[G][06-26 17:52:10][ga] game.updateAgentBack.timer=false
[G][06-26 17:53:00][ga] game.updateMemberBack.timer=false
[G][06-26 17:53:10][ga] game.updateAgentBack.timer=false
[G][06-26 17:54:00][ga] game.updateMemberBack.timer=false
[G][06-26 17:54:10][ga] game.updateAgentBack.timer=false
[G][06-26 17:55:00][ga] game.updateMemberBack.timer=false
[G][06-26 17:55:10][ga] game.updateAgentBack.timer=false
[G][06-26 17:56:00][ga] game.updateMemberBack.timer=false
[G][06-26 17:56:10][ga] game.updateAgentBack.timer=false
[G][06-26 17:57:00][ga] game.updateMemberBack.timer=false
[G][06-26 17:57:10][ga] game.updateAgentBack.timer=false
[G][06-26 17:58:00][ga] game.updateMemberBack.timer=false
[G][06-26 17:58:10][ga] game.updateAgentBack.timer=false
[G][06-26 17:59:00][ga] game.updateMemberBack.timer=false
[G][06-26 17:59:10][ga] game.updateAgentBack.timer=false
[G][06-26 18:00:00][ga] game.updateMemberBack.timer=false
[G][06-26 18:00:10][ga] game.updateAgentBack.timer=false
[G][06-26 18:01:00][ga] game.updateMemberBack.timer=false
[G][06-26 18:01:10][ga] game.updateAgentBack.timer=false
[G][06-26 18:02:00][ga] game.updateMemberBack.timer=false
[G][06-26 18:02:10][ga] game.updateAgentBack.timer=false
[G][06-26 18:03:00][ga] game.updateMemberBack.timer=false
[G][06-26 18:03:10][ga] game.updateAgentBack.timer=false
[G][06-26 18:04:00][ga] game.updateMemberBack.timer=false
[G][06-26 18:04:10][ga] game.updateAgentBack.timer=false
[G][06-26 18:05:00][ga] game.updateMemberBack.timer=false
[G][06-26 18:05:10][ga] game.updateAgentBack.timer=false
[G][06-26 18:06:00][ga] game.updateMemberBack.timer=false
[G][06-26 18:06:10][ga] game.updateAgentBack.timer=false
[G][06-26 18:07:00][ga] game.updateMemberBack.timer=false
[G][06-26 18:07:10][ga] game.updateAgentBack.timer=false
[G][06-26 18:08:00][ga] game.updateMemberBack.timer=false
[G][06-26 18:08:10][ga] game.updateAgentBack.timer=false
[G][06-26 18:09:00][ga] game.updateMemberBack.timer=false
[G][06-26 18:09:10][ga] game.updateAgentBack.timer=false
[G][06-26 18:10:00][ga] game.updateMemberBack.timer=false
[G][06-26 18:10:10][ga] game.updateAgentBack.timer=false
[G][06-26 18:11:00][ga] game.updateMemberBack.timer=false
[G][06-26 18:11:10][ga] game.updateAgentBack.timer=false
[G][06-26 18:12:00][ga] game.updateMemberBack.timer=false
[G][06-26 18:12:10][ga] game.updateAgentBack.timer=false
[G][06-26 18:13:00][ga] game.updateMemberBack.timer=false
[G][06-26 18:13:10][ga] game.updateAgentBack.timer=false
[G][06-26 18:14:00][ga] game.updateMemberBack.timer=false
[G][06-26 18:14:10][ga] game.updateAgentBack.timer=false
[G][06-26 18:15:00][ga] game.updateMemberBack.timer=false
[G][06-26 18:15:10][ga] game.updateAgentBack.timer=false
[G][06-26 18:16:00][ga] game.updateMemberBack.timer=false
[G][06-26 18:16:10][ga] game.updateAgentBack.timer=false
[G][06-26 18:17:00][ga] game.updateMemberBack.timer=false
[G][06-26 18:17:10][ga] game.updateAgentBack.timer=false
[G][06-26 18:18:00][ga] game.updateMemberBack.timer=false
[G][06-26 18:18:10][ga] game.updateAgentBack.timer=false
[G][06-26 18:19:00][ga] game.updateMemberBack.timer=false
[G][06-26 18:19:10][ga] game.updateAgentBack.timer=false
[G][06-26 18:20:00][ga] game.updateMemberBack.timer=false
[G][06-26 18:20:10][ga] game.updateAgentBack.timer=false
[G][06-26 18:21:00][ga] game.updateMemberBack.timer=false
[G][06-26 18:21:10][ga] game.updateAgentBack.timer=false
[G][06-26 18:22:00][ga] game.updateMemberBack.timer=false
[G][06-26 18:22:10][ga] game.updateAgentBack.timer=false
[G][06-26 18:23:00][ga] game.updateMemberBack.timer=false
[G][06-26 18:23:10][ga] game.updateAgentBack.timer=false
[G][06-26 18:24:00][ga] game.updateMemberBack.timer=false
[G][06-26 18:24:10][ga] game.updateAgentBack.timer=false
[G][06-26 18:25:00][ga] game.updateMemberBack.timer=false
[G][06-26 18:25:10][ga] game.updateAgentBack.timer=false
[G][06-26 18:26:00][ga] game.updateMemberBack.timer=false
[G][06-26 18:26:10][ga] game.updateAgentBack.timer=false
[G][06-26 18:27:00][ga] game.updateMemberBack.timer=false
[G][06-26 18:27:10][ga] game.updateAgentBack.timer=false
[G][06-26 18:28:00][ga] game.updateMemberBack.timer=false
[G][06-26 18:28:10][ga] game.updateAgentBack.timer=false
[G][06-26 18:29:00][ga] game.updateMemberBack.timer=false
[G][06-26 18:29:10][ga] game.updateAgentBack.timer=false
[G][06-26 18:30:00][ga] game.updateMemberBack.timer=false
[G][06-26 18:30:10][ga] game.updateAgentBack.timer=false
