[G][06-08 10:00:00][ga] game.updateMemberBack.timer=false
[G][06-08 10:00:10][ga] game.updateAgentBack.timer=false
[G][06-08 10:01:00][ga] game.updateMemberBack.timer=false
[G][06-08 10:01:10][ga] game.updateAgentBack.timer=false
[G][06-08 10:02:00][ga] game.updateMemberBack.timer=false
[G][06-08 10:02:10][ga] game.updateAgentBack.timer=false
[G][06-08 10:03:00][ga] game.updateMemberBack.timer=false
[G][06-08 10:03:10][ga] game.updateAgentBack.timer=false
[G][06-08 10:04:00][ga] game.updateMemberBack.timer=false
[G][06-08 10:04:10][ga] game.updateAgentBack.timer=false
[G][06-08 10:05:00][ga] game.updateMemberBack.timer=false
[G][06-08 10:05:10][ga] game.updateAgentBack.timer=false
[G][06-08 10:06:00][ga] game.updateMemberBack.timer=false
[G][06-08 10:06:10][ga] game.updateAgentBack.timer=false
[G][06-08 10:07:00][ga] game.updateMemberBack.timer=false
[G][06-08 10:07:10][ga] game.updateAgentBack.timer=false
[G][06-08 10:08:00][ga] game.updateMemberBack.timer=false
[G][06-08 10:08:10][ga] game.updateAgentBack.timer=false
[G][06-08 10:09:00][ga] game.updateMemberBack.timer=false
[G][06-08 10:09:10][ga] game.updateAgentBack.timer=false
[G][06-08 10:10:00][ga] game.updateMemberBack.timer=false
[G][06-08 10:10:10][ga] game.updateAgentBack.timer=false
[G][06-08 10:11:00][ga] game.updateMemberBack.timer=false
[G][06-08 10:11:10][ga] game.updateAgentBack.timer=false
[G][06-08 10:12:10][ga] game.updateAgentBack.timer=false
[G][06-08 10:13:00][ga] game.updateMemberBack.timer=false
[G][06-08 10:13:10][ga] game.updateAgentBack.timer=false
[G][06-08 10:14:00][ga] game.updateMemberBack.timer=false
[G][06-08 10:14:10][ga] game.updateAgentBack.timer=false
[G][06-08 10:15:00][ga] game.updateMemberBack.timer=false
[G][06-08 10:15:10][ga] game.updateAgentBack.timer=false
[G][06-08 10:16:00][ga] game.updateMemberBack.timer=false
[G][06-08 10:16:10][ga] game.updateAgentBack.timer=false
[G][06-08 10:17:00][ga] game.updateMemberBack.timer=false
[G][06-08 10:17:10][ga] game.updateAgentBack.timer=false
[G][06-08 10:18:00][ga] game.updateMemberBack.timer=false
[G][06-08 10:18:10][ga] game.updateAgentBack.timer=false
[G][06-08 10:19:00][ga] game.updateMemberBack.timer=false
[G][06-08 10:19:10][ga] game.updateAgentBack.timer=false
[G][06-08 10:20:00][ga] game.updateMemberBack.timer=false
[G][06-08 10:20:10][ga] game.updateAgentBack.timer=false
[G][06-08 10:21:00][ga] game.updateMemberBack.timer=false
[G][06-08 10:21:10][ga] game.updateAgentBack.timer=false
[G][06-08 10:22:00][ga] game.updateMemberBack.timer=false
[G][06-08 10:22:10][ga] game.updateAgentBack.timer=false
[G][06-08 10:23:00][ga] game.updateMemberBack.timer=false
[G][06-08 10:23:10][ga] game.updateAgentBack.timer=false
[G][06-08 10:24:00][ga] game.updateMemberBack.timer=false
[G][06-08 10:24:10][ga] game.updateAgentBack.timer=false
[G][06-08 10:25:00][ga] game.updateMemberBack.timer=false
[G][06-08 10:25:10][ga] game.updateAgentBack.timer=false
[G][06-08 10:26:00][ga] game.updateMemberBack.timer=false
[G][06-08 10:26:10][ga] game.updateAgentBack.timer=false
[G][06-08 10:27:00][ga] game.updateMemberBack.timer=false
[G][06-08 10:27:10][ga] game.updateAgentBack.timer=false
[G][06-08 10:28:00][ga] game.updateMemberBack.timer=false
[G][06-08 10:28:10][ga] game.updateAgentBack.timer=false
[G][06-08 10:29:00][ga] game.updateMemberBack.timer=false
[G][06-08 10:29:10][ga] game.updateAgentBack.timer=false
[G][06-08 10:30:00][ga] game.updateMemberBack.timer=false
[G][06-08 10:30:10][ga] game.updateAgentBack.timer=false
[G][06-08 10:31:00][ga] game.updateMemberBack.timer=false
[G][06-08 10:31:10][ga] game.updateAgentBack.timer=false
[G][06-08 10:32:00][ga] game.updateMemberBack.timer=false
[G][06-08 10:32:10][ga] game.updateAgentBack.timer=false
[G][06-08 10:33:00][ga] game.updateMemberBack.timer=false
[G][06-08 10:33:10][ga] game.updateAgentBack.timer=false
[G][06-08 10:34:00][ga] game.updateMemberBack.timer=false
[G][06-08 10:34:10][ga] game.updateAgentBack.timer=false
[G][06-08 10:35:00][ga] game.updateMemberBack.timer=false
[G][06-08 10:35:10][ga] game.updateAgentBack.timer=false
[G][06-08 10:36:00][ga] game.updateMemberBack.timer=false
[G][06-08 10:36:10][ga] game.updateAgentBack.timer=false
[G][06-08 10:37:00][ga] game.updateMemberBack.timer=false
[G][06-08 10:37:10][ga] game.updateAgentBack.timer=false
[G][06-08 10:38:00][ga] game.updateMemberBack.timer=false
[G][06-08 10:38:10][ga] game.updateAgentBack.timer=false
[G][06-08 10:39:00][ga] game.updateMemberBack.timer=false
[G][06-08 10:39:10][ga] game.updateAgentBack.timer=false
[G][06-08 10:40:00][ga] game.updateMemberBack.timer=false
[G][06-08 10:40:10][ga] game.updateAgentBack.timer=false
[G][06-08 10:41:00][ga] game.updateMemberBack.timer=false
[G][06-08 10:41:10][ga] game.updateAgentBack.timer=false
[G][06-08 10:42:00][ga] game.updateMemberBack.timer=false
[G][06-08 10:42:10][ga] game.updateAgentBack.timer=false
[G][06-08 10:43:00][ga] game.updateMemberBack.timer=false
[G][06-08 10:43:10][ga] game.updateAgentBack.timer=false
[G][06-08 10:44:00][ga] game.updateMemberBack.timer=false
[G][06-08 10:44:10][ga] game.updateAgentBack.timer=false
[G][06-08 10:45:00][ga] game.updateMemberBack.timer=false
[G][06-08 10:45:10][ga] game.updateAgentBack.timer=false
[G][06-08 10:46:00][ga] game.updateMemberBack.timer=false
[G][06-08 10:46:10][ga] game.updateAgentBack.timer=false
[G][06-08 10:47:00][ga] game.updateMemberBack.timer=false
[G][06-08 10:47:10][ga] game.updateAgentBack.timer=false
[G][06-08 10:48:00][ga] game.updateMemberBack.timer=false
[G][06-08 10:48:10][ga] game.updateAgentBack.timer=false
[G][06-08 10:49:00][ga] game.updateMemberBack.timer=false
[G][06-08 10:49:10][ga] game.updateAgentBack.timer=false
[G][06-08 10:50:00][ga] game.updateMemberBack.timer=false
[G][06-08 10:50:10][ga] game.updateAgentBack.timer=false
[G][06-08 10:51:00][ga] game.updateMemberBack.timer=false
[G][06-08 10:51:10][ga] game.updateAgentBack.timer=false
[G][06-08 10:52:00][ga] game.updateMemberBack.timer=false
[G][06-08 10:52:10][ga] game.updateAgentBack.timer=false
[G][06-08 10:53:00][ga] game.updateMemberBack.timer=false
[G][06-08 10:53:10][ga] game.updateAgentBack.timer=false
[G][06-08 10:54:00][ga] game.updateMemberBack.timer=false
[G][06-08 10:54:10][ga] game.updateAgentBack.timer=false
[G][06-08 10:55:00][ga] game.updateMemberBack.timer=false
[G][06-08 10:55:10][ga] game.updateAgentBack.timer=false
[G][06-08 10:56:00][ga] game.updateMemberBack.timer=false
[G][06-08 10:56:10][ga] game.updateAgentBack.timer=false
[G][06-08 10:57:00][ga] game.updateMemberBack.timer=false
[G][06-08 10:57:10][ga] game.updateAgentBack.timer=false
[G][06-08 10:58:00][ga] game.updateMemberBack.timer=false
[G][06-08 10:58:10][ga] game.updateAgentBack.timer=false
[G][06-08 10:59:00][ga] game.updateMemberBack.timer=false
[G][06-08 10:59:10][ga] game.updateAgentBack.timer=false
[G][06-08 11:00:00][ga] game.updateMemberBack.timer=false
[G][06-08 11:00:10][ga] game.updateAgentBack.timer=false
[G][06-08 11:01:00][ga] game.updateMemberBack.timer=false
[G][06-08 11:01:10][ga] game.updateAgentBack.timer=false
[G][06-08 11:02:00][ga] game.updateMemberBack.timer=false
[G][06-08 11:02:10][ga] game.updateAgentBack.timer=false
[G][06-08 11:03:00][ga] game.updateMemberBack.timer=false
[G][06-08 11:03:10][ga] game.updateAgentBack.timer=false
[G][06-08 11:04:00][ga] game.updateMemberBack.timer=false
[G][06-08 11:04:10][ga] game.updateAgentBack.timer=false
[G][06-08 11:05:00][ga] game.updateMemberBack.timer=false
[G][06-08 11:05:10][ga] game.updateAgentBack.timer=false
[G][06-08 11:06:00][ga] game.updateMemberBack.timer=false
[G][06-08 11:06:10][ga] game.updateAgentBack.timer=false
[G][06-08 11:07:00][ga] game.updateMemberBack.timer=false
[G][06-08 11:07:10][ga] game.updateAgentBack.timer=false
[G][06-08 11:08:00][ga] game.updateMemberBack.timer=false
[G][06-08 11:08:10][ga] game.updateAgentBack.timer=false
[G][06-08 11:09:00][ga] game.updateMemberBack.timer=false
[G][06-08 11:09:10][ga] game.updateAgentBack.timer=false
[G][06-08 11:10:00][ga] game.updateMemberBack.timer=false
[G][06-08 11:10:10][ga] game.updateAgentBack.timer=false
[G][06-08 11:11:00][ga] game.updateMemberBack.timer=false
[G][06-08 11:11:10][ga] game.updateAgentBack.timer=false
[G][06-08 11:12:00][ga] game.updateMemberBack.timer=false
[G][06-08 11:12:10][ga] game.updateAgentBack.timer=false
[G][06-08 11:12:58][ga] DesUtils.decryptMap.ERROR=>Given final block not properly padded
[G][06-08 11:12:58][ga] DesUtils.decryptMap.strIn=>b6330c553875b9bf3eaed90cbc3af4167aba34f1456c2bc17ffe75f6c500abcdf7e4d4ad04f0a58f20f99cda5ffcebb04e239d4f4a6e20e5e102ea25310fef879b09fe3708c4fc0fc55ce46c086f51aeeab43f9c391e1446a4d42d1edf6a9de1608ca276e0f921a5
[G][06-08 11:13:00][ga] game.updateMemberBack.timer=false
[G][06-08 11:13:10][ga] game.updateAgentBack.timer=false
[G][06-08 11:14:00][ga] game.updateMemberBack.timer=false
[G][06-08 11:14:10][ga] game.updateAgentBack.timer=false
[G][06-08 11:15:00][ga] game.updateMemberBack.timer=false
[G][06-08 11:15:10][ga] game.updateAgentBack.timer=false
[G][06-08 11:16:00][ga] game.updateMemberBack.timer=false
[G][06-08 11:16:10][ga] game.updateAgentBack.timer=false
[G][06-08 11:17:00][ga] game.updateMemberBack.timer=false
[G][06-08 11:17:10][ga] game.updateAgentBack.timer=false
[G][06-08 11:18:00][ga] game.updateMemberBack.timer=false
[G][06-08 11:18:10][ga] game.updateAgentBack.timer=false
[G][06-08 11:19:00][ga] game.updateMemberBack.timer=false
[G][06-08 11:19:10][ga] game.updateAgentBack.timer=false
[G][06-08 11:20:00][ga] game.updateMemberBack.timer=false
[G][06-08 11:20:10][ga] game.updateAgentBack.timer=false
[G][06-08 11:21:00][ga] game.updateMemberBack.timer=false
[G][06-08 11:21:10][ga] game.updateAgentBack.timer=false
[G][06-08 11:21:50][ga] DesUtils.decryptMap.ERROR=>Given final block not properly padded
[G][06-08 11:21:50][ga] DesUtils.decryptMap.strIn=>b6330c553875b9bf3eaed90cbc3af4167aba34f1456c2bc17ffe75f6c500abcdf7e4d4ad04f0a58f20f99cda5ffcebb04e239d4f4a6e20e5e102ea25310fef879b09fe3708c4fc0fc55ce46c086f51ae953e05989f049f5800def613037327d4e5b617412949faf0
[G][06-08 11:22:00][ga] game.updateMemberBack.timer=false
[G][06-08 11:22:10][ga] game.updateAgentBack.timer=false
[G][06-08 11:23:00][ga] game.updateMemberBack.timer=false
[G][06-08 11:23:10][ga] game.updateAgentBack.timer=false
[G][06-08 11:24:00][ga] game.updateMemberBack.timer=false
[G][06-08 11:24:10][ga] game.updateAgentBack.timer=false
[G][06-08 11:25:00][ga] game.updateMemberBack.timer=false
[G][06-08 11:25:10][ga] game.updateAgentBack.timer=false
[G][06-08 11:26:00][ga] game.updateMemberBack.timer=false
[G][06-08 11:26:10][ga] game.updateAgentBack.timer=false
[G][06-08 11:27:00][ga] game.updateMemberBack.timer=false
[G][06-08 11:27:10][ga] game.updateAgentBack.timer=false
[G][06-08 11:28:00][ga] game.updateMemberBack.timer=false
[G][06-08 11:28:10][ga] game.updateAgentBack.timer=false
[G][06-08 11:29:00][ga] game.updateMemberBack.timer=false
[G][06-08 11:29:10][ga] game.updateAgentBack.timer=false
[G][06-08 11:30:00][ga] game.updateMemberBack.timer=false
[G][06-08 11:30:03][ga] [23306]RedPacket+1 ..... 100.00
[G][06-08 11:30:03][ga] [23306]TurnTable+1 ..... 500.00
[G][06-08 11:30:10][ga] game.updateAgentBack.timer=false
[G][06-08 11:31:00][ga] game.updateMemberBack.timer=false
[G][06-08 11:31:10][ga] game.updateAgentBack.timer=false
[G][06-08 11:32:00][ga] game.updateMemberBack.timer=false
[G][06-08 11:32:10][ga] game.updateAgentBack.timer=false
[G][06-08 11:33:00][ga] game.updateMemberBack.timer=false
[G][06-08 11:33:10][ga] game.updateAgentBack.timer=false
[G][06-08 11:34:00][ga] game.updateMemberBack.timer=false
[G][06-08 11:34:10][ga] game.updateAgentBack.timer=false
[G][06-08 11:35:00][ga] game.updateMemberBack.timer=false
[G][06-08 11:35:10][ga] game.updateAgentBack.timer=false
[G][06-08 11:36:00][ga] game.updateMemberBack.timer=false
[G][06-08 11:36:10][ga] game.updateAgentBack.timer=false
[G][06-08 11:37:00][ga] game.updateMemberBack.timer=false
[G][06-08 11:37:10][ga] game.updateAgentBack.timer=false
[G][06-08 11:38:00][ga] game.updateMemberBack.timer=false
[G][06-08 11:38:10][ga] game.updateAgentBack.timer=false
[G][06-08 11:39:00][ga] game.updateMemberBack.timer=false
[G][06-08 11:39:10][ga] game.updateAgentBack.timer=false
[G][06-08 11:40:00][ga] game.updateMemberBack.timer=false
[G][06-08 11:40:10][ga] game.updateAgentBack.timer=false
[G][06-08 11:41:00][ga] game.updateMemberBack.timer=false
[G][06-08 11:41:10][ga] game.updateAgentBack.timer=false
[G][06-08 11:42:00][ga] game.updateMemberBack.timer=false
[G][06-08 11:42:10][ga] game.updateAgentBack.timer=false
[G][06-08 11:43:00][ga] game.updateMemberBack.timer=false
[G][06-08 11:43:10][ga] game.updateAgentBack.timer=false
[G][06-08 11:44:00][ga] game.updateMemberBack.timer=false
[G][06-08 11:44:10][ga] game.updateAgentBack.timer=false
[G][06-08 11:45:00][ga] game.updateMemberBack.timer=false
[G][06-08 11:45:10][ga] game.updateAgentBack.timer=false
[G][06-08 11:46:00][ga] game.updateMemberBack.timer=false
[G][06-08 11:46:10][ga] game.updateAgentBack.timer=false
[G][06-08 11:47:00][ga] game.updateMemberBack.timer=false
[G][06-08 11:47:10][ga] game.updateAgentBack.timer=false
[G][06-08 11:48:00][ga] game.updateMemberBack.timer=false
[G][06-08 11:48:10][ga] game.updateAgentBack.timer=false
[G][06-08 11:49:00][ga] game.updateMemberBack.timer=false
[G][06-08 11:49:10][ga] game.updateAgentBack.timer=false
[G][06-08 11:50:00][ga] game.updateMemberBack.timer=false
[G][06-08 11:50:10][ga] game.updateAgentBack.timer=false
[G][06-08 11:51:00][ga] game.updateMemberBack.timer=false
[G][06-08 11:51:10][ga] game.updateAgentBack.timer=false
[G][06-08 11:52:00][ga] game.updateMemberBack.timer=false
[G][06-08 11:52:10][ga] game.updateAgentBack.timer=false
[G][06-08 11:53:00][ga] game.updateMemberBack.timer=false
[G][06-08 11:53:10][ga] game.updateAgentBack.timer=false
[G][06-08 11:54:00][ga] game.updateMemberBack.timer=false
[G][06-08 11:54:10][ga] game.updateAgentBack.timer=false
[G][06-08 11:55:00][ga] game.updateMemberBack.timer=false
[G][06-08 11:55:10][ga] game.updateAgentBack.timer=false
[G][06-08 11:56:00][ga] game.updateMemberBack.timer=false
[G][06-08 11:56:10][ga] game.updateAgentBack.timer=false
[G][06-08 11:57:00][ga] game.updateMemberBack.timer=false
[G][06-08 11:57:10][ga] game.updateAgentBack.timer=false
[G][06-08 11:58:00][ga] game.updateMemberBack.timer=false
[G][06-08 11:58:10][ga] game.updateAgentBack.timer=false
[G][06-08 11:59:00][ga] game.updateMemberBack.timer=false
[G][06-08 11:59:10][ga] game.updateAgentBack.timer=false
[G][06-08 12:00:00][ga] game.updateMemberBack.timer=false
[G][06-08 12:00:10][ga] game.updateAgentBack.timer=false
[G][06-08 12:01:00][ga] game.updateMemberBack.timer=false
[G][06-08 12:01:10][ga] game.updateAgentBack.timer=false
[G][06-08 12:02:00][ga] game.updateMemberBack.timer=false
[G][06-08 12:02:10][ga] game.updateAgentBack.timer=false
[G][06-08 12:03:00][ga] game.updateMemberBack.timer=false
[G][06-08 12:03:10][ga] game.updateAgentBack.timer=false
[G][06-08 12:04:00][ga] game.updateMemberBack.timer=false
[G][06-08 12:04:10][ga] game.updateAgentBack.timer=false
[G][06-08 12:05:00][ga] game.updateMemberBack.timer=false
[G][06-08 12:05:10][ga] game.updateAgentBack.timer=false
[G][06-08 12:06:00][ga] game.updateMemberBack.timer=false
[G][06-08 12:06:10][ga] game.updateAgentBack.timer=false
[G][06-08 12:07:00][ga] game.updateMemberBack.timer=false
[G][06-08 12:07:10][ga] game.updateAgentBack.timer=false
[G][06-08 12:08:00][ga] game.updateMemberBack.timer=false
[G][06-08 12:08:10][ga] game.updateAgentBack.timer=false
[G][06-08 12:09:00][ga] game.updateMemberBack.timer=false
[G][06-08 12:09:10][ga] game.updateAgentBack.timer=false
[G][06-08 12:10:00][ga] game.updateMemberBack.timer=false
[G][06-08 12:10:10][ga] game.updateAgentBack.timer=false
[G][06-08 12:11:00][ga] game.updateMemberBack.timer=false
[G][06-08 12:11:10][ga] game.updateAgentBack.timer=false
[G][06-08 12:12:00][ga] game.updateMemberBack.timer=false
[G][06-08 12:12:10][ga] game.updateAgentBack.timer=false
[G][06-08 12:13:00][ga] game.updateMemberBack.timer=false
[G][06-08 12:13:10][ga] game.updateAgentBack.timer=false
[G][06-08 12:14:00][ga] game.updateMemberBack.timer=false
[G][06-08 12:14:10][ga] game.updateAgentBack.timer=false
[G][06-08 12:15:00][ga] game.updateMemberBack.timer=false
[G][06-08 12:15:10][ga] game.updateAgentBack.timer=false
[G][06-08 12:16:00][ga] game.updateMemberBack.timer=false
[G][06-08 12:16:10][ga] game.updateAgentBack.timer=false
[G][06-08 12:17:00][ga] game.updateMemberBack.timer=false
[G][06-08 12:17:10][ga] game.updateAgentBack.timer=false
[G][06-08 12:18:00][ga] game.updateMemberBack.timer=false
[G][06-08 12:18:10][ga] game.updateAgentBack.timer=false
[G][06-08 12:19:00][ga] game.updateMemberBack.timer=false
[G][06-08 12:19:10][ga] game.updateAgentBack.timer=false
[G][06-08 12:20:00][ga] game.updateMemberBack.timer=false
[G][06-08 12:20:10][ga] game.updateAgentBack.timer=false
[G][06-08 12:21:00][ga] game.updateMemberBack.timer=false
[G][06-08 12:21:10][ga] game.updateAgentBack.timer=false
[G][06-08 12:22:00][ga] game.updateMemberBack.timer=false
[G][06-08 12:22:10][ga] game.updateAgentBack.timer=false
[G][06-08 12:23:00][ga] game.updateMemberBack.timer=false
[G][06-08 12:23:10][ga] game.updateAgentBack.timer=false
[G][06-08 12:24:00][ga] game.updateMemberBack.timer=false
[G][06-08 12:24:10][ga] game.updateAgentBack.timer=false
[G][06-08 12:25:00][ga] game.updateMemberBack.timer=false
[G][06-08 12:25:10][ga] game.updateAgentBack.timer=false
[G][06-08 12:26:00][ga] game.updateMemberBack.timer=false
[G][06-08 12:26:10][ga] game.updateAgentBack.timer=false
[G][06-08 12:27:00][ga] game.updateMemberBack.timer=false
[G][06-08 12:27:10][ga] game.updateAgentBack.timer=false
[G][06-08 12:28:00][ga] game.updateMemberBack.timer=false
[G][06-08 12:28:10][ga] game.updateAgentBack.timer=false
[G][06-08 12:29:00][ga] game.updateMemberBack.timer=false
[G][06-08 12:29:10][ga] game.updateAgentBack.timer=false
[G][06-08 12:30:00][ga] game.updateMemberBack.timer=false
[G][06-08 12:30:10][ga] game.updateAgentBack.timer=false
[G][06-08 12:31:00][ga] game.updateMemberBack.timer=false
[G][06-08 12:31:10][ga] game.updateAgentBack.timer=false
[G][06-08 12:32:00][ga] game.updateMemberBack.timer=false
[G][06-08 12:32:10][ga] game.updateAgentBack.timer=false
[G][06-08 12:33:00][ga] game.updateMemberBack.timer=false
[G][06-08 12:33:10][ga] game.updateAgentBack.timer=false
[G][06-08 12:34:00][ga] game.updateMemberBack.timer=false
[G][06-08 12:34:10][ga] game.updateAgentBack.timer=false
[G][06-08 12:35:00][ga] game.updateMemberBack.timer=false
[G][06-08 12:35:10][ga] game.updateAgentBack.timer=false
[G][06-08 12:36:00][ga] game.updateMemberBack.timer=false
[G][06-08 12:36:10][ga] game.updateAgentBack.timer=false
[G][06-08 12:37:00][ga] game.updateMemberBack.timer=false
[G][06-08 12:37:10][ga] game.updateAgentBack.timer=false
[G][06-08 12:38:00][ga] game.updateMemberBack.timer=false
[G][06-08 12:38:10][ga] game.updateAgentBack.timer=false
[G][06-08 12:39:00][ga] game.updateMemberBack.timer=false
[G][06-08 12:39:10][ga] game.updateAgentBack.timer=false
[G][06-08 12:40:00][ga] game.updateMemberBack.timer=false
[G][06-08 12:40:10][ga] game.updateAgentBack.timer=false
[G][06-08 12:41:00][ga] game.updateMemberBack.timer=false
[G][06-08 12:41:10][ga] game.updateAgentBack.timer=false
[G][06-08 12:42:00][ga] game.updateMemberBack.timer=false
[G][06-08 12:42:10][ga] game.updateAgentBack.timer=false
[G][06-08 12:43:00][ga] game.updateMemberBack.timer=false
[G][06-08 12:43:10][ga] game.updateAgentBack.timer=false
[G][06-08 12:44:00][ga] game.updateMemberBack.timer=false
[G][06-08 12:44:10][ga] game.updateAgentBack.timer=false
[G][06-08 12:45:00][ga] game.updateMemberBack.timer=false
[G][06-08 12:45:10][ga] game.updateAgentBack.timer=false
[G][06-08 12:46:00][ga] game.updateMemberBack.timer=false
[G][06-08 12:46:10][ga] game.updateAgentBack.timer=false
[G][06-08 12:47:00][ga] game.updateMemberBack.timer=false
[G][06-08 12:47:10][ga] game.updateAgentBack.timer=false
[G][06-08 12:48:00][ga] game.updateMemberBack.timer=false
[G][06-08 12:48:10][ga] game.updateAgentBack.timer=false
[G][06-08 12:49:00][ga] game.updateMemberBack.timer=false
[G][06-08 12:49:10][ga] game.updateAgentBack.timer=false
[G][06-08 12:50:00][ga] game.updateMemberBack.timer=false
[G][06-08 12:50:10][ga] game.updateAgentBack.timer=false
[G][06-08 12:51:00][ga] game.updateMemberBack.timer=false
[G][06-08 12:51:10][ga] game.updateAgentBack.timer=false
[G][06-08 12:52:00][ga] game.updateMemberBack.timer=false
[G][06-08 12:52:10][ga] game.updateAgentBack.timer=false
[G][06-08 12:53:00][ga] game.updateMemberBack.timer=false
[G][06-08 12:53:10][ga] game.updateAgentBack.timer=false
[G][06-08 12:54:00][ga] game.updateMemberBack.timer=false
[G][06-08 12:54:10][ga] game.updateAgentBack.timer=false
[G][06-08 12:55:00][ga] game.updateMemberBack.timer=false
[G][06-08 12:55:10][ga] game.updateAgentBack.timer=false
[G][06-08 12:56:00][ga] game.updateMemberBack.timer=false
[G][06-08 12:56:10][ga] game.updateAgentBack.timer=false
[G][06-08 12:57:00][ga] game.updateMemberBack.timer=false
[G][06-08 12:57:10][ga] game.updateAgentBack.timer=false
[G][06-08 12:58:00][ga] game.updateMemberBack.timer=false
[G][06-08 12:58:10][ga] game.updateAgentBack.timer=false
[G][06-08 12:59:00][ga] game.updateMemberBack.timer=false
[G][06-08 12:59:10][ga] game.updateAgentBack.timer=false
[G][06-08 13:00:00][ga] game.updateMemberBack.timer=false
[G][06-08 13:00:10][ga] game.updateAgentBack.timer=false
[G][06-08 13:01:00][ga] game.updateMemberBack.timer=false
[G][06-08 13:01:10][ga] game.updateAgentBack.timer=false
[G][06-08 13:02:00][ga] game.updateMemberBack.timer=false
[G][06-08 13:02:10][ga] game.updateAgentBack.timer=false
[G][06-08 13:03:00][ga] game.updateMemberBack.timer=false
[G][06-08 13:03:10][ga] game.updateAgentBack.timer=false
[G][06-08 13:04:00][ga] game.updateMemberBack.timer=false
[G][06-08 13:04:10][ga] game.updateAgentBack.timer=false
[G][06-08 13:05:00][ga] game.updateMemberBack.timer=false
[G][06-08 13:05:10][ga] game.updateAgentBack.timer=false
[G][06-08 13:06:00][ga] game.updateMemberBack.timer=false
[G][06-08 13:06:10][ga] game.updateAgentBack.timer=false
[G][06-08 13:07:00][ga] game.updateMemberBack.timer=false
[G][06-08 13:07:10][ga] game.updateAgentBack.timer=false
[G][06-08 13:08:00][ga] game.updateMemberBack.timer=false
[G][06-08 13:08:10][ga] game.updateAgentBack.timer=false
[G][06-08 13:09:00][ga] game.updateMemberBack.timer=false
[G][06-08 13:09:10][ga] game.updateAgentBack.timer=false
[G][06-08 13:10:00][ga] game.updateMemberBack.timer=false
[G][06-08 13:10:10][ga] game.updateAgentBack.timer=false
[G][06-08 13:11:00][ga] game.updateMemberBack.timer=false
[G][06-08 13:11:10][ga] game.updateAgentBack.timer=false
[G][06-08 13:12:00][ga] game.updateMemberBack.timer=false
[G][06-08 13:12:10][ga] game.updateAgentBack.timer=false
[G][06-08 13:13:00][ga] game.updateMemberBack.timer=false
[G][06-08 13:13:10][ga] game.updateAgentBack.timer=false
[G][06-08 13:14:00][ga] game.updateMemberBack.timer=false
[G][06-08 13:14:10][ga] game.updateAgentBack.timer=false
[G][06-08 13:15:00][ga] game.updateMemberBack.timer=false
[G][06-08 13:15:10][ga] game.updateAgentBack.timer=false
[G][06-08 13:16:00][ga] game.updateMemberBack.timer=false
[G][06-08 13:16:10][ga] game.updateAgentBack.timer=false
[G][06-08 13:17:00][ga] game.updateMemberBack.timer=false
[G][06-08 13:17:10][ga] game.updateAgentBack.timer=false
[G][06-08 13:18:00][ga] game.updateMemberBack.timer=false
[G][06-08 13:18:10][ga] game.updateAgentBack.timer=false
[G][06-08 13:19:00][ga] game.updateMemberBack.timer=false
[G][06-08 13:19:10][ga] game.updateAgentBack.timer=false
[G][06-08 13:20:00][ga] game.updateMemberBack.timer=false
[G][06-08 13:20:10][ga] game.updateAgentBack.timer=false
[G][06-08 13:21:00][ga] game.updateMemberBack.timer=false
[G][06-08 13:21:10][ga] game.updateAgentBack.timer=false
[G][06-08 13:22:00][ga] game.updateMemberBack.timer=false
[G][06-08 13:22:10][ga] game.updateAgentBack.timer=false
[G][06-08 13:23:00][ga] game.updateMemberBack.timer=false
[G][06-08 13:23:10][ga] game.updateAgentBack.timer=false
[G][06-08 13:24:00][ga] game.updateMemberBack.timer=false
[G][06-08 13:24:10][ga] game.updateAgentBack.timer=false
[G][06-08 13:25:00][ga] game.updateMemberBack.timer=false
[G][06-08 13:25:10][ga] game.updateAgentBack.timer=false
[G][06-08 13:26:00][ga] game.updateMemberBack.timer=false
[G][06-08 13:26:10][ga] game.updateAgentBack.timer=false
[G][06-08 13:27:00][ga] game.updateMemberBack.timer=false
[G][06-08 13:27:10][ga] game.updateAgentBack.timer=false
[G][06-08 13:28:00][ga] game.updateMemberBack.timer=false
[G][06-08 13:28:10][ga] game.updateAgentBack.timer=false
[G][06-08 13:29:00][ga] game.updateMemberBack.timer=false
[G][06-08 13:29:10][ga] game.updateAgentBack.timer=false
[G][06-08 13:30:00][ga] game.updateMemberBack.timer=false
[G][06-08 13:30:10][ga] game.updateAgentBack.timer=false
[G][06-08 13:31:00][ga] game.updateMemberBack.timer=false
[G][06-08 13:31:10][ga] game.updateAgentBack.timer=false
[G][06-08 13:32:00][ga] game.updateMemberBack.timer=false
[G][06-08 13:32:10][ga] game.updateAgentBack.timer=false
[G][06-08 13:33:00][ga] game.updateMemberBack.timer=false
[G][06-08 13:33:10][ga] game.updateAgentBack.timer=false
[G][06-08 13:34:00][ga] game.updateMemberBack.timer=false
[G][06-08 13:34:10][ga] game.updateAgentBack.timer=false
[G][06-08 13:35:00][ga] game.updateMemberBack.timer=false
[G][06-08 13:35:10][ga] game.updateAgentBack.timer=false
[G][06-08 13:36:00][ga] game.updateMemberBack.timer=false
[G][06-08 13:36:10][ga] game.updateAgentBack.timer=false
[G][06-08 13:37:00][ga] game.updateMemberBack.timer=false
[G][06-08 13:37:10][ga] game.updateAgentBack.timer=false
[G][06-08 13:38:00][ga] game.updateMemberBack.timer=false
[G][06-08 13:38:10][ga] game.updateAgentBack.timer=false
[G][06-08 13:39:00][ga] game.updateMemberBack.timer=false
[G][06-08 13:39:10][ga] game.updateAgentBack.timer=false
[G][06-08 13:40:00][ga] game.updateMemberBack.timer=false
[G][06-08 13:40:10][ga] game.updateAgentBack.timer=false
[G][06-08 13:41:00][ga] game.updateMemberBack.timer=false
[G][06-08 13:41:10][ga] game.updateAgentBack.timer=false
[G][06-08 13:42:00][ga] game.updateMemberBack.timer=false
[G][06-08 13:42:10][ga] game.updateAgentBack.timer=false
[G][06-08 13:43:00][ga] game.updateMemberBack.timer=false
[G][06-08 13:43:10][ga] game.updateAgentBack.timer=false
[G][06-08 13:44:00][ga] game.updateMemberBack.timer=false
[G][06-08 13:44:10][ga] game.updateAgentBack.timer=false
[G][06-08 13:45:00][ga] game.updateMemberBack.timer=false
[G][06-08 13:45:10][ga] game.updateAgentBack.timer=false
[G][06-08 13:46:00][ga] game.updateMemberBack.timer=false
[G][06-08 13:46:10][ga] game.updateAgentBack.timer=false
[G][06-08 13:47:00][ga] game.updateMemberBack.timer=false
[G][06-08 13:47:10][ga] game.updateAgentBack.timer=false
[G][06-08 13:48:00][ga] game.updateMemberBack.timer=false
[G][06-08 13:48:10][ga] game.updateAgentBack.timer=false
[G][06-08 13:49:00][ga] game.updateMemberBack.timer=false
[G][06-08 13:49:10][ga] game.updateAgentBack.timer=false
[G][06-08 13:50:00][ga] game.updateMemberBack.timer=false
[G][06-08 13:50:10][ga] game.updateAgentBack.timer=false
[G][06-08 13:51:00][ga] game.updateMemberBack.timer=false
[G][06-08 13:51:10][ga] game.updateAgentBack.timer=false
[G][06-08 13:52:00][ga] game.updateMemberBack.timer=false
[G][06-08 13:52:10][ga] game.updateAgentBack.timer=false
[G][06-08 13:53:00][ga] game.updateMemberBack.timer=false
[G][06-08 13:53:10][ga] game.updateAgentBack.timer=false
[G][06-08 13:54:00][ga] game.updateMemberBack.timer=false
[G][06-08 13:54:10][ga] game.updateAgentBack.timer=false
[G][06-08 13:55:00][ga] game.updateMemberBack.timer=false
[G][06-08 13:55:10][ga] game.updateAgentBack.timer=false
[G][06-08 13:56:00][ga] game.updateMemberBack.timer=false
[G][06-08 13:56:10][ga] game.updateAgentBack.timer=false
[G][06-08 13:57:00][ga] game.updateMemberBack.timer=false
[G][06-08 13:57:10][ga] game.updateAgentBack.timer=false
[G][06-08 13:58:00][ga] game.updateMemberBack.timer=false
[G][06-08 13:58:10][ga] game.updateAgentBack.timer=false
[G][06-08 13:59:00][ga] game.updateMemberBack.timer=false
[G][06-08 13:59:10][ga] game.updateAgentBack.timer=false
[G][06-08 14:00:00][ga] game.updateMemberBack.timer=false
[G][06-08 14:00:10][ga] game.updateAgentBack.timer=false
[G][06-08 14:01:00][ga] game.updateMemberBack.timer=false
[G][06-08 14:01:10][ga] game.updateAgentBack.timer=false
[G][06-08 14:02:00][ga] game.updateMemberBack.timer=false
[G][06-08 14:02:10][ga] game.updateAgentBack.timer=false
[G][06-08 14:03:00][ga] game.updateMemberBack.timer=false
[G][06-08 14:03:10][ga] game.updateAgentBack.timer=false
[G][06-08 14:04:00][ga] game.updateMemberBack.timer=false
[G][06-08 14:04:10][ga] game.updateAgentBack.timer=false
[G][06-08 14:05:00][ga] game.updateMemberBack.timer=false
[G][06-08 14:05:10][ga] game.updateAgentBack.timer=false
[G][06-08 14:06:00][ga] game.updateMemberBack.timer=false
[G][06-08 14:06:10][ga] game.updateAgentBack.timer=false
[G][06-08 14:07:00][ga] game.updateMemberBack.timer=false
[G][06-08 14:07:10][ga] game.updateAgentBack.timer=false
[G][06-08 14:08:00][ga] game.updateMemberBack.timer=false
[G][06-08 14:08:10][ga] game.updateAgentBack.timer=false
[G][06-08 14:09:00][ga] game.updateMemberBack.timer=false
[G][06-08 14:09:10][ga] game.updateAgentBack.timer=false
[G][06-08 14:10:00][ga] game.updateMemberBack.timer=false
[G][06-08 14:10:10][ga] game.updateAgentBack.timer=false
[G][06-08 14:11:00][ga] game.updateMemberBack.timer=false
[G][06-08 14:11:10][ga] game.updateAgentBack.timer=false
[G][06-08 14:12:00][ga] game.updateMemberBack.timer=false
[G][06-08 14:12:10][ga] game.updateAgentBack.timer=false
[G][06-08 14:13:00][ga] game.updateMemberBack.timer=false
[G][06-08 14:13:10][ga] game.updateAgentBack.timer=false
[G][06-08 14:14:00][ga] game.updateMemberBack.timer=false
[G][06-08 14:14:10][ga] game.updateAgentBack.timer=false
[G][06-08 14:15:00][ga] game.updateMemberBack.timer=false
[G][06-08 14:15:10][ga] game.updateAgentBack.timer=false
[G][06-08 14:16:00][ga] game.updateMemberBack.timer=false
[G][06-08 14:16:10][ga] game.updateAgentBack.timer=false
[G][06-08 14:17:00][ga] game.updateMemberBack.timer=false
[G][06-08 14:17:10][ga] game.updateAgentBack.timer=false
[G][06-08 14:18:00][ga] game.updateMemberBack.timer=false
[G][06-08 14:18:10][ga] game.updateAgentBack.timer=false
[G][06-08 14:19:00][ga] game.updateMemberBack.timer=false
[G][06-08 14:19:10][ga] game.updateAgentBack.timer=false
[G][06-08 14:20:00][ga] game.updateMemberBack.timer=false
[G][06-08 14:20:10][ga] game.updateAgentBack.timer=false
[G][06-08 14:21:00][ga] game.updateMemberBack.timer=false
[G][06-08 14:21:10][ga] game.updateAgentBack.timer=false
[G][06-08 14:22:00][ga] game.updateMemberBack.timer=false
[G][06-08 14:22:10][ga] game.updateAgentBack.timer=false
[G][06-08 14:23:00][ga] game.updateMemberBack.timer=false
[G][06-08 14:23:10][ga] game.updateAgentBack.timer=false
[G][06-08 14:24:00][ga] game.updateMemberBack.timer=false
[G][06-08 14:24:10][ga] game.updateAgentBack.timer=false
[G][06-08 14:25:00][ga] game.updateMemberBack.timer=false
[G][06-08 14:25:10][ga] game.updateAgentBack.timer=false
[G][06-08 14:26:00][ga] game.updateMemberBack.timer=false
[G][06-08 14:26:10][ga] game.updateAgentBack.timer=false
[G][06-08 14:27:00][ga] game.updateMemberBack.timer=false
[G][06-08 14:27:10][ga] game.updateAgentBack.timer=false
[G][06-08 14:28:00][ga] game.updateMemberBack.timer=false
[G][06-08 14:28:10][ga] game.updateAgentBack.timer=false
[G][06-08 14:29:00][ga] game.updateMemberBack.timer=false
[G][06-08 14:29:10][ga] game.updateAgentBack.timer=false
[G][06-08 14:30:00][ga] game.updateMemberBack.timer=false
[G][06-08 14:30:10][ga] game.updateAgentBack.timer=false
[G][06-08 14:31:00][ga] game.updateMemberBack.timer=false
[G][06-08 14:31:10][ga] game.updateAgentBack.timer=false
[G][06-08 14:32:00][ga] game.updateMemberBack.timer=false
[G][06-08 14:32:10][ga] game.updateAgentBack.timer=false
[G][06-08 14:33:00][ga] game.updateMemberBack.timer=false
[G][06-08 14:33:10][ga] game.updateAgentBack.timer=false
[G][06-08 14:34:00][ga] game.updateMemberBack.timer=false
[G][06-08 14:34:10][ga] game.updateAgentBack.timer=false
[G][06-08 14:35:00][ga] game.updateMemberBack.timer=false
[G][06-08 14:35:10][ga] game.updateAgentBack.timer=false
[G][06-08 14:36:00][ga] game.updateMemberBack.timer=false
[G][06-08 14:36:10][ga] game.updateAgentBack.timer=false
[G][06-08 14:37:00][ga] game.updateMemberBack.timer=false
[G][06-08 14:37:10][ga] game.updateAgentBack.timer=false
[G][06-08 14:38:00][ga] game.updateMemberBack.timer=false
[G][06-08 14:38:10][ga] game.updateAgentBack.timer=false
[G][06-08 14:39:00][ga] game.updateMemberBack.timer=false
[G][06-08 14:39:10][ga] game.updateAgentBack.timer=false
[G][06-08 14:40:00][ga] game.updateMemberBack.timer=false
[G][06-08 14:40:10][ga] game.updateAgentBack.timer=false
[G][06-08 14:41:00][ga] game.updateMemberBack.timer=false
[G][06-08 14:41:10][ga] game.updateAgentBack.timer=false
[G][06-08 14:42:00][ga] game.updateMemberBack.timer=false
[G][06-08 14:42:10][ga] game.updateAgentBack.timer=false
[G][06-08 14:43:00][ga] game.updateMemberBack.timer=false
[G][06-08 14:43:10][ga] game.updateAgentBack.timer=false
[G][06-08 14:44:00][ga] game.updateMemberBack.timer=false
[G][06-08 14:44:10][ga] game.updateAgentBack.timer=false
[G][06-08 14:45:00][ga] game.updateMemberBack.timer=false
[G][06-08 14:45:10][ga] game.updateAgentBack.timer=false
[G][06-08 14:46:00][ga] game.updateMemberBack.timer=false
[G][06-08 14:46:10][ga] game.updateAgentBack.timer=false
[G][06-08 14:47:00][ga] game.updateMemberBack.timer=false
[G][06-08 14:47:10][ga] game.updateAgentBack.timer=false
[G][06-08 14:48:00][ga] game.updateMemberBack.timer=false
[G][06-08 14:48:10][ga] game.updateAgentBack.timer=false
[G][06-08 14:49:00][ga] game.updateMemberBack.timer=false
[G][06-08 14:49:10][ga] game.updateAgentBack.timer=false
[G][06-08 14:50:00][ga] game.updateMemberBack.timer=false
[G][06-08 14:50:10][ga] game.updateAgentBack.timer=false
[G][06-08 14:51:00][ga] game.updateMemberBack.timer=false
[G][06-08 14:51:10][ga] game.updateAgentBack.timer=false
[G][06-08 14:52:00][ga] game.updateMemberBack.timer=false
[G][06-08 14:52:10][ga] game.updateAgentBack.timer=false
[G][06-08 14:53:00][ga] game.updateMemberBack.timer=false
[G][06-08 14:53:10][ga] game.updateAgentBack.timer=false
[G][06-08 14:54:00][ga] game.updateMemberBack.timer=false
[G][06-08 14:54:10][ga] game.updateAgentBack.timer=false
[G][06-08 14:55:00][ga] game.updateMemberBack.timer=false
[G][06-08 14:55:10][ga] game.updateAgentBack.timer=false
[G][06-08 14:56:00][ga] game.updateMemberBack.timer=false
[G][06-08 14:56:10][ga] game.updateAgentBack.timer=false
[G][06-08 14:57:00][ga] game.updateMemberBack.timer=false
[G][06-08 14:57:10][ga] game.updateAgentBack.timer=false
[G][06-08 14:58:00][ga] game.updateMemberBack.timer=false
[G][06-08 14:58:10][ga] game.updateAgentBack.timer=false
[G][06-08 14:59:00][ga] game.updateMemberBack.timer=false
[G][06-08 14:59:10][ga] game.updateAgentBack.timer=false
[G][06-08 15:00:00][ga] game.updateMemberBack.timer=false
[G][06-08 15:00:10][ga] game.updateAgentBack.timer=false
[G][06-08 15:01:00][ga] game.updateMemberBack.timer=false
[G][06-08 15:01:10][ga] game.updateAgentBack.timer=false
[G][06-08 15:02:00][ga] game.updateMemberBack.timer=false
[G][06-08 15:02:10][ga] game.updateAgentBack.timer=false
[G][06-08 15:03:00][ga] game.updateMemberBack.timer=false
[G][06-08 15:03:10][ga] game.updateAgentBack.timer=false
[G][06-08 15:04:00][ga] game.updateMemberBack.timer=false
[G][06-08 15:04:10][ga] game.updateAgentBack.timer=false
[G][06-08 15:05:00][ga] game.updateMemberBack.timer=false
[G][06-08 15:05:10][ga] game.updateAgentBack.timer=false
[G][06-08 15:06:00][ga] game.updateMemberBack.timer=false
[G][06-08 15:06:10][ga] game.updateAgentBack.timer=false
[G][06-08 15:07:00][ga] game.updateMemberBack.timer=false
[G][06-08 15:07:10][ga] game.updateAgentBack.timer=false
[G][06-08 15:08:00][ga] game.updateMemberBack.timer=false
[G][06-08 15:08:10][ga] game.updateAgentBack.timer=false
[G][06-08 15:09:00][ga] game.updateMemberBack.timer=false
[G][06-08 15:09:10][ga] game.updateAgentBack.timer=false
[G][06-08 15:10:00][ga] game.updateMemberBack.timer=false
[G][06-08 15:10:10][ga] game.updateAgentBack.timer=false
[G][06-08 15:11:00][ga] game.updateMemberBack.timer=false
[G][06-08 15:11:10][ga] game.updateAgentBack.timer=false
[G][06-08 15:12:00][ga] game.updateMemberBack.timer=false
[G][06-08 15:12:10][ga] game.updateAgentBack.timer=false
[G][06-08 15:13:00][ga] game.updateMemberBack.timer=false
[G][06-08 15:13:10][ga] game.updateAgentBack.timer=false
[G][06-08 15:14:00][ga] game.updateMemberBack.timer=false
[G][06-08 15:14:10][ga] game.updateAgentBack.timer=false
[G][06-08 15:15:00][ga] game.updateMemberBack.timer=false
[G][06-08 15:15:10][ga] game.updateAgentBack.timer=false
[G][06-08 15:16:00][ga] game.updateMemberBack.timer=false
[G][06-08 15:16:10][ga] game.updateAgentBack.timer=false
[G][06-08 15:17:00][ga] game.updateMemberBack.timer=false
[G][06-08 15:17:10][ga] game.updateAgentBack.timer=false
[G][06-08 15:18:00][ga] game.updateMemberBack.timer=false
[G][06-08 15:18:10][ga] game.updateAgentBack.timer=false
[G][06-08 15:19:00][ga] game.updateMemberBack.timer=false
[G][06-08 15:19:10][ga] game.updateAgentBack.timer=false
[G][06-08 15:20:00][ga] game.updateMemberBack.timer=false
[G][06-08 15:20:10][ga] game.updateAgentBack.timer=false
[G][06-08 15:21:00][ga] game.updateMemberBack.timer=false
[G][06-08 15:21:10][ga] game.updateAgentBack.timer=false
[G][06-08 15:22:00][ga] game.updateMemberBack.timer=false
[G][06-08 15:22:10][ga] game.updateAgentBack.timer=false
[G][06-08 15:23:00][ga] game.updateMemberBack.timer=false
[G][06-08 15:23:10][ga] game.updateAgentBack.timer=false
[G][06-08 15:24:00][ga] game.updateMemberBack.timer=false
[G][06-08 15:24:10][ga] game.updateAgentBack.timer=false
[G][06-08 15:25:00][ga] game.updateMemberBack.timer=false
[G][06-08 15:25:10][ga] game.updateAgentBack.timer=false
[G][06-08 15:26:00][ga] game.updateMemberBack.timer=false
[G][06-08 15:26:10][ga] game.updateAgentBack.timer=false
[G][06-08 15:27:00][ga] game.updateMemberBack.timer=false
[G][06-08 15:27:10][ga] game.updateAgentBack.timer=false
[G][06-08 15:28:00][ga] game.updateMemberBack.timer=false
[G][06-08 15:28:10][ga] game.updateAgentBack.timer=false
[G][06-08 15:29:00][ga] game.updateMemberBack.timer=false
[G][06-08 15:29:10][ga] game.updateAgentBack.timer=false
[G][06-08 15:30:00][ga] game.updateMemberBack.timer=false
[G][06-08 15:30:10][ga] game.updateAgentBack.timer=false
[G][06-08 15:31:00][ga] game.updateMemberBack.timer=false
[G][06-08 15:31:10][ga] game.updateAgentBack.timer=false
[G][06-08 15:32:00][ga] game.updateMemberBack.timer=false
[G][06-08 15:32:10][ga] game.updateAgentBack.timer=false
[G][06-08 15:33:00][ga] game.updateMemberBack.timer=false
[G][06-08 15:33:10][ga] game.updateAgentBack.timer=false
[G][06-08 15:34:00][ga] game.updateMemberBack.timer=false
[G][06-08 15:34:10][ga] game.updateAgentBack.timer=false
[G][06-08 15:35:00][ga] game.updateMemberBack.timer=false
[G][06-08 15:35:10][ga] game.updateAgentBack.timer=false
[G][06-08 15:36:00][ga] game.updateMemberBack.timer=false
[G][06-08 15:36:10][ga] game.updateAgentBack.timer=false
[G][06-08 15:37:00][ga] game.updateMemberBack.timer=false
[G][06-08 15:37:10][ga] game.updateAgentBack.timer=false
[G][06-08 15:38:00][ga] game.updateMemberBack.timer=false
[G][06-08 15:38:10][ga] game.updateAgentBack.timer=false
[G][06-08 15:39:00][ga] game.updateMemberBack.timer=false
[G][06-08 15:39:10][ga] game.updateAgentBack.timer=false
[G][06-08 15:40:00][ga] game.updateMemberBack.timer=false
[G][06-08 15:40:10][ga] game.updateAgentBack.timer=false
[G][06-08 15:41:00][ga] game.updateMemberBack.timer=false
[G][06-08 15:41:10][ga] game.updateAgentBack.timer=false
[G][06-08 15:42:00][ga] game.updateMemberBack.timer=false
[G][06-08 15:42:10][ga] game.updateAgentBack.timer=false
[G][06-08 15:43:00][ga] game.updateMemberBack.timer=false
[G][06-08 15:43:10][ga] game.updateAgentBack.timer=false
[G][06-08 15:44:00][ga] game.updateMemberBack.timer=false
[G][06-08 15:44:10][ga] game.updateAgentBack.timer=false
[G][06-08 15:45:00][ga] game.updateMemberBack.timer=false
[G][06-08 15:45:10][ga] game.updateAgentBack.timer=false
[G][06-08 15:46:10][ga] game.updateAgentBack.timer=false
[G][06-08 15:47:00][ga] game.updateMemberBack.timer=false
[G][06-08 15:47:10][ga] game.updateAgentBack.timer=false
[G][06-08 15:48:00][ga] game.updateMemberBack.timer=false
[G][06-08 15:48:10][ga] game.updateAgentBack.timer=false
[G][06-08 15:49:00][ga] game.updateMemberBack.timer=false
[G][06-08 15:49:10][ga] game.updateAgentBack.timer=false
[G][06-08 15:50:00][ga] game.updateMemberBack.timer=false
[G][06-08 15:50:10][ga] game.updateAgentBack.timer=false
[G][06-08 15:51:00][ga] game.updateMemberBack.timer=false
[G][06-08 15:51:10][ga] game.updateAgentBack.timer=false
[G][06-08 15:52:00][ga] game.updateMemberBack.timer=false
[G][06-08 15:52:10][ga] game.updateAgentBack.timer=false
[G][06-08 15:53:00][ga] game.updateMemberBack.timer=false
[G][06-08 15:53:10][ga] game.updateAgentBack.timer=false
[G][06-08 15:54:00][ga] game.updateMemberBack.timer=false
[G][06-08 15:54:10][ga] game.updateAgentBack.timer=false
[G][06-08 15:55:00][ga] game.updateMemberBack.timer=false
[G][06-08 15:55:10][ga] game.updateAgentBack.timer=false
[G][06-08 15:56:00][ga] game.updateMemberBack.timer=false
[G][06-08 15:56:10][ga] game.updateAgentBack.timer=false
[G][06-08 15:57:00][ga] game.updateMemberBack.timer=false
[G][06-08 15:57:10][ga] game.updateAgentBack.timer=false
[G][06-08 15:58:00][ga] game.updateMemberBack.timer=false
[G][06-08 15:58:10][ga] game.updateAgentBack.timer=false
[G][06-08 15:59:00][ga] game.updateMemberBack.timer=false
[G][06-08 15:59:10][ga] game.updateAgentBack.timer=false
[G][06-08 16:00:00][ga] game.updateMemberBack.timer=false
[G][06-08 16:00:10][ga] game.updateAgentBack.timer=false
[G][06-08 16:01:00][ga] game.updateMemberBack.timer=false
[G][06-08 16:01:10][ga] game.updateAgentBack.timer=false
[G][06-08 16:02:00][ga] game.updateMemberBack.timer=false
[G][06-08 16:02:10][ga] game.updateAgentBack.timer=false
[G][06-08 16:03:00][ga] game.updateMemberBack.timer=false
[G][06-08 16:03:10][ga] game.updateAgentBack.timer=false
[G][06-08 16:04:00][ga] game.updateMemberBack.timer=false
[G][06-08 16:04:10][ga] game.updateAgentBack.timer=false
[G][06-08 16:05:00][ga] game.updateMemberBack.timer=false
[G][06-08 16:05:10][ga] game.updateAgentBack.timer=false
[G][06-08 16:06:00][ga] game.updateMemberBack.timer=false
[G][06-08 16:06:10][ga] game.updateAgentBack.timer=false
[G][06-08 16:07:00][ga] game.updateMemberBack.timer=false
[G][06-08 16:07:10][ga] game.updateAgentBack.timer=false
[G][06-08 16:08:00][ga] game.updateMemberBack.timer=false
[G][06-08 16:08:10][ga] game.updateAgentBack.timer=false
[G][06-08 16:09:00][ga] game.updateMemberBack.timer=false
[G][06-08 16:09:10][ga] game.updateAgentBack.timer=false
[G][06-08 16:10:00][ga] game.updateMemberBack.timer=false
[G][06-08 16:10:10][ga] game.updateAgentBack.timer=false
[G][06-08 16:11:00][ga] game.updateMemberBack.timer=false
[G][06-08 16:11:10][ga] game.updateAgentBack.timer=false
[G][06-08 16:12:00][ga] game.updateMemberBack.timer=false
[G][06-08 16:12:10][ga] game.updateAgentBack.timer=false
[G][06-08 16:13:00][ga] game.updateMemberBack.timer=false
[G][06-08 16:13:10][ga] game.updateAgentBack.timer=false
[G][06-08 16:14:00][ga] game.updateMemberBack.timer=false
[G][06-08 16:14:10][ga] game.updateAgentBack.timer=false
[G][06-08 16:15:00][ga] game.updateMemberBack.timer=false
[G][06-08 16:15:10][ga] game.updateAgentBack.timer=false
[G][06-08 16:16:00][ga] game.updateMemberBack.timer=false
[G][06-08 16:16:10][ga] game.updateAgentBack.timer=false
[G][06-08 16:17:00][ga] game.updateMemberBack.timer=false
[G][06-08 16:17:10][ga] game.updateAgentBack.timer=false
[G][06-08 16:18:00][ga] game.updateMemberBack.timer=false
[G][06-08 16:18:10][ga] game.updateAgentBack.timer=false
[G][06-08 16:19:00][ga] game.updateMemberBack.timer=false
[G][06-08 16:19:10][ga] game.updateAgentBack.timer=false
[G][06-08 16:20:00][ga] game.updateMemberBack.timer=false
[G][06-08 16:20:10][ga] game.updateAgentBack.timer=false
[G][06-08 16:21:00][ga] game.updateMemberBack.timer=false
[G][06-08 16:21:10][ga] game.updateAgentBack.timer=false
[G][06-08 16:22:00][ga] game.updateMemberBack.timer=false
[G][06-08 16:22:10][ga] game.updateAgentBack.timer=false
[G][06-08 16:23:00][ga] game.updateMemberBack.timer=false
[G][06-08 16:23:10][ga] game.updateAgentBack.timer=false
[G][06-08 16:24:00][ga] game.updateMemberBack.timer=false
[G][06-08 16:24:10][ga] game.updateAgentBack.timer=false
[G][06-08 16:25:00][ga] game.updateMemberBack.timer=false
[G][06-08 16:25:10][ga] game.updateAgentBack.timer=false
[G][06-08 16:26:00][ga] game.updateMemberBack.timer=false
[G][06-08 16:26:10][ga] game.updateAgentBack.timer=false
[G][06-08 16:27:00][ga] game.updateMemberBack.timer=false
[G][06-08 16:27:10][ga] game.updateAgentBack.timer=false
[G][06-08 16:28:00][ga] game.updateMemberBack.timer=false
[G][06-08 16:28:10][ga] game.updateAgentBack.timer=false
[G][06-08 16:29:00][ga] game.updateMemberBack.timer=false
[G][06-08 16:29:10][ga] game.updateAgentBack.timer=false
[G][06-08 16:30:00][ga] game.updateMemberBack.timer=false
[G][06-08 16:30:10][ga] game.updateAgentBack.timer=false
[G][06-08 16:31:00][ga] game.updateMemberBack.timer=false
[G][06-08 16:31:10][ga] game.updateAgentBack.timer=false
[G][06-08 16:32:00][ga] game.updateMemberBack.timer=false
[G][06-08 16:32:10][ga] game.updateAgentBack.timer=false
[G][06-08 16:33:00][ga] game.updateMemberBack.timer=false
[G][06-08 16:33:10][ga] game.updateAgentBack.timer=false
[G][06-08 16:34:00][ga] game.updateMemberBack.timer=false
[G][06-08 16:34:10][ga] game.updateAgentBack.timer=false
[G][06-08 16:35:00][ga] game.updateMemberBack.timer=false
[G][06-08 16:35:10][ga] game.updateAgentBack.timer=false
[G][06-08 16:36:00][ga] game.updateMemberBack.timer=false
[G][06-08 16:36:10][ga] game.updateAgentBack.timer=false
[G][06-08 16:37:00][ga] game.updateMemberBack.timer=false
[G][06-08 16:37:10][ga] game.updateAgentBack.timer=false
[G][06-08 16:38:00][ga] game.updateMemberBack.timer=false
[G][06-08 16:38:10][ga] game.updateAgentBack.timer=false
[G][06-08 16:39:00][ga] game.updateMemberBack.timer=false
[G][06-08 16:39:10][ga] game.updateAgentBack.timer=false
[G][06-08 16:40:00][ga] game.updateMemberBack.timer=false
[G][06-08 16:40:10][ga] game.updateAgentBack.timer=false
[G][06-08 16:41:00][ga] game.updateMemberBack.timer=false
[G][06-08 16:41:10][ga] game.updateAgentBack.timer=false
[G][06-08 16:42:00][ga] game.updateMemberBack.timer=false
[G][06-08 16:42:10][ga] game.updateAgentBack.timer=false
[G][06-08 16:43:00][ga] game.updateMemberBack.timer=false
[G][06-08 16:43:10][ga] game.updateAgentBack.timer=false
[G][06-08 16:44:00][ga] game.updateMemberBack.timer=false
[G][06-08 16:44:10][ga] game.updateAgentBack.timer=false
[G][06-08 16:45:00][ga] game.updateMemberBack.timer=false
[G][06-08 16:45:10][ga] game.updateAgentBack.timer=false
[G][06-08 16:46:00][ga] game.updateMemberBack.timer=false
[G][06-08 16:46:10][ga] game.updateAgentBack.timer=false
[G][06-08 16:47:00][ga] game.updateMemberBack.timer=false
[G][06-08 16:47:10][ga] game.updateAgentBack.timer=false
[G][06-08 16:48:00][ga] game.updateMemberBack.timer=false
[G][06-08 16:48:10][ga] game.updateAgentBack.timer=false
[G][06-08 16:49:00][ga] game.updateMemberBack.timer=false
[G][06-08 16:49:10][ga] game.updateAgentBack.timer=false
[G][06-08 16:50:00][ga] game.updateMemberBack.timer=false
[G][06-08 16:50:10][ga] game.updateAgentBack.timer=false
[G][06-08 16:51:00][ga] game.updateMemberBack.timer=false
[G][06-08 16:51:10][ga] game.updateAgentBack.timer=false
[G][06-08 16:52:00][ga] game.updateMemberBack.timer=false
[G][06-08 16:52:10][ga] game.updateAgentBack.timer=false
[G][06-08 16:54:00][ga] game.updateMemberBack.timer=false
[G][06-08 16:54:10][ga] game.updateAgentBack.timer=false
[G][06-08 16:55:00][ga] game.updateMemberBack.timer=false
[G][06-08 16:55:10][ga] game.updateAgentBack.timer=false
[G][06-08 16:56:00][ga] game.updateMemberBack.timer=false
[G][06-08 16:56:10][ga] game.updateAgentBack.timer=false
[G][06-08 16:57:00][ga] game.updateMemberBack.timer=false
[G][06-08 16:57:10][ga] game.updateAgentBack.timer=false
[G][06-08 16:58:00][ga] game.updateMemberBack.timer=false
[G][06-08 16:58:10][ga] game.updateAgentBack.timer=false
[G][06-08 16:59:00][ga] game.updateMemberBack.timer=false
[G][06-08 16:59:10][ga] game.updateAgentBack.timer=false
[G][06-08 17:00:00][ga] game.updateMemberBack.timer=false
[G][06-08 17:00:10][ga] game.updateAgentBack.timer=false
[G][06-08 17:01:00][ga] game.updateMemberBack.timer=false
[G][06-08 17:01:10][ga] game.updateAgentBack.timer=false
[G][06-08 17:02:00][ga] game.updateMemberBack.timer=false
[G][06-08 17:02:10][ga] game.updateAgentBack.timer=false
[G][06-08 17:03:00][ga] game.updateMemberBack.timer=false
[G][06-08 17:03:10][ga] game.updateAgentBack.timer=false
[G][06-08 17:04:00][ga] game.updateMemberBack.timer=false
[G][06-08 17:04:10][ga] game.updateAgentBack.timer=false
[G][06-08 17:05:00][ga] game.updateMemberBack.timer=false
[G][06-08 17:05:10][ga] game.updateAgentBack.timer=false
[G][06-08 17:06:00][ga] game.updateMemberBack.timer=false
[G][06-08 17:06:10][ga] game.updateAgentBack.timer=false
[G][06-08 17:07:00][ga] game.updateMemberBack.timer=false
[G][06-08 17:07:10][ga] game.updateAgentBack.timer=false
[G][06-08 17:08:00][ga] game.updateMemberBack.timer=false
[G][06-08 17:08:10][ga] game.updateAgentBack.timer=false
[G][06-08 17:09:00][ga] game.updateMemberBack.timer=false
[G][06-08 17:09:10][ga] game.updateAgentBack.timer=false
[G][06-08 17:10:00][ga] game.updateMemberBack.timer=false
[G][06-08 17:10:10][ga] game.updateAgentBack.timer=false
[G][06-08 17:11:00][ga] game.updateMemberBack.timer=false
[G][06-08 17:11:10][ga] game.updateAgentBack.timer=false
[G][06-08 17:12:00][ga] game.updateMemberBack.timer=false
[G][06-08 17:12:10][ga] game.updateAgentBack.timer=false
[G][06-08 17:13:00][ga] game.updateMemberBack.timer=false
[G][06-08 17:13:10][ga] game.updateAgentBack.timer=false
[G][06-08 17:14:00][ga] game.updateMemberBack.timer=false
[G][06-08 17:14:10][ga] game.updateAgentBack.timer=false
[G][06-08 17:15:00][ga] game.updateMemberBack.timer=false
[G][06-08 17:15:10][ga] game.updateAgentBack.timer=false
[G][06-08 17:16:00][ga] game.updateMemberBack.timer=false
[G][06-08 17:16:10][ga] game.updateAgentBack.timer=false
[G][06-08 17:17:00][ga] game.updateMemberBack.timer=false
[G][06-08 17:17:10][ga] game.updateAgentBack.timer=false
[G][06-08 17:18:00][ga] game.updateMemberBack.timer=false
[G][06-08 17:18:10][ga] game.updateAgentBack.timer=false
[G][06-08 17:19:00][ga] game.updateMemberBack.timer=false
[G][06-08 17:19:10][ga] game.updateAgentBack.timer=false
[G][06-08 17:20:00][ga] game.updateMemberBack.timer=false
[G][06-08 17:20:10][ga] game.updateAgentBack.timer=false
[G][06-08 17:21:00][ga] game.updateMemberBack.timer=false
[G][06-08 17:21:10][ga] game.updateAgentBack.timer=false
[G][06-08 17:22:00][ga] game.updateMemberBack.timer=false
[G][06-08 17:22:10][ga] game.updateAgentBack.timer=false
[G][06-08 17:23:00][ga] game.updateMemberBack.timer=false
[G][06-08 17:23:10][ga] game.updateAgentBack.timer=false
[G][06-08 17:24:00][ga] game.updateMemberBack.timer=false
[G][06-08 17:24:10][ga] game.updateAgentBack.timer=false
[G][06-08 17:25:00][ga] game.updateMemberBack.timer=false
[G][06-08 17:25:10][ga] game.updateAgentBack.timer=false
[G][06-08 17:26:00][ga] game.updateMemberBack.timer=false
[G][06-08 17:26:10][ga] game.updateAgentBack.timer=false
[G][06-08 17:27:00][ga] game.updateMemberBack.timer=false
[G][06-08 17:27:10][ga] game.updateAgentBack.timer=false
[G][06-08 17:28:00][ga] game.updateMemberBack.timer=false
[G][06-08 17:28:10][ga] game.updateAgentBack.timer=false
[G][06-08 17:29:00][ga] game.updateMemberBack.timer=false
[G][06-08 17:29:10][ga] game.updateAgentBack.timer=false
[G][06-08 17:30:00][ga] game.updateMemberBack.timer=false
[G][06-08 17:30:10][ga] game.updateAgentBack.timer=false
[G][06-08 17:31:00][ga] game.updateMemberBack.timer=false
[G][06-08 17:31:10][ga] game.updateAgentBack.timer=false
[G][06-08 17:32:00][ga] game.updateMemberBack.timer=false
[G][06-08 17:32:10][ga] game.updateAgentBack.timer=false
[G][06-08 17:33:00][ga] game.updateMemberBack.timer=false
[G][06-08 17:33:10][ga] game.updateAgentBack.timer=false
[G][06-08 17:34:00][ga] game.updateMemberBack.timer=false
[G][06-08 17:34:10][ga] game.updateAgentBack.timer=false
[G][06-08 17:35:00][ga] game.updateMemberBack.timer=false
[G][06-08 17:35:10][ga] game.updateAgentBack.timer=false
[G][06-08 17:36:00][ga] game.updateMemberBack.timer=false
[G][06-08 17:36:10][ga] game.updateAgentBack.timer=false
[G][06-08 17:37:00][ga] game.updateMemberBack.timer=false
[G][06-08 17:37:10][ga] game.updateAgentBack.timer=false
[G][06-08 17:38:00][ga] game.updateMemberBack.timer=false
[G][06-08 17:38:10][ga] game.updateAgentBack.timer=false
[G][06-08 17:39:00][ga] game.updateMemberBack.timer=false
[G][06-08 17:39:10][ga] game.updateAgentBack.timer=false
[G][06-08 17:40:00][ga] game.updateMemberBack.timer=false
[G][06-08 17:40:10][ga] game.updateAgentBack.timer=false
[G][06-08 17:41:00][ga] game.updateMemberBack.timer=false
[G][06-08 17:41:10][ga] game.updateAgentBack.timer=false
[G][06-08 17:42:00][ga] game.updateMemberBack.timer=false
[G][06-08 17:42:10][ga] game.updateAgentBack.timer=false
[G][06-08 17:43:00][ga] game.updateMemberBack.timer=false
[G][06-08 17:43:10][ga] game.updateAgentBack.timer=false
[G][06-08 17:44:00][ga] game.updateMemberBack.timer=false
[G][06-08 17:44:10][ga] game.updateAgentBack.timer=false
[G][06-08 17:45:00][ga] game.updateMemberBack.timer=false
[G][06-08 17:45:10][ga] game.updateAgentBack.timer=false
[G][06-08 17:46:00][ga] game.updateMemberBack.timer=false
[G][06-08 17:46:10][ga] game.updateAgentBack.timer=false
[G][06-08 17:47:00][ga] game.updateMemberBack.timer=false
[G][06-08 17:47:10][ga] game.updateAgentBack.timer=false
[G][06-08 17:48:00][ga] game.updateMemberBack.timer=false
[G][06-08 17:48:10][ga] game.updateAgentBack.timer=false
[G][06-08 17:49:00][ga] game.updateMemberBack.timer=false
[G][06-08 17:49:10][ga] game.updateAgentBack.timer=false
[G][06-08 17:50:00][ga] game.updateMemberBack.timer=false
[G][06-08 17:50:10][ga] game.updateAgentBack.timer=false
[G][06-08 17:51:00][ga] game.updateMemberBack.timer=false
[G][06-08 17:51:10][ga] game.updateAgentBack.timer=false
[G][06-08 17:52:00][ga] game.updateMemberBack.timer=false
[G][06-08 17:52:10][ga] game.updateAgentBack.timer=false
[G][06-08 17:53:00][ga] game.updateMemberBack.timer=false
[G][06-08 17:53:10][ga] game.updateAgentBack.timer=false
[G][06-08 17:54:00][ga] game.updateMemberBack.timer=false
[G][06-08 17:54:10][ga] game.updateAgentBack.timer=false
[G][06-08 17:55:00][ga] game.updateMemberBack.timer=false
[G][06-08 17:55:10][ga] game.updateAgentBack.timer=false
[G][06-08 17:56:00][ga] game.updateMemberBack.timer=false
[G][06-08 17:56:10][ga] game.updateAgentBack.timer=false
[G][06-08 17:57:00][ga] game.updateMemberBack.timer=false
[G][06-08 17:57:10][ga] game.updateAgentBack.timer=false
[G][06-08 17:58:00][ga] game.updateMemberBack.timer=false
[G][06-08 17:58:10][ga] game.updateAgentBack.timer=false
[G][06-08 17:59:00][ga] game.updateMemberBack.timer=false
[G][06-08 17:59:10][ga] game.updateAgentBack.timer=false
[G][06-08 18:00:00][ga] game.updateMemberBack.timer=false
[G][06-08 18:00:10][ga] game.updateAgentBack.timer=false
[G][06-08 18:01:00][ga] game.updateMemberBack.timer=false
[G][06-08 18:01:10][ga] game.updateAgentBack.timer=false
[G][06-08 18:02:00][ga] game.updateMemberBack.timer=false
[G][06-08 18:02:10][ga] game.updateAgentBack.timer=false
[G][06-08 18:03:00][ga] game.updateMemberBack.timer=false
[G][06-08 18:03:10][ga] game.updateAgentBack.timer=false
[G][06-08 18:04:00][ga] game.updateMemberBack.timer=false
[G][06-08 18:04:10][ga] game.updateAgentBack.timer=false
[G][06-08 18:05:00][ga] game.updateMemberBack.timer=false
[G][06-08 18:05:10][ga] game.updateAgentBack.timer=false
[G][06-08 18:06:00][ga] game.updateMemberBack.timer=false
[G][06-08 18:06:10][ga] game.updateAgentBack.timer=false
[G][06-08 18:07:00][ga] game.updateMemberBack.timer=false
[G][06-08 18:07:10][ga] game.updateAgentBack.timer=false
[G][06-08 18:08:00][ga] game.updateMemberBack.timer=false
[G][06-08 18:08:10][ga] game.updateAgentBack.timer=false
[G][06-08 18:09:00][ga] game.updateMemberBack.timer=false
[G][06-08 18:09:10][ga] game.updateAgentBack.timer=false
[G][06-08 18:10:00][ga] game.updateMemberBack.timer=false
[G][06-08 18:10:10][ga] game.updateAgentBack.timer=false
[G][06-08 18:11:00][ga] game.updateMemberBack.timer=false
[G][06-08 18:11:10][ga] game.updateAgentBack.timer=false
[G][06-08 18:12:00][ga] game.updateMemberBack.timer=false
[G][06-08 18:12:10][ga] game.updateAgentBack.timer=false
[G][06-08 18:13:00][ga] game.updateMemberBack.timer=false
[G][06-08 18:13:10][ga] game.updateAgentBack.timer=false
[G][06-08 18:14:00][ga] game.updateMemberBack.timer=false
[G][06-08 18:14:10][ga] game.updateAgentBack.timer=false
[G][06-08 18:15:00][ga] game.updateMemberBack.timer=false
[G][06-08 18:15:10][ga] game.updateAgentBack.timer=false
[G][06-08 18:16:00][ga] game.updateMemberBack.timer=false
[G][06-08 18:16:10][ga] game.updateAgentBack.timer=false
[G][06-08 18:17:00][ga] game.updateMemberBack.timer=false
[G][06-08 18:17:10][ga] game.updateAgentBack.timer=false
[G][06-08 18:18:00][ga] game.updateMemberBack.timer=false
[G][06-08 18:18:10][ga] game.updateAgentBack.timer=false
[G][06-08 18:19:00][ga] game.updateMemberBack.timer=false
[G][06-08 18:19:10][ga] game.updateAgentBack.timer=false
[G][06-08 18:20:00][ga] game.updateMemberBack.timer=false
[G][06-08 18:20:10][ga] game.updateAgentBack.timer=false
[G][06-08 18:21:00][ga] game.updateMemberBack.timer=false
[G][06-08 18:21:10][ga] game.updateAgentBack.timer=false
[G][06-08 18:22:00][ga] game.updateMemberBack.timer=false
[G][06-08 18:22:10][ga] game.updateAgentBack.timer=false
[G][06-08 18:23:00][ga] game.updateMemberBack.timer=false
[G][06-08 18:23:10][ga] game.updateAgentBack.timer=false
[G][06-08 18:24:00][ga] game.updateMemberBack.timer=false
[G][06-08 18:24:10][ga] game.updateAgentBack.timer=false
[G][06-08 18:25:00][ga] game.updateMemberBack.timer=false
[G][06-08 18:25:10][ga] game.updateAgentBack.timer=false
[G][06-08 18:26:00][ga] game.updateMemberBack.timer=false
[G][06-08 18:26:10][ga] game.updateAgentBack.timer=false
[G][06-08 18:27:00][ga] game.updateMemberBack.timer=false
[G][06-08 18:27:10][ga] game.updateAgentBack.timer=false
[G][06-08 18:28:00][ga] game.updateMemberBack.timer=false
[G][06-08 18:28:10][ga] game.updateAgentBack.timer=false
[G][06-08 18:29:00][ga] game.updateMemberBack.timer=false
[G][06-08 18:29:10][ga] game.updateAgentBack.timer=false
[G][06-08 18:30:00][ga] game.updateMemberBack.timer=false
[G][06-08 18:30:10][ga] game.updateAgentBack.timer=false
[G][06-08 18:31:00][ga] game.updateMemberBack.timer=false
[G][06-08 18:31:10][ga] game.updateAgentBack.timer=false
[G][06-08 18:32:00][ga] game.updateMemberBack.timer=false
[G][06-08 18:32:10][ga] game.updateAgentBack.timer=false
[G][06-08 18:33:00][ga] game.updateMemberBack.timer=false
[G][06-08 18:33:10][ga] game.updateAgentBack.timer=false
[G][06-08 18:34:00][ga] game.updateMemberBack.timer=false
[G][06-08 18:34:10][ga] game.updateAgentBack.timer=false
[G][06-08 18:35:00][ga] game.updateMemberBack.timer=false
[G][06-08 18:35:10][ga] game.updateAgentBack.timer=false
[G][06-08 18:36:00][ga] game.updateMemberBack.timer=false
[G][06-08 18:36:10][ga] game.updateAgentBack.timer=false
[G][06-08 18:37:00][ga] game.updateMemberBack.timer=false
[G][06-08 18:37:10][ga] game.updateAgentBack.timer=false
[G][06-08 18:38:00][ga] game.updateMemberBack.timer=false
[G][06-08 18:38:10][ga] game.updateAgentBack.timer=false
[G][06-08 18:39:00][ga] game.updateMemberBack.timer=false
[G][06-08 18:39:10][ga] game.updateAgentBack.timer=false
[G][06-08 18:40:00][ga] game.updateMemberBack.timer=false
[G][06-08 18:40:10][ga] game.updateAgentBack.timer=false
[G][06-08 18:41:00][ga] game.updateMemberBack.timer=false
[G][06-08 18:41:10][ga] game.updateAgentBack.timer=false
[G][06-08 18:42:00][ga] game.updateMemberBack.timer=false
[G][06-08 18:42:10][ga] game.updateAgentBack.timer=false
[G][06-08 18:43:00][ga] game.updateMemberBack.timer=false
[G][06-08 18:44:00][ga] game.updateMemberBack.timer=false
[G][06-08 18:44:10][ga] game.updateAgentBack.timer=false
[G][06-08 18:45:00][ga] game.updateMemberBack.timer=false
[G][06-08 18:45:10][ga] game.updateAgentBack.timer=false
[G][06-08 18:46:00][ga] game.updateMemberBack.timer=false
[G][06-08 18:46:10][ga] game.updateAgentBack.timer=false
[G][06-08 18:47:00][ga] game.updateMemberBack.timer=false
[G][06-08 18:47:10][ga] game.updateAgentBack.timer=false
[G][06-08 18:48:00][ga] game.updateMemberBack.timer=false
[G][06-08 18:48:10][ga] game.updateAgentBack.timer=false
[G][06-08 18:49:00][ga] game.updateMemberBack.timer=false
[G][06-08 18:49:10][ga] game.updateAgentBack.timer=false
[G][06-08 18:50:00][ga] game.updateMemberBack.timer=false
[G][06-08 18:50:10][ga] game.updateAgentBack.timer=false
[G][06-08 18:51:00][ga] game.updateMemberBack.timer=false
[G][06-08 18:51:10][ga] game.updateAgentBack.timer=false
[G][06-08 18:52:00][ga] game.updateMemberBack.timer=false
[G][06-08 18:52:10][ga] game.updateAgentBack.timer=false
[G][06-08 18:53:00][ga] game.updateMemberBack.timer=false
[G][06-08 18:53:10][ga] game.updateAgentBack.timer=false
[G][06-08 18:54:00][ga] game.updateMemberBack.timer=false
[G][06-08 18:54:10][ga] game.updateAgentBack.timer=false
[G][06-08 18:55:00][ga] game.updateMemberBack.timer=false
[G][06-08 18:55:10][ga] game.updateAgentBack.timer=false
[G][06-08 18:56:00][ga] game.updateMemberBack.timer=false
[G][06-08 18:56:10][ga] game.updateAgentBack.timer=false
[G][06-08 18:57:00][ga] game.updateMemberBack.timer=false
[G][06-08 18:57:10][ga] game.updateAgentBack.timer=false
[G][06-08 18:58:00][ga] game.updateMemberBack.timer=false
[G][06-08 18:58:10][ga] game.updateAgentBack.timer=false
[G][06-08 18:59:00][ga] game.updateMemberBack.timer=false
[G][06-08 18:59:10][ga] game.updateAgentBack.timer=false
[G][06-08 19:00:00][ga] game.updateMemberBack.timer=false
[G][06-08 19:01:00][ga] game.updateMemberBack.timer=false
[G][06-08 19:01:10][ga] game.updateAgentBack.timer=false
[G][06-08 19:02:00][ga] game.updateMemberBack.timer=false
[G][06-08 19:02:10][ga] game.updateAgentBack.timer=false
[G][06-08 19:03:00][ga] game.updateMemberBack.timer=false
[G][06-08 19:03:10][ga] game.updateAgentBack.timer=false
[G][06-08 19:04:00][ga] game.updateMemberBack.timer=false
[G][06-08 19:04:10][ga] game.updateAgentBack.timer=false
[G][06-08 19:05:00][ga] game.updateMemberBack.timer=false
[G][06-08 19:05:10][ga] game.updateAgentBack.timer=false
[G][06-08 19:06:00][ga] game.updateMemberBack.timer=false
[G][06-08 19:06:10][ga] game.updateAgentBack.timer=false
[G][06-08 19:07:00][ga] game.updateMemberBack.timer=false
[G][06-08 19:07:10][ga] game.updateAgentBack.timer=false
[G][06-08 19:08:00][ga] game.updateMemberBack.timer=false
[G][06-08 19:08:10][ga] game.updateAgentBack.timer=false
[G][06-08 19:09:00][ga] game.updateMemberBack.timer=false
[G][06-08 19:09:10][ga] game.updateAgentBack.timer=false
[G][06-08 19:10:00][ga] game.updateMemberBack.timer=false
[G][06-08 19:10:10][ga] game.updateAgentBack.timer=false
[G][06-08 19:11:00][ga] game.updateMemberBack.timer=false
[G][06-08 19:11:10][ga] game.updateAgentBack.timer=false
[G][06-08 19:12:00][ga] game.updateMemberBack.timer=false
[G][06-08 19:12:10][ga] game.updateAgentBack.timer=false
[G][06-08 19:13:00][ga] game.updateMemberBack.timer=false
[G][06-08 19:13:10][ga] game.updateAgentBack.timer=false
[G][06-08 19:14:00][ga] game.updateMemberBack.timer=false
[G][06-08 19:14:10][ga] game.updateAgentBack.timer=false
[G][06-08 19:15:00][ga] game.updateMemberBack.timer=false
[G][06-08 19:15:10][ga] game.updateAgentBack.timer=false
[G][06-08 19:16:00][ga] game.updateMemberBack.timer=false
[G][06-08 19:16:10][ga] game.updateAgentBack.timer=false
[G][06-08 19:17:00][ga] game.updateMemberBack.timer=false
[G][06-08 19:17:10][ga] game.updateAgentBack.timer=false
[G][06-08 19:18:00][ga] game.updateMemberBack.timer=false
[G][06-08 19:18:10][ga] game.updateAgentBack.timer=false
[G][06-08 19:19:00][ga] game.updateMemberBack.timer=false
[G][06-08 19:19:10][ga] game.updateAgentBack.timer=false
[G][06-08 19:20:00][ga] game.updateMemberBack.timer=false
[G][06-08 19:20:10][ga] game.updateAgentBack.timer=false
[G][06-08 19:21:00][ga] game.updateMemberBack.timer=false
[G][06-08 19:21:10][ga] game.updateAgentBack.timer=false
[G][06-08 19:22:00][ga] game.updateMemberBack.timer=false
[G][06-08 19:22:10][ga] game.updateAgentBack.timer=false
[G][06-08 19:23:00][ga] game.updateMemberBack.timer=false
[G][06-08 19:23:10][ga] game.updateAgentBack.timer=false
[G][06-08 19:24:00][ga] game.updateMemberBack.timer=false
[G][06-08 19:24:10][ga] game.updateAgentBack.timer=false
